22:14:21.654 [main                     ] DEBUG Logger               - Configured Logger
22:14:21.659 [main                     ] DEBUG GameApplication      - Logging settings
Title: Untitled
Version: 0.0
Width: 1920
Height: 1080
Fullscreen: true
Intro: false
Profiling: false
Single step:false
App Mode: DEVELOPER
Menu Key: ESCAPE
Stage Style: DECORATED
Scene Factory: class com.almasb.fxgl.app.scene.SceneFactory

22:14:22.103 [JavaFX Application Thread] DEBUG FXGLApplication      - Initializing FXGL
22:14:22.108 [JavaFX Application Thread] INFO  Engine               - FXGL-25 (05.02.2026 22.57) on WINDOWS (J:25.0.1 FX:25.0.1)
22:14:22.108 [JavaFX Application Thread] DEBUG Engine               - JRE Vendor Name: Oracle Corporation
22:14:22.108 [JavaFX Application Thread] DEBUG Engine               - Running on OS: Windows 11 version 10.0
22:14:22.108 [JavaFX Application Thread] DEBUG Engine               - Architecture: amd64
22:14:22.108 [JavaFX Application Thread] INFO  Engine               - Source code and latest versions at: https://github.com/AlmasB/FXGL
22:14:22.108 [JavaFX Application Thread] INFO  Engine               -       Ask questions and discuss at: https://github.com/AlmasB/FXGL/discussions
22:14:22.205 [JavaFX Application Thread] DEBUG PrimaryStageWindow   - Creating a JavaFX scene
22:14:22.205 [JavaFX Application Thread] DEBUG PrimaryStageWindow   - Target size > screen size
22:14:22.246 [JavaFX Application Thread] DEBUG PrimaryStageWindow   - Target settings size: 1920.0 x 1080.0
22:14:22.246 [JavaFX Application Thread] DEBUG PrimaryStageWindow   - Scaled scene size:    1511.0 x 864.0
22:14:22.246 [JavaFX Application Thread] DEBUG PrimaryStageWindow   - Scaled ratio: (0.7869791666666667, 0.8)
22:14:22.247 [JavaFX Application Thread] DEBUG PrimaryStageWindow   - Set initial scene to FXGLStartupScene
22:14:22.253 [JavaFX Application Thread] DEBUG PrimaryStageWindow   - Opening main window
22:14:22.535 [JavaFX Application Thread] DEBUG PrimaryStageWindow   - Window border size: (14.5999755859375, 37.5999755859375)
22:14:22.535 [JavaFX Application Thread] DEBUG PrimaryStageWindow   - Scaled size: 1511.0 x 864.0
22:14:22.535 [JavaFX Application Thread] DEBUG PrimaryStageWindow   - Scaled ratio: (0.7869791666666667, 0.8)
22:14:22.535 [JavaFX Application Thread] DEBUG PrimaryStageWindow   - Scene size: 1511.0 x 864.0
22:14:22.535 [JavaFX Application Thread] DEBUG PrimaryStageWindow   - Stage size: 1525.5999755859375 x 901.5999755859375
22:14:22.582 [JavaFX Application Thread] DEBUG PrimaryStageWindow   - Going fullscreen
22:14:22.589 [FXGL Background Thread 1 ] DEBUG Engine               - Initializing environment variables
22:14:22.632 [FXGL Background Thread 1 ] DEBUG FXGLAssetLoaderServi - User app class for loading assets: class Project1Game.Main
22:14:22.632 [FXGL Background Thread 1 ] DEBUG GameApplicationServi - Applying CSS: fxgl_dark.css
22:14:22.633 [FXGL Background Thread 1 ] DEBUG FXGLAssetLoaderServi - Loading from file system: jar:file:/C:/Users/Admin/.m2/repository/com/github/almasb/fxgl/25/fxgl-25.jar!/fxglassets/ui/css/fxgl_dark.css
22:14:22.682 [FXGL Background Thread 1 ] DEBUG GameApplicationServi - Initializing application scenes
22:14:22.727 [FXGL Background Thread 1 ] DEBUG GameWorld            - Game world initialized
22:14:22.773 [FXGL Background Thread 1 ] DEBUG PhysicsWorld         - Physics world initialized: appHeight=1080, physics.ppm=50.0
22:14:22.773 [FXGL Background Thread 1 ] DEBUG PhysicsWorld         - Using strategy: BRUTE_FORCE
22:14:22.778 [FXGL Background Thread 1 ] DEBUG GameScene            - Game scene initialized: 1920x1080
22:14:22.790 [FXGL Background Thread 1 ] DEBUG FXGL.DefaultMenu     - createMenuBodyGameMenu()
22:14:22.808 [FXGL Background Thread 1 ] DEBUG FXGL.DefaultMenu     - createOptionsMenu()
22:14:22.818 [FXGL Background Thread 1 ] DEBUG FXGLAssetLoaderServi - Loading from file system: jar:file:/C:/Users/Admin/.m2/repository/com/github/almasb/fxgl/25/fxgl-25.jar!/fxglassets/textures/particles/smoke.png
22:14:22.890 [FXGL Background Thread 1 ] DEBUG FXGLAssetLoaderServi - Loading from file system: jar:file:/C:/Users/Admin/.m2/repository/com/github/almasb/fxgl/25/fxgl-25.jar!/fxglassets/textures/particles/trace_horizontal.png
22:14:22.922 [FXGL Background Thread 1 ] DEBUG GameApplicationServi - Application scenes initialized
22:14:22.932 [FXGL Background Thread 1 ] DEBUG SystemBundleService  - Loading FXGL system data
22:14:22.933 [FXGL Background Thread 1 ] DEBUG FileSystemAccess     - Reading from: D:\GameDevelop\Project1\system\fxgl.bundle
22:14:22.936 [FXGL Background Thread 1 ] DEBUG SystemBundleService  - Bundle FXGL: {}
22:14:22.936 [FXGL Background Thread 1 ] DEBUG UpdaterService       - Checking for updates
22:14:22.970 [FXGL Background Thread 4 ] DEBUG FXGLApplication      - Loading fonts
22:14:22.971 [FXGL Background Thread 4 ] DEBUG FXGLAssetLoaderServi - Loading from file system: jar:file:/C:/Users/Admin/.m2/repository/com/github/almasb/fxgl/25/fxgl-25.jar!/fxglassets/ui/fonts/VarelaRound-Regular.ttf
22:14:22.971 [FXGL Background Thread 1 ] DEBUG FXGLApplication      - Loading default localization
22:14:22.972 [FXGL Background Thread 1 ] DEBUG FXGLAssetLoaderServi - Loading from file system: jar:file:/C:/Users/Admin/.m2/repository/com/github/almasb/fxgl/25/fxgl-25.jar!/fxglassets/languages/english.lang
22:14:22.977 [FXGL Background Thread 4 ] DEBUG FXGLAssetLoaderServi - Loading from file system: jar:file:/C:/Users/Admin/.m2/repository/com/github/almasb/fxgl/25/fxgl-25.jar!/fxglassets/ui/fonts/Abel-Regular.ttf
22:14:22.979 [FXGL Background Thread 4 ] DEBUG FXGLAssetLoaderServi - Loading from file system: jar:file:/C:/Users/Admin/.m2/repository/com/github/almasb/fxgl/25/fxgl-25.jar!/fxglassets/ui/fonts/TerminalLandMono-Regular.otf
22:14:22.982 [FXGL Background Thread 4 ] DEBUG FXGLAssetLoaderServi - Loading from file system: jar:file:/C:/Users/Admin/.m2/repository/com/github/almasb/fxgl/25/fxgl-25.jar!/fxglassets/ui/fonts/Courier-Prime.ttf
22:14:22.982 [FXGL Background Thread 1 ] INFO  FXGLApplication      - FXGL initialization took: 0.394 sec
22:14:22.990 [JavaFX Application Thread] DEBUG Input                - Registered new binding: Move Right - D
22:14:22.990 [JavaFX Application Thread] DEBUG Input                - Registered new binding: Move Left - A
22:14:22.990 [JavaFX Application Thread] DEBUG Input                - Registered new binding: Move Up - W
22:14:22.990 [JavaFX Application Thread] DEBUG Input                - Registered new binding: Move Down - S
22:14:22.991 [JavaFX Application Thread] DEBUG Input                - Registered new binding: action0 - F
22:14:22.992 [JavaFX Application Thread] DEBUG Input                - Registered new binding: action1 - E
22:14:22.992 [JavaFX Application Thread] DEBUG FXGLAssetLoaderServi - Loading from file system: jar:file:/C:/Users/Admin/.m2/repository/com/github/almasb/fxgl/25/fxgl-25.jar!/fxglassets/textures/fxgl_icon.png
22:14:23.011 [JavaFX Application Thread] DEBUG FXGLAssetLoaderServi - Loading from file system: jar:file:/C:/Users/Admin/.m2/repository/com/github/almasb/fxgl/25/fxgl-25.jar!/fxglassets/textures/fxgl_default_cursor.png
22:14:23.012 [JavaFX Application Thread] DEBUG Input                - Registered new binding: Screenshot - CTRL+8
22:14:23.012 [JavaFX Application Thread] DEBUG Input                - Registered new binding: Dev Options - 1
22:14:23.014 [JavaFX Application Thread] DEBUG Input                - Registered new binding: Dev Console - 2
22:14:23.014 [JavaFX Application Thread] DEBUG Input                - Registered new binding: System info dump - CTRL+9
22:14:23.014 [JavaFX Application Thread] DEBUG Input                - Registered new binding: Restart - CTRL+R
22:14:23.015 [JavaFX Application Thread] DEBUG Input                - Registered new binding: Toggle Debug Camera - CTRL+7
22:14:23.018 [JavaFX Application Thread] DEBUG LoopRunner           - Starting loop
22:14:23.028 [JavaFX Application Thread] DEBUG LoopRunner           - Initializing JavaFX AnimationTimerLoop
22:14:23.030 [JavaFX Application Thread] DEBUG GameApplicationServi - Starting new game
22:14:23.030 [JavaFX Application Thread] DEBUG Input                - Clearing active input actions
22:14:23.040 [JavaFX Application Thread] DEBUG GameApplicationServi - Removing overlay from FXGLStartupScene and adding to FXGLLoadingScene
22:14:23.043 [JavaFX Application Thread] DEBUG PrimaryStageWindow   - FXGLStartupScene -> FXGLLoadingScene
22:14:23.043 [JavaFX Application Thread] DEBUG GameApplicationServi - Clearing previous game
22:14:23.043 [JavaFX Application Thread] DEBUG GameScene            - Clearing game scene
22:14:23.043 [JavaFX Application Thread] DEBUG GameWorld            - Clearing game world
22:14:23.043 [JavaFX Application Thread] DEBUG PhysicsWorld         - Clearing physics world
22:14:23.045 [JavaFX Application Thread] DEBUG FXGLApplication      - Registering font factories with UI factory
22:14:23.045 [FXGL Background Thread 4 ] DEBUG FXGLApplication      - Initializing game
22:14:23.055 [FXGL Background Thread 4 ] WARN  FXGLAssetLoaderServi - Asset "/assets/textures/java.awt.Rectangle[x=0,y=0,width=0,height=0]" was not found!
22:14:23.055 [FXGL Background Thread 4 ] WARN  FXGLAssetLoaderServi - Failed to load IMAGE
22:14:23.312 [FXGL Background Thread 4 ] WARN  TMXLevelLoader       - TiledMap generated from 1.12.0. Supported version: 1.9.0. Some features may not be parsed fully.
22:14:23.331 [FXGL Background Thread 4 ] DEBUG TMXLevelLoader       - Parsed TiledMap: file:/D:/GameDevelop/Project1/target/classes/assets/levels/level2.tmx
22:14:23.332 [FXGL Background Thread 4 ] DEBUG TMXLevelLoader       - Creating tile layer entities
22:14:23.334 [FXGL Background Thread 4 ] DEBUG TilesetLoader        - Loading view for layer Ground
22:14:23.335 [FXGL Background Thread 4 ] DEBUG TilesetLoader        - Created buffer with size 1920.0x1088.0
22:14:23.358 [FXGL Background Thread 4 ] DEBUG TilesetLoader        - Loading view for layer Ground_deco
22:14:23.359 [FXGL Background Thread 4 ] DEBUG TilesetLoader        - Created buffer with size 1920.0x1088.0
22:14:23.362 [FXGL Background Thread 4 ] DEBUG TilesetLoader        - Loading view for layer Dirt_deco
22:14:23.362 [FXGL Background Thread 4 ] DEBUG TilesetLoader        - Created buffer with size 1920.0x1088.0
22:14:23.365 [FXGL Background Thread 4 ] DEBUG TilesetLoader        - Loading view for layer Water
22:14:23.366 [FXGL Background Thread 4 ] DEBUG TilesetLoader        - Created buffer with size 1920.0x1088.0
22:14:23.369 [FXGL Background Thread 4 ] DEBUG TilesetLoader        - Loading view for layer FloatDeco
22:14:23.370 [FXGL Background Thread 4 ] DEBUG TilesetLoader        - Created buffer with size 1920.0x1088.0
22:14:23.371 [FXGL Background Thread 4 ] DEBUG TMXLevelLoader       - Creating object layer entities
22:14:23.372 [FXGL Background Thread 4 ] DEBUG FXGLAssetLoaderServi - Loading from file system: file:/D:/GameDevelop/Project1/target/classes/assets/textures/Player.png
22:14:23.380 [FXGL Background Thread 4 ] DEBUG GameWorld            - Clearing removable entities
22:14:23.381 [FXGL Background Thread 4 ] DEBUG GameWorld            - Setting level: com.almasb.fxgl.entity.level.Level@560b12b3
22:14:23.385 [FXGL Background Thread 4 ] INFO  FXGLApplication      - Game initialization took: 0.341 sec
22:14:23.386 [JavaFX Application Thread] DEBUG Input                - Clearing active input actions
22:14:23.393 [JavaFX Application Thread] DEBUG GameApplicationServi - Removing overlay from FXGLLoadingScene and adding to GameScene
22:14:23.397 [JavaFX Application Thread] DEBUG PrimaryStageWindow   - FXGLLoadingScene -> GameScene
22:14:25.970 [FXGL Background Thread 3 ] DEBUG Engine               - Logging environment variables
22:14:25.970 [FXGL Background Thread 3 ] DEBUG Engine               - achievements: []
22:14:25.970 [FXGL Background Thread 3 ] DEBUG Engine               - actualHeight: 864.0
22:14:25.970 [FXGL Background Thread 3 ] DEBUG Engine               - actualHeightProperty: ReadOnlyDoubleProperty [value: 864.0]
22:14:25.970 [FXGL Background Thread 3 ] DEBUG Engine               - actualWidth: 1536.0
22:14:25.970 [FXGL Background Thread 3 ] DEBUG Engine               - actualWidthProperty: ReadOnlyDoubleProperty [value: 1536.0]
22:14:25.970 [FXGL Background Thread 3 ] DEBUG Engine               - appIcon: fxgl_icon.png
22:14:25.970 [FXGL Background Thread 3 ] DEBUG Engine               - applicationMode: DEVELOPER
22:14:25.970 [FXGL Background Thread 3 ] DEBUG Engine               - cSSList: [fxgl_dark.css]
22:14:25.970 [FXGL Background Thread 3 ] DEBUG Engine               - collisionDetectionStrategy: BRUTE_FORCE
22:14:25.971 [FXGL Background Thread 3 ] DEBUG Engine               - configClass: Optional.empty
22:14:25.971 [FXGL Background Thread 3 ] DEBUG Engine               - credits: []
22:14:25.971 [FXGL Background Thread 3 ] DEBUG Engine               - defaultCursor: CursorInfo(imageName=fxgl_default_cursor.png, hotspotX=7.0, hotspotY=6.0)
22:14:25.971 [FXGL Background Thread 3 ] DEBUG Engine               - devBBoxColorProperty: ObjectProperty [value: 0xff0000ff]
22:14:25.971 [FXGL Background Thread 3 ] DEBUG Engine               - devEnableDebugCameraProperty: BooleanProperty [value: false]
22:14:25.971 [FXGL Background Thread 3 ] DEBUG Engine               - devSensorColorProperty: ObjectProperty [value: 0xffff00ff]
22:14:25.971 [FXGL Background Thread 3 ] DEBUG Engine               - devShowBBoxProperty: BooleanProperty [value: false]
22:14:25.971 [FXGL Background Thread 3 ] DEBUG Engine               - devShowPositionProperty: BooleanProperty [value: false]
22:14:25.971 [FXGL Background Thread 3 ] DEBUG Engine               - enabledMenuItems: []
22:14:25.972 [FXGL Background Thread 3 ] DEBUG Engine               - engineServices: [class com.almasb.fxgl.app.services.FXGLAssetLoaderService, class com.almasb.fxgl.app.FXGLApplication$GameApplicationService, class com.almasb.fxgl.app.services.FXGLDialogService, class com.almasb.fxgl.app.services.IOTaskExecutorService, class com.almasb.fxgl.io.FileSystemService, class com.almasb.fxgl.localization.LocalizationService, class com.almasb.fxgl.app.services.SystemBundleService, class com.almasb.fxgl.profile.SaveLoadService, class com.almasb.fxgl.ui.FXGLUIFactoryServiceProvider, class com.almasb.fxgl.ui.FXGLDialogFactoryServiceProvider, class com.almasb.fxgl.audio.AudioPlayer, class com.almasb.fxgl.notification.impl.NotificationServiceProvider, class com.almasb.fxgl.achievement.AchievementService, class com.almasb.fxgl.cutscene.CutsceneService, class com.almasb.fxgl.minigames.MiniGameService, class com.almasb.fxgl.net.NetService, class com.almasb.fxgl.app.services.UpdaterService, class com.almasb.fxgl.dev.DevService]
22:14:25.972 [FXGL Background Thread 3 ] DEBUG Engine               - fontGame: Abel-Regular.ttf
22:14:25.972 [FXGL Background Thread 3 ] DEBUG Engine               - fontMono: TerminalLandMono-Regular.otf
22:14:25.972 [FXGL Background Thread 3 ] DEBUG Engine               - fontSizeScaleUI: 1.0
22:14:25.972 [FXGL Background Thread 3 ] DEBUG Engine               - fontText: Courier-Prime.ttf
22:14:25.972 [FXGL Background Thread 3 ] DEBUG Engine               - fontUI: VarelaRound-Regular.ttf
22:14:25.972 [FXGL Background Thread 3 ] DEBUG Engine               - fpsRefreshRate: 500.0 ms
22:14:25.972 [FXGL Background Thread 3 ] DEBUG Engine               - fullScreen: BooleanProperty [value: true]
22:14:25.972 [FXGL Background Thread 3 ] DEBUG Engine               - gameDifficulty: MEDIUM
22:14:25.972 [FXGL Background Thread 3 ] DEBUG Engine               - gameDifficultyProperty: ObjectProperty [value: MEDIUM]
22:14:25.972 [FXGL Background Thread 3 ] DEBUG Engine               - globalMusicVolume: 0.5
22:14:25.972 [FXGL Background Thread 3 ] DEBUG Engine               - globalMusicVolumeProperty: DoubleProperty [value: 0.5]
22:14:25.972 [FXGL Background Thread 3 ] DEBUG Engine               - globalSoundVolume: 0.5
22:14:25.972 [FXGL Background Thread 3 ] DEBUG Engine               - globalSoundVolumeProperty: DoubleProperty [value: 0.5]
22:14:25.972 [FXGL Background Thread 3 ] DEBUG Engine               - height: 1080
22:14:25.972 [FXGL Background Thread 3 ] DEBUG Engine               - is3D: false
22:14:25.972 [FXGL Background Thread 3 ] DEBUG Engine               - isAndroid: false
22:14:25.972 [FXGL Background Thread 3 ] DEBUG Engine               - isBrowser: false
22:14:25.972 [FXGL Background Thread 3 ] DEBUG Engine               - isClickFeedbackEnabled: false
22:14:25.972 [FXGL Background Thread 3 ] DEBUG Engine               - isCloseConfirmation: false
22:14:25.972 [FXGL Background Thread 3 ] DEBUG Engine               - isDesktop: true
22:14:25.972 [FXGL Background Thread 3 ] DEBUG Engine               - isDeveloperMenuEnabled: true
22:14:25.972 [FXGL Background Thread 3 ] DEBUG Engine               - isEmbedded: false
22:14:25.972 [FXGL Background Thread 3 ] DEBUG Engine               - isEntityPreloadEnabled: true
22:14:25.972 [FXGL Background Thread 3 ] DEBUG Engine               - isExperimentalTiledLargeMap: false
22:14:25.972 [FXGL Background Thread 3 ] DEBUG Engine               - isFileSystemWriteAllowed: true
22:14:25.973 [FXGL Background Thread 3 ] DEBUG Engine               - isFullScreenAllowed: true
22:14:25.973 [FXGL Background Thread 3 ] DEBUG Engine               - isFullScreenFromStart: true
22:14:25.973 [FXGL Background Thread 3 ] DEBUG Engine               - isGameMenuEnabled: true
22:14:25.973 [FXGL Background Thread 3 ] DEBUG Engine               - isIOS: false
22:14:25.973 [FXGL Background Thread 3 ] DEBUG Engine               - isIntroEnabled: false
22:14:25.973 [FXGL Background Thread 3 ] DEBUG Engine               - isLinux: false
22:14:25.973 [FXGL Background Thread 3 ] DEBUG Engine               - isMac: false
22:14:25.973 [FXGL Background Thread 3 ] DEBUG Engine               - isMainMenuEnabled: false
22:14:25.973 [FXGL Background Thread 3 ] DEBUG Engine               - isManualResizeEnabled: false
22:14:25.973 [FXGL Background Thread 3 ] DEBUG Engine               - isMobile: false
22:14:25.973 [FXGL Background Thread 3 ] DEBUG Engine               - isNative: false
22:14:25.973 [FXGL Background Thread 3 ] DEBUG Engine               - isPauseMusicWhenMinimized: true
22:14:25.973 [FXGL Background Thread 3 ] DEBUG Engine               - isPreserveResizeRatio: false
22:14:25.973 [FXGL Background Thread 3 ] DEBUG Engine               - isProfilingEnabled: false
22:14:25.973 [FXGL Background Thread 3 ] DEBUG Engine               - isScaleAffectedOnResize: true
22:14:25.973 [FXGL Background Thread 3 ] DEBUG Engine               - isSingleStep: false
22:14:25.973 [FXGL Background Thread 3 ] DEBUG Engine               - isUserProfileEnabled: false
22:14:25.973 [FXGL Background Thread 3 ] DEBUG Engine               - isWindows: true
22:14:25.973 [FXGL Background Thread 3 ] DEBUG Engine               - language: ObjectProperty [value: ENGLISH]
22:14:25.973 [FXGL Background Thread 3 ] DEBUG Engine               - menuKey: ESCAPE
22:14:25.973 [FXGL Background Thread 3 ] DEBUG Engine               - mouseSensitivity: 0.2
22:14:25.973 [FXGL Background Thread 3 ] DEBUG Engine               - notificationViewClass: class com.almasb.fxgl.notification.view.XboxNotificationView
22:14:25.973 [FXGL Background Thread 3 ] DEBUG Engine               - pixelsPerMeter: 50.0
22:14:25.973 [FXGL Background Thread 3 ] DEBUG Engine               - platform: WINDOWS
22:14:25.973 [FXGL Background Thread 3 ] DEBUG Engine               - prefHeightProperty: ReadOnlyDoubleProperty [value: 1080.0]
22:14:25.973 [FXGL Background Thread 3 ] DEBUG Engine               - prefWidthProperty: ReadOnlyDoubleProperty [value: 1920.0]
22:14:25.973 [FXGL Background Thread 3 ] DEBUG Engine               - profileDir: profiles/
22:14:25.973 [FXGL Background Thread 3 ] DEBUG Engine               - profileName: StringProperty [value: DEFAULT]
22:14:25.973 [FXGL Background Thread 3 ] DEBUG Engine               - randomSeed: -1
22:14:25.973 [FXGL Background Thread 3 ] DEBUG Engine               - runtimeInfo: RuntimeInfo(platform=WINDOWS, version=25, build=05.02.2026 22.57)
22:14:25.973 [FXGL Background Thread 3 ] DEBUG Engine               - saveFileExt: sav
22:14:25.973 [FXGL Background Thread 3 ] DEBUG Engine               - scaledHeightProp$fxgl: DoubleProperty [bound, value: 864.0]
22:14:25.973 [FXGL Background Thread 3 ] DEBUG Engine               - scaledWidthProp$fxgl: DoubleProperty [bound, value: 1536.0]
22:14:25.973 [FXGL Background Thread 3 ] DEBUG Engine               - sceneFactory: com.almasb.fxgl.app.scene.SceneFactory@426316e
22:14:25.973 [FXGL Background Thread 3 ] DEBUG Engine               - secondsIn24h: 60
22:14:25.973 [FXGL Background Thread 3 ] DEBUG Engine               - soundMenuBack: menu/back.wav
22:14:25.973 [FXGL Background Thread 3 ] DEBUG Engine               - soundMenuPress: menu/press.wav
22:14:25.973 [FXGL Background Thread 3 ] DEBUG Engine               - soundMenuSelect: menu/select.wav
22:14:25.973 [FXGL Background Thread 3 ] DEBUG Engine               - soundNotification: core/notification.wav
22:14:25.973 [FXGL Background Thread 3 ] DEBUG Engine               - stageStyle: DECORATED
22:14:25.973 [FXGL Background Thread 3 ] DEBUG Engine               - supportedLanguages: [ENGLISH, FRENCH, GERMAN, HUNGARIAN, RUSSIAN]
22:14:25.973 [FXGL Background Thread 3 ] DEBUG Engine               - ticksPerSecond: -1
22:14:25.973 [FXGL Background Thread 3 ] DEBUG Engine               - title: Untitled
22:14:25.973 [FXGL Background Thread 3 ] DEBUG Engine               - urlGithub: https://github.com/AlmasB/FXGL
22:14:25.973 [FXGL Background Thread 3 ] DEBUG Engine               - urlLeaderboard: http://fxgl-top.herokuapp.com/
22:14:25.974 [FXGL Background Thread 3 ] DEBUG Engine               - urlPOM: https://raw.githubusercontent.com/AlmasB/FXGL/release/README.md
22:14:25.974 [FXGL Background Thread 3 ] DEBUG Engine               - userAppClass: class Project1Game.Main
22:14:25.974 [FXGL Background Thread 3 ] DEBUG Engine               - version: 0.0
22:14:25.974 [FXGL Background Thread 3 ] DEBUG Engine               - versionCheckDays: 7
22:14:25.974 [FXGL Background Thread 3 ] DEBUG Engine               - width: 1920
22:14:25.974 [FXGL Background Thread 3 ] DEBUG Engine               - Logging services
22:14:25.974 [FXGL Background Thread 3 ] DEBUG Engine               - class com.almasb.fxgl.app.services.FXGLAssetLoaderService
22:14:25.974 [FXGL Background Thread 3 ] DEBUG Engine               - class com.almasb.fxgl.app.FXGLApplication$GameApplicationService
22:14:25.974 [FXGL Background Thread 3 ] DEBUG Engine               - class com.almasb.fxgl.app.services.FXGLDialogService
22:14:25.974 [FXGL Background Thread 3 ] DEBUG Engine               - class com.almasb.fxgl.app.services.IOTaskExecutorService
22:14:25.974 [FXGL Background Thread 3 ] DEBUG Engine               - class com.almasb.fxgl.io.FileSystemService
22:14:25.974 [FXGL Background Thread 3 ] DEBUG Engine               - class com.almasb.fxgl.localization.LocalizationService
22:14:25.974 [FXGL Background Thread 3 ] DEBUG Engine               - class com.almasb.fxgl.app.services.SystemBundleService
22:14:25.974 [FXGL Background Thread 3 ] DEBUG Engine               - class com.almasb.fxgl.profile.SaveLoadService
22:14:25.974 [FXGL Background Thread 3 ] DEBUG Engine               - class com.almasb.fxgl.ui.FXGLUIFactoryServiceProvider
22:14:25.974 [FXGL Background Thread 3 ] DEBUG Engine               - class com.almasb.fxgl.ui.FXGLDialogFactoryServiceProvider
22:14:25.974 [FXGL Background Thread 3 ] DEBUG Engine               - class com.almasb.fxgl.audio.AudioPlayer
22:14:25.974 [FXGL Background Thread 3 ] DEBUG Engine               - class com.almasb.fxgl.notification.impl.NotificationServiceProvider
22:14:25.974 [FXGL Background Thread 3 ] DEBUG Engine               - class com.almasb.fxgl.achievement.AchievementService
22:14:25.974 [FXGL Background Thread 3 ] DEBUG Engine               - class com.almasb.fxgl.cutscene.CutsceneService
22:14:25.974 [FXGL Background Thread 3 ] DEBUG Engine               - class com.almasb.fxgl.minigames.MiniGameService
22:14:25.974 [FXGL Background Thread 3 ] DEBUG Engine               - class com.almasb.fxgl.net.NetService
22:14:25.974 [FXGL Background Thread 3 ] DEBUG Engine               - class com.almasb.fxgl.app.services.UpdaterService
22:14:25.974 [FXGL Background Thread 3 ] DEBUG Engine               - class com.almasb.fxgl.dev.DevService
22:14:26.755 [JavaFX Application Thread] DEBUG FXGLAssetLoaderServi - Loading from file system: file:/D:/GameDevelop/Project1/target/classes/assets/textures/terrain.png
22:14:34.097 [JavaFX Application Thread] DEBUG PrimaryStageWindow   - Push state: FXGLDefaultMenu
22:14:34.100 [JavaFX Application Thread] DEBUG Input                - Clearing active input actions
22:14:34.102 [JavaFX Application Thread] DEBUG GameApplicationServi - Removing overlay from GameScene and adding to FXGLDefaultMenu
22:14:34.103 [JavaFX Application Thread] DEBUG PrimaryStageWindow   - GameScene -> FXGLDefaultMenu
22:14:37.146 [JavaFX Application Thread] DEBUG Menu                 - fireExit()
22:14:37.149 [JavaFX Application Thread] DEBUG PrimaryStageWindow   - Push state: DialogSubScene
22:14:37.149 [JavaFX Application Thread] DEBUG Input                - Clearing active input actions
22:14:37.149 [JavaFX Application Thread] DEBUG GameApplicationServi - Removing overlay from FXGLDefaultMenu and adding to DialogSubScene
22:14:37.150 [JavaFX Application Thread] DEBUG PrimaryStageWindow   - FXGLDefaultMenu -> DialogSubScene
22:14:37.788 [JavaFX Application Thread] DEBUG PrimaryStageWindow   - Pop state: DialogSubScene
22:14:37.789 [JavaFX Application Thread] DEBUG Input                - Clearing active input actions
22:14:37.789 [JavaFX Application Thread] DEBUG GameApplicationServi - Removing overlay from DialogSubScene and adding to FXGLDefaultMenu
22:14:37.790 [JavaFX Application Thread] DEBUG PrimaryStageWindow   - FXGLDefaultMenu <- DialogSubScene
22:14:37.790 [JavaFX Application Thread] DEBUG FXGLApplication      - Exiting FXGL
22:14:37.790 [JavaFX Application Thread] DEBUG LoopRunner           - Stopping loop
22:14:37.790 [JavaFX Application Thread] DEBUG SystemBundleService  - Saving FXGL system data
22:14:37.791 [JavaFX Application Thread] DEBUG FileSystemAccess     - Writing to: D:\GameDevelop\Project1\system\fxgl.bundle
22:14:37.792 [JavaFX Application Thread] DEBUG Async                - Shutting down background threads
22:14:37.792 [JavaFX Application Thread] DEBUG PrimaryStageWindow   - Closing main window
22:14:37.821 [JavaFX Application Thread] DEBUG Logger               - Closing Logger
