21:05:34.133 [main                     ] DEBUG Logger               - Configured Logger
21:05:34.139 [main                     ] DEBUG GameApplication      - Logging settings
Title: Untitled
Version: 0.0
Width: 1280
Height: 720
Fullscreen: false
Intro: false
Profiling: false
Single step:false
App Mode: DEVELOPER
Menu Key: ESCAPE
Stage Style: DECORATED
Scene Factory: class com.almasb.fxgl.app.scene.SceneFactory

21:05:34.533 [JavaFX Application Thread] DEBUG FXGLApplication      - Initializing FXGL
21:05:34.536 [JavaFX Application Thread] INFO  Engine               - FXGL-25 (05.02.2026 22.57) on WINDOWS (J:25.0.1 FX:25.0.1)
21:05:34.537 [JavaFX Application Thread] DEBUG Engine               - JRE Vendor Name: Oracle Corporation
21:05:34.537 [JavaFX Application Thread] DEBUG Engine               - Running on OS: Windows 11 version 10.0
21:05:34.537 [JavaFX Application Thread] DEBUG Engine               - Architecture: amd64
21:05:34.537 [JavaFX Application Thread] INFO  Engine               - Source code and latest versions at: https://github.com/AlmasB/FXGL
21:05:34.537 [JavaFX Application Thread] INFO  Engine               -       Ask questions and discuss at: https://github.com/AlmasB/FXGL/discussions
21:05:34.612 [JavaFX Application Thread] DEBUG PrimaryStageWindow   - Creating a JavaFX scene
21:05:34.645 [JavaFX Application Thread] DEBUG PrimaryStageWindow   - Target settings size: 1280.0 x 720.0
21:05:34.645 [JavaFX Application Thread] DEBUG PrimaryStageWindow   - Scaled scene size:    1280.0 x 720.0
21:05:34.645 [JavaFX Application Thread] DEBUG PrimaryStageWindow   - Scaled ratio: (1.0, 1.0)
21:05:34.646 [JavaFX Application Thread] DEBUG PrimaryStageWindow   - Set initial scene to FXGLStartupScene
21:05:34.649 [JavaFX Application Thread] DEBUG PrimaryStageWindow   - Opening main window
21:05:34.879 [JavaFX Application Thread] DEBUG PrimaryStageWindow   - Window border size: (14.4000244140625, 37.5999755859375)
21:05:34.879 [JavaFX Application Thread] DEBUG PrimaryStageWindow   - Scaled size: 1280.0 x 720.0
21:05:34.879 [JavaFX Application Thread] DEBUG PrimaryStageWindow   - Scaled ratio: (1.0, 1.0)
21:05:34.880 [JavaFX Application Thread] DEBUG PrimaryStageWindow   - Scene size: 1280.0 x 720.0
21:05:34.880 [JavaFX Application Thread] DEBUG PrimaryStageWindow   - Stage size: 1294.4000244140625 x 757.5999755859375
21:05:34.886 [FXGL Background Thread 1 ] DEBUG Engine               - Initializing environment variables
21:05:34.931 [FXGL Background Thread 1 ] DEBUG FXGLAssetLoaderServi - User app class for loading assets: class Project1Game.Main
21:05:34.931 [FXGL Background Thread 1 ] DEBUG GameApplicationServi - Applying CSS: fxgl_dark.css
21:05:34.931 [FXGL Background Thread 1 ] DEBUG FXGLAssetLoaderServi - Loading from file system: jar:file:/C:/Users/Admin/.m2/repository/com/github/almasb/fxgl/25/fxgl-25.jar!/fxglassets/ui/css/fxgl_dark.css
21:05:34.969 [FXGL Background Thread 1 ] DEBUG GameApplicationServi - Initializing application scenes
21:05:35.003 [FXGL Background Thread 1 ] DEBUG GameWorld            - Game world initialized
21:05:35.034 [FXGL Background Thread 1 ] DEBUG PhysicsWorld         - Physics world initialized: appHeight=720, physics.ppm=50.0
21:05:35.036 [FXGL Background Thread 1 ] DEBUG PhysicsWorld         - Using strategy: BRUTE_FORCE
21:05:35.039 [FXGL Background Thread 1 ] DEBUG GameScene            - Game scene initialized: 1280x720
21:05:35.051 [FXGL Background Thread 1 ] DEBUG FXGL.DefaultMenu     - createMenuBodyGameMenu()
21:05:35.062 [FXGL Background Thread 1 ] DEBUG FXGL.DefaultMenu     - createOptionsMenu()
21:05:35.072 [FXGL Background Thread 1 ] DEBUG FXGLAssetLoaderServi - Loading from file system: jar:file:/C:/Users/Admin/.m2/repository/com/github/almasb/fxgl/25/fxgl-25.jar!/fxglassets/textures/particles/smoke.png
21:05:35.127 [FXGL Background Thread 1 ] DEBUG FXGLAssetLoaderServi - Loading from file system: jar:file:/C:/Users/Admin/.m2/repository/com/github/almasb/fxgl/25/fxgl-25.jar!/fxglassets/textures/particles/trace_horizontal.png
21:05:35.150 [FXGL Background Thread 1 ] DEBUG GameApplicationServi - Application scenes initialized
21:05:35.158 [FXGL Background Thread 1 ] DEBUG SystemBundleService  - Loading FXGL system data
21:05:35.159 [FXGL Background Thread 1 ] DEBUG FileSystemAccess     - Reading from: D:\GameDevelop\Project1\system\fxgl.bundle
21:05:35.160 [FXGL Background Thread 1 ] DEBUG SystemBundleService  - Bundle FXGL: {}
21:05:35.160 [FXGL Background Thread 1 ] DEBUG UpdaterService       - Checking for updates
21:05:35.189 [FXGL Background Thread 4 ] DEBUG FXGLApplication      - Loading fonts
21:05:35.189 [FXGL Background Thread 4 ] DEBUG FXGLAssetLoaderServi - Loading from file system: jar:file:/C:/Users/Admin/.m2/repository/com/github/almasb/fxgl/25/fxgl-25.jar!/fxglassets/ui/fonts/VarelaRound-Regular.ttf
21:05:35.189 [FXGL Background Thread 1 ] DEBUG FXGLApplication      - Loading default localization
21:05:35.190 [FXGL Background Thread 1 ] DEBUG FXGLAssetLoaderServi - Loading from file system: jar:file:/C:/Users/Admin/.m2/repository/com/github/almasb/fxgl/25/fxgl-25.jar!/fxglassets/languages/english.lang
21:05:35.201 [FXGL Background Thread 1 ] INFO  FXGLApplication      - FXGL initialization took: 0.316 sec
21:05:35.204 [FXGL Background Thread 4 ] DEBUG FXGLAssetLoaderServi - Loading from file system: jar:file:/C:/Users/Admin/.m2/repository/com/github/almasb/fxgl/25/fxgl-25.jar!/fxglassets/ui/fonts/Abel-Regular.ttf
21:05:35.208 [JavaFX Application Thread] DEBUG Input                - Registered new binding: Move Right - D
21:05:35.208 [JavaFX Application Thread] DEBUG Input                - Registered new binding: Move Left - A
21:05:35.208 [JavaFX Application Thread] DEBUG Input                - Registered new binding: Move Up - W
21:05:35.208 [JavaFX Application Thread] DEBUG Input                - Registered new binding: Move Down - S
21:05:35.210 [JavaFX Application Thread] DEBUG Input                - Registered new binding: action0 - I
21:05:35.210 [JavaFX Application Thread] DEBUG Input                - Registered new binding: action1 - R
21:05:35.211 [JavaFX Application Thread] DEBUG Input                - Registered new binding: action2 - F
21:05:35.211 [JavaFX Application Thread] DEBUG Input                - Registered new binding: action3 - E
21:05:35.211 [JavaFX Application Thread] DEBUG Input                - Registered new binding: action4 - 1
21:05:35.211 [JavaFX Application Thread] DEBUG Input                - Registered new binding: action5 - 2
21:05:35.211 [JavaFX Application Thread] DEBUG Input                - Registered new binding: action6 - 3
21:05:35.211 [JavaFX Application Thread] DEBUG Input                - Registered new binding: action7 - 4
21:05:35.212 [JavaFX Application Thread] DEBUG Input                - Registered new binding: action8 - 5
21:05:35.212 [JavaFX Application Thread] DEBUG Input                - Registered new binding: action9 - 6
21:05:35.212 [JavaFX Application Thread] DEBUG Input                - Registered new binding: action10 - 7
21:05:35.212 [JavaFX Application Thread] DEBUG Input                - Registered new binding: action11 - 8
21:05:35.212 [JavaFX Application Thread] DEBUG Input                - Registered new binding: action12 - 9
21:05:35.213 [JavaFX Application Thread] DEBUG Input                - Registered new binding: action13 - Q
21:05:35.213 [JavaFX Application Thread] DEBUG Input                - Registered new binding: action14 - Tab
21:05:35.213 [JavaFX Application Thread] DEBUG FXGLAssetLoaderServi - Loading from file system: jar:file:/C:/Users/Admin/.m2/repository/com/github/almasb/fxgl/25/fxgl-25.jar!/fxglassets/textures/fxgl_icon.png
21:05:35.214 [FXGL Background Thread 4 ] DEBUG FXGLAssetLoaderServi - Loading from file system: jar:file:/C:/Users/Admin/.m2/repository/com/github/almasb/fxgl/25/fxgl-25.jar!/fxglassets/ui/fonts/TerminalLandMono-Regular.otf
21:05:35.225 [FXGL Background Thread 4 ] DEBUG FXGLAssetLoaderServi - Loading from file system: jar:file:/C:/Users/Admin/.m2/repository/com/github/almasb/fxgl/25/fxgl-25.jar!/fxglassets/ui/fonts/Courier-Prime.ttf
21:05:35.226 [JavaFX Application Thread] DEBUG FXGLAssetLoaderServi - Loading from file system: jar:file:/C:/Users/Admin/.m2/repository/com/github/almasb/fxgl/25/fxgl-25.jar!/fxglassets/textures/fxgl_default_cursor.png
21:05:35.227 [JavaFX Application Thread] DEBUG Input                - Registered new binding: Screenshot - CTRL+8
21:05:35.228 [JavaFX Application Thread] DEBUG Input                - Registered new binding: Dev Options - 1
21:05:35.228 [JavaFX Application Thread] DEBUG Input                - Registered new binding: Dev Console - 2
21:05:35.228 [JavaFX Application Thread] DEBUG Input                - Registered new binding: System info dump - CTRL+9
21:05:35.229 [JavaFX Application Thread] DEBUG Input                - Registered new binding: Restart - CTRL+R
21:05:35.230 [JavaFX Application Thread] DEBUG Input                - Registered new binding: Toggle Debug Camera - CTRL+7
21:05:35.232 [JavaFX Application Thread] DEBUG LoopRunner           - Starting loop
21:05:35.243 [JavaFX Application Thread] DEBUG LoopRunner           - Initializing JavaFX AnimationTimerLoop
21:05:35.244 [JavaFX Application Thread] DEBUG GameApplicationServi - Starting new game
21:05:35.244 [JavaFX Application Thread] DEBUG Input                - Clearing active input actions
21:05:35.251 [JavaFX Application Thread] DEBUG GameApplicationServi - Removing overlay from FXGLStartupScene and adding to FXGLLoadingScene
21:05:35.253 [JavaFX Application Thread] DEBUG PrimaryStageWindow   - FXGLStartupScene -> FXGLLoadingScene
21:05:35.253 [JavaFX Application Thread] DEBUG GameApplicationServi - Clearing previous game
21:05:35.253 [JavaFX Application Thread] DEBUG GameScene            - Clearing game scene
21:05:35.253 [JavaFX Application Thread] DEBUG GameWorld            - Clearing game world
21:05:35.254 [JavaFX Application Thread] DEBUG PhysicsWorld         - Clearing physics world
21:05:35.256 [JavaFX Application Thread] DEBUG FXGLApplication      - Registering font factories with UI factory
21:05:35.256 [FXGL Background Thread 4 ] DEBUG FXGLApplication      - Initializing game
21:05:35.301 [FXGL Background Thread 4 ] WARN  TMXLevelLoader       - TiledMap generated from 1.12.0. Supported version: 1.9.0. Some features may not be parsed fully.
21:05:35.331 [FXGL Background Thread 4 ] DEBUG TMXLevelLoader       - Parsed TiledMap: file:/D:/GameDevelop/Project1/target/classes/assets/levels/Main_level.tmx
21:05:35.333 [FXGL Background Thread 4 ] DEBUG TMXLevelLoader       - Creating tile layer entities
21:05:35.335 [FXGL Background Thread 4 ] DEBUG TilesetLoader        - Loading view for layer BackgroundLayer
21:05:35.341 [FXGL Background Thread 4 ] DEBUG TilesetLoader        - Created buffer with size 3520.0x2048.0
21:05:35.413 [FXGL Background Thread 4 ] DEBUG TilesetLoader        - Loading view for layer DecorationLayer
21:05:35.416 [FXGL Background Thread 4 ] DEBUG TilesetLoader        - Created buffer with size 3520.0x2048.0
21:05:35.487 [FXGL Background Thread 4 ] DEBUG TilesetLoader        - Loading view for layer OverheadLayer
21:05:35.493 [FXGL Background Thread 4 ] DEBUG TilesetLoader        - Created buffer with size 3520.0x2048.0
21:05:35.496 [FXGL Background Thread 4 ] DEBUG TMXLevelLoader       - Creating object layer entities
21:05:35.507 [FXGL Background Thread 4 ] DEBUG FXGLAssetLoaderServi - Loading from file system: file:/D:/GameDevelop/Project1/target/classes/assets/textures/Player/Carry_Idle/Carry_Idle_Down-Sheet.png
21:05:35.517 [FXGL Background Thread 4 ] DEBUG FXGLAssetLoaderServi - Loading from file system: file:/D:/GameDevelop/Project1/target/classes/assets/textures/Player/Carry_Idle/Carry_Idle_Up-Sheet.png
21:05:35.519 [FXGL Background Thread 4 ] DEBUG FXGLAssetLoaderServi - Loading from file system: file:/D:/GameDevelop/Project1/target/classes/assets/textures/Player/Carry_Idle/Carry_Idle_Side-Sheet.png
21:05:35.521 [FXGL Background Thread 4 ] DEBUG FXGLAssetLoaderServi - Loading from file system: file:/D:/GameDevelop/Project1/target/classes/assets/textures/Player/Carry_Walk/Carry_Walk_Down-Sheet.png
21:05:35.523 [FXGL Background Thread 4 ] DEBUG FXGLAssetLoaderServi - Loading from file system: file:/D:/GameDevelop/Project1/target/classes/assets/textures/Player/Carry_Walk/Carry_Walk_Up-Sheet.png
21:05:35.531 [FXGL Background Thread 4 ] DEBUG FXGLAssetLoaderServi - Loading from file system: file:/D:/GameDevelop/Project1/target/classes/assets/textures/Player/Carry_Walk/Carry_Walk_Side-Sheet.png
21:05:35.533 [FXGL Background Thread 4 ] DEBUG FXGLAssetLoaderServi - Loading from file system: file:/D:/GameDevelop/Project1/target/classes/assets/textures/Player/Carry_Run/Carry_Run_Down-Sheet.png
21:05:35.541 [FXGL Background Thread 4 ] DEBUG FXGLAssetLoaderServi - Loading from file system: file:/D:/GameDevelop/Project1/target/classes/assets/textures/Player/Carry_Run/Carry_Run_Up-Sheet.png
21:05:35.543 [FXGL Background Thread 4 ] DEBUG FXGLAssetLoaderServi - Loading from file system: file:/D:/GameDevelop/Project1/target/classes/assets/textures/Player/Carry_Run/Carry_Run_Side-Sheet.png
21:05:35.613 [FXGL Background Thread 4 ] DEBUG GameWorld            - Clearing removable entities
21:05:35.614 [FXGL Background Thread 4 ] DEBUG GameWorld            - Setting level: com.almasb.fxgl.entity.level.Level@7e579ca7
21:05:35.644 [FXGL Background Thread 4 ] DEBUG FXGLAssetLoaderServi - Loading from file system: file:/D:/GameDevelop/Project1/target/classes/assets/textures/Crops/soil_1.png
21:05:35.653 [FXGL Background Thread 4 ] DEBUG FXGLAssetLoaderServi - Loading from file system: file:/D:/GameDevelop/Project1/target/classes/assets/textures/Crops/rice_1.png
21:05:35.661 [FXGL Background Thread 4 ] DEBUG FXGLAssetLoaderServi - Loading from file system: file:/D:/GameDevelop/Project1/target/classes/assets/textures/Crops/rice_3.png
21:05:35.664 [FXGL Background Thread 4 ] DEBUG FXGLAssetLoaderServi - Loading from file system: file:/D:/GameDevelop/Project1/target/classes/assets/textures/Crops/soil_2.png
21:05:35.671 [FXGL Background Thread 4 ] DEBUG FXGLAssetLoaderServi - Loading from file system: file:/D:/GameDevelop/Project1/target/classes/assets/textures/UI/heart_sprite.png
21:05:35.681 [FXGL Background Thread 4 ] INFO  FXGLApplication      - Game initialization took: 0.426 sec
21:05:35.682 [JavaFX Application Thread] DEBUG Input                - Clearing active input actions
21:05:35.696 [JavaFX Application Thread] DEBUG GameApplicationServi - Removing overlay from FXGLLoadingScene and adding to GameScene
21:05:35.700 [JavaFX Application Thread] DEBUG PrimaryStageWindow   - FXGLLoadingScene -> GameScene
21:05:38.190 [FXGL Background Thread 3 ] DEBUG Engine               - Logging environment variables
21:05:38.191 [FXGL Background Thread 3 ] DEBUG Engine               - achievements: []
21:05:38.191 [FXGL Background Thread 3 ] DEBUG Engine               - actualHeight: 720.0
21:05:38.191 [FXGL Background Thread 3 ] DEBUG Engine               - actualHeightProperty: ReadOnlyDoubleProperty [value: 720.0]
21:05:38.191 [FXGL Background Thread 3 ] DEBUG Engine               - actualWidth: 1280.0
21:05:38.191 [FXGL Background Thread 3 ] DEBUG Engine               - actualWidthProperty: ReadOnlyDoubleProperty [value: 1280.0]
21:05:38.191 [FXGL Background Thread 3 ] DEBUG Engine               - appIcon: fxgl_icon.png
21:05:38.191 [FXGL Background Thread 3 ] DEBUG Engine               - applicationMode: DEVELOPER
21:05:38.191 [FXGL Background Thread 3 ] DEBUG Engine               - cSSList: [fxgl_dark.css]
21:05:38.191 [FXGL Background Thread 3 ] DEBUG Engine               - collisionDetectionStrategy: BRUTE_FORCE
21:05:38.191 [FXGL Background Thread 3 ] DEBUG Engine               - configClass: Optional.empty
21:05:38.192 [FXGL Background Thread 3 ] DEBUG Engine               - credits: []
21:05:38.192 [FXGL Background Thread 3 ] DEBUG Engine               - defaultCursor: CursorInfo(imageName=fxgl_default_cursor.png, hotspotX=7.0, hotspotY=6.0)
21:05:38.192 [FXGL Background Thread 3 ] DEBUG Engine               - devBBoxColorProperty: ObjectProperty [value: 0xff0000ff]
21:05:38.192 [FXGL Background Thread 3 ] DEBUG Engine               - devEnableDebugCameraProperty: BooleanProperty [value: false]
21:05:38.192 [FXGL Background Thread 3 ] DEBUG Engine               - devSensorColorProperty: ObjectProperty [value: 0xffff00ff]
21:05:38.192 [FXGL Background Thread 3 ] DEBUG Engine               - devShowBBoxProperty: BooleanProperty [value: false]
21:05:38.192 [FXGL Background Thread 3 ] DEBUG Engine               - devShowPositionProperty: BooleanProperty [value: false]
21:05:38.192 [FXGL Background Thread 3 ] DEBUG Engine               - enabledMenuItems: []
21:05:38.192 [FXGL Background Thread 3 ] DEBUG Engine               - engineServices: [class com.almasb.fxgl.app.services.FXGLAssetLoaderService, class com.almasb.fxgl.app.FXGLApplication$GameApplicationService, class com.almasb.fxgl.app.services.FXGLDialogService, class com.almasb.fxgl.app.services.IOTaskExecutorService, class com.almasb.fxgl.io.FileSystemService, class com.almasb.fxgl.localization.LocalizationService, class com.almasb.fxgl.app.services.SystemBundleService, class com.almasb.fxgl.profile.SaveLoadService, class com.almasb.fxgl.ui.FXGLUIFactoryServiceProvider, class com.almasb.fxgl.ui.FXGLDialogFactoryServiceProvider, class com.almasb.fxgl.audio.AudioPlayer, class com.almasb.fxgl.notification.impl.NotificationServiceProvider, class com.almasb.fxgl.achievement.AchievementService, class com.almasb.fxgl.cutscene.CutsceneService, class com.almasb.fxgl.minigames.MiniGameService, class com.almasb.fxgl.net.NetService, class com.almasb.fxgl.app.services.UpdaterService, class com.almasb.fxgl.dev.DevService]
21:05:38.192 [FXGL Background Thread 3 ] DEBUG Engine               - fontGame: Abel-Regular.ttf
21:05:38.192 [FXGL Background Thread 3 ] DEBUG Engine               - fontMono: TerminalLandMono-Regular.otf
21:05:38.192 [FXGL Background Thread 3 ] DEBUG Engine               - fontSizeScaleUI: 1.0
21:05:38.192 [FXGL Background Thread 3 ] DEBUG Engine               - fontText: Courier-Prime.ttf
21:05:38.192 [FXGL Background Thread 3 ] DEBUG Engine               - fontUI: VarelaRound-Regular.ttf
21:05:38.192 [FXGL Background Thread 3 ] DEBUG Engine               - fpsRefreshRate: 500.0 ms
21:05:38.192 [FXGL Background Thread 3 ] DEBUG Engine               - fullScreen: BooleanProperty [value: false]
21:05:38.192 [FXGL Background Thread 3 ] DEBUG Engine               - gameDifficulty: MEDIUM
21:05:38.192 [FXGL Background Thread 3 ] DEBUG Engine               - gameDifficultyProperty: ObjectProperty [value: MEDIUM]
21:05:38.192 [FXGL Background Thread 3 ] DEBUG Engine               - globalMusicVolume: 0.5
21:05:38.192 [FXGL Background Thread 3 ] DEBUG Engine               - globalMusicVolumeProperty: DoubleProperty [value: 0.5]
21:05:38.192 [FXGL Background Thread 3 ] DEBUG Engine               - globalSoundVolume: 0.5
21:05:38.192 [FXGL Background Thread 3 ] DEBUG Engine               - globalSoundVolumeProperty: DoubleProperty [value: 0.5]
21:05:38.192 [FXGL Background Thread 3 ] DEBUG Engine               - height: 720
21:05:38.192 [FXGL Background Thread 3 ] DEBUG Engine               - is3D: false
21:05:38.192 [FXGL Background Thread 3 ] DEBUG Engine               - isAndroid: false
21:05:38.192 [FXGL Background Thread 3 ] DEBUG Engine               - isBrowser: false
21:05:38.193 [FXGL Background Thread 3 ] DEBUG Engine               - isClickFeedbackEnabled: false
21:05:38.193 [FXGL Background Thread 3 ] DEBUG Engine               - isCloseConfirmation: false
21:05:38.193 [FXGL Background Thread 3 ] DEBUG Engine               - isDesktop: true
21:05:38.193 [FXGL Background Thread 3 ] DEBUG Engine               - isDeveloperMenuEnabled: true
21:05:38.193 [FXGL Background Thread 3 ] DEBUG Engine               - isEmbedded: false
21:05:38.193 [FXGL Background Thread 3 ] DEBUG Engine               - isEntityPreloadEnabled: true
21:05:38.193 [FXGL Background Thread 3 ] DEBUG Engine               - isExperimentalTiledLargeMap: false
21:05:38.193 [FXGL Background Thread 3 ] DEBUG Engine               - isFileSystemWriteAllowed: true
21:05:38.193 [FXGL Background Thread 3 ] DEBUG Engine               - isFullScreenAllowed: false
21:05:38.193 [FXGL Background Thread 3 ] DEBUG Engine               - isFullScreenFromStart: false
21:05:38.193 [FXGL Background Thread 3 ] DEBUG Engine               - isGameMenuEnabled: true
21:05:38.193 [FXGL Background Thread 3 ] DEBUG Engine               - isIOS: false
21:05:38.193 [FXGL Background Thread 3 ] DEBUG Engine               - isIntroEnabled: false
21:05:38.193 [FXGL Background Thread 3 ] DEBUG Engine               - isLinux: false
21:05:38.193 [FXGL Background Thread 3 ] DEBUG Engine               - isMac: false
21:05:38.193 [FXGL Background Thread 3 ] DEBUG Engine               - isMainMenuEnabled: false
21:05:38.193 [FXGL Background Thread 3 ] DEBUG Engine               - isManualResizeEnabled: false
21:05:38.193 [FXGL Background Thread 3 ] DEBUG Engine               - isMobile: false
21:05:38.193 [FXGL Background Thread 3 ] DEBUG Engine               - isNative: false
21:05:38.193 [FXGL Background Thread 3 ] DEBUG Engine               - isPauseMusicWhenMinimized: true
21:05:38.193 [FXGL Background Thread 3 ] DEBUG Engine               - isPreserveResizeRatio: false
21:05:38.193 [FXGL Background Thread 3 ] DEBUG Engine               - isProfilingEnabled: false
21:05:38.193 [FXGL Background Thread 3 ] DEBUG Engine               - isScaleAffectedOnResize: true
21:05:38.193 [FXGL Background Thread 3 ] DEBUG Engine               - isSingleStep: false
21:05:38.193 [FXGL Background Thread 3 ] DEBUG Engine               - isUserProfileEnabled: false
21:05:38.193 [FXGL Background Thread 3 ] DEBUG Engine               - isWindows: true
21:05:38.193 [FXGL Background Thread 3 ] DEBUG Engine               - language: ObjectProperty [value: ENGLISH]
21:05:38.193 [FXGL Background Thread 3 ] DEBUG Engine               - menuKey: ESCAPE
21:05:38.193 [FXGL Background Thread 3 ] DEBUG Engine               - mouseSensitivity: 0.2
21:05:38.193 [FXGL Background Thread 3 ] DEBUG Engine               - notificationViewClass: class com.almasb.fxgl.notification.view.XboxNotificationView
21:05:38.193 [FXGL Background Thread 3 ] DEBUG Engine               - pixelsPerMeter: 50.0
21:05:38.193 [FXGL Background Thread 3 ] DEBUG Engine               - platform: WINDOWS
21:05:38.193 [FXGL Background Thread 3 ] DEBUG Engine               - prefHeightProperty: ReadOnlyDoubleProperty [value: 720.0]
21:05:38.193 [FXGL Background Thread 3 ] DEBUG Engine               - prefWidthProperty: ReadOnlyDoubleProperty [value: 1280.0]
21:05:38.193 [FXGL Background Thread 3 ] DEBUG Engine               - profileDir: profiles/
21:05:38.193 [FXGL Background Thread 3 ] DEBUG Engine               - profileName: StringProperty [value: DEFAULT]
21:05:38.193 [FXGL Background Thread 3 ] DEBUG Engine               - randomSeed: -1
21:05:38.193 [FXGL Background Thread 3 ] DEBUG Engine               - runtimeInfo: RuntimeInfo(platform=WINDOWS, version=25, build=05.02.2026 22.57)
21:05:38.193 [FXGL Background Thread 3 ] DEBUG Engine               - saveFileExt: sav
21:05:38.193 [FXGL Background Thread 3 ] DEBUG Engine               - scaledHeightProp$fxgl: DoubleProperty [bound, value: 720.0]
21:05:38.193 [FXGL Background Thread 3 ] DEBUG Engine               - scaledWidthProp$fxgl: DoubleProperty [bound, value: 1280.0]
21:05:38.193 [FXGL Background Thread 3 ] DEBUG Engine               - sceneFactory: com.almasb.fxgl.app.scene.SceneFactory@1b4645b0
21:05:38.193 [FXGL Background Thread 3 ] DEBUG Engine               - secondsIn24h: 60
21:05:38.193 [FXGL Background Thread 3 ] DEBUG Engine               - soundMenuBack: menu/back.wav
21:05:38.193 [FXGL Background Thread 3 ] DEBUG Engine               - soundMenuPress: menu/press.wav
21:05:38.193 [FXGL Background Thread 3 ] DEBUG Engine               - soundMenuSelect: menu/select.wav
21:05:38.193 [FXGL Background Thread 3 ] DEBUG Engine               - soundNotification: core/notification.wav
21:05:38.193 [FXGL Background Thread 3 ] DEBUG Engine               - stageStyle: DECORATED
21:05:38.193 [FXGL Background Thread 3 ] DEBUG Engine               - supportedLanguages: [ENGLISH, FRENCH, GERMAN, HUNGARIAN, RUSSIAN]
21:05:38.193 [FXGL Background Thread 3 ] DEBUG Engine               - ticksPerSecond: -1
21:05:38.193 [FXGL Background Thread 3 ] DEBUG Engine               - title: Untitled
21:05:38.193 [FXGL Background Thread 3 ] DEBUG Engine               - urlGithub: https://github.com/AlmasB/FXGL
21:05:38.193 [FXGL Background Thread 3 ] DEBUG Engine               - urlLeaderboard: http://fxgl-top.herokuapp.com/
21:05:38.193 [FXGL Background Thread 3 ] DEBUG Engine               - urlPOM: https://raw.githubusercontent.com/AlmasB/FXGL/release/README.md
21:05:38.193 [FXGL Background Thread 3 ] DEBUG Engine               - userAppClass: class Project1Game.Main
21:05:38.193 [FXGL Background Thread 3 ] DEBUG Engine               - version: 0.0
21:05:38.193 [FXGL Background Thread 3 ] DEBUG Engine               - versionCheckDays: 7
21:05:38.193 [FXGL Background Thread 3 ] DEBUG Engine               - width: 1280
21:05:38.193 [FXGL Background Thread 3 ] DEBUG Engine               - Logging services
21:05:38.193 [FXGL Background Thread 3 ] DEBUG Engine               - class com.almasb.fxgl.app.services.FXGLAssetLoaderService
21:05:38.193 [FXGL Background Thread 3 ] DEBUG Engine               - class com.almasb.fxgl.app.FXGLApplication$GameApplicationService
21:05:38.193 [FXGL Background Thread 3 ] DEBUG Engine               - class com.almasb.fxgl.app.services.FXGLDialogService
21:05:38.193 [FXGL Background Thread 3 ] DEBUG Engine               - class com.almasb.fxgl.app.services.IOTaskExecutorService
21:05:38.193 [FXGL Background Thread 3 ] DEBUG Engine               - class com.almasb.fxgl.io.FileSystemService
21:05:38.193 [FXGL Background Thread 3 ] DEBUG Engine               - class com.almasb.fxgl.localization.LocalizationService
21:05:38.193 [FXGL Background Thread 3 ] DEBUG Engine               - class com.almasb.fxgl.app.services.SystemBundleService
21:05:38.193 [FXGL Background Thread 3 ] DEBUG Engine               - class com.almasb.fxgl.profile.SaveLoadService
21:05:38.193 [FXGL Background Thread 3 ] DEBUG Engine               - class com.almasb.fxgl.ui.FXGLUIFactoryServiceProvider
21:05:38.194 [FXGL Background Thread 3 ] DEBUG Engine               - class com.almasb.fxgl.ui.FXGLDialogFactoryServiceProvider
21:05:38.194 [FXGL Background Thread 3 ] DEBUG Engine               - class com.almasb.fxgl.audio.AudioPlayer
21:05:38.194 [FXGL Background Thread 3 ] DEBUG Engine               - class com.almasb.fxgl.notification.impl.NotificationServiceProvider
21:05:38.194 [FXGL Background Thread 3 ] DEBUG Engine               - class com.almasb.fxgl.achievement.AchievementService
21:05:38.194 [FXGL Background Thread 3 ] DEBUG Engine               - class com.almasb.fxgl.cutscene.CutsceneService
21:05:38.194 [FXGL Background Thread 3 ] DEBUG Engine               - class com.almasb.fxgl.minigames.MiniGameService
21:05:38.194 [FXGL Background Thread 3 ] DEBUG Engine               - class com.almasb.fxgl.net.NetService
21:05:38.194 [FXGL Background Thread 3 ] DEBUG Engine               - class com.almasb.fxgl.app.services.UpdaterService
21:05:38.194 [FXGL Background Thread 3 ] DEBUG Engine               - class com.almasb.fxgl.dev.DevService
21:05:41.312 [JavaFX Application Thread] DEBUG FXGLApplication      - Exiting FXGL
21:05:41.312 [JavaFX Application Thread] DEBUG LoopRunner           - Stopping loop
21:05:41.313 [JavaFX Application Thread] DEBUG SystemBundleService  - Saving FXGL system data
21:05:41.313 [JavaFX Application Thread] DEBUG FileSystemAccess     - Writing to: D:\GameDevelop\Project1\system\fxgl.bundle
21:05:41.314 [JavaFX Application Thread] DEBUG Async                - Shutting down background threads
21:05:41.314 [JavaFX Application Thread] DEBUG PrimaryStageWindow   - Closing main window
21:05:41.325 [JavaFX Application Thread] DEBUG Logger               - Closing Logger
