18:18:09.867 [main                     ] DEBUG Logger               - Configured Logger
18:18:09.876 [main                     ] DEBUG GameApplication      - Logging settings
Title: Untitled
Version: 0.0
Width: 1280
Height: 720
Fullscreen: false
Intro: false
Profiling: false
Single step:false
App Mode: DEVELOPER
Menu Key: ESCAPE
Stage Style: DECORATED
Scene Factory: class com.almasb.fxgl.app.scene.SceneFactory

18:18:10.502 [JavaFX Application Thread] DEBUG FXGLApplication      - Initializing FXGL
18:18:10.507 [JavaFX Application Thread] INFO  Engine               - FXGL-25 (05.02.2026 22.57) on WINDOWS (J:25.0.1 FX:25.0.1)
18:18:10.508 [JavaFX Application Thread] DEBUG Engine               - JRE Vendor Name: Oracle Corporation
18:18:10.508 [JavaFX Application Thread] DEBUG Engine               - Running on OS: Windows 11 version 10.0
18:18:10.508 [JavaFX Application Thread] DEBUG Engine               - Architecture: amd64
18:18:10.508 [JavaFX Application Thread] INFO  Engine               - Source code and latest versions at: https://github.com/AlmasB/FXGL
18:18:10.508 [JavaFX Application Thread] INFO  Engine               -       Ask questions and discuss at: https://github.com/AlmasB/FXGL/discussions
18:18:10.653 [JavaFX Application Thread] DEBUG PrimaryStageWindow   - Creating a JavaFX scene
18:18:10.719 [JavaFX Application Thread] DEBUG PrimaryStageWindow   - Target settings size: 1280.0 x 720.0
18:18:10.720 [JavaFX Application Thread] DEBUG PrimaryStageWindow   - Scaled scene size:    1280.0 x 720.0
18:18:10.720 [JavaFX Application Thread] DEBUG PrimaryStageWindow   - Scaled ratio: (1.0, 1.0)
18:18:10.721 [JavaFX Application Thread] DEBUG PrimaryStageWindow   - Set initial scene to FXGLStartupScene
18:18:10.726 [JavaFX Application Thread] DEBUG PrimaryStageWindow   - Opening main window
18:18:11.168 [JavaFX Application Thread] DEBUG PrimaryStageWindow   - Window border size: (14.4000244140625, 37.5999755859375)
18:18:11.168 [JavaFX Application Thread] DEBUG PrimaryStageWindow   - Scaled size: 1280.0 x 720.0
18:18:11.168 [JavaFX Application Thread] DEBUG PrimaryStageWindow   - Scaled ratio: (1.0, 1.0)
18:18:11.168 [JavaFX Application Thread] DEBUG PrimaryStageWindow   - Scene size: 1280.0 x 720.0
18:18:11.168 [JavaFX Application Thread] DEBUG PrimaryStageWindow   - Stage size: 1294.4000244140625 x 757.5999755859375
18:18:11.179 [FXGL Background Thread 1 ] DEBUG Engine               - Initializing environment variables
18:18:11.244 [FXGL Background Thread 1 ] DEBUG FXGLAssetLoaderServi - User app class for loading assets: class Project1Game.Main
18:18:11.244 [FXGL Background Thread 1 ] DEBUG GameApplicationServi - Applying CSS: fxgl_dark.css
18:18:11.245 [FXGL Background Thread 1 ] DEBUG FXGLAssetLoaderServi - Loading from file system: jar:file:/C:/Users/Admin/.m2/repository/com/github/almasb/fxgl/25/fxgl-25.jar!/fxglassets/ui/css/fxgl_dark.css
18:18:11.307 [FXGL Background Thread 1 ] DEBUG GameApplicationServi - Initializing application scenes
18:18:11.364 [FXGL Background Thread 1 ] DEBUG GameWorld            - Game world initialized
18:18:11.423 [FXGL Background Thread 1 ] DEBUG PhysicsWorld         - Physics world initialized: appHeight=720, physics.ppm=50.0
18:18:11.423 [FXGL Background Thread 1 ] DEBUG PhysicsWorld         - Using strategy: BRUTE_FORCE
18:18:11.428 [FXGL Background Thread 1 ] DEBUG GameScene            - Game scene initialized: 1280x720
18:18:11.443 [FXGL Background Thread 1 ] DEBUG FXGL.DefaultMenu     - createMenuBodyGameMenu()
18:18:11.465 [FXGL Background Thread 1 ] DEBUG FXGL.DefaultMenu     - createOptionsMenu()
18:18:11.478 [FXGL Background Thread 1 ] DEBUG FXGLAssetLoaderServi - Loading from file system: jar:file:/C:/Users/Admin/.m2/repository/com/github/almasb/fxgl/25/fxgl-25.jar!/fxglassets/textures/particles/smoke.png
18:18:11.571 [FXGL Background Thread 1 ] DEBUG FXGLAssetLoaderServi - Loading from file system: jar:file:/C:/Users/Admin/.m2/repository/com/github/almasb/fxgl/25/fxgl-25.jar!/fxglassets/textures/particles/trace_horizontal.png
18:18:11.605 [FXGL Background Thread 1 ] DEBUG GameApplicationServi - Application scenes initialized
18:18:11.618 [FXGL Background Thread 1 ] DEBUG SystemBundleService  - Loading FXGL system data
18:18:11.622 [FXGL Background Thread 1 ] DEBUG FileSystemAccess     - Reading from: D:\GameDevelop\Project1\system\fxgl.bundle
18:18:11.632 [FXGL Background Thread 1 ] DEBUG SystemBundleService  - Bundle FXGL: {}
18:18:11.632 [FXGL Background Thread 1 ] DEBUG UpdaterService       - Checking for updates
18:18:11.660 [FXGL Background Thread 4 ] DEBUG FXGLApplication      - Loading fonts
18:18:11.661 [FXGL Background Thread 4 ] DEBUG FXGLAssetLoaderServi - Loading from file system: jar:file:/C:/Users/Admin/.m2/repository/com/github/almasb/fxgl/25/fxgl-25.jar!/fxglassets/ui/fonts/VarelaRound-Regular.ttf
18:18:11.661 [FXGL Background Thread 1 ] DEBUG FXGLApplication      - Loading default localization
18:18:11.661 [FXGL Background Thread 1 ] DEBUG FXGLAssetLoaderServi - Loading from file system: jar:file:/C:/Users/Admin/.m2/repository/com/github/almasb/fxgl/25/fxgl-25.jar!/fxglassets/languages/english.lang
18:18:11.679 [FXGL Background Thread 1 ] INFO  FXGLApplication      - FXGL initialization took: 0.499 sec
18:18:11.687 [JavaFX Application Thread] DEBUG Input                - Registered new binding: Move Right - D
18:18:11.688 [JavaFX Application Thread] DEBUG Input                - Registered new binding: Move Left - A
18:18:11.688 [JavaFX Application Thread] DEBUG Input                - Registered new binding: Move Up - W
18:18:11.688 [JavaFX Application Thread] DEBUG Input                - Registered new binding: Move Down - S
18:18:11.690 [JavaFX Application Thread] DEBUG Input                - Registered new binding: action0 - R
18:18:11.691 [JavaFX Application Thread] DEBUG Input                - Registered new binding: action1 - F
18:18:11.691 [JavaFX Application Thread] DEBUG Input                - Registered new binding: action2 - E
18:18:11.691 [JavaFX Application Thread] DEBUG Input                - Registered new binding: action3 - 1
18:18:11.692 [JavaFX Application Thread] DEBUG Input                - Registered new binding: action4 - 2
18:18:11.693 [JavaFX Application Thread] DEBUG Input                - Registered new binding: action5 - 3
18:18:11.693 [JavaFX Application Thread] DEBUG Input                - Registered new binding: action6 - 4
18:18:11.693 [JavaFX Application Thread] DEBUG Input                - Registered new binding: action7 - 5
18:18:11.694 [JavaFX Application Thread] DEBUG Input                - Registered new binding: action8 - 6
18:18:11.694 [JavaFX Application Thread] DEBUG Input                - Registered new binding: action9 - 7
18:18:11.694 [JavaFX Application Thread] DEBUG Input                - Registered new binding: action10 - 8
18:18:11.695 [JavaFX Application Thread] DEBUG Input                - Registered new binding: action11 - 9
18:18:11.695 [JavaFX Application Thread] DEBUG Input                - Registered new binding: action12 - Q
18:18:11.695 [JavaFX Application Thread] DEBUG Input                - Registered new binding: action13 - Tab
18:18:11.696 [JavaFX Application Thread] DEBUG FXGLAssetLoaderServi - Loading from file system: jar:file:/C:/Users/Admin/.m2/repository/com/github/almasb/fxgl/25/fxgl-25.jar!/fxglassets/textures/fxgl_icon.png
18:18:11.704 [FXGL Background Thread 4 ] DEBUG FXGLAssetLoaderServi - Loading from file system: jar:file:/C:/Users/Admin/.m2/repository/com/github/almasb/fxgl/25/fxgl-25.jar!/fxglassets/ui/fonts/Abel-Regular.ttf
18:18:11.717 [FXGL Background Thread 4 ] DEBUG FXGLAssetLoaderServi - Loading from file system: jar:file:/C:/Users/Admin/.m2/repository/com/github/almasb/fxgl/25/fxgl-25.jar!/fxglassets/ui/fonts/TerminalLandMono-Regular.otf
18:18:11.719 [JavaFX Application Thread] DEBUG FXGLAssetLoaderServi - Loading from file system: jar:file:/C:/Users/Admin/.m2/repository/com/github/almasb/fxgl/25/fxgl-25.jar!/fxglassets/textures/fxgl_default_cursor.png
18:18:11.722 [JavaFX Application Thread] DEBUG Input                - Registered new binding: Screenshot - CTRL+8
18:18:11.722 [JavaFX Application Thread] DEBUG Input                - Registered new binding: Dev Options - 1
18:18:11.722 [JavaFX Application Thread] DEBUG Input                - Registered new binding: Dev Console - 2
18:18:11.723 [JavaFX Application Thread] DEBUG Input                - Registered new binding: System info dump - CTRL+9
18:18:11.723 [JavaFX Application Thread] DEBUG Input                - Registered new binding: Restart - CTRL+R
18:18:11.724 [JavaFX Application Thread] DEBUG Input                - Registered new binding: Toggle Debug Camera - CTRL+7
18:18:11.727 [JavaFX Application Thread] DEBUG LoopRunner           - Starting loop
18:18:11.732 [FXGL Background Thread 4 ] DEBUG FXGLAssetLoaderServi - Loading from file system: jar:file:/C:/Users/Admin/.m2/repository/com/github/almasb/fxgl/25/fxgl-25.jar!/fxglassets/ui/fonts/Courier-Prime.ttf
18:18:11.744 [JavaFX Application Thread] DEBUG LoopRunner           - Initializing JavaFX AnimationTimerLoop
18:18:11.746 [JavaFX Application Thread] DEBUG GameApplicationServi - Starting new game
18:18:11.746 [JavaFX Application Thread] DEBUG Input                - Clearing active input actions
18:18:11.759 [JavaFX Application Thread] DEBUG GameApplicationServi - Removing overlay from FXGLStartupScene and adding to FXGLLoadingScene
18:18:11.764 [JavaFX Application Thread] DEBUG PrimaryStageWindow   - FXGLStartupScene -> FXGLLoadingScene
18:18:11.764 [JavaFX Application Thread] DEBUG GameApplicationServi - Clearing previous game
18:18:11.764 [JavaFX Application Thread] DEBUG GameScene            - Clearing game scene
18:18:11.764 [JavaFX Application Thread] DEBUG GameWorld            - Clearing game world
18:18:11.765 [JavaFX Application Thread] DEBUG PhysicsWorld         - Clearing physics world
18:18:11.766 [FXGL Background Thread 4 ] DEBUG FXGLApplication      - Initializing game
18:18:11.831 [FXGL Background Thread 4 ] WARN  TMXLevelLoader       - TiledMap generated from 1.12.0. Supported version: 1.9.0. Some features may not be parsed fully.
18:18:11.892 [FXGL Background Thread 4 ] DEBUG TMXLevelLoader       - Parsed TiledMap: file:/D:/GameDevelop/Project1/target/classes/assets/levels/Main_level.tmx
18:18:11.893 [FXGL Background Thread 4 ] DEBUG TMXLevelLoader       - Creating tile layer entities
18:18:11.897 [FXGL Background Thread 4 ] DEBUG TilesetLoader        - Loading view for layer BackgroundLayer
18:18:11.902 [FXGL Background Thread 4 ] DEBUG TilesetLoader        - Created buffer with size 3520.0x2048.0
18:18:11.988 [FXGL Background Thread 4 ] DEBUG TilesetLoader        - Loading view for layer DecorationLayer
18:18:11.995 [FXGL Background Thread 4 ] DEBUG TilesetLoader        - Created buffer with size 3520.0x2048.0
18:18:12.034 [FXGL Background Thread 4 ] DEBUG TilesetLoader        - Loading view for layer OverheadLayer
18:18:12.040 [FXGL Background Thread 4 ] DEBUG TilesetLoader        - Created buffer with size 3520.0x2048.0
18:18:12.043 [FXGL Background Thread 4 ] DEBUG TMXLevelLoader       - Creating object layer entities
18:18:12.061 [FXGL Background Thread 4 ] DEBUG FXGLAssetLoaderServi - Loading from file system: file:/D:/GameDevelop/Project1/target/classes/assets/textures/Player/Carry_Idle/Carry_Idle_Down-Sheet.png
18:18:12.071 [JavaFX Application Thread] DEBUG FXGLApplication      - Registering font factories with UI factory
18:18:12.071 [FXGL Background Thread 4 ] DEBUG FXGLAssetLoaderServi - Loading from file system: file:/D:/GameDevelop/Project1/target/classes/assets/textures/Player/Carry_Idle/Carry_Idle_Up-Sheet.png
18:18:12.072 [FXGL Background Thread 4 ] DEBUG FXGLAssetLoaderServi - Loading from file system: file:/D:/GameDevelop/Project1/target/classes/assets/textures/Player/Carry_Idle/Carry_Idle_Side-Sheet.png
18:18:12.075 [FXGL Background Thread 4 ] DEBUG FXGLAssetLoaderServi - Loading from file system: file:/D:/GameDevelop/Project1/target/classes/assets/textures/Player/Carry_Walk/Carry_Walk_Down-Sheet.png
18:18:12.076 [FXGL Background Thread 4 ] DEBUG FXGLAssetLoaderServi - Loading from file system: file:/D:/GameDevelop/Project1/target/classes/assets/textures/Player/Carry_Walk/Carry_Walk_Up-Sheet.png
18:18:12.077 [FXGL Background Thread 4 ] DEBUG FXGLAssetLoaderServi - Loading from file system: file:/D:/GameDevelop/Project1/target/classes/assets/textures/Player/Carry_Walk/Carry_Walk_Side-Sheet.png
18:18:12.079 [FXGL Background Thread 4 ] DEBUG FXGLAssetLoaderServi - Loading from file system: file:/D:/GameDevelop/Project1/target/classes/assets/textures/Player/Carry_Run/Carry_Run_Down-Sheet.png
18:18:12.081 [FXGL Background Thread 4 ] DEBUG FXGLAssetLoaderServi - Loading from file system: file:/D:/GameDevelop/Project1/target/classes/assets/textures/Player/Carry_Run/Carry_Run_Up-Sheet.png
18:18:12.082 [FXGL Background Thread 4 ] DEBUG FXGLAssetLoaderServi - Loading from file system: file:/D:/GameDevelop/Project1/target/classes/assets/textures/Player/Carry_Run/Carry_Run_Side-Sheet.png
18:18:12.098 [FXGL Background Thread 4 ] WARN  TMXLevelLoader       - Parse error
java.lang.IllegalArgumentException: No EntityFactory has a method annotated @Spawns()
	at com.almasb.fxgl.entity.GameWorld.create(GameWorld.kt:413)
	at com.almasb.fxgl.entity.level.tiled.TMXLevelLoader.createObjectLayerEntities(TMXLevelLoader.kt:154)
	at com.almasb.fxgl.entity.level.tiled.TMXLevelLoader.load(TMXLevelLoader.kt:60)
	at com.almasb.fxgl.app.services.FXGLAssetLoaderService.loadLevel(FXGLAssetLoaderService.kt:449)
	at com.almasb.fxgl.dsl.FXGL$Companion.setLevelFromMap(FXGL.kt:645)
	at com.almasb.fxgl.dsl.FXGL.setLevelFromMap(FXGL.kt)
	at Project1Game.Main.initGame(Main.java:77)
	at com.almasb.fxgl.app.FXGLApplication$InitAppTask.initGame(FXGLApplication.kt:346)
	at com.almasb.fxgl.app.FXGLApplication$InitAppTask.call(FXGLApplication.kt:324)
	at com.almasb.fxgl.app.FXGLApplication$InitAppTask.call(FXGLApplication.kt:316)
	at javafx.concurrent.Task$TaskCallable.call(Task.java:1407)
	at java.base/java.util.concurrent.FutureTask.run(FutureTask.java:328)
	at java.base/java.util.concurrent.Executors$RunnableAdapter.call(Executors.java:545)
	at java.base/java.util.concurrent.FutureTask.run(FutureTask.java:328)
	at java.base/java.util.concurrent.ThreadPoolExecutor.runWorker(ThreadPoolExecutor.java:1090)
	at java.base/java.util.concurrent.ThreadPoolExecutor$Worker.run(ThreadPoolExecutor.java:614)
	at java.base/java.lang.Thread.run(Thread.java:1474)

18:18:12.189 [JavaFX Application Thread] DEBUG LoopRunner           - Stopping loop
18:18:12.190 [JavaFX Application Thread] FATAL FXGLApplication      - Uncaught Exception:
java.lang.RuntimeException: Initialization failed
	at com.almasb.fxgl.app.FXGLApplication$InitAppTask.failed(FXGLApplication.kt:350)
	at javafx.concurrent.Task.setState(Task.java:709)
	at javafx.concurrent.Task$TaskCallable.lambda$call$2(Task.java:1437)
	at com.sun.javafx.application.PlatformImpl.lambda$runLater$0(PlatformImpl.java:424)
	at com.sun.glass.ui.InvokeLaterDispatcher$Future.run(InvokeLaterDispatcher.java:95)
	at com.sun.glass.ui.win.WinApplication._runLoop(Native Method)
	at com.sun.glass.ui.win.WinApplication.lambda$runLoop$0(WinApplication.java:168)
	at java.base/java.lang.Thread.run(Thread.java:1474)
Caused by: com.almasb.fxgl.entity.level.LevelLoadingException: No EntityFactory has a method annotated @Spawns()
	at com.almasb.fxgl.entity.level.tiled.TMXLevelLoader.load(TMXLevelLoader.kt:77)
	at com.almasb.fxgl.app.services.FXGLAssetLoaderService.loadLevel(FXGLAssetLoaderService.kt:449)
	at com.almasb.fxgl.dsl.FXGL$Companion.setLevelFromMap(FXGL.kt:645)
	at com.almasb.fxgl.dsl.FXGL.setLevelFromMap(FXGL.kt)
	at Project1Game.Main.initGame(Main.java:77)
	at com.almasb.fxgl.app.FXGLApplication$InitAppTask.initGame(FXGLApplication.kt:346)
	at com.almasb.fxgl.app.FXGLApplication$InitAppTask.call(FXGLApplication.kt:324)
	at com.almasb.fxgl.app.FXGLApplication$InitAppTask.call(FXGLApplication.kt:316)
	at javafx.concurrent.Task$TaskCallable.call(Task.java:1407)
	at java.base/java.util.concurrent.FutureTask.run(FutureTask.java:328)
	at java.base/java.util.concurrent.Executors$RunnableAdapter.call(Executors.java:545)
	at java.base/java.util.concurrent.FutureTask.run(FutureTask.java:328)
	at java.base/java.util.concurrent.ThreadPoolExecutor.runWorker(ThreadPoolExecutor.java:1090)
	at java.base/java.util.concurrent.ThreadPoolExecutor$Worker.run(ThreadPoolExecutor.java:614)
	... 1 more
Caused by: java.lang.IllegalArgumentException: No EntityFactory has a method annotated @Spawns()
	at com.almasb.fxgl.entity.GameWorld.create(GameWorld.kt:413)
	at com.almasb.fxgl.entity.level.tiled.TMXLevelLoader.createObjectLayerEntities(TMXLevelLoader.kt:154)
	at com.almasb.fxgl.entity.level.tiled.TMXLevelLoader.load(TMXLevelLoader.kt:60)
	... 14 more

18:18:12.190 [JavaFX Application Thread] FATAL FXGLApplication      - Application will now exit
18:18:12.198 [JavaFX Application Thread] DEBUG PrimaryStageWindow   - Push state: ErrorSubScene
18:18:12.199 [JavaFX Application Thread] DEBUG Input                - Clearing active input actions
18:18:12.201 [JavaFX Application Thread] DEBUG GameApplicationServi - Removing overlay from FXGLLoadingScene and adding to ErrorSubScene
18:18:12.204 [JavaFX Application Thread] DEBUG PrimaryStageWindow   - FXGLLoadingScene -> ErrorSubScene
18:18:14.660 [FXGL Background Thread 3 ] DEBUG Engine               - Logging environment variables
18:18:14.660 [FXGL Background Thread 3 ] DEBUG Engine               - achievements: []
18:18:14.660 [FXGL Background Thread 3 ] DEBUG Engine               - actualHeight: 720.0
18:18:14.661 [FXGL Background Thread 3 ] DEBUG Engine               - actualHeightProperty: ReadOnlyDoubleProperty [value: 720.0]
18:18:14.661 [FXGL Background Thread 3 ] DEBUG Engine               - actualWidth: 1280.0
18:18:14.661 [FXGL Background Thread 3 ] DEBUG Engine               - actualWidthProperty: ReadOnlyDoubleProperty [value: 1280.0]
18:18:14.661 [FXGL Background Thread 3 ] DEBUG Engine               - appIcon: fxgl_icon.png
18:18:14.661 [FXGL Background Thread 3 ] DEBUG Engine               - applicationMode: DEVELOPER
18:18:14.661 [FXGL Background Thread 3 ] DEBUG Engine               - cSSList: [fxgl_dark.css]
18:18:14.661 [FXGL Background Thread 3 ] DEBUG Engine               - collisionDetectionStrategy: BRUTE_FORCE
18:18:14.661 [FXGL Background Thread 3 ] DEBUG Engine               - configClass: Optional.empty
18:18:14.661 [FXGL Background Thread 3 ] DEBUG Engine               - credits: []
18:18:14.661 [FXGL Background Thread 3 ] DEBUG Engine               - defaultCursor: CursorInfo(imageName=fxgl_default_cursor.png, hotspotX=7.0, hotspotY=6.0)
18:18:14.661 [FXGL Background Thread 3 ] DEBUG Engine               - devBBoxColorProperty: ObjectProperty [value: 0xff0000ff]
18:18:14.661 [FXGL Background Thread 3 ] DEBUG Engine               - devEnableDebugCameraProperty: BooleanProperty [value: false]
18:18:14.661 [FXGL Background Thread 3 ] DEBUG Engine               - devSensorColorProperty: ObjectProperty [value: 0xffff00ff]
18:18:14.661 [FXGL Background Thread 3 ] DEBUG Engine               - devShowBBoxProperty: BooleanProperty [value: false]
18:18:14.662 [FXGL Background Thread 3 ] DEBUG Engine               - devShowPositionProperty: BooleanProperty [value: false]
18:18:14.662 [FXGL Background Thread 3 ] DEBUG Engine               - enabledMenuItems: []
18:18:14.662 [FXGL Background Thread 3 ] DEBUG Engine               - engineServices: [class com.almasb.fxgl.app.services.FXGLAssetLoaderService, class com.almasb.fxgl.app.FXGLApplication$GameApplicationService, class com.almasb.fxgl.app.services.FXGLDialogService, class com.almasb.fxgl.app.services.IOTaskExecutorService, class com.almasb.fxgl.io.FileSystemService, class com.almasb.fxgl.localization.LocalizationService, class com.almasb.fxgl.app.services.SystemBundleService, class com.almasb.fxgl.profile.SaveLoadService, class com.almasb.fxgl.ui.FXGLUIFactoryServiceProvider, class com.almasb.fxgl.ui.FXGLDialogFactoryServiceProvider, class com.almasb.fxgl.audio.AudioPlayer, class com.almasb.fxgl.notification.impl.NotificationServiceProvider, class com.almasb.fxgl.achievement.AchievementService, class com.almasb.fxgl.cutscene.CutsceneService, class com.almasb.fxgl.minigames.MiniGameService, class com.almasb.fxgl.net.NetService, class com.almasb.fxgl.app.services.UpdaterService, class com.almasb.fxgl.dev.DevService]
18:18:14.662 [FXGL Background Thread 3 ] DEBUG Engine               - fontGame: Abel-Regular.ttf
18:18:14.662 [FXGL Background Thread 3 ] DEBUG Engine               - fontMono: TerminalLandMono-Regular.otf
18:18:14.662 [FXGL Background Thread 3 ] DEBUG Engine               - fontSizeScaleUI: 1.0
18:18:14.662 [FXGL Background Thread 3 ] DEBUG Engine               - fontText: Courier-Prime.ttf
18:18:14.662 [FXGL Background Thread 3 ] DEBUG Engine               - fontUI: VarelaRound-Regular.ttf
18:18:14.662 [FXGL Background Thread 3 ] DEBUG Engine               - fpsRefreshRate: 500.0 ms
18:18:14.662 [FXGL Background Thread 3 ] DEBUG Engine               - fullScreen: BooleanProperty [value: false]
18:18:14.662 [FXGL Background Thread 3 ] DEBUG Engine               - gameDifficulty: MEDIUM
18:18:14.662 [FXGL Background Thread 3 ] DEBUG Engine               - gameDifficultyProperty: ObjectProperty [value: MEDIUM]
18:18:14.662 [FXGL Background Thread 3 ] DEBUG Engine               - globalMusicVolume: 0.5
18:18:14.662 [FXGL Background Thread 3 ] DEBUG Engine               - globalMusicVolumeProperty: DoubleProperty [value: 0.5]
18:18:14.662 [FXGL Background Thread 3 ] DEBUG Engine               - globalSoundVolume: 0.5
18:18:14.662 [FXGL Background Thread 3 ] DEBUG Engine               - globalSoundVolumeProperty: DoubleProperty [value: 0.5]
18:18:14.662 [FXGL Background Thread 3 ] DEBUG Engine               - height: 720
18:18:14.662 [FXGL Background Thread 3 ] DEBUG Engine               - is3D: false
18:18:14.662 [FXGL Background Thread 3 ] DEBUG Engine               - isAndroid: false
18:18:14.662 [FXGL Background Thread 3 ] DEBUG Engine               - isBrowser: false
18:18:14.662 [FXGL Background Thread 3 ] DEBUG Engine               - isClickFeedbackEnabled: false
18:18:14.662 [FXGL Background Thread 3 ] DEBUG Engine               - isCloseConfirmation: false
18:18:14.662 [FXGL Background Thread 3 ] DEBUG Engine               - isDesktop: true
18:18:14.662 [FXGL Background Thread 3 ] DEBUG Engine               - isDeveloperMenuEnabled: true
18:18:14.662 [FXGL Background Thread 3 ] DEBUG Engine               - isEmbedded: false
18:18:14.662 [FXGL Background Thread 3 ] DEBUG Engine               - isEntityPreloadEnabled: true
18:18:14.662 [FXGL Background Thread 3 ] DEBUG Engine               - isExperimentalTiledLargeMap: false
18:18:14.662 [FXGL Background Thread 3 ] DEBUG Engine               - isFileSystemWriteAllowed: true
18:18:14.662 [FXGL Background Thread 3 ] DEBUG Engine               - isFullScreenAllowed: false
18:18:14.662 [FXGL Background Thread 3 ] DEBUG Engine               - isFullScreenFromStart: false
18:18:14.662 [FXGL Background Thread 3 ] DEBUG Engine               - isGameMenuEnabled: true
18:18:14.662 [FXGL Background Thread 3 ] DEBUG Engine               - isIOS: false
18:18:14.662 [FXGL Background Thread 3 ] DEBUG Engine               - isIntroEnabled: false
18:18:14.662 [FXGL Background Thread 3 ] DEBUG Engine               - isLinux: false
18:18:14.662 [FXGL Background Thread 3 ] DEBUG Engine               - isMac: false
18:18:14.662 [FXGL Background Thread 3 ] DEBUG Engine               - isMainMenuEnabled: false
18:18:14.662 [FXGL Background Thread 3 ] DEBUG Engine               - isManualResizeEnabled: false
18:18:14.662 [FXGL Background Thread 3 ] DEBUG Engine               - isMobile: false
18:18:14.662 [FXGL Background Thread 3 ] DEBUG Engine               - isNative: false
18:18:14.662 [FXGL Background Thread 3 ] DEBUG Engine               - isPauseMusicWhenMinimized: true
18:18:14.662 [FXGL Background Thread 3 ] DEBUG Engine               - isPreserveResizeRatio: false
18:18:14.662 [FXGL Background Thread 3 ] DEBUG Engine               - isProfilingEnabled: false
18:18:14.662 [FXGL Background Thread 3 ] DEBUG Engine               - isScaleAffectedOnResize: true
18:18:14.662 [FXGL Background Thread 3 ] DEBUG Engine               - isSingleStep: false
18:18:14.662 [FXGL Background Thread 3 ] DEBUG Engine               - isUserProfileEnabled: false
18:18:14.662 [FXGL Background Thread 3 ] DEBUG Engine               - isWindows: true
18:18:14.662 [FXGL Background Thread 3 ] DEBUG Engine               - language: ObjectProperty [value: ENGLISH]
18:18:14.662 [FXGL Background Thread 3 ] DEBUG Engine               - menuKey: ESCAPE
18:18:14.662 [FXGL Background Thread 3 ] DEBUG Engine               - mouseSensitivity: 0.2
18:18:14.662 [FXGL Background Thread 3 ] DEBUG Engine               - notificationViewClass: class com.almasb.fxgl.notification.view.XboxNotificationView
18:18:14.663 [FXGL Background Thread 3 ] DEBUG Engine               - pixelsPerMeter: 50.0
18:18:14.663 [FXGL Background Thread 3 ] DEBUG Engine               - platform: WINDOWS
18:18:14.663 [FXGL Background Thread 3 ] DEBUG Engine               - prefHeightProperty: ReadOnlyDoubleProperty [value: 720.0]
18:18:14.663 [FXGL Background Thread 3 ] DEBUG Engine               - prefWidthProperty: ReadOnlyDoubleProperty [value: 1280.0]
18:18:14.663 [FXGL Background Thread 3 ] DEBUG Engine               - profileDir: profiles/
18:18:14.663 [FXGL Background Thread 3 ] DEBUG Engine               - profileName: StringProperty [value: DEFAULT]
18:18:14.663 [FXGL Background Thread 3 ] DEBUG Engine               - randomSeed: -1
18:18:14.663 [FXGL Background Thread 3 ] DEBUG Engine               - runtimeInfo: RuntimeInfo(platform=WINDOWS, version=25, build=05.02.2026 22.57)
18:18:14.663 [FXGL Background Thread 3 ] DEBUG Engine               - saveFileExt: sav
18:18:14.663 [FXGL Background Thread 3 ] DEBUG Engine               - scaledHeightProp$fxgl: DoubleProperty [bound, value: 720.0]
18:18:14.663 [FXGL Background Thread 3 ] DEBUG Engine               - scaledWidthProp$fxgl: DoubleProperty [bound, value: 1280.0]
18:18:14.663 [FXGL Background Thread 3 ] DEBUG Engine               - sceneFactory: com.almasb.fxgl.app.scene.SceneFactory@30d014f7
18:18:14.663 [FXGL Background Thread 3 ] DEBUG Engine               - secondsIn24h: 60
18:18:14.663 [FXGL Background Thread 3 ] DEBUG Engine               - soundMenuBack: menu/back.wav
18:18:14.663 [FXGL Background Thread 3 ] DEBUG Engine               - soundMenuPress: menu/press.wav
18:18:14.663 [FXGL Background Thread 3 ] DEBUG Engine               - soundMenuSelect: menu/select.wav
18:18:14.663 [FXGL Background Thread 3 ] DEBUG Engine               - soundNotification: core/notification.wav
18:18:14.663 [FXGL Background Thread 3 ] DEBUG Engine               - stageStyle: DECORATED
18:18:14.663 [FXGL Background Thread 3 ] DEBUG Engine               - supportedLanguages: [ENGLISH, FRENCH, GERMAN, HUNGARIAN, RUSSIAN]
18:18:14.663 [FXGL Background Thread 3 ] DEBUG Engine               - ticksPerSecond: -1
18:18:14.663 [FXGL Background Thread 3 ] DEBUG Engine               - title: Untitled
18:18:14.663 [FXGL Background Thread 3 ] DEBUG Engine               - urlGithub: https://github.com/AlmasB/FXGL
18:18:14.663 [FXGL Background Thread 3 ] DEBUG Engine               - urlLeaderboard: http://fxgl-top.herokuapp.com/
18:18:14.663 [FXGL Background Thread 3 ] DEBUG Engine               - urlPOM: https://raw.githubusercontent.com/AlmasB/FXGL/release/README.md
18:18:14.663 [FXGL Background Thread 3 ] DEBUG Engine               - userAppClass: class Project1Game.Main
18:18:14.663 [FXGL Background Thread 3 ] DEBUG Engine               - version: 0.0
18:18:14.663 [FXGL Background Thread 3 ] DEBUG Engine               - versionCheckDays: 7
18:18:14.663 [FXGL Background Thread 3 ] DEBUG Engine               - width: 1280
18:18:14.663 [FXGL Background Thread 3 ] DEBUG Engine               - Logging services
18:18:14.663 [FXGL Background Thread 3 ] DEBUG Engine               - class com.almasb.fxgl.app.services.FXGLAssetLoaderService
18:18:14.663 [FXGL Background Thread 3 ] DEBUG Engine               - class com.almasb.fxgl.app.FXGLApplication$GameApplicationService
18:18:14.663 [FXGL Background Thread 3 ] DEBUG Engine               - class com.almasb.fxgl.app.services.FXGLDialogService
18:18:14.663 [FXGL Background Thread 3 ] DEBUG Engine               - class com.almasb.fxgl.app.services.IOTaskExecutorService
18:18:14.663 [FXGL Background Thread 3 ] DEBUG Engine               - class com.almasb.fxgl.io.FileSystemService
18:18:14.663 [FXGL Background Thread 3 ] DEBUG Engine               - class com.almasb.fxgl.localization.LocalizationService
18:18:14.664 [FXGL Background Thread 3 ] DEBUG Engine               - class com.almasb.fxgl.app.services.SystemBundleService
18:18:14.664 [FXGL Background Thread 3 ] DEBUG Engine               - class com.almasb.fxgl.profile.SaveLoadService
18:18:14.664 [FXGL Background Thread 3 ] DEBUG Engine               - class com.almasb.fxgl.ui.FXGLUIFactoryServiceProvider
18:18:14.664 [FXGL Background Thread 3 ] DEBUG Engine               - class com.almasb.fxgl.ui.FXGLDialogFactoryServiceProvider
18:18:14.664 [FXGL Background Thread 3 ] DEBUG Engine               - class com.almasb.fxgl.audio.AudioPlayer
18:18:14.664 [FXGL Background Thread 3 ] DEBUG Engine               - class com.almasb.fxgl.notification.impl.NotificationServiceProvider
18:18:14.664 [FXGL Background Thread 3 ] DEBUG Engine               - class com.almasb.fxgl.achievement.AchievementService
18:18:14.664 [FXGL Background Thread 3 ] DEBUG Engine               - class com.almasb.fxgl.cutscene.CutsceneService
18:18:14.664 [FXGL Background Thread 3 ] DEBUG Engine               - class com.almasb.fxgl.minigames.MiniGameService
18:18:14.664 [FXGL Background Thread 3 ] DEBUG Engine               - class com.almasb.fxgl.net.NetService
18:18:14.664 [FXGL Background Thread 3 ] DEBUG Engine               - class com.almasb.fxgl.app.services.UpdaterService
18:18:14.664 [FXGL Background Thread 3 ] DEBUG Engine               - class com.almasb.fxgl.dev.DevService
18:18:17.133 [JavaFX Application Thread] DEBUG FXGLApplication      - Exiting FXGL
18:18:17.133 [JavaFX Application Thread] DEBUG Async                - Shutting down background threads
18:18:17.134 [JavaFX Application Thread] DEBUG PrimaryStageWindow   - Closing main window
18:18:17.156 [JavaFX Application Thread] DEBUG Logger               - Closing Logger
