22:49:51.991 [main                     ] DEBUG Logger               - Configured Logger
22:49:51.996 [main                     ] DEBUG GameApplication      - Logging settings
Title: Untitled
Version: 0.0
Width: 1920
Height: 1080
Fullscreen: true
Intro: false
Profiling: false
Single step:false
App Mode: DEVELOPER
Menu Key: ESCAPE
Stage Style: DECORATED
Scene Factory: class com.almasb.fxgl.app.scene.SceneFactory

22:49:52.448 [JavaFX Application Thread] DEBUG FXGLApplication      - Initializing FXGL
22:49:52.453 [JavaFX Application Thread] INFO  Engine               - FXGL-25 (05.02.2026 22.57) on WINDOWS (J:25.0.1 FX:25.0.1)
22:49:52.453 [JavaFX Application Thread] DEBUG Engine               - JRE Vendor Name: Oracle Corporation
22:49:52.453 [JavaFX Application Thread] DEBUG Engine               - Running on OS: Windows 11 version 10.0
22:49:52.453 [JavaFX Application Thread] DEBUG Engine               - Architecture: amd64
22:49:52.453 [JavaFX Application Thread] INFO  Engine               - Source code and latest versions at: https://github.com/AlmasB/FXGL
22:49:52.453 [JavaFX Application Thread] INFO  Engine               -       Ask questions and discuss at: https://github.com/AlmasB/FXGL/discussions
22:49:52.548 [JavaFX Application Thread] DEBUG PrimaryStageWindow   - Creating a JavaFX scene
22:49:52.548 [JavaFX Application Thread] DEBUG PrimaryStageWindow   - Target size > screen size
22:49:52.589 [JavaFX Application Thread] DEBUG PrimaryStageWindow   - Target settings size: 1920.0 x 1080.0
22:49:52.589 [JavaFX Application Thread] DEBUG PrimaryStageWindow   - Scaled scene size:    1511.0 x 864.0
22:49:52.589 [JavaFX Application Thread] DEBUG PrimaryStageWindow   - Scaled ratio: (0.7869791666666667, 0.8)
22:49:52.590 [JavaFX Application Thread] DEBUG PrimaryStageWindow   - Set initial scene to FXGLStartupScene
22:49:52.595 [JavaFX Application Thread] DEBUG PrimaryStageWindow   - Opening main window
22:49:52.883 [JavaFX Application Thread] DEBUG PrimaryStageWindow   - Window border size: (14.5999755859375, 37.5999755859375)
22:49:52.883 [JavaFX Application Thread] DEBUG PrimaryStageWindow   - Scaled size: 1511.0 x 864.0
22:49:52.883 [JavaFX Application Thread] DEBUG PrimaryStageWindow   - Scaled ratio: (0.7869791666666667, 0.8)
22:49:52.884 [JavaFX Application Thread] DEBUG PrimaryStageWindow   - Scene size: 1511.0 x 864.0
22:49:52.884 [JavaFX Application Thread] DEBUG PrimaryStageWindow   - Stage size: 1525.5999755859375 x 901.5999755859375
22:49:52.933 [JavaFX Application Thread] DEBUG PrimaryStageWindow   - Going fullscreen
22:49:52.940 [FXGL Background Thread 1 ] DEBUG Engine               - Initializing environment variables
22:49:52.978 [FXGL Background Thread 1 ] DEBUG FXGLAssetLoaderServi - User app class for loading assets: class Project1Game.Main
22:49:52.978 [FXGL Background Thread 1 ] DEBUG GameApplicationServi - Applying CSS: fxgl_dark.css
22:49:52.979 [FXGL Background Thread 1 ] DEBUG FXGLAssetLoaderServi - Loading from file system: jar:file:/C:/Users/Admin/.m2/repository/com/github/almasb/fxgl/25/fxgl-25.jar!/fxglassets/ui/css/fxgl_dark.css
22:49:53.020 [FXGL Background Thread 1 ] DEBUG GameApplicationServi - Initializing application scenes
22:49:53.059 [FXGL Background Thread 1 ] DEBUG GameWorld            - Game world initialized
22:49:53.106 [FXGL Background Thread 1 ] DEBUG PhysicsWorld         - Physics world initialized: appHeight=1080, physics.ppm=50.0
22:49:53.106 [FXGL Background Thread 1 ] DEBUG PhysicsWorld         - Using strategy: BRUTE_FORCE
22:49:53.111 [FXGL Background Thread 1 ] DEBUG GameScene            - Game scene initialized: 1920x1080
22:49:53.123 [FXGL Background Thread 1 ] DEBUG FXGL.DefaultMenu     - createMenuBodyGameMenu()
22:49:53.138 [FXGL Background Thread 1 ] DEBUG FXGL.DefaultMenu     - createOptionsMenu()
22:49:53.148 [FXGL Background Thread 1 ] DEBUG FXGLAssetLoaderServi - Loading from file system: jar:file:/C:/Users/Admin/.m2/repository/com/github/almasb/fxgl/25/fxgl-25.jar!/fxglassets/textures/particles/smoke.png
22:49:53.220 [FXGL Background Thread 1 ] DEBUG FXGLAssetLoaderServi - Loading from file system: jar:file:/C:/Users/Admin/.m2/repository/com/github/almasb/fxgl/25/fxgl-25.jar!/fxglassets/textures/particles/trace_horizontal.png
22:49:53.249 [FXGL Background Thread 1 ] DEBUG GameApplicationServi - Application scenes initialized
22:49:53.260 [FXGL Background Thread 1 ] DEBUG SystemBundleService  - Loading FXGL system data
22:49:53.261 [FXGL Background Thread 1 ] DEBUG FileSystemAccess     - Reading from: D:\GameDevelop\Project1\system\fxgl.bundle
22:49:53.263 [FXGL Background Thread 1 ] DEBUG SystemBundleService  - Bundle FXGL: {}
22:49:53.263 [FXGL Background Thread 1 ] DEBUG UpdaterService       - Checking for updates
22:49:53.297 [FXGL Background Thread 4 ] DEBUG FXGLApplication      - Loading fonts
22:49:53.297 [FXGL Background Thread 1 ] DEBUG FXGLApplication      - Loading default localization
22:49:53.297 [FXGL Background Thread 4 ] DEBUG FXGLAssetLoaderServi - Loading from file system: jar:file:/C:/Users/Admin/.m2/repository/com/github/almasb/fxgl/25/fxgl-25.jar!/fxglassets/ui/fonts/VarelaRound-Regular.ttf
22:49:53.297 [FXGL Background Thread 1 ] DEBUG FXGLAssetLoaderServi - Loading from file system: jar:file:/C:/Users/Admin/.m2/repository/com/github/almasb/fxgl/25/fxgl-25.jar!/fxglassets/languages/english.lang
22:49:53.306 [FXGL Background Thread 4 ] DEBUG FXGLAssetLoaderServi - Loading from file system: jar:file:/C:/Users/Admin/.m2/repository/com/github/almasb/fxgl/25/fxgl-25.jar!/fxglassets/ui/fonts/Abel-Regular.ttf
22:49:53.309 [FXGL Background Thread 4 ] DEBUG FXGLAssetLoaderServi - Loading from file system: jar:file:/C:/Users/Admin/.m2/repository/com/github/almasb/fxgl/25/fxgl-25.jar!/fxglassets/ui/fonts/TerminalLandMono-Regular.otf
22:49:53.310 [FXGL Background Thread 1 ] INFO  FXGLApplication      - FXGL initialization took: 0.370 sec
22:49:53.312 [FXGL Background Thread 4 ] DEBUG FXGLAssetLoaderServi - Loading from file system: jar:file:/C:/Users/Admin/.m2/repository/com/github/almasb/fxgl/25/fxgl-25.jar!/fxglassets/ui/fonts/Courier-Prime.ttf
22:49:53.318 [JavaFX Application Thread] DEBUG Input                - Registered new binding: Move Right - D
22:49:53.318 [JavaFX Application Thread] DEBUG Input                - Registered new binding: Move Left - A
22:49:53.318 [JavaFX Application Thread] DEBUG Input                - Registered new binding: Move Up - W
22:49:53.318 [JavaFX Application Thread] DEBUG Input                - Registered new binding: Move Down - S
22:49:53.319 [JavaFX Application Thread] DEBUG Input                - Registered new binding: action0 - F
22:49:53.319 [JavaFX Application Thread] DEBUG Input                - Registered new binding: action1 - E
22:49:53.320 [JavaFX Application Thread] DEBUG FXGLAssetLoaderServi - Loading from file system: jar:file:/C:/Users/Admin/.m2/repository/com/github/almasb/fxgl/25/fxgl-25.jar!/fxglassets/textures/fxgl_icon.png
22:49:53.337 [JavaFX Application Thread] DEBUG FXGLAssetLoaderServi - Loading from file system: jar:file:/C:/Users/Admin/.m2/repository/com/github/almasb/fxgl/25/fxgl-25.jar!/fxglassets/textures/fxgl_default_cursor.png
22:49:53.338 [JavaFX Application Thread] DEBUG Input                - Registered new binding: Screenshot - CTRL+8
22:49:53.338 [JavaFX Application Thread] DEBUG Input                - Registered new binding: Dev Options - 1
22:49:53.339 [JavaFX Application Thread] DEBUG Input                - Registered new binding: Dev Console - 2
22:49:53.339 [JavaFX Application Thread] DEBUG Input                - Registered new binding: System info dump - CTRL+9
22:49:53.339 [JavaFX Application Thread] DEBUG Input                - Registered new binding: Restart - CTRL+R
22:49:53.340 [JavaFX Application Thread] DEBUG Input                - Registered new binding: Toggle Debug Camera - CTRL+7
22:49:53.342 [JavaFX Application Thread] DEBUG LoopRunner           - Starting loop
22:49:53.354 [JavaFX Application Thread] DEBUG LoopRunner           - Initializing JavaFX AnimationTimerLoop
22:49:53.356 [JavaFX Application Thread] DEBUG GameApplicationServi - Starting new game
22:49:53.356 [JavaFX Application Thread] DEBUG Input                - Clearing active input actions
22:49:53.365 [JavaFX Application Thread] DEBUG GameApplicationServi - Removing overlay from FXGLStartupScene and adding to FXGLLoadingScene
22:49:53.368 [JavaFX Application Thread] DEBUG PrimaryStageWindow   - FXGLStartupScene -> FXGLLoadingScene
22:49:53.368 [JavaFX Application Thread] DEBUG GameApplicationServi - Clearing previous game
22:49:53.368 [JavaFX Application Thread] DEBUG GameScene            - Clearing game scene
22:49:53.368 [JavaFX Application Thread] DEBUG GameWorld            - Clearing game world
22:49:53.368 [JavaFX Application Thread] DEBUG PhysicsWorld         - Clearing physics world
22:49:53.369 [JavaFX Application Thread] DEBUG FXGLApplication      - Registering font factories with UI factory
22:49:53.369 [FXGL Background Thread 4 ] DEBUG FXGLApplication      - Initializing game
22:49:53.380 [FXGL Background Thread 4 ] WARN  FXGLAssetLoaderServi - Asset "/assets/textures/java.awt.Rectangle[x=0,y=0,width=0,height=0]" was not found!
22:49:53.381 [FXGL Background Thread 4 ] WARN  FXGLAssetLoaderServi - Failed to load IMAGE
22:49:53.630 [FXGL Background Thread 4 ] WARN  TMXLevelLoader       - TiledMap generated from 1.12.0. Supported version: 1.9.0. Some features may not be parsed fully.
22:49:53.650 [FXGL Background Thread 4 ] DEBUG TMXLevelLoader       - Parsed TiledMap: file:/D:/GameDevelop/Project1/target/classes/assets/levels/level2.tmx
22:49:53.651 [FXGL Background Thread 4 ] DEBUG TMXLevelLoader       - Creating tile layer entities
22:49:53.653 [FXGL Background Thread 4 ] DEBUG TilesetLoader        - Loading view for layer Base_Grass
22:49:53.656 [FXGL Background Thread 4 ] DEBUG TilesetLoader        - Created buffer with size 1920.0x1088.0
22:49:53.685 [FXGL Background Thread 4 ] DEBUG TilesetLoader        - Loading view for layer Path_Decoration
22:49:53.686 [FXGL Background Thread 4 ] DEBUG TilesetLoader        - Created buffer with size 1920.0x1088.0
22:49:53.690 [FXGL Background Thread 4 ] DEBUG TilesetLoader        - Loading view for layer Water_Layer
22:49:53.691 [FXGL Background Thread 4 ] DEBUG TilesetLoader        - Created buffer with size 1920.0x1088.0
22:49:53.692 [FXGL Background Thread 4 ] DEBUG TilesetLoader        - Loading view for layer Floating_Decoration
22:49:53.693 [FXGL Background Thread 4 ] DEBUG TilesetLoader        - Created buffer with size 1920.0x1088.0
22:49:53.693 [FXGL Background Thread 4 ] DEBUG TMXLevelLoader       - Creating object layer entities
22:49:53.697 [FXGL Background Thread 4 ] DEBUG FXGLAssetLoaderServi - Loading from file system: file:/D:/GameDevelop/Project1/target/classes/assets/textures/Player.png
22:49:53.703 [FXGL Background Thread 4 ] DEBUG GameWorld            - Clearing removable entities
22:49:53.704 [FXGL Background Thread 4 ] DEBUG GameWorld            - Setting level: com.almasb.fxgl.entity.level.Level@5e7325c9
22:49:53.708 [FXGL Background Thread 4 ] INFO  FXGLApplication      - Game initialization took: 0.338 sec
22:49:53.709 [JavaFX Application Thread] DEBUG Input                - Clearing active input actions
22:49:53.717 [JavaFX Application Thread] DEBUG GameApplicationServi - Removing overlay from FXGLLoadingScene and adding to GameScene
22:49:53.720 [JavaFX Application Thread] DEBUG PrimaryStageWindow   - FXGLLoadingScene -> GameScene
22:49:56.296 [FXGL Background Thread 3 ] DEBUG Engine               - Logging environment variables
22:49:56.296 [FXGL Background Thread 3 ] DEBUG Engine               - achievements: []
22:49:56.296 [FXGL Background Thread 3 ] DEBUG Engine               - actualHeight: 864.0
22:49:56.296 [FXGL Background Thread 3 ] DEBUG Engine               - actualHeightProperty: ReadOnlyDoubleProperty [value: 864.0]
22:49:56.296 [FXGL Background Thread 3 ] DEBUG Engine               - actualWidth: 1536.0
22:49:56.296 [FXGL Background Thread 3 ] DEBUG Engine               - actualWidthProperty: ReadOnlyDoubleProperty [value: 1536.0]
22:49:56.296 [FXGL Background Thread 3 ] DEBUG Engine               - appIcon: fxgl_icon.png
22:49:56.296 [FXGL Background Thread 3 ] DEBUG Engine               - applicationMode: DEVELOPER
22:49:56.296 [FXGL Background Thread 3 ] DEBUG Engine               - cSSList: [fxgl_dark.css]
22:49:56.296 [FXGL Background Thread 3 ] DEBUG Engine               - collisionDetectionStrategy: BRUTE_FORCE
22:49:56.296 [FXGL Background Thread 3 ] DEBUG Engine               - configClass: Optional.empty
22:49:56.296 [FXGL Background Thread 3 ] DEBUG Engine               - credits: []
22:49:56.297 [FXGL Background Thread 3 ] DEBUG Engine               - defaultCursor: CursorInfo(imageName=fxgl_default_cursor.png, hotspotX=7.0, hotspotY=6.0)
22:49:56.297 [FXGL Background Thread 3 ] DEBUG Engine               - devBBoxColorProperty: ObjectProperty [value: 0xff0000ff]
22:49:56.297 [FXGL Background Thread 3 ] DEBUG Engine               - devEnableDebugCameraProperty: BooleanProperty [value: false]
22:49:56.297 [FXGL Background Thread 3 ] DEBUG Engine               - devSensorColorProperty: ObjectProperty [value: 0xffff00ff]
22:49:56.297 [FXGL Background Thread 3 ] DEBUG Engine               - devShowBBoxProperty: BooleanProperty [value: false]
22:49:56.297 [FXGL Background Thread 3 ] DEBUG Engine               - devShowPositionProperty: BooleanProperty [value: false]
22:49:56.297 [FXGL Background Thread 3 ] DEBUG Engine               - enabledMenuItems: []
22:49:56.297 [FXGL Background Thread 3 ] DEBUG Engine               - engineServices: [class com.almasb.fxgl.app.services.FXGLAssetLoaderService, class com.almasb.fxgl.app.FXGLApplication$GameApplicationService, class com.almasb.fxgl.app.services.FXGLDialogService, class com.almasb.fxgl.app.services.IOTaskExecutorService, class com.almasb.fxgl.io.FileSystemService, class com.almasb.fxgl.localization.LocalizationService, class com.almasb.fxgl.app.services.SystemBundleService, class com.almasb.fxgl.profile.SaveLoadService, class com.almasb.fxgl.ui.FXGLUIFactoryServiceProvider, class com.almasb.fxgl.ui.FXGLDialogFactoryServiceProvider, class com.almasb.fxgl.audio.AudioPlayer, class com.almasb.fxgl.notification.impl.NotificationServiceProvider, class com.almasb.fxgl.achievement.AchievementService, class com.almasb.fxgl.cutscene.CutsceneService, class com.almasb.fxgl.minigames.MiniGameService, class com.almasb.fxgl.net.NetService, class com.almasb.fxgl.app.services.UpdaterService, class com.almasb.fxgl.dev.DevService]
22:49:56.297 [FXGL Background Thread 3 ] DEBUG Engine               - fontGame: Abel-Regular.ttf
22:49:56.297 [FXGL Background Thread 3 ] DEBUG Engine               - fontMono: TerminalLandMono-Regular.otf
22:49:56.297 [FXGL Background Thread 3 ] DEBUG Engine               - fontSizeScaleUI: 1.0
22:49:56.298 [FXGL Background Thread 3 ] DEBUG Engine               - fontText: Courier-Prime.ttf
22:49:56.298 [FXGL Background Thread 3 ] DEBUG Engine               - fontUI: VarelaRound-Regular.ttf
22:49:56.298 [FXGL Background Thread 3 ] DEBUG Engine               - fpsRefreshRate: 500.0 ms
22:49:56.298 [FXGL Background Thread 3 ] DEBUG Engine               - fullScreen: BooleanProperty [value: true]
22:49:56.298 [FXGL Background Thread 3 ] DEBUG Engine               - gameDifficulty: MEDIUM
22:49:56.298 [FXGL Background Thread 3 ] DEBUG Engine               - gameDifficultyProperty: ObjectProperty [value: MEDIUM]
22:49:56.298 [FXGL Background Thread 3 ] DEBUG Engine               - globalMusicVolume: 0.5
22:49:56.299 [FXGL Background Thread 3 ] DEBUG Engine               - globalMusicVolumeProperty: DoubleProperty [value: 0.5]
22:49:56.299 [FXGL Background Thread 3 ] DEBUG Engine               - globalSoundVolume: 0.5
22:49:56.299 [FXGL Background Thread 3 ] DEBUG Engine               - globalSoundVolumeProperty: DoubleProperty [value: 0.5]
22:49:56.299 [FXGL Background Thread 3 ] DEBUG Engine               - height: 1080
22:49:56.299 [FXGL Background Thread 3 ] DEBUG Engine               - is3D: false
22:49:56.299 [FXGL Background Thread 3 ] DEBUG Engine               - isAndroid: false
22:49:56.299 [FXGL Background Thread 3 ] DEBUG Engine               - isBrowser: false
22:49:56.299 [FXGL Background Thread 3 ] DEBUG Engine               - isClickFeedbackEnabled: false
22:49:56.299 [FXGL Background Thread 3 ] DEBUG Engine               - isCloseConfirmation: false
22:49:56.299 [FXGL Background Thread 3 ] DEBUG Engine               - isDesktop: true
22:49:56.299 [FXGL Background Thread 3 ] DEBUG Engine               - isDeveloperMenuEnabled: true
22:49:56.299 [FXGL Background Thread 3 ] DEBUG Engine               - isEmbedded: false
22:49:56.299 [FXGL Background Thread 3 ] DEBUG Engine               - isEntityPreloadEnabled: true
22:49:56.299 [FXGL Background Thread 3 ] DEBUG Engine               - isExperimentalTiledLargeMap: false
22:49:56.299 [FXGL Background Thread 3 ] DEBUG Engine               - isFileSystemWriteAllowed: true
22:49:56.299 [FXGL Background Thread 3 ] DEBUG Engine               - isFullScreenAllowed: true
22:49:56.299 [FXGL Background Thread 3 ] DEBUG Engine               - isFullScreenFromStart: true
22:49:56.299 [FXGL Background Thread 3 ] DEBUG Engine               - isGameMenuEnabled: true
22:49:56.299 [FXGL Background Thread 3 ] DEBUG Engine               - isIOS: false
22:49:56.299 [FXGL Background Thread 3 ] DEBUG Engine               - isIntroEnabled: false
22:49:56.299 [FXGL Background Thread 3 ] DEBUG Engine               - isLinux: false
22:49:56.299 [FXGL Background Thread 3 ] DEBUG Engine               - isMac: false
22:49:56.299 [FXGL Background Thread 3 ] DEBUG Engine               - isMainMenuEnabled: false
22:49:56.299 [FXGL Background Thread 3 ] DEBUG Engine               - isManualResizeEnabled: false
22:49:56.299 [FXGL Background Thread 3 ] DEBUG Engine               - isMobile: false
22:49:56.299 [FXGL Background Thread 3 ] DEBUG Engine               - isNative: false
22:49:56.299 [FXGL Background Thread 3 ] DEBUG Engine               - isPauseMusicWhenMinimized: true
22:49:56.299 [FXGL Background Thread 3 ] DEBUG Engine               - isPreserveResizeRatio: false
22:49:56.299 [FXGL Background Thread 3 ] DEBUG Engine               - isProfilingEnabled: false
22:49:56.299 [FXGL Background Thread 3 ] DEBUG Engine               - isScaleAffectedOnResize: true
22:49:56.299 [FXGL Background Thread 3 ] DEBUG Engine               - isSingleStep: false
22:49:56.299 [FXGL Background Thread 3 ] DEBUG Engine               - isUserProfileEnabled: false
22:49:56.299 [FXGL Background Thread 3 ] DEBUG Engine               - isWindows: true
22:49:56.299 [FXGL Background Thread 3 ] DEBUG Engine               - language: ObjectProperty [value: ENGLISH]
22:49:56.299 [FXGL Background Thread 3 ] DEBUG Engine               - menuKey: ESCAPE
22:49:56.299 [FXGL Background Thread 3 ] DEBUG Engine               - mouseSensitivity: 0.2
22:49:56.299 [FXGL Background Thread 3 ] DEBUG Engine               - notificationViewClass: class com.almasb.fxgl.notification.view.XboxNotificationView
22:49:56.299 [FXGL Background Thread 3 ] DEBUG Engine               - pixelsPerMeter: 50.0
22:49:56.299 [FXGL Background Thread 3 ] DEBUG Engine               - platform: WINDOWS
22:49:56.299 [FXGL Background Thread 3 ] DEBUG Engine               - prefHeightProperty: ReadOnlyDoubleProperty [value: 1080.0]
22:49:56.300 [FXGL Background Thread 3 ] DEBUG Engine               - prefWidthProperty: ReadOnlyDoubleProperty [value: 1920.0]
22:49:56.300 [FXGL Background Thread 3 ] DEBUG Engine               - profileDir: profiles/
22:49:56.300 [FXGL Background Thread 3 ] DEBUG Engine               - profileName: StringProperty [value: DEFAULT]
22:49:56.300 [FXGL Background Thread 3 ] DEBUG Engine               - randomSeed: -1
22:49:56.300 [FXGL Background Thread 3 ] DEBUG Engine               - runtimeInfo: RuntimeInfo(platform=WINDOWS, version=25, build=05.02.2026 22.57)
22:49:56.300 [FXGL Background Thread 3 ] DEBUG Engine               - saveFileExt: sav
22:49:56.300 [FXGL Background Thread 3 ] DEBUG Engine               - scaledHeightProp$fxgl: DoubleProperty [bound, value: 864.0]
22:49:56.300 [FXGL Background Thread 3 ] DEBUG Engine               - scaledWidthProp$fxgl: DoubleProperty [bound, value: 1536.0]
22:49:56.300 [FXGL Background Thread 3 ] DEBUG Engine               - sceneFactory: com.almasb.fxgl.app.scene.SceneFactory@41e8df27
22:49:56.300 [FXGL Background Thread 3 ] DEBUG Engine               - secondsIn24h: 60
22:49:56.300 [FXGL Background Thread 3 ] DEBUG Engine               - soundMenuBack: menu/back.wav
22:49:56.300 [FXGL Background Thread 3 ] DEBUG Engine               - soundMenuPress: menu/press.wav
22:49:56.300 [FXGL Background Thread 3 ] DEBUG Engine               - soundMenuSelect: menu/select.wav
22:49:56.300 [FXGL Background Thread 3 ] DEBUG Engine               - soundNotification: core/notification.wav
22:49:56.300 [FXGL Background Thread 3 ] DEBUG Engine               - stageStyle: DECORATED
22:49:56.300 [FXGL Background Thread 3 ] DEBUG Engine               - supportedLanguages: [ENGLISH, FRENCH, GERMAN, HUNGARIAN, RUSSIAN]
22:49:56.300 [FXGL Background Thread 3 ] DEBUG Engine               - ticksPerSecond: -1
22:49:56.300 [FXGL Background Thread 3 ] DEBUG Engine               - title: Untitled
22:49:56.300 [FXGL Background Thread 3 ] DEBUG Engine               - urlGithub: https://github.com/AlmasB/FXGL
22:49:56.300 [FXGL Background Thread 3 ] DEBUG Engine               - urlLeaderboard: http://fxgl-top.herokuapp.com/
22:49:56.300 [FXGL Background Thread 3 ] DEBUG Engine               - urlPOM: https://raw.githubusercontent.com/AlmasB/FXGL/release/README.md
22:49:56.300 [FXGL Background Thread 3 ] DEBUG Engine               - userAppClass: class Project1Game.Main
22:49:56.300 [FXGL Background Thread 3 ] DEBUG Engine               - version: 0.0
22:49:56.300 [FXGL Background Thread 3 ] DEBUG Engine               - versionCheckDays: 7
22:49:56.300 [FXGL Background Thread 3 ] DEBUG Engine               - width: 1920
22:49:56.300 [FXGL Background Thread 3 ] DEBUG Engine               - Logging services
22:49:56.300 [FXGL Background Thread 3 ] DEBUG Engine               - class com.almasb.fxgl.app.services.FXGLAssetLoaderService
22:49:56.300 [FXGL Background Thread 3 ] DEBUG Engine               - class com.almasb.fxgl.app.FXGLApplication$GameApplicationService
22:49:56.300 [FXGL Background Thread 3 ] DEBUG Engine               - class com.almasb.fxgl.app.services.FXGLDialogService
22:49:56.300 [FXGL Background Thread 3 ] DEBUG Engine               - class com.almasb.fxgl.app.services.IOTaskExecutorService
22:49:56.300 [FXGL Background Thread 3 ] DEBUG Engine               - class com.almasb.fxgl.io.FileSystemService
22:49:56.300 [FXGL Background Thread 3 ] DEBUG Engine               - class com.almasb.fxgl.localization.LocalizationService
22:49:56.300 [FXGL Background Thread 3 ] DEBUG Engine               - class com.almasb.fxgl.app.services.SystemBundleService
22:49:56.300 [FXGL Background Thread 3 ] DEBUG Engine               - class com.almasb.fxgl.profile.SaveLoadService
22:49:56.300 [FXGL Background Thread 3 ] DEBUG Engine               - class com.almasb.fxgl.ui.FXGLUIFactoryServiceProvider
22:49:56.300 [FXGL Background Thread 3 ] DEBUG Engine               - class com.almasb.fxgl.ui.FXGLDialogFactoryServiceProvider
22:49:56.300 [FXGL Background Thread 3 ] DEBUG Engine               - class com.almasb.fxgl.audio.AudioPlayer
22:49:56.300 [FXGL Background Thread 3 ] DEBUG Engine               - class com.almasb.fxgl.notification.impl.NotificationServiceProvider
22:49:56.300 [FXGL Background Thread 3 ] DEBUG Engine               - class com.almasb.fxgl.achievement.AchievementService
22:49:56.300 [FXGL Background Thread 3 ] DEBUG Engine               - class com.almasb.fxgl.cutscene.CutsceneService
22:49:56.300 [FXGL Background Thread 3 ] DEBUG Engine               - class com.almasb.fxgl.minigames.MiniGameService
22:49:56.300 [FXGL Background Thread 3 ] DEBUG Engine               - class com.almasb.fxgl.net.NetService
22:49:56.300 [FXGL Background Thread 3 ] DEBUG Engine               - class com.almasb.fxgl.app.services.UpdaterService
22:49:56.300 [FXGL Background Thread 3 ] DEBUG Engine               - class com.almasb.fxgl.dev.DevService
22:49:56.603 [JavaFX Application Thread] DEBUG FXGLAssetLoaderServi - Loading from file system: file:/D:/GameDevelop/Project1/target/classes/assets/textures/soil_1.png
22:49:57.299 [JavaFX Application Thread] DEBUG FXGLAssetLoaderServi - Loading from file system: file:/D:/GameDevelop/Project1/target/classes/assets/textures/soil_2.png
22:50:09.171 [JavaFX Application Thread] DEBUG PrimaryStageWindow   - Push state: FXGLDefaultMenu
22:50:09.175 [JavaFX Application Thread] DEBUG Input                - Clearing active input actions
22:50:09.176 [JavaFX Application Thread] DEBUG GameApplicationServi - Removing overlay from GameScene and adding to FXGLDefaultMenu
22:50:09.178 [JavaFX Application Thread] DEBUG PrimaryStageWindow   - GameScene -> FXGLDefaultMenu
22:50:22.655 [JavaFX Application Thread] DEBUG Menu                 - fireExit()
22:50:22.658 [JavaFX Application Thread] DEBUG PrimaryStageWindow   - Push state: DialogSubScene
22:50:22.658 [JavaFX Application Thread] DEBUG Input                - Clearing active input actions
22:50:22.658 [JavaFX Application Thread] DEBUG GameApplicationServi - Removing overlay from FXGLDefaultMenu and adding to DialogSubScene
22:50:22.660 [JavaFX Application Thread] DEBUG PrimaryStageWindow   - FXGLDefaultMenu -> DialogSubScene
22:50:23.457 [JavaFX Application Thread] DEBUG PrimaryStageWindow   - Pop state: DialogSubScene
22:50:23.457 [JavaFX Application Thread] DEBUG Input                - Clearing active input actions
22:50:23.458 [JavaFX Application Thread] DEBUG GameApplicationServi - Removing overlay from DialogSubScene and adding to FXGLDefaultMenu
22:50:23.459 [JavaFX Application Thread] DEBUG PrimaryStageWindow   - FXGLDefaultMenu <- DialogSubScene
22:50:23.459 [JavaFX Application Thread] DEBUG FXGLApplication      - Exiting FXGL
22:50:23.459 [JavaFX Application Thread] DEBUG LoopRunner           - Stopping loop
22:50:23.459 [JavaFX Application Thread] DEBUG SystemBundleService  - Saving FXGL system data
22:50:23.460 [JavaFX Application Thread] DEBUG FileSystemAccess     - Writing to: D:\GameDevelop\Project1\system\fxgl.bundle
22:50:23.460 [JavaFX Application Thread] DEBUG Async                - Shutting down background threads
22:50:23.460 [JavaFX Application Thread] DEBUG PrimaryStageWindow   - Closing main window
22:50:23.493 [JavaFX Application Thread] DEBUG Logger               - Closing Logger
