11:03:22.782 [main                     ] DEBUG Logger               - Configured Logger
11:03:22.787 [main                     ] DEBUG GameApplication      - Logging settings
Title: Untitled
Version: 0.0
Width: 1280
Height: 720
Fullscreen: false
Intro: false
Profiling: false
Single step:false
App Mode: DEVELOPER
Menu Key: ESCAPE
Stage Style: DECORATED
Scene Factory: class com.almasb.fxgl.app.scene.SceneFactory

11:03:23.114 [JavaFX Application Thread] DEBUG FXGLApplication      - Initializing FXGL
11:03:23.116 [JavaFX Application Thread] INFO  Engine               - FXGL-25 (05.02.2026 22.57) on WINDOWS (J:25.0.1 FX:25.0.1)
11:03:23.118 [JavaFX Application Thread] DEBUG Engine               - JRE Vendor Name: Oracle Corporation
11:03:23.118 [JavaFX Application Thread] DEBUG Engine               - Running on OS: Windows 11 version 10.0
11:03:23.118 [JavaFX Application Thread] DEBUG Engine               - Architecture: amd64
11:03:23.118 [JavaFX Application Thread] INFO  Engine               - Source code and latest versions at: https://github.com/AlmasB/FXGL
11:03:23.118 [JavaFX Application Thread] INFO  Engine               -       Ask questions and discuss at: https://github.com/AlmasB/FXGL/discussions
11:03:23.191 [JavaFX Application Thread] DEBUG PrimaryStageWindow   - Creating a JavaFX scene
11:03:23.227 [JavaFX Application Thread] DEBUG PrimaryStageWindow   - Target settings size: 1280.0 x 720.0
11:03:23.227 [JavaFX Application Thread] DEBUG PrimaryStageWindow   - Scaled scene size:    1280.0 x 720.0
11:03:23.227 [JavaFX Application Thread] DEBUG PrimaryStageWindow   - Scaled ratio: (1.0, 1.0)
11:03:23.228 [JavaFX Application Thread] DEBUG PrimaryStageWindow   - Set initial scene to FXGLStartupScene
11:03:23.231 [JavaFX Application Thread] DEBUG PrimaryStageWindow   - Opening main window
11:03:23.479 [JavaFX Application Thread] DEBUG PrimaryStageWindow   - Window border size: (14.4000244140625, 37.5999755859375)
11:03:23.479 [JavaFX Application Thread] DEBUG PrimaryStageWindow   - Scaled size: 1280.0 x 720.0
11:03:23.479 [JavaFX Application Thread] DEBUG PrimaryStageWindow   - Scaled ratio: (1.0, 1.0)
11:03:23.480 [JavaFX Application Thread] DEBUG PrimaryStageWindow   - Scene size: 1280.0 x 720.0
11:03:23.480 [JavaFX Application Thread] DEBUG PrimaryStageWindow   - Stage size: 1294.4000244140625 x 757.5999755859375
11:03:23.485 [FXGL Background Thread 1 ] DEBUG Engine               - Initializing environment variables
11:03:23.526 [FXGL Background Thread 1 ] DEBUG FXGLAssetLoaderServi - User app class for loading assets: class Project1Game.Main
11:03:23.526 [FXGL Background Thread 1 ] DEBUG GameApplicationServi - Applying CSS: fxgl_dark.css
11:03:23.526 [FXGL Background Thread 1 ] DEBUG FXGLAssetLoaderServi - Loading from file system: jar:file:/C:/Users/Admin/.m2/repository/com/github/almasb/fxgl/25/fxgl-25.jar!/fxglassets/ui/css/fxgl_dark.css
11:03:23.561 [FXGL Background Thread 1 ] DEBUG GameApplicationServi - Initializing application scenes
11:03:23.592 [FXGL Background Thread 1 ] DEBUG GameWorld            - Game world initialized
11:03:23.627 [FXGL Background Thread 1 ] DEBUG PhysicsWorld         - Physics world initialized: appHeight=720, physics.ppm=50.0
11:03:23.627 [FXGL Background Thread 1 ] DEBUG PhysicsWorld         - Using strategy: BRUTE_FORCE
11:03:23.631 [FXGL Background Thread 1 ] DEBUG GameScene            - Game scene initialized: 1280x720
11:03:23.642 [FXGL Background Thread 1 ] DEBUG FXGL.DefaultMenu     - createMenuBodyGameMenu()
11:03:23.656 [FXGL Background Thread 1 ] DEBUG FXGL.DefaultMenu     - createOptionsMenu()
11:03:23.667 [FXGL Background Thread 1 ] DEBUG FXGLAssetLoaderServi - Loading from file system: jar:file:/C:/Users/Admin/.m2/repository/com/github/almasb/fxgl/25/fxgl-25.jar!/fxglassets/textures/particles/smoke.png
11:03:23.733 [FXGL Background Thread 1 ] DEBUG FXGLAssetLoaderServi - Loading from file system: jar:file:/C:/Users/Admin/.m2/repository/com/github/almasb/fxgl/25/fxgl-25.jar!/fxglassets/textures/particles/trace_horizontal.png
11:03:23.757 [FXGL Background Thread 1 ] DEBUG GameApplicationServi - Application scenes initialized
11:03:23.767 [FXGL Background Thread 1 ] DEBUG SystemBundleService  - Loading FXGL system data
11:03:23.769 [FXGL Background Thread 1 ] DEBUG FileSystemAccess     - Reading from: D:\GameDevelop\Project1\system\fxgl.bundle
11:03:23.776 [FXGL Background Thread 1 ] DEBUG SystemBundleService  - Bundle FXGL: {}
11:03:23.776 [FXGL Background Thread 1 ] DEBUG UpdaterService       - Checking for updates
11:03:23.801 [FXGL Background Thread 4 ] DEBUG FXGLApplication      - Loading fonts
11:03:23.801 [FXGL Background Thread 4 ] DEBUG FXGLAssetLoaderServi - Loading from file system: jar:file:/C:/Users/Admin/.m2/repository/com/github/almasb/fxgl/25/fxgl-25.jar!/fxglassets/ui/fonts/VarelaRound-Regular.ttf
11:03:23.802 [FXGL Background Thread 1 ] DEBUG FXGLApplication      - Loading default localization
11:03:23.802 [FXGL Background Thread 1 ] DEBUG FXGLAssetLoaderServi - Loading from file system: jar:file:/C:/Users/Admin/.m2/repository/com/github/almasb/fxgl/25/fxgl-25.jar!/fxglassets/languages/english.lang
11:03:23.814 [FXGL Background Thread 1 ] INFO  FXGLApplication      - FXGL initialization took: 0.328 sec
11:03:23.821 [JavaFX Application Thread] DEBUG Input                - Registered new binding: Move Right - D
11:03:23.821 [JavaFX Application Thread] DEBUG Input                - Registered new binding: Move Left - A
11:03:23.821 [JavaFX Application Thread] DEBUG Input                - Registered new binding: Move Up - W
11:03:23.821 [JavaFX Application Thread] DEBUG Input                - Registered new binding: Move Down - S
11:03:23.822 [JavaFX Application Thread] DEBUG Input                - Registered new binding: action0 - I
11:03:23.822 [JavaFX Application Thread] DEBUG Input                - Registered new binding: action1 - R
11:03:23.824 [JavaFX Application Thread] DEBUG Input                - Registered new binding: action2 - F
11:03:23.824 [JavaFX Application Thread] DEBUG Input                - Registered new binding: action3 - E
11:03:23.824 [JavaFX Application Thread] DEBUG Input                - Registered new binding: action4 - 1
11:03:23.824 [JavaFX Application Thread] DEBUG Input                - Registered new binding: action5 - 2
11:03:23.825 [JavaFX Application Thread] DEBUG Input                - Registered new binding: action6 - 3
11:03:23.825 [JavaFX Application Thread] DEBUG Input                - Registered new binding: action7 - 4
11:03:23.826 [JavaFX Application Thread] DEBUG Input                - Registered new binding: action8 - 5
11:03:23.826 [JavaFX Application Thread] DEBUG Input                - Registered new binding: action9 - 6
11:03:23.826 [JavaFX Application Thread] DEBUG Input                - Registered new binding: action10 - 7
11:03:23.826 [JavaFX Application Thread] DEBUG Input                - Registered new binding: action11 - 8
11:03:23.827 [JavaFX Application Thread] DEBUG Input                - Registered new binding: action12 - 9
11:03:23.827 [JavaFX Application Thread] DEBUG Input                - Registered new binding: action13 - Q
11:03:23.827 [JavaFX Application Thread] DEBUG Input                - Registered new binding: action14 - Tab
11:03:23.828 [JavaFX Application Thread] DEBUG FXGLAssetLoaderServi - Loading from file system: jar:file:/C:/Users/Admin/.m2/repository/com/github/almasb/fxgl/25/fxgl-25.jar!/fxglassets/textures/fxgl_icon.png
11:03:23.831 [FXGL Background Thread 4 ] DEBUG FXGLAssetLoaderServi - Loading from file system: jar:file:/C:/Users/Admin/.m2/repository/com/github/almasb/fxgl/25/fxgl-25.jar!/fxglassets/ui/fonts/Abel-Regular.ttf
11:03:23.840 [FXGL Background Thread 4 ] DEBUG FXGLAssetLoaderServi - Loading from file system: jar:file:/C:/Users/Admin/.m2/repository/com/github/almasb/fxgl/25/fxgl-25.jar!/fxglassets/ui/fonts/TerminalLandMono-Regular.otf
11:03:23.841 [JavaFX Application Thread] DEBUG FXGLAssetLoaderServi - Loading from file system: jar:file:/C:/Users/Admin/.m2/repository/com/github/almasb/fxgl/25/fxgl-25.jar!/fxglassets/textures/fxgl_default_cursor.png
11:03:23.843 [JavaFX Application Thread] DEBUG Input                - Registered new binding: Screenshot - CTRL+8
11:03:23.843 [JavaFX Application Thread] DEBUG Input                - Registered new binding: Dev Options - 1
11:03:23.845 [JavaFX Application Thread] DEBUG Input                - Registered new binding: Dev Console - 2
11:03:23.845 [JavaFX Application Thread] DEBUG Input                - Registered new binding: System info dump - CTRL+9
11:03:23.845 [JavaFX Application Thread] DEBUG Input                - Registered new binding: Restart - CTRL+R
11:03:23.846 [JavaFX Application Thread] DEBUG Input                - Registered new binding: Toggle Debug Camera - CTRL+7
11:03:23.849 [JavaFX Application Thread] DEBUG LoopRunner           - Starting loop
11:03:23.851 [FXGL Background Thread 4 ] DEBUG FXGLAssetLoaderServi - Loading from file system: jar:file:/C:/Users/Admin/.m2/repository/com/github/almasb/fxgl/25/fxgl-25.jar!/fxglassets/ui/fonts/Courier-Prime.ttf
11:03:23.859 [JavaFX Application Thread] DEBUG LoopRunner           - Initializing JavaFX AnimationTimerLoop
11:03:23.861 [JavaFX Application Thread] DEBUG GameApplicationServi - Starting new game
11:03:23.862 [JavaFX Application Thread] DEBUG Input                - Clearing active input actions
11:03:23.877 [JavaFX Application Thread] DEBUG GameApplicationServi - Removing overlay from FXGLStartupScene and adding to FXGLLoadingScene
11:03:23.883 [JavaFX Application Thread] DEBUG PrimaryStageWindow   - FXGLStartupScene -> FXGLLoadingScene
11:03:23.884 [JavaFX Application Thread] DEBUG GameApplicationServi - Clearing previous game
11:03:23.884 [JavaFX Application Thread] DEBUG GameScene            - Clearing game scene
11:03:23.884 [JavaFX Application Thread] DEBUG GameWorld            - Clearing game world
11:03:23.884 [JavaFX Application Thread] DEBUG PhysicsWorld         - Clearing physics world
11:03:23.885 [FXGL Background Thread 4 ] DEBUG FXGLApplication      - Initializing game
11:03:23.925 [FXGL Background Thread 4 ] WARN  TMXLevelLoader       - TiledMap generated from 1.12.0. Supported version: 1.9.0. Some features may not be parsed fully.
11:03:23.958 [FXGL Background Thread 4 ] DEBUG TMXLevelLoader       - Parsed TiledMap: file:/D:/GameDevelop/Project1/target/classes/assets/levels/Main_level.tmx
11:03:23.959 [FXGL Background Thread 4 ] DEBUG TMXLevelLoader       - Creating tile layer entities
11:03:23.961 [FXGL Background Thread 4 ] DEBUG TilesetLoader        - Loading view for layer BackgroundLayer
11:03:23.964 [FXGL Background Thread 4 ] DEBUG TilesetLoader        - Created buffer with size 3520.0x2048.0
11:03:24.018 [FXGL Background Thread 4 ] DEBUG TilesetLoader        - Loading view for layer DecorationLayer
11:03:24.023 [FXGL Background Thread 4 ] DEBUG TilesetLoader        - Created buffer with size 3520.0x2048.0
11:03:24.049 [FXGL Background Thread 4 ] DEBUG TilesetLoader        - Loading view for layer OverheadLayer
11:03:24.052 [FXGL Background Thread 4 ] DEBUG TilesetLoader        - Created buffer with size 3520.0x2048.0
11:03:24.055 [FXGL Background Thread 4 ] DEBUG TMXLevelLoader       - Creating object layer entities
11:03:24.056 [JavaFX Application Thread] DEBUG FXGLApplication      - Registering font factories with UI factory
11:03:24.069 [FXGL Background Thread 4 ] DEBUG FXGLAssetLoaderServi - Loading from file system: file:/D:/GameDevelop/Project1/target/classes/assets/textures/Player/Carry_Idle/Carry_Idle_Down-Sheet.png
11:03:24.071 [FXGL Background Thread 4 ] DEBUG FXGLAssetLoaderServi - Loading from file system: file:/D:/GameDevelop/Project1/target/classes/assets/textures/Player/Carry_Idle/Carry_Idle_Up-Sheet.png
11:03:24.073 [FXGL Background Thread 4 ] DEBUG FXGLAssetLoaderServi - Loading from file system: file:/D:/GameDevelop/Project1/target/classes/assets/textures/Player/Carry_Idle/Carry_Idle_Side-Sheet.png
11:03:24.074 [FXGL Background Thread 4 ] DEBUG FXGLAssetLoaderServi - Loading from file system: file:/D:/GameDevelop/Project1/target/classes/assets/textures/Player/Carry_Walk/Carry_Walk_Down-Sheet.png
11:03:24.075 [FXGL Background Thread 4 ] DEBUG FXGLAssetLoaderServi - Loading from file system: file:/D:/GameDevelop/Project1/target/classes/assets/textures/Player/Carry_Walk/Carry_Walk_Up-Sheet.png
11:03:24.078 [FXGL Background Thread 4 ] DEBUG FXGLAssetLoaderServi - Loading from file system: file:/D:/GameDevelop/Project1/target/classes/assets/textures/Player/Carry_Walk/Carry_Walk_Side-Sheet.png
11:03:24.080 [FXGL Background Thread 4 ] DEBUG FXGLAssetLoaderServi - Loading from file system: file:/D:/GameDevelop/Project1/target/classes/assets/textures/Player/Carry_Run/Carry_Run_Down-Sheet.png
11:03:24.081 [FXGL Background Thread 4 ] DEBUG FXGLAssetLoaderServi - Loading from file system: file:/D:/GameDevelop/Project1/target/classes/assets/textures/Player/Carry_Run/Carry_Run_Up-Sheet.png
11:03:24.082 [FXGL Background Thread 4 ] DEBUG FXGLAssetLoaderServi - Loading from file system: file:/D:/GameDevelop/Project1/target/classes/assets/textures/Player/Carry_Run/Carry_Run_Side-Sheet.png
11:03:24.176 [FXGL Background Thread 4 ] DEBUG GameWorld            - Clearing removable entities
11:03:24.177 [FXGL Background Thread 4 ] DEBUG GameWorld            - Setting level: com.almasb.fxgl.entity.level.Level@6c76ca1a
11:03:24.228 [FXGL Background Thread 4 ] DEBUG FXGLAssetLoaderServi - Loading from file system: file:/D:/GameDevelop/Project1/target/classes/assets/textures/Crops/soil_1.png
11:03:24.232 [FXGL Background Thread 4 ] DEBUG FXGLAssetLoaderServi - Loading from file system: file:/D:/GameDevelop/Project1/target/classes/assets/textures/Crops/rice_1.png
11:03:24.235 [FXGL Background Thread 4 ] DEBUG FXGLAssetLoaderServi - Loading from file system: file:/D:/GameDevelop/Project1/target/classes/assets/textures/Crops/rice_3.png
11:03:24.238 [FXGL Background Thread 4 ] DEBUG FXGLAssetLoaderServi - Loading from file system: file:/D:/GameDevelop/Project1/target/classes/assets/textures/Crops/soil_2.png
11:03:24.240 [FXGL Background Thread 4 ] DEBUG FXGLAssetLoaderServi - Loading from file system: file:/D:/GameDevelop/Project1/target/classes/assets/textures/UI/heart_sprite.png
11:03:24.242 [FXGL Background Thread 4 ] INFO  FXGLApplication      - Game initialization took: 0.356 sec
11:03:24.245 [JavaFX Application Thread] DEBUG Input                - Clearing active input actions
11:03:24.256 [JavaFX Application Thread] DEBUG GameApplicationServi - Removing overlay from FXGLLoadingScene and adding to GameScene
11:03:24.260 [JavaFX Application Thread] DEBUG PrimaryStageWindow   - FXGLLoadingScene -> GameScene
11:03:26.800 [FXGL Background Thread 3 ] DEBUG Engine               - Logging environment variables
11:03:26.801 [FXGL Background Thread 3 ] DEBUG Engine               - achievements: []
11:03:26.801 [FXGL Background Thread 3 ] DEBUG Engine               - actualHeight: 720.0
11:03:26.801 [FXGL Background Thread 3 ] DEBUG Engine               - actualHeightProperty: ReadOnlyDoubleProperty [value: 720.0]
11:03:26.801 [FXGL Background Thread 3 ] DEBUG Engine               - actualWidth: 1280.0
11:03:26.801 [FXGL Background Thread 3 ] DEBUG Engine               - actualWidthProperty: ReadOnlyDoubleProperty [value: 1280.0]
11:03:26.801 [FXGL Background Thread 3 ] DEBUG Engine               - appIcon: fxgl_icon.png
11:03:26.801 [FXGL Background Thread 3 ] DEBUG Engine               - applicationMode: DEVELOPER
11:03:26.801 [FXGL Background Thread 3 ] DEBUG Engine               - cSSList: [fxgl_dark.css]
11:03:26.801 [FXGL Background Thread 3 ] DEBUG Engine               - collisionDetectionStrategy: BRUTE_FORCE
11:03:26.801 [FXGL Background Thread 3 ] DEBUG Engine               - configClass: Optional.empty
11:03:26.801 [FXGL Background Thread 3 ] DEBUG Engine               - credits: []
11:03:26.802 [FXGL Background Thread 3 ] DEBUG Engine               - defaultCursor: CursorInfo(imageName=fxgl_default_cursor.png, hotspotX=7.0, hotspotY=6.0)
11:03:26.802 [FXGL Background Thread 3 ] DEBUG Engine               - devBBoxColorProperty: ObjectProperty [value: 0xff0000ff]
11:03:26.802 [FXGL Background Thread 3 ] DEBUG Engine               - devEnableDebugCameraProperty: BooleanProperty [value: false]
11:03:26.802 [FXGL Background Thread 3 ] DEBUG Engine               - devSensorColorProperty: ObjectProperty [value: 0xffff00ff]
11:03:26.802 [FXGL Background Thread 3 ] DEBUG Engine               - devShowBBoxProperty: BooleanProperty [value: false]
11:03:26.802 [FXGL Background Thread 3 ] DEBUG Engine               - devShowPositionProperty: BooleanProperty [value: false]
11:03:26.802 [FXGL Background Thread 3 ] DEBUG Engine               - enabledMenuItems: []
11:03:26.802 [FXGL Background Thread 3 ] DEBUG Engine               - engineServices: [class com.almasb.fxgl.app.services.FXGLAssetLoaderService, class com.almasb.fxgl.app.FXGLApplication$GameApplicationService, class com.almasb.fxgl.app.services.FXGLDialogService, class com.almasb.fxgl.app.services.IOTaskExecutorService, class com.almasb.fxgl.io.FileSystemService, class com.almasb.fxgl.localization.LocalizationService, class com.almasb.fxgl.app.services.SystemBundleService, class com.almasb.fxgl.profile.SaveLoadService, class com.almasb.fxgl.ui.FXGLUIFactoryServiceProvider, class com.almasb.fxgl.ui.FXGLDialogFactoryServiceProvider, class com.almasb.fxgl.audio.AudioPlayer, class com.almasb.fxgl.notification.impl.NotificationServiceProvider, class com.almasb.fxgl.achievement.AchievementService, class com.almasb.fxgl.cutscene.CutsceneService, class com.almasb.fxgl.minigames.MiniGameService, class com.almasb.fxgl.net.NetService, class com.almasb.fxgl.app.services.UpdaterService, class com.almasb.fxgl.dev.DevService]
11:03:26.802 [FXGL Background Thread 3 ] DEBUG Engine               - fontGame: Abel-Regular.ttf
11:03:26.802 [FXGL Background Thread 3 ] DEBUG Engine               - fontMono: TerminalLandMono-Regular.otf
11:03:26.802 [FXGL Background Thread 3 ] DEBUG Engine               - fontSizeScaleUI: 1.0
11:03:26.802 [FXGL Background Thread 3 ] DEBUG Engine               - fontText: Courier-Prime.ttf
11:03:26.802 [FXGL Background Thread 3 ] DEBUG Engine               - fontUI: VarelaRound-Regular.ttf
11:03:26.802 [FXGL Background Thread 3 ] DEBUG Engine               - fpsRefreshRate: 500.0 ms
11:03:26.802 [FXGL Background Thread 3 ] DEBUG Engine               - fullScreen: BooleanProperty [value: false]
11:03:26.802 [FXGL Background Thread 3 ] DEBUG Engine               - gameDifficulty: MEDIUM
11:03:26.802 [FXGL Background Thread 3 ] DEBUG Engine               - gameDifficultyProperty: ObjectProperty [value: MEDIUM]
11:03:26.802 [FXGL Background Thread 3 ] DEBUG Engine               - globalMusicVolume: 0.5
11:03:26.802 [FXGL Background Thread 3 ] DEBUG Engine               - globalMusicVolumeProperty: DoubleProperty [value: 0.5]
11:03:26.802 [FXGL Background Thread 3 ] DEBUG Engine               - globalSoundVolume: 0.5
11:03:26.802 [FXGL Background Thread 3 ] DEBUG Engine               - globalSoundVolumeProperty: DoubleProperty [value: 0.5]
11:03:26.802 [FXGL Background Thread 3 ] DEBUG Engine               - height: 720
11:03:26.802 [FXGL Background Thread 3 ] DEBUG Engine               - is3D: false
11:03:26.802 [FXGL Background Thread 3 ] DEBUG Engine               - isAndroid: false
11:03:26.802 [FXGL Background Thread 3 ] DEBUG Engine               - isBrowser: false
11:03:26.802 [FXGL Background Thread 3 ] DEBUG Engine               - isClickFeedbackEnabled: false
11:03:26.802 [FXGL Background Thread 3 ] DEBUG Engine               - isCloseConfirmation: false
11:03:26.802 [FXGL Background Thread 3 ] DEBUG Engine               - isDesktop: true
11:03:26.802 [FXGL Background Thread 3 ] DEBUG Engine               - isDeveloperMenuEnabled: true
11:03:26.802 [FXGL Background Thread 3 ] DEBUG Engine               - isEmbedded: false
11:03:26.802 [FXGL Background Thread 3 ] DEBUG Engine               - isEntityPreloadEnabled: true
11:03:26.802 [FXGL Background Thread 3 ] DEBUG Engine               - isExperimentalTiledLargeMap: false
11:03:26.802 [FXGL Background Thread 3 ] DEBUG Engine               - isFileSystemWriteAllowed: true
11:03:26.802 [FXGL Background Thread 3 ] DEBUG Engine               - isFullScreenAllowed: false
11:03:26.802 [FXGL Background Thread 3 ] DEBUG Engine               - isFullScreenFromStart: false
11:03:26.802 [FXGL Background Thread 3 ] DEBUG Engine               - isGameMenuEnabled: true
11:03:26.802 [FXGL Background Thread 3 ] DEBUG Engine               - isIOS: false
11:03:26.802 [FXGL Background Thread 3 ] DEBUG Engine               - isIntroEnabled: false
11:03:26.802 [FXGL Background Thread 3 ] DEBUG Engine               - isLinux: false
11:03:26.802 [FXGL Background Thread 3 ] DEBUG Engine               - isMac: false
11:03:26.802 [FXGL Background Thread 3 ] DEBUG Engine               - isMainMenuEnabled: false
11:03:26.802 [FXGL Background Thread 3 ] DEBUG Engine               - isManualResizeEnabled: false
11:03:26.802 [FXGL Background Thread 3 ] DEBUG Engine               - isMobile: false
11:03:26.802 [FXGL Background Thread 3 ] DEBUG Engine               - isNative: false
11:03:26.802 [FXGL Background Thread 3 ] DEBUG Engine               - isPauseMusicWhenMinimized: true
11:03:26.802 [FXGL Background Thread 3 ] DEBUG Engine               - isPreserveResizeRatio: false
11:03:26.802 [FXGL Background Thread 3 ] DEBUG Engine               - isProfilingEnabled: false
11:03:26.802 [FXGL Background Thread 3 ] DEBUG Engine               - isScaleAffectedOnResize: true
11:03:26.802 [FXGL Background Thread 3 ] DEBUG Engine               - isSingleStep: false
11:03:26.802 [FXGL Background Thread 3 ] DEBUG Engine               - isUserProfileEnabled: false
11:03:26.802 [FXGL Background Thread 3 ] DEBUG Engine               - isWindows: true
11:03:26.802 [FXGL Background Thread 3 ] DEBUG Engine               - language: ObjectProperty [value: ENGLISH]
11:03:26.802 [FXGL Background Thread 3 ] DEBUG Engine               - menuKey: ESCAPE
11:03:26.802 [FXGL Background Thread 3 ] DEBUG Engine               - mouseSensitivity: 0.2
11:03:26.802 [FXGL Background Thread 3 ] DEBUG Engine               - notificationViewClass: class com.almasb.fxgl.notification.view.XboxNotificationView
11:03:26.802 [FXGL Background Thread 3 ] DEBUG Engine               - pixelsPerMeter: 50.0
11:03:26.803 [FXGL Background Thread 3 ] DEBUG Engine               - platform: WINDOWS
11:03:26.803 [FXGL Background Thread 3 ] DEBUG Engine               - prefHeightProperty: ReadOnlyDoubleProperty [value: 720.0]
11:03:26.803 [FXGL Background Thread 3 ] DEBUG Engine               - prefWidthProperty: ReadOnlyDoubleProperty [value: 1280.0]
11:03:26.803 [FXGL Background Thread 3 ] DEBUG Engine               - profileDir: profiles/
11:03:26.803 [FXGL Background Thread 3 ] DEBUG Engine               - profileName: StringProperty [value: DEFAULT]
11:03:26.803 [FXGL Background Thread 3 ] DEBUG Engine               - randomSeed: -1
11:03:26.803 [FXGL Background Thread 3 ] DEBUG Engine               - runtimeInfo: RuntimeInfo(platform=WINDOWS, version=25, build=05.02.2026 22.57)
11:03:26.803 [FXGL Background Thread 3 ] DEBUG Engine               - saveFileExt: sav
11:03:26.803 [FXGL Background Thread 3 ] DEBUG Engine               - scaledHeightProp$fxgl: DoubleProperty [bound, value: 720.0]
11:03:26.803 [FXGL Background Thread 3 ] DEBUG Engine               - scaledWidthProp$fxgl: DoubleProperty [bound, value: 1280.0]
11:03:26.803 [FXGL Background Thread 3 ] DEBUG Engine               - sceneFactory: com.almasb.fxgl.app.scene.SceneFactory@18a35c0e
11:03:26.803 [FXGL Background Thread 3 ] DEBUG Engine               - secondsIn24h: 60
11:03:26.803 [FXGL Background Thread 3 ] DEBUG Engine               - soundMenuBack: menu/back.wav
11:03:26.803 [FXGL Background Thread 3 ] DEBUG Engine               - soundMenuPress: menu/press.wav
11:03:26.803 [FXGL Background Thread 3 ] DEBUG Engine               - soundMenuSelect: menu/select.wav
11:03:26.803 [FXGL Background Thread 3 ] DEBUG Engine               - soundNotification: core/notification.wav
11:03:26.803 [FXGL Background Thread 3 ] DEBUG Engine               - stageStyle: DECORATED
11:03:26.803 [FXGL Background Thread 3 ] DEBUG Engine               - supportedLanguages: [ENGLISH, FRENCH, GERMAN, HUNGARIAN, RUSSIAN]
11:03:26.803 [FXGL Background Thread 3 ] DEBUG Engine               - ticksPerSecond: -1
11:03:26.803 [FXGL Background Thread 3 ] DEBUG Engine               - title: Untitled
11:03:26.803 [FXGL Background Thread 3 ] DEBUG Engine               - urlGithub: https://github.com/AlmasB/FXGL
11:03:26.803 [FXGL Background Thread 3 ] DEBUG Engine               - urlLeaderboard: http://fxgl-top.herokuapp.com/
11:03:26.803 [FXGL Background Thread 3 ] DEBUG Engine               - urlPOM: https://raw.githubusercontent.com/AlmasB/FXGL/release/README.md
11:03:26.803 [FXGL Background Thread 3 ] DEBUG Engine               - userAppClass: class Project1Game.Main
11:03:26.803 [FXGL Background Thread 3 ] DEBUG Engine               - version: 0.0
11:03:26.803 [FXGL Background Thread 3 ] DEBUG Engine               - versionCheckDays: 7
11:03:26.803 [FXGL Background Thread 3 ] DEBUG Engine               - width: 1280
11:03:26.803 [FXGL Background Thread 3 ] DEBUG Engine               - Logging services
11:03:26.803 [FXGL Background Thread 3 ] DEBUG Engine               - class com.almasb.fxgl.app.services.FXGLAssetLoaderService
11:03:26.803 [FXGL Background Thread 3 ] DEBUG Engine               - class com.almasb.fxgl.app.FXGLApplication$GameApplicationService
11:03:26.803 [FXGL Background Thread 3 ] DEBUG Engine               - class com.almasb.fxgl.app.services.FXGLDialogService
11:03:26.803 [FXGL Background Thread 3 ] DEBUG Engine               - class com.almasb.fxgl.app.services.IOTaskExecutorService
11:03:26.803 [FXGL Background Thread 3 ] DEBUG Engine               - class com.almasb.fxgl.io.FileSystemService
11:03:26.803 [FXGL Background Thread 3 ] DEBUG Engine               - class com.almasb.fxgl.localization.LocalizationService
11:03:26.803 [FXGL Background Thread 3 ] DEBUG Engine               - class com.almasb.fxgl.app.services.SystemBundleService
11:03:26.803 [FXGL Background Thread 3 ] DEBUG Engine               - class com.almasb.fxgl.profile.SaveLoadService
11:03:26.803 [FXGL Background Thread 3 ] DEBUG Engine               - class com.almasb.fxgl.ui.FXGLUIFactoryServiceProvider
11:03:26.803 [FXGL Background Thread 3 ] DEBUG Engine               - class com.almasb.fxgl.ui.FXGLDialogFactoryServiceProvider
11:03:26.803 [FXGL Background Thread 3 ] DEBUG Engine               - class com.almasb.fxgl.audio.AudioPlayer
11:03:26.804 [FXGL Background Thread 3 ] DEBUG Engine               - class com.almasb.fxgl.notification.impl.NotificationServiceProvider
11:03:26.804 [FXGL Background Thread 3 ] DEBUG Engine               - class com.almasb.fxgl.achievement.AchievementService
11:03:26.804 [FXGL Background Thread 3 ] DEBUG Engine               - class com.almasb.fxgl.cutscene.CutsceneService
11:03:26.804 [FXGL Background Thread 3 ] DEBUG Engine               - class com.almasb.fxgl.minigames.MiniGameService
11:03:26.804 [FXGL Background Thread 3 ] DEBUG Engine               - class com.almasb.fxgl.net.NetService
11:03:26.804 [FXGL Background Thread 3 ] DEBUG Engine               - class com.almasb.fxgl.app.services.UpdaterService
11:03:26.804 [FXGL Background Thread 3 ] DEBUG Engine               - class com.almasb.fxgl.dev.DevService
11:03:40.797 [JavaFX Application Thread] DEBUG FXGLAssetLoaderServi - Loading from file system: file:/D:/GameDevelop/Project1/target/classes/assets/textures/Crops/vectoraith_tileset_farmingsims_crops_dense_spring_32x32.png
11:04:21.566 [JavaFX Application Thread] DEBUG LoopRunner           - Pausing loop
11:12:17.992 [JavaFX Application Thread] DEBUG LoopRunner           - Resuming loop
11:12:23.723 [JavaFX Application Thread] DEBUG FXGLApplication      - Exiting FXGL
11:12:23.723 [JavaFX Application Thread] DEBUG LoopRunner           - Stopping loop
11:12:23.723 [JavaFX Application Thread] DEBUG SystemBundleService  - Saving FXGL system data
11:12:23.725 [JavaFX Application Thread] DEBUG FileSystemAccess     - Writing to: D:\GameDevelop\Project1\system\fxgl.bundle
11:12:23.727 [JavaFX Application Thread] DEBUG Async                - Shutting down background threads
11:12:23.728 [JavaFX Application Thread] DEBUG PrimaryStageWindow   - Closing main window
11:12:23.738 [JavaFX Application Thread] DEBUG Logger               - Closing Logger
