07:27:15.458 [Project1Game.Main.main() ] DEBUG Logger               - Configured Logger
07:27:15.464 [Project1Game.Main.main() ] DEBUG GameApplication      - Logging settings
Title: Java Farming Professional
Version: 2.5
Width: 1280
Height: 720
Fullscreen: false
Intro: false
Profiling: false
Single step:false
App Mode: DEVELOPER
Menu Key: ESCAPE
Stage Style: DECORATED
Scene Factory: class com.almasb.fxgl.app.scene.SceneFactory

07:27:16.515 [JavaFX Application Thread] DEBUG FXGLApplication      - Initializing FXGL
07:27:16.519 [JavaFX Application Thread] INFO  Engine               - FXGL-25 (05.02.2026 22.57) on WINDOWS (J:25.0.3 FX:25.0.1)
07:27:16.519 [JavaFX Application Thread] DEBUG Engine               - JRE Vendor Name: Oracle Corporation
07:27:16.519 [JavaFX Application Thread] DEBUG Engine               - Running on OS: Windows 11 version 10.0
07:27:16.519 [JavaFX Application Thread] DEBUG Engine               - Architecture: amd64
07:27:16.520 [JavaFX Application Thread] INFO  Engine               - Source code and latest versions at: https://github.com/AlmasB/FXGL
07:27:16.520 [JavaFX Application Thread] INFO  Engine               -       Ask questions and discuss at: https://github.com/AlmasB/FXGL/discussions
07:27:16.682 [JavaFX Application Thread] DEBUG PrimaryStageWindow   - Creating a JavaFX scene
07:27:16.734 [JavaFX Application Thread] DEBUG PrimaryStageWindow   - Target settings size: 1280.0 x 720.0
07:27:16.734 [JavaFX Application Thread] DEBUG PrimaryStageWindow   - Scaled scene size:    1280.0 x 720.0
07:27:16.734 [JavaFX Application Thread] DEBUG PrimaryStageWindow   - Scaled ratio: (1.0, 1.0)
07:27:16.735 [JavaFX Application Thread] DEBUG PrimaryStageWindow   - Set initial scene to FXGLStartupScene
07:27:16.738 [JavaFX Application Thread] DEBUG PrimaryStageWindow   - Opening main window
07:27:17.152 [JavaFX Application Thread] DEBUG PrimaryStageWindow   - Window border size: (14.4000244140625, 37.5999755859375)
07:27:17.152 [JavaFX Application Thread] DEBUG PrimaryStageWindow   - Scaled size: 1280.0 x 720.0
07:27:17.152 [JavaFX Application Thread] DEBUG PrimaryStageWindow   - Scaled ratio: (1.0, 1.0)
07:27:17.153 [JavaFX Application Thread] DEBUG PrimaryStageWindow   - Scene size: 1280.0 x 720.0
07:27:17.153 [JavaFX Application Thread] DEBUG PrimaryStageWindow   - Stage size: 1294.4000244140625 x 757.5999755859375
07:27:17.164 [FXGL Background Thread 1 ] DEBUG Engine               - Initializing environment variables
07:27:17.245 [FXGL Background Thread 1 ] DEBUG FXGLAssetLoaderServi - User app class for loading assets: class Project1Game.Main
07:27:17.245 [FXGL Background Thread 1 ] DEBUG GameApplicationServi - Applying CSS: fxgl_dark.css
07:27:17.246 [FXGL Background Thread 1 ] DEBUG FXGLAssetLoaderServi - Loading from file system: jar:file:/C:/Users/HP/.m2/repository/com/github/almasb/fxgl/25/fxgl-25.jar!/fxglassets/ui/css/fxgl_dark.css
07:27:17.345 [FXGL Background Thread 1 ] DEBUG GameApplicationServi - Initializing application scenes
07:27:17.426 [FXGL Background Thread 1 ] DEBUG GameWorld            - Game world initialized
07:27:17.510 [FXGL Background Thread 1 ] DEBUG PhysicsWorld         - Physics world initialized: appHeight=720, physics.ppm=50.0
07:27:17.511 [FXGL Background Thread 1 ] DEBUG PhysicsWorld         - Using strategy: BRUTE_FORCE
07:27:17.516 [FXGL Background Thread 1 ] DEBUG GameScene            - Game scene initialized: 1280x720
07:27:17.535 [FXGL Background Thread 1 ] DEBUG FXGL.DefaultMenu     - createMenuBodyGameMenu()
07:27:17.560 [FXGL Background Thread 1 ] DEBUG FXGL.DefaultMenu     - createOptionsMenu()
07:27:17.576 [FXGL Background Thread 1 ] DEBUG FXGLAssetLoaderServi - Loading from file system: jar:file:/C:/Users/HP/.m2/repository/com/github/almasb/fxgl/25/fxgl-25.jar!/fxglassets/textures/particles/smoke.png
07:27:17.708 [FXGL Background Thread 1 ] DEBUG FXGLAssetLoaderServi - Loading from file system: jar:file:/C:/Users/HP/.m2/repository/com/github/almasb/fxgl/25/fxgl-25.jar!/fxglassets/textures/particles/trace_horizontal.png
07:27:17.740 [FXGL Background Thread 1 ] DEBUG GameApplicationServi - Application scenes initialized
07:27:17.763 [FXGL Background Thread 1 ] DEBUG SystemBundleService  - Loading FXGL system data
07:27:17.768 [FXGL Background Thread 1 ] DEBUG FileSystemAccess     - Reading from: D:\projects\helloworld\FarmSimulator\system\fxgl.bundle
07:27:17.776 [FXGL Background Thread 1 ] DEBUG SystemBundleService  - Bundle FXGL: {}
07:27:17.776 [FXGL Background Thread 1 ] DEBUG UpdaterService       - Checking for updates
07:27:17.826 [FXGL Background Thread 4 ] DEBUG FXGLApplication      - Loading fonts
07:27:17.827 [FXGL Background Thread 4 ] DEBUG FXGLAssetLoaderServi - Loading from file system: jar:file:/C:/Users/HP/.m2/repository/com/github/almasb/fxgl/25/fxgl-25.jar!/fxglassets/ui/fonts/VarelaRound-Regular.ttf
07:27:17.827 [FXGL Background Thread 1 ] DEBUG FXGLApplication      - Loading default localization
07:27:17.829 [FXGL Background Thread 1 ] DEBUG FXGLAssetLoaderServi - Loading from file system: jar:file:/C:/Users/HP/.m2/repository/com/github/almasb/fxgl/25/fxgl-25.jar!/fxglassets/languages/english.lang
07:27:17.857 [FXGL Background Thread 1 ] INFO  FXGLApplication      - FXGL initialization took: 0.693 sec
07:27:17.877 [JavaFX Application Thread] DEBUG Input                - Registered new binding: Move Right - D
07:27:17.877 [JavaFX Application Thread] DEBUG Input                - Registered new binding: Move Left - A
07:27:17.878 [JavaFX Application Thread] DEBUG Input                - Registered new binding: Move Up - W
07:27:17.878 [JavaFX Application Thread] DEBUG Input                - Registered new binding: Move Down - S
07:27:17.878 [JavaFX Application Thread] DEBUG Input                - Registered new binding: Interact Action Key - E
07:27:17.878 [JavaFX Application Thread] DEBUG Input                - Registered new binding: Use Tool Keyboard - F
07:27:17.881 [JavaFX Application Thread] DEBUG Input                - Registered new binding: Use Tool Mouse - LMB
07:27:17.881 [JavaFX Application Thread] DEBUG Input                - Registered new binding: Test Quick Water - Q
07:27:17.881 [JavaFX Application Thread] DEBUG Input                - Registered new binding: Close UI Window - R
07:27:17.881 [JavaFX Application Thread] DEBUG Input                - Registered new binding: Toggle Inventory Window - Tab
07:27:17.882 [JavaFX Application Thread] DEBUG Input                - Registered new binding: Quick Save - F5
07:27:17.882 [JavaFX Application Thread] DEBUG Input                - Registered new binding: Quick Load - F9
07:27:17.882 [JavaFX Application Thread] DEBUG Input                - Registered new binding: Select Inventory Slot 1 - 1
07:27:17.883 [JavaFX Application Thread] DEBUG Input                - Registered new binding: Select Inventory Slot 2 - 2
07:27:17.883 [JavaFX Application Thread] DEBUG Input                - Registered new binding: Select Inventory Slot 3 - 3
07:27:17.883 [JavaFX Application Thread] DEBUG Input                - Registered new binding: Select Inventory Slot 4 - 4
07:27:17.883 [JavaFX Application Thread] DEBUG Input                - Registered new binding: Select Inventory Slot 5 - 5
07:27:17.883 [JavaFX Application Thread] DEBUG Input                - Registered new binding: Select Inventory Slot 6 - 6
07:27:17.884 [JavaFX Application Thread] DEBUG Input                - Registered new binding: Select Inventory Slot 7 - 7
07:27:17.884 [JavaFX Application Thread] DEBUG Input                - Registered new binding: Select Inventory Slot 8 - 8
07:27:17.884 [JavaFX Application Thread] DEBUG Input                - Registered new binding: Select Inventory Slot 9 - 9
07:27:17.886 [JavaFX Application Thread] DEBUG FXGLAssetLoaderServi - Loading from file system: jar:file:/C:/Users/HP/.m2/repository/com/github/almasb/fxgl/25/fxgl-25.jar!/fxglassets/textures/fxgl_icon.png
07:27:17.912 [FXGL Background Thread 4 ] DEBUG FXGLAssetLoaderServi - Loading from file system: jar:file:/C:/Users/HP/.m2/repository/com/github/almasb/fxgl/25/fxgl-25.jar!/fxglassets/ui/fonts/Abel-Regular.ttf
07:27:17.914 [JavaFX Application Thread] DEBUG FXGLAssetLoaderServi - Loading from file system: jar:file:/C:/Users/HP/.m2/repository/com/github/almasb/fxgl/25/fxgl-25.jar!/fxglassets/textures/fxgl_default_cursor.png
07:27:17.918 [JavaFX Application Thread] DEBUG Input                - Registered new binding: Screenshot - CTRL+8
07:27:17.919 [JavaFX Application Thread] DEBUG Input                - Registered new binding: Dev Options - 1
07:27:17.920 [JavaFX Application Thread] DEBUG Input                - Registered new binding: Dev Console - 2
07:27:17.921 [JavaFX Application Thread] DEBUG Input                - Registered new binding: System info dump - CTRL+9
07:27:17.922 [JavaFX Application Thread] DEBUG Input                - Registered new binding: Restart - CTRL+R
07:27:17.924 [JavaFX Application Thread] DEBUG Input                - Registered new binding: Toggle Debug Camera - CTRL+7
07:27:17.932 [JavaFX Application Thread] DEBUG LoopRunner           - Starting loop
07:27:17.943 [FXGL Background Thread 4 ] DEBUG FXGLAssetLoaderServi - Loading from file system: jar:file:/C:/Users/HP/.m2/repository/com/github/almasb/fxgl/25/fxgl-25.jar!/fxglassets/ui/fonts/TerminalLandMono-Regular.otf
07:27:17.969 [JavaFX Application Thread] DEBUG LoopRunner           - Initializing JavaFX AnimationTimerLoop
07:27:17.972 [JavaFX Application Thread] DEBUG GameApplicationServi - Starting new game
07:27:17.973 [JavaFX Application Thread] DEBUG Input                - Clearing active input actions
07:27:17.991 [FXGL Background Thread 4 ] DEBUG FXGLAssetLoaderServi - Loading from file system: jar:file:/C:/Users/HP/.m2/repository/com/github/almasb/fxgl/25/fxgl-25.jar!/fxglassets/ui/fonts/Courier-Prime.ttf
07:27:17.993 [JavaFX Application Thread] DEBUG GameApplicationServi - Removing overlay from FXGLStartupScene and adding to FXGLLoadingScene
07:27:18.000 [JavaFX Application Thread] DEBUG PrimaryStageWindow   - FXGLStartupScene -> FXGLLoadingScene
07:27:18.000 [JavaFX Application Thread] DEBUG GameApplicationServi - Clearing previous game
07:27:18.000 [JavaFX Application Thread] DEBUG GameScene            - Clearing game scene
07:27:18.001 [JavaFX Application Thread] DEBUG GameWorld            - Clearing game world
07:27:18.001 [JavaFX Application Thread] DEBUG PhysicsWorld         - Clearing physics world
07:27:18.003 [FXGL Background Thread 1 ] DEBUG FXGLApplication      - Initializing game
07:27:18.046 [FXGL Background Thread 1 ] WARN  FXGLAssetLoaderServi - Asset "/assets/textures/empty.png" was not found!
07:27:18.046 [FXGL Background Thread 1 ] WARN  FXGLAssetLoaderServi - Failed to load IMAGE
07:27:18.296 [JavaFX Application Thread] DEBUG FXGLApplication      - Registering font factories with UI factory
07:27:18.433 [FXGL Background Thread 1 ] DEBUG FXGLAssetLoaderServi - Loading from file system: file:/D:/projects/helloworld/FarmSimulator/target/classes/assets/textures/Crops/soil_1.png
07:27:18.446 [FXGL Background Thread 1 ] WARN  FXGLAssetLoaderServi - Asset "/assets/textures/empty.png" was not found!
07:27:18.446 [FXGL Background Thread 1 ] WARN  FXGLAssetLoaderServi - Failed to load IMAGE
07:27:18.447 [FXGL Background Thread 1 ] DEBUG FXGLAssetLoaderServi - Loading from file system: file:/D:/projects/helloworld/FarmSimulator/target/classes/assets/textures/Crops/rice_1.png
07:27:18.450 [FXGL Background Thread 1 ] WARN  FXGLAssetLoaderServi - Asset "/assets/textures/empty.png" was not found!
07:27:18.451 [FXGL Background Thread 1 ] WARN  FXGLAssetLoaderServi - Failed to load IMAGE
07:27:18.453 [FXGL Background Thread 1 ] WARN  FXGLAssetLoaderServi - Asset "/assets/textures/empty.png" was not found!
07:27:18.453 [FXGL Background Thread 1 ] WARN  FXGLAssetLoaderServi - Failed to load IMAGE
07:27:18.455 [FXGL Background Thread 1 ] WARN  FXGLAssetLoaderServi - Asset "/assets/textures/empty.png" was not found!
07:27:18.455 [FXGL Background Thread 1 ] WARN  FXGLAssetLoaderServi - Failed to load IMAGE
07:27:18.457 [FXGL Background Thread 1 ] WARN  FXGLAssetLoaderServi - Asset "/assets/textures/empty.png" was not found!
07:27:18.457 [FXGL Background Thread 1 ] WARN  FXGLAssetLoaderServi - Failed to load IMAGE
07:27:18.460 [FXGL Background Thread 1 ] WARN  FXGLAssetLoaderServi - Asset "/assets/textures/empty.png" was not found!
07:27:18.460 [FXGL Background Thread 1 ] WARN  FXGLAssetLoaderServi - Failed to load IMAGE
07:27:18.462 [FXGL Background Thread 1 ] WARN  FXGLAssetLoaderServi - Asset "/assets/textures/empty.png" was not found!
07:27:18.463 [FXGL Background Thread 1 ] WARN  FXGLAssetLoaderServi - Failed to load IMAGE
07:27:18.463 [FXGL Background Thread 1 ] DEBUG FXGLAssetLoaderServi - Loading from file system: file:/D:/projects/helloworld/FarmSimulator/target/classes/assets/textures/Crops/soil_2.png
07:27:18.466 [FXGL Background Thread 1 ] WARN  FXGLAssetLoaderServi - Asset "/assets/textures/empty.png" was not found!
07:27:18.466 [FXGL Background Thread 1 ] WARN  FXGLAssetLoaderServi - Failed to load IMAGE
07:27:18.467 [FXGL Background Thread 1 ] WARN  FXGLAssetLoaderServi - Asset "/assets/textures/empty.png" was not found!
07:27:18.468 [FXGL Background Thread 1 ] WARN  FXGLAssetLoaderServi - Failed to load IMAGE
07:27:18.472 [FXGL Background Thread 1 ] WARN  FXGLAssetLoaderServi - Asset "/assets/textures/empty.png" was not found!
07:27:18.472 [FXGL Background Thread 1 ] WARN  FXGLAssetLoaderServi - Failed to load IMAGE
07:27:18.474 [FXGL Background Thread 1 ] WARN  FXGLAssetLoaderServi - Asset "/assets/textures/empty.png" was not found!
07:27:18.475 [FXGL Background Thread 1 ] WARN  FXGLAssetLoaderServi - Failed to load IMAGE
07:27:18.480 [FXGL Background Thread 1 ] WARN  FXGLAssetLoaderServi - Asset "/assets/textures/empty.png" was not found!
07:27:18.481 [FXGL Background Thread 1 ] WARN  FXGLAssetLoaderServi - Failed to load IMAGE
07:27:18.482 [FXGL Background Thread 1 ] WARN  FXGLAssetLoaderServi - Asset "/assets/textures/empty.png" was not found!
07:27:18.482 [FXGL Background Thread 1 ] WARN  FXGLAssetLoaderServi - Failed to load IMAGE
07:27:18.483 [FXGL Background Thread 1 ] WARN  FXGLAssetLoaderServi - Asset "/assets/textures/empty.png" was not found!
07:27:18.484 [FXGL Background Thread 1 ] WARN  FXGLAssetLoaderServi - Failed to load IMAGE
07:27:18.484 [FXGL Background Thread 1 ] WARN  FXGLAssetLoaderServi - Asset "/assets/textures/empty.png" was not found!
07:27:18.484 [FXGL Background Thread 1 ] WARN  FXGLAssetLoaderServi - Failed to load IMAGE
07:27:18.485 [FXGL Background Thread 1 ] WARN  FXGLAssetLoaderServi - Asset "/assets/textures/empty.png" was not found!
07:27:18.485 [FXGL Background Thread 1 ] WARN  FXGLAssetLoaderServi - Failed to load IMAGE
07:27:18.486 [FXGL Background Thread 1 ] WARN  FXGLAssetLoaderServi - Asset "/assets/textures/empty.png" was not found!
07:27:18.486 [FXGL Background Thread 1 ] WARN  FXGLAssetLoaderServi - Failed to load IMAGE
07:27:18.487 [FXGL Background Thread 1 ] WARN  FXGLAssetLoaderServi - Asset "/assets/textures/empty.png" was not found!
07:27:18.488 [FXGL Background Thread 1 ] WARN  FXGLAssetLoaderServi - Failed to load IMAGE
07:27:18.488 [FXGL Background Thread 1 ] WARN  FXGLAssetLoaderServi - Asset "/assets/textures/empty.png" was not found!
07:27:18.489 [FXGL Background Thread 1 ] WARN  FXGLAssetLoaderServi - Failed to load IMAGE
07:27:18.489 [FXGL Background Thread 1 ] WARN  FXGLAssetLoaderServi - Asset "/assets/textures/empty.png" was not found!
07:27:18.490 [FXGL Background Thread 1 ] WARN  FXGLAssetLoaderServi - Failed to load IMAGE
07:27:18.490 [FXGL Background Thread 1 ] WARN  FXGLAssetLoaderServi - Asset "/assets/textures/empty.png" was not found!
07:27:18.491 [FXGL Background Thread 1 ] WARN  FXGLAssetLoaderServi - Failed to load IMAGE
07:27:18.491 [FXGL Background Thread 1 ] WARN  FXGLAssetLoaderServi - Asset "/assets/textures/empty.png" was not found!
07:27:18.492 [FXGL Background Thread 1 ] WARN  FXGLAssetLoaderServi - Failed to load IMAGE
07:27:18.492 [FXGL Background Thread 1 ] WARN  FXGLAssetLoaderServi - Asset "/assets/textures/empty.png" was not found!
07:27:18.493 [FXGL Background Thread 1 ] WARN  FXGLAssetLoaderServi - Failed to load IMAGE
07:27:18.494 [FXGL Background Thread 1 ] WARN  FXGLAssetLoaderServi - Asset "/assets/textures/empty.png" was not found!
07:27:18.495 [FXGL Background Thread 1 ] WARN  FXGLAssetLoaderServi - Failed to load IMAGE
07:27:18.495 [FXGL Background Thread 1 ] WARN  FXGLAssetLoaderServi - Asset "/assets/textures/empty.png" was not found!
07:27:18.496 [FXGL Background Thread 1 ] WARN  FXGLAssetLoaderServi - Failed to load IMAGE
07:27:18.497 [FXGL Background Thread 1 ] WARN  FXGLAssetLoaderServi - Asset "/assets/textures/empty.png" was not found!
07:27:18.497 [FXGL Background Thread 1 ] WARN  FXGLAssetLoaderServi - Failed to load IMAGE
07:27:18.498 [FXGL Background Thread 1 ] WARN  FXGLAssetLoaderServi - Asset "/assets/textures/empty.png" was not found!
07:27:18.498 [FXGL Background Thread 1 ] WARN  FXGLAssetLoaderServi - Failed to load IMAGE
07:27:18.499 [FXGL Background Thread 1 ] WARN  FXGLAssetLoaderServi - Asset "/assets/textures/empty.png" was not found!
07:27:18.500 [FXGL Background Thread 1 ] WARN  FXGLAssetLoaderServi - Failed to load IMAGE
07:27:18.500 [FXGL Background Thread 1 ] WARN  FXGLAssetLoaderServi - Asset "/assets/textures/empty.png" was not found!
07:27:18.501 [FXGL Background Thread 1 ] WARN  FXGLAssetLoaderServi - Failed to load IMAGE
07:27:18.502 [FXGL Background Thread 1 ] WARN  FXGLAssetLoaderServi - Asset "/assets/textures/empty.png" was not found!
07:27:18.502 [FXGL Background Thread 1 ] WARN  FXGLAssetLoaderServi - Failed to load IMAGE
07:27:18.503 [FXGL Background Thread 1 ] WARN  FXGLAssetLoaderServi - Asset "/assets/textures/empty.png" was not found!
07:27:18.503 [FXGL Background Thread 1 ] WARN  FXGLAssetLoaderServi - Failed to load IMAGE
07:27:18.505 [FXGL Background Thread 1 ] WARN  FXGLAssetLoaderServi - Asset "/assets/textures/empty.png" was not found!
07:27:18.505 [FXGL Background Thread 1 ] WARN  FXGLAssetLoaderServi - Failed to load IMAGE
07:27:18.506 [FXGL Background Thread 1 ] WARN  FXGLAssetLoaderServi - Asset "/assets/textures/empty.png" was not found!
07:27:18.506 [FXGL Background Thread 1 ] WARN  FXGLAssetLoaderServi - Failed to load IMAGE
07:27:18.508 [FXGL Background Thread 1 ] WARN  FXGLAssetLoaderServi - Asset "/assets/textures/empty.png" was not found!
07:27:18.508 [FXGL Background Thread 1 ] WARN  FXGLAssetLoaderServi - Failed to load IMAGE
07:27:18.509 [FXGL Background Thread 1 ] WARN  FXGLAssetLoaderServi - Asset "/assets/textures/empty.png" was not found!
07:27:18.510 [FXGL Background Thread 1 ] WARN  FXGLAssetLoaderServi - Failed to load IMAGE
07:27:18.511 [FXGL Background Thread 1 ] WARN  FXGLAssetLoaderServi - Asset "/assets/textures/empty.png" was not found!
07:27:18.511 [FXGL Background Thread 1 ] WARN  FXGLAssetLoaderServi - Failed to load IMAGE
07:27:18.512 [FXGL Background Thread 1 ] WARN  FXGLAssetLoaderServi - Asset "/assets/textures/empty.png" was not found!
07:27:18.512 [FXGL Background Thread 1 ] WARN  FXGLAssetLoaderServi - Failed to load IMAGE
07:27:18.513 [FXGL Background Thread 1 ] WARN  FXGLAssetLoaderServi - Asset "/assets/textures/empty.png" was not found!
07:27:18.514 [FXGL Background Thread 1 ] WARN  FXGLAssetLoaderServi - Failed to load IMAGE
07:27:18.514 [FXGL Background Thread 1 ] WARN  FXGLAssetLoaderServi - Asset "/assets/textures/empty.png" was not found!
07:27:18.514 [FXGL Background Thread 1 ] WARN  FXGLAssetLoaderServi - Failed to load IMAGE
07:27:18.515 [FXGL Background Thread 1 ] WARN  FXGLAssetLoaderServi - Asset "/assets/textures/empty.png" was not found!
07:27:18.515 [FXGL Background Thread 1 ] WARN  FXGLAssetLoaderServi - Failed to load IMAGE
07:27:18.516 [FXGL Background Thread 1 ] WARN  FXGLAssetLoaderServi - Asset "/assets/textures/empty.png" was not found!
07:27:18.516 [FXGL Background Thread 1 ] WARN  FXGLAssetLoaderServi - Failed to load IMAGE
07:27:18.517 [FXGL Background Thread 1 ] WARN  FXGLAssetLoaderServi - Asset "/assets/textures/empty.png" was not found!
07:27:18.518 [FXGL Background Thread 1 ] WARN  FXGLAssetLoaderServi - Failed to load IMAGE
07:27:18.518 [FXGL Background Thread 1 ] WARN  FXGLAssetLoaderServi - Asset "/assets/textures/empty.png" was not found!
07:27:18.518 [FXGL Background Thread 1 ] WARN  FXGLAssetLoaderServi - Failed to load IMAGE
07:27:18.519 [FXGL Background Thread 1 ] WARN  FXGLAssetLoaderServi - Asset "/assets/textures/empty.png" was not found!
07:27:18.520 [FXGL Background Thread 1 ] WARN  FXGLAssetLoaderServi - Failed to load IMAGE
07:27:18.520 [FXGL Background Thread 1 ] WARN  FXGLAssetLoaderServi - Asset "/assets/textures/empty.png" was not found!
07:27:18.520 [FXGL Background Thread 1 ] WARN  FXGLAssetLoaderServi - Failed to load IMAGE
07:27:18.521 [FXGL Background Thread 1 ] WARN  FXGLAssetLoaderServi - Asset "/assets/textures/empty.png" was not found!
07:27:18.522 [FXGL Background Thread 1 ] WARN  FXGLAssetLoaderServi - Failed to load IMAGE
07:27:18.522 [FXGL Background Thread 1 ] WARN  FXGLAssetLoaderServi - Asset "/assets/textures/empty.png" was not found!
07:27:18.522 [FXGL Background Thread 1 ] WARN  FXGLAssetLoaderServi - Failed to load IMAGE
07:27:18.523 [FXGL Background Thread 1 ] WARN  FXGLAssetLoaderServi - Asset "/assets/textures/empty.png" was not found!
07:27:18.523 [FXGL Background Thread 1 ] WARN  FXGLAssetLoaderServi - Failed to load IMAGE
07:27:18.524 [FXGL Background Thread 1 ] WARN  FXGLAssetLoaderServi - Asset "/assets/textures/empty.png" was not found!
07:27:18.524 [FXGL Background Thread 1 ] WARN  FXGLAssetLoaderServi - Failed to load IMAGE
07:27:18.526 [FXGL Background Thread 1 ] WARN  FXGLAssetLoaderServi - Asset "/assets/textures/empty.png" was not found!
07:27:18.526 [FXGL Background Thread 1 ] WARN  FXGLAssetLoaderServi - Failed to load IMAGE
07:27:18.526 [FXGL Background Thread 1 ] WARN  FXGLAssetLoaderServi - Asset "/assets/textures/empty.png" was not found!
07:27:18.527 [FXGL Background Thread 1 ] WARN  FXGLAssetLoaderServi - Failed to load IMAGE
07:27:18.528 [FXGL Background Thread 1 ] WARN  FXGLAssetLoaderServi - Asset "/assets/textures/empty.png" was not found!
07:27:18.528 [FXGL Background Thread 1 ] WARN  FXGLAssetLoaderServi - Failed to load IMAGE
07:27:18.529 [FXGL Background Thread 1 ] WARN  FXGLAssetLoaderServi - Asset "/assets/textures/empty.png" was not found!
07:27:18.529 [FXGL Background Thread 1 ] WARN  FXGLAssetLoaderServi - Failed to load IMAGE
07:27:18.530 [FXGL Background Thread 1 ] WARN  FXGLAssetLoaderServi - Asset "/assets/textures/empty.png" was not found!
07:27:18.530 [FXGL Background Thread 1 ] WARN  FXGLAssetLoaderServi - Failed to load IMAGE
07:27:18.531 [FXGL Background Thread 1 ] WARN  FXGLAssetLoaderServi - Asset "/assets/textures/empty.png" was not found!
07:27:18.531 [FXGL Background Thread 1 ] WARN  FXGLAssetLoaderServi - Failed to load IMAGE
07:27:18.533 [FXGL Background Thread 1 ] WARN  FXGLAssetLoaderServi - Asset "/assets/textures/empty.png" was not found!
07:27:18.533 [FXGL Background Thread 1 ] WARN  FXGLAssetLoaderServi - Failed to load IMAGE
07:27:18.534 [FXGL Background Thread 1 ] WARN  FXGLAssetLoaderServi - Asset "/assets/textures/empty.png" was not found!
07:27:18.534 [FXGL Background Thread 1 ] WARN  FXGLAssetLoaderServi - Failed to load IMAGE
07:27:18.535 [FXGL Background Thread 1 ] WARN  FXGLAssetLoaderServi - Asset "/assets/textures/empty.png" was not found!
07:27:18.535 [FXGL Background Thread 1 ] WARN  FXGLAssetLoaderServi - Failed to load IMAGE
07:27:18.536 [FXGL Background Thread 1 ] WARN  FXGLAssetLoaderServi - Asset "/assets/textures/empty.png" was not found!
07:27:18.536 [FXGL Background Thread 1 ] WARN  FXGLAssetLoaderServi - Failed to load IMAGE
07:27:18.538 [FXGL Background Thread 1 ] WARN  FXGLAssetLoaderServi - Asset "/assets/textures/empty.png" was not found!
07:27:18.538 [FXGL Background Thread 1 ] WARN  FXGLAssetLoaderServi - Failed to load IMAGE
07:27:18.541 [FXGL Background Thread 1 ] WARN  FXGLAssetLoaderServi - Asset "/assets/textures/empty.png" was not found!
07:27:18.541 [FXGL Background Thread 1 ] WARN  FXGLAssetLoaderServi - Failed to load IMAGE
07:27:18.542 [FXGL Background Thread 1 ] WARN  FXGLAssetLoaderServi - Asset "/assets/textures/empty.png" was not found!
07:27:18.542 [FXGL Background Thread 1 ] WARN  FXGLAssetLoaderServi - Failed to load IMAGE
07:27:18.544 [FXGL Background Thread 1 ] WARN  FXGLAssetLoaderServi - Asset "/assets/textures/empty.png" was not found!
07:27:18.544 [FXGL Background Thread 1 ] WARN  FXGLAssetLoaderServi - Failed to load IMAGE
07:27:18.551 [FXGL Background Thread 1 ] DEBUG FXGLAssetLoaderServi - Loading from file system: file:/D:/projects/helloworld/FarmSimulator/target/classes/assets/textures/UI/heart_sprite.png
07:27:18.633 [FXGL Background Thread 1 ] WARN  TMXLevelLoader       - TiledMap generated from 1.12.0. Supported version: 1.9.0. Some features may not be parsed fully.
07:27:18.779 [FXGL Background Thread 1 ] DEBUG TMXLevelLoader       - Parsed TiledMap: file:/D:/projects/helloworld/FarmSimulator/target/classes/assets/levels/Main_level.tmx
07:27:18.780 [FXGL Background Thread 1 ] DEBUG TMXLevelLoader       - Creating tile layer entities
07:27:18.784 [FXGL Background Thread 1 ] DEBUG TilesetLoader        - Loading view for layer BackgroundLayer
07:27:18.802 [FXGL Background Thread 1 ] DEBUG TilesetLoader        - Created buffer with size 3520.0x2048.0
07:27:18.955 [FXGL Background Thread 1 ] DEBUG TilesetLoader        - Loading view for layer DecorationLayer
07:27:18.974 [FXGL Background Thread 1 ] DEBUG TilesetLoader        - Created buffer with size 3520.0x2048.0
07:27:19.068 [FXGL Background Thread 1 ] DEBUG TilesetLoader        - Loading view for layer OverheadLayer
07:27:19.089 [FXGL Background Thread 1 ] DEBUG TilesetLoader        - Created buffer with size 3520.0x2048.0
07:27:19.099 [FXGL Background Thread 1 ] DEBUG TMXLevelLoader       - Creating object layer entities
07:27:19.132 [FXGL Background Thread 1 ] DEBUG FXGLAssetLoaderServi - Loading from file system: file:/D:/projects/helloworld/FarmSimulator/target/classes/assets/textures/Player/Carry_Idle/Carry_Idle_Down-Sheet.png
07:27:19.135 [FXGL Background Thread 1 ] DEBUG FXGLAssetLoaderServi - Loading from file system: file:/D:/projects/helloworld/FarmSimulator/target/classes/assets/textures/Player/Carry_Idle/Carry_Idle_Up-Sheet.png
07:27:19.137 [FXGL Background Thread 1 ] DEBUG FXGLAssetLoaderServi - Loading from file system: file:/D:/projects/helloworld/FarmSimulator/target/classes/assets/textures/Player/Carry_Idle/Carry_Idle_Side-Sheet.png
07:27:19.138 [FXGL Background Thread 1 ] DEBUG FXGLAssetLoaderServi - Loading from file system: file:/D:/projects/helloworld/FarmSimulator/target/classes/assets/textures/Player/Carry_Walk/Carry_Walk_Down-Sheet.png
07:27:19.140 [FXGL Background Thread 1 ] DEBUG FXGLAssetLoaderServi - Loading from file system: file:/D:/projects/helloworld/FarmSimulator/target/classes/assets/textures/Player/Carry_Walk/Carry_Walk_Up-Sheet.png
07:27:19.143 [FXGL Background Thread 1 ] DEBUG FXGLAssetLoaderServi - Loading from file system: file:/D:/projects/helloworld/FarmSimulator/target/classes/assets/textures/Player/Carry_Walk/Carry_Walk_Side-Sheet.png
07:27:19.147 [FXGL Background Thread 1 ] DEBUG FXGLAssetLoaderServi - Loading from file system: file:/D:/projects/helloworld/FarmSimulator/target/classes/assets/textures/Player/Carry_Run/Carry_Run_Down-Sheet.png
07:27:19.149 [FXGL Background Thread 1 ] DEBUG FXGLAssetLoaderServi - Loading from file system: file:/D:/projects/helloworld/FarmSimulator/target/classes/assets/textures/Player/Carry_Run/Carry_Run_Up-Sheet.png
07:27:19.152 [FXGL Background Thread 1 ] DEBUG FXGLAssetLoaderServi - Loading from file system: file:/D:/projects/helloworld/FarmSimulator/target/classes/assets/textures/Player/Carry_Run/Carry_Run_Side-Sheet.png
07:27:19.401 [FXGL Background Thread 1 ] WARN  FXGLAssetLoaderServi - Asset "/assets/textures/Guider.png" was not found!
07:27:19.402 [FXGL Background Thread 1 ] WARN  FXGLAssetLoaderServi - Failed to load IMAGE
07:27:19.402 [FXGL Background Thread 1 ] WARN  FXGLAssetLoaderServi - Asset "/assets/textures/Guider.png" was not found!
07:27:19.402 [FXGL Background Thread 1 ] WARN  FXGLAssetLoaderServi - Failed to load IMAGE
07:27:19.403 [FXGL Background Thread 1 ] WARN  FXGLAssetLoaderServi - Asset "/assets/textures/Guider.png" was not found!
07:27:19.403 [FXGL Background Thread 1 ] WARN  FXGLAssetLoaderServi - Failed to load IMAGE
07:27:19.404 [FXGL Background Thread 1 ] WARN  FXGLAssetLoaderServi - Asset "/assets/textures/Guider.png" was not found!
07:27:19.404 [FXGL Background Thread 1 ] WARN  FXGLAssetLoaderServi - Failed to load IMAGE
07:27:19.409 [FXGL Background Thread 1 ] DEBUG GameWorld            - Clearing removable entities
07:27:19.413 [FXGL Background Thread 1 ] DEBUG GameWorld            - Setting level: com.almasb.fxgl.entity.level.Level@3c468bc0
07:27:19.521 [FXGL Background Thread 1 ] INFO  FXGLApplication      - Game initialization took: 1.517 sec
07:27:19.524 [JavaFX Application Thread] DEBUG Input                - Clearing active input actions
07:27:19.556 [JavaFX Application Thread] DEBUG GameApplicationServi - Removing overlay from FXGLLoadingScene and adding to GameScene
07:27:19.566 [JavaFX Application Thread] DEBUG PrimaryStageWindow   - FXGLLoadingScene -> GameScene
07:27:20.827 [FXGL Background Thread 3 ] DEBUG Engine               - Logging environment variables
07:27:20.828 [FXGL Background Thread 3 ] DEBUG Engine               - achievements: []
07:27:20.828 [FXGL Background Thread 3 ] DEBUG Engine               - actualHeight: 720.0
07:27:20.828 [FXGL Background Thread 3 ] DEBUG Engine               - actualHeightProperty: ReadOnlyDoubleProperty [value: 720.0]
07:27:20.828 [FXGL Background Thread 3 ] DEBUG Engine               - actualWidth: 1280.0
07:27:20.828 [FXGL Background Thread 3 ] DEBUG Engine               - actualWidthProperty: ReadOnlyDoubleProperty [value: 1280.0]
07:27:20.828 [FXGL Background Thread 3 ] DEBUG Engine               - appIcon: fxgl_icon.png
07:27:20.829 [FXGL Background Thread 3 ] DEBUG Engine               - applicationMode: DEVELOPER
07:27:20.829 [FXGL Background Thread 3 ] DEBUG Engine               - cSSList: [fxgl_dark.css]
07:27:20.829 [FXGL Background Thread 3 ] DEBUG Engine               - collisionDetectionStrategy: BRUTE_FORCE
07:27:20.829 [FXGL Background Thread 3 ] DEBUG Engine               - configClass: Optional.empty
07:27:20.829 [FXGL Background Thread 3 ] DEBUG Engine               - credits: []
07:27:20.829 [FXGL Background Thread 3 ] DEBUG Engine               - defaultCursor: CursorInfo(imageName=fxgl_default_cursor.png, hotspotX=7.0, hotspotY=6.0)
07:27:20.829 [FXGL Background Thread 3 ] DEBUG Engine               - devBBoxColorProperty: ObjectProperty [value: 0xff0000ff]
07:27:20.829 [FXGL Background Thread 3 ] DEBUG Engine               - devEnableDebugCameraProperty: BooleanProperty [value: false]
07:27:20.829 [FXGL Background Thread 3 ] DEBUG Engine               - devSensorColorProperty: ObjectProperty [value: 0xffff00ff]
07:27:20.829 [FXGL Background Thread 3 ] DEBUG Engine               - devShowBBoxProperty: BooleanProperty [value: false]
07:27:20.830 [FXGL Background Thread 3 ] DEBUG Engine               - devShowPositionProperty: BooleanProperty [value: false]
07:27:20.830 [FXGL Background Thread 3 ] DEBUG Engine               - enabledMenuItems: []
07:27:20.830 [FXGL Background Thread 3 ] DEBUG Engine               - engineServices: [class com.almasb.fxgl.app.services.FXGLAssetLoaderService, class com.almasb.fxgl.app.FXGLApplication$GameApplicationService, class com.almasb.fxgl.app.services.FXGLDialogService, class com.almasb.fxgl.app.services.IOTaskExecutorService, class com.almasb.fxgl.io.FileSystemService, class com.almasb.fxgl.localization.LocalizationService, class com.almasb.fxgl.app.services.SystemBundleService, class com.almasb.fxgl.profile.SaveLoadService, class com.almasb.fxgl.ui.FXGLUIFactoryServiceProvider, class com.almasb.fxgl.ui.FXGLDialogFactoryServiceProvider, class com.almasb.fxgl.audio.AudioPlayer, class com.almasb.fxgl.notification.impl.NotificationServiceProvider, class com.almasb.fxgl.achievement.AchievementService, class com.almasb.fxgl.cutscene.CutsceneService, class com.almasb.fxgl.minigames.MiniGameService, class com.almasb.fxgl.net.NetService, class com.almasb.fxgl.app.services.UpdaterService, class com.almasb.fxgl.dev.DevService]
07:27:20.830 [FXGL Background Thread 3 ] DEBUG Engine               - fontGame: Abel-Regular.ttf
07:27:20.830 [FXGL Background Thread 3 ] DEBUG Engine               - fontMono: TerminalLandMono-Regular.otf
07:27:20.830 [FXGL Background Thread 3 ] DEBUG Engine               - fontSizeScaleUI: 1.0
07:27:20.830 [FXGL Background Thread 3 ] DEBUG Engine               - fontText: Courier-Prime.ttf
07:27:20.830 [FXGL Background Thread 3 ] DEBUG Engine               - fontUI: VarelaRound-Regular.ttf
07:27:20.830 [FXGL Background Thread 3 ] DEBUG Engine               - fpsRefreshRate: 500.0 ms
07:27:20.830 [FXGL Background Thread 3 ] DEBUG Engine               - fullScreen: BooleanProperty [value: false]
07:27:20.830 [FXGL Background Thread 3 ] DEBUG Engine               - gameDifficulty: MEDIUM
07:27:20.830 [FXGL Background Thread 3 ] DEBUG Engine               - gameDifficultyProperty: ObjectProperty [value: MEDIUM]
07:27:20.830 [FXGL Background Thread 3 ] DEBUG Engine               - globalMusicVolume: 0.5
07:27:20.830 [FXGL Background Thread 3 ] DEBUG Engine               - globalMusicVolumeProperty: DoubleProperty [value: 0.5]
07:27:20.830 [FXGL Background Thread 3 ] DEBUG Engine               - globalSoundVolume: 0.5
07:27:20.830 [FXGL Background Thread 3 ] DEBUG Engine               - globalSoundVolumeProperty: DoubleProperty [value: 0.5]
07:27:20.831 [FXGL Background Thread 3 ] DEBUG Engine               - height: 720
07:27:20.831 [FXGL Background Thread 3 ] DEBUG Engine               - is3D: false
07:27:20.831 [FXGL Background Thread 3 ] DEBUG Engine               - isAndroid: false
07:27:20.831 [FXGL Background Thread 3 ] DEBUG Engine               - isBrowser: false
07:27:20.831 [FXGL Background Thread 3 ] DEBUG Engine               - isClickFeedbackEnabled: false
07:27:20.831 [FXGL Background Thread 3 ] DEBUG Engine               - isCloseConfirmation: false
07:27:20.831 [FXGL Background Thread 3 ] DEBUG Engine               - isDesktop: true
07:27:20.831 [FXGL Background Thread 3 ] DEBUG Engine               - isDeveloperMenuEnabled: true
07:27:20.831 [FXGL Background Thread 3 ] DEBUG Engine               - isEmbedded: false
07:27:20.831 [FXGL Background Thread 3 ] DEBUG Engine               - isEntityPreloadEnabled: true
07:27:20.831 [FXGL Background Thread 3 ] DEBUG Engine               - isExperimentalTiledLargeMap: false
07:27:20.831 [FXGL Background Thread 3 ] DEBUG Engine               - isFileSystemWriteAllowed: true
07:27:20.831 [FXGL Background Thread 3 ] DEBUG Engine               - isFullScreenAllowed: false
07:27:20.831 [FXGL Background Thread 3 ] DEBUG Engine               - isFullScreenFromStart: false
07:27:20.831 [FXGL Background Thread 3 ] DEBUG Engine               - isGameMenuEnabled: true
07:27:20.831 [FXGL Background Thread 3 ] DEBUG Engine               - isIOS: false
07:27:20.831 [FXGL Background Thread 3 ] DEBUG Engine               - isIntroEnabled: false
07:27:20.831 [FXGL Background Thread 3 ] DEBUG Engine               - isLinux: false
07:27:20.831 [FXGL Background Thread 3 ] DEBUG Engine               - isMac: false
07:27:20.831 [FXGL Background Thread 3 ] DEBUG Engine               - isMainMenuEnabled: false
07:27:20.831 [FXGL Background Thread 3 ] DEBUG Engine               - isManualResizeEnabled: false
07:27:20.831 [FXGL Background Thread 3 ] DEBUG Engine               - isMobile: false
07:27:20.831 [FXGL Background Thread 3 ] DEBUG Engine               - isNative: false
07:27:20.831 [FXGL Background Thread 3 ] DEBUG Engine               - isPauseMusicWhenMinimized: true
07:27:20.831 [FXGL Background Thread 3 ] DEBUG Engine               - isPreserveResizeRatio: false
07:27:20.832 [FXGL Background Thread 3 ] DEBUG Engine               - isProfilingEnabled: false
07:27:20.832 [FXGL Background Thread 3 ] DEBUG Engine               - isScaleAffectedOnResize: true
07:27:20.832 [FXGL Background Thread 3 ] DEBUG Engine               - isSingleStep: false
07:27:20.832 [FXGL Background Thread 3 ] DEBUG Engine               - isUserProfileEnabled: false
07:27:20.832 [FXGL Background Thread 3 ] DEBUG Engine               - isWindows: true
07:27:20.832 [FXGL Background Thread 3 ] DEBUG Engine               - language: ObjectProperty [value: ENGLISH]
07:27:20.832 [FXGL Background Thread 3 ] DEBUG Engine               - menuKey: ESCAPE
07:27:20.832 [FXGL Background Thread 3 ] DEBUG Engine               - mouseSensitivity: 0.2
07:27:20.832 [FXGL Background Thread 3 ] DEBUG Engine               - notificationViewClass: class com.almasb.fxgl.notification.view.XboxNotificationView
07:27:20.832 [FXGL Background Thread 3 ] DEBUG Engine               - pixelsPerMeter: 50.0
07:27:20.832 [FXGL Background Thread 3 ] DEBUG Engine               - platform: WINDOWS
07:27:20.832 [FXGL Background Thread 3 ] DEBUG Engine               - prefHeightProperty: ReadOnlyDoubleProperty [value: 720.0]
07:27:20.832 [FXGL Background Thread 3 ] DEBUG Engine               - prefWidthProperty: ReadOnlyDoubleProperty [value: 1280.0]
07:27:20.832 [FXGL Background Thread 3 ] DEBUG Engine               - profileDir: profiles/
07:27:20.832 [FXGL Background Thread 3 ] DEBUG Engine               - profileName: StringProperty [value: DEFAULT]
07:27:20.832 [FXGL Background Thread 3 ] DEBUG Engine               - randomSeed: -1
07:27:20.833 [FXGL Background Thread 3 ] DEBUG Engine               - runtimeInfo: RuntimeInfo(platform=WINDOWS, version=25, build=05.02.2026 22.57)
07:27:20.833 [FXGL Background Thread 3 ] DEBUG Engine               - saveFileExt: sav
07:27:20.833 [FXGL Background Thread 3 ] DEBUG Engine               - scaledHeightProp$fxgl: DoubleProperty [bound, value: 720.0]
07:27:20.833 [FXGL Background Thread 3 ] DEBUG Engine               - scaledWidthProp$fxgl: DoubleProperty [bound, value: 1280.0]
07:27:20.833 [FXGL Background Thread 3 ] DEBUG Engine               - sceneFactory: com.almasb.fxgl.app.scene.SceneFactory@6b2cc8be
07:27:20.833 [FXGL Background Thread 3 ] DEBUG Engine               - secondsIn24h: 60
07:27:20.833 [FXGL Background Thread 3 ] DEBUG Engine               - soundMenuBack: menu/back.wav
07:27:20.833 [FXGL Background Thread 3 ] DEBUG Engine               - soundMenuPress: menu/press.wav
07:27:20.833 [FXGL Background Thread 3 ] DEBUG Engine               - soundMenuSelect: menu/select.wav
07:27:20.833 [FXGL Background Thread 3 ] DEBUG Engine               - soundNotification: core/notification.wav
07:27:20.833 [FXGL Background Thread 3 ] DEBUG Engine               - stageStyle: DECORATED
07:27:20.833 [FXGL Background Thread 3 ] DEBUG Engine               - supportedLanguages: [ENGLISH, FRENCH, GERMAN, HUNGARIAN, RUSSIAN]
07:27:20.833 [FXGL Background Thread 3 ] DEBUG Engine               - ticksPerSecond: -1
07:27:20.833 [FXGL Background Thread 3 ] DEBUG Engine               - title: Java Farming Professional
07:27:20.833 [FXGL Background Thread 3 ] DEBUG Engine               - urlGithub: https://github.com/AlmasB/FXGL
07:27:20.833 [FXGL Background Thread 3 ] DEBUG Engine               - urlLeaderboard: http://fxgl-top.herokuapp.com/
07:27:20.833 [FXGL Background Thread 3 ] DEBUG Engine               - urlPOM: https://raw.githubusercontent.com/AlmasB/FXGL/release/README.md
07:27:20.833 [FXGL Background Thread 3 ] DEBUG Engine               - userAppClass: class Project1Game.Main
07:27:20.833 [FXGL Background Thread 3 ] DEBUG Engine               - version: 2.5
07:27:20.833 [FXGL Background Thread 3 ] DEBUG Engine               - versionCheckDays: 7
07:27:20.833 [FXGL Background Thread 3 ] DEBUG Engine               - width: 1280
07:27:20.833 [FXGL Background Thread 3 ] DEBUG Engine               - Logging services
07:27:20.833 [FXGL Background Thread 3 ] DEBUG Engine               - class com.almasb.fxgl.app.services.FXGLAssetLoaderService
07:27:20.833 [FXGL Background Thread 3 ] DEBUG Engine               - class com.almasb.fxgl.app.FXGLApplication$GameApplicationService
07:27:20.834 [FXGL Background Thread 3 ] DEBUG Engine               - class com.almasb.fxgl.app.services.FXGLDialogService
07:27:20.834 [FXGL Background Thread 3 ] DEBUG Engine               - class com.almasb.fxgl.app.services.IOTaskExecutorService
07:27:20.834 [FXGL Background Thread 3 ] DEBUG Engine               - class com.almasb.fxgl.io.FileSystemService
07:27:20.834 [FXGL Background Thread 3 ] DEBUG Engine               - class com.almasb.fxgl.localization.LocalizationService
07:27:20.834 [FXGL Background Thread 3 ] DEBUG Engine               - class com.almasb.fxgl.app.services.SystemBundleService
07:27:20.834 [FXGL Background Thread 3 ] DEBUG Engine               - class com.almasb.fxgl.profile.SaveLoadService
07:27:20.834 [FXGL Background Thread 3 ] DEBUG Engine               - class com.almasb.fxgl.ui.FXGLUIFactoryServiceProvider
07:27:20.834 [FXGL Background Thread 3 ] DEBUG Engine               - class com.almasb.fxgl.ui.FXGLDialogFactoryServiceProvider
07:27:20.834 [FXGL Background Thread 3 ] DEBUG Engine               - class com.almasb.fxgl.audio.AudioPlayer
07:27:20.834 [FXGL Background Thread 3 ] DEBUG Engine               - class com.almasb.fxgl.notification.impl.NotificationServiceProvider
07:27:20.834 [FXGL Background Thread 3 ] DEBUG Engine               - class com.almasb.fxgl.achievement.AchievementService
07:27:20.834 [FXGL Background Thread 3 ] DEBUG Engine               - class com.almasb.fxgl.cutscene.CutsceneService
07:27:20.834 [FXGL Background Thread 3 ] DEBUG Engine               - class com.almasb.fxgl.minigames.MiniGameService
07:27:20.834 [FXGL Background Thread 3 ] DEBUG Engine               - class com.almasb.fxgl.net.NetService
07:27:20.834 [FXGL Background Thread 3 ] DEBUG Engine               - class com.almasb.fxgl.app.services.UpdaterService
07:27:20.834 [FXGL Background Thread 3 ] DEBUG Engine               - class com.almasb.fxgl.dev.DevService
07:27:23.467 [JavaFX Application Thread] WARN  TMXLevelLoader       - TiledMap generated from 1.12.0. Supported version: 1.9.0. Some features may not be parsed fully.
07:27:23.476 [JavaFX Application Thread] DEBUG TMXLevelLoader       - Parsed TiledMap: file:/D:/projects/helloworld/FarmSimulator/target/classes/assets/levels/Main_house.tmx
07:27:23.476 [JavaFX Application Thread] DEBUG TMXLevelLoader       - Creating tile layer entities
07:27:23.477 [JavaFX Application Thread] DEBUG TilesetLoader        - Loading view for layer Ground
07:27:23.478 [JavaFX Application Thread] DEBUG TilesetLoader        - Created buffer with size 1024.0x1024.0
07:27:23.499 [JavaFX Application Thread] DEBUG TilesetLoader        - Loading view for layer Background
07:27:23.500 [JavaFX Application Thread] DEBUG TilesetLoader        - Created buffer with size 1024.0x1024.0
07:27:23.500 [JavaFX Application Thread] DEBUG TilesetLoader        - Loading view for layer Decoration
07:27:23.503 [JavaFX Application Thread] DEBUG TilesetLoader        - Created buffer with size 1024.0x1024.0
07:27:23.510 [JavaFX Application Thread] DEBUG TMXLevelLoader       - Creating object layer entities
07:27:23.516 [JavaFX Application Thread] DEBUG GameWorld            - Clearing removable entities
07:27:23.566 [JavaFX Application Thread] DEBUG GameWorld            - Setting level: com.almasb.fxgl.entity.level.Level@3d706911
07:27:24.371 [JavaFX Application Thread] WARN  TMXLevelLoader       - TiledMap generated from 1.12.0. Supported version: 1.9.0. Some features may not be parsed fully.
07:27:24.420 [JavaFX Application Thread] DEBUG TMXLevelLoader       - Parsed TiledMap: file:/D:/projects/helloworld/FarmSimulator/target/classes/assets/levels/Main_level.tmx
07:27:24.420 [JavaFX Application Thread] DEBUG TMXLevelLoader       - Creating tile layer entities
07:27:24.420 [JavaFX Application Thread] DEBUG TilesetLoader        - Loading view for layer BackgroundLayer
07:27:24.428 [JavaFX Application Thread] DEBUG TilesetLoader        - Created buffer with size 3520.0x2048.0
07:27:24.508 [JavaFX Application Thread] DEBUG TilesetLoader        - Loading view for layer DecorationLayer
07:27:24.512 [JavaFX Application Thread] DEBUG TilesetLoader        - Created buffer with size 3520.0x2048.0
07:27:24.551 [JavaFX Application Thread] DEBUG TilesetLoader        - Loading view for layer OverheadLayer
07:27:24.562 [JavaFX Application Thread] DEBUG TilesetLoader        - Created buffer with size 3520.0x2048.0
07:27:24.564 [JavaFX Application Thread] DEBUG TMXLevelLoader       - Creating object layer entities
07:27:24.651 [JavaFX Application Thread] WARN  FXGLAssetLoaderServi - Asset "/assets/textures/Guider.png" was not found!
07:27:24.651 [JavaFX Application Thread] WARN  FXGLAssetLoaderServi - Failed to load IMAGE
07:27:24.651 [JavaFX Application Thread] WARN  FXGLAssetLoaderServi - Asset "/assets/textures/Guider.png" was not found!
07:27:24.651 [JavaFX Application Thread] WARN  FXGLAssetLoaderServi - Failed to load IMAGE
07:27:24.651 [JavaFX Application Thread] WARN  FXGLAssetLoaderServi - Asset "/assets/textures/Guider.png" was not found!
07:27:24.651 [JavaFX Application Thread] WARN  FXGLAssetLoaderServi - Failed to load IMAGE
07:27:24.652 [JavaFX Application Thread] WARN  FXGLAssetLoaderServi - Asset "/assets/textures/Guider.png" was not found!
07:27:24.652 [JavaFX Application Thread] WARN  FXGLAssetLoaderServi - Failed to load IMAGE
07:27:24.653 [JavaFX Application Thread] DEBUG GameWorld            - Clearing removable entities
07:27:24.656 [JavaFX Application Thread] DEBUG GameWorld            - Setting level: com.almasb.fxgl.entity.level.Level@5a553751
07:27:30.957 [JavaFX Application Thread] DEBUG FXGLApplication      - Exiting FXGL
07:27:30.957 [JavaFX Application Thread] DEBUG LoopRunner           - Stopping loop
07:27:30.960 [JavaFX Application Thread] DEBUG SystemBundleService  - Saving FXGL system data
07:27:30.963 [JavaFX Application Thread] DEBUG FileSystemAccess     - Writing to: D:\projects\helloworld\FarmSimulator\system\fxgl.bundle
07:27:30.966 [JavaFX Application Thread] DEBUG Async                - Shutting down background threads
07:27:30.966 [JavaFX Application Thread] DEBUG PrimaryStageWindow   - Closing main window
07:27:30.998 [JavaFX Application Thread] DEBUG Logger               - Closing Logger
