00:09:36.955 [main                     ] DEBUG Logger               - Configured Logger
00:09:36.960 [main                     ] DEBUG GameApplication      - Logging settings
Title: Untitled
Version: 0.0
Width: 1920
Height: 1080
Fullscreen: true
Intro: false
Profiling: false
Single step:false
App Mode: DEVELOPER
Menu Key: ESCAPE
Stage Style: DECORATED
Scene Factory: class com.almasb.fxgl.app.scene.SceneFactory

00:09:37.408 [JavaFX Application Thread] DEBUG FXGLApplication      - Initializing FXGL
00:09:37.412 [JavaFX Application Thread] INFO  Engine               - FXGL-25 (05.02.2026 22.57) on WINDOWS (J:25.0.1 FX:25.0.1)
00:09:37.412 [JavaFX Application Thread] DEBUG Engine               - JRE Vendor Name: Oracle Corporation
00:09:37.412 [JavaFX Application Thread] DEBUG Engine               - Running on OS: Windows 11 version 10.0
00:09:37.412 [JavaFX Application Thread] DEBUG Engine               - Architecture: amd64
00:09:37.413 [JavaFX Application Thread] INFO  Engine               - Source code and latest versions at: https://github.com/AlmasB/FXGL
00:09:37.413 [JavaFX Application Thread] INFO  Engine               -       Ask questions and discuss at: https://github.com/AlmasB/FXGL/discussions
00:09:37.510 [JavaFX Application Thread] DEBUG PrimaryStageWindow   - Creating a JavaFX scene
00:09:37.511 [JavaFX Application Thread] DEBUG PrimaryStageWindow   - Target size > screen size
00:09:37.559 [JavaFX Application Thread] DEBUG PrimaryStageWindow   - Target settings size: 1920.0 x 1080.0
00:09:37.559 [JavaFX Application Thread] DEBUG PrimaryStageWindow   - Scaled scene size:    1511.0 x 864.0
00:09:37.559 [JavaFX Application Thread] DEBUG PrimaryStageWindow   - Scaled ratio: (0.7869791666666667, 0.8)
00:09:37.560 [JavaFX Application Thread] DEBUG PrimaryStageWindow   - Set initial scene to FXGLStartupScene
00:09:37.564 [JavaFX Application Thread] DEBUG PrimaryStageWindow   - Opening main window
00:09:37.841 [JavaFX Application Thread] DEBUG PrimaryStageWindow   - Window border size: (14.5999755859375, 37.5999755859375)
00:09:37.841 [JavaFX Application Thread] DEBUG PrimaryStageWindow   - Scaled size: 1511.0 x 864.0
00:09:37.841 [JavaFX Application Thread] DEBUG PrimaryStageWindow   - Scaled ratio: (0.7869791666666667, 0.8)
00:09:37.843 [JavaFX Application Thread] DEBUG PrimaryStageWindow   - Scene size: 1511.0 x 864.0
00:09:37.843 [JavaFX Application Thread] DEBUG PrimaryStageWindow   - Stage size: 1525.5999755859375 x 901.5999755859375
00:09:37.848 [FXGL Background Thread 1 ] DEBUG Engine               - Initializing environment variables
00:09:37.890 [FXGL Background Thread 1 ] DEBUG FXGLAssetLoaderServi - User app class for loading assets: class Project1Game.Main
00:09:37.891 [FXGL Background Thread 1 ] DEBUG GameApplicationServi - Applying CSS: fxgl_dark.css
00:09:37.891 [FXGL Background Thread 1 ] DEBUG FXGLAssetLoaderServi - Loading from file system: jar:file:/C:/Users/Admin/.m2/repository/com/github/almasb/fxgl/25/fxgl-25.jar!/fxglassets/ui/css/fxgl_dark.css
00:09:37.936 [FXGL Background Thread 1 ] DEBUG GameApplicationServi - Initializing application scenes
00:09:37.974 [FXGL Background Thread 1 ] DEBUG GameWorld            - Game world initialized
00:09:38.016 [FXGL Background Thread 1 ] DEBUG PhysicsWorld         - Physics world initialized: appHeight=1080, physics.ppm=50.0
00:09:38.017 [FXGL Background Thread 1 ] DEBUG PhysicsWorld         - Using strategy: BRUTE_FORCE
00:09:38.022 [FXGL Background Thread 1 ] DEBUG GameScene            - Game scene initialized: 1920x1080
00:09:38.033 [FXGL Background Thread 1 ] DEBUG FXGL.DefaultMenu     - createMenuBodyGameMenu()
00:09:38.045 [FXGL Background Thread 1 ] DEBUG FXGL.DefaultMenu     - createOptionsMenu()
00:09:38.055 [FXGL Background Thread 1 ] DEBUG FXGLAssetLoaderServi - Loading from file system: jar:file:/C:/Users/Admin/.m2/repository/com/github/almasb/fxgl/25/fxgl-25.jar!/fxglassets/textures/particles/smoke.png
00:09:38.124 [FXGL Background Thread 1 ] DEBUG FXGLAssetLoaderServi - Loading from file system: jar:file:/C:/Users/Admin/.m2/repository/com/github/almasb/fxgl/25/fxgl-25.jar!/fxglassets/textures/particles/trace_horizontal.png
00:09:38.155 [FXGL Background Thread 1 ] DEBUG GameApplicationServi - Application scenes initialized
00:09:38.165 [FXGL Background Thread 1 ] DEBUG SystemBundleService  - Loading FXGL system data
00:09:38.166 [FXGL Background Thread 1 ] DEBUG FileSystemAccess     - Reading from: D:\GameDevelop\Project1\system\fxgl.bundle
00:09:38.167 [FXGL Background Thread 1 ] DEBUG SystemBundleService  - Bundle FXGL: {}
00:09:38.169 [FXGL Background Thread 1 ] DEBUG UpdaterService       - Checking for updates
00:09:38.200 [FXGL Background Thread 4 ] DEBUG FXGLApplication      - Loading fonts
00:09:38.200 [FXGL Background Thread 1 ] DEBUG FXGLApplication      - Loading default localization
00:09:38.200 [FXGL Background Thread 4 ] DEBUG FXGLAssetLoaderServi - Loading from file system: jar:file:/C:/Users/Admin/.m2/repository/com/github/almasb/fxgl/25/fxgl-25.jar!/fxglassets/ui/fonts/VarelaRound-Regular.ttf
00:09:38.201 [FXGL Background Thread 1 ] DEBUG FXGLAssetLoaderServi - Loading from file system: jar:file:/C:/Users/Admin/.m2/repository/com/github/almasb/fxgl/25/fxgl-25.jar!/fxglassets/languages/english.lang
00:09:38.207 [FXGL Background Thread 4 ] DEBUG FXGLAssetLoaderServi - Loading from file system: jar:file:/C:/Users/Admin/.m2/repository/com/github/almasb/fxgl/25/fxgl-25.jar!/fxglassets/ui/fonts/Abel-Regular.ttf
00:09:38.210 [FXGL Background Thread 4 ] DEBUG FXGLAssetLoaderServi - Loading from file system: jar:file:/C:/Users/Admin/.m2/repository/com/github/almasb/fxgl/25/fxgl-25.jar!/fxglassets/ui/fonts/TerminalLandMono-Regular.otf
00:09:38.213 [FXGL Background Thread 4 ] DEBUG FXGLAssetLoaderServi - Loading from file system: jar:file:/C:/Users/Admin/.m2/repository/com/github/almasb/fxgl/25/fxgl-25.jar!/fxglassets/ui/fonts/Courier-Prime.ttf
00:09:38.213 [FXGL Background Thread 1 ] INFO  FXGLApplication      - FXGL initialization took: 0.366 sec
00:09:38.224 [JavaFX Application Thread] DEBUG Input                - Registered new binding: Move Right - D
00:09:38.224 [JavaFX Application Thread] DEBUG Input                - Registered new binding: Move Left - A
00:09:38.224 [JavaFX Application Thread] DEBUG Input                - Registered new binding: Move Up - W
00:09:38.224 [JavaFX Application Thread] DEBUG Input                - Registered new binding: Move Down - S
00:09:38.225 [JavaFX Application Thread] DEBUG Input                - Registered new binding: action0 - F
00:09:38.225 [JavaFX Application Thread] DEBUG Input                - Registered new binding: action1 - E
00:09:38.226 [JavaFX Application Thread] DEBUG FXGLAssetLoaderServi - Loading from file system: jar:file:/C:/Users/Admin/.m2/repository/com/github/almasb/fxgl/25/fxgl-25.jar!/fxglassets/textures/fxgl_icon.png
00:09:38.244 [JavaFX Application Thread] DEBUG FXGLAssetLoaderServi - Loading from file system: jar:file:/C:/Users/Admin/.m2/repository/com/github/almasb/fxgl/25/fxgl-25.jar!/fxglassets/textures/fxgl_default_cursor.png
00:09:38.246 [JavaFX Application Thread] DEBUG Input                - Registered new binding: Screenshot - CTRL+8
00:09:38.247 [JavaFX Application Thread] DEBUG Input                - Registered new binding: Dev Options - 1
00:09:38.247 [JavaFX Application Thread] DEBUG Input                - Registered new binding: Dev Console - 2
00:09:38.248 [JavaFX Application Thread] DEBUG Input                - Registered new binding: System info dump - CTRL+9
00:09:38.248 [JavaFX Application Thread] DEBUG Input                - Registered new binding: Restart - CTRL+R
00:09:38.249 [JavaFX Application Thread] DEBUG Input                - Registered new binding: Toggle Debug Camera - CTRL+7
00:09:38.252 [JavaFX Application Thread] DEBUG LoopRunner           - Starting loop
00:09:38.265 [JavaFX Application Thread] DEBUG LoopRunner           - Initializing JavaFX AnimationTimerLoop
00:09:38.267 [JavaFX Application Thread] DEBUG GameApplicationServi - Starting new game
00:09:38.268 [JavaFX Application Thread] DEBUG Input                - Clearing active input actions
00:09:38.278 [JavaFX Application Thread] DEBUG GameApplicationServi - Removing overlay from FXGLStartupScene and adding to FXGLLoadingScene
00:09:38.281 [JavaFX Application Thread] DEBUG PrimaryStageWindow   - FXGLStartupScene -> FXGLLoadingScene
00:09:38.281 [JavaFX Application Thread] DEBUG GameApplicationServi - Clearing previous game
00:09:38.281 [JavaFX Application Thread] DEBUG GameScene            - Clearing game scene
00:09:38.281 [JavaFX Application Thread] DEBUG GameWorld            - Clearing game world
00:09:38.281 [JavaFX Application Thread] DEBUG PhysicsWorld         - Clearing physics world
00:09:38.283 [FXGL Background Thread 4 ] DEBUG FXGLApplication      - Initializing game
00:09:38.285 [JavaFX Application Thread] DEBUG FXGLApplication      - Registering font factories with UI factory
00:09:38.294 [FXGL Background Thread 4 ] WARN  FXGLAssetLoaderServi - Asset "/assets/textures/java.awt.Rectangle[x=0,y=0,width=0,height=0]" was not found!
00:09:38.294 [FXGL Background Thread 4 ] WARN  FXGLAssetLoaderServi - Failed to load IMAGE
00:09:38.559 [FXGL Background Thread 4 ] WARN  TMXLevelLoader       - TiledMap generated from 1.12.0. Supported version: 1.9.0. Some features may not be parsed fully.
00:09:38.578 [FXGL Background Thread 4 ] DEBUG TMXLevelLoader       - Parsed TiledMap: file:/D:/GameDevelop/Project1/target/classes/assets/levels/level2.tmx
00:09:38.579 [FXGL Background Thread 4 ] DEBUG TMXLevelLoader       - Creating tile layer entities
00:09:38.580 [FXGL Background Thread 4 ] DEBUG TilesetLoader        - Loading view for layer Ground
00:09:38.582 [FXGL Background Thread 4 ] DEBUG TilesetLoader        - Created buffer with size 1920.0x1088.0
00:09:38.613 [FXGL Background Thread 4 ] DEBUG TilesetLoader        - Loading view for layer Ground_deco
00:09:38.615 [FXGL Background Thread 4 ] DEBUG TilesetLoader        - Created buffer with size 1920.0x1088.0
00:09:38.619 [FXGL Background Thread 4 ] DEBUG TilesetLoader        - Loading view for layer Dirt_deco
00:09:38.621 [FXGL Background Thread 4 ] DEBUG TilesetLoader        - Created buffer with size 1920.0x1088.0
00:09:38.624 [FXGL Background Thread 4 ] DEBUG TilesetLoader        - Loading view for layer Water
00:09:38.626 [FXGL Background Thread 4 ] DEBUG TilesetLoader        - Created buffer with size 1920.0x1088.0
00:09:38.628 [FXGL Background Thread 4 ] DEBUG TilesetLoader        - Loading view for layer FloatDeco
00:09:38.632 [FXGL Background Thread 4 ] DEBUG TilesetLoader        - Created buffer with size 1920.0x1088.0
00:09:38.633 [FXGL Background Thread 4 ] DEBUG TMXLevelLoader       - Creating object layer entities
00:09:38.635 [FXGL Background Thread 4 ] DEBUG FXGLAssetLoaderServi - Loading from file system: file:/D:/GameDevelop/Project1/target/classes/assets/textures/Player.png
00:09:38.643 [FXGL Background Thread 4 ] DEBUG GameWorld            - Clearing removable entities
00:09:38.644 [FXGL Background Thread 4 ] DEBUG GameWorld            - Setting level: com.almasb.fxgl.entity.level.Level@45c9fbbe
00:09:38.648 [FXGL Background Thread 4 ] INFO  FXGLApplication      - Game initialization took: 0.364 sec
00:09:38.649 [JavaFX Application Thread] DEBUG Input                - Clearing active input actions
00:09:38.667 [JavaFX Application Thread] DEBUG GameApplicationServi - Removing overlay from FXGLLoadingScene and adding to GameScene
00:09:38.671 [JavaFX Application Thread] DEBUG PrimaryStageWindow   - FXGLLoadingScene -> GameScene
00:09:41.183 [JavaFX Application Thread] DEBUG FXGLAssetLoaderServi - Loading from file system: file:/D:/GameDevelop/Project1/target/classes/assets/textures/soil_2.png
00:09:41.199 [FXGL Background Thread 3 ] DEBUG Engine               - Logging environment variables
00:09:41.199 [FXGL Background Thread 3 ] DEBUG Engine               - achievements: []
00:09:41.199 [FXGL Background Thread 3 ] DEBUG Engine               - actualHeight: 864.0
00:09:41.199 [FXGL Background Thread 3 ] DEBUG Engine               - actualHeightProperty: ReadOnlyDoubleProperty [value: 864.0]
00:09:41.199 [FXGL Background Thread 3 ] DEBUG Engine               - actualWidth: 1511.0
00:09:41.199 [FXGL Background Thread 3 ] DEBUG Engine               - actualWidthProperty: ReadOnlyDoubleProperty [value: 1511.0]
00:09:41.199 [FXGL Background Thread 3 ] DEBUG Engine               - appIcon: fxgl_icon.png
00:09:41.199 [FXGL Background Thread 3 ] DEBUG Engine               - applicationMode: DEVELOPER
00:09:41.200 [FXGL Background Thread 3 ] DEBUG Engine               - cSSList: [fxgl_dark.css]
00:09:41.200 [FXGL Background Thread 3 ] DEBUG Engine               - collisionDetectionStrategy: BRUTE_FORCE
00:09:41.200 [FXGL Background Thread 3 ] DEBUG Engine               - configClass: Optional.empty
00:09:41.200 [FXGL Background Thread 3 ] DEBUG Engine               - credits: []
00:09:41.200 [FXGL Background Thread 3 ] DEBUG Engine               - defaultCursor: CursorInfo(imageName=fxgl_default_cursor.png, hotspotX=7.0, hotspotY=6.0)
00:09:41.200 [FXGL Background Thread 3 ] DEBUG Engine               - devBBoxColorProperty: ObjectProperty [value: 0xff0000ff]
00:09:41.200 [FXGL Background Thread 3 ] DEBUG Engine               - devEnableDebugCameraProperty: BooleanProperty [value: false]
00:09:41.200 [FXGL Background Thread 3 ] DEBUG Engine               - devSensorColorProperty: ObjectProperty [value: 0xffff00ff]
00:09:41.200 [FXGL Background Thread 3 ] DEBUG Engine               - devShowBBoxProperty: BooleanProperty [value: false]
00:09:41.200 [FXGL Background Thread 3 ] DEBUG Engine               - devShowPositionProperty: BooleanProperty [value: false]
00:09:41.201 [FXGL Background Thread 3 ] DEBUG Engine               - enabledMenuItems: []
00:09:41.201 [FXGL Background Thread 3 ] DEBUG Engine               - engineServices: [class com.almasb.fxgl.app.services.FXGLAssetLoaderService, class com.almasb.fxgl.app.FXGLApplication$GameApplicationService, class com.almasb.fxgl.app.services.FXGLDialogService, class com.almasb.fxgl.app.services.IOTaskExecutorService, class com.almasb.fxgl.io.FileSystemService, class com.almasb.fxgl.localization.LocalizationService, class com.almasb.fxgl.app.services.SystemBundleService, class com.almasb.fxgl.profile.SaveLoadService, class com.almasb.fxgl.ui.FXGLUIFactoryServiceProvider, class com.almasb.fxgl.ui.FXGLDialogFactoryServiceProvider, class com.almasb.fxgl.audio.AudioPlayer, class com.almasb.fxgl.notification.impl.NotificationServiceProvider, class com.almasb.fxgl.achievement.AchievementService, class com.almasb.fxgl.cutscene.CutsceneService, class com.almasb.fxgl.minigames.MiniGameService, class com.almasb.fxgl.net.NetService, class com.almasb.fxgl.app.services.UpdaterService, class com.almasb.fxgl.dev.DevService]
00:09:41.201 [FXGL Background Thread 3 ] DEBUG Engine               - fontGame: Abel-Regular.ttf
00:09:41.201 [FXGL Background Thread 3 ] DEBUG Engine               - fontMono: TerminalLandMono-Regular.otf
00:09:41.201 [FXGL Background Thread 3 ] DEBUG Engine               - fontSizeScaleUI: 1.0
00:09:41.201 [FXGL Background Thread 3 ] DEBUG Engine               - fontText: Courier-Prime.ttf
00:09:41.201 [FXGL Background Thread 3 ] DEBUG Engine               - fontUI: VarelaRound-Regular.ttf
00:09:41.201 [FXGL Background Thread 3 ] DEBUG Engine               - fpsRefreshRate: 500.0 ms
00:09:41.201 [FXGL Background Thread 3 ] DEBUG Engine               - fullScreen: BooleanProperty [value: false]
00:09:41.201 [FXGL Background Thread 3 ] DEBUG Engine               - gameDifficulty: MEDIUM
00:09:41.201 [FXGL Background Thread 3 ] DEBUG Engine               - gameDifficultyProperty: ObjectProperty [value: MEDIUM]
00:09:41.201 [FXGL Background Thread 3 ] DEBUG Engine               - globalMusicVolume: 0.5
00:09:41.202 [FXGL Background Thread 3 ] DEBUG Engine               - globalMusicVolumeProperty: DoubleProperty [value: 0.5]
00:09:41.202 [FXGL Background Thread 3 ] DEBUG Engine               - globalSoundVolume: 0.5
00:09:41.202 [FXGL Background Thread 3 ] DEBUG Engine               - globalSoundVolumeProperty: DoubleProperty [value: 0.5]
00:09:41.202 [FXGL Background Thread 3 ] DEBUG Engine               - height: 1080
00:09:41.202 [FXGL Background Thread 3 ] DEBUG Engine               - is3D: false
00:09:41.202 [FXGL Background Thread 3 ] DEBUG Engine               - isAndroid: false
00:09:41.202 [FXGL Background Thread 3 ] DEBUG Engine               - isBrowser: false
00:09:41.202 [FXGL Background Thread 3 ] DEBUG Engine               - isClickFeedbackEnabled: false
00:09:41.202 [FXGL Background Thread 3 ] DEBUG Engine               - isCloseConfirmation: false
00:09:41.202 [FXGL Background Thread 3 ] DEBUG Engine               - isDesktop: true
00:09:41.202 [FXGL Background Thread 3 ] DEBUG Engine               - isDeveloperMenuEnabled: true
00:09:41.202 [FXGL Background Thread 3 ] DEBUG Engine               - isEmbedded: false
00:09:41.202 [FXGL Background Thread 3 ] DEBUG Engine               - isEntityPreloadEnabled: true
00:09:41.202 [FXGL Background Thread 3 ] DEBUG Engine               - isExperimentalTiledLargeMap: false
00:09:41.202 [FXGL Background Thread 3 ] DEBUG Engine               - isFileSystemWriteAllowed: true
00:09:41.202 [FXGL Background Thread 3 ] DEBUG Engine               - isFullScreenAllowed: true
00:09:41.202 [FXGL Background Thread 3 ] DEBUG Engine               - isFullScreenFromStart: false
00:09:41.202 [FXGL Background Thread 3 ] DEBUG Engine               - isGameMenuEnabled: true
00:09:41.202 [FXGL Background Thread 3 ] DEBUG Engine               - isIOS: false
00:09:41.202 [FXGL Background Thread 3 ] DEBUG Engine               - isIntroEnabled: false
00:09:41.202 [FXGL Background Thread 3 ] DEBUG Engine               - isLinux: false
00:09:41.202 [FXGL Background Thread 3 ] DEBUG Engine               - isMac: false
00:09:41.202 [FXGL Background Thread 3 ] DEBUG Engine               - isMainMenuEnabled: false
00:09:41.202 [FXGL Background Thread 3 ] DEBUG Engine               - isManualResizeEnabled: false
00:09:41.202 [FXGL Background Thread 3 ] DEBUG Engine               - isMobile: false
00:09:41.202 [FXGL Background Thread 3 ] DEBUG Engine               - isNative: false
00:09:41.202 [FXGL Background Thread 3 ] DEBUG Engine               - isPauseMusicWhenMinimized: true
00:09:41.202 [FXGL Background Thread 3 ] DEBUG Engine               - isPreserveResizeRatio: false
00:09:41.202 [FXGL Background Thread 3 ] DEBUG Engine               - isProfilingEnabled: false
00:09:41.202 [FXGL Background Thread 3 ] DEBUG Engine               - isScaleAffectedOnResize: true
00:09:41.202 [FXGL Background Thread 3 ] DEBUG Engine               - isSingleStep: false
00:09:41.202 [FXGL Background Thread 3 ] DEBUG Engine               - isUserProfileEnabled: false
00:09:41.202 [FXGL Background Thread 3 ] DEBUG Engine               - isWindows: true
00:09:41.202 [FXGL Background Thread 3 ] DEBUG Engine               - language: ObjectProperty [value: ENGLISH]
00:09:41.202 [FXGL Background Thread 3 ] DEBUG Engine               - menuKey: ESCAPE
00:09:41.202 [FXGL Background Thread 3 ] DEBUG Engine               - mouseSensitivity: 0.2
00:09:41.202 [FXGL Background Thread 3 ] DEBUG Engine               - notificationViewClass: class com.almasb.fxgl.notification.view.XboxNotificationView
00:09:41.202 [FXGL Background Thread 3 ] DEBUG Engine               - pixelsPerMeter: 50.0
00:09:41.202 [FXGL Background Thread 3 ] DEBUG Engine               - platform: WINDOWS
00:09:41.202 [FXGL Background Thread 3 ] DEBUG Engine               - prefHeightProperty: ReadOnlyDoubleProperty [value: 1080.0]
00:09:41.202 [FXGL Background Thread 3 ] DEBUG Engine               - prefWidthProperty: ReadOnlyDoubleProperty [value: 1920.0]
00:09:41.202 [FXGL Background Thread 3 ] DEBUG Engine               - profileDir: profiles/
00:09:41.202 [FXGL Background Thread 3 ] DEBUG Engine               - profileName: StringProperty [value: DEFAULT]
00:09:41.202 [FXGL Background Thread 3 ] DEBUG Engine               - randomSeed: -1
00:09:41.203 [FXGL Background Thread 3 ] DEBUG Engine               - runtimeInfo: RuntimeInfo(platform=WINDOWS, version=25, build=05.02.2026 22.57)
00:09:41.203 [FXGL Background Thread 3 ] DEBUG Engine               - saveFileExt: sav
00:09:41.203 [FXGL Background Thread 3 ] DEBUG Engine               - scaledHeightProp$fxgl: DoubleProperty [bound, value: 864.0]
00:09:41.203 [FXGL Background Thread 3 ] DEBUG Engine               - scaledWidthProp$fxgl: DoubleProperty [bound, value: 1511.0]
00:09:41.203 [FXGL Background Thread 3 ] DEBUG Engine               - sceneFactory: com.almasb.fxgl.app.scene.SceneFactory@6a00cc73
00:09:41.203 [FXGL Background Thread 3 ] DEBUG Engine               - secondsIn24h: 60
00:09:41.203 [FXGL Background Thread 3 ] DEBUG Engine               - soundMenuBack: menu/back.wav
00:09:41.203 [FXGL Background Thread 3 ] DEBUG Engine               - soundMenuPress: menu/press.wav
00:09:41.203 [FXGL Background Thread 3 ] DEBUG Engine               - soundMenuSelect: menu/select.wav
00:09:41.203 [FXGL Background Thread 3 ] DEBUG Engine               - soundNotification: core/notification.wav
00:09:41.203 [FXGL Background Thread 3 ] DEBUG Engine               - stageStyle: DECORATED
00:09:41.203 [FXGL Background Thread 3 ] DEBUG Engine               - supportedLanguages: [ENGLISH, FRENCH, GERMAN, HUNGARIAN, RUSSIAN]
00:09:41.203 [FXGL Background Thread 3 ] DEBUG Engine               - ticksPerSecond: -1
00:09:41.203 [FXGL Background Thread 3 ] DEBUG Engine               - title: Untitled
00:09:41.203 [FXGL Background Thread 3 ] DEBUG Engine               - urlGithub: https://github.com/AlmasB/FXGL
00:09:41.203 [FXGL Background Thread 3 ] DEBUG Engine               - urlLeaderboard: http://fxgl-top.herokuapp.com/
00:09:41.203 [FXGL Background Thread 3 ] DEBUG Engine               - urlPOM: https://raw.githubusercontent.com/AlmasB/FXGL/release/README.md
00:09:41.203 [FXGL Background Thread 3 ] DEBUG Engine               - userAppClass: class Project1Game.Main
00:09:41.203 [FXGL Background Thread 3 ] DEBUG Engine               - version: 0.0
00:09:41.203 [FXGL Background Thread 3 ] DEBUG Engine               - versionCheckDays: 7
00:09:41.203 [FXGL Background Thread 3 ] DEBUG Engine               - width: 1920
00:09:41.203 [FXGL Background Thread 3 ] DEBUG Engine               - Logging services
00:09:41.203 [FXGL Background Thread 3 ] DEBUG Engine               - class com.almasb.fxgl.app.services.FXGLAssetLoaderService
00:09:41.203 [FXGL Background Thread 3 ] DEBUG Engine               - class com.almasb.fxgl.app.FXGLApplication$GameApplicationService
00:09:41.203 [FXGL Background Thread 3 ] DEBUG Engine               - class com.almasb.fxgl.app.services.FXGLDialogService
00:09:41.203 [FXGL Background Thread 3 ] DEBUG Engine               - class com.almasb.fxgl.app.services.IOTaskExecutorService
00:09:41.203 [FXGL Background Thread 3 ] DEBUG Engine               - class com.almasb.fxgl.io.FileSystemService
00:09:41.203 [FXGL Background Thread 3 ] DEBUG Engine               - class com.almasb.fxgl.localization.LocalizationService
00:09:41.203 [FXGL Background Thread 3 ] DEBUG Engine               - class com.almasb.fxgl.app.services.SystemBundleService
00:09:41.203 [FXGL Background Thread 3 ] DEBUG Engine               - class com.almasb.fxgl.profile.SaveLoadService
00:09:41.203 [FXGL Background Thread 3 ] DEBUG Engine               - class com.almasb.fxgl.ui.FXGLUIFactoryServiceProvider
00:09:41.203 [FXGL Background Thread 3 ] DEBUG Engine               - class com.almasb.fxgl.ui.FXGLDialogFactoryServiceProvider
00:09:41.203 [FXGL Background Thread 3 ] DEBUG Engine               - class com.almasb.fxgl.audio.AudioPlayer
00:09:41.203 [FXGL Background Thread 3 ] DEBUG Engine               - class com.almasb.fxgl.notification.impl.NotificationServiceProvider
00:09:41.203 [FXGL Background Thread 3 ] DEBUG Engine               - class com.almasb.fxgl.achievement.AchievementService
00:09:41.203 [FXGL Background Thread 3 ] DEBUG Engine               - class com.almasb.fxgl.cutscene.CutsceneService
00:09:41.203 [FXGL Background Thread 3 ] DEBUG Engine               - class com.almasb.fxgl.minigames.MiniGameService
00:09:41.203 [FXGL Background Thread 3 ] DEBUG Engine               - class com.almasb.fxgl.net.NetService
00:09:41.203 [FXGL Background Thread 3 ] DEBUG Engine               - class com.almasb.fxgl.app.services.UpdaterService
00:09:41.203 [FXGL Background Thread 3 ] DEBUG Engine               - class com.almasb.fxgl.dev.DevService
00:09:41.642 [JavaFX Application Thread] DEBUG FXGLAssetLoaderServi - Loading from file system: file:/D:/GameDevelop/Project1/target/classes/assets/textures/soil_1.png
00:09:44.452 [JavaFX Application Thread] DEBUG FXGLAssetLoaderServi - Loading from file system: file:/D:/GameDevelop/Project1/target/classes/assets/textures/rice_1.png
00:09:54.454 [JavaFX Application Thread] DEBUG FXGLAssetLoaderServi - Loading from file system: file:/D:/GameDevelop/Project1/target/classes/assets/textures/rice_2.png
00:10:04.469 [JavaFX Application Thread] DEBUG FXGLAssetLoaderServi - Loading from file system: file:/D:/GameDevelop/Project1/target/classes/assets/textures/rice_3.png
00:12:10.389 [JavaFX Application Thread] DEBUG PrimaryStageWindow   - Push state: FXGLDefaultMenu
00:12:10.393 [JavaFX Application Thread] DEBUG Input                - Clearing active input actions
00:12:10.395 [JavaFX Application Thread] DEBUG GameApplicationServi - Removing overlay from GameScene and adding to FXGLDefaultMenu
00:12:10.397 [JavaFX Application Thread] DEBUG PrimaryStageWindow   - GameScene -> FXGLDefaultMenu
00:23:39.703 [JavaFX Application Thread] DEBUG PrimaryStageWindow   - Pop state: FXGLDefaultMenu
00:23:39.703 [JavaFX Application Thread] DEBUG Input                - Clearing active input actions
00:23:39.704 [JavaFX Application Thread] DEBUG GameApplicationServi - Removing overlay from FXGLDefaultMenu and adding to GameScene
00:23:39.706 [JavaFX Application Thread] DEBUG PrimaryStageWindow   - GameScene <- FXGLDefaultMenu
00:33:57.782 [JavaFX Application Thread] DEBUG PrimaryStageWindow   - Push state: FXGLDefaultMenu
00:33:57.783 [JavaFX Application Thread] DEBUG Input                - Clearing active input actions
00:33:57.784 [JavaFX Application Thread] DEBUG GameApplicationServi - Removing overlay from GameScene and adding to FXGLDefaultMenu
00:33:57.784 [JavaFX Application Thread] DEBUG PrimaryStageWindow   - GameScene -> FXGLDefaultMenu
00:33:58.882 [JavaFX Application Thread] DEBUG Menu                 - fireExit()
00:33:58.884 [JavaFX Application Thread] DEBUG PrimaryStageWindow   - Push state: DialogSubScene
00:33:58.884 [JavaFX Application Thread] DEBUG Input                - Clearing active input actions
00:33:58.885 [JavaFX Application Thread] DEBUG GameApplicationServi - Removing overlay from FXGLDefaultMenu and adding to DialogSubScene
00:33:58.885 [JavaFX Application Thread] DEBUG PrimaryStageWindow   - FXGLDefaultMenu -> DialogSubScene
00:33:59.443 [JavaFX Application Thread] DEBUG PrimaryStageWindow   - Pop state: DialogSubScene
00:33:59.443 [JavaFX Application Thread] DEBUG Input                - Clearing active input actions
00:33:59.443 [JavaFX Application Thread] DEBUG GameApplicationServi - Removing overlay from DialogSubScene and adding to FXGLDefaultMenu
00:33:59.444 [JavaFX Application Thread] DEBUG PrimaryStageWindow   - FXGLDefaultMenu <- DialogSubScene
00:33:59.444 [JavaFX Application Thread] DEBUG FXGLApplication      - Exiting FXGL
00:33:59.444 [JavaFX Application Thread] DEBUG LoopRunner           - Stopping loop
00:33:59.444 [JavaFX Application Thread] DEBUG SystemBundleService  - Saving FXGL system data
00:33:59.445 [JavaFX Application Thread] DEBUG FileSystemAccess     - Writing to: D:\GameDevelop\Project1\system\fxgl.bundle
00:33:59.446 [JavaFX Application Thread] DEBUG Async                - Shutting down background threads
00:33:59.446 [JavaFX Application Thread] DEBUG PrimaryStageWindow   - Closing main window
00:33:59.459 [JavaFX Application Thread] DEBUG Logger               - Closing Logger
