11:28:34.672 [main                     ] DEBUG Logger               - Configured Logger
11:28:34.681 [main                     ] DEBUG GameApplication      - Logging settings
Title: Untitled
Version: 0.0
Width: 1280
Height: 720
Fullscreen: false
Intro: false
Profiling: false
Single step:false
App Mode: DEVELOPER
Menu Key: ESCAPE
Stage Style: DECORATED
Scene Factory: class com.almasb.fxgl.app.scene.SceneFactory

11:28:35.159 [JavaFX Application Thread] DEBUG FXGLApplication      - Initializing FXGL
11:28:35.164 [JavaFX Application Thread] INFO  Engine               - FXGL-25 (05.02.2026 22.57) on WINDOWS (J:25.0.1 FX:25.0.1)
11:28:35.164 [JavaFX Application Thread] DEBUG Engine               - JRE Vendor Name: Oracle Corporation
11:28:35.164 [JavaFX Application Thread] DEBUG Engine               - Running on OS: Windows 11 version 10.0
11:28:35.164 [JavaFX Application Thread] DEBUG Engine               - Architecture: amd64
11:28:35.164 [JavaFX Application Thread] INFO  Engine               - Source code and latest versions at: https://github.com/AlmasB/FXGL
11:28:35.164 [JavaFX Application Thread] INFO  Engine               -       Ask questions and discuss at: https://github.com/AlmasB/FXGL/discussions
11:28:35.274 [JavaFX Application Thread] DEBUG PrimaryStageWindow   - Creating a JavaFX scene
11:28:35.331 [JavaFX Application Thread] DEBUG PrimaryStageWindow   - Target settings size: 1280.0 x 720.0
11:28:35.332 [JavaFX Application Thread] DEBUG PrimaryStageWindow   - Scaled scene size:    1280.0 x 720.0
11:28:35.332 [JavaFX Application Thread] DEBUG PrimaryStageWindow   - Scaled ratio: (1.0, 1.0)
11:28:35.333 [JavaFX Application Thread] DEBUG PrimaryStageWindow   - Set initial scene to FXGLStartupScene
11:28:35.337 [JavaFX Application Thread] DEBUG PrimaryStageWindow   - Opening main window
11:28:35.721 [JavaFX Application Thread] DEBUG PrimaryStageWindow   - Window border size: (14.4000244140625, 37.5999755859375)
11:28:35.721 [JavaFX Application Thread] DEBUG PrimaryStageWindow   - Scaled size: 1280.0 x 720.0
11:28:35.721 [JavaFX Application Thread] DEBUG PrimaryStageWindow   - Scaled ratio: (1.0, 1.0)
11:28:35.721 [JavaFX Application Thread] DEBUG PrimaryStageWindow   - Scene size: 1280.0 x 720.0
11:28:35.721 [JavaFX Application Thread] DEBUG PrimaryStageWindow   - Stage size: 1294.4000244140625 x 757.5999755859375
11:28:35.732 [FXGL Background Thread 1 ] DEBUG Engine               - Initializing environment variables
11:28:35.798 [FXGL Background Thread 1 ] DEBUG FXGLAssetLoaderServi - User app class for loading assets: class Project1Game.Main
11:28:35.799 [FXGL Background Thread 1 ] DEBUG GameApplicationServi - Applying CSS: fxgl_dark.css
11:28:35.799 [FXGL Background Thread 1 ] DEBUG FXGLAssetLoaderServi - Loading from file system: jar:file:/C:/Users/Admin/.m2/repository/com/github/almasb/fxgl/25/fxgl-25.jar!/fxglassets/ui/css/fxgl_dark.css
11:28:35.848 [FXGL Background Thread 1 ] DEBUG GameApplicationServi - Initializing application scenes
11:28:35.893 [FXGL Background Thread 1 ] DEBUG GameWorld            - Game world initialized
11:28:35.943 [FXGL Background Thread 1 ] DEBUG PhysicsWorld         - Physics world initialized: appHeight=720, physics.ppm=50.0
11:28:35.943 [FXGL Background Thread 1 ] DEBUG PhysicsWorld         - Using strategy: BRUTE_FORCE
11:28:35.949 [FXGL Background Thread 1 ] DEBUG GameScene            - Game scene initialized: 1280x720
11:28:35.963 [FXGL Background Thread 1 ] DEBUG FXGL.DefaultMenu     - createMenuBodyGameMenu()
11:28:35.983 [FXGL Background Thread 1 ] DEBUG FXGL.DefaultMenu     - createOptionsMenu()
11:28:35.994 [FXGL Background Thread 1 ] DEBUG FXGLAssetLoaderServi - Loading from file system: jar:file:/C:/Users/Admin/.m2/repository/com/github/almasb/fxgl/25/fxgl-25.jar!/fxglassets/textures/particles/smoke.png
11:28:36.079 [FXGL Background Thread 1 ] DEBUG FXGLAssetLoaderServi - Loading from file system: jar:file:/C:/Users/Admin/.m2/repository/com/github/almasb/fxgl/25/fxgl-25.jar!/fxglassets/textures/particles/trace_horizontal.png
11:28:36.106 [FXGL Background Thread 1 ] DEBUG GameApplicationServi - Application scenes initialized
11:28:36.118 [FXGL Background Thread 1 ] DEBUG SystemBundleService  - Loading FXGL system data
11:28:36.122 [FXGL Background Thread 1 ] DEBUG FileSystemAccess     - Reading from: D:\GameDevelop\Project1\system\fxgl.bundle
11:28:36.131 [FXGL Background Thread 1 ] DEBUG SystemBundleService  - Bundle FXGL: {}
11:28:36.131 [FXGL Background Thread 1 ] DEBUG UpdaterService       - Checking for updates
11:28:36.161 [FXGL Background Thread 4 ] DEBUG FXGLApplication      - Loading fonts
11:28:36.161 [FXGL Background Thread 4 ] DEBUG FXGLAssetLoaderServi - Loading from file system: jar:file:/C:/Users/Admin/.m2/repository/com/github/almasb/fxgl/25/fxgl-25.jar!/fxglassets/ui/fonts/VarelaRound-Regular.ttf
11:28:36.162 [FXGL Background Thread 1 ] DEBUG FXGLApplication      - Loading default localization
11:28:36.162 [FXGL Background Thread 1 ] DEBUG FXGLAssetLoaderServi - Loading from file system: jar:file:/C:/Users/Admin/.m2/repository/com/github/almasb/fxgl/25/fxgl-25.jar!/fxglassets/languages/english.lang
11:28:36.176 [FXGL Background Thread 1 ] INFO  FXGLApplication      - FXGL initialization took: 0.444 sec
11:28:36.186 [JavaFX Application Thread] DEBUG Input                - Registered new binding: Move Right - D
11:28:36.186 [JavaFX Application Thread] DEBUG Input                - Registered new binding: Move Left - A
11:28:36.186 [JavaFX Application Thread] DEBUG Input                - Registered new binding: Move Up - W
11:28:36.186 [JavaFX Application Thread] DEBUG Input                - Registered new binding: Move Down - S
11:28:36.188 [JavaFX Application Thread] DEBUG Input                - Registered new binding: action0 - R
11:28:36.188 [JavaFX Application Thread] DEBUG Input                - Registered new binding: action1 - F
11:28:36.189 [JavaFX Application Thread] DEBUG Input                - Registered new binding: action2 - E
11:28:36.189 [JavaFX Application Thread] DEBUG Input                - Registered new binding: action3 - 1
11:28:36.189 [JavaFX Application Thread] DEBUG Input                - Registered new binding: action4 - 2
11:28:36.190 [JavaFX Application Thread] DEBUG Input                - Registered new binding: action5 - 3
11:28:36.190 [JavaFX Application Thread] DEBUG Input                - Registered new binding: action6 - 4
11:28:36.190 [JavaFX Application Thread] DEBUG Input                - Registered new binding: action7 - 5
11:28:36.191 [JavaFX Application Thread] DEBUG Input                - Registered new binding: action8 - 6
11:28:36.191 [JavaFX Application Thread] DEBUG Input                - Registered new binding: action9 - 7
11:28:36.191 [JavaFX Application Thread] DEBUG Input                - Registered new binding: action10 - 8
11:28:36.192 [JavaFX Application Thread] DEBUG Input                - Registered new binding: action11 - 9
11:28:36.192 [JavaFX Application Thread] DEBUG Input                - Registered new binding: action12 - Q
11:28:36.192 [JavaFX Application Thread] DEBUG Input                - Registered new binding: action13 - Tab
11:28:36.193 [JavaFX Application Thread] DEBUG FXGLAssetLoaderServi - Loading from file system: jar:file:/C:/Users/Admin/.m2/repository/com/github/almasb/fxgl/25/fxgl-25.jar!/fxglassets/textures/fxgl_icon.png
11:28:36.199 [FXGL Background Thread 4 ] DEBUG FXGLAssetLoaderServi - Loading from file system: jar:file:/C:/Users/Admin/.m2/repository/com/github/almasb/fxgl/25/fxgl-25.jar!/fxglassets/ui/fonts/Abel-Regular.ttf
11:28:36.211 [FXGL Background Thread 4 ] DEBUG FXGLAssetLoaderServi - Loading from file system: jar:file:/C:/Users/Admin/.m2/repository/com/github/almasb/fxgl/25/fxgl-25.jar!/fxglassets/ui/fonts/TerminalLandMono-Regular.otf
11:28:36.215 [JavaFX Application Thread] DEBUG FXGLAssetLoaderServi - Loading from file system: jar:file:/C:/Users/Admin/.m2/repository/com/github/almasb/fxgl/25/fxgl-25.jar!/fxglassets/textures/fxgl_default_cursor.png
11:28:36.219 [JavaFX Application Thread] DEBUG Input                - Registered new binding: Screenshot - CTRL+8
11:28:36.219 [JavaFX Application Thread] DEBUG Input                - Registered new binding: Dev Options - 1
11:28:36.219 [JavaFX Application Thread] DEBUG Input                - Registered new binding: Dev Console - 2
11:28:36.220 [JavaFX Application Thread] DEBUG Input                - Registered new binding: System info dump - CTRL+9
11:28:36.220 [JavaFX Application Thread] DEBUG Input                - Registered new binding: Restart - CTRL+R
11:28:36.221 [JavaFX Application Thread] DEBUG Input                - Registered new binding: Toggle Debug Camera - CTRL+7
11:28:36.225 [JavaFX Application Thread] DEBUG LoopRunner           - Starting loop
11:28:36.226 [FXGL Background Thread 4 ] DEBUG FXGLAssetLoaderServi - Loading from file system: jar:file:/C:/Users/Admin/.m2/repository/com/github/almasb/fxgl/25/fxgl-25.jar!/fxglassets/ui/fonts/Courier-Prime.ttf
11:28:36.240 [JavaFX Application Thread] DEBUG LoopRunner           - Initializing JavaFX AnimationTimerLoop
11:28:36.243 [JavaFX Application Thread] DEBUG GameApplicationServi - Starting new game
11:28:36.244 [JavaFX Application Thread] DEBUG Input                - Clearing active input actions
11:28:36.266 [JavaFX Application Thread] DEBUG GameApplicationServi - Removing overlay from FXGLStartupScene and adding to FXGLLoadingScene
11:28:36.269 [JavaFX Application Thread] DEBUG PrimaryStageWindow   - FXGLStartupScene -> FXGLLoadingScene
11:28:36.270 [JavaFX Application Thread] DEBUG GameApplicationServi - Clearing previous game
11:28:36.270 [JavaFX Application Thread] DEBUG GameScene            - Clearing game scene
11:28:36.270 [JavaFX Application Thread] DEBUG GameWorld            - Clearing game world
11:28:36.270 [JavaFX Application Thread] DEBUG PhysicsWorld         - Clearing physics world
11:28:36.272 [FXGL Background Thread 4 ] DEBUG FXGLApplication      - Initializing game
11:28:36.305 [FXGL Background Thread 4 ] WARN  TMXLevelLoader       - TiledMap generated from 1.12.0. Supported version: 1.9.0. Some features may not be parsed fully.
11:28:36.352 [FXGL Background Thread 4 ] DEBUG TMXLevelLoader       - Parsed TiledMap: file:/D:/GameDevelop/Project1/target/classes/assets/levels/Main_level.tmx
11:28:36.353 [FXGL Background Thread 4 ] DEBUG TMXLevelLoader       - Creating tile layer entities
11:28:36.356 [FXGL Background Thread 4 ] DEBUG TilesetLoader        - Loading view for layer BackgroundLayer
11:28:36.364 [FXGL Background Thread 4 ] DEBUG TilesetLoader        - Created buffer with size 3520.0x2048.0
11:28:36.440 [FXGL Background Thread 4 ] DEBUG TilesetLoader        - Loading view for layer DecorationLayer
11:28:36.458 [FXGL Background Thread 4 ] DEBUG TilesetLoader        - Created buffer with size 3520.0x2048.0
11:28:36.491 [FXGL Background Thread 4 ] DEBUG TilesetLoader        - Loading view for layer OverheadLayer
11:28:36.501 [FXGL Background Thread 4 ] DEBUG TilesetLoader        - Created buffer with size 3520.0x2048.0
11:28:36.503 [FXGL Background Thread 4 ] DEBUG TMXLevelLoader       - Creating object layer entities
11:28:36.508 [JavaFX Application Thread] DEBUG FXGLApplication      - Registering font factories with UI factory
11:28:36.520 [FXGL Background Thread 4 ] DEBUG FXGLAssetLoaderServi - Loading from file system: file:/D:/GameDevelop/Project1/target/classes/assets/textures/Player/Carry_Idle/Carry_Idle_Down-Sheet.png
11:28:36.523 [FXGL Background Thread 4 ] DEBUG FXGLAssetLoaderServi - Loading from file system: file:/D:/GameDevelop/Project1/target/classes/assets/textures/Player/Carry_Idle/Carry_Idle_Up-Sheet.png
11:28:36.524 [FXGL Background Thread 4 ] DEBUG FXGLAssetLoaderServi - Loading from file system: file:/D:/GameDevelop/Project1/target/classes/assets/textures/Player/Carry_Idle/Carry_Idle_Side-Sheet.png
11:28:36.525 [FXGL Background Thread 4 ] DEBUG FXGLAssetLoaderServi - Loading from file system: file:/D:/GameDevelop/Project1/target/classes/assets/textures/Player/Carry_Walk/Carry_Walk_Down-Sheet.png
11:28:36.526 [FXGL Background Thread 4 ] DEBUG FXGLAssetLoaderServi - Loading from file system: file:/D:/GameDevelop/Project1/target/classes/assets/textures/Player/Carry_Walk/Carry_Walk_Up-Sheet.png
11:28:36.528 [FXGL Background Thread 4 ] DEBUG FXGLAssetLoaderServi - Loading from file system: file:/D:/GameDevelop/Project1/target/classes/assets/textures/Player/Carry_Walk/Carry_Walk_Side-Sheet.png
11:28:36.529 [FXGL Background Thread 4 ] DEBUG FXGLAssetLoaderServi - Loading from file system: file:/D:/GameDevelop/Project1/target/classes/assets/textures/Player/Carry_Run/Carry_Run_Down-Sheet.png
11:28:36.531 [FXGL Background Thread 4 ] DEBUG FXGLAssetLoaderServi - Loading from file system: file:/D:/GameDevelop/Project1/target/classes/assets/textures/Player/Carry_Run/Carry_Run_Up-Sheet.png
11:28:36.533 [FXGL Background Thread 4 ] DEBUG FXGLAssetLoaderServi - Loading from file system: file:/D:/GameDevelop/Project1/target/classes/assets/textures/Player/Carry_Run/Carry_Run_Side-Sheet.png
11:28:36.727 [FXGL Background Thread 4 ] DEBUG GameWorld            - Clearing removable entities
11:28:36.728 [FXGL Background Thread 4 ] DEBUG GameWorld            - Setting level: com.almasb.fxgl.entity.level.Level@aa409c4
11:28:36.817 [FXGL Background Thread 4 ] DEBUG FXGLAssetLoaderServi - Loading from file system: file:/D:/GameDevelop/Project1/target/classes/assets/textures/Crops/soil_1.png
11:28:36.822 [FXGL Background Thread 4 ] DEBUG FXGLAssetLoaderServi - Loading from file system: file:/D:/GameDevelop/Project1/target/classes/assets/textures/Crops/rice_1.png
11:28:36.823 [FXGL Background Thread 4 ] DEBUG FXGLAssetLoaderServi - Loading from file system: file:/D:/GameDevelop/Project1/target/classes/assets/textures/Crops/rice_3.png
11:28:36.825 [FXGL Background Thread 4 ] DEBUG FXGLAssetLoaderServi - Loading from file system: file:/D:/GameDevelop/Project1/target/classes/assets/textures/Crops/soil_2.png
11:28:36.833 [FXGL Background Thread 4 ] DEBUG FXGLAssetLoaderServi - Loading from file system: file:/D:/GameDevelop/Project1/target/classes/assets/textures/UI/heart_sprite.png
11:28:36.837 [FXGL Background Thread 4 ] INFO  FXGLApplication      - Game initialization took: 0.565 sec
11:28:36.838 [JavaFX Application Thread] DEBUG Input                - Clearing active input actions
11:28:36.857 [JavaFX Application Thread] DEBUG GameApplicationServi - Removing overlay from FXGLLoadingScene and adding to GameScene
11:28:36.861 [JavaFX Application Thread] DEBUG PrimaryStageWindow   - FXGLLoadingScene -> GameScene
11:28:39.160 [FXGL Background Thread 3 ] DEBUG Engine               - Logging environment variables
11:28:39.160 [FXGL Background Thread 3 ] DEBUG Engine               - achievements: []
11:28:39.161 [FXGL Background Thread 3 ] DEBUG Engine               - actualHeight: 720.0
11:28:39.161 [FXGL Background Thread 3 ] DEBUG Engine               - actualHeightProperty: ReadOnlyDoubleProperty [value: 720.0]
11:28:39.161 [FXGL Background Thread 3 ] DEBUG Engine               - actualWidth: 1280.0
11:28:39.161 [FXGL Background Thread 3 ] DEBUG Engine               - actualWidthProperty: ReadOnlyDoubleProperty [value: 1280.0]
11:28:39.161 [FXGL Background Thread 3 ] DEBUG Engine               - appIcon: fxgl_icon.png
11:28:39.161 [FXGL Background Thread 3 ] DEBUG Engine               - applicationMode: DEVELOPER
11:28:39.161 [FXGL Background Thread 3 ] DEBUG Engine               - cSSList: [fxgl_dark.css]
11:28:39.161 [FXGL Background Thread 3 ] DEBUG Engine               - collisionDetectionStrategy: BRUTE_FORCE
11:28:39.161 [FXGL Background Thread 3 ] DEBUG Engine               - configClass: Optional.empty
11:28:39.161 [FXGL Background Thread 3 ] DEBUG Engine               - credits: []
11:28:39.162 [FXGL Background Thread 3 ] DEBUG Engine               - defaultCursor: CursorInfo(imageName=fxgl_default_cursor.png, hotspotX=7.0, hotspotY=6.0)
11:28:39.162 [FXGL Background Thread 3 ] DEBUG Engine               - devBBoxColorProperty: ObjectProperty [value: 0xff0000ff]
11:28:39.162 [FXGL Background Thread 3 ] DEBUG Engine               - devEnableDebugCameraProperty: BooleanProperty [value: false]
11:28:39.162 [FXGL Background Thread 3 ] DEBUG Engine               - devSensorColorProperty: ObjectProperty [value: 0xffff00ff]
11:28:39.162 [FXGL Background Thread 3 ] DEBUG Engine               - devShowBBoxProperty: BooleanProperty [value: false]
11:28:39.162 [FXGL Background Thread 3 ] DEBUG Engine               - devShowPositionProperty: BooleanProperty [value: false]
11:28:39.162 [FXGL Background Thread 3 ] DEBUG Engine               - enabledMenuItems: []
11:28:39.162 [FXGL Background Thread 3 ] DEBUG Engine               - engineServices: [class com.almasb.fxgl.app.services.FXGLAssetLoaderService, class com.almasb.fxgl.app.FXGLApplication$GameApplicationService, class com.almasb.fxgl.app.services.FXGLDialogService, class com.almasb.fxgl.app.services.IOTaskExecutorService, class com.almasb.fxgl.io.FileSystemService, class com.almasb.fxgl.localization.LocalizationService, class com.almasb.fxgl.app.services.SystemBundleService, class com.almasb.fxgl.profile.SaveLoadService, class com.almasb.fxgl.ui.FXGLUIFactoryServiceProvider, class com.almasb.fxgl.ui.FXGLDialogFactoryServiceProvider, class com.almasb.fxgl.audio.AudioPlayer, class com.almasb.fxgl.notification.impl.NotificationServiceProvider, class com.almasb.fxgl.achievement.AchievementService, class com.almasb.fxgl.cutscene.CutsceneService, class com.almasb.fxgl.minigames.MiniGameService, class com.almasb.fxgl.net.NetService, class com.almasb.fxgl.app.services.UpdaterService, class com.almasb.fxgl.dev.DevService]
11:28:39.162 [FXGL Background Thread 3 ] DEBUG Engine               - fontGame: Abel-Regular.ttf
11:28:39.162 [FXGL Background Thread 3 ] DEBUG Engine               - fontMono: TerminalLandMono-Regular.otf
11:28:39.162 [FXGL Background Thread 3 ] DEBUG Engine               - fontSizeScaleUI: 1.0
11:28:39.162 [FXGL Background Thread 3 ] DEBUG Engine               - fontText: Courier-Prime.ttf
11:28:39.162 [FXGL Background Thread 3 ] DEBUG Engine               - fontUI: VarelaRound-Regular.ttf
11:28:39.163 [FXGL Background Thread 3 ] DEBUG Engine               - fpsRefreshRate: 500.0 ms
11:28:39.163 [FXGL Background Thread 3 ] DEBUG Engine               - fullScreen: BooleanProperty [value: false]
11:28:39.163 [FXGL Background Thread 3 ] DEBUG Engine               - gameDifficulty: MEDIUM
11:28:39.163 [FXGL Background Thread 3 ] DEBUG Engine               - gameDifficultyProperty: ObjectProperty [value: MEDIUM]
11:28:39.163 [FXGL Background Thread 3 ] DEBUG Engine               - globalMusicVolume: 0.5
11:28:39.163 [FXGL Background Thread 3 ] DEBUG Engine               - globalMusicVolumeProperty: DoubleProperty [value: 0.5]
11:28:39.163 [FXGL Background Thread 3 ] DEBUG Engine               - globalSoundVolume: 0.5
11:28:39.163 [FXGL Background Thread 3 ] DEBUG Engine               - globalSoundVolumeProperty: DoubleProperty [value: 0.5]
11:28:39.163 [FXGL Background Thread 3 ] DEBUG Engine               - height: 720
11:28:39.163 [FXGL Background Thread 3 ] DEBUG Engine               - is3D: false
11:28:39.163 [FXGL Background Thread 3 ] DEBUG Engine               - isAndroid: false
11:28:39.163 [FXGL Background Thread 3 ] DEBUG Engine               - isBrowser: false
11:28:39.163 [FXGL Background Thread 3 ] DEBUG Engine               - isClickFeedbackEnabled: false
11:28:39.163 [FXGL Background Thread 3 ] DEBUG Engine               - isCloseConfirmation: false
11:28:39.163 [FXGL Background Thread 3 ] DEBUG Engine               - isDesktop: true
11:28:39.163 [FXGL Background Thread 3 ] DEBUG Engine               - isDeveloperMenuEnabled: true
11:28:39.163 [FXGL Background Thread 3 ] DEBUG Engine               - isEmbedded: false
11:28:39.163 [FXGL Background Thread 3 ] DEBUG Engine               - isEntityPreloadEnabled: true
11:28:39.163 [FXGL Background Thread 3 ] DEBUG Engine               - isExperimentalTiledLargeMap: false
11:28:39.163 [FXGL Background Thread 3 ] DEBUG Engine               - isFileSystemWriteAllowed: true
11:28:39.163 [FXGL Background Thread 3 ] DEBUG Engine               - isFullScreenAllowed: false
11:28:39.163 [FXGL Background Thread 3 ] DEBUG Engine               - isFullScreenFromStart: false
11:28:39.163 [FXGL Background Thread 3 ] DEBUG Engine               - isGameMenuEnabled: true
11:28:39.163 [FXGL Background Thread 3 ] DEBUG Engine               - isIOS: false
11:28:39.163 [FXGL Background Thread 3 ] DEBUG Engine               - isIntroEnabled: false
11:28:39.163 [FXGL Background Thread 3 ] DEBUG Engine               - isLinux: false
11:28:39.163 [FXGL Background Thread 3 ] DEBUG Engine               - isMac: false
11:28:39.163 [FXGL Background Thread 3 ] DEBUG Engine               - isMainMenuEnabled: false
11:28:39.163 [FXGL Background Thread 3 ] DEBUG Engine               - isManualResizeEnabled: false
11:28:39.163 [FXGL Background Thread 3 ] DEBUG Engine               - isMobile: false
11:28:39.163 [FXGL Background Thread 3 ] DEBUG Engine               - isNative: false
11:28:39.164 [FXGL Background Thread 3 ] DEBUG Engine               - isPauseMusicWhenMinimized: true
11:28:39.164 [FXGL Background Thread 3 ] DEBUG Engine               - isPreserveResizeRatio: false
11:28:39.164 [FXGL Background Thread 3 ] DEBUG Engine               - isProfilingEnabled: false
11:28:39.164 [FXGL Background Thread 3 ] DEBUG Engine               - isScaleAffectedOnResize: true
11:28:39.164 [FXGL Background Thread 3 ] DEBUG Engine               - isSingleStep: false
11:28:39.164 [FXGL Background Thread 3 ] DEBUG Engine               - isUserProfileEnabled: false
11:28:39.164 [FXGL Background Thread 3 ] DEBUG Engine               - isWindows: true
11:28:39.164 [FXGL Background Thread 3 ] DEBUG Engine               - language: ObjectProperty [value: ENGLISH]
11:28:39.164 [FXGL Background Thread 3 ] DEBUG Engine               - menuKey: ESCAPE
11:28:39.164 [FXGL Background Thread 3 ] DEBUG Engine               - mouseSensitivity: 0.2
11:28:39.164 [FXGL Background Thread 3 ] DEBUG Engine               - notificationViewClass: class com.almasb.fxgl.notification.view.XboxNotificationView
11:28:39.164 [FXGL Background Thread 3 ] DEBUG Engine               - pixelsPerMeter: 50.0
11:28:39.164 [FXGL Background Thread 3 ] DEBUG Engine               - platform: WINDOWS
11:28:39.164 [FXGL Background Thread 3 ] DEBUG Engine               - prefHeightProperty: ReadOnlyDoubleProperty [value: 720.0]
11:28:39.164 [FXGL Background Thread 3 ] DEBUG Engine               - prefWidthProperty: ReadOnlyDoubleProperty [value: 1280.0]
11:28:39.164 [FXGL Background Thread 3 ] DEBUG Engine               - profileDir: profiles/
11:28:39.164 [FXGL Background Thread 3 ] DEBUG Engine               - profileName: StringProperty [value: DEFAULT]
11:28:39.164 [FXGL Background Thread 3 ] DEBUG Engine               - randomSeed: -1
11:28:39.164 [FXGL Background Thread 3 ] DEBUG Engine               - runtimeInfo: RuntimeInfo(platform=WINDOWS, version=25, build=05.02.2026 22.57)
11:28:39.164 [FXGL Background Thread 3 ] DEBUG Engine               - saveFileExt: sav
11:28:39.164 [FXGL Background Thread 3 ] DEBUG Engine               - scaledHeightProp$fxgl: DoubleProperty [bound, value: 720.0]
11:28:39.164 [FXGL Background Thread 3 ] DEBUG Engine               - scaledWidthProp$fxgl: DoubleProperty [bound, value: 1280.0]
11:28:39.164 [FXGL Background Thread 3 ] DEBUG Engine               - sceneFactory: com.almasb.fxgl.app.scene.SceneFactory@1310760c
11:28:39.164 [FXGL Background Thread 3 ] DEBUG Engine               - secondsIn24h: 60
11:28:39.164 [FXGL Background Thread 3 ] DEBUG Engine               - soundMenuBack: menu/back.wav
11:28:39.164 [FXGL Background Thread 3 ] DEBUG Engine               - soundMenuPress: menu/press.wav
11:28:39.164 [FXGL Background Thread 3 ] DEBUG Engine               - soundMenuSelect: menu/select.wav
11:28:39.164 [FXGL Background Thread 3 ] DEBUG Engine               - soundNotification: core/notification.wav
11:28:39.164 [FXGL Background Thread 3 ] DEBUG Engine               - stageStyle: DECORATED
11:28:39.164 [FXGL Background Thread 3 ] DEBUG Engine               - supportedLanguages: [ENGLISH, FRENCH, GERMAN, HUNGARIAN, RUSSIAN]
11:28:39.164 [FXGL Background Thread 3 ] DEBUG Engine               - ticksPerSecond: -1
11:28:39.164 [FXGL Background Thread 3 ] DEBUG Engine               - title: Untitled
11:28:39.164 [FXGL Background Thread 3 ] DEBUG Engine               - urlGithub: https://github.com/AlmasB/FXGL
11:28:39.164 [FXGL Background Thread 3 ] DEBUG Engine               - urlLeaderboard: http://fxgl-top.herokuapp.com/
11:28:39.164 [FXGL Background Thread 3 ] DEBUG Engine               - urlPOM: https://raw.githubusercontent.com/AlmasB/FXGL/release/README.md
11:28:39.164 [FXGL Background Thread 3 ] DEBUG Engine               - userAppClass: class Project1Game.Main
11:28:39.165 [FXGL Background Thread 3 ] DEBUG Engine               - version: 0.0
11:28:39.165 [FXGL Background Thread 3 ] DEBUG Engine               - versionCheckDays: 7
11:28:39.165 [FXGL Background Thread 3 ] DEBUG Engine               - width: 1280
11:28:39.165 [FXGL Background Thread 3 ] DEBUG Engine               - Logging services
11:28:39.165 [FXGL Background Thread 3 ] DEBUG Engine               - class com.almasb.fxgl.app.services.FXGLAssetLoaderService
11:28:39.165 [FXGL Background Thread 3 ] DEBUG Engine               - class com.almasb.fxgl.app.FXGLApplication$GameApplicationService
11:28:39.165 [FXGL Background Thread 3 ] DEBUG Engine               - class com.almasb.fxgl.app.services.FXGLDialogService
11:28:39.165 [FXGL Background Thread 3 ] DEBUG Engine               - class com.almasb.fxgl.app.services.IOTaskExecutorService
11:28:39.165 [FXGL Background Thread 3 ] DEBUG Engine               - class com.almasb.fxgl.io.FileSystemService
11:28:39.165 [FXGL Background Thread 3 ] DEBUG Engine               - class com.almasb.fxgl.localization.LocalizationService
11:28:39.165 [FXGL Background Thread 3 ] DEBUG Engine               - class com.almasb.fxgl.app.services.SystemBundleService
11:28:39.165 [FXGL Background Thread 3 ] DEBUG Engine               - class com.almasb.fxgl.profile.SaveLoadService
11:28:39.165 [FXGL Background Thread 3 ] DEBUG Engine               - class com.almasb.fxgl.ui.FXGLUIFactoryServiceProvider
11:28:39.165 [FXGL Background Thread 3 ] DEBUG Engine               - class com.almasb.fxgl.ui.FXGLDialogFactoryServiceProvider
11:28:39.165 [FXGL Background Thread 3 ] DEBUG Engine               - class com.almasb.fxgl.audio.AudioPlayer
11:28:39.165 [FXGL Background Thread 3 ] DEBUG Engine               - class com.almasb.fxgl.notification.impl.NotificationServiceProvider
11:28:39.165 [FXGL Background Thread 3 ] DEBUG Engine               - class com.almasb.fxgl.achievement.AchievementService
11:28:39.165 [FXGL Background Thread 3 ] DEBUG Engine               - class com.almasb.fxgl.cutscene.CutsceneService
11:28:39.165 [FXGL Background Thread 3 ] DEBUG Engine               - class com.almasb.fxgl.minigames.MiniGameService
11:28:39.165 [FXGL Background Thread 3 ] DEBUG Engine               - class com.almasb.fxgl.net.NetService
11:28:39.165 [FXGL Background Thread 3 ] DEBUG Engine               - class com.almasb.fxgl.app.services.UpdaterService
11:28:39.165 [FXGL Background Thread 3 ] DEBUG Engine               - class com.almasb.fxgl.dev.DevService
11:29:15.589 [JavaFX Application Thread] DEBUG FXGLApplication      - Exiting FXGL
11:29:15.590 [JavaFX Application Thread] DEBUG LoopRunner           - Stopping loop
11:29:15.592 [JavaFX Application Thread] DEBUG SystemBundleService  - Saving FXGL system data
11:29:15.594 [JavaFX Application Thread] DEBUG FileSystemAccess     - Writing to: D:\GameDevelop\Project1\system\fxgl.bundle
11:29:15.597 [JavaFX Application Thread] DEBUG Async                - Shutting down background threads
11:29:15.597 [JavaFX Application Thread] DEBUG PrimaryStageWindow   - Closing main window
11:29:15.612 [JavaFX Application Thread] DEBUG Logger               - Closing Logger
