13:58:04.942 [main                     ] DEBUG Logger               - Configured Logger
13:58:04.947 [main                     ] DEBUG GameApplication      - Logging settings
Title: Untitled
Version: 0.0
Width: 1280
Height: 720
Fullscreen: false
Intro: false
Profiling: false
Single step:false
App Mode: DEVELOPER
Menu Key: ESCAPE
Stage Style: DECORATED
Scene Factory: class com.almasb.fxgl.app.scene.SceneFactory

13:58:05.282 [JavaFX Application Thread] DEBUG FXGLApplication      - Initializing FXGL
13:58:05.285 [JavaFX Application Thread] INFO  Engine               - FXGL-25 (05.02.2026 22.57) on WINDOWS (J:25.0.1 FX:25.0.1)
13:58:05.285 [JavaFX Application Thread] DEBUG Engine               - JRE Vendor Name: Oracle Corporation
13:58:05.285 [JavaFX Application Thread] DEBUG Engine               - Running on OS: Windows 11 version 10.0
13:58:05.285 [JavaFX Application Thread] DEBUG Engine               - Architecture: amd64
13:58:05.285 [JavaFX Application Thread] INFO  Engine               - Source code and latest versions at: https://github.com/AlmasB/FXGL
13:58:05.285 [JavaFX Application Thread] INFO  Engine               -       Ask questions and discuss at: https://github.com/AlmasB/FXGL/discussions
13:58:05.358 [JavaFX Application Thread] DEBUG PrimaryStageWindow   - Creating a JavaFX scene
13:58:05.397 [JavaFX Application Thread] DEBUG PrimaryStageWindow   - Target settings size: 1280.0 x 720.0
13:58:05.397 [JavaFX Application Thread] DEBUG PrimaryStageWindow   - Scaled scene size:    1280.0 x 720.0
13:58:05.397 [JavaFX Application Thread] DEBUG PrimaryStageWindow   - Scaled ratio: (1.0, 1.0)
13:58:05.398 [JavaFX Application Thread] DEBUG PrimaryStageWindow   - Set initial scene to FXGLStartupScene
13:58:05.402 [JavaFX Application Thread] DEBUG PrimaryStageWindow   - Opening main window
13:58:05.682 [JavaFX Application Thread] DEBUG PrimaryStageWindow   - Window border size: (14.4000244140625, 37.5999755859375)
13:58:05.682 [JavaFX Application Thread] DEBUG PrimaryStageWindow   - Scaled size: 1280.0 x 720.0
13:58:05.684 [JavaFX Application Thread] DEBUG PrimaryStageWindow   - Scaled ratio: (1.0, 1.0)
13:58:05.684 [JavaFX Application Thread] DEBUG PrimaryStageWindow   - Scene size: 1280.0 x 720.0
13:58:05.684 [JavaFX Application Thread] DEBUG PrimaryStageWindow   - Stage size: 1294.4000244140625 x 757.5999755859375
13:58:05.691 [FXGL Background Thread 1 ] DEBUG Engine               - Initializing environment variables
13:58:05.735 [FXGL Background Thread 1 ] DEBUG FXGLAssetLoaderServi - User app class for loading assets: class Project1Game.Main
13:58:05.735 [FXGL Background Thread 1 ] DEBUG GameApplicationServi - Applying CSS: fxgl_dark.css
13:58:05.735 [FXGL Background Thread 1 ] DEBUG FXGLAssetLoaderServi - Loading from file system: jar:file:/C:/Users/Admin/.m2/repository/com/github/almasb/fxgl/25/fxgl-25.jar!/fxglassets/ui/css/fxgl_dark.css
13:58:05.771 [FXGL Background Thread 1 ] DEBUG GameApplicationServi - Initializing application scenes
13:58:05.808 [FXGL Background Thread 1 ] DEBUG GameWorld            - Game world initialized
13:58:05.842 [FXGL Background Thread 1 ] DEBUG PhysicsWorld         - Physics world initialized: appHeight=720, physics.ppm=50.0
13:58:05.842 [FXGL Background Thread 1 ] DEBUG PhysicsWorld         - Using strategy: BRUTE_FORCE
13:58:05.846 [FXGL Background Thread 1 ] DEBUG GameScene            - Game scene initialized: 1280x720
13:58:05.855 [FXGL Background Thread 1 ] DEBUG FXGL.DefaultMenu     - createMenuBodyGameMenu()
13:58:05.870 [FXGL Background Thread 1 ] DEBUG FXGL.DefaultMenu     - createOptionsMenu()
13:58:05.882 [FXGL Background Thread 1 ] DEBUG FXGLAssetLoaderServi - Loading from file system: jar:file:/C:/Users/Admin/.m2/repository/com/github/almasb/fxgl/25/fxgl-25.jar!/fxglassets/textures/particles/smoke.png
13:58:05.943 [FXGL Background Thread 1 ] DEBUG FXGLAssetLoaderServi - Loading from file system: jar:file:/C:/Users/Admin/.m2/repository/com/github/almasb/fxgl/25/fxgl-25.jar!/fxglassets/textures/particles/trace_horizontal.png
13:58:05.966 [FXGL Background Thread 1 ] DEBUG GameApplicationServi - Application scenes initialized
13:58:05.976 [FXGL Background Thread 1 ] DEBUG SystemBundleService  - Loading FXGL system data
13:58:05.979 [FXGL Background Thread 1 ] DEBUG FileSystemAccess     - Reading from: D:\GameDevelop\Project1\system\fxgl.bundle
13:58:05.986 [FXGL Background Thread 1 ] DEBUG SystemBundleService  - Bundle FXGL: {}
13:58:05.986 [FXGL Background Thread 1 ] DEBUG UpdaterService       - Checking for updates
13:58:06.007 [FXGL Background Thread 4 ] DEBUG FXGLApplication      - Loading fonts
13:58:06.007 [FXGL Background Thread 4 ] DEBUG FXGLAssetLoaderServi - Loading from file system: jar:file:/C:/Users/Admin/.m2/repository/com/github/almasb/fxgl/25/fxgl-25.jar!/fxglassets/ui/fonts/VarelaRound-Regular.ttf
13:58:06.007 [FXGL Background Thread 1 ] DEBUG FXGLApplication      - Loading default localization
13:58:06.009 [FXGL Background Thread 1 ] DEBUG FXGLAssetLoaderServi - Loading from file system: jar:file:/C:/Users/Admin/.m2/repository/com/github/almasb/fxgl/25/fxgl-25.jar!/fxglassets/languages/english.lang
13:58:06.019 [FXGL Background Thread 1 ] INFO  FXGLApplication      - FXGL initialization took: 0.329 sec
13:58:06.028 [JavaFX Application Thread] DEBUG Input                - Registered new binding: Move Right - D
13:58:06.029 [JavaFX Application Thread] DEBUG Input                - Registered new binding: Move Left - A
13:58:06.029 [JavaFX Application Thread] DEBUG Input                - Registered new binding: Move Up - W
13:58:06.029 [JavaFX Application Thread] DEBUG Input                - Registered new binding: Move Down - S
13:58:06.030 [JavaFX Application Thread] DEBUG Input                - Registered new binding: action0 - I
13:58:06.030 [JavaFX Application Thread] DEBUG Input                - Registered new binding: action1 - R
13:58:06.030 [JavaFX Application Thread] DEBUG Input                - Registered new binding: action2 - F
13:58:06.030 [JavaFX Application Thread] DEBUG Input                - Registered new binding: action3 - E
13:58:06.031 [JavaFX Application Thread] DEBUG Input                - Registered new binding: action4 - 1
13:58:06.031 [JavaFX Application Thread] DEBUG Input                - Registered new binding: action5 - 2
13:58:06.031 [JavaFX Application Thread] DEBUG Input                - Registered new binding: action6 - 3
13:58:06.031 [JavaFX Application Thread] DEBUG Input                - Registered new binding: action7 - 4
13:58:06.031 [JavaFX Application Thread] DEBUG Input                - Registered new binding: action8 - 5
13:58:06.033 [JavaFX Application Thread] DEBUG Input                - Registered new binding: action9 - 6
13:58:06.033 [JavaFX Application Thread] DEBUG Input                - Registered new binding: action10 - 7
13:58:06.033 [JavaFX Application Thread] DEBUG Input                - Registered new binding: action11 - 8
13:58:06.034 [JavaFX Application Thread] DEBUG Input                - Registered new binding: action12 - 9
13:58:06.034 [JavaFX Application Thread] DEBUG Input                - Registered new binding: action13 - Q
13:58:06.034 [JavaFX Application Thread] DEBUG Input                - Registered new binding: action14 - Tab
13:58:06.035 [JavaFX Application Thread] DEBUG FXGLAssetLoaderServi - Loading from file system: jar:file:/C:/Users/Admin/.m2/repository/com/github/almasb/fxgl/25/fxgl-25.jar!/fxglassets/textures/fxgl_icon.png
13:58:06.042 [FXGL Background Thread 4 ] DEBUG FXGLAssetLoaderServi - Loading from file system: jar:file:/C:/Users/Admin/.m2/repository/com/github/almasb/fxgl/25/fxgl-25.jar!/fxglassets/ui/fonts/Abel-Regular.ttf
13:58:06.050 [JavaFX Application Thread] DEBUG FXGLAssetLoaderServi - Loading from file system: jar:file:/C:/Users/Admin/.m2/repository/com/github/almasb/fxgl/25/fxgl-25.jar!/fxglassets/textures/fxgl_default_cursor.png
13:58:06.051 [JavaFX Application Thread] DEBUG Input                - Registered new binding: Screenshot - CTRL+8
13:58:06.051 [JavaFX Application Thread] DEBUG Input                - Registered new binding: Dev Options - 1
13:58:06.051 [JavaFX Application Thread] DEBUG Input                - Registered new binding: Dev Console - 2
13:58:06.053 [JavaFX Application Thread] DEBUG Input                - Registered new binding: System info dump - CTRL+9
13:58:06.053 [JavaFX Application Thread] DEBUG Input                - Registered new binding: Restart - CTRL+R
13:58:06.054 [JavaFX Application Thread] DEBUG Input                - Registered new binding: Toggle Debug Camera - CTRL+7
13:58:06.056 [FXGL Background Thread 4 ] DEBUG FXGLAssetLoaderServi - Loading from file system: jar:file:/C:/Users/Admin/.m2/repository/com/github/almasb/fxgl/25/fxgl-25.jar!/fxglassets/ui/fonts/TerminalLandMono-Regular.otf
13:58:06.057 [JavaFX Application Thread] DEBUG LoopRunner           - Starting loop
13:58:06.068 [FXGL Background Thread 4 ] DEBUG FXGLAssetLoaderServi - Loading from file system: jar:file:/C:/Users/Admin/.m2/repository/com/github/almasb/fxgl/25/fxgl-25.jar!/fxglassets/ui/fonts/Courier-Prime.ttf
13:58:06.071 [JavaFX Application Thread] DEBUG LoopRunner           - Initializing JavaFX AnimationTimerLoop
13:58:06.074 [JavaFX Application Thread] DEBUG GameApplicationServi - Starting new game
13:58:06.074 [JavaFX Application Thread] DEBUG Input                - Clearing active input actions
13:58:06.084 [JavaFX Application Thread] DEBUG GameApplicationServi - Removing overlay from FXGLStartupScene and adding to FXGLLoadingScene
13:58:06.086 [JavaFX Application Thread] DEBUG PrimaryStageWindow   - FXGLStartupScene -> FXGLLoadingScene
13:58:06.086 [JavaFX Application Thread] DEBUG GameApplicationServi - Clearing previous game
13:58:06.086 [JavaFX Application Thread] DEBUG GameScene            - Clearing game scene
13:58:06.086 [JavaFX Application Thread] DEBUG GameWorld            - Clearing game world
13:58:06.086 [JavaFX Application Thread] DEBUG PhysicsWorld         - Clearing physics world
13:58:06.093 [FXGL Background Thread 4 ] DEBUG FXGLApplication      - Initializing game
13:58:06.099 [JavaFX Application Thread] DEBUG FXGLApplication      - Registering font factories with UI factory
13:58:06.140 [FXGL Background Thread 4 ] WARN  TMXLevelLoader       - TiledMap generated from 1.12.0. Supported version: 1.9.0. Some features may not be parsed fully.
13:58:06.181 [FXGL Background Thread 4 ] DEBUG TMXLevelLoader       - Parsed TiledMap: file:/D:/GameDevelop/Project1/target/classes/assets/levels/Main_level.tmx
13:58:06.183 [FXGL Background Thread 4 ] DEBUG TMXLevelLoader       - Creating tile layer entities
13:58:06.185 [FXGL Background Thread 4 ] DEBUG TilesetLoader        - Loading view for layer BackgroundLayer
13:58:06.189 [FXGL Background Thread 4 ] DEBUG TilesetLoader        - Created buffer with size 3520.0x2048.0
13:58:06.241 [FXGL Background Thread 4 ] DEBUG TilesetLoader        - Loading view for layer DecorationLayer
13:58:06.246 [FXGL Background Thread 4 ] DEBUG TilesetLoader        - Created buffer with size 3520.0x2048.0
13:58:06.289 [FXGL Background Thread 4 ] DEBUG TilesetLoader        - Loading view for layer OverheadLayer
13:58:06.294 [FXGL Background Thread 4 ] DEBUG TilesetLoader        - Created buffer with size 3520.0x2048.0
13:58:06.296 [FXGL Background Thread 4 ] DEBUG TMXLevelLoader       - Creating object layer entities
13:58:06.316 [FXGL Background Thread 4 ] DEBUG FXGLAssetLoaderServi - Loading from file system: file:/D:/GameDevelop/Project1/target/classes/assets/textures/Player/Carry_Idle/Carry_Idle_Down-Sheet.png
13:58:06.318 [FXGL Background Thread 4 ] DEBUG FXGLAssetLoaderServi - Loading from file system: file:/D:/GameDevelop/Project1/target/classes/assets/textures/Player/Carry_Idle/Carry_Idle_Up-Sheet.png
13:58:06.320 [FXGL Background Thread 4 ] DEBUG FXGLAssetLoaderServi - Loading from file system: file:/D:/GameDevelop/Project1/target/classes/assets/textures/Player/Carry_Idle/Carry_Idle_Side-Sheet.png
13:58:06.321 [FXGL Background Thread 4 ] DEBUG FXGLAssetLoaderServi - Loading from file system: file:/D:/GameDevelop/Project1/target/classes/assets/textures/Player/Carry_Walk/Carry_Walk_Down-Sheet.png
13:58:06.324 [FXGL Background Thread 4 ] DEBUG FXGLAssetLoaderServi - Loading from file system: file:/D:/GameDevelop/Project1/target/classes/assets/textures/Player/Carry_Walk/Carry_Walk_Up-Sheet.png
13:58:06.328 [FXGL Background Thread 4 ] DEBUG FXGLAssetLoaderServi - Loading from file system: file:/D:/GameDevelop/Project1/target/classes/assets/textures/Player/Carry_Walk/Carry_Walk_Side-Sheet.png
13:58:06.330 [FXGL Background Thread 4 ] DEBUG FXGLAssetLoaderServi - Loading from file system: file:/D:/GameDevelop/Project1/target/classes/assets/textures/Player/Carry_Run/Carry_Run_Down-Sheet.png
13:58:06.332 [FXGL Background Thread 4 ] DEBUG FXGLAssetLoaderServi - Loading from file system: file:/D:/GameDevelop/Project1/target/classes/assets/textures/Player/Carry_Run/Carry_Run_Up-Sheet.png
13:58:06.334 [FXGL Background Thread 4 ] DEBUG FXGLAssetLoaderServi - Loading from file system: file:/D:/GameDevelop/Project1/target/classes/assets/textures/Player/Carry_Run/Carry_Run_Side-Sheet.png
13:58:06.433 [FXGL Background Thread 4 ] DEBUG GameWorld            - Clearing removable entities
13:58:06.433 [FXGL Background Thread 4 ] DEBUG GameWorld            - Setting level: com.almasb.fxgl.entity.level.Level@1437816b
13:58:06.469 [FXGL Background Thread 4 ] DEBUG FXGLAssetLoaderServi - Loading from file system: file:/D:/GameDevelop/Project1/target/classes/assets/textures/Crops/soil_1.png
13:58:06.474 [FXGL Background Thread 4 ] DEBUG FXGLAssetLoaderServi - Loading from file system: file:/D:/GameDevelop/Project1/target/classes/assets/textures/Crops/rice_1.png
13:58:06.477 [FXGL Background Thread 4 ] DEBUG FXGLAssetLoaderServi - Loading from file system: file:/D:/GameDevelop/Project1/target/classes/assets/textures/Crops/rice_3.png
13:58:06.481 [FXGL Background Thread 4 ] DEBUG FXGLAssetLoaderServi - Loading from file system: file:/D:/GameDevelop/Project1/target/classes/assets/textures/Crops/soil_2.png
13:58:06.483 [FXGL Background Thread 4 ] DEBUG FXGLAssetLoaderServi - Loading from file system: file:/D:/GameDevelop/Project1/target/classes/assets/textures/UI/heart_sprite.png
13:58:06.487 [FXGL Background Thread 4 ] INFO  FXGLApplication      - Game initialization took: 0.398 sec
13:58:06.487 [JavaFX Application Thread] DEBUG Input                - Clearing active input actions
13:58:06.508 [JavaFX Application Thread] DEBUG GameApplicationServi - Removing overlay from FXGLLoadingScene and adding to GameScene
13:58:06.512 [JavaFX Application Thread] DEBUG PrimaryStageWindow   - FXGLLoadingScene -> GameScene
13:58:09.006 [FXGL Background Thread 3 ] DEBUG Engine               - Logging environment variables
13:58:09.007 [FXGL Background Thread 3 ] DEBUG Engine               - achievements: []
13:58:09.008 [FXGL Background Thread 3 ] DEBUG Engine               - actualHeight: 720.0
13:58:09.008 [FXGL Background Thread 3 ] DEBUG Engine               - actualHeightProperty: ReadOnlyDoubleProperty [value: 720.0]
13:58:09.008 [FXGL Background Thread 3 ] DEBUG Engine               - actualWidth: 1280.0
13:58:09.008 [FXGL Background Thread 3 ] DEBUG Engine               - actualWidthProperty: ReadOnlyDoubleProperty [value: 1280.0]
13:58:09.008 [FXGL Background Thread 3 ] DEBUG Engine               - appIcon: fxgl_icon.png
13:58:09.008 [FXGL Background Thread 3 ] DEBUG Engine               - applicationMode: DEVELOPER
13:58:09.008 [FXGL Background Thread 3 ] DEBUG Engine               - cSSList: [fxgl_dark.css]
13:58:09.008 [FXGL Background Thread 3 ] DEBUG Engine               - collisionDetectionStrategy: BRUTE_FORCE
13:58:09.008 [FXGL Background Thread 3 ] DEBUG Engine               - configClass: Optional.empty
13:58:09.009 [FXGL Background Thread 3 ] DEBUG Engine               - credits: []
13:58:09.009 [FXGL Background Thread 3 ] DEBUG Engine               - defaultCursor: CursorInfo(imageName=fxgl_default_cursor.png, hotspotX=7.0, hotspotY=6.0)
13:58:09.010 [FXGL Background Thread 3 ] DEBUG Engine               - devBBoxColorProperty: ObjectProperty [value: 0xff0000ff]
13:58:09.010 [FXGL Background Thread 3 ] DEBUG Engine               - devEnableDebugCameraProperty: BooleanProperty [value: false]
13:58:09.010 [FXGL Background Thread 3 ] DEBUG Engine               - devSensorColorProperty: ObjectProperty [value: 0xffff00ff]
13:58:09.010 [FXGL Background Thread 3 ] DEBUG Engine               - devShowBBoxProperty: BooleanProperty [value: false]
13:58:09.010 [FXGL Background Thread 3 ] DEBUG Engine               - devShowPositionProperty: BooleanProperty [value: false]
13:58:09.010 [FXGL Background Thread 3 ] DEBUG Engine               - enabledMenuItems: []
13:58:09.010 [FXGL Background Thread 3 ] DEBUG Engine               - engineServices: [class com.almasb.fxgl.app.services.FXGLAssetLoaderService, class com.almasb.fxgl.app.FXGLApplication$GameApplicationService, class com.almasb.fxgl.app.services.FXGLDialogService, class com.almasb.fxgl.app.services.IOTaskExecutorService, class com.almasb.fxgl.io.FileSystemService, class com.almasb.fxgl.localization.LocalizationService, class com.almasb.fxgl.app.services.SystemBundleService, class com.almasb.fxgl.profile.SaveLoadService, class com.almasb.fxgl.ui.FXGLUIFactoryServiceProvider, class com.almasb.fxgl.ui.FXGLDialogFactoryServiceProvider, class com.almasb.fxgl.audio.AudioPlayer, class com.almasb.fxgl.notification.impl.NotificationServiceProvider, class com.almasb.fxgl.achievement.AchievementService, class com.almasb.fxgl.cutscene.CutsceneService, class com.almasb.fxgl.minigames.MiniGameService, class com.almasb.fxgl.net.NetService, class com.almasb.fxgl.app.services.UpdaterService, class com.almasb.fxgl.dev.DevService]
13:58:09.010 [FXGL Background Thread 3 ] DEBUG Engine               - fontGame: Abel-Regular.ttf
13:58:09.010 [FXGL Background Thread 3 ] DEBUG Engine               - fontMono: TerminalLandMono-Regular.otf
13:58:09.010 [FXGL Background Thread 3 ] DEBUG Engine               - fontSizeScaleUI: 1.0
13:58:09.010 [FXGL Background Thread 3 ] DEBUG Engine               - fontText: Courier-Prime.ttf
13:58:09.010 [FXGL Background Thread 3 ] DEBUG Engine               - fontUI: VarelaRound-Regular.ttf
13:58:09.012 [FXGL Background Thread 3 ] DEBUG Engine               - fpsRefreshRate: 500.0 ms
13:58:09.012 [FXGL Background Thread 3 ] DEBUG Engine               - fullScreen: BooleanProperty [value: false]
13:58:09.012 [FXGL Background Thread 3 ] DEBUG Engine               - gameDifficulty: MEDIUM
13:58:09.012 [FXGL Background Thread 3 ] DEBUG Engine               - gameDifficultyProperty: ObjectProperty [value: MEDIUM]
13:58:09.012 [FXGL Background Thread 3 ] DEBUG Engine               - globalMusicVolume: 0.5
13:58:09.012 [FXGL Background Thread 3 ] DEBUG Engine               - globalMusicVolumeProperty: DoubleProperty [value: 0.5]
13:58:09.012 [FXGL Background Thread 3 ] DEBUG Engine               - globalSoundVolume: 0.5
13:58:09.012 [FXGL Background Thread 3 ] DEBUG Engine               - globalSoundVolumeProperty: DoubleProperty [value: 0.5]
13:58:09.012 [FXGL Background Thread 3 ] DEBUG Engine               - height: 720
13:58:09.012 [FXGL Background Thread 3 ] DEBUG Engine               - is3D: false
13:58:09.012 [FXGL Background Thread 3 ] DEBUG Engine               - isAndroid: false
13:58:09.012 [FXGL Background Thread 3 ] DEBUG Engine               - isBrowser: false
13:58:09.012 [FXGL Background Thread 3 ] DEBUG Engine               - isClickFeedbackEnabled: false
13:58:09.012 [FXGL Background Thread 3 ] DEBUG Engine               - isCloseConfirmation: false
13:58:09.012 [FXGL Background Thread 3 ] DEBUG Engine               - isDesktop: true
13:58:09.012 [FXGL Background Thread 3 ] DEBUG Engine               - isDeveloperMenuEnabled: true
13:58:09.012 [FXGL Background Thread 3 ] DEBUG Engine               - isEmbedded: false
13:58:09.012 [FXGL Background Thread 3 ] DEBUG Engine               - isEntityPreloadEnabled: true
13:58:09.012 [FXGL Background Thread 3 ] DEBUG Engine               - isExperimentalTiledLargeMap: false
13:58:09.012 [FXGL Background Thread 3 ] DEBUG Engine               - isFileSystemWriteAllowed: true
13:58:09.012 [FXGL Background Thread 3 ] DEBUG Engine               - isFullScreenAllowed: false
13:58:09.012 [FXGL Background Thread 3 ] DEBUG Engine               - isFullScreenFromStart: false
13:58:09.012 [FXGL Background Thread 3 ] DEBUG Engine               - isGameMenuEnabled: true
13:58:09.012 [FXGL Background Thread 3 ] DEBUG Engine               - isIOS: false
13:58:09.012 [FXGL Background Thread 3 ] DEBUG Engine               - isIntroEnabled: false
13:58:09.012 [FXGL Background Thread 3 ] DEBUG Engine               - isLinux: false
13:58:09.012 [FXGL Background Thread 3 ] DEBUG Engine               - isMac: false
13:58:09.012 [FXGL Background Thread 3 ] DEBUG Engine               - isMainMenuEnabled: false
13:58:09.012 [FXGL Background Thread 3 ] DEBUG Engine               - isManualResizeEnabled: false
13:58:09.012 [FXGL Background Thread 3 ] DEBUG Engine               - isMobile: false
13:58:09.012 [FXGL Background Thread 3 ] DEBUG Engine               - isNative: false
13:58:09.012 [FXGL Background Thread 3 ] DEBUG Engine               - isPauseMusicWhenMinimized: true
13:58:09.012 [FXGL Background Thread 3 ] DEBUG Engine               - isPreserveResizeRatio: false
13:58:09.012 [FXGL Background Thread 3 ] DEBUG Engine               - isProfilingEnabled: false
13:58:09.012 [FXGL Background Thread 3 ] DEBUG Engine               - isScaleAffectedOnResize: true
13:58:09.012 [FXGL Background Thread 3 ] DEBUG Engine               - isSingleStep: false
13:58:09.012 [FXGL Background Thread 3 ] DEBUG Engine               - isUserProfileEnabled: false
13:58:09.012 [FXGL Background Thread 3 ] DEBUG Engine               - isWindows: true
13:58:09.012 [FXGL Background Thread 3 ] DEBUG Engine               - language: ObjectProperty [value: ENGLISH]
13:58:09.012 [FXGL Background Thread 3 ] DEBUG Engine               - menuKey: ESCAPE
13:58:09.012 [FXGL Background Thread 3 ] DEBUG Engine               - mouseSensitivity: 0.2
13:58:09.012 [FXGL Background Thread 3 ] DEBUG Engine               - notificationViewClass: class com.almasb.fxgl.notification.view.XboxNotificationView
13:58:09.012 [FXGL Background Thread 3 ] DEBUG Engine               - pixelsPerMeter: 50.0
13:58:09.013 [FXGL Background Thread 3 ] DEBUG Engine               - platform: WINDOWS
13:58:09.013 [FXGL Background Thread 3 ] DEBUG Engine               - prefHeightProperty: ReadOnlyDoubleProperty [value: 720.0]
13:58:09.013 [FXGL Background Thread 3 ] DEBUG Engine               - prefWidthProperty: ReadOnlyDoubleProperty [value: 1280.0]
13:58:09.013 [FXGL Background Thread 3 ] DEBUG Engine               - profileDir: profiles/
13:58:09.013 [FXGL Background Thread 3 ] DEBUG Engine               - profileName: StringProperty [value: DEFAULT]
13:58:09.013 [FXGL Background Thread 3 ] DEBUG Engine               - randomSeed: -1
13:58:09.013 [FXGL Background Thread 3 ] DEBUG Engine               - runtimeInfo: RuntimeInfo(platform=WINDOWS, version=25, build=05.02.2026 22.57)
13:58:09.013 [FXGL Background Thread 3 ] DEBUG Engine               - saveFileExt: sav
13:58:09.013 [FXGL Background Thread 3 ] DEBUG Engine               - scaledHeightProp$fxgl: DoubleProperty [bound, value: 720.0]
13:58:09.013 [FXGL Background Thread 3 ] DEBUG Engine               - scaledWidthProp$fxgl: DoubleProperty [bound, value: 1280.0]
13:58:09.013 [FXGL Background Thread 3 ] DEBUG Engine               - sceneFactory: com.almasb.fxgl.app.scene.SceneFactory@e0e0760
13:58:09.013 [FXGL Background Thread 3 ] DEBUG Engine               - secondsIn24h: 60
13:58:09.013 [FXGL Background Thread 3 ] DEBUG Engine               - soundMenuBack: menu/back.wav
13:58:09.013 [FXGL Background Thread 3 ] DEBUG Engine               - soundMenuPress: menu/press.wav
13:58:09.013 [FXGL Background Thread 3 ] DEBUG Engine               - soundMenuSelect: menu/select.wav
13:58:09.013 [FXGL Background Thread 3 ] DEBUG Engine               - soundNotification: core/notification.wav
13:58:09.013 [FXGL Background Thread 3 ] DEBUG Engine               - stageStyle: DECORATED
13:58:09.013 [FXGL Background Thread 3 ] DEBUG Engine               - supportedLanguages: [ENGLISH, FRENCH, GERMAN, HUNGARIAN, RUSSIAN]
13:58:09.013 [FXGL Background Thread 3 ] DEBUG Engine               - ticksPerSecond: -1
13:58:09.013 [FXGL Background Thread 3 ] DEBUG Engine               - title: Untitled
13:58:09.013 [FXGL Background Thread 3 ] DEBUG Engine               - urlGithub: https://github.com/AlmasB/FXGL
13:58:09.013 [FXGL Background Thread 3 ] DEBUG Engine               - urlLeaderboard: http://fxgl-top.herokuapp.com/
13:58:09.013 [FXGL Background Thread 3 ] DEBUG Engine               - urlPOM: https://raw.githubusercontent.com/AlmasB/FXGL/release/README.md
13:58:09.013 [FXGL Background Thread 3 ] DEBUG Engine               - userAppClass: class Project1Game.Main
13:58:09.013 [FXGL Background Thread 3 ] DEBUG Engine               - version: 0.0
13:58:09.013 [FXGL Background Thread 3 ] DEBUG Engine               - versionCheckDays: 7
13:58:09.014 [FXGL Background Thread 3 ] DEBUG Engine               - width: 1280
13:58:09.014 [FXGL Background Thread 3 ] DEBUG Engine               - Logging services
13:58:09.014 [FXGL Background Thread 3 ] DEBUG Engine               - class com.almasb.fxgl.app.services.FXGLAssetLoaderService
13:58:09.014 [FXGL Background Thread 3 ] DEBUG Engine               - class com.almasb.fxgl.app.FXGLApplication$GameApplicationService
13:58:09.014 [FXGL Background Thread 3 ] DEBUG Engine               - class com.almasb.fxgl.app.services.FXGLDialogService
13:58:09.014 [FXGL Background Thread 3 ] DEBUG Engine               - class com.almasb.fxgl.app.services.IOTaskExecutorService
13:58:09.014 [FXGL Background Thread 3 ] DEBUG Engine               - class com.almasb.fxgl.io.FileSystemService
13:58:09.014 [FXGL Background Thread 3 ] DEBUG Engine               - class com.almasb.fxgl.localization.LocalizationService
13:58:09.014 [FXGL Background Thread 3 ] DEBUG Engine               - class com.almasb.fxgl.app.services.SystemBundleService
13:58:09.014 [FXGL Background Thread 3 ] DEBUG Engine               - class com.almasb.fxgl.profile.SaveLoadService
13:58:09.014 [FXGL Background Thread 3 ] DEBUG Engine               - class com.almasb.fxgl.ui.FXGLUIFactoryServiceProvider
13:58:09.014 [FXGL Background Thread 3 ] DEBUG Engine               - class com.almasb.fxgl.ui.FXGLDialogFactoryServiceProvider
13:58:09.014 [FXGL Background Thread 3 ] DEBUG Engine               - class com.almasb.fxgl.audio.AudioPlayer
13:58:09.014 [FXGL Background Thread 3 ] DEBUG Engine               - class com.almasb.fxgl.notification.impl.NotificationServiceProvider
13:58:09.014 [FXGL Background Thread 3 ] DEBUG Engine               - class com.almasb.fxgl.achievement.AchievementService
13:58:09.014 [FXGL Background Thread 3 ] DEBUG Engine               - class com.almasb.fxgl.cutscene.CutsceneService
13:58:09.014 [FXGL Background Thread 3 ] DEBUG Engine               - class com.almasb.fxgl.minigames.MiniGameService
13:58:09.014 [FXGL Background Thread 3 ] DEBUG Engine               - class com.almasb.fxgl.net.NetService
13:58:09.014 [FXGL Background Thread 3 ] DEBUG Engine               - class com.almasb.fxgl.app.services.UpdaterService
13:58:09.014 [FXGL Background Thread 3 ] DEBUG Engine               - class com.almasb.fxgl.dev.DevService
13:58:23.958 [JavaFX Application Thread] DEBUG FXGLAssetLoaderServi - Loading from file system: file:/D:/GameDevelop/Project1/target/classes/assets/textures/Crops/vectoraith_tileset_farmingsims_crops_dense_spring_32x32.png
13:59:20.069 [JavaFX Application Thread] DEBUG FXGLApplication      - Exiting FXGL
13:59:20.069 [JavaFX Application Thread] DEBUG LoopRunner           - Stopping loop
13:59:20.071 [JavaFX Application Thread] DEBUG SystemBundleService  - Saving FXGL system data
13:59:20.073 [JavaFX Application Thread] DEBUG FileSystemAccess     - Writing to: D:\GameDevelop\Project1\system\fxgl.bundle
13:59:20.074 [JavaFX Application Thread] DEBUG Async                - Shutting down background threads
13:59:20.074 [JavaFX Application Thread] DEBUG PrimaryStageWindow   - Closing main window
13:59:20.081 [JavaFX Application Thread] DEBUG Logger               - Closing Logger
