13:48:59.359 [main                     ] DEBUG Logger               - Configured Logger
13:48:59.364 [main                     ] DEBUG GameApplication      - Logging settings
Title: Untitled
Version: 0.0
Width: 1280
Height: 720
Fullscreen: false
Intro: false
Profiling: false
Single step:false
App Mode: DEVELOPER
Menu Key: ESCAPE
Stage Style: DECORATED
Scene Factory: class com.almasb.fxgl.app.scene.SceneFactory

13:48:59.697 [JavaFX Application Thread] DEBUG FXGLApplication      - Initializing FXGL
13:48:59.701 [JavaFX Application Thread] INFO  Engine               - FXGL-25 (05.02.2026 22.57) on WINDOWS (J:25.0.1 FX:25.0.1)
13:48:59.701 [JavaFX Application Thread] DEBUG Engine               - JRE Vendor Name: Oracle Corporation
13:48:59.701 [JavaFX Application Thread] DEBUG Engine               - Running on OS: Windows 11 version 10.0
13:48:59.701 [JavaFX Application Thread] DEBUG Engine               - Architecture: amd64
13:48:59.701 [JavaFX Application Thread] INFO  Engine               - Source code and latest versions at: https://github.com/AlmasB/FXGL
13:48:59.701 [JavaFX Application Thread] INFO  Engine               -       Ask questions and discuss at: https://github.com/AlmasB/FXGL/discussions
13:48:59.776 [JavaFX Application Thread] DEBUG PrimaryStageWindow   - Creating a JavaFX scene
13:48:59.816 [JavaFX Application Thread] DEBUG PrimaryStageWindow   - Target settings size: 1280.0 x 720.0
13:48:59.816 [JavaFX Application Thread] DEBUG PrimaryStageWindow   - Scaled scene size:    1280.0 x 720.0
13:48:59.816 [JavaFX Application Thread] DEBUG PrimaryStageWindow   - Scaled ratio: (1.0, 1.0)
13:48:59.817 [JavaFX Application Thread] DEBUG PrimaryStageWindow   - Set initial scene to FXGLStartupScene
13:48:59.820 [JavaFX Application Thread] DEBUG PrimaryStageWindow   - Opening main window
13:49:00.102 [JavaFX Application Thread] DEBUG PrimaryStageWindow   - Window border size: (14.4000244140625, 37.5999755859375)
13:49:00.102 [JavaFX Application Thread] DEBUG PrimaryStageWindow   - Scaled size: 1280.0 x 720.0
13:49:00.102 [JavaFX Application Thread] DEBUG PrimaryStageWindow   - Scaled ratio: (1.0, 1.0)
13:49:00.102 [JavaFX Application Thread] DEBUG PrimaryStageWindow   - Scene size: 1280.0 x 720.0
13:49:00.102 [JavaFX Application Thread] DEBUG PrimaryStageWindow   - Stage size: 1294.4000244140625 x 757.5999755859375
13:49:00.110 [FXGL Background Thread 1 ] DEBUG Engine               - Initializing environment variables
13:49:00.166 [FXGL Background Thread 1 ] DEBUG FXGLAssetLoaderServi - User app class for loading assets: class Project1Game.Main
13:49:00.166 [FXGL Background Thread 1 ] DEBUG GameApplicationServi - Applying CSS: fxgl_dark.css
13:49:00.167 [FXGL Background Thread 1 ] DEBUG FXGLAssetLoaderServi - Loading from file system: jar:file:/C:/Users/Admin/.m2/repository/com/github/almasb/fxgl/25/fxgl-25.jar!/fxglassets/ui/css/fxgl_dark.css
13:49:00.205 [FXGL Background Thread 1 ] DEBUG GameApplicationServi - Initializing application scenes
13:49:00.239 [FXGL Background Thread 1 ] DEBUG GameWorld            - Game world initialized
13:49:00.271 [FXGL Background Thread 1 ] DEBUG PhysicsWorld         - Physics world initialized: appHeight=720, physics.ppm=50.0
13:49:00.273 [FXGL Background Thread 1 ] DEBUG PhysicsWorld         - Using strategy: BRUTE_FORCE
13:49:00.276 [FXGL Background Thread 1 ] DEBUG GameScene            - Game scene initialized: 1280x720
13:49:00.287 [FXGL Background Thread 1 ] DEBUG FXGL.DefaultMenu     - createMenuBodyGameMenu()
13:49:00.302 [FXGL Background Thread 1 ] DEBUG FXGL.DefaultMenu     - createOptionsMenu()
13:49:00.313 [FXGL Background Thread 1 ] DEBUG FXGLAssetLoaderServi - Loading from file system: jar:file:/C:/Users/Admin/.m2/repository/com/github/almasb/fxgl/25/fxgl-25.jar!/fxglassets/textures/particles/smoke.png
13:49:00.380 [FXGL Background Thread 1 ] DEBUG FXGLAssetLoaderServi - Loading from file system: jar:file:/C:/Users/Admin/.m2/repository/com/github/almasb/fxgl/25/fxgl-25.jar!/fxglassets/textures/particles/trace_horizontal.png
13:49:00.403 [FXGL Background Thread 1 ] DEBUG GameApplicationServi - Application scenes initialized
13:49:00.413 [FXGL Background Thread 1 ] DEBUG SystemBundleService  - Loading FXGL system data
13:49:00.417 [FXGL Background Thread 1 ] DEBUG FileSystemAccess     - Reading from: D:\GameDevelop\Project1\system\fxgl.bundle
13:49:00.422 [FXGL Background Thread 1 ] DEBUG SystemBundleService  - Bundle FXGL: {}
13:49:00.422 [FXGL Background Thread 1 ] DEBUG UpdaterService       - Checking for updates
13:49:00.442 [FXGL Background Thread 4 ] DEBUG FXGLApplication      - Loading fonts
13:49:00.442 [FXGL Background Thread 1 ] DEBUG FXGLApplication      - Loading default localization
13:49:00.442 [FXGL Background Thread 4 ] DEBUG FXGLAssetLoaderServi - Loading from file system: jar:file:/C:/Users/Admin/.m2/repository/com/github/almasb/fxgl/25/fxgl-25.jar!/fxglassets/ui/fonts/VarelaRound-Regular.ttf
13:49:00.444 [FXGL Background Thread 1 ] DEBUG FXGLAssetLoaderServi - Loading from file system: jar:file:/C:/Users/Admin/.m2/repository/com/github/almasb/fxgl/25/fxgl-25.jar!/fxglassets/languages/english.lang
13:49:00.454 [FXGL Background Thread 1 ] INFO  FXGLApplication      - FXGL initialization took: 0.343 sec
13:49:00.461 [JavaFX Application Thread] DEBUG Input                - Registered new binding: Move Right - D
13:49:00.461 [JavaFX Application Thread] DEBUG Input                - Registered new binding: Move Left - A
13:49:00.461 [JavaFX Application Thread] DEBUG Input                - Registered new binding: Move Up - W
13:49:00.462 [JavaFX Application Thread] DEBUG Input                - Registered new binding: Move Down - S
13:49:00.462 [JavaFX Application Thread] DEBUG Input                - Registered new binding: action0 - I
13:49:00.462 [JavaFX Application Thread] DEBUG Input                - Registered new binding: action1 - R
13:49:00.463 [JavaFX Application Thread] DEBUG Input                - Registered new binding: action2 - F
13:49:00.463 [JavaFX Application Thread] DEBUG Input                - Registered new binding: action3 - E
13:49:00.463 [JavaFX Application Thread] DEBUG Input                - Registered new binding: action4 - 1
13:49:00.463 [JavaFX Application Thread] DEBUG Input                - Registered new binding: action5 - 2
13:49:00.463 [JavaFX Application Thread] DEBUG Input                - Registered new binding: action6 - 3
13:49:00.463 [JavaFX Application Thread] DEBUG Input                - Registered new binding: action7 - 4
13:49:00.463 [JavaFX Application Thread] DEBUG Input                - Registered new binding: action8 - 5
13:49:00.465 [JavaFX Application Thread] DEBUG Input                - Registered new binding: action9 - 6
13:49:00.465 [JavaFX Application Thread] DEBUG Input                - Registered new binding: action10 - 7
13:49:00.465 [JavaFX Application Thread] DEBUG Input                - Registered new binding: action11 - 8
13:49:00.466 [JavaFX Application Thread] DEBUG Input                - Registered new binding: action12 - 9
13:49:00.466 [JavaFX Application Thread] DEBUG Input                - Registered new binding: action13 - Q
13:49:00.466 [JavaFX Application Thread] DEBUG Input                - Registered new binding: action14 - Tab
13:49:00.466 [JavaFX Application Thread] DEBUG FXGLAssetLoaderServi - Loading from file system: jar:file:/C:/Users/Admin/.m2/repository/com/github/almasb/fxgl/25/fxgl-25.jar!/fxglassets/textures/fxgl_icon.png
13:49:00.473 [FXGL Background Thread 4 ] DEBUG FXGLAssetLoaderServi - Loading from file system: jar:file:/C:/Users/Admin/.m2/repository/com/github/almasb/fxgl/25/fxgl-25.jar!/fxglassets/ui/fonts/Abel-Regular.ttf
13:49:00.483 [JavaFX Application Thread] DEBUG FXGLAssetLoaderServi - Loading from file system: jar:file:/C:/Users/Admin/.m2/repository/com/github/almasb/fxgl/25/fxgl-25.jar!/fxglassets/textures/fxgl_default_cursor.png
13:49:00.483 [FXGL Background Thread 4 ] DEBUG FXGLAssetLoaderServi - Loading from file system: jar:file:/C:/Users/Admin/.m2/repository/com/github/almasb/fxgl/25/fxgl-25.jar!/fxglassets/ui/fonts/TerminalLandMono-Regular.otf
13:49:00.483 [JavaFX Application Thread] DEBUG Input                - Registered new binding: Screenshot - CTRL+8
13:49:00.483 [JavaFX Application Thread] DEBUG Input                - Registered new binding: Dev Options - 1
13:49:00.485 [JavaFX Application Thread] DEBUG Input                - Registered new binding: Dev Console - 2
13:49:00.485 [JavaFX Application Thread] DEBUG Input                - Registered new binding: System info dump - CTRL+9
13:49:00.485 [JavaFX Application Thread] DEBUG Input                - Registered new binding: Restart - CTRL+R
13:49:00.487 [JavaFX Application Thread] DEBUG Input                - Registered new binding: Toggle Debug Camera - CTRL+7
13:49:00.489 [JavaFX Application Thread] DEBUG LoopRunner           - Starting loop
13:49:00.493 [FXGL Background Thread 4 ] DEBUG FXGLAssetLoaderServi - Loading from file system: jar:file:/C:/Users/Admin/.m2/repository/com/github/almasb/fxgl/25/fxgl-25.jar!/fxglassets/ui/fonts/Courier-Prime.ttf
13:49:00.499 [JavaFX Application Thread] DEBUG LoopRunner           - Initializing JavaFX AnimationTimerLoop
13:49:00.500 [JavaFX Application Thread] DEBUG GameApplicationServi - Starting new game
13:49:00.502 [JavaFX Application Thread] DEBUG Input                - Clearing active input actions
13:49:00.517 [JavaFX Application Thread] DEBUG GameApplicationServi - Removing overlay from FXGLStartupScene and adding to FXGLLoadingScene
13:49:00.521 [JavaFX Application Thread] DEBUG PrimaryStageWindow   - FXGLStartupScene -> FXGLLoadingScene
13:49:00.521 [JavaFX Application Thread] DEBUG GameApplicationServi - Clearing previous game
13:49:00.521 [JavaFX Application Thread] DEBUG GameScene            - Clearing game scene
13:49:00.521 [JavaFX Application Thread] DEBUG GameWorld            - Clearing game world
13:49:00.521 [JavaFX Application Thread] DEBUG PhysicsWorld         - Clearing physics world
13:49:00.523 [FXGL Background Thread 4 ] DEBUG FXGLApplication      - Initializing game
13:49:00.558 [FXGL Background Thread 4 ] WARN  TMXLevelLoader       - TiledMap generated from 1.12.0. Supported version: 1.9.0. Some features may not be parsed fully.
13:49:00.590 [FXGL Background Thread 4 ] DEBUG TMXLevelLoader       - Parsed TiledMap: file:/D:/GameDevelop/Project1/target/classes/assets/levels/Main_level.tmx
13:49:00.591 [FXGL Background Thread 4 ] DEBUG TMXLevelLoader       - Creating tile layer entities
13:49:00.593 [FXGL Background Thread 4 ] DEBUG TilesetLoader        - Loading view for layer BackgroundLayer
13:49:00.598 [FXGL Background Thread 4 ] DEBUG TilesetLoader        - Created buffer with size 3520.0x2048.0
13:49:00.649 [FXGL Background Thread 4 ] DEBUG TilesetLoader        - Loading view for layer DecorationLayer
13:49:00.655 [FXGL Background Thread 4 ] DEBUG TilesetLoader        - Created buffer with size 3520.0x2048.0
13:49:00.690 [FXGL Background Thread 4 ] DEBUG TilesetLoader        - Loading view for layer OverheadLayer
13:49:00.694 [JavaFX Application Thread] DEBUG FXGLApplication      - Registering font factories with UI factory
13:49:00.697 [FXGL Background Thread 4 ] DEBUG TilesetLoader        - Created buffer with size 3520.0x2048.0
13:49:00.699 [FXGL Background Thread 4 ] DEBUG TMXLevelLoader       - Creating object layer entities
13:49:00.718 [FXGL Background Thread 4 ] DEBUG FXGLAssetLoaderServi - Loading from file system: file:/D:/GameDevelop/Project1/target/classes/assets/textures/Player/Carry_Idle/Carry_Idle_Down-Sheet.png
13:49:00.719 [FXGL Background Thread 4 ] DEBUG FXGLAssetLoaderServi - Loading from file system: file:/D:/GameDevelop/Project1/target/classes/assets/textures/Player/Carry_Idle/Carry_Idle_Up-Sheet.png
13:49:00.721 [FXGL Background Thread 4 ] DEBUG FXGLAssetLoaderServi - Loading from file system: file:/D:/GameDevelop/Project1/target/classes/assets/textures/Player/Carry_Idle/Carry_Idle_Side-Sheet.png
13:49:00.722 [FXGL Background Thread 4 ] DEBUG FXGLAssetLoaderServi - Loading from file system: file:/D:/GameDevelop/Project1/target/classes/assets/textures/Player/Carry_Walk/Carry_Walk_Down-Sheet.png
13:49:00.724 [FXGL Background Thread 4 ] DEBUG FXGLAssetLoaderServi - Loading from file system: file:/D:/GameDevelop/Project1/target/classes/assets/textures/Player/Carry_Walk/Carry_Walk_Up-Sheet.png
13:49:00.725 [FXGL Background Thread 4 ] DEBUG FXGLAssetLoaderServi - Loading from file system: file:/D:/GameDevelop/Project1/target/classes/assets/textures/Player/Carry_Walk/Carry_Walk_Side-Sheet.png
13:49:00.726 [FXGL Background Thread 4 ] DEBUG FXGLAssetLoaderServi - Loading from file system: file:/D:/GameDevelop/Project1/target/classes/assets/textures/Player/Carry_Run/Carry_Run_Down-Sheet.png
13:49:00.728 [FXGL Background Thread 4 ] DEBUG FXGLAssetLoaderServi - Loading from file system: file:/D:/GameDevelop/Project1/target/classes/assets/textures/Player/Carry_Run/Carry_Run_Up-Sheet.png
13:49:00.729 [FXGL Background Thread 4 ] DEBUG FXGLAssetLoaderServi - Loading from file system: file:/D:/GameDevelop/Project1/target/classes/assets/textures/Player/Carry_Run/Carry_Run_Side-Sheet.png
13:49:00.821 [FXGL Background Thread 4 ] DEBUG GameWorld            - Clearing removable entities
13:49:00.823 [FXGL Background Thread 4 ] DEBUG GameWorld            - Setting level: com.almasb.fxgl.entity.level.Level@74def719
13:49:00.852 [FXGL Background Thread 4 ] DEBUG FXGLAssetLoaderServi - Loading from file system: file:/D:/GameDevelop/Project1/target/classes/assets/textures/Crops/soil_1.png
13:49:00.857 [FXGL Background Thread 4 ] DEBUG FXGLAssetLoaderServi - Loading from file system: file:/D:/GameDevelop/Project1/target/classes/assets/textures/Crops/rice_1.png
13:49:00.858 [FXGL Background Thread 4 ] DEBUG FXGLAssetLoaderServi - Loading from file system: file:/D:/GameDevelop/Project1/target/classes/assets/textures/Crops/rice_3.png
13:49:00.862 [FXGL Background Thread 4 ] DEBUG FXGLAssetLoaderServi - Loading from file system: file:/D:/GameDevelop/Project1/target/classes/assets/textures/Crops/soil_2.png
13:49:00.871 [FXGL Background Thread 4 ] DEBUG FXGLAssetLoaderServi - Loading from file system: file:/D:/GameDevelop/Project1/target/classes/assets/textures/UI/heart_sprite.png
13:49:00.875 [FXGL Background Thread 4 ] INFO  FXGLApplication      - Game initialization took: 0.352 sec
13:49:00.878 [JavaFX Application Thread] DEBUG Input                - Clearing active input actions
13:49:00.894 [JavaFX Application Thread] DEBUG GameApplicationServi - Removing overlay from FXGLLoadingScene and adding to GameScene
13:49:00.899 [JavaFX Application Thread] DEBUG PrimaryStageWindow   - FXGLLoadingScene -> GameScene
13:49:03.443 [FXGL Background Thread 3 ] DEBUG Engine               - Logging environment variables
13:49:03.443 [FXGL Background Thread 3 ] DEBUG Engine               - achievements: []
13:49:03.444 [FXGL Background Thread 3 ] DEBUG Engine               - actualHeight: 720.0
13:49:03.444 [FXGL Background Thread 3 ] DEBUG Engine               - actualHeightProperty: ReadOnlyDoubleProperty [value: 720.0]
13:49:03.444 [FXGL Background Thread 3 ] DEBUG Engine               - actualWidth: 1280.0
13:49:03.444 [FXGL Background Thread 3 ] DEBUG Engine               - actualWidthProperty: ReadOnlyDoubleProperty [value: 1280.0]
13:49:03.444 [FXGL Background Thread 3 ] DEBUG Engine               - appIcon: fxgl_icon.png
13:49:03.444 [FXGL Background Thread 3 ] DEBUG Engine               - applicationMode: DEVELOPER
13:49:03.444 [FXGL Background Thread 3 ] DEBUG Engine               - cSSList: [fxgl_dark.css]
13:49:03.444 [FXGL Background Thread 3 ] DEBUG Engine               - collisionDetectionStrategy: BRUTE_FORCE
13:49:03.444 [FXGL Background Thread 3 ] DEBUG Engine               - configClass: Optional.empty
13:49:03.444 [FXGL Background Thread 3 ] DEBUG Engine               - credits: []
13:49:03.445 [FXGL Background Thread 3 ] DEBUG Engine               - defaultCursor: CursorInfo(imageName=fxgl_default_cursor.png, hotspotX=7.0, hotspotY=6.0)
13:49:03.445 [FXGL Background Thread 3 ] DEBUG Engine               - devBBoxColorProperty: ObjectProperty [value: 0xff0000ff]
13:49:03.445 [FXGL Background Thread 3 ] DEBUG Engine               - devEnableDebugCameraProperty: BooleanProperty [value: false]
13:49:03.445 [FXGL Background Thread 3 ] DEBUG Engine               - devSensorColorProperty: ObjectProperty [value: 0xffff00ff]
13:49:03.445 [FXGL Background Thread 3 ] DEBUG Engine               - devShowBBoxProperty: BooleanProperty [value: false]
13:49:03.445 [FXGL Background Thread 3 ] DEBUG Engine               - devShowPositionProperty: BooleanProperty [value: false]
13:49:03.445 [FXGL Background Thread 3 ] DEBUG Engine               - enabledMenuItems: []
13:49:03.445 [FXGL Background Thread 3 ] DEBUG Engine               - engineServices: [class com.almasb.fxgl.app.services.FXGLAssetLoaderService, class com.almasb.fxgl.app.FXGLApplication$GameApplicationService, class com.almasb.fxgl.app.services.FXGLDialogService, class com.almasb.fxgl.app.services.IOTaskExecutorService, class com.almasb.fxgl.io.FileSystemService, class com.almasb.fxgl.localization.LocalizationService, class com.almasb.fxgl.app.services.SystemBundleService, class com.almasb.fxgl.profile.SaveLoadService, class com.almasb.fxgl.ui.FXGLUIFactoryServiceProvider, class com.almasb.fxgl.ui.FXGLDialogFactoryServiceProvider, class com.almasb.fxgl.audio.AudioPlayer, class com.almasb.fxgl.notification.impl.NotificationServiceProvider, class com.almasb.fxgl.achievement.AchievementService, class com.almasb.fxgl.cutscene.CutsceneService, class com.almasb.fxgl.minigames.MiniGameService, class com.almasb.fxgl.net.NetService, class com.almasb.fxgl.app.services.UpdaterService, class com.almasb.fxgl.dev.DevService]
13:49:03.445 [FXGL Background Thread 3 ] DEBUG Engine               - fontGame: Abel-Regular.ttf
13:49:03.445 [FXGL Background Thread 3 ] DEBUG Engine               - fontMono: TerminalLandMono-Regular.otf
13:49:03.445 [FXGL Background Thread 3 ] DEBUG Engine               - fontSizeScaleUI: 1.0
13:49:03.445 [FXGL Background Thread 3 ] DEBUG Engine               - fontText: Courier-Prime.ttf
13:49:03.445 [FXGL Background Thread 3 ] DEBUG Engine               - fontUI: VarelaRound-Regular.ttf
13:49:03.445 [FXGL Background Thread 3 ] DEBUG Engine               - fpsRefreshRate: 500.0 ms
13:49:03.445 [FXGL Background Thread 3 ] DEBUG Engine               - fullScreen: BooleanProperty [value: false]
13:49:03.445 [FXGL Background Thread 3 ] DEBUG Engine               - gameDifficulty: MEDIUM
13:49:03.445 [FXGL Background Thread 3 ] DEBUG Engine               - gameDifficultyProperty: ObjectProperty [value: MEDIUM]
13:49:03.445 [FXGL Background Thread 3 ] DEBUG Engine               - globalMusicVolume: 0.5
13:49:03.446 [FXGL Background Thread 3 ] DEBUG Engine               - globalMusicVolumeProperty: DoubleProperty [value: 0.5]
13:49:03.446 [FXGL Background Thread 3 ] DEBUG Engine               - globalSoundVolume: 0.5
13:49:03.446 [FXGL Background Thread 3 ] DEBUG Engine               - globalSoundVolumeProperty: DoubleProperty [value: 0.5]
13:49:03.446 [FXGL Background Thread 3 ] DEBUG Engine               - height: 720
13:49:03.446 [FXGL Background Thread 3 ] DEBUG Engine               - is3D: false
13:49:03.446 [FXGL Background Thread 3 ] DEBUG Engine               - isAndroid: false
13:49:03.446 [FXGL Background Thread 3 ] DEBUG Engine               - isBrowser: false
13:49:03.446 [FXGL Background Thread 3 ] DEBUG Engine               - isClickFeedbackEnabled: false
13:49:03.446 [FXGL Background Thread 3 ] DEBUG Engine               - isCloseConfirmation: false
13:49:03.446 [FXGL Background Thread 3 ] DEBUG Engine               - isDesktop: true
13:49:03.446 [FXGL Background Thread 3 ] DEBUG Engine               - isDeveloperMenuEnabled: true
13:49:03.446 [FXGL Background Thread 3 ] DEBUG Engine               - isEmbedded: false
13:49:03.446 [FXGL Background Thread 3 ] DEBUG Engine               - isEntityPreloadEnabled: true
13:49:03.446 [FXGL Background Thread 3 ] DEBUG Engine               - isExperimentalTiledLargeMap: false
13:49:03.446 [FXGL Background Thread 3 ] DEBUG Engine               - isFileSystemWriteAllowed: true
13:49:03.446 [FXGL Background Thread 3 ] DEBUG Engine               - isFullScreenAllowed: false
13:49:03.446 [FXGL Background Thread 3 ] DEBUG Engine               - isFullScreenFromStart: false
13:49:03.446 [FXGL Background Thread 3 ] DEBUG Engine               - isGameMenuEnabled: true
13:49:03.446 [FXGL Background Thread 3 ] DEBUG Engine               - isIOS: false
13:49:03.446 [FXGL Background Thread 3 ] DEBUG Engine               - isIntroEnabled: false
13:49:03.446 [FXGL Background Thread 3 ] DEBUG Engine               - isLinux: false
13:49:03.446 [FXGL Background Thread 3 ] DEBUG Engine               - isMac: false
13:49:03.446 [FXGL Background Thread 3 ] DEBUG Engine               - isMainMenuEnabled: false
13:49:03.446 [FXGL Background Thread 3 ] DEBUG Engine               - isManualResizeEnabled: false
13:49:03.446 [FXGL Background Thread 3 ] DEBUG Engine               - isMobile: false
13:49:03.446 [FXGL Background Thread 3 ] DEBUG Engine               - isNative: false
13:49:03.446 [FXGL Background Thread 3 ] DEBUG Engine               - isPauseMusicWhenMinimized: true
13:49:03.446 [FXGL Background Thread 3 ] DEBUG Engine               - isPreserveResizeRatio: false
13:49:03.446 [FXGL Background Thread 3 ] DEBUG Engine               - isProfilingEnabled: false
13:49:03.446 [FXGL Background Thread 3 ] DEBUG Engine               - isScaleAffectedOnResize: true
13:49:03.446 [FXGL Background Thread 3 ] DEBUG Engine               - isSingleStep: false
13:49:03.446 [FXGL Background Thread 3 ] DEBUG Engine               - isUserProfileEnabled: false
13:49:03.446 [FXGL Background Thread 3 ] DEBUG Engine               - isWindows: true
13:49:03.446 [FXGL Background Thread 3 ] DEBUG Engine               - language: ObjectProperty [value: ENGLISH]
13:49:03.446 [FXGL Background Thread 3 ] DEBUG Engine               - menuKey: ESCAPE
13:49:03.446 [FXGL Background Thread 3 ] DEBUG Engine               - mouseSensitivity: 0.2
13:49:03.446 [FXGL Background Thread 3 ] DEBUG Engine               - notificationViewClass: class com.almasb.fxgl.notification.view.XboxNotificationView
13:49:03.446 [FXGL Background Thread 3 ] DEBUG Engine               - pixelsPerMeter: 50.0
13:49:03.446 [FXGL Background Thread 3 ] DEBUG Engine               - platform: WINDOWS
13:49:03.446 [FXGL Background Thread 3 ] DEBUG Engine               - prefHeightProperty: ReadOnlyDoubleProperty [value: 720.0]
13:49:03.446 [FXGL Background Thread 3 ] DEBUG Engine               - prefWidthProperty: ReadOnlyDoubleProperty [value: 1280.0]
13:49:03.446 [FXGL Background Thread 3 ] DEBUG Engine               - profileDir: profiles/
13:49:03.446 [FXGL Background Thread 3 ] DEBUG Engine               - profileName: StringProperty [value: DEFAULT]
13:49:03.446 [FXGL Background Thread 3 ] DEBUG Engine               - randomSeed: -1
13:49:03.446 [FXGL Background Thread 3 ] DEBUG Engine               - runtimeInfo: RuntimeInfo(platform=WINDOWS, version=25, build=05.02.2026 22.57)
13:49:03.446 [FXGL Background Thread 3 ] DEBUG Engine               - saveFileExt: sav
13:49:03.446 [FXGL Background Thread 3 ] DEBUG Engine               - scaledHeightProp$fxgl: DoubleProperty [bound, value: 720.0]
13:49:03.446 [FXGL Background Thread 3 ] DEBUG Engine               - scaledWidthProp$fxgl: DoubleProperty [bound, value: 1280.0]
13:49:03.446 [FXGL Background Thread 3 ] DEBUG Engine               - sceneFactory: com.almasb.fxgl.app.scene.SceneFactory@3c76a1d7
13:49:03.446 [FXGL Background Thread 3 ] DEBUG Engine               - secondsIn24h: 60
13:49:03.446 [FXGL Background Thread 3 ] DEBUG Engine               - soundMenuBack: menu/back.wav
13:49:03.446 [FXGL Background Thread 3 ] DEBUG Engine               - soundMenuPress: menu/press.wav
13:49:03.446 [FXGL Background Thread 3 ] DEBUG Engine               - soundMenuSelect: menu/select.wav
13:49:03.446 [FXGL Background Thread 3 ] DEBUG Engine               - soundNotification: core/notification.wav
13:49:03.446 [FXGL Background Thread 3 ] DEBUG Engine               - stageStyle: DECORATED
13:49:03.446 [FXGL Background Thread 3 ] DEBUG Engine               - supportedLanguages: [ENGLISH, FRENCH, GERMAN, HUNGARIAN, RUSSIAN]
13:49:03.446 [FXGL Background Thread 3 ] DEBUG Engine               - ticksPerSecond: -1
13:49:03.446 [FXGL Background Thread 3 ] DEBUG Engine               - title: Untitled
13:49:03.446 [FXGL Background Thread 3 ] DEBUG Engine               - urlGithub: https://github.com/AlmasB/FXGL
13:49:03.446 [FXGL Background Thread 3 ] DEBUG Engine               - urlLeaderboard: http://fxgl-top.herokuapp.com/
13:49:03.446 [FXGL Background Thread 3 ] DEBUG Engine               - urlPOM: https://raw.githubusercontent.com/AlmasB/FXGL/release/README.md
13:49:03.446 [FXGL Background Thread 3 ] DEBUG Engine               - userAppClass: class Project1Game.Main
13:49:03.446 [FXGL Background Thread 3 ] DEBUG Engine               - version: 0.0
13:49:03.446 [FXGL Background Thread 3 ] DEBUG Engine               - versionCheckDays: 7
13:49:03.446 [FXGL Background Thread 3 ] DEBUG Engine               - width: 1280
13:49:03.446 [FXGL Background Thread 3 ] DEBUG Engine               - Logging services
13:49:03.446 [FXGL Background Thread 3 ] DEBUG Engine               - class com.almasb.fxgl.app.services.FXGLAssetLoaderService
13:49:03.446 [FXGL Background Thread 3 ] DEBUG Engine               - class com.almasb.fxgl.app.FXGLApplication$GameApplicationService
13:49:03.446 [FXGL Background Thread 3 ] DEBUG Engine               - class com.almasb.fxgl.app.services.FXGLDialogService
13:49:03.446 [FXGL Background Thread 3 ] DEBUG Engine               - class com.almasb.fxgl.app.services.IOTaskExecutorService
13:49:03.446 [FXGL Background Thread 3 ] DEBUG Engine               - class com.almasb.fxgl.io.FileSystemService
13:49:03.446 [FXGL Background Thread 3 ] DEBUG Engine               - class com.almasb.fxgl.localization.LocalizationService
13:49:03.446 [FXGL Background Thread 3 ] DEBUG Engine               - class com.almasb.fxgl.app.services.SystemBundleService
13:49:03.446 [FXGL Background Thread 3 ] DEBUG Engine               - class com.almasb.fxgl.profile.SaveLoadService
13:49:03.446 [FXGL Background Thread 3 ] DEBUG Engine               - class com.almasb.fxgl.ui.FXGLUIFactoryServiceProvider
13:49:03.446 [FXGL Background Thread 3 ] DEBUG Engine               - class com.almasb.fxgl.ui.FXGLDialogFactoryServiceProvider
13:49:03.446 [FXGL Background Thread 3 ] DEBUG Engine               - class com.almasb.fxgl.audio.AudioPlayer
13:49:03.446 [FXGL Background Thread 3 ] DEBUG Engine               - class com.almasb.fxgl.notification.impl.NotificationServiceProvider
13:49:03.446 [FXGL Background Thread 3 ] DEBUG Engine               - class com.almasb.fxgl.achievement.AchievementService
13:49:03.446 [FXGL Background Thread 3 ] DEBUG Engine               - class com.almasb.fxgl.cutscene.CutsceneService
13:49:03.446 [FXGL Background Thread 3 ] DEBUG Engine               - class com.almasb.fxgl.minigames.MiniGameService
13:49:03.446 [FXGL Background Thread 3 ] DEBUG Engine               - class com.almasb.fxgl.net.NetService
13:49:03.446 [FXGL Background Thread 3 ] DEBUG Engine               - class com.almasb.fxgl.app.services.UpdaterService
13:49:03.446 [FXGL Background Thread 3 ] DEBUG Engine               - class com.almasb.fxgl.dev.DevService
13:49:12.967 [JavaFX Application Thread] DEBUG FXGLAssetLoaderServi - Loading from file system: file:/D:/GameDevelop/Project1/target/classes/assets/textures/Crops/vectoraith_tileset_farmingsims_crops_dense_spring_32x32.png
13:49:56.021 [JavaFX Application Thread] DEBUG PrimaryStageWindow   - Push state: FXGLDefaultMenu
13:49:56.026 [JavaFX Application Thread] DEBUG Input                - Clearing active input actions
13:49:56.027 [JavaFX Application Thread] DEBUG GameApplicationServi - Removing overlay from GameScene and adding to FXGLDefaultMenu
13:49:56.028 [JavaFX Application Thread] DEBUG PrimaryStageWindow   - GameScene -> FXGLDefaultMenu
13:50:16.842 [JavaFX Application Thread] DEBUG PrimaryStageWindow   - Pop state: FXGLDefaultMenu
13:50:16.842 [JavaFX Application Thread] DEBUG Input                - Clearing active input actions
13:50:16.843 [JavaFX Application Thread] DEBUG GameApplicationServi - Removing overlay from FXGLDefaultMenu and adding to GameScene
13:50:16.844 [JavaFX Application Thread] DEBUG PrimaryStageWindow   - GameScene <- FXGLDefaultMenu
13:50:17.525 [JavaFX Application Thread] DEBUG PrimaryStageWindow   - Push state: FXGLDefaultMenu
13:50:17.525 [JavaFX Application Thread] DEBUG Input                - Clearing active input actions
13:50:17.526 [JavaFX Application Thread] DEBUG GameApplicationServi - Removing overlay from GameScene and adding to FXGLDefaultMenu
13:50:17.526 [JavaFX Application Thread] DEBUG PrimaryStageWindow   - GameScene -> FXGLDefaultMenu
13:50:17.805 [JavaFX Application Thread] DEBUG PrimaryStageWindow   - Pop state: FXGLDefaultMenu
13:50:17.805 [JavaFX Application Thread] DEBUG Input                - Clearing active input actions
13:50:17.805 [JavaFX Application Thread] DEBUG GameApplicationServi - Removing overlay from FXGLDefaultMenu and adding to GameScene
13:50:17.806 [JavaFX Application Thread] DEBUG PrimaryStageWindow   - GameScene <- FXGLDefaultMenu
13:50:24.112 [JavaFX Application Thread] DEBUG LoopRunner           - Pausing loop
13:53:57.795 [JavaFX Application Thread] DEBUG FXGLApplication      - Exiting FXGL
13:53:57.795 [JavaFX Application Thread] DEBUG LoopRunner           - Stopping loop
13:53:57.795 [JavaFX Application Thread] DEBUG SystemBundleService  - Saving FXGL system data
13:53:57.796 [JavaFX Application Thread] DEBUG FileSystemAccess     - Writing to: D:\GameDevelop\Project1\system\fxgl.bundle
13:53:57.799 [JavaFX Application Thread] DEBUG Async                - Shutting down background threads
13:53:57.799 [JavaFX Application Thread] DEBUG PrimaryStageWindow   - Closing main window
13:53:57.809 [JavaFX Application Thread] DEBUG Logger               - Closing Logger
