21:20:57.209 [main                     ] DEBUG Logger               - Configured Logger
21:20:57.213 [main                     ] DEBUG GameApplication      - Logging settings
Title: Untitled
Version: 0.0
Width: 1280
Height: 720
Fullscreen: false
Intro: false
Profiling: false
Single step:false
App Mode: DEVELOPER
Menu Key: ESCAPE
Stage Style: DECORATED
Scene Factory: class com.almasb.fxgl.app.scene.SceneFactory

21:20:57.570 [JavaFX Application Thread] DEBUG FXGLApplication      - Initializing FXGL
21:20:57.573 [JavaFX Application Thread] INFO  Engine               - FXGL-25 (05.02.2026 22.57) on WINDOWS (J:25.0.1 FX:25.0.1)
21:20:57.573 [JavaFX Application Thread] DEBUG Engine               - JRE Vendor Name: Oracle Corporation
21:20:57.573 [JavaFX Application Thread] DEBUG Engine               - Running on OS: Windows 11 version 10.0
21:20:57.573 [JavaFX Application Thread] DEBUG Engine               - Architecture: amd64
21:20:57.573 [JavaFX Application Thread] INFO  Engine               - Source code and latest versions at: https://github.com/AlmasB/FXGL
21:20:57.573 [JavaFX Application Thread] INFO  Engine               -       Ask questions and discuss at: https://github.com/AlmasB/FXGL/discussions
21:20:57.651 [JavaFX Application Thread] DEBUG PrimaryStageWindow   - Creating a JavaFX scene
21:20:57.697 [JavaFX Application Thread] DEBUG PrimaryStageWindow   - Target settings size: 1280.0 x 720.0
21:20:57.697 [JavaFX Application Thread] DEBUG PrimaryStageWindow   - Scaled scene size:    1280.0 x 720.0
21:20:57.697 [JavaFX Application Thread] DEBUG PrimaryStageWindow   - Scaled ratio: (1.0, 1.0)
21:20:57.698 [JavaFX Application Thread] DEBUG PrimaryStageWindow   - Set initial scene to FXGLStartupScene
21:20:57.701 [JavaFX Application Thread] DEBUG PrimaryStageWindow   - Opening main window
21:20:57.911 [JavaFX Application Thread] DEBUG PrimaryStageWindow   - Window border size: (14.4000244140625, 37.5999755859375)
21:20:57.911 [JavaFX Application Thread] DEBUG PrimaryStageWindow   - Scaled size: 1280.0 x 720.0
21:20:57.911 [JavaFX Application Thread] DEBUG PrimaryStageWindow   - Scaled ratio: (1.0, 1.0)
21:20:57.911 [JavaFX Application Thread] DEBUG PrimaryStageWindow   - Scene size: 1280.0 x 720.0
21:20:57.911 [JavaFX Application Thread] DEBUG PrimaryStageWindow   - Stage size: 1294.4000244140625 x 757.5999755859375
21:20:57.915 [FXGL Background Thread 1 ] DEBUG Engine               - Initializing environment variables
21:20:57.943 [FXGL Background Thread 1 ] DEBUG FXGLAssetLoaderServi - User app class for loading assets: class Project1Game.Main
21:20:57.943 [FXGL Background Thread 1 ] DEBUG GameApplicationServi - Applying CSS: fxgl_dark.css
21:20:57.944 [FXGL Background Thread 1 ] DEBUG FXGLAssetLoaderServi - Loading from file system: jar:file:/C:/Users/Admin/.m2/repository/com/github/almasb/fxgl/25/fxgl-25.jar!/fxglassets/ui/css/fxgl_dark.css
21:20:57.976 [FXGL Background Thread 1 ] DEBUG GameApplicationServi - Initializing application scenes
21:20:58.009 [FXGL Background Thread 1 ] DEBUG GameWorld            - Game world initialized
21:20:58.040 [FXGL Background Thread 1 ] DEBUG PhysicsWorld         - Physics world initialized: appHeight=720, physics.ppm=50.0
21:20:58.040 [FXGL Background Thread 1 ] DEBUG PhysicsWorld         - Using strategy: BRUTE_FORCE
21:20:58.044 [FXGL Background Thread 1 ] DEBUG GameScene            - Game scene initialized: 1280x720
21:20:58.053 [FXGL Background Thread 1 ] DEBUG FXGL.DefaultMenu     - createMenuBodyGameMenu()
21:20:58.064 [FXGL Background Thread 1 ] DEBUG FXGL.DefaultMenu     - createOptionsMenu()
21:20:58.072 [FXGL Background Thread 1 ] DEBUG FXGLAssetLoaderServi - Loading from file system: jar:file:/C:/Users/Admin/.m2/repository/com/github/almasb/fxgl/25/fxgl-25.jar!/fxglassets/textures/particles/smoke.png
21:20:58.128 [FXGL Background Thread 1 ] DEBUG FXGLAssetLoaderServi - Loading from file system: jar:file:/C:/Users/Admin/.m2/repository/com/github/almasb/fxgl/25/fxgl-25.jar!/fxglassets/textures/particles/trace_horizontal.png
21:20:58.150 [FXGL Background Thread 1 ] DEBUG GameApplicationServi - Application scenes initialized
21:20:58.159 [FXGL Background Thread 1 ] DEBUG SystemBundleService  - Loading FXGL system data
21:20:58.160 [FXGL Background Thread 1 ] DEBUG FileSystemAccess     - Reading from: D:\GameDevelop\Project1\system\fxgl.bundle
21:20:58.161 [FXGL Background Thread 1 ] DEBUG SystemBundleService  - Bundle FXGL: {}
21:20:58.162 [FXGL Background Thread 1 ] DEBUG UpdaterService       - Checking for updates
21:20:58.187 [FXGL Background Thread 4 ] DEBUG FXGLApplication      - Loading fonts
21:20:58.187 [FXGL Background Thread 1 ] DEBUG FXGLApplication      - Loading default localization
21:20:58.189 [FXGL Background Thread 4 ] DEBUG FXGLAssetLoaderServi - Loading from file system: jar:file:/C:/Users/Admin/.m2/repository/com/github/almasb/fxgl/25/fxgl-25.jar!/fxglassets/ui/fonts/VarelaRound-Regular.ttf
21:20:58.189 [FXGL Background Thread 1 ] DEBUG FXGLAssetLoaderServi - Loading from file system: jar:file:/C:/Users/Admin/.m2/repository/com/github/almasb/fxgl/25/fxgl-25.jar!/fxglassets/languages/english.lang
21:20:58.199 [FXGL Background Thread 1 ] INFO  FXGLApplication      - FXGL initialization took: 0.284 sec
21:20:58.201 [FXGL Background Thread 4 ] DEBUG FXGLAssetLoaderServi - Loading from file system: jar:file:/C:/Users/Admin/.m2/repository/com/github/almasb/fxgl/25/fxgl-25.jar!/fxglassets/ui/fonts/Abel-Regular.ttf
21:20:58.205 [JavaFX Application Thread] DEBUG Input                - Registered new binding: Move Right - D
21:20:58.206 [JavaFX Application Thread] DEBUG Input                - Registered new binding: Move Left - A
21:20:58.206 [JavaFX Application Thread] DEBUG Input                - Registered new binding: Move Up - W
21:20:58.206 [JavaFX Application Thread] DEBUG Input                - Registered new binding: Move Down - S
21:20:58.207 [JavaFX Application Thread] DEBUG Input                - Registered new binding: action0 - I
21:20:58.207 [JavaFX Application Thread] DEBUG Input                - Registered new binding: action1 - R
21:20:58.207 [JavaFX Application Thread] DEBUG Input                - Registered new binding: action2 - F
21:20:58.207 [JavaFX Application Thread] DEBUG Input                - Registered new binding: action3 - E
21:20:58.208 [JavaFX Application Thread] DEBUG Input                - Registered new binding: action4 - 1
21:20:58.208 [JavaFX Application Thread] DEBUG Input                - Registered new binding: action5 - 2
21:20:58.208 [JavaFX Application Thread] DEBUG Input                - Registered new binding: action6 - 3
21:20:58.208 [JavaFX Application Thread] DEBUG Input                - Registered new binding: action7 - 4
21:20:58.208 [JavaFX Application Thread] DEBUG Input                - Registered new binding: action8 - 5
21:20:58.209 [JavaFX Application Thread] DEBUG Input                - Registered new binding: action9 - 6
21:20:58.209 [JavaFX Application Thread] DEBUG Input                - Registered new binding: action10 - 7
21:20:58.209 [JavaFX Application Thread] DEBUG Input                - Registered new binding: action11 - 8
21:20:58.209 [JavaFX Application Thread] DEBUG Input                - Registered new binding: action12 - 9
21:20:58.210 [JavaFX Application Thread] DEBUG Input                - Registered new binding: action13 - Q
21:20:58.210 [JavaFX Application Thread] DEBUG Input                - Registered new binding: action14 - Tab
21:20:58.210 [JavaFX Application Thread] DEBUG FXGLAssetLoaderServi - Loading from file system: jar:file:/C:/Users/Admin/.m2/repository/com/github/almasb/fxgl/25/fxgl-25.jar!/fxglassets/textures/fxgl_icon.png
21:20:58.213 [FXGL Background Thread 4 ] DEBUG FXGLAssetLoaderServi - Loading from file system: jar:file:/C:/Users/Admin/.m2/repository/com/github/almasb/fxgl/25/fxgl-25.jar!/fxglassets/ui/fonts/TerminalLandMono-Regular.otf
21:20:58.221 [FXGL Background Thread 4 ] DEBUG FXGLAssetLoaderServi - Loading from file system: jar:file:/C:/Users/Admin/.m2/repository/com/github/almasb/fxgl/25/fxgl-25.jar!/fxglassets/ui/fonts/Courier-Prime.ttf
21:20:58.222 [JavaFX Application Thread] DEBUG FXGLAssetLoaderServi - Loading from file system: jar:file:/C:/Users/Admin/.m2/repository/com/github/almasb/fxgl/25/fxgl-25.jar!/fxglassets/textures/fxgl_default_cursor.png
21:20:58.224 [JavaFX Application Thread] DEBUG Input                - Registered new binding: Screenshot - CTRL+8
21:20:58.225 [JavaFX Application Thread] DEBUG Input                - Registered new binding: Dev Options - 1
21:20:58.225 [JavaFX Application Thread] DEBUG Input                - Registered new binding: Dev Console - 2
21:20:58.225 [JavaFX Application Thread] DEBUG Input                - Registered new binding: System info dump - CTRL+9
21:20:58.225 [JavaFX Application Thread] DEBUG Input                - Registered new binding: Restart - CTRL+R
21:20:58.226 [JavaFX Application Thread] DEBUG Input                - Registered new binding: Toggle Debug Camera - CTRL+7
21:20:58.229 [JavaFX Application Thread] DEBUG LoopRunner           - Starting loop
21:20:58.238 [JavaFX Application Thread] DEBUG LoopRunner           - Initializing JavaFX AnimationTimerLoop
21:20:58.239 [JavaFX Application Thread] DEBUG GameApplicationServi - Starting new game
21:20:58.240 [JavaFX Application Thread] DEBUG Input                - Clearing active input actions
21:20:58.247 [JavaFX Application Thread] DEBUG GameApplicationServi - Removing overlay from FXGLStartupScene and adding to FXGLLoadingScene
21:20:58.249 [JavaFX Application Thread] DEBUG PrimaryStageWindow   - FXGLStartupScene -> FXGLLoadingScene
21:20:58.249 [JavaFX Application Thread] DEBUG GameApplicationServi - Clearing previous game
21:20:58.249 [JavaFX Application Thread] DEBUG GameScene            - Clearing game scene
21:20:58.249 [JavaFX Application Thread] DEBUG GameWorld            - Clearing game world
21:20:58.249 [JavaFX Application Thread] DEBUG PhysicsWorld         - Clearing physics world
21:20:58.250 [FXGL Background Thread 4 ] DEBUG FXGLApplication      - Initializing game
21:20:58.250 [JavaFX Application Thread] DEBUG FXGLApplication      - Registering font factories with UI factory
21:20:58.281 [FXGL Background Thread 4 ] WARN  TMXLevelLoader       - TiledMap generated from 1.12.0. Supported version: 1.9.0. Some features may not be parsed fully.
21:20:58.310 [FXGL Background Thread 4 ] DEBUG TMXLevelLoader       - Parsed TiledMap: file:/D:/GameDevelop/Project1/target/classes/assets/levels/Main_level.tmx
21:20:58.311 [FXGL Background Thread 4 ] DEBUG TMXLevelLoader       - Creating tile layer entities
21:20:58.313 [FXGL Background Thread 4 ] DEBUG TilesetLoader        - Loading view for layer BackgroundLayer
21:20:58.318 [FXGL Background Thread 4 ] DEBUG TilesetLoader        - Created buffer with size 3520.0x2048.0
21:20:58.371 [FXGL Background Thread 4 ] DEBUG TilesetLoader        - Loading view for layer DecorationLayer
21:20:58.374 [FXGL Background Thread 4 ] DEBUG TilesetLoader        - Created buffer with size 3520.0x2048.0
21:20:58.396 [FXGL Background Thread 4 ] WARN  TilesetLoader        - C:/Users/Admin/Downloads/download.jpg cannot be loaded using mapURL=file:/D:/GameDevelop/Project1/target/classes/assets/levels/Main_level.tmx
java.io.FileNotFoundException: D:\GameDevelop\Project1\target\classes\assets\levels\C:\Users\Admin\Downloads\download.jpg (The filename, directory name, or volume label syntax is incorrect)
	at java.base/java.io.FileInputStream.open0(Native Method)
	at java.base/java.io.FileInputStream.open(FileInputStream.java:185)
	at java.base/java.io.FileInputStream.<init>(FileInputStream.java:139)
	at java.base/java.io.FileInputStream.<init>(FileInputStream.java:109)
	at java.base/sun.net.www.protocol.file.FileURLConnection.connect(FileURLConnection.java:86)
	at java.base/sun.net.www.protocol.file.FileURLConnection.getInputStream(FileURLConnection.java:183)
	at java.base/java.net.URL.openStream(URL.java:1263)
	at com.almasb.fxgl.entity.level.tiled.TilesetLoader.loadImage(TilesetLoader.kt:429)
	at com.almasb.fxgl.entity.level.tiled.TilesetLoader.loadView(TilesetLoader.kt:134)
	at com.almasb.fxgl.entity.level.tiled.TMXLevelLoader.createTileLayerEntities$lambda$1(TMXLevelLoader.kt:99)
	at com.almasb.fxgl.entity.level.tiled.TMXLevelLoader.createTileLayerEntities$lambda$2(TMXLevelLoader.kt:88)
	at java.base/java.util.stream.ReferencePipeline$3$1.accept(ReferencePipeline.java:214)
	at java.base/java.util.ArrayList$ArrayListSpliterator.forEachRemaining(ArrayList.java:1716)
	at java.base/java.util.stream.AbstractPipeline.copyInto(AbstractPipeline.java:570)
	at java.base/java.util.stream.AbstractPipeline.wrapAndCopyInto(AbstractPipeline.java:560)
	at java.base/java.util.stream.ReduceOps$ReduceOp.evaluateSequential(ReduceOps.java:921)
	at java.base/java.util.stream.AbstractPipeline.evaluate(AbstractPipeline.java:265)
	at java.base/java.util.stream.ReferencePipeline.collect(ReferencePipeline.java:723)
	at com.almasb.fxgl.entity.level.tiled.TMXLevelLoader.createTileLayerEntities(TMXLevelLoader.kt:116)
	at com.almasb.fxgl.entity.level.tiled.TMXLevelLoader.load(TMXLevelLoader.kt:58)
	at com.almasb.fxgl.app.services.FXGLAssetLoaderService.loadLevel(FXGLAssetLoaderService.kt:449)
	at com.almasb.fxgl.dsl.FXGL$Companion.setLevelFromMap(FXGL.kt:645)
	at com.almasb.fxgl.dsl.FXGL.setLevelFromMap(FXGL.kt)
	at Project1Game.Main.initGame(Main.java:97)
	at com.almasb.fxgl.app.FXGLApplication$InitAppTask.initGame(FXGLApplication.kt:346)
	at com.almasb.fxgl.app.FXGLApplication$InitAppTask.call(FXGLApplication.kt:324)
	at com.almasb.fxgl.app.FXGLApplication$InitAppTask.call(FXGLApplication.kt:316)
	at javafx.concurrent.Task$TaskCallable.call(Task.java:1407)
	at java.base/java.util.concurrent.FutureTask.run(FutureTask.java:328)
	at java.base/java.util.concurrent.Executors$RunnableAdapter.call(Executors.java:545)
	at java.base/java.util.concurrent.FutureTask.run(FutureTask.java:328)
	at java.base/java.util.concurrent.ThreadPoolExecutor.runWorker(ThreadPoolExecutor.java:1090)
	at java.base/java.util.concurrent.ThreadPoolExecutor$Worker.run(ThreadPoolExecutor.java:614)
	at java.base/java.lang.Thread.run(Thread.java:1474)

21:20:58.501 [FXGL Background Thread 4 ] WARN  TMXLevelLoader       - Parse error
java.lang.IndexOutOfBoundsException: 0, 1792
	at com.sun.prism.Image$BaseAccessor.getIndex(Image.java:1078)
	at com.sun.prism.Image$BaseAccessor.getPixels(Image.java:1136)
	at com.sun.prism.Image.getPixels(Image.java:802)
	at javafx.scene.image.Image$2.getPixels(Image.java:1224)
	at com.sun.prism.Image$ByteAccess.setPixels(Image.java:1228)
	at com.sun.prism.Image.setPixels(Image.java:859)
	at javafx.scene.image.WritableImage$2.setPixels(WritableImage.java:268)
	at com.almasb.fxgl.entity.level.tiled.TilesetLoader.loadView(TilesetLoader.kt:174)
	at com.almasb.fxgl.entity.level.tiled.TMXLevelLoader.createTileLayerEntities$lambda$1(TMXLevelLoader.kt:99)
	at com.almasb.fxgl.entity.level.tiled.TMXLevelLoader.createTileLayerEntities$lambda$2(TMXLevelLoader.kt:88)
	at java.base/java.util.stream.ReferencePipeline$3$1.accept(ReferencePipeline.java:214)
	at java.base/java.util.ArrayList$ArrayListSpliterator.forEachRemaining(ArrayList.java:1716)
	at java.base/java.util.stream.AbstractPipeline.copyInto(AbstractPipeline.java:570)
	at java.base/java.util.stream.AbstractPipeline.wrapAndCopyInto(AbstractPipeline.java:560)
	at java.base/java.util.stream.ReduceOps$ReduceOp.evaluateSequential(ReduceOps.java:921)
	at java.base/java.util.stream.AbstractPipeline.evaluate(AbstractPipeline.java:265)
	at java.base/java.util.stream.ReferencePipeline.collect(ReferencePipeline.java:723)
	at com.almasb.fxgl.entity.level.tiled.TMXLevelLoader.createTileLayerEntities(TMXLevelLoader.kt:116)
	at com.almasb.fxgl.entity.level.tiled.TMXLevelLoader.load(TMXLevelLoader.kt:58)
	at com.almasb.fxgl.app.services.FXGLAssetLoaderService.loadLevel(FXGLAssetLoaderService.kt:449)
	at com.almasb.fxgl.dsl.FXGL$Companion.setLevelFromMap(FXGL.kt:645)
	at com.almasb.fxgl.dsl.FXGL.setLevelFromMap(FXGL.kt)
	at Project1Game.Main.initGame(Main.java:97)
	at com.almasb.fxgl.app.FXGLApplication$InitAppTask.initGame(FXGLApplication.kt:346)
	at com.almasb.fxgl.app.FXGLApplication$InitAppTask.call(FXGLApplication.kt:324)
	at com.almasb.fxgl.app.FXGLApplication$InitAppTask.call(FXGLApplication.kt:316)
	at javafx.concurrent.Task$TaskCallable.call(Task.java:1407)
	at java.base/java.util.concurrent.FutureTask.run(FutureTask.java:328)
	at java.base/java.util.concurrent.Executors$RunnableAdapter.call(Executors.java:545)
	at java.base/java.util.concurrent.FutureTask.run(FutureTask.java:328)
	at java.base/java.util.concurrent.ThreadPoolExecutor.runWorker(ThreadPoolExecutor.java:1090)
	at java.base/java.util.concurrent.ThreadPoolExecutor$Worker.run(ThreadPoolExecutor.java:614)
	at java.base/java.lang.Thread.run(Thread.java:1474)

21:20:58.504 [JavaFX Application Thread] DEBUG LoopRunner           - Stopping loop
21:20:58.505 [JavaFX Application Thread] FATAL FXGLApplication      - Uncaught Exception:
java.lang.RuntimeException: Initialization failed
	at com.almasb.fxgl.app.FXGLApplication$InitAppTask.failed(FXGLApplication.kt:350)
	at javafx.concurrent.Task.setState(Task.java:709)
	at javafx.concurrent.Task$TaskCallable.lambda$call$2(Task.java:1437)
	at com.sun.javafx.application.PlatformImpl.lambda$runLater$0(PlatformImpl.java:424)
	at com.sun.glass.ui.InvokeLaterDispatcher$Future.run(InvokeLaterDispatcher.java:95)
	at com.sun.glass.ui.win.WinApplication._runLoop(Native Method)
	at com.sun.glass.ui.win.WinApplication.lambda$runLoop$0(WinApplication.java:168)
	at java.base/java.lang.Thread.run(Thread.java:1474)
Caused by: com.almasb.fxgl.entity.level.LevelLoadingException: 0, 1792
	at com.almasb.fxgl.entity.level.tiled.TMXLevelLoader.load(TMXLevelLoader.kt:77)
	at com.almasb.fxgl.app.services.FXGLAssetLoaderService.loadLevel(FXGLAssetLoaderService.kt:449)
	at com.almasb.fxgl.dsl.FXGL$Companion.setLevelFromMap(FXGL.kt:645)
	at com.almasb.fxgl.dsl.FXGL.setLevelFromMap(FXGL.kt)
	at Project1Game.Main.initGame(Main.java:97)
	at com.almasb.fxgl.app.FXGLApplication$InitAppTask.initGame(FXGLApplication.kt:346)
	at com.almasb.fxgl.app.FXGLApplication$InitAppTask.call(FXGLApplication.kt:324)
	at com.almasb.fxgl.app.FXGLApplication$InitAppTask.call(FXGLApplication.kt:316)
	at javafx.concurrent.Task$TaskCallable.call(Task.java:1407)
	at java.base/java.util.concurrent.FutureTask.run(FutureTask.java:328)
	at java.base/java.util.concurrent.Executors$RunnableAdapter.call(Executors.java:545)
	at java.base/java.util.concurrent.FutureTask.run(FutureTask.java:328)
	at java.base/java.util.concurrent.ThreadPoolExecutor.runWorker(ThreadPoolExecutor.java:1090)
	at java.base/java.util.concurrent.ThreadPoolExecutor$Worker.run(ThreadPoolExecutor.java:614)
	... 1 more
Caused by: java.lang.IndexOutOfBoundsException: 0, 1792
	at com.sun.prism.Image$BaseAccessor.getIndex(Image.java:1078)
	at com.sun.prism.Image$BaseAccessor.getPixels(Image.java:1136)
	at com.sun.prism.Image.getPixels(Image.java:802)
	at javafx.scene.image.Image$2.getPixels(Image.java:1224)
	at com.sun.prism.Image$ByteAccess.setPixels(Image.java:1228)
	at com.sun.prism.Image.setPixels(Image.java:859)
	at javafx.scene.image.WritableImage$2.setPixels(WritableImage.java:268)
	at com.almasb.fxgl.entity.level.tiled.TilesetLoader.loadView(TilesetLoader.kt:174)
	at com.almasb.fxgl.entity.level.tiled.TMXLevelLoader.createTileLayerEntities$lambda$1(TMXLevelLoader.kt:99)
	at com.almasb.fxgl.entity.level.tiled.TMXLevelLoader.createTileLayerEntities$lambda$2(TMXLevelLoader.kt:88)
	at java.base/java.util.stream.ReferencePipeline$3$1.accept(ReferencePipeline.java:214)
	at java.base/java.util.ArrayList$ArrayListSpliterator.forEachRemaining(ArrayList.java:1716)
	at java.base/java.util.stream.AbstractPipeline.copyInto(AbstractPipeline.java:570)
	at java.base/java.util.stream.AbstractPipeline.wrapAndCopyInto(AbstractPipeline.java:560)
	at java.base/java.util.stream.ReduceOps$ReduceOp.evaluateSequential(ReduceOps.java:921)
	at java.base/java.util.stream.AbstractPipeline.evaluate(AbstractPipeline.java:265)
	at java.base/java.util.stream.ReferencePipeline.collect(ReferencePipeline.java:723)
	at com.almasb.fxgl.entity.level.tiled.TMXLevelLoader.createTileLayerEntities(TMXLevelLoader.kt:116)
	at com.almasb.fxgl.entity.level.tiled.TMXLevelLoader.load(TMXLevelLoader.kt:58)
	... 14 more

21:20:58.505 [JavaFX Application Thread] FATAL FXGLApplication      - Application will now exit
21:20:58.511 [JavaFX Application Thread] DEBUG PrimaryStageWindow   - Push state: ErrorSubScene
21:20:58.511 [JavaFX Application Thread] DEBUG Input                - Clearing active input actions
21:20:58.512 [JavaFX Application Thread] DEBUG GameApplicationServi - Removing overlay from FXGLLoadingScene and adding to ErrorSubScene
21:20:58.514 [JavaFX Application Thread] DEBUG PrimaryStageWindow   - FXGLLoadingScene -> ErrorSubScene
21:21:01.188 [FXGL Background Thread 3 ] DEBUG Engine               - Logging environment variables
21:21:01.188 [FXGL Background Thread 3 ] DEBUG Engine               - achievements: []
21:21:01.188 [FXGL Background Thread 3 ] DEBUG Engine               - actualHeight: 720.0
21:21:01.188 [FXGL Background Thread 3 ] DEBUG Engine               - actualHeightProperty: ReadOnlyDoubleProperty [value: 720.0]
21:21:01.188 [FXGL Background Thread 3 ] DEBUG Engine               - actualWidth: 1280.0
21:21:01.188 [FXGL Background Thread 3 ] DEBUG Engine               - actualWidthProperty: ReadOnlyDoubleProperty [value: 1280.0]
21:21:01.188 [FXGL Background Thread 3 ] DEBUG Engine               - appIcon: fxgl_icon.png
21:21:01.188 [FXGL Background Thread 3 ] DEBUG Engine               - applicationMode: DEVELOPER
21:21:01.189 [FXGL Background Thread 3 ] DEBUG Engine               - cSSList: [fxgl_dark.css]
21:21:01.189 [FXGL Background Thread 3 ] DEBUG Engine               - collisionDetectionStrategy: BRUTE_FORCE
21:21:01.189 [FXGL Background Thread 3 ] DEBUG Engine               - configClass: Optional.empty
21:21:01.189 [FXGL Background Thread 3 ] DEBUG Engine               - credits: []
21:21:01.189 [FXGL Background Thread 3 ] DEBUG Engine               - defaultCursor: CursorInfo(imageName=fxgl_default_cursor.png, hotspotX=7.0, hotspotY=6.0)
21:21:01.189 [FXGL Background Thread 3 ] DEBUG Engine               - devBBoxColorProperty: ObjectProperty [value: 0xff0000ff]
21:21:01.189 [FXGL Background Thread 3 ] DEBUG Engine               - devEnableDebugCameraProperty: BooleanProperty [value: false]
21:21:01.189 [FXGL Background Thread 3 ] DEBUG Engine               - devSensorColorProperty: ObjectProperty [value: 0xffff00ff]
21:21:01.189 [FXGL Background Thread 3 ] DEBUG Engine               - devShowBBoxProperty: BooleanProperty [value: false]
21:21:01.189 [FXGL Background Thread 3 ] DEBUG Engine               - devShowPositionProperty: BooleanProperty [value: false]
21:21:01.189 [FXGL Background Thread 3 ] DEBUG Engine               - enabledMenuItems: []
21:21:01.189 [FXGL Background Thread 3 ] DEBUG Engine               - engineServices: [class com.almasb.fxgl.app.services.FXGLAssetLoaderService, class com.almasb.fxgl.app.FXGLApplication$GameApplicationService, class com.almasb.fxgl.app.services.FXGLDialogService, class com.almasb.fxgl.app.services.IOTaskExecutorService, class com.almasb.fxgl.io.FileSystemService, class com.almasb.fxgl.localization.LocalizationService, class com.almasb.fxgl.app.services.SystemBundleService, class com.almasb.fxgl.profile.SaveLoadService, class com.almasb.fxgl.ui.FXGLUIFactoryServiceProvider, class com.almasb.fxgl.ui.FXGLDialogFactoryServiceProvider, class com.almasb.fxgl.audio.AudioPlayer, class com.almasb.fxgl.notification.impl.NotificationServiceProvider, class com.almasb.fxgl.achievement.AchievementService, class com.almasb.fxgl.cutscene.CutsceneService, class com.almasb.fxgl.minigames.MiniGameService, class com.almasb.fxgl.net.NetService, class com.almasb.fxgl.app.services.UpdaterService, class com.almasb.fxgl.dev.DevService]
21:21:01.189 [FXGL Background Thread 3 ] DEBUG Engine               - fontGame: Abel-Regular.ttf
21:21:01.189 [FXGL Background Thread 3 ] DEBUG Engine               - fontMono: TerminalLandMono-Regular.otf
21:21:01.189 [FXGL Background Thread 3 ] DEBUG Engine               - fontSizeScaleUI: 1.0
21:21:01.189 [FXGL Background Thread 3 ] DEBUG Engine               - fontText: Courier-Prime.ttf
21:21:01.189 [FXGL Background Thread 3 ] DEBUG Engine               - fontUI: VarelaRound-Regular.ttf
21:21:01.189 [FXGL Background Thread 3 ] DEBUG Engine               - fpsRefreshRate: 500.0 ms
21:21:01.189 [FXGL Background Thread 3 ] DEBUG Engine               - fullScreen: BooleanProperty [value: false]
21:21:01.189 [FXGL Background Thread 3 ] DEBUG Engine               - gameDifficulty: MEDIUM
21:21:01.189 [FXGL Background Thread 3 ] DEBUG Engine               - gameDifficultyProperty: ObjectProperty [value: MEDIUM]
21:21:01.189 [FXGL Background Thread 3 ] DEBUG Engine               - globalMusicVolume: 0.5
21:21:01.189 [FXGL Background Thread 3 ] DEBUG Engine               - globalMusicVolumeProperty: DoubleProperty [value: 0.5]
21:21:01.189 [FXGL Background Thread 3 ] DEBUG Engine               - globalSoundVolume: 0.5
21:21:01.189 [FXGL Background Thread 3 ] DEBUG Engine               - globalSoundVolumeProperty: DoubleProperty [value: 0.5]
21:21:01.189 [FXGL Background Thread 3 ] DEBUG Engine               - height: 720
21:21:01.189 [FXGL Background Thread 3 ] DEBUG Engine               - is3D: false
21:21:01.189 [FXGL Background Thread 3 ] DEBUG Engine               - isAndroid: false
21:21:01.189 [FXGL Background Thread 3 ] DEBUG Engine               - isBrowser: false
21:21:01.189 [FXGL Background Thread 3 ] DEBUG Engine               - isClickFeedbackEnabled: false
21:21:01.190 [FXGL Background Thread 3 ] DEBUG Engine               - isCloseConfirmation: false
21:21:01.190 [FXGL Background Thread 3 ] DEBUG Engine               - isDesktop: true
21:21:01.190 [FXGL Background Thread 3 ] DEBUG Engine               - isDeveloperMenuEnabled: true
21:21:01.190 [FXGL Background Thread 3 ] DEBUG Engine               - isEmbedded: false
21:21:01.190 [FXGL Background Thread 3 ] DEBUG Engine               - isEntityPreloadEnabled: true
21:21:01.190 [FXGL Background Thread 3 ] DEBUG Engine               - isExperimentalTiledLargeMap: false
21:21:01.190 [FXGL Background Thread 3 ] DEBUG Engine               - isFileSystemWriteAllowed: true
21:21:01.190 [FXGL Background Thread 3 ] DEBUG Engine               - isFullScreenAllowed: false
21:21:01.190 [FXGL Background Thread 3 ] DEBUG Engine               - isFullScreenFromStart: false
21:21:01.190 [FXGL Background Thread 3 ] DEBUG Engine               - isGameMenuEnabled: true
21:21:01.190 [FXGL Background Thread 3 ] DEBUG Engine               - isIOS: false
21:21:01.190 [FXGL Background Thread 3 ] DEBUG Engine               - isIntroEnabled: false
21:21:01.190 [FXGL Background Thread 3 ] DEBUG Engine               - isLinux: false
21:21:01.190 [FXGL Background Thread 3 ] DEBUG Engine               - isMac: false
21:21:01.190 [FXGL Background Thread 3 ] DEBUG Engine               - isMainMenuEnabled: false
21:21:01.190 [FXGL Background Thread 3 ] DEBUG Engine               - isManualResizeEnabled: false
21:21:01.190 [FXGL Background Thread 3 ] DEBUG Engine               - isMobile: false
21:21:01.190 [FXGL Background Thread 3 ] DEBUG Engine               - isNative: false
21:21:01.190 [FXGL Background Thread 3 ] DEBUG Engine               - isPauseMusicWhenMinimized: true
21:21:01.190 [FXGL Background Thread 3 ] DEBUG Engine               - isPreserveResizeRatio: false
21:21:01.190 [FXGL Background Thread 3 ] DEBUG Engine               - isProfilingEnabled: false
21:21:01.190 [FXGL Background Thread 3 ] DEBUG Engine               - isScaleAffectedOnResize: true
21:21:01.190 [FXGL Background Thread 3 ] DEBUG Engine               - isSingleStep: false
21:21:01.190 [FXGL Background Thread 3 ] DEBUG Engine               - isUserProfileEnabled: false
21:21:01.190 [FXGL Background Thread 3 ] DEBUG Engine               - isWindows: true
21:21:01.190 [FXGL Background Thread 3 ] DEBUG Engine               - language: ObjectProperty [value: ENGLISH]
21:21:01.190 [FXGL Background Thread 3 ] DEBUG Engine               - menuKey: ESCAPE
21:21:01.190 [FXGL Background Thread 3 ] DEBUG Engine               - mouseSensitivity: 0.2
21:21:01.190 [FXGL Background Thread 3 ] DEBUG Engine               - notificationViewClass: class com.almasb.fxgl.notification.view.XboxNotificationView
21:21:01.190 [FXGL Background Thread 3 ] DEBUG Engine               - pixelsPerMeter: 50.0
21:21:01.190 [FXGL Background Thread 3 ] DEBUG Engine               - platform: WINDOWS
21:21:01.190 [FXGL Background Thread 3 ] DEBUG Engine               - prefHeightProperty: ReadOnlyDoubleProperty [value: 720.0]
21:21:01.190 [FXGL Background Thread 3 ] DEBUG Engine               - prefWidthProperty: ReadOnlyDoubleProperty [value: 1280.0]
21:21:01.190 [FXGL Background Thread 3 ] DEBUG Engine               - profileDir: profiles/
21:21:01.190 [FXGL Background Thread 3 ] DEBUG Engine               - profileName: StringProperty [value: DEFAULT]
21:21:01.190 [FXGL Background Thread 3 ] DEBUG Engine               - randomSeed: -1
21:21:01.190 [FXGL Background Thread 3 ] DEBUG Engine               - runtimeInfo: RuntimeInfo(platform=WINDOWS, version=25, build=05.02.2026 22.57)
21:21:01.190 [FXGL Background Thread 3 ] DEBUG Engine               - saveFileExt: sav
21:21:01.190 [FXGL Background Thread 3 ] DEBUG Engine               - scaledHeightProp$fxgl: DoubleProperty [bound, value: 720.0]
21:21:01.190 [FXGL Background Thread 3 ] DEBUG Engine               - scaledWidthProp$fxgl: DoubleProperty [bound, value: 1280.0]
21:21:01.190 [FXGL Background Thread 3 ] DEBUG Engine               - sceneFactory: com.almasb.fxgl.app.scene.SceneFactory@7217cffc
21:21:01.190 [FXGL Background Thread 3 ] DEBUG Engine               - secondsIn24h: 60
21:21:01.190 [FXGL Background Thread 3 ] DEBUG Engine               - soundMenuBack: menu/back.wav
21:21:01.190 [FXGL Background Thread 3 ] DEBUG Engine               - soundMenuPress: menu/press.wav
21:21:01.190 [FXGL Background Thread 3 ] DEBUG Engine               - soundMenuSelect: menu/select.wav
21:21:01.190 [FXGL Background Thread 3 ] DEBUG Engine               - soundNotification: core/notification.wav
21:21:01.190 [FXGL Background Thread 3 ] DEBUG Engine               - stageStyle: DECORATED
21:21:01.190 [FXGL Background Thread 3 ] DEBUG Engine               - supportedLanguages: [ENGLISH, FRENCH, GERMAN, HUNGARIAN, RUSSIAN]
21:21:01.190 [FXGL Background Thread 3 ] DEBUG Engine               - ticksPerSecond: -1
21:21:01.190 [FXGL Background Thread 3 ] DEBUG Engine               - title: Untitled
21:21:01.190 [FXGL Background Thread 3 ] DEBUG Engine               - urlGithub: https://github.com/AlmasB/FXGL
21:21:01.190 [FXGL Background Thread 3 ] DEBUG Engine               - urlLeaderboard: http://fxgl-top.herokuapp.com/
21:21:01.190 [FXGL Background Thread 3 ] DEBUG Engine               - urlPOM: https://raw.githubusercontent.com/AlmasB/FXGL/release/README.md
21:21:01.190 [FXGL Background Thread 3 ] DEBUG Engine               - userAppClass: class Project1Game.Main
21:21:01.190 [FXGL Background Thread 3 ] DEBUG Engine               - version: 0.0
21:21:01.190 [FXGL Background Thread 3 ] DEBUG Engine               - versionCheckDays: 7
21:21:01.190 [FXGL Background Thread 3 ] DEBUG Engine               - width: 1280
21:21:01.190 [FXGL Background Thread 3 ] DEBUG Engine               - Logging services
21:21:01.190 [FXGL Background Thread 3 ] DEBUG Engine               - class com.almasb.fxgl.app.services.FXGLAssetLoaderService
21:21:01.190 [FXGL Background Thread 3 ] DEBUG Engine               - class com.almasb.fxgl.app.FXGLApplication$GameApplicationService
21:21:01.190 [FXGL Background Thread 3 ] DEBUG Engine               - class com.almasb.fxgl.app.services.FXGLDialogService
21:21:01.190 [FXGL Background Thread 3 ] DEBUG Engine               - class com.almasb.fxgl.app.services.IOTaskExecutorService
21:21:01.190 [FXGL Background Thread 3 ] DEBUG Engine               - class com.almasb.fxgl.io.FileSystemService
21:21:01.190 [FXGL Background Thread 3 ] DEBUG Engine               - class com.almasb.fxgl.localization.LocalizationService
21:21:01.190 [FXGL Background Thread 3 ] DEBUG Engine               - class com.almasb.fxgl.app.services.SystemBundleService
21:21:01.190 [FXGL Background Thread 3 ] DEBUG Engine               - class com.almasb.fxgl.profile.SaveLoadService
21:21:01.190 [FXGL Background Thread 3 ] DEBUG Engine               - class com.almasb.fxgl.ui.FXGLUIFactoryServiceProvider
21:21:01.190 [FXGL Background Thread 3 ] DEBUG Engine               - class com.almasb.fxgl.ui.FXGLDialogFactoryServiceProvider
21:21:01.190 [FXGL Background Thread 3 ] DEBUG Engine               - class com.almasb.fxgl.audio.AudioPlayer
21:21:01.190 [FXGL Background Thread 3 ] DEBUG Engine               - class com.almasb.fxgl.notification.impl.NotificationServiceProvider
21:21:01.190 [FXGL Background Thread 3 ] DEBUG Engine               - class com.almasb.fxgl.achievement.AchievementService
21:21:01.190 [FXGL Background Thread 3 ] DEBUG Engine               - class com.almasb.fxgl.cutscene.CutsceneService
21:21:01.190 [FXGL Background Thread 3 ] DEBUG Engine               - class com.almasb.fxgl.minigames.MiniGameService
21:21:01.190 [FXGL Background Thread 3 ] DEBUG Engine               - class com.almasb.fxgl.net.NetService
21:21:01.190 [FXGL Background Thread 3 ] DEBUG Engine               - class com.almasb.fxgl.app.services.UpdaterService
21:21:01.190 [FXGL Background Thread 3 ] DEBUG Engine               - class com.almasb.fxgl.dev.DevService
21:21:18.953 [JavaFX Application Thread] DEBUG FXGLApplication      - Exiting FXGL
21:21:18.953 [JavaFX Application Thread] DEBUG Async                - Shutting down background threads
21:21:18.954 [JavaFX Application Thread] DEBUG PrimaryStageWindow   - Closing main window
21:21:18.965 [JavaFX Application Thread] DEBUG Logger               - Closing Logger
