23:43:50.386 [main                     ] DEBUG Logger               - Configured Logger
23:43:50.391 [main                     ] DEBUG GameApplication      - Logging settings
Title: Untitled
Version: 0.0
Width: 1920
Height: 1080
Fullscreen: true
Intro: false
Profiling: false
Single step:false
App Mode: DEVELOPER
Menu Key: ESCAPE
Stage Style: DECORATED
Scene Factory: class com.almasb.fxgl.app.scene.SceneFactory

23:43:50.846 [JavaFX Application Thread] DEBUG FXGLApplication      - Initializing FXGL
23:43:50.851 [JavaFX Application Thread] INFO  Engine               - FXGL-25 (05.02.2026 22.57) on WINDOWS (J:25.0.1 FX:25.0.1)
23:43:50.851 [JavaFX Application Thread] DEBUG Engine               - JRE Vendor Name: Oracle Corporation
23:43:50.851 [JavaFX Application Thread] DEBUG Engine               - Running on OS: Windows 11 version 10.0
23:43:50.851 [JavaFX Application Thread] DEBUG Engine               - Architecture: amd64
23:43:50.851 [JavaFX Application Thread] INFO  Engine               - Source code and latest versions at: https://github.com/AlmasB/FXGL
23:43:50.851 [JavaFX Application Thread] INFO  Engine               -       Ask questions and discuss at: https://github.com/AlmasB/FXGL/discussions
23:43:50.963 [JavaFX Application Thread] DEBUG PrimaryStageWindow   - Creating a JavaFX scene
23:43:50.963 [JavaFX Application Thread] DEBUG PrimaryStageWindow   - Target size > screen size
23:43:51.018 [JavaFX Application Thread] DEBUG PrimaryStageWindow   - Target settings size: 1920.0 x 1080.0
23:43:51.018 [JavaFX Application Thread] DEBUG PrimaryStageWindow   - Scaled scene size:    1511.0 x 864.0
23:43:51.018 [JavaFX Application Thread] DEBUG PrimaryStageWindow   - Scaled ratio: (0.7869791666666667, 0.8)
23:43:51.019 [JavaFX Application Thread] DEBUG PrimaryStageWindow   - Set initial scene to FXGLStartupScene
23:43:51.024 [JavaFX Application Thread] DEBUG PrimaryStageWindow   - Opening main window
23:43:51.336 [JavaFX Application Thread] DEBUG PrimaryStageWindow   - Window border size: (14.5999755859375, 37.5999755859375)
23:43:51.337 [JavaFX Application Thread] DEBUG PrimaryStageWindow   - Scaled size: 1511.0 x 864.0
23:43:51.337 [JavaFX Application Thread] DEBUG PrimaryStageWindow   - Scaled ratio: (0.7869791666666667, 0.8)
23:43:51.337 [JavaFX Application Thread] DEBUG PrimaryStageWindow   - Scene size: 1511.0 x 864.0
23:43:51.337 [JavaFX Application Thread] DEBUG PrimaryStageWindow   - Stage size: 1525.5999755859375 x 901.5999755859375
23:43:51.428 [JavaFX Application Thread] DEBUG PrimaryStageWindow   - Going fullscreen
23:43:51.435 [FXGL Background Thread 1 ] DEBUG Engine               - Initializing environment variables
23:43:51.478 [FXGL Background Thread 1 ] DEBUG FXGLAssetLoaderServi - User app class for loading assets: class Project1Game.Main
23:43:51.478 [FXGL Background Thread 1 ] DEBUG GameApplicationServi - Applying CSS: fxgl_dark.css
23:43:51.479 [FXGL Background Thread 1 ] DEBUG FXGLAssetLoaderServi - Loading from file system: jar:file:/C:/Users/Admin/.m2/repository/com/github/almasb/fxgl/25/fxgl-25.jar!/fxglassets/ui/css/fxgl_dark.css
23:43:51.525 [FXGL Background Thread 1 ] DEBUG GameApplicationServi - Initializing application scenes
23:43:51.569 [FXGL Background Thread 1 ] DEBUG GameWorld            - Game world initialized
23:43:51.613 [FXGL Background Thread 1 ] DEBUG PhysicsWorld         - Physics world initialized: appHeight=1080, physics.ppm=50.0
23:43:51.613 [FXGL Background Thread 1 ] DEBUG PhysicsWorld         - Using strategy: BRUTE_FORCE
23:43:51.617 [FXGL Background Thread 1 ] DEBUG GameScene            - Game scene initialized: 1920x1080
23:43:51.631 [FXGL Background Thread 1 ] DEBUG FXGL.DefaultMenu     - createMenuBodyGameMenu()
23:43:51.648 [FXGL Background Thread 1 ] DEBUG FXGL.DefaultMenu     - createOptionsMenu()
23:43:51.656 [FXGL Background Thread 1 ] DEBUG FXGLAssetLoaderServi - Loading from file system: jar:file:/C:/Users/Admin/.m2/repository/com/github/almasb/fxgl/25/fxgl-25.jar!/fxglassets/textures/particles/smoke.png
23:43:51.728 [FXGL Background Thread 1 ] DEBUG FXGLAssetLoaderServi - Loading from file system: jar:file:/C:/Users/Admin/.m2/repository/com/github/almasb/fxgl/25/fxgl-25.jar!/fxglassets/textures/particles/trace_horizontal.png
23:43:51.760 [FXGL Background Thread 1 ] DEBUG GameApplicationServi - Application scenes initialized
23:43:51.770 [FXGL Background Thread 1 ] DEBUG SystemBundleService  - Loading FXGL system data
23:43:51.771 [FXGL Background Thread 1 ] DEBUG FileSystemAccess     - Reading from: D:\GameDevelop\Project1\system\fxgl.bundle
23:43:51.773 [FXGL Background Thread 1 ] DEBUG SystemBundleService  - Bundle FXGL: {}
23:43:51.773 [FXGL Background Thread 1 ] DEBUG UpdaterService       - Checking for updates
23:43:51.803 [FXGL Background Thread 4 ] DEBUG FXGLApplication      - Loading fonts
23:43:51.804 [FXGL Background Thread 1 ] DEBUG FXGLApplication      - Loading default localization
23:43:51.804 [FXGL Background Thread 4 ] DEBUG FXGLAssetLoaderServi - Loading from file system: jar:file:/C:/Users/Admin/.m2/repository/com/github/almasb/fxgl/25/fxgl-25.jar!/fxglassets/ui/fonts/VarelaRound-Regular.ttf
23:43:51.804 [FXGL Background Thread 1 ] DEBUG FXGLAssetLoaderServi - Loading from file system: jar:file:/C:/Users/Admin/.m2/repository/com/github/almasb/fxgl/25/fxgl-25.jar!/fxglassets/languages/english.lang
23:43:51.811 [FXGL Background Thread 4 ] DEBUG FXGLAssetLoaderServi - Loading from file system: jar:file:/C:/Users/Admin/.m2/repository/com/github/almasb/fxgl/25/fxgl-25.jar!/fxglassets/ui/fonts/Abel-Regular.ttf
23:43:51.814 [FXGL Background Thread 4 ] DEBUG FXGLAssetLoaderServi - Loading from file system: jar:file:/C:/Users/Admin/.m2/repository/com/github/almasb/fxgl/25/fxgl-25.jar!/fxglassets/ui/fonts/TerminalLandMono-Regular.otf
23:43:51.816 [FXGL Background Thread 1 ] INFO  FXGLApplication      - FXGL initialization took: 0.381 sec
23:43:51.817 [FXGL Background Thread 4 ] DEBUG FXGLAssetLoaderServi - Loading from file system: jar:file:/C:/Users/Admin/.m2/repository/com/github/almasb/fxgl/25/fxgl-25.jar!/fxglassets/ui/fonts/Courier-Prime.ttf
23:43:51.823 [JavaFX Application Thread] DEBUG Input                - Registered new binding: Move Right - D
23:43:51.824 [JavaFX Application Thread] DEBUG Input                - Registered new binding: Move Left - A
23:43:51.824 [JavaFX Application Thread] DEBUG Input                - Registered new binding: Move Up - W
23:43:51.824 [JavaFX Application Thread] DEBUG Input                - Registered new binding: Move Down - S
23:43:51.824 [JavaFX Application Thread] DEBUG Input                - Registered new binding: action0 - F
23:43:51.825 [JavaFX Application Thread] DEBUG Input                - Registered new binding: action1 - E
23:43:51.825 [JavaFX Application Thread] DEBUG FXGLAssetLoaderServi - Loading from file system: jar:file:/C:/Users/Admin/.m2/repository/com/github/almasb/fxgl/25/fxgl-25.jar!/fxglassets/textures/fxgl_icon.png
23:43:51.843 [JavaFX Application Thread] DEBUG FXGLAssetLoaderServi - Loading from file system: jar:file:/C:/Users/Admin/.m2/repository/com/github/almasb/fxgl/25/fxgl-25.jar!/fxglassets/textures/fxgl_default_cursor.png
23:43:51.846 [JavaFX Application Thread] DEBUG Input                - Registered new binding: Screenshot - CTRL+8
23:43:51.846 [JavaFX Application Thread] DEBUG Input                - Registered new binding: Dev Options - 1
23:43:51.846 [JavaFX Application Thread] DEBUG Input                - Registered new binding: Dev Console - 2
23:43:51.847 [JavaFX Application Thread] DEBUG Input                - Registered new binding: System info dump - CTRL+9
23:43:51.847 [JavaFX Application Thread] DEBUG Input                - Registered new binding: Restart - CTRL+R
23:43:51.848 [JavaFX Application Thread] DEBUG Input                - Registered new binding: Toggle Debug Camera - CTRL+7
23:43:51.851 [JavaFX Application Thread] DEBUG LoopRunner           - Starting loop
23:43:51.863 [JavaFX Application Thread] DEBUG LoopRunner           - Initializing JavaFX AnimationTimerLoop
23:43:51.865 [JavaFX Application Thread] DEBUG GameApplicationServi - Starting new game
23:43:51.866 [JavaFX Application Thread] DEBUG Input                - Clearing active input actions
23:43:51.876 [JavaFX Application Thread] DEBUG GameApplicationServi - Removing overlay from FXGLStartupScene and adding to FXGLLoadingScene
23:43:51.879 [JavaFX Application Thread] DEBUG PrimaryStageWindow   - FXGLStartupScene -> FXGLLoadingScene
23:43:51.879 [JavaFX Application Thread] DEBUG GameApplicationServi - Clearing previous game
23:43:51.879 [JavaFX Application Thread] DEBUG GameScene            - Clearing game scene
23:43:51.879 [JavaFX Application Thread] DEBUG GameWorld            - Clearing game world
23:43:51.879 [JavaFX Application Thread] DEBUG PhysicsWorld         - Clearing physics world
23:43:51.881 [FXGL Background Thread 4 ] DEBUG FXGLApplication      - Initializing game
23:43:51.882 [JavaFX Application Thread] DEBUG FXGLApplication      - Registering font factories with UI factory
23:43:51.891 [FXGL Background Thread 4 ] WARN  FXGLAssetLoaderServi - Asset "/assets/textures/java.awt.Rectangle[x=0,y=0,width=0,height=0]" was not found!
23:43:51.891 [FXGL Background Thread 4 ] WARN  FXGLAssetLoaderServi - Failed to load IMAGE
23:43:52.167 [FXGL Background Thread 4 ] WARN  TMXLevelLoader       - TiledMap generated from 1.12.0. Supported version: 1.9.0. Some features may not be parsed fully.
23:43:52.189 [FXGL Background Thread 4 ] DEBUG TMXLevelLoader       - Parsed TiledMap: file:/D:/GameDevelop/Project1/target/classes/assets/levels/level2.tmx
23:43:52.191 [FXGL Background Thread 4 ] DEBUG TMXLevelLoader       - Creating tile layer entities
23:43:52.193 [FXGL Background Thread 4 ] DEBUG TilesetLoader        - Loading view for layer Ground
23:43:52.193 [FXGL Background Thread 4 ] DEBUG TilesetLoader        - Created buffer with size 1920.0x1088.0
23:43:52.220 [FXGL Background Thread 4 ] DEBUG TilesetLoader        - Loading view for layer Ground_deco
23:43:52.221 [FXGL Background Thread 4 ] DEBUG TilesetLoader        - Created buffer with size 1920.0x1088.0
23:43:52.225 [FXGL Background Thread 4 ] DEBUG TilesetLoader        - Loading view for layer Dirt_deco
23:43:52.225 [FXGL Background Thread 4 ] DEBUG TilesetLoader        - Created buffer with size 1920.0x1088.0
23:43:52.227 [FXGL Background Thread 4 ] DEBUG TilesetLoader        - Loading view for layer Water
23:43:52.231 [FXGL Background Thread 4 ] DEBUG TilesetLoader        - Created buffer with size 1920.0x1088.0
23:43:52.233 [FXGL Background Thread 4 ] DEBUG TilesetLoader        - Loading view for layer FloatDeco
23:43:52.235 [FXGL Background Thread 4 ] DEBUG TilesetLoader        - Created buffer with size 1920.0x1088.0
23:43:52.236 [FXGL Background Thread 4 ] DEBUG TMXLevelLoader       - Creating object layer entities
23:43:52.238 [FXGL Background Thread 4 ] DEBUG FXGLAssetLoaderServi - Loading from file system: file:/D:/GameDevelop/Project1/target/classes/assets/textures/Player.png
23:43:52.247 [FXGL Background Thread 4 ] DEBUG GameWorld            - Clearing removable entities
23:43:52.247 [FXGL Background Thread 4 ] DEBUG GameWorld            - Setting level: com.almasb.fxgl.entity.level.Level@7222539c
23:43:52.252 [FXGL Background Thread 4 ] INFO  FXGLApplication      - Game initialization took: 0.370 sec
23:43:52.253 [JavaFX Application Thread] DEBUG Input                - Clearing active input actions
23:43:52.260 [JavaFX Application Thread] DEBUG GameApplicationServi - Removing overlay from FXGLLoadingScene and adding to GameScene
23:43:52.265 [JavaFX Application Thread] DEBUG PrimaryStageWindow   - FXGLLoadingScene -> GameScene
23:43:54.805 [FXGL Background Thread 3 ] DEBUG Engine               - Logging environment variables
23:43:54.805 [FXGL Background Thread 3 ] DEBUG Engine               - achievements: []
23:43:54.805 [FXGL Background Thread 3 ] DEBUG Engine               - actualHeight: 864.0
23:43:54.805 [FXGL Background Thread 3 ] DEBUG Engine               - actualHeightProperty: ReadOnlyDoubleProperty [value: 864.0]
23:43:54.805 [FXGL Background Thread 3 ] DEBUG Engine               - actualWidth: 1536.0
23:43:54.805 [FXGL Background Thread 3 ] DEBUG Engine               - actualWidthProperty: ReadOnlyDoubleProperty [value: 1536.0]
23:43:54.806 [FXGL Background Thread 3 ] DEBUG Engine               - appIcon: fxgl_icon.png
23:43:54.806 [FXGL Background Thread 3 ] DEBUG Engine               - applicationMode: DEVELOPER
23:43:54.806 [FXGL Background Thread 3 ] DEBUG Engine               - cSSList: [fxgl_dark.css]
23:43:54.806 [FXGL Background Thread 3 ] DEBUG Engine               - collisionDetectionStrategy: BRUTE_FORCE
23:43:54.806 [FXGL Background Thread 3 ] DEBUG Engine               - configClass: Optional.empty
23:43:54.806 [FXGL Background Thread 3 ] DEBUG Engine               - credits: []
23:43:54.806 [FXGL Background Thread 3 ] DEBUG Engine               - defaultCursor: CursorInfo(imageName=fxgl_default_cursor.png, hotspotX=7.0, hotspotY=6.0)
23:43:54.806 [FXGL Background Thread 3 ] DEBUG Engine               - devBBoxColorProperty: ObjectProperty [value: 0xff0000ff]
23:43:54.806 [FXGL Background Thread 3 ] DEBUG Engine               - devEnableDebugCameraProperty: BooleanProperty [value: false]
23:43:54.806 [FXGL Background Thread 3 ] DEBUG Engine               - devSensorColorProperty: ObjectProperty [value: 0xffff00ff]
23:43:54.806 [FXGL Background Thread 3 ] DEBUG Engine               - devShowBBoxProperty: BooleanProperty [value: false]
23:43:54.806 [FXGL Background Thread 3 ] DEBUG Engine               - devShowPositionProperty: BooleanProperty [value: false]
23:43:54.807 [FXGL Background Thread 3 ] DEBUG Engine               - enabledMenuItems: []
23:43:54.807 [FXGL Background Thread 3 ] DEBUG Engine               - engineServices: [class com.almasb.fxgl.app.services.FXGLAssetLoaderService, class com.almasb.fxgl.app.FXGLApplication$GameApplicationService, class com.almasb.fxgl.app.services.FXGLDialogService, class com.almasb.fxgl.app.services.IOTaskExecutorService, class com.almasb.fxgl.io.FileSystemService, class com.almasb.fxgl.localization.LocalizationService, class com.almasb.fxgl.app.services.SystemBundleService, class com.almasb.fxgl.profile.SaveLoadService, class com.almasb.fxgl.ui.FXGLUIFactoryServiceProvider, class com.almasb.fxgl.ui.FXGLDialogFactoryServiceProvider, class com.almasb.fxgl.audio.AudioPlayer, class com.almasb.fxgl.notification.impl.NotificationServiceProvider, class com.almasb.fxgl.achievement.AchievementService, class com.almasb.fxgl.cutscene.CutsceneService, class com.almasb.fxgl.minigames.MiniGameService, class com.almasb.fxgl.net.NetService, class com.almasb.fxgl.app.services.UpdaterService, class com.almasb.fxgl.dev.DevService]
23:43:54.807 [FXGL Background Thread 3 ] DEBUG Engine               - fontGame: Abel-Regular.ttf
23:43:54.807 [FXGL Background Thread 3 ] DEBUG Engine               - fontMono: TerminalLandMono-Regular.otf
23:43:54.807 [FXGL Background Thread 3 ] DEBUG Engine               - fontSizeScaleUI: 1.0
23:43:54.807 [FXGL Background Thread 3 ] DEBUG Engine               - fontText: Courier-Prime.ttf
23:43:54.807 [FXGL Background Thread 3 ] DEBUG Engine               - fontUI: VarelaRound-Regular.ttf
23:43:54.807 [FXGL Background Thread 3 ] DEBUG Engine               - fpsRefreshRate: 500.0 ms
23:43:54.807 [FXGL Background Thread 3 ] DEBUG Engine               - fullScreen: BooleanProperty [value: true]
23:43:54.808 [FXGL Background Thread 3 ] DEBUG Engine               - gameDifficulty: MEDIUM
23:43:54.808 [FXGL Background Thread 3 ] DEBUG Engine               - gameDifficultyProperty: ObjectProperty [value: MEDIUM]
23:43:54.808 [FXGL Background Thread 3 ] DEBUG Engine               - globalMusicVolume: 0.5
23:43:54.808 [FXGL Background Thread 3 ] DEBUG Engine               - globalMusicVolumeProperty: DoubleProperty [value: 0.5]
23:43:54.808 [FXGL Background Thread 3 ] DEBUG Engine               - globalSoundVolume: 0.5
23:43:54.808 [FXGL Background Thread 3 ] DEBUG Engine               - globalSoundVolumeProperty: DoubleProperty [value: 0.5]
23:43:54.808 [FXGL Background Thread 3 ] DEBUG Engine               - height: 1080
23:43:54.808 [FXGL Background Thread 3 ] DEBUG Engine               - is3D: false
23:43:54.808 [FXGL Background Thread 3 ] DEBUG Engine               - isAndroid: false
23:43:54.808 [FXGL Background Thread 3 ] DEBUG Engine               - isBrowser: false
23:43:54.808 [FXGL Background Thread 3 ] DEBUG Engine               - isClickFeedbackEnabled: false
23:43:54.808 [FXGL Background Thread 3 ] DEBUG Engine               - isCloseConfirmation: false
23:43:54.808 [FXGL Background Thread 3 ] DEBUG Engine               - isDesktop: true
23:43:54.808 [FXGL Background Thread 3 ] DEBUG Engine               - isDeveloperMenuEnabled: true
23:43:54.808 [FXGL Background Thread 3 ] DEBUG Engine               - isEmbedded: false
23:43:54.808 [FXGL Background Thread 3 ] DEBUG Engine               - isEntityPreloadEnabled: true
23:43:54.808 [FXGL Background Thread 3 ] DEBUG Engine               - isExperimentalTiledLargeMap: false
23:43:54.808 [FXGL Background Thread 3 ] DEBUG Engine               - isFileSystemWriteAllowed: true
23:43:54.808 [FXGL Background Thread 3 ] DEBUG Engine               - isFullScreenAllowed: true
23:43:54.808 [FXGL Background Thread 3 ] DEBUG Engine               - isFullScreenFromStart: true
23:43:54.808 [FXGL Background Thread 3 ] DEBUG Engine               - isGameMenuEnabled: true
23:43:54.808 [FXGL Background Thread 3 ] DEBUG Engine               - isIOS: false
23:43:54.808 [FXGL Background Thread 3 ] DEBUG Engine               - isIntroEnabled: false
23:43:54.808 [FXGL Background Thread 3 ] DEBUG Engine               - isLinux: false
23:43:54.808 [FXGL Background Thread 3 ] DEBUG Engine               - isMac: false
23:43:54.808 [FXGL Background Thread 3 ] DEBUG Engine               - isMainMenuEnabled: false
23:43:54.808 [FXGL Background Thread 3 ] DEBUG Engine               - isManualResizeEnabled: false
23:43:54.808 [FXGL Background Thread 3 ] DEBUG Engine               - isMobile: false
23:43:54.808 [FXGL Background Thread 3 ] DEBUG Engine               - isNative: false
23:43:54.808 [FXGL Background Thread 3 ] DEBUG Engine               - isPauseMusicWhenMinimized: true
23:43:54.808 [FXGL Background Thread 3 ] DEBUG Engine               - isPreserveResizeRatio: false
23:43:54.808 [FXGL Background Thread 3 ] DEBUG Engine               - isProfilingEnabled: false
23:43:54.808 [FXGL Background Thread 3 ] DEBUG Engine               - isScaleAffectedOnResize: true
23:43:54.808 [FXGL Background Thread 3 ] DEBUG Engine               - isSingleStep: false
23:43:54.808 [FXGL Background Thread 3 ] DEBUG Engine               - isUserProfileEnabled: false
23:43:54.808 [FXGL Background Thread 3 ] DEBUG Engine               - isWindows: true
23:43:54.808 [FXGL Background Thread 3 ] DEBUG Engine               - language: ObjectProperty [value: ENGLISH]
23:43:54.808 [FXGL Background Thread 3 ] DEBUG Engine               - menuKey: ESCAPE
23:43:54.808 [FXGL Background Thread 3 ] DEBUG Engine               - mouseSensitivity: 0.2
23:43:54.808 [FXGL Background Thread 3 ] DEBUG Engine               - notificationViewClass: class com.almasb.fxgl.notification.view.XboxNotificationView
23:43:54.808 [FXGL Background Thread 3 ] DEBUG Engine               - pixelsPerMeter: 50.0
23:43:54.808 [FXGL Background Thread 3 ] DEBUG Engine               - platform: WINDOWS
23:43:54.808 [FXGL Background Thread 3 ] DEBUG Engine               - prefHeightProperty: ReadOnlyDoubleProperty [value: 1080.0]
23:43:54.808 [FXGL Background Thread 3 ] DEBUG Engine               - prefWidthProperty: ReadOnlyDoubleProperty [value: 1920.0]
23:43:54.808 [FXGL Background Thread 3 ] DEBUG Engine               - profileDir: profiles/
23:43:54.808 [FXGL Background Thread 3 ] DEBUG Engine               - profileName: StringProperty [value: DEFAULT]
23:43:54.808 [FXGL Background Thread 3 ] DEBUG Engine               - randomSeed: -1
23:43:54.809 [FXGL Background Thread 3 ] DEBUG Engine               - runtimeInfo: RuntimeInfo(platform=WINDOWS, version=25, build=05.02.2026 22.57)
23:43:54.809 [FXGL Background Thread 3 ] DEBUG Engine               - saveFileExt: sav
23:43:54.809 [FXGL Background Thread 3 ] DEBUG Engine               - scaledHeightProp$fxgl: DoubleProperty [bound, value: 864.0]
23:43:54.809 [FXGL Background Thread 3 ] DEBUG Engine               - scaledWidthProp$fxgl: DoubleProperty [bound, value: 1536.0]
23:43:54.809 [FXGL Background Thread 3 ] DEBUG Engine               - sceneFactory: com.almasb.fxgl.app.scene.SceneFactory@42946517
23:43:54.809 [FXGL Background Thread 3 ] DEBUG Engine               - secondsIn24h: 60
23:43:54.809 [FXGL Background Thread 3 ] DEBUG Engine               - soundMenuBack: menu/back.wav
23:43:54.809 [FXGL Background Thread 3 ] DEBUG Engine               - soundMenuPress: menu/press.wav
23:43:54.809 [FXGL Background Thread 3 ] DEBUG Engine               - soundMenuSelect: menu/select.wav
23:43:54.809 [FXGL Background Thread 3 ] DEBUG Engine               - soundNotification: core/notification.wav
23:43:54.809 [FXGL Background Thread 3 ] DEBUG Engine               - stageStyle: DECORATED
23:43:54.809 [FXGL Background Thread 3 ] DEBUG Engine               - supportedLanguages: [ENGLISH, FRENCH, GERMAN, HUNGARIAN, RUSSIAN]
23:43:54.809 [FXGL Background Thread 3 ] DEBUG Engine               - ticksPerSecond: -1
23:43:54.809 [FXGL Background Thread 3 ] DEBUG Engine               - title: Untitled
23:43:54.809 [FXGL Background Thread 3 ] DEBUG Engine               - urlGithub: https://github.com/AlmasB/FXGL
23:43:54.809 [FXGL Background Thread 3 ] DEBUG Engine               - urlLeaderboard: http://fxgl-top.herokuapp.com/
23:43:54.809 [FXGL Background Thread 3 ] DEBUG Engine               - urlPOM: https://raw.githubusercontent.com/AlmasB/FXGL/release/README.md
23:43:54.809 [FXGL Background Thread 3 ] DEBUG Engine               - userAppClass: class Project1Game.Main
23:43:54.809 [FXGL Background Thread 3 ] DEBUG Engine               - version: 0.0
23:43:54.809 [FXGL Background Thread 3 ] DEBUG Engine               - versionCheckDays: 7
23:43:54.809 [FXGL Background Thread 3 ] DEBUG Engine               - width: 1920
23:43:54.809 [FXGL Background Thread 3 ] DEBUG Engine               - Logging services
23:43:54.809 [FXGL Background Thread 3 ] DEBUG Engine               - class com.almasb.fxgl.app.services.FXGLAssetLoaderService
23:43:54.809 [FXGL Background Thread 3 ] DEBUG Engine               - class com.almasb.fxgl.app.FXGLApplication$GameApplicationService
23:43:54.809 [FXGL Background Thread 3 ] DEBUG Engine               - class com.almasb.fxgl.app.services.FXGLDialogService
23:43:54.809 [FXGL Background Thread 3 ] DEBUG Engine               - class com.almasb.fxgl.app.services.IOTaskExecutorService
23:43:54.809 [FXGL Background Thread 3 ] DEBUG Engine               - class com.almasb.fxgl.io.FileSystemService
23:43:54.809 [FXGL Background Thread 3 ] DEBUG Engine               - class com.almasb.fxgl.localization.LocalizationService
23:43:54.809 [FXGL Background Thread 3 ] DEBUG Engine               - class com.almasb.fxgl.app.services.SystemBundleService
23:43:54.809 [FXGL Background Thread 3 ] DEBUG Engine               - class com.almasb.fxgl.profile.SaveLoadService
23:43:54.809 [FXGL Background Thread 3 ] DEBUG Engine               - class com.almasb.fxgl.ui.FXGLUIFactoryServiceProvider
23:43:54.809 [FXGL Background Thread 3 ] DEBUG Engine               - class com.almasb.fxgl.ui.FXGLDialogFactoryServiceProvider
23:43:54.809 [FXGL Background Thread 3 ] DEBUG Engine               - class com.almasb.fxgl.audio.AudioPlayer
23:43:54.809 [FXGL Background Thread 3 ] DEBUG Engine               - class com.almasb.fxgl.notification.impl.NotificationServiceProvider
23:43:54.809 [FXGL Background Thread 3 ] DEBUG Engine               - class com.almasb.fxgl.achievement.AchievementService
23:43:54.809 [FXGL Background Thread 3 ] DEBUG Engine               - class com.almasb.fxgl.cutscene.CutsceneService
23:43:54.809 [FXGL Background Thread 3 ] DEBUG Engine               - class com.almasb.fxgl.minigames.MiniGameService
23:43:54.809 [FXGL Background Thread 3 ] DEBUG Engine               - class com.almasb.fxgl.net.NetService
23:43:54.809 [FXGL Background Thread 3 ] DEBUG Engine               - class com.almasb.fxgl.app.services.UpdaterService
23:43:54.809 [FXGL Background Thread 3 ] DEBUG Engine               - class com.almasb.fxgl.dev.DevService
23:43:57.099 [JavaFX Application Thread] DEBUG FXGLAssetLoaderServi - Loading from file system: file:/D:/GameDevelop/Project1/target/classes/assets/textures/soil_1.png
23:43:57.655 [JavaFX Application Thread] DEBUG FXGLAssetLoaderServi - Loading from file system: file:/D:/GameDevelop/Project1/target/classes/assets/textures/terrain.png
23:44:01.168 [JavaFX Application Thread] DEBUG FXGLAssetLoaderServi - Loading from file system: file:/D:/GameDevelop/Project1/target/classes/assets/textures/soil_2.png
23:44:09.464 [JavaFX Application Thread] DEBUG PrimaryStageWindow   - Push state: FXGLDefaultMenu
23:44:09.468 [JavaFX Application Thread] DEBUG Input                - Clearing active input actions
23:44:09.470 [JavaFX Application Thread] DEBUG GameApplicationServi - Removing overlay from GameScene and adding to FXGLDefaultMenu
23:44:09.471 [JavaFX Application Thread] DEBUG PrimaryStageWindow   - GameScene -> FXGLDefaultMenu
23:44:10.554 [JavaFX Application Thread] DEBUG Menu                 - fireExit()
23:44:10.556 [JavaFX Application Thread] DEBUG PrimaryStageWindow   - Push state: DialogSubScene
23:44:10.557 [JavaFX Application Thread] DEBUG Input                - Clearing active input actions
23:44:10.557 [JavaFX Application Thread] DEBUG GameApplicationServi - Removing overlay from FXGLDefaultMenu and adding to DialogSubScene
23:44:10.558 [JavaFX Application Thread] DEBUG PrimaryStageWindow   - FXGLDefaultMenu -> DialogSubScene
23:44:11.210 [JavaFX Application Thread] DEBUG PrimaryStageWindow   - Pop state: DialogSubScene
23:44:11.211 [JavaFX Application Thread] DEBUG Input                - Clearing active input actions
23:44:11.211 [JavaFX Application Thread] DEBUG GameApplicationServi - Removing overlay from DialogSubScene and adding to FXGLDefaultMenu
23:44:11.212 [JavaFX Application Thread] DEBUG PrimaryStageWindow   - FXGLDefaultMenu <- DialogSubScene
23:44:11.212 [JavaFX Application Thread] DEBUG FXGLApplication      - Exiting FXGL
23:44:11.212 [JavaFX Application Thread] DEBUG LoopRunner           - Stopping loop
23:44:11.212 [JavaFX Application Thread] DEBUG SystemBundleService  - Saving FXGL system data
23:44:11.213 [JavaFX Application Thread] DEBUG FileSystemAccess     - Writing to: D:\GameDevelop\Project1\system\fxgl.bundle
23:44:11.214 [JavaFX Application Thread] DEBUG Async                - Shutting down background threads
23:44:11.214 [JavaFX Application Thread] DEBUG PrimaryStageWindow   - Closing main window
23:44:11.244 [JavaFX Application Thread] DEBUG Logger               - Closing Logger
