15:02:25.606 [main                     ] DEBUG Logger               - Configured Logger
15:02:25.618 [main                     ] DEBUG GameApplication      - Logging settings
Title: Java Farming Professional
Version: 2.5
Width: 1280
Height: 720
Fullscreen: false
Intro: false
Profiling: false
Single step:false
App Mode: DEVELOPER
Menu Key: ESCAPE
Stage Style: DECORATED
Scene Factory: class com.almasb.fxgl.app.scene.SceneFactory

15:02:26.913 [JavaFX Application Thread] DEBUG FXGLApplication      - Initializing FXGL
15:02:26.918 [JavaFX Application Thread] INFO  Engine               - FXGL-25 (05.02.2026 22.57) on WINDOWS (J:25.0.2 FX:25.0.1)
15:02:26.918 [JavaFX Application Thread] DEBUG Engine               - JRE Vendor Name: Azul Systems, Inc.
15:02:26.918 [JavaFX Application Thread] DEBUG Engine               - Running on OS: Windows 11 version 10.0
15:02:26.918 [JavaFX Application Thread] DEBUG Engine               - Architecture: amd64
15:02:26.919 [JavaFX Application Thread] INFO  Engine               - Source code and latest versions at: https://github.com/AlmasB/FXGL
15:02:26.919 [JavaFX Application Thread] INFO  Engine               -       Ask questions and discuss at: https://github.com/AlmasB/FXGL/discussions
15:02:27.018 [JavaFX Application Thread] DEBUG PrimaryStageWindow   - Creating a JavaFX scene
15:02:27.068 [JavaFX Application Thread] DEBUG PrimaryStageWindow   - Target settings size: 1280.0 x 720.0
15:02:27.069 [JavaFX Application Thread] DEBUG PrimaryStageWindow   - Scaled scene size:    1280.0 x 720.0
15:02:27.069 [JavaFX Application Thread] DEBUG PrimaryStageWindow   - Scaled ratio: (1.0, 1.0)
15:02:27.071 [JavaFX Application Thread] DEBUG PrimaryStageWindow   - Set initial scene to FXGLStartupScene
15:02:27.075 [JavaFX Application Thread] DEBUG PrimaryStageWindow   - Opening main window
15:02:27.519 [JavaFX Application Thread] DEBUG PrimaryStageWindow   - Window border size: (14.4000244140625, 37.5999755859375)
15:02:27.520 [JavaFX Application Thread] DEBUG PrimaryStageWindow   - Scaled size: 1280.0 x 720.0
15:02:27.521 [JavaFX Application Thread] DEBUG PrimaryStageWindow   - Scaled ratio: (1.0, 1.0)
15:02:27.521 [JavaFX Application Thread] DEBUG PrimaryStageWindow   - Scene size: 1280.0 x 720.0
15:02:27.521 [JavaFX Application Thread] DEBUG PrimaryStageWindow   - Stage size: 1294.4000244140625 x 757.5999755859375
15:02:27.540 [FXGL Background Thread 1 ] DEBUG Engine               - Initializing environment variables
15:02:27.690 [FXGL Background Thread 1 ] DEBUG FXGLAssetLoaderServi - User app class for loading assets: class Project1Game.Main
15:02:27.690 [FXGL Background Thread 1 ] DEBUG GameApplicationServi - Applying CSS: fxgl_dark.css
15:02:27.691 [FXGL Background Thread 1 ] DEBUG FXGLAssetLoaderServi - Loading from file system: jar:file:/C:/Users/HP/.m2/repository/com/github/almasb/fxgl/25/fxgl-25.jar!/fxglassets/ui/css/fxgl_dark.css
15:02:27.771 [FXGL Background Thread 1 ] DEBUG GameApplicationServi - Initializing application scenes
15:02:27.873 [FXGL Background Thread 1 ] DEBUG GameWorld            - Game world initialized
15:02:27.975 [FXGL Background Thread 1 ] DEBUG PhysicsWorld         - Physics world initialized: appHeight=720, physics.ppm=50.0
15:02:27.976 [FXGL Background Thread 1 ] DEBUG PhysicsWorld         - Using strategy: BRUTE_FORCE
15:02:27.984 [FXGL Background Thread 1 ] DEBUG GameScene            - Game scene initialized: 1280x720
15:02:28.001 [FXGL Background Thread 1 ] DEBUG FXGL.DefaultMenu     - createMenuBodyGameMenu()
15:02:28.019 [FXGL Background Thread 1 ] DEBUG FXGL.DefaultMenu     - createOptionsMenu()
15:02:28.033 [FXGL Background Thread 1 ] DEBUG FXGLAssetLoaderServi - Loading from file system: jar:file:/C:/Users/HP/.m2/repository/com/github/almasb/fxgl/25/fxgl-25.jar!/fxglassets/textures/particles/smoke.png
15:02:28.154 [FXGL Background Thread 1 ] DEBUG FXGLAssetLoaderServi - Loading from file system: jar:file:/C:/Users/HP/.m2/repository/com/github/almasb/fxgl/25/fxgl-25.jar!/fxglassets/textures/particles/trace_horizontal.png
15:02:28.196 [FXGL Background Thread 1 ] DEBUG GameApplicationServi - Application scenes initialized
15:02:28.215 [FXGL Background Thread 1 ] DEBUG SystemBundleService  - Loading FXGL system data
15:02:28.221 [FXGL Background Thread 1 ] DEBUG FileSystemAccess     - Reading from: D:\projects\helloworld\FarmSimulator\system\fxgl.bundle
15:02:28.232 [FXGL Background Thread 1 ] DEBUG SystemBundleService  - Bundle FXGL: {}
15:02:28.232 [FXGL Background Thread 1 ] DEBUG UpdaterService       - Checking for updates
15:02:28.278 [FXGL Background Thread 4 ] DEBUG FXGLApplication      - Loading fonts
15:02:28.278 [FXGL Background Thread 4 ] DEBUG FXGLAssetLoaderServi - Loading from file system: jar:file:/C:/Users/HP/.m2/repository/com/github/almasb/fxgl/25/fxgl-25.jar!/fxglassets/ui/fonts/VarelaRound-Regular.ttf
15:02:28.279 [FXGL Background Thread 1 ] DEBUG FXGLApplication      - Loading default localization
15:02:28.280 [FXGL Background Thread 1 ] DEBUG FXGLAssetLoaderServi - Loading from file system: jar:file:/C:/Users/HP/.m2/repository/com/github/almasb/fxgl/25/fxgl-25.jar!/fxglassets/languages/english.lang
15:02:28.301 [FXGL Background Thread 1 ] INFO  FXGLApplication      - FXGL initialization took: 0.761 sec
15:02:28.321 [JavaFX Application Thread] DEBUG Input                - Registered new binding: Move Right - D
15:02:28.322 [JavaFX Application Thread] DEBUG Input                - Registered new binding: Move Left - A
15:02:28.322 [JavaFX Application Thread] DEBUG Input                - Registered new binding: Move Up - W
15:02:28.322 [JavaFX Application Thread] DEBUG Input                - Registered new binding: Move Down - S
15:02:28.322 [JavaFX Application Thread] DEBUG Input                - Registered new binding: Interact Action Key - E
15:02:28.323 [JavaFX Application Thread] DEBUG Input                - Registered new binding: Use Tool Keyboard - F
15:02:28.324 [JavaFX Application Thread] DEBUG Input                - Registered new binding: Use Tool Mouse - LMB
15:02:28.326 [JavaFX Application Thread] DEBUG Input                - Registered new binding: Close UI Window - R
15:02:28.326 [JavaFX Application Thread] DEBUG Input                - Registered new binding: Toggle Inventory Window - Tab
15:02:28.326 [JavaFX Application Thread] DEBUG Input                - Registered new binding: Quick Save - F5
15:02:28.326 [JavaFX Application Thread] DEBUG Input                - Registered new binding: Quick Load - F9
15:02:28.326 [JavaFX Application Thread] DEBUG Input                - Registered new binding: Select Inventory Slot 1 - 1
15:02:28.327 [JavaFX Application Thread] DEBUG Input                - Registered new binding: Select Inventory Slot 2 - 2
15:02:28.327 [JavaFX Application Thread] DEBUG Input                - Registered new binding: Select Inventory Slot 3 - 3
15:02:28.327 [JavaFX Application Thread] DEBUG Input                - Registered new binding: Select Inventory Slot 4 - 4
15:02:28.327 [JavaFX Application Thread] DEBUG Input                - Registered new binding: Select Inventory Slot 5 - 5
15:02:28.327 [JavaFX Application Thread] DEBUG Input                - Registered new binding: Select Inventory Slot 6 - 6
15:02:28.328 [JavaFX Application Thread] DEBUG Input                - Registered new binding: Select Inventory Slot 7 - 7
15:02:28.328 [JavaFX Application Thread] DEBUG Input                - Registered new binding: Select Inventory Slot 8 - 8
15:02:28.328 [JavaFX Application Thread] DEBUG Input                - Registered new binding: Select Inventory Slot 9 - 9
15:02:28.330 [JavaFX Application Thread] DEBUG FXGLAssetLoaderServi - Loading from file system: jar:file:/C:/Users/HP/.m2/repository/com/github/almasb/fxgl/25/fxgl-25.jar!/fxglassets/textures/fxgl_icon.png
15:02:28.353 [FXGL Background Thread 4 ] DEBUG FXGLAssetLoaderServi - Loading from file system: jar:file:/C:/Users/HP/.m2/repository/com/github/almasb/fxgl/25/fxgl-25.jar!/fxglassets/ui/fonts/Abel-Regular.ttf
15:02:28.361 [JavaFX Application Thread] DEBUG FXGLAssetLoaderServi - Loading from file system: jar:file:/C:/Users/HP/.m2/repository/com/github/almasb/fxgl/25/fxgl-25.jar!/fxglassets/textures/fxgl_default_cursor.png
15:02:28.365 [JavaFX Application Thread] DEBUG Input                - Registered new binding: Screenshot - CTRL+8
15:02:28.367 [JavaFX Application Thread] DEBUG Input                - Registered new binding: Dev Options - 1
15:02:28.368 [JavaFX Application Thread] DEBUG Input                - Registered new binding: Dev Console - 2
15:02:28.369 [JavaFX Application Thread] DEBUG Input                - Registered new binding: System info dump - CTRL+9
15:02:28.369 [JavaFX Application Thread] DEBUG Input                - Registered new binding: Restart - CTRL+R
15:02:28.371 [JavaFX Application Thread] DEBUG Input                - Registered new binding: Toggle Debug Camera - CTRL+7
15:02:28.378 [JavaFX Application Thread] DEBUG LoopRunner           - Starting loop
15:02:28.381 [FXGL Background Thread 4 ] DEBUG FXGLAssetLoaderServi - Loading from file system: jar:file:/C:/Users/HP/.m2/repository/com/github/almasb/fxgl/25/fxgl-25.jar!/fxglassets/ui/fonts/TerminalLandMono-Regular.otf
15:02:28.405 [JavaFX Application Thread] DEBUG LoopRunner           - Initializing JavaFX AnimationTimerLoop
15:02:28.411 [JavaFX Application Thread] DEBUG GameApplicationServi - Starting new game
15:02:28.412 [JavaFX Application Thread] DEBUG Input                - Clearing active input actions
15:02:28.430 [JavaFX Application Thread] DEBUG GameApplicationServi - Removing overlay from FXGLStartupScene and adding to FXGLLoadingScene
15:02:28.446 [FXGL Background Thread 4 ] DEBUG FXGLAssetLoaderServi - Loading from file system: jar:file:/C:/Users/HP/.m2/repository/com/github/almasb/fxgl/25/fxgl-25.jar!/fxglassets/ui/fonts/Courier-Prime.ttf
15:02:28.456 [JavaFX Application Thread] DEBUG PrimaryStageWindow   - FXGLStartupScene -> FXGLLoadingScene
15:02:28.457 [JavaFX Application Thread] DEBUG GameApplicationServi - Clearing previous game
15:02:28.457 [JavaFX Application Thread] DEBUG GameScene            - Clearing game scene
15:02:28.457 [JavaFX Application Thread] DEBUG GameWorld            - Clearing game world
15:02:28.457 [JavaFX Application Thread] DEBUG PhysicsWorld         - Clearing physics world
15:02:28.462 [FXGL Background Thread 1 ] DEBUG FXGLApplication      - Initializing game
15:02:28.541 [FXGL Background Thread 1 ] WARN  TMXLevelLoader       - TiledMap generated from 1.12.0. Supported version: 1.9.0. Some features may not be parsed fully.
15:02:28.674 [FXGL Background Thread 1 ] DEBUG TMXLevelLoader       - Parsed TiledMap: file:/D:/projects/helloworld/FarmSimulator/target/classes/assets/levels/Main_level.tmx
15:02:28.676 [FXGL Background Thread 1 ] DEBUG TMXLevelLoader       - Creating tile layer entities
15:02:28.678 [FXGL Background Thread 1 ] DEBUG TilesetLoader        - Loading view for layer BackgroundLayer
15:02:28.690 [FXGL Background Thread 1 ] DEBUG TilesetLoader        - Created buffer with size 3520.0x2048.0
15:02:28.918 [FXGL Background Thread 1 ] DEBUG TilesetLoader        - Loading view for layer DecorationLayer
15:02:28.934 [FXGL Background Thread 1 ] DEBUG TilesetLoader        - Created buffer with size 3520.0x2048.0
15:02:29.011 [JavaFX Application Thread] DEBUG FXGLApplication      - Registering font factories with UI factory
15:02:29.162 [FXGL Background Thread 1 ] DEBUG TilesetLoader        - Loading view for layer OverheadLayer
15:02:29.188 [FXGL Background Thread 1 ] DEBUG TilesetLoader        - Created buffer with size 3520.0x2048.0
15:02:29.195 [FXGL Background Thread 1 ] DEBUG TMXLevelLoader       - Creating object layer entities
15:02:29.257 [FXGL Background Thread 1 ] DEBUG FXGLAssetLoaderServi - Loading from file system: file:/D:/projects/helloworld/FarmSimulator/target/classes/assets/textures/Player/Carry_Idle/Carry_Idle_Down-Sheet.png
15:02:29.267 [FXGL Background Thread 1 ] DEBUG FXGLAssetLoaderServi - Loading from file system: file:/D:/projects/helloworld/FarmSimulator/target/classes/assets/textures/Player/Carry_Idle/Carry_Idle_Up-Sheet.png
15:02:29.270 [FXGL Background Thread 1 ] DEBUG FXGLAssetLoaderServi - Loading from file system: file:/D:/projects/helloworld/FarmSimulator/target/classes/assets/textures/Player/Carry_Idle/Carry_Idle_Side-Sheet.png
15:02:29.273 [FXGL Background Thread 1 ] DEBUG FXGLAssetLoaderServi - Loading from file system: file:/D:/projects/helloworld/FarmSimulator/target/classes/assets/textures/Player/Carry_Walk/Carry_Walk_Down-Sheet.png
15:02:29.276 [FXGL Background Thread 1 ] DEBUG FXGLAssetLoaderServi - Loading from file system: file:/D:/projects/helloworld/FarmSimulator/target/classes/assets/textures/Player/Carry_Walk/Carry_Walk_Up-Sheet.png
15:02:29.277 [FXGL Background Thread 1 ] DEBUG FXGLAssetLoaderServi - Loading from file system: file:/D:/projects/helloworld/FarmSimulator/target/classes/assets/textures/Player/Carry_Walk/Carry_Walk_Side-Sheet.png
15:02:29.283 [FXGL Background Thread 1 ] DEBUG FXGLAssetLoaderServi - Loading from file system: file:/D:/projects/helloworld/FarmSimulator/target/classes/assets/textures/Player/Carry_Run/Carry_Run_Down-Sheet.png
15:02:29.287 [FXGL Background Thread 1 ] DEBUG FXGLAssetLoaderServi - Loading from file system: file:/D:/projects/helloworld/FarmSimulator/target/classes/assets/textures/Player/Carry_Run/Carry_Run_Up-Sheet.png
15:02:29.290 [FXGL Background Thread 1 ] DEBUG FXGLAssetLoaderServi - Loading from file system: file:/D:/projects/helloworld/FarmSimulator/target/classes/assets/textures/Player/Carry_Run/Carry_Run_Side-Sheet.png
15:02:30.177 [FXGL Background Thread 1 ] DEBUG GameWorld            - Clearing removable entities
15:02:30.179 [FXGL Background Thread 1 ] DEBUG GameWorld            - Setting level: com.almasb.fxgl.entity.level.Level@50f36cf3
15:02:30.554 [FXGL Background Thread 1 ] DEBUG FXGLAssetLoaderServi - Loading from file system: file:/D:/projects/helloworld/FarmSimulator/target/classes/assets/textures/Crops/soil_1.png
15:02:30.573 [FXGL Background Thread 1 ] DEBUG FXGLAssetLoaderServi - Loading from file system: file:/D:/projects/helloworld/FarmSimulator/target/classes/assets/textures/Crops/rice_1.png
15:02:30.593 [FXGL Background Thread 1 ] DEBUG FXGLAssetLoaderServi - Loading from file system: file:/D:/projects/helloworld/FarmSimulator/target/classes/assets/textures/Crops/rice_3.png
15:02:30.614 [FXGL Background Thread 1 ] DEBUG FXGLAssetLoaderServi - Loading from file system: file:/D:/projects/helloworld/FarmSimulator/target/classes/assets/textures/Crops/soil_2.png
15:02:30.636 [FXGL Background Thread 1 ] DEBUG FXGLAssetLoaderServi - Loading from file system: file:/D:/projects/helloworld/FarmSimulator/target/classes/assets/textures/UI/heart_sprite.png
15:02:30.691 [FXGL Background Thread 1 ] INFO  FXGLApplication      - Game initialization took: 2.228 sec
15:02:30.703 [JavaFX Application Thread] DEBUG Input                - Clearing active input actions
15:02:30.805 [JavaFX Application Thread] DEBUG GameApplicationServi - Removing overlay from FXGLLoadingScene and adding to GameScene
15:02:30.822 [JavaFX Application Thread] DEBUG PrimaryStageWindow   - FXGLLoadingScene -> GameScene
15:02:31.275 [FXGL Background Thread 3 ] DEBUG Engine               - Logging environment variables
15:02:31.277 [FXGL Background Thread 3 ] DEBUG Engine               - achievements: []
15:02:31.277 [FXGL Background Thread 3 ] DEBUG Engine               - actualHeight: 720.0
15:02:31.278 [FXGL Background Thread 3 ] DEBUG Engine               - actualHeightProperty: ReadOnlyDoubleProperty [value: 720.0]
15:02:31.278 [FXGL Background Thread 3 ] DEBUG Engine               - actualWidth: 1280.0
15:02:31.279 [FXGL Background Thread 3 ] DEBUG Engine               - actualWidthProperty: ReadOnlyDoubleProperty [value: 1280.0]
15:02:31.279 [FXGL Background Thread 3 ] DEBUG Engine               - appIcon: fxgl_icon.png
15:02:31.279 [FXGL Background Thread 3 ] DEBUG Engine               - applicationMode: DEVELOPER
15:02:31.279 [FXGL Background Thread 3 ] DEBUG Engine               - cSSList: [fxgl_dark.css]
15:02:31.279 [FXGL Background Thread 3 ] DEBUG Engine               - collisionDetectionStrategy: BRUTE_FORCE
15:02:31.282 [FXGL Background Thread 3 ] DEBUG Engine               - configClass: Optional.empty
15:02:31.283 [FXGL Background Thread 3 ] DEBUG Engine               - credits: []
15:02:31.284 [FXGL Background Thread 3 ] DEBUG Engine               - defaultCursor: CursorInfo(imageName=fxgl_default_cursor.png, hotspotX=7.0, hotspotY=6.0)
15:02:31.286 [FXGL Background Thread 3 ] DEBUG Engine               - devBBoxColorProperty: ObjectProperty [value: 0xff0000ff]
15:02:31.286 [FXGL Background Thread 3 ] DEBUG Engine               - devEnableDebugCameraProperty: BooleanProperty [value: false]
15:02:31.288 [FXGL Background Thread 3 ] DEBUG Engine               - devSensorColorProperty: ObjectProperty [value: 0xffff00ff]
15:02:31.288 [FXGL Background Thread 3 ] DEBUG Engine               - devShowBBoxProperty: BooleanProperty [value: false]
15:02:31.288 [FXGL Background Thread 3 ] DEBUG Engine               - devShowPositionProperty: BooleanProperty [value: false]
15:02:31.289 [FXGL Background Thread 3 ] DEBUG Engine               - enabledMenuItems: []
15:02:31.289 [FXGL Background Thread 3 ] DEBUG Engine               - engineServices: [class com.almasb.fxgl.app.services.FXGLAssetLoaderService, class com.almasb.fxgl.app.FXGLApplication$GameApplicationService, class com.almasb.fxgl.app.services.FXGLDialogService, class com.almasb.fxgl.app.services.IOTaskExecutorService, class com.almasb.fxgl.io.FileSystemService, class com.almasb.fxgl.localization.LocalizationService, class com.almasb.fxgl.app.services.SystemBundleService, class com.almasb.fxgl.profile.SaveLoadService, class com.almasb.fxgl.ui.FXGLUIFactoryServiceProvider, class com.almasb.fxgl.ui.FXGLDialogFactoryServiceProvider, class com.almasb.fxgl.audio.AudioPlayer, class com.almasb.fxgl.notification.impl.NotificationServiceProvider, class com.almasb.fxgl.achievement.AchievementService, class com.almasb.fxgl.cutscene.CutsceneService, class com.almasb.fxgl.minigames.MiniGameService, class com.almasb.fxgl.net.NetService, class com.almasb.fxgl.app.services.UpdaterService, class com.almasb.fxgl.dev.DevService]
15:02:31.289 [FXGL Background Thread 3 ] DEBUG Engine               - fontGame: Abel-Regular.ttf
15:02:31.289 [FXGL Background Thread 3 ] DEBUG Engine               - fontMono: TerminalLandMono-Regular.otf
15:02:31.289 [FXGL Background Thread 3 ] DEBUG Engine               - fontSizeScaleUI: 1.0
15:02:31.289 [FXGL Background Thread 3 ] DEBUG Engine               - fontText: Courier-Prime.ttf
15:02:31.290 [FXGL Background Thread 3 ] DEBUG Engine               - fontUI: VarelaRound-Regular.ttf
15:02:31.290 [FXGL Background Thread 3 ] DEBUG Engine               - fpsRefreshRate: 500.0 ms
15:02:31.291 [FXGL Background Thread 3 ] DEBUG Engine               - fullScreen: BooleanProperty [value: false]
15:02:31.291 [FXGL Background Thread 3 ] DEBUG Engine               - gameDifficulty: MEDIUM
15:02:31.291 [FXGL Background Thread 3 ] DEBUG Engine               - gameDifficultyProperty: ObjectProperty [value: MEDIUM]
15:02:31.291 [FXGL Background Thread 3 ] DEBUG Engine               - globalMusicVolume: 0.5
15:02:31.292 [FXGL Background Thread 3 ] DEBUG Engine               - globalMusicVolumeProperty: DoubleProperty [value: 0.5]
15:02:31.292 [FXGL Background Thread 3 ] DEBUG Engine               - globalSoundVolume: 0.5
15:02:31.292 [FXGL Background Thread 3 ] DEBUG Engine               - globalSoundVolumeProperty: DoubleProperty [value: 0.5]
15:02:31.292 [FXGL Background Thread 3 ] DEBUG Engine               - height: 720
15:02:31.293 [FXGL Background Thread 3 ] DEBUG Engine               - is3D: false
15:02:31.293 [FXGL Background Thread 3 ] DEBUG Engine               - isAndroid: false
15:02:31.293 [FXGL Background Thread 3 ] DEBUG Engine               - isBrowser: false
15:02:31.293 [FXGL Background Thread 3 ] DEBUG Engine               - isClickFeedbackEnabled: false
15:02:31.293 [FXGL Background Thread 3 ] DEBUG Engine               - isCloseConfirmation: false
15:02:31.294 [FXGL Background Thread 3 ] DEBUG Engine               - isDesktop: true
15:02:31.294 [FXGL Background Thread 3 ] DEBUG Engine               - isDeveloperMenuEnabled: true
15:02:31.294 [FXGL Background Thread 3 ] DEBUG Engine               - isEmbedded: false
15:02:31.294 [FXGL Background Thread 3 ] DEBUG Engine               - isEntityPreloadEnabled: true
15:02:31.296 [FXGL Background Thread 3 ] DEBUG Engine               - isExperimentalTiledLargeMap: false
15:02:31.296 [FXGL Background Thread 3 ] DEBUG Engine               - isFileSystemWriteAllowed: true
15:02:31.296 [FXGL Background Thread 3 ] DEBUG Engine               - isFullScreenAllowed: false
15:02:31.296 [FXGL Background Thread 3 ] DEBUG Engine               - isFullScreenFromStart: false
15:02:31.296 [FXGL Background Thread 3 ] DEBUG Engine               - isGameMenuEnabled: true
15:02:31.296 [FXGL Background Thread 3 ] DEBUG Engine               - isIOS: false
15:02:31.296 [FXGL Background Thread 3 ] DEBUG Engine               - isIntroEnabled: false
15:02:31.297 [FXGL Background Thread 3 ] DEBUG Engine               - isLinux: false
15:02:31.297 [FXGL Background Thread 3 ] DEBUG Engine               - isMac: false
15:02:31.297 [FXGL Background Thread 3 ] DEBUG Engine               - isMainMenuEnabled: false
15:02:31.297 [FXGL Background Thread 3 ] DEBUG Engine               - isManualResizeEnabled: false
15:02:31.298 [FXGL Background Thread 3 ] DEBUG Engine               - isMobile: false
15:02:31.299 [FXGL Background Thread 3 ] DEBUG Engine               - isNative: false
15:02:31.299 [FXGL Background Thread 3 ] DEBUG Engine               - isPauseMusicWhenMinimized: true
15:02:31.299 [FXGL Background Thread 3 ] DEBUG Engine               - isPreserveResizeRatio: false
15:02:31.300 [FXGL Background Thread 3 ] DEBUG Engine               - isProfilingEnabled: false
15:02:31.300 [FXGL Background Thread 3 ] DEBUG Engine               - isScaleAffectedOnResize: true
15:02:31.301 [FXGL Background Thread 3 ] DEBUG Engine               - isSingleStep: false
15:02:31.301 [FXGL Background Thread 3 ] DEBUG Engine               - isUserProfileEnabled: false
15:02:31.302 [FXGL Background Thread 3 ] DEBUG Engine               - isWindows: true
15:02:31.303 [FXGL Background Thread 3 ] DEBUG Engine               - language: ObjectProperty [value: ENGLISH]
15:02:31.303 [FXGL Background Thread 3 ] DEBUG Engine               - menuKey: ESCAPE
15:02:31.303 [FXGL Background Thread 3 ] DEBUG Engine               - mouseSensitivity: 0.2
15:02:31.304 [FXGL Background Thread 3 ] DEBUG Engine               - notificationViewClass: class com.almasb.fxgl.notification.view.XboxNotificationView
15:02:31.304 [FXGL Background Thread 3 ] DEBUG Engine               - pixelsPerMeter: 50.0
15:02:31.304 [FXGL Background Thread 3 ] DEBUG Engine               - platform: WINDOWS
15:02:31.304 [FXGL Background Thread 3 ] DEBUG Engine               - prefHeightProperty: ReadOnlyDoubleProperty [value: 720.0]
15:02:31.304 [FXGL Background Thread 3 ] DEBUG Engine               - prefWidthProperty: ReadOnlyDoubleProperty [value: 1280.0]
15:02:31.304 [FXGL Background Thread 3 ] DEBUG Engine               - profileDir: profiles/
15:02:31.304 [FXGL Background Thread 3 ] DEBUG Engine               - profileName: StringProperty [value: DEFAULT]
15:02:31.304 [FXGL Background Thread 3 ] DEBUG Engine               - randomSeed: -1
15:02:31.306 [FXGL Background Thread 3 ] DEBUG Engine               - runtimeInfo: RuntimeInfo(platform=WINDOWS, version=25, build=05.02.2026 22.57)
15:02:31.306 [FXGL Background Thread 3 ] DEBUG Engine               - saveFileExt: sav
15:02:31.306 [FXGL Background Thread 3 ] DEBUG Engine               - scaledHeightProp$fxgl: DoubleProperty [bound, value: 720.0]
15:02:31.306 [FXGL Background Thread 3 ] DEBUG Engine               - scaledWidthProp$fxgl: DoubleProperty [bound, value: 1280.0]
15:02:31.306 [FXGL Background Thread 3 ] DEBUG Engine               - sceneFactory: com.almasb.fxgl.app.scene.SceneFactory@d3c117c
15:02:31.306 [FXGL Background Thread 3 ] DEBUG Engine               - secondsIn24h: 60
15:02:31.307 [FXGL Background Thread 3 ] DEBUG Engine               - soundMenuBack: menu/back.wav
15:02:31.307 [FXGL Background Thread 3 ] DEBUG Engine               - soundMenuPress: menu/press.wav
15:02:31.307 [FXGL Background Thread 3 ] DEBUG Engine               - soundMenuSelect: menu/select.wav
15:02:31.307 [FXGL Background Thread 3 ] DEBUG Engine               - soundNotification: core/notification.wav
15:02:31.307 [FXGL Background Thread 3 ] DEBUG Engine               - stageStyle: DECORATED
15:02:31.307 [FXGL Background Thread 3 ] DEBUG Engine               - supportedLanguages: [ENGLISH, FRENCH, GERMAN, HUNGARIAN, RUSSIAN]
15:02:31.307 [FXGL Background Thread 3 ] DEBUG Engine               - ticksPerSecond: -1
15:02:31.308 [FXGL Background Thread 3 ] DEBUG Engine               - title: Java Farming Professional
15:02:31.308 [FXGL Background Thread 3 ] DEBUG Engine               - urlGithub: https://github.com/AlmasB/FXGL
15:02:31.308 [FXGL Background Thread 3 ] DEBUG Engine               - urlLeaderboard: http://fxgl-top.herokuapp.com/
15:02:31.309 [FXGL Background Thread 3 ] DEBUG Engine               - urlPOM: https://raw.githubusercontent.com/AlmasB/FXGL/release/README.md
15:02:31.309 [FXGL Background Thread 3 ] DEBUG Engine               - userAppClass: class Project1Game.Main
15:02:31.309 [FXGL Background Thread 3 ] DEBUG Engine               - version: 2.5
15:02:31.309 [FXGL Background Thread 3 ] DEBUG Engine               - versionCheckDays: 7
15:02:31.309 [FXGL Background Thread 3 ] DEBUG Engine               - width: 1280
15:02:31.310 [FXGL Background Thread 3 ] DEBUG Engine               - Logging services
15:02:31.310 [FXGL Background Thread 3 ] DEBUG Engine               - class com.almasb.fxgl.app.services.FXGLAssetLoaderService
15:02:31.310 [FXGL Background Thread 3 ] DEBUG Engine               - class com.almasb.fxgl.app.FXGLApplication$GameApplicationService
15:02:31.310 [FXGL Background Thread 3 ] DEBUG Engine               - class com.almasb.fxgl.app.services.FXGLDialogService
15:02:31.310 [FXGL Background Thread 3 ] DEBUG Engine               - class com.almasb.fxgl.app.services.IOTaskExecutorService
15:02:31.311 [FXGL Background Thread 3 ] DEBUG Engine               - class com.almasb.fxgl.io.FileSystemService
15:02:31.311 [FXGL Background Thread 3 ] DEBUG Engine               - class com.almasb.fxgl.localization.LocalizationService
15:02:31.311 [FXGL Background Thread 3 ] DEBUG Engine               - class com.almasb.fxgl.app.services.SystemBundleService
15:02:31.312 [FXGL Background Thread 3 ] DEBUG Engine               - class com.almasb.fxgl.profile.SaveLoadService
15:02:31.312 [FXGL Background Thread 3 ] DEBUG Engine               - class com.almasb.fxgl.ui.FXGLUIFactoryServiceProvider
15:02:31.312 [FXGL Background Thread 3 ] DEBUG Engine               - class com.almasb.fxgl.ui.FXGLDialogFactoryServiceProvider
15:02:31.312 [FXGL Background Thread 3 ] DEBUG Engine               - class com.almasb.fxgl.audio.AudioPlayer
15:02:31.312 [FXGL Background Thread 3 ] DEBUG Engine               - class com.almasb.fxgl.notification.impl.NotificationServiceProvider
15:02:31.313 [FXGL Background Thread 3 ] DEBUG Engine               - class com.almasb.fxgl.achievement.AchievementService
15:02:31.313 [FXGL Background Thread 3 ] DEBUG Engine               - class com.almasb.fxgl.cutscene.CutsceneService
15:02:31.314 [FXGL Background Thread 3 ] DEBUG Engine               - class com.almasb.fxgl.minigames.MiniGameService
15:02:31.314 [FXGL Background Thread 3 ] DEBUG Engine               - class com.almasb.fxgl.net.NetService
15:02:31.315 [FXGL Background Thread 3 ] DEBUG Engine               - class com.almasb.fxgl.app.services.UpdaterService
15:02:31.316 [FXGL Background Thread 3 ] DEBUG Engine               - class com.almasb.fxgl.dev.DevService
15:02:56.955 [JavaFX Application Thread] DEBUG FXGLApplication      - Exiting FXGL
15:02:56.955 [JavaFX Application Thread] DEBUG LoopRunner           - Stopping loop
15:02:56.957 [JavaFX Application Thread] DEBUG SystemBundleService  - Saving FXGL system data
15:02:56.962 [JavaFX Application Thread] DEBUG FileSystemAccess     - Writing to: D:\projects\helloworld\FarmSimulator\system\fxgl.bundle
15:02:56.966 [JavaFX Application Thread] DEBUG Async                - Shutting down background threads
15:02:56.967 [JavaFX Application Thread] DEBUG PrimaryStageWindow   - Closing main window
15:02:57.002 [JavaFX Application Thread] DEBUG Logger               - Closing Logger
