10:49:28.279 [main                     ] DEBUG Logger               - Configured Logger
10:49:28.286 [main                     ] DEBUG GameApplication      - Logging settings
Title: Untitled
Version: 0.0
Width: 1280
Height: 720
Fullscreen: false
Intro: false
Profiling: false
Single step:false
App Mode: DEVELOPER
Menu Key: ESCAPE
Stage Style: DECORATED
Scene Factory: class com.almasb.fxgl.app.scene.SceneFactory

10:49:28.633 [JavaFX Application Thread] DEBUG FXGLApplication      - Initializing FXGL
10:49:28.636 [JavaFX Application Thread] INFO  Engine               - FXGL-25 (05.02.2026 22.57) on WINDOWS (J:25.0.1 FX:25.0.1)
10:49:28.636 [JavaFX Application Thread] DEBUG Engine               - JRE Vendor Name: Oracle Corporation
10:49:28.636 [JavaFX Application Thread] DEBUG Engine               - Running on OS: Windows 11 version 10.0
10:49:28.637 [JavaFX Application Thread] DEBUG Engine               - Architecture: amd64
10:49:28.637 [JavaFX Application Thread] INFO  Engine               - Source code and latest versions at: https://github.com/AlmasB/FXGL
10:49:28.637 [JavaFX Application Thread] INFO  Engine               -       Ask questions and discuss at: https://github.com/AlmasB/FXGL/discussions
10:49:28.712 [JavaFX Application Thread] DEBUG PrimaryStageWindow   - Creating a JavaFX scene
10:49:28.749 [JavaFX Application Thread] DEBUG PrimaryStageWindow   - Target settings size: 1280.0 x 720.0
10:49:28.749 [JavaFX Application Thread] DEBUG PrimaryStageWindow   - Scaled scene size:    1280.0 x 720.0
10:49:28.749 [JavaFX Application Thread] DEBUG PrimaryStageWindow   - Scaled ratio: (1.0, 1.0)
10:49:28.750 [JavaFX Application Thread] DEBUG PrimaryStageWindow   - Set initial scene to FXGLStartupScene
10:49:28.752 [JavaFX Application Thread] DEBUG PrimaryStageWindow   - Opening main window
10:49:29.015 [JavaFX Application Thread] DEBUG PrimaryStageWindow   - Window border size: (14.4000244140625, 37.5999755859375)
10:49:29.015 [JavaFX Application Thread] DEBUG PrimaryStageWindow   - Scaled size: 1280.0 x 720.0
10:49:29.015 [JavaFX Application Thread] DEBUG PrimaryStageWindow   - Scaled ratio: (1.0, 1.0)
10:49:29.015 [JavaFX Application Thread] DEBUG PrimaryStageWindow   - Scene size: 1280.0 x 720.0
10:49:29.015 [JavaFX Application Thread] DEBUG PrimaryStageWindow   - Stage size: 1294.4000244140625 x 757.5999755859375
10:49:29.024 [FXGL Background Thread 1 ] DEBUG Engine               - Initializing environment variables
10:49:29.073 [FXGL Background Thread 1 ] DEBUG FXGLAssetLoaderServi - User app class for loading assets: class Project1Game.Main
10:49:29.073 [FXGL Background Thread 1 ] DEBUG GameApplicationServi - Applying CSS: fxgl_dark.css
10:49:29.074 [FXGL Background Thread 1 ] DEBUG FXGLAssetLoaderServi - Loading from file system: jar:file:/C:/Users/Admin/.m2/repository/com/github/almasb/fxgl/25/fxgl-25.jar!/fxglassets/ui/css/fxgl_dark.css
10:49:29.111 [FXGL Background Thread 1 ] DEBUG GameApplicationServi - Initializing application scenes
10:49:29.144 [FXGL Background Thread 1 ] DEBUG GameWorld            - Game world initialized
10:49:29.177 [FXGL Background Thread 1 ] DEBUG PhysicsWorld         - Physics world initialized: appHeight=720, physics.ppm=50.0
10:49:29.177 [FXGL Background Thread 1 ] DEBUG PhysicsWorld         - Using strategy: BRUTE_FORCE
10:49:29.181 [FXGL Background Thread 1 ] DEBUG GameScene            - Game scene initialized: 1280x720
10:49:29.192 [FXGL Background Thread 1 ] DEBUG FXGL.DefaultMenu     - createMenuBodyGameMenu()
10:49:29.207 [FXGL Background Thread 1 ] DEBUG FXGL.DefaultMenu     - createOptionsMenu()
10:49:29.217 [FXGL Background Thread 1 ] DEBUG FXGLAssetLoaderServi - Loading from file system: jar:file:/C:/Users/Admin/.m2/repository/com/github/almasb/fxgl/25/fxgl-25.jar!/fxglassets/textures/particles/smoke.png
10:49:29.278 [FXGL Background Thread 1 ] DEBUG FXGLAssetLoaderServi - Loading from file system: jar:file:/C:/Users/Admin/.m2/repository/com/github/almasb/fxgl/25/fxgl-25.jar!/fxglassets/textures/particles/trace_horizontal.png
10:49:29.302 [FXGL Background Thread 1 ] DEBUG GameApplicationServi - Application scenes initialized
10:49:29.312 [FXGL Background Thread 1 ] DEBUG SystemBundleService  - Loading FXGL system data
10:49:29.315 [FXGL Background Thread 1 ] DEBUG FileSystemAccess     - Reading from: D:\GameDevelop\Project1\system\fxgl.bundle
10:49:29.320 [FXGL Background Thread 1 ] DEBUG SystemBundleService  - Bundle FXGL: {}
10:49:29.320 [FXGL Background Thread 1 ] DEBUG UpdaterService       - Checking for updates
10:49:29.340 [FXGL Background Thread 4 ] DEBUG FXGLApplication      - Loading fonts
10:49:29.341 [FXGL Background Thread 4 ] DEBUG FXGLAssetLoaderServi - Loading from file system: jar:file:/C:/Users/Admin/.m2/repository/com/github/almasb/fxgl/25/fxgl-25.jar!/fxglassets/ui/fonts/VarelaRound-Regular.ttf
10:49:29.341 [FXGL Background Thread 1 ] DEBUG FXGLApplication      - Loading default localization
10:49:29.341 [FXGL Background Thread 1 ] DEBUG FXGLAssetLoaderServi - Loading from file system: jar:file:/C:/Users/Admin/.m2/repository/com/github/almasb/fxgl/25/fxgl-25.jar!/fxglassets/languages/english.lang
10:49:29.350 [FXGL Background Thread 1 ] INFO  FXGLApplication      - FXGL initialization took: 0.326 sec
10:49:29.356 [JavaFX Application Thread] DEBUG Input                - Registered new binding: Move Right - D
10:49:29.357 [JavaFX Application Thread] DEBUG Input                - Registered new binding: Move Left - A
10:49:29.357 [JavaFX Application Thread] DEBUG Input                - Registered new binding: Move Up - W
10:49:29.357 [JavaFX Application Thread] DEBUG Input                - Registered new binding: Move Down - S
10:49:29.358 [JavaFX Application Thread] DEBUG Input                - Registered new binding: action0 - I
10:49:29.358 [JavaFX Application Thread] DEBUG Input                - Registered new binding: action1 - R
10:49:29.360 [JavaFX Application Thread] DEBUG Input                - Registered new binding: action2 - F
10:49:29.360 [JavaFX Application Thread] DEBUG Input                - Registered new binding: action3 - E
10:49:29.360 [JavaFX Application Thread] DEBUG Input                - Registered new binding: action4 - 1
10:49:29.360 [JavaFX Application Thread] DEBUG Input                - Registered new binding: action5 - 2
10:49:29.361 [JavaFX Application Thread] DEBUG Input                - Registered new binding: action6 - 3
10:49:29.361 [JavaFX Application Thread] DEBUG Input                - Registered new binding: action7 - 4
10:49:29.361 [JavaFX Application Thread] DEBUG Input                - Registered new binding: action8 - 5
10:49:29.361 [JavaFX Application Thread] DEBUG Input                - Registered new binding: action9 - 6
10:49:29.361 [JavaFX Application Thread] DEBUG Input                - Registered new binding: action10 - 7
10:49:29.361 [JavaFX Application Thread] DEBUG Input                - Registered new binding: action11 - 8
10:49:29.361 [JavaFX Application Thread] DEBUG Input                - Registered new binding: action12 - 9
10:49:29.361 [JavaFX Application Thread] DEBUG Input                - Registered new binding: action13 - Q
10:49:29.363 [JavaFX Application Thread] DEBUG Input                - Registered new binding: action14 - Tab
10:49:29.363 [JavaFX Application Thread] DEBUG FXGLAssetLoaderServi - Loading from file system: jar:file:/C:/Users/Admin/.m2/repository/com/github/almasb/fxgl/25/fxgl-25.jar!/fxglassets/textures/fxgl_icon.png
10:49:29.368 [FXGL Background Thread 4 ] DEBUG FXGLAssetLoaderServi - Loading from file system: jar:file:/C:/Users/Admin/.m2/repository/com/github/almasb/fxgl/25/fxgl-25.jar!/fxglassets/ui/fonts/Abel-Regular.ttf
10:49:29.377 [JavaFX Application Thread] DEBUG FXGLAssetLoaderServi - Loading from file system: jar:file:/C:/Users/Admin/.m2/repository/com/github/almasb/fxgl/25/fxgl-25.jar!/fxglassets/textures/fxgl_default_cursor.png
10:49:29.380 [FXGL Background Thread 4 ] DEBUG FXGLAssetLoaderServi - Loading from file system: jar:file:/C:/Users/Admin/.m2/repository/com/github/almasb/fxgl/25/fxgl-25.jar!/fxglassets/ui/fonts/TerminalLandMono-Regular.otf
10:49:29.380 [JavaFX Application Thread] DEBUG Input                - Registered new binding: Screenshot - CTRL+8
10:49:29.380 [JavaFX Application Thread] DEBUG Input                - Registered new binding: Dev Options - 1
10:49:29.381 [JavaFX Application Thread] DEBUG Input                - Registered new binding: Dev Console - 2
10:49:29.381 [JavaFX Application Thread] DEBUG Input                - Registered new binding: System info dump - CTRL+9
10:49:29.381 [JavaFX Application Thread] DEBUG Input                - Registered new binding: Restart - CTRL+R
10:49:29.382 [JavaFX Application Thread] DEBUG Input                - Registered new binding: Toggle Debug Camera - CTRL+7
10:49:29.385 [JavaFX Application Thread] DEBUG LoopRunner           - Starting loop
10:49:29.390 [FXGL Background Thread 4 ] DEBUG FXGLAssetLoaderServi - Loading from file system: jar:file:/C:/Users/Admin/.m2/repository/com/github/almasb/fxgl/25/fxgl-25.jar!/fxglassets/ui/fonts/Courier-Prime.ttf
10:49:29.396 [JavaFX Application Thread] DEBUG LoopRunner           - Initializing JavaFX AnimationTimerLoop
10:49:29.397 [JavaFX Application Thread] DEBUG GameApplicationServi - Starting new game
10:49:29.397 [JavaFX Application Thread] DEBUG Input                - Clearing active input actions
10:49:29.413 [JavaFX Application Thread] DEBUG GameApplicationServi - Removing overlay from FXGLStartupScene and adding to FXGLLoadingScene
10:49:29.415 [JavaFX Application Thread] DEBUG PrimaryStageWindow   - FXGLStartupScene -> FXGLLoadingScene
10:49:29.415 [JavaFX Application Thread] DEBUG GameApplicationServi - Clearing previous game
10:49:29.415 [JavaFX Application Thread] DEBUG GameScene            - Clearing game scene
10:49:29.415 [JavaFX Application Thread] DEBUG GameWorld            - Clearing game world
10:49:29.415 [JavaFX Application Thread] DEBUG PhysicsWorld         - Clearing physics world
10:49:29.416 [FXGL Background Thread 4 ] DEBUG FXGLApplication      - Initializing game
10:49:29.441 [FXGL Background Thread 4 ] WARN  TMXLevelLoader       - TiledMap generated from 1.12.0. Supported version: 1.9.0. Some features may not be parsed fully.
10:49:29.472 [FXGL Background Thread 4 ] DEBUG TMXLevelLoader       - Parsed TiledMap: file:/D:/GameDevelop/Project1/target/classes/assets/levels/Main_level.tmx
10:49:29.474 [FXGL Background Thread 4 ] DEBUG TMXLevelLoader       - Creating tile layer entities
10:49:29.475 [FXGL Background Thread 4 ] DEBUG TilesetLoader        - Loading view for layer BackgroundLayer
10:49:29.482 [FXGL Background Thread 4 ] DEBUG TilesetLoader        - Created buffer with size 3520.0x2048.0
10:49:29.536 [FXGL Background Thread 4 ] DEBUG TilesetLoader        - Loading view for layer DecorationLayer
10:49:29.545 [FXGL Background Thread 4 ] DEBUG TilesetLoader        - Created buffer with size 3520.0x2048.0
10:49:29.578 [FXGL Background Thread 4 ] DEBUG TilesetLoader        - Loading view for layer OverheadLayer
10:49:29.585 [FXGL Background Thread 4 ] DEBUG TilesetLoader        - Created buffer with size 3520.0x2048.0
10:49:29.587 [JavaFX Application Thread] DEBUG FXGLApplication      - Registering font factories with UI factory
10:49:29.587 [FXGL Background Thread 4 ] DEBUG TMXLevelLoader       - Creating object layer entities
10:49:29.600 [FXGL Background Thread 4 ] DEBUG FXGLAssetLoaderServi - Loading from file system: file:/D:/GameDevelop/Project1/target/classes/assets/textures/Player/Carry_Idle/Carry_Idle_Down-Sheet.png
10:49:29.604 [FXGL Background Thread 4 ] DEBUG FXGLAssetLoaderServi - Loading from file system: file:/D:/GameDevelop/Project1/target/classes/assets/textures/Player/Carry_Idle/Carry_Idle_Up-Sheet.png
10:49:29.605 [FXGL Background Thread 4 ] DEBUG FXGLAssetLoaderServi - Loading from file system: file:/D:/GameDevelop/Project1/target/classes/assets/textures/Player/Carry_Idle/Carry_Idle_Side-Sheet.png
10:49:29.606 [FXGL Background Thread 4 ] DEBUG FXGLAssetLoaderServi - Loading from file system: file:/D:/GameDevelop/Project1/target/classes/assets/textures/Player/Carry_Walk/Carry_Walk_Down-Sheet.png
10:49:29.607 [FXGL Background Thread 4 ] DEBUG FXGLAssetLoaderServi - Loading from file system: file:/D:/GameDevelop/Project1/target/classes/assets/textures/Player/Carry_Walk/Carry_Walk_Up-Sheet.png
10:49:29.608 [FXGL Background Thread 4 ] DEBUG FXGLAssetLoaderServi - Loading from file system: file:/D:/GameDevelop/Project1/target/classes/assets/textures/Player/Carry_Walk/Carry_Walk_Side-Sheet.png
10:49:29.610 [FXGL Background Thread 4 ] DEBUG FXGLAssetLoaderServi - Loading from file system: file:/D:/GameDevelop/Project1/target/classes/assets/textures/Player/Carry_Run/Carry_Run_Down-Sheet.png
10:49:29.611 [FXGL Background Thread 4 ] DEBUG FXGLAssetLoaderServi - Loading from file system: file:/D:/GameDevelop/Project1/target/classes/assets/textures/Player/Carry_Run/Carry_Run_Up-Sheet.png
10:49:29.612 [FXGL Background Thread 4 ] DEBUG FXGLAssetLoaderServi - Loading from file system: file:/D:/GameDevelop/Project1/target/classes/assets/textures/Player/Carry_Run/Carry_Run_Side-Sheet.png
10:49:29.706 [FXGL Background Thread 4 ] DEBUG GameWorld            - Clearing removable entities
10:49:29.707 [FXGL Background Thread 4 ] DEBUG GameWorld            - Setting level: com.almasb.fxgl.entity.level.Level@6acf3e42
10:49:29.763 [FXGL Background Thread 4 ] DEBUG FXGLAssetLoaderServi - Loading from file system: file:/D:/GameDevelop/Project1/target/classes/assets/textures/Crops/soil_1.png
10:49:29.767 [FXGL Background Thread 4 ] DEBUG FXGLAssetLoaderServi - Loading from file system: file:/D:/GameDevelop/Project1/target/classes/assets/textures/Crops/rice_1.png
10:49:29.770 [FXGL Background Thread 4 ] DEBUG FXGLAssetLoaderServi - Loading from file system: file:/D:/GameDevelop/Project1/target/classes/assets/textures/Crops/rice_3.png
10:49:29.774 [FXGL Background Thread 4 ] DEBUG FXGLAssetLoaderServi - Loading from file system: file:/D:/GameDevelop/Project1/target/classes/assets/textures/Crops/soil_2.png
10:49:29.776 [FXGL Background Thread 4 ] DEBUG FXGLAssetLoaderServi - Loading from file system: file:/D:/GameDevelop/Project1/target/classes/assets/textures/UI/heart_sprite.png
10:49:29.779 [FXGL Background Thread 4 ] INFO  FXGLApplication      - Game initialization took: 0.362 sec
10:49:29.780 [JavaFX Application Thread] DEBUG Input                - Clearing active input actions
10:49:29.794 [JavaFX Application Thread] DEBUG GameApplicationServi - Removing overlay from FXGLLoadingScene and adding to GameScene
10:49:29.797 [JavaFX Application Thread] DEBUG PrimaryStageWindow   - FXGLLoadingScene -> GameScene
10:49:32.340 [FXGL Background Thread 3 ] DEBUG Engine               - Logging environment variables
10:49:32.341 [FXGL Background Thread 3 ] DEBUG Engine               - achievements: []
10:49:32.341 [FXGL Background Thread 3 ] DEBUG Engine               - actualHeight: 720.0
10:49:32.341 [FXGL Background Thread 3 ] DEBUG Engine               - actualHeightProperty: ReadOnlyDoubleProperty [value: 720.0]
10:49:32.341 [FXGL Background Thread 3 ] DEBUG Engine               - actualWidth: 1280.0
10:49:32.341 [FXGL Background Thread 3 ] DEBUG Engine               - actualWidthProperty: ReadOnlyDoubleProperty [value: 1280.0]
10:49:32.341 [FXGL Background Thread 3 ] DEBUG Engine               - appIcon: fxgl_icon.png
10:49:32.341 [FXGL Background Thread 3 ] DEBUG Engine               - applicationMode: DEVELOPER
10:49:32.341 [FXGL Background Thread 3 ] DEBUG Engine               - cSSList: [fxgl_dark.css]
10:49:32.341 [FXGL Background Thread 3 ] DEBUG Engine               - collisionDetectionStrategy: BRUTE_FORCE
10:49:32.343 [FXGL Background Thread 3 ] DEBUG Engine               - configClass: Optional.empty
10:49:32.343 [FXGL Background Thread 3 ] DEBUG Engine               - credits: []
10:49:32.343 [FXGL Background Thread 3 ] DEBUG Engine               - defaultCursor: CursorInfo(imageName=fxgl_default_cursor.png, hotspotX=7.0, hotspotY=6.0)
10:49:32.343 [FXGL Background Thread 3 ] DEBUG Engine               - devBBoxColorProperty: ObjectProperty [value: 0xff0000ff]
10:49:32.343 [FXGL Background Thread 3 ] DEBUG Engine               - devEnableDebugCameraProperty: BooleanProperty [value: false]
10:49:32.343 [FXGL Background Thread 3 ] DEBUG Engine               - devSensorColorProperty: ObjectProperty [value: 0xffff00ff]
10:49:32.343 [FXGL Background Thread 3 ] DEBUG Engine               - devShowBBoxProperty: BooleanProperty [value: false]
10:49:32.343 [FXGL Background Thread 3 ] DEBUG Engine               - devShowPositionProperty: BooleanProperty [value: false]
10:49:32.343 [FXGL Background Thread 3 ] DEBUG Engine               - enabledMenuItems: []
10:49:32.343 [FXGL Background Thread 3 ] DEBUG Engine               - engineServices: [class com.almasb.fxgl.app.services.FXGLAssetLoaderService, class com.almasb.fxgl.app.FXGLApplication$GameApplicationService, class com.almasb.fxgl.app.services.FXGLDialogService, class com.almasb.fxgl.app.services.IOTaskExecutorService, class com.almasb.fxgl.io.FileSystemService, class com.almasb.fxgl.localization.LocalizationService, class com.almasb.fxgl.app.services.SystemBundleService, class com.almasb.fxgl.profile.SaveLoadService, class com.almasb.fxgl.ui.FXGLUIFactoryServiceProvider, class com.almasb.fxgl.ui.FXGLDialogFactoryServiceProvider, class com.almasb.fxgl.audio.AudioPlayer, class com.almasb.fxgl.notification.impl.NotificationServiceProvider, class com.almasb.fxgl.achievement.AchievementService, class com.almasb.fxgl.cutscene.CutsceneService, class com.almasb.fxgl.minigames.MiniGameService, class com.almasb.fxgl.net.NetService, class com.almasb.fxgl.app.services.UpdaterService, class com.almasb.fxgl.dev.DevService]
10:49:32.343 [FXGL Background Thread 3 ] DEBUG Engine               - fontGame: Abel-Regular.ttf
10:49:32.343 [FXGL Background Thread 3 ] DEBUG Engine               - fontMono: TerminalLandMono-Regular.otf
10:49:32.343 [FXGL Background Thread 3 ] DEBUG Engine               - fontSizeScaleUI: 1.0
10:49:32.343 [FXGL Background Thread 3 ] DEBUG Engine               - fontText: Courier-Prime.ttf
10:49:32.343 [FXGL Background Thread 3 ] DEBUG Engine               - fontUI: VarelaRound-Regular.ttf
10:49:32.343 [FXGL Background Thread 3 ] DEBUG Engine               - fpsRefreshRate: 500.0 ms
10:49:32.343 [FXGL Background Thread 3 ] DEBUG Engine               - fullScreen: BooleanProperty [value: false]
10:49:32.344 [FXGL Background Thread 3 ] DEBUG Engine               - gameDifficulty: MEDIUM
10:49:32.344 [FXGL Background Thread 3 ] DEBUG Engine               - gameDifficultyProperty: ObjectProperty [value: MEDIUM]
10:49:32.344 [FXGL Background Thread 3 ] DEBUG Engine               - globalMusicVolume: 0.5
10:49:32.344 [FXGL Background Thread 3 ] DEBUG Engine               - globalMusicVolumeProperty: DoubleProperty [value: 0.5]
10:49:32.344 [FXGL Background Thread 3 ] DEBUG Engine               - globalSoundVolume: 0.5
10:49:32.344 [FXGL Background Thread 3 ] DEBUG Engine               - globalSoundVolumeProperty: DoubleProperty [value: 0.5]
10:49:32.344 [FXGL Background Thread 3 ] DEBUG Engine               - height: 720
10:49:32.344 [FXGL Background Thread 3 ] DEBUG Engine               - is3D: false
10:49:32.344 [FXGL Background Thread 3 ] DEBUG Engine               - isAndroid: false
10:49:32.344 [FXGL Background Thread 3 ] DEBUG Engine               - isBrowser: false
10:49:32.344 [FXGL Background Thread 3 ] DEBUG Engine               - isClickFeedbackEnabled: false
10:49:32.344 [FXGL Background Thread 3 ] DEBUG Engine               - isCloseConfirmation: false
10:49:32.344 [FXGL Background Thread 3 ] DEBUG Engine               - isDesktop: true
10:49:32.344 [FXGL Background Thread 3 ] DEBUG Engine               - isDeveloperMenuEnabled: true
10:49:32.344 [FXGL Background Thread 3 ] DEBUG Engine               - isEmbedded: false
10:49:32.344 [FXGL Background Thread 3 ] DEBUG Engine               - isEntityPreloadEnabled: true
10:49:32.344 [FXGL Background Thread 3 ] DEBUG Engine               - isExperimentalTiledLargeMap: false
10:49:32.344 [FXGL Background Thread 3 ] DEBUG Engine               - isFileSystemWriteAllowed: true
10:49:32.344 [FXGL Background Thread 3 ] DEBUG Engine               - isFullScreenAllowed: false
10:49:32.344 [FXGL Background Thread 3 ] DEBUG Engine               - isFullScreenFromStart: false
10:49:32.344 [FXGL Background Thread 3 ] DEBUG Engine               - isGameMenuEnabled: true
10:49:32.344 [FXGL Background Thread 3 ] DEBUG Engine               - isIOS: false
10:49:32.344 [FXGL Background Thread 3 ] DEBUG Engine               - isIntroEnabled: false
10:49:32.344 [FXGL Background Thread 3 ] DEBUG Engine               - isLinux: false
10:49:32.344 [FXGL Background Thread 3 ] DEBUG Engine               - isMac: false
10:49:32.344 [FXGL Background Thread 3 ] DEBUG Engine               - isMainMenuEnabled: false
10:49:32.344 [FXGL Background Thread 3 ] DEBUG Engine               - isManualResizeEnabled: false
10:49:32.344 [FXGL Background Thread 3 ] DEBUG Engine               - isMobile: false
10:49:32.344 [FXGL Background Thread 3 ] DEBUG Engine               - isNative: false
10:49:32.344 [FXGL Background Thread 3 ] DEBUG Engine               - isPauseMusicWhenMinimized: true
10:49:32.344 [FXGL Background Thread 3 ] DEBUG Engine               - isPreserveResizeRatio: false
10:49:32.344 [FXGL Background Thread 3 ] DEBUG Engine               - isProfilingEnabled: false
10:49:32.344 [FXGL Background Thread 3 ] DEBUG Engine               - isScaleAffectedOnResize: true
10:49:32.344 [FXGL Background Thread 3 ] DEBUG Engine               - isSingleStep: false
10:49:32.344 [FXGL Background Thread 3 ] DEBUG Engine               - isUserProfileEnabled: false
10:49:32.344 [FXGL Background Thread 3 ] DEBUG Engine               - isWindows: true
10:49:32.344 [FXGL Background Thread 3 ] DEBUG Engine               - language: ObjectProperty [value: ENGLISH]
10:49:32.344 [FXGL Background Thread 3 ] DEBUG Engine               - menuKey: ESCAPE
10:49:32.344 [FXGL Background Thread 3 ] DEBUG Engine               - mouseSensitivity: 0.2
10:49:32.344 [FXGL Background Thread 3 ] DEBUG Engine               - notificationViewClass: class com.almasb.fxgl.notification.view.XboxNotificationView
10:49:32.344 [FXGL Background Thread 3 ] DEBUG Engine               - pixelsPerMeter: 50.0
10:49:32.344 [FXGL Background Thread 3 ] DEBUG Engine               - platform: WINDOWS
10:49:32.344 [FXGL Background Thread 3 ] DEBUG Engine               - prefHeightProperty: ReadOnlyDoubleProperty [value: 720.0]
10:49:32.344 [FXGL Background Thread 3 ] DEBUG Engine               - prefWidthProperty: ReadOnlyDoubleProperty [value: 1280.0]
10:49:32.344 [FXGL Background Thread 3 ] DEBUG Engine               - profileDir: profiles/
10:49:32.344 [FXGL Background Thread 3 ] DEBUG Engine               - profileName: StringProperty [value: DEFAULT]
10:49:32.344 [FXGL Background Thread 3 ] DEBUG Engine               - randomSeed: -1
10:49:32.344 [FXGL Background Thread 3 ] DEBUG Engine               - runtimeInfo: RuntimeInfo(platform=WINDOWS, version=25, build=05.02.2026 22.57)
10:49:32.344 [FXGL Background Thread 3 ] DEBUG Engine               - saveFileExt: sav
10:49:32.344 [FXGL Background Thread 3 ] DEBUG Engine               - scaledHeightProp$fxgl: DoubleProperty [bound, value: 720.0]
10:49:32.344 [FXGL Background Thread 3 ] DEBUG Engine               - scaledWidthProp$fxgl: DoubleProperty [bound, value: 1280.0]
10:49:32.344 [FXGL Background Thread 3 ] DEBUG Engine               - sceneFactory: com.almasb.fxgl.app.scene.SceneFactory@213b23a1
10:49:32.344 [FXGL Background Thread 3 ] DEBUG Engine               - secondsIn24h: 60
10:49:32.344 [FXGL Background Thread 3 ] DEBUG Engine               - soundMenuBack: menu/back.wav
10:49:32.344 [FXGL Background Thread 3 ] DEBUG Engine               - soundMenuPress: menu/press.wav
10:49:32.344 [FXGL Background Thread 3 ] DEBUG Engine               - soundMenuSelect: menu/select.wav
10:49:32.344 [FXGL Background Thread 3 ] DEBUG Engine               - soundNotification: core/notification.wav
10:49:32.344 [FXGL Background Thread 3 ] DEBUG Engine               - stageStyle: DECORATED
10:49:32.344 [FXGL Background Thread 3 ] DEBUG Engine               - supportedLanguages: [ENGLISH, FRENCH, GERMAN, HUNGARIAN, RUSSIAN]
10:49:32.344 [FXGL Background Thread 3 ] DEBUG Engine               - ticksPerSecond: -1
10:49:32.344 [FXGL Background Thread 3 ] DEBUG Engine               - title: Untitled
10:49:32.344 [FXGL Background Thread 3 ] DEBUG Engine               - urlGithub: https://github.com/AlmasB/FXGL
10:49:32.344 [FXGL Background Thread 3 ] DEBUG Engine               - urlLeaderboard: http://fxgl-top.herokuapp.com/
10:49:32.344 [FXGL Background Thread 3 ] DEBUG Engine               - urlPOM: https://raw.githubusercontent.com/AlmasB/FXGL/release/README.md
10:49:32.344 [FXGL Background Thread 3 ] DEBUG Engine               - userAppClass: class Project1Game.Main
10:49:32.344 [FXGL Background Thread 3 ] DEBUG Engine               - version: 0.0
10:49:32.344 [FXGL Background Thread 3 ] DEBUG Engine               - versionCheckDays: 7
10:49:32.344 [FXGL Background Thread 3 ] DEBUG Engine               - width: 1280
10:49:32.344 [FXGL Background Thread 3 ] DEBUG Engine               - Logging services
10:49:32.344 [FXGL Background Thread 3 ] DEBUG Engine               - class com.almasb.fxgl.app.services.FXGLAssetLoaderService
10:49:32.344 [FXGL Background Thread 3 ] DEBUG Engine               - class com.almasb.fxgl.app.FXGLApplication$GameApplicationService
10:49:32.344 [FXGL Background Thread 3 ] DEBUG Engine               - class com.almasb.fxgl.app.services.FXGLDialogService
10:49:32.344 [FXGL Background Thread 3 ] DEBUG Engine               - class com.almasb.fxgl.app.services.IOTaskExecutorService
10:49:32.344 [FXGL Background Thread 3 ] DEBUG Engine               - class com.almasb.fxgl.io.FileSystemService
10:49:32.344 [FXGL Background Thread 3 ] DEBUG Engine               - class com.almasb.fxgl.localization.LocalizationService
10:49:32.344 [FXGL Background Thread 3 ] DEBUG Engine               - class com.almasb.fxgl.app.services.SystemBundleService
10:49:32.344 [FXGL Background Thread 3 ] DEBUG Engine               - class com.almasb.fxgl.profile.SaveLoadService
10:49:32.344 [FXGL Background Thread 3 ] DEBUG Engine               - class com.almasb.fxgl.ui.FXGLUIFactoryServiceProvider
10:49:32.344 [FXGL Background Thread 3 ] DEBUG Engine               - class com.almasb.fxgl.ui.FXGLDialogFactoryServiceProvider
10:49:32.344 [FXGL Background Thread 3 ] DEBUG Engine               - class com.almasb.fxgl.audio.AudioPlayer
10:49:32.344 [FXGL Background Thread 3 ] DEBUG Engine               - class com.almasb.fxgl.notification.impl.NotificationServiceProvider
10:49:32.344 [FXGL Background Thread 3 ] DEBUG Engine               - class com.almasb.fxgl.achievement.AchievementService
10:49:32.344 [FXGL Background Thread 3 ] DEBUG Engine               - class com.almasb.fxgl.cutscene.CutsceneService
10:49:32.344 [FXGL Background Thread 3 ] DEBUG Engine               - class com.almasb.fxgl.minigames.MiniGameService
10:49:32.344 [FXGL Background Thread 3 ] DEBUG Engine               - class com.almasb.fxgl.net.NetService
10:49:32.344 [FXGL Background Thread 3 ] DEBUG Engine               - class com.almasb.fxgl.app.services.UpdaterService
10:49:32.344 [FXGL Background Thread 3 ] DEBUG Engine               - class com.almasb.fxgl.dev.DevService
10:50:03.827 [JavaFX Application Thread] DEBUG FXGLAssetLoaderServi - Loading from file system: file:/D:/GameDevelop/Project1/target/classes/assets/textures/Crops/vectoraith_tileset_farmingsims_crops_dense_spring_32x32.png
10:50:41.998 [JavaFX Application Thread] DEBUG FXGLApplication      - Exiting FXGL
10:50:41.999 [JavaFX Application Thread] DEBUG LoopRunner           - Stopping loop
10:50:42.001 [JavaFX Application Thread] DEBUG SystemBundleService  - Saving FXGL system data
10:50:42.003 [JavaFX Application Thread] DEBUG FileSystemAccess     - Writing to: D:\GameDevelop\Project1\system\fxgl.bundle
10:50:42.006 [JavaFX Application Thread] DEBUG Async                - Shutting down background threads
10:50:42.006 [JavaFX Application Thread] DEBUG PrimaryStageWindow   - Closing main window
10:50:42.014 [JavaFX Application Thread] DEBUG Logger               - Closing Logger
