12:56:58.261 [main                     ] DEBUG Logger               - Configured Logger
12:56:58.270 [main                     ] DEBUG GameApplication      - Logging settings
Title: Untitled
Version: 0.0
Width: 1280
Height: 720
Fullscreen: false
Intro: false
Profiling: false
Single step:false
App Mode: DEVELOPER
Menu Key: ESCAPE
Stage Style: DECORATED
Scene Factory: class com.almasb.fxgl.app.scene.SceneFactory

12:57:00.066 [JavaFX Application Thread] DEBUG FXGLApplication      - Initializing FXGL
12:57:00.071 [JavaFX Application Thread] INFO  Engine               - FXGL-25 (05.02.2026 22.57) on WINDOWS (J:25.0.1 FX:25.0.1)
12:57:00.071 [JavaFX Application Thread] DEBUG Engine               - JRE Vendor Name: Oracle Corporation
12:57:00.071 [JavaFX Application Thread] DEBUG Engine               - Running on OS: Windows 11 version 10.0
12:57:00.071 [JavaFX Application Thread] DEBUG Engine               - Architecture: amd64
12:57:00.071 [JavaFX Application Thread] INFO  Engine               - Source code and latest versions at: https://github.com/AlmasB/FXGL
12:57:00.071 [JavaFX Application Thread] INFO  Engine               -       Ask questions and discuss at: https://github.com/AlmasB/FXGL/discussions
12:57:00.188 [JavaFX Application Thread] DEBUG PrimaryStageWindow   - Creating a JavaFX scene
12:57:00.287 [JavaFX Application Thread] DEBUG PrimaryStageWindow   - Target settings size: 1280.0 x 720.0
12:57:00.287 [JavaFX Application Thread] DEBUG PrimaryStageWindow   - Scaled scene size:    1280.0 x 720.0
12:57:00.288 [JavaFX Application Thread] DEBUG PrimaryStageWindow   - Scaled ratio: (1.0, 1.0)
12:57:00.289 [JavaFX Application Thread] DEBUG PrimaryStageWindow   - Set initial scene to FXGLStartupScene
12:57:00.293 [JavaFX Application Thread] DEBUG PrimaryStageWindow   - Opening main window
12:57:00.723 [JavaFX Application Thread] DEBUG PrimaryStageWindow   - Window border size: (14.4000244140625, 37.5999755859375)
12:57:00.723 [JavaFX Application Thread] DEBUG PrimaryStageWindow   - Scaled size: 1280.0 x 720.0
12:57:00.724 [JavaFX Application Thread] DEBUG PrimaryStageWindow   - Scaled ratio: (1.0, 1.0)
12:57:00.724 [JavaFX Application Thread] DEBUG PrimaryStageWindow   - Scene size: 1280.0 x 720.0
12:57:00.724 [JavaFX Application Thread] DEBUG PrimaryStageWindow   - Stage size: 1294.4000244140625 x 757.5999755859375
12:57:00.738 [FXGL Background Thread 1 ] DEBUG Engine               - Initializing environment variables
12:57:00.804 [FXGL Background Thread 1 ] DEBUG FXGLAssetLoaderServi - User app class for loading assets: class Project1Game.Main
12:57:00.804 [FXGL Background Thread 1 ] DEBUG GameApplicationServi - Applying CSS: fxgl_dark.css
12:57:00.805 [FXGL Background Thread 1 ] DEBUG FXGLAssetLoaderServi - Loading from file system: jar:file:/C:/Users/Admin/.m2/repository/com/github/almasb/fxgl/25/fxgl-25.jar!/fxglassets/ui/css/fxgl_dark.css
12:57:00.868 [FXGL Background Thread 1 ] DEBUG GameApplicationServi - Initializing application scenes
12:57:00.926 [FXGL Background Thread 1 ] DEBUG GameWorld            - Game world initialized
12:57:00.981 [FXGL Background Thread 1 ] DEBUG PhysicsWorld         - Physics world initialized: appHeight=720, physics.ppm=50.0
12:57:00.981 [FXGL Background Thread 1 ] DEBUG PhysicsWorld         - Using strategy: BRUTE_FORCE
12:57:00.988 [FXGL Background Thread 1 ] DEBUG GameScene            - Game scene initialized: 1280x720
12:57:01.005 [FXGL Background Thread 1 ] DEBUG FXGL.DefaultMenu     - createMenuBodyGameMenu()
12:57:01.028 [FXGL Background Thread 1 ] DEBUG FXGL.DefaultMenu     - createOptionsMenu()
12:57:01.041 [FXGL Background Thread 1 ] DEBUG FXGLAssetLoaderServi - Loading from file system: jar:file:/C:/Users/Admin/.m2/repository/com/github/almasb/fxgl/25/fxgl-25.jar!/fxglassets/textures/particles/smoke.png
12:57:01.133 [FXGL Background Thread 1 ] DEBUG FXGLAssetLoaderServi - Loading from file system: jar:file:/C:/Users/Admin/.m2/repository/com/github/almasb/fxgl/25/fxgl-25.jar!/fxglassets/textures/particles/trace_horizontal.png
12:57:01.169 [FXGL Background Thread 1 ] DEBUG GameApplicationServi - Application scenes initialized
12:57:01.182 [FXGL Background Thread 1 ] DEBUG SystemBundleService  - Loading FXGL system data
12:57:01.187 [FXGL Background Thread 1 ] DEBUG FileSystemAccess     - Reading from: D:\GameDevelop\Project1\system\fxgl.bundle
12:57:01.194 [FXGL Background Thread 1 ] DEBUG SystemBundleService  - Bundle FXGL: {}
12:57:01.194 [FXGL Background Thread 1 ] DEBUG UpdaterService       - Checking for updates
12:57:01.225 [FXGL Background Thread 4 ] DEBUG FXGLApplication      - Loading fonts
12:57:01.226 [FXGL Background Thread 4 ] DEBUG FXGLAssetLoaderServi - Loading from file system: jar:file:/C:/Users/Admin/.m2/repository/com/github/almasb/fxgl/25/fxgl-25.jar!/fxglassets/ui/fonts/VarelaRound-Regular.ttf
12:57:01.226 [FXGL Background Thread 1 ] DEBUG FXGLApplication      - Loading default localization
12:57:01.226 [FXGL Background Thread 1 ] DEBUG FXGLAssetLoaderServi - Loading from file system: jar:file:/C:/Users/Admin/.m2/repository/com/github/almasb/fxgl/25/fxgl-25.jar!/fxglassets/languages/english.lang
12:57:01.240 [FXGL Background Thread 1 ] INFO  FXGLApplication      - FXGL initialization took: 0.502 sec
12:57:01.249 [JavaFX Application Thread] DEBUG Input                - Registered new binding: Move Right - D
12:57:01.249 [JavaFX Application Thread] DEBUG Input                - Registered new binding: Move Left - A
12:57:01.249 [JavaFX Application Thread] DEBUG Input                - Registered new binding: Move Up - W
12:57:01.249 [JavaFX Application Thread] DEBUG Input                - Registered new binding: Move Down - S
12:57:01.251 [JavaFX Application Thread] DEBUG Input                - Registered new binding: action0 - R
12:57:01.251 [JavaFX Application Thread] DEBUG Input                - Registered new binding: action1 - F
12:57:01.251 [JavaFX Application Thread] DEBUG Input                - Registered new binding: action2 - E
12:57:01.251 [JavaFX Application Thread] DEBUG Input                - Registered new binding: action3 - 1
12:57:01.252 [JavaFX Application Thread] DEBUG Input                - Registered new binding: action4 - 2
12:57:01.252 [JavaFX Application Thread] DEBUG Input                - Registered new binding: action5 - 3
12:57:01.253 [JavaFX Application Thread] DEBUG Input                - Registered new binding: action6 - 4
12:57:01.253 [JavaFX Application Thread] DEBUG Input                - Registered new binding: action7 - 5
12:57:01.253 [JavaFX Application Thread] DEBUG Input                - Registered new binding: action8 - 6
12:57:01.253 [JavaFX Application Thread] DEBUG Input                - Registered new binding: action9 - 7
12:57:01.255 [JavaFX Application Thread] DEBUG Input                - Registered new binding: action10 - 8
12:57:01.255 [JavaFX Application Thread] DEBUG Input                - Registered new binding: action11 - 9
12:57:01.255 [JavaFX Application Thread] DEBUG Input                - Registered new binding: action12 - Q
12:57:01.256 [JavaFX Application Thread] DEBUG Input                - Registered new binding: action13 - Tab
12:57:01.256 [JavaFX Application Thread] DEBUG FXGLAssetLoaderServi - Loading from file system: jar:file:/C:/Users/Admin/.m2/repository/com/github/almasb/fxgl/25/fxgl-25.jar!/fxglassets/textures/fxgl_icon.png
12:57:01.281 [FXGL Background Thread 4 ] DEBUG FXGLAssetLoaderServi - Loading from file system: jar:file:/C:/Users/Admin/.m2/repository/com/github/almasb/fxgl/25/fxgl-25.jar!/fxglassets/ui/fonts/Abel-Regular.ttf
12:57:01.282 [JavaFX Application Thread] DEBUG FXGLAssetLoaderServi - Loading from file system: jar:file:/C:/Users/Admin/.m2/repository/com/github/almasb/fxgl/25/fxgl-25.jar!/fxglassets/textures/fxgl_default_cursor.png
12:57:01.285 [JavaFX Application Thread] DEBUG Input                - Registered new binding: Screenshot - CTRL+8
12:57:01.286 [JavaFX Application Thread] DEBUG Input                - Registered new binding: Dev Options - 1
12:57:01.286 [JavaFX Application Thread] DEBUG Input                - Registered new binding: Dev Console - 2
12:57:01.287 [JavaFX Application Thread] DEBUG Input                - Registered new binding: System info dump - CTRL+9
12:57:01.287 [JavaFX Application Thread] DEBUG Input                - Registered new binding: Restart - CTRL+R
12:57:01.288 [JavaFX Application Thread] DEBUG Input                - Registered new binding: Toggle Debug Camera - CTRL+7
12:57:01.292 [JavaFX Application Thread] DEBUG LoopRunner           - Starting loop
12:57:01.294 [FXGL Background Thread 4 ] DEBUG FXGLAssetLoaderServi - Loading from file system: jar:file:/C:/Users/Admin/.m2/repository/com/github/almasb/fxgl/25/fxgl-25.jar!/fxglassets/ui/fonts/TerminalLandMono-Regular.otf
12:57:01.308 [JavaFX Application Thread] DEBUG LoopRunner           - Initializing JavaFX AnimationTimerLoop
12:57:01.310 [JavaFX Application Thread] DEBUG GameApplicationServi - Starting new game
12:57:01.311 [JavaFX Application Thread] DEBUG Input                - Clearing active input actions
12:57:01.324 [FXGL Background Thread 4 ] DEBUG FXGLAssetLoaderServi - Loading from file system: jar:file:/C:/Users/Admin/.m2/repository/com/github/almasb/fxgl/25/fxgl-25.jar!/fxglassets/ui/fonts/Courier-Prime.ttf
12:57:01.325 [JavaFX Application Thread] DEBUG GameApplicationServi - Removing overlay from FXGLStartupScene and adding to FXGLLoadingScene
12:57:01.331 [JavaFX Application Thread] DEBUG PrimaryStageWindow   - FXGLStartupScene -> FXGLLoadingScene
12:57:01.331 [JavaFX Application Thread] DEBUG GameApplicationServi - Clearing previous game
12:57:01.331 [JavaFX Application Thread] DEBUG GameScene            - Clearing game scene
12:57:01.332 [JavaFX Application Thread] DEBUG GameWorld            - Clearing game world
12:57:01.332 [JavaFX Application Thread] DEBUG PhysicsWorld         - Clearing physics world
12:57:01.335 [FXGL Background Thread 1 ] DEBUG FXGLApplication      - Initializing game
12:57:01.398 [FXGL Background Thread 1 ] WARN  TMXLevelLoader       - TiledMap generated from 1.12.0. Supported version: 1.9.0. Some features may not be parsed fully.
12:57:01.452 [FXGL Background Thread 1 ] DEBUG TMXLevelLoader       - Parsed TiledMap: file:/D:/GameDevelop/Project1/target/classes/assets/levels/Main_level.tmx
12:57:01.453 [FXGL Background Thread 1 ] DEBUG TMXLevelLoader       - Creating tile layer entities
12:57:01.456 [FXGL Background Thread 1 ] DEBUG TilesetLoader        - Loading view for layer BackgroundLayer
12:57:01.461 [FXGL Background Thread 1 ] DEBUG TilesetLoader        - Created buffer with size 3520.0x2048.0
12:57:01.537 [FXGL Background Thread 1 ] DEBUG TilesetLoader        - Loading view for layer DecorationLayer
12:57:01.543 [FXGL Background Thread 1 ] DEBUG TilesetLoader        - Created buffer with size 3520.0x2048.0
12:57:01.585 [FXGL Background Thread 1 ] DEBUG TilesetLoader        - Loading view for layer OverheadLayer
12:57:01.591 [FXGL Background Thread 1 ] DEBUG TilesetLoader        - Created buffer with size 3520.0x2048.0
12:57:01.594 [FXGL Background Thread 1 ] DEBUG TMXLevelLoader       - Creating object layer entities
12:57:01.597 [JavaFX Application Thread] DEBUG FXGLApplication      - Registering font factories with UI factory
12:57:01.617 [FXGL Background Thread 1 ] DEBUG FXGLAssetLoaderServi - Loading from file system: file:/D:/GameDevelop/Project1/target/classes/assets/textures/Player/Carry_Idle/Carry_Idle_Down-Sheet.png
12:57:01.620 [FXGL Background Thread 1 ] DEBUG FXGLAssetLoaderServi - Loading from file system: file:/D:/GameDevelop/Project1/target/classes/assets/textures/Player/Carry_Idle/Carry_Idle_Up-Sheet.png
12:57:01.622 [FXGL Background Thread 1 ] DEBUG FXGLAssetLoaderServi - Loading from file system: file:/D:/GameDevelop/Project1/target/classes/assets/textures/Player/Carry_Idle/Carry_Idle_Side-Sheet.png
12:57:01.624 [FXGL Background Thread 1 ] DEBUG FXGLAssetLoaderServi - Loading from file system: file:/D:/GameDevelop/Project1/target/classes/assets/textures/Player/Carry_Walk/Carry_Walk_Down-Sheet.png
12:57:01.625 [FXGL Background Thread 1 ] DEBUG FXGLAssetLoaderServi - Loading from file system: file:/D:/GameDevelop/Project1/target/classes/assets/textures/Player/Carry_Walk/Carry_Walk_Up-Sheet.png
12:57:01.628 [FXGL Background Thread 1 ] DEBUG FXGLAssetLoaderServi - Loading from file system: file:/D:/GameDevelop/Project1/target/classes/assets/textures/Player/Carry_Walk/Carry_Walk_Side-Sheet.png
12:57:01.629 [FXGL Background Thread 1 ] DEBUG FXGLAssetLoaderServi - Loading from file system: file:/D:/GameDevelop/Project1/target/classes/assets/textures/Player/Carry_Run/Carry_Run_Down-Sheet.png
12:57:01.631 [FXGL Background Thread 1 ] DEBUG FXGLAssetLoaderServi - Loading from file system: file:/D:/GameDevelop/Project1/target/classes/assets/textures/Player/Carry_Run/Carry_Run_Up-Sheet.png
12:57:01.633 [FXGL Background Thread 1 ] DEBUG FXGLAssetLoaderServi - Loading from file system: file:/D:/GameDevelop/Project1/target/classes/assets/textures/Player/Carry_Run/Carry_Run_Side-Sheet.png
12:57:01.832 [FXGL Background Thread 1 ] DEBUG GameWorld            - Clearing removable entities
12:57:01.833 [FXGL Background Thread 1 ] DEBUG GameWorld            - Setting level: com.almasb.fxgl.entity.level.Level@3ac5829f
12:57:01.890 [FXGL Background Thread 1 ] DEBUG FXGLAssetLoaderServi - Loading from file system: file:/D:/GameDevelop/Project1/target/classes/assets/textures/Crops/soil_1.png
12:57:01.895 [FXGL Background Thread 1 ] DEBUG FXGLAssetLoaderServi - Loading from file system: file:/D:/GameDevelop/Project1/target/classes/assets/textures/Crops/rice_1.png
12:57:01.898 [FXGL Background Thread 1 ] DEBUG FXGLAssetLoaderServi - Loading from file system: file:/D:/GameDevelop/Project1/target/classes/assets/textures/Crops/rice_3.png
12:57:01.900 [FXGL Background Thread 1 ] DEBUG FXGLAssetLoaderServi - Loading from file system: file:/D:/GameDevelop/Project1/target/classes/assets/textures/Crops/soil_2.png
12:57:01.903 [FXGL Background Thread 1 ] DEBUG FXGLAssetLoaderServi - Loading from file system: file:/D:/GameDevelop/Project1/target/classes/assets/textures/UI/heart_sprite.png
12:57:01.907 [FXGL Background Thread 1 ] INFO  FXGLApplication      - Game initialization took: 0.572 sec
12:57:01.907 [JavaFX Application Thread] DEBUG Input                - Clearing active input actions
12:57:01.930 [JavaFX Application Thread] DEBUG GameApplicationServi - Removing overlay from FXGLLoadingScene and adding to GameScene
12:57:01.933 [JavaFX Application Thread] DEBUG PrimaryStageWindow   - FXGLLoadingScene -> GameScene
12:57:04.225 [FXGL Background Thread 3 ] DEBUG Engine               - Logging environment variables
12:57:04.225 [FXGL Background Thread 3 ] DEBUG Engine               - achievements: []
12:57:04.225 [FXGL Background Thread 3 ] DEBUG Engine               - actualHeight: 720.0
12:57:04.226 [FXGL Background Thread 3 ] DEBUG Engine               - actualHeightProperty: ReadOnlyDoubleProperty [value: 720.0]
12:57:04.226 [FXGL Background Thread 3 ] DEBUG Engine               - actualWidth: 1280.0
12:57:04.226 [FXGL Background Thread 3 ] DEBUG Engine               - actualWidthProperty: ReadOnlyDoubleProperty [value: 1280.0]
12:57:04.226 [FXGL Background Thread 3 ] DEBUG Engine               - appIcon: fxgl_icon.png
12:57:04.226 [FXGL Background Thread 3 ] DEBUG Engine               - applicationMode: DEVELOPER
12:57:04.226 [FXGL Background Thread 3 ] DEBUG Engine               - cSSList: [fxgl_dark.css]
12:57:04.226 [FXGL Background Thread 3 ] DEBUG Engine               - collisionDetectionStrategy: BRUTE_FORCE
12:57:04.226 [FXGL Background Thread 3 ] DEBUG Engine               - configClass: Optional.empty
12:57:04.226 [FXGL Background Thread 3 ] DEBUG Engine               - credits: []
12:57:04.226 [FXGL Background Thread 3 ] DEBUG Engine               - defaultCursor: CursorInfo(imageName=fxgl_default_cursor.png, hotspotX=7.0, hotspotY=6.0)
12:57:04.227 [FXGL Background Thread 3 ] DEBUG Engine               - devBBoxColorProperty: ObjectProperty [value: 0xff0000ff]
12:57:04.227 [FXGL Background Thread 3 ] DEBUG Engine               - devEnableDebugCameraProperty: BooleanProperty [value: false]
12:57:04.227 [FXGL Background Thread 3 ] DEBUG Engine               - devSensorColorProperty: ObjectProperty [value: 0xffff00ff]
12:57:04.227 [FXGL Background Thread 3 ] DEBUG Engine               - devShowBBoxProperty: BooleanProperty [value: false]
12:57:04.227 [FXGL Background Thread 3 ] DEBUG Engine               - devShowPositionProperty: BooleanProperty [value: false]
12:57:04.227 [FXGL Background Thread 3 ] DEBUG Engine               - enabledMenuItems: []
12:57:04.227 [FXGL Background Thread 3 ] DEBUG Engine               - engineServices: [class com.almasb.fxgl.app.services.FXGLAssetLoaderService, class com.almasb.fxgl.app.FXGLApplication$GameApplicationService, class com.almasb.fxgl.app.services.FXGLDialogService, class com.almasb.fxgl.app.services.IOTaskExecutorService, class com.almasb.fxgl.io.FileSystemService, class com.almasb.fxgl.localization.LocalizationService, class com.almasb.fxgl.app.services.SystemBundleService, class com.almasb.fxgl.profile.SaveLoadService, class com.almasb.fxgl.ui.FXGLUIFactoryServiceProvider, class com.almasb.fxgl.ui.FXGLDialogFactoryServiceProvider, class com.almasb.fxgl.audio.AudioPlayer, class com.almasb.fxgl.notification.impl.NotificationServiceProvider, class com.almasb.fxgl.achievement.AchievementService, class com.almasb.fxgl.cutscene.CutsceneService, class com.almasb.fxgl.minigames.MiniGameService, class com.almasb.fxgl.net.NetService, class com.almasb.fxgl.app.services.UpdaterService, class com.almasb.fxgl.dev.DevService]
12:57:04.227 [FXGL Background Thread 3 ] DEBUG Engine               - fontGame: Abel-Regular.ttf
12:57:04.227 [FXGL Background Thread 3 ] DEBUG Engine               - fontMono: TerminalLandMono-Regular.otf
12:57:04.227 [FXGL Background Thread 3 ] DEBUG Engine               - fontSizeScaleUI: 1.0
12:57:04.227 [FXGL Background Thread 3 ] DEBUG Engine               - fontText: Courier-Prime.ttf
12:57:04.227 [FXGL Background Thread 3 ] DEBUG Engine               - fontUI: VarelaRound-Regular.ttf
12:57:04.227 [FXGL Background Thread 3 ] DEBUG Engine               - fpsRefreshRate: 500.0 ms
12:57:04.228 [FXGL Background Thread 3 ] DEBUG Engine               - fullScreen: BooleanProperty [value: false]
12:57:04.228 [FXGL Background Thread 3 ] DEBUG Engine               - gameDifficulty: MEDIUM
12:57:04.228 [FXGL Background Thread 3 ] DEBUG Engine               - gameDifficultyProperty: ObjectProperty [value: MEDIUM]
12:57:04.228 [FXGL Background Thread 3 ] DEBUG Engine               - globalMusicVolume: 0.5
12:57:04.228 [FXGL Background Thread 3 ] DEBUG Engine               - globalMusicVolumeProperty: DoubleProperty [value: 0.5]
12:57:04.228 [FXGL Background Thread 3 ] DEBUG Engine               - globalSoundVolume: 0.5
12:57:04.228 [FXGL Background Thread 3 ] DEBUG Engine               - globalSoundVolumeProperty: DoubleProperty [value: 0.5]
12:57:04.228 [FXGL Background Thread 3 ] DEBUG Engine               - height: 720
12:57:04.228 [FXGL Background Thread 3 ] DEBUG Engine               - is3D: false
12:57:04.228 [FXGL Background Thread 3 ] DEBUG Engine               - isAndroid: false
12:57:04.228 [FXGL Background Thread 3 ] DEBUG Engine               - isBrowser: false
12:57:04.228 [FXGL Background Thread 3 ] DEBUG Engine               - isClickFeedbackEnabled: false
12:57:04.228 [FXGL Background Thread 3 ] DEBUG Engine               - isCloseConfirmation: false
12:57:04.228 [FXGL Background Thread 3 ] DEBUG Engine               - isDesktop: true
12:57:04.228 [FXGL Background Thread 3 ] DEBUG Engine               - isDeveloperMenuEnabled: true
12:57:04.228 [FXGL Background Thread 3 ] DEBUG Engine               - isEmbedded: false
12:57:04.228 [FXGL Background Thread 3 ] DEBUG Engine               - isEntityPreloadEnabled: true
12:57:04.228 [FXGL Background Thread 3 ] DEBUG Engine               - isExperimentalTiledLargeMap: false
12:57:04.228 [FXGL Background Thread 3 ] DEBUG Engine               - isFileSystemWriteAllowed: true
12:57:04.228 [FXGL Background Thread 3 ] DEBUG Engine               - isFullScreenAllowed: false
12:57:04.228 [FXGL Background Thread 3 ] DEBUG Engine               - isFullScreenFromStart: false
12:57:04.228 [FXGL Background Thread 3 ] DEBUG Engine               - isGameMenuEnabled: true
12:57:04.228 [FXGL Background Thread 3 ] DEBUG Engine               - isIOS: false
12:57:04.228 [FXGL Background Thread 3 ] DEBUG Engine               - isIntroEnabled: false
12:57:04.228 [FXGL Background Thread 3 ] DEBUG Engine               - isLinux: false
12:57:04.228 [FXGL Background Thread 3 ] DEBUG Engine               - isMac: false
12:57:04.228 [FXGL Background Thread 3 ] DEBUG Engine               - isMainMenuEnabled: false
12:57:04.228 [FXGL Background Thread 3 ] DEBUG Engine               - isManualResizeEnabled: false
12:57:04.228 [FXGL Background Thread 3 ] DEBUG Engine               - isMobile: false
12:57:04.228 [FXGL Background Thread 3 ] DEBUG Engine               - isNative: false
12:57:04.229 [FXGL Background Thread 3 ] DEBUG Engine               - isPauseMusicWhenMinimized: true
12:57:04.229 [FXGL Background Thread 3 ] DEBUG Engine               - isPreserveResizeRatio: false
12:57:04.229 [FXGL Background Thread 3 ] DEBUG Engine               - isProfilingEnabled: false
12:57:04.229 [FXGL Background Thread 3 ] DEBUG Engine               - isScaleAffectedOnResize: true
12:57:04.229 [FXGL Background Thread 3 ] DEBUG Engine               - isSingleStep: false
12:57:04.229 [FXGL Background Thread 3 ] DEBUG Engine               - isUserProfileEnabled: false
12:57:04.229 [FXGL Background Thread 3 ] DEBUG Engine               - isWindows: true
12:57:04.229 [FXGL Background Thread 3 ] DEBUG Engine               - language: ObjectProperty [value: ENGLISH]
12:57:04.229 [FXGL Background Thread 3 ] DEBUG Engine               - menuKey: ESCAPE
12:57:04.229 [FXGL Background Thread 3 ] DEBUG Engine               - mouseSensitivity: 0.2
12:57:04.229 [FXGL Background Thread 3 ] DEBUG Engine               - notificationViewClass: class com.almasb.fxgl.notification.view.XboxNotificationView
12:57:04.229 [FXGL Background Thread 3 ] DEBUG Engine               - pixelsPerMeter: 50.0
12:57:04.229 [FXGL Background Thread 3 ] DEBUG Engine               - platform: WINDOWS
12:57:04.229 [FXGL Background Thread 3 ] DEBUG Engine               - prefHeightProperty: ReadOnlyDoubleProperty [value: 720.0]
12:57:04.229 [FXGL Background Thread 3 ] DEBUG Engine               - prefWidthProperty: ReadOnlyDoubleProperty [value: 1280.0]
12:57:04.229 [FXGL Background Thread 3 ] DEBUG Engine               - profileDir: profiles/
12:57:04.229 [FXGL Background Thread 3 ] DEBUG Engine               - profileName: StringProperty [value: DEFAULT]
12:57:04.229 [FXGL Background Thread 3 ] DEBUG Engine               - randomSeed: -1
12:57:04.229 [FXGL Background Thread 3 ] DEBUG Engine               - runtimeInfo: RuntimeInfo(platform=WINDOWS, version=25, build=05.02.2026 22.57)
12:57:04.229 [FXGL Background Thread 3 ] DEBUG Engine               - saveFileExt: sav
12:57:04.229 [FXGL Background Thread 3 ] DEBUG Engine               - scaledHeightProp$fxgl: DoubleProperty [bound, value: 720.0]
12:57:04.229 [FXGL Background Thread 3 ] DEBUG Engine               - scaledWidthProp$fxgl: DoubleProperty [bound, value: 1280.0]
12:57:04.229 [FXGL Background Thread 3 ] DEBUG Engine               - sceneFactory: com.almasb.fxgl.app.scene.SceneFactory@3c76a1d7
12:57:04.229 [FXGL Background Thread 3 ] DEBUG Engine               - secondsIn24h: 60
12:57:04.229 [FXGL Background Thread 3 ] DEBUG Engine               - soundMenuBack: menu/back.wav
12:57:04.229 [FXGL Background Thread 3 ] DEBUG Engine               - soundMenuPress: menu/press.wav
12:57:04.229 [FXGL Background Thread 3 ] DEBUG Engine               - soundMenuSelect: menu/select.wav
12:57:04.229 [FXGL Background Thread 3 ] DEBUG Engine               - soundNotification: core/notification.wav
12:57:04.229 [FXGL Background Thread 3 ] DEBUG Engine               - stageStyle: DECORATED
12:57:04.230 [FXGL Background Thread 3 ] DEBUG Engine               - supportedLanguages: [ENGLISH, FRENCH, GERMAN, HUNGARIAN, RUSSIAN]
12:57:04.230 [FXGL Background Thread 3 ] DEBUG Engine               - ticksPerSecond: -1
12:57:04.230 [FXGL Background Thread 3 ] DEBUG Engine               - title: Untitled
12:57:04.230 [FXGL Background Thread 3 ] DEBUG Engine               - urlGithub: https://github.com/AlmasB/FXGL
12:57:04.230 [FXGL Background Thread 3 ] DEBUG Engine               - urlLeaderboard: http://fxgl-top.herokuapp.com/
12:57:04.230 [FXGL Background Thread 3 ] DEBUG Engine               - urlPOM: https://raw.githubusercontent.com/AlmasB/FXGL/release/README.md
12:57:04.230 [FXGL Background Thread 3 ] DEBUG Engine               - userAppClass: class Project1Game.Main
12:57:04.230 [FXGL Background Thread 3 ] DEBUG Engine               - version: 0.0
12:57:04.230 [FXGL Background Thread 3 ] DEBUG Engine               - versionCheckDays: 7
12:57:04.230 [FXGL Background Thread 3 ] DEBUG Engine               - width: 1280
12:57:04.230 [FXGL Background Thread 3 ] DEBUG Engine               - Logging services
12:57:04.230 [FXGL Background Thread 3 ] DEBUG Engine               - class com.almasb.fxgl.app.services.FXGLAssetLoaderService
12:57:04.230 [FXGL Background Thread 3 ] DEBUG Engine               - class com.almasb.fxgl.app.FXGLApplication$GameApplicationService
12:57:04.230 [FXGL Background Thread 3 ] DEBUG Engine               - class com.almasb.fxgl.app.services.FXGLDialogService
12:57:04.230 [FXGL Background Thread 3 ] DEBUG Engine               - class com.almasb.fxgl.app.services.IOTaskExecutorService
12:57:04.230 [FXGL Background Thread 3 ] DEBUG Engine               - class com.almasb.fxgl.io.FileSystemService
12:57:04.230 [FXGL Background Thread 3 ] DEBUG Engine               - class com.almasb.fxgl.localization.LocalizationService
12:57:04.230 [FXGL Background Thread 3 ] DEBUG Engine               - class com.almasb.fxgl.app.services.SystemBundleService
12:57:04.230 [FXGL Background Thread 3 ] DEBUG Engine               - class com.almasb.fxgl.profile.SaveLoadService
12:57:04.230 [FXGL Background Thread 3 ] DEBUG Engine               - class com.almasb.fxgl.ui.FXGLUIFactoryServiceProvider
12:57:04.230 [FXGL Background Thread 3 ] DEBUG Engine               - class com.almasb.fxgl.ui.FXGLDialogFactoryServiceProvider
12:57:04.230 [FXGL Background Thread 3 ] DEBUG Engine               - class com.almasb.fxgl.audio.AudioPlayer
12:57:04.230 [FXGL Background Thread 3 ] DEBUG Engine               - class com.almasb.fxgl.notification.impl.NotificationServiceProvider
12:57:04.230 [FXGL Background Thread 3 ] DEBUG Engine               - class com.almasb.fxgl.achievement.AchievementService
12:57:04.230 [FXGL Background Thread 3 ] DEBUG Engine               - class com.almasb.fxgl.cutscene.CutsceneService
12:57:04.230 [FXGL Background Thread 3 ] DEBUG Engine               - class com.almasb.fxgl.minigames.MiniGameService
12:57:04.230 [FXGL Background Thread 3 ] DEBUG Engine               - class com.almasb.fxgl.net.NetService
12:57:04.230 [FXGL Background Thread 3 ] DEBUG Engine               - class com.almasb.fxgl.app.services.UpdaterService
12:57:04.230 [FXGL Background Thread 3 ] DEBUG Engine               - class com.almasb.fxgl.dev.DevService
12:57:25.387 [JavaFX Application Thread] DEBUG PrimaryStageWindow   - Push state: FXGLDefaultMenu
12:57:25.393 [JavaFX Application Thread] DEBUG Input                - Clearing active input actions
12:57:25.396 [JavaFX Application Thread] DEBUG GameApplicationServi - Removing overlay from GameScene and adding to FXGLDefaultMenu
12:57:25.398 [JavaFX Application Thread] DEBUG PrimaryStageWindow   - GameScene -> FXGLDefaultMenu
12:57:26.263 [JavaFX Application Thread] DEBUG Menu                 - fireExit()
12:57:26.265 [JavaFX Application Thread] DEBUG PrimaryStageWindow   - Push state: DialogSubScene
12:57:26.265 [JavaFX Application Thread] DEBUG Input                - Clearing active input actions
12:57:26.266 [JavaFX Application Thread] DEBUG GameApplicationServi - Removing overlay from FXGLDefaultMenu and adding to DialogSubScene
12:57:26.268 [JavaFX Application Thread] DEBUG PrimaryStageWindow   - FXGLDefaultMenu -> DialogSubScene
12:57:26.797 [JavaFX Application Thread] DEBUG PrimaryStageWindow   - Pop state: DialogSubScene
12:57:26.797 [JavaFX Application Thread] DEBUG Input                - Clearing active input actions
12:57:26.798 [JavaFX Application Thread] DEBUG GameApplicationServi - Removing overlay from DialogSubScene and adding to FXGLDefaultMenu
12:57:26.798 [JavaFX Application Thread] DEBUG PrimaryStageWindow   - FXGLDefaultMenu <- DialogSubScene
12:57:26.799 [JavaFX Application Thread] DEBUG FXGLApplication      - Exiting FXGL
12:57:26.799 [JavaFX Application Thread] DEBUG LoopRunner           - Stopping loop
12:57:26.799 [JavaFX Application Thread] DEBUG SystemBundleService  - Saving FXGL system data
12:57:26.801 [JavaFX Application Thread] DEBUG FileSystemAccess     - Writing to: D:\GameDevelop\Project1\system\fxgl.bundle
12:57:26.804 [JavaFX Application Thread] DEBUG Async                - Shutting down background threads
12:57:26.804 [JavaFX Application Thread] DEBUG PrimaryStageWindow   - Closing main window
12:57:26.825 [JavaFX Application Thread] DEBUG Logger               - Closing Logger
