18:12:54.413 [Project1Game.Main.main() ] DEBUG Logger               - Configured Logger
18:12:54.415 [Project1Game.Main.main() ] DEBUG GameApplication      - Logging settings
Title: Java Farming Professional
Version: 2.5
Width: 1280
Height: 720
Fullscreen: false
Intro: false
Profiling: false
Single step:false
App Mode: DEVELOPER
Menu Key: ESCAPE
Stage Style: DECORATED
Scene Factory: class com.almasb.fxgl.app.scene.SceneFactory

18:12:55.563 [JavaFX Application Thread] DEBUG FXGLApplication      - Initializing FXGL
18:12:55.567 [JavaFX Application Thread] INFO  Engine               - FXGL-25 (05.02.2026 22.57) on WINDOWS (J:25.0.3 FX:25.0.1)
18:12:55.568 [JavaFX Application Thread] DEBUG Engine               - JRE Vendor Name: Oracle Corporation
18:12:55.568 [JavaFX Application Thread] DEBUG Engine               - Running on OS: Windows 11 version 10.0
18:12:55.568 [JavaFX Application Thread] DEBUG Engine               - Architecture: amd64
18:12:55.568 [JavaFX Application Thread] INFO  Engine               - Source code and latest versions at: https://github.com/AlmasB/FXGL
18:12:55.568 [JavaFX Application Thread] INFO  Engine               -       Ask questions and discuss at: https://github.com/AlmasB/FXGL/discussions
18:12:55.718 [JavaFX Application Thread] DEBUG PrimaryStageWindow   - Creating a JavaFX scene
18:12:55.777 [JavaFX Application Thread] DEBUG PrimaryStageWindow   - Target settings size: 1280.0 x 720.0
18:12:55.777 [JavaFX Application Thread] DEBUG PrimaryStageWindow   - Scaled scene size:    1280.0 x 720.0
18:12:55.777 [JavaFX Application Thread] DEBUG PrimaryStageWindow   - Scaled ratio: (1.0, 1.0)
18:12:55.778 [JavaFX Application Thread] DEBUG PrimaryStageWindow   - Set initial scene to FXGLStartupScene
18:12:55.781 [JavaFX Application Thread] DEBUG PrimaryStageWindow   - Opening main window
18:12:56.171 [JavaFX Application Thread] DEBUG PrimaryStageWindow   - Window border size: (14.4000244140625, 37.5999755859375)
18:12:56.171 [JavaFX Application Thread] DEBUG PrimaryStageWindow   - Scaled size: 1280.0 x 720.0
18:12:56.171 [JavaFX Application Thread] DEBUG PrimaryStageWindow   - Scaled ratio: (1.0, 1.0)
18:12:56.171 [JavaFX Application Thread] DEBUG PrimaryStageWindow   - Scene size: 1280.0 x 720.0
18:12:56.171 [JavaFX Application Thread] DEBUG PrimaryStageWindow   - Stage size: 1294.4000244140625 x 757.5999755859375
18:12:56.194 [FXGL Background Thread 1 ] DEBUG Engine               - Initializing environment variables
18:12:56.312 [FXGL Background Thread 1 ] DEBUG FXGLAssetLoaderServi - User app class for loading assets: class Project1Game.Main
18:12:56.312 [FXGL Background Thread 1 ] DEBUG GameApplicationServi - Applying CSS: fxgl_dark.css
18:12:56.314 [FXGL Background Thread 1 ] DEBUG FXGLAssetLoaderServi - Loading from file system: jar:file:/C:/Users/HP/.m2/repository/com/github/almasb/fxgl/25/fxgl-25.jar!/fxglassets/ui/css/fxgl_dark.css
18:12:56.480 [FXGL Background Thread 1 ] DEBUG GameApplicationServi - Initializing application scenes
18:12:56.619 [FXGL Background Thread 1 ] DEBUG GameWorld            - Game world initialized
18:12:56.818 [FXGL Background Thread 1 ] DEBUG PhysicsWorld         - Physics world initialized: appHeight=720, physics.ppm=50.0
18:12:56.818 [FXGL Background Thread 1 ] DEBUG PhysicsWorld         - Using strategy: BRUTE_FORCE
18:12:56.834 [FXGL Background Thread 1 ] DEBUG GameScene            - Game scene initialized: 1280x720
18:12:56.870 [FXGL Background Thread 1 ] DEBUG FXGL.DefaultMenu     - createMenuBodyGameMenu()
18:12:56.922 [FXGL Background Thread 1 ] DEBUG FXGL.DefaultMenu     - createOptionsMenu()
18:12:56.965 [FXGL Background Thread 1 ] DEBUG FXGLAssetLoaderServi - Loading from file system: jar:file:/C:/Users/HP/.m2/repository/com/github/almasb/fxgl/25/fxgl-25.jar!/fxglassets/textures/particles/smoke.png
18:12:57.253 [FXGL Background Thread 1 ] DEBUG FXGLAssetLoaderServi - Loading from file system: jar:file:/C:/Users/HP/.m2/repository/com/github/almasb/fxgl/25/fxgl-25.jar!/fxglassets/textures/particles/trace_horizontal.png
18:12:57.343 [FXGL Background Thread 1 ] DEBUG GameApplicationServi - Application scenes initialized
18:12:57.389 [FXGL Background Thread 1 ] DEBUG SystemBundleService  - Loading FXGL system data
18:12:57.398 [FXGL Background Thread 1 ] DEBUG FileSystemAccess     - Reading from: D:\projects\helloworld\FarmSimulator\system\fxgl.bundle
18:12:57.414 [FXGL Background Thread 1 ] DEBUG SystemBundleService  - Bundle FXGL: {}
18:12:57.414 [FXGL Background Thread 1 ] DEBUG UpdaterService       - Checking for updates
18:12:57.505 [FXGL Background Thread 4 ] DEBUG FXGLApplication      - Loading fonts
18:12:57.505 [FXGL Background Thread 4 ] DEBUG FXGLAssetLoaderServi - Loading from file system: jar:file:/C:/Users/HP/.m2/repository/com/github/almasb/fxgl/25/fxgl-25.jar!/fxglassets/ui/fonts/VarelaRound-Regular.ttf
18:12:57.505 [FXGL Background Thread 1 ] DEBUG FXGLApplication      - Loading default localization
18:12:57.505 [FXGL Background Thread 1 ] DEBUG FXGLAssetLoaderServi - Loading from file system: jar:file:/C:/Users/HP/.m2/repository/com/github/almasb/fxgl/25/fxgl-25.jar!/fxglassets/languages/english.lang
18:12:57.551 [FXGL Background Thread 1 ] INFO  FXGLApplication      - FXGL initialization took: 1.353 sec
18:12:57.578 [JavaFX Application Thread] DEBUG Input                - Registered new binding: Move Right - D
18:12:57.580 [JavaFX Application Thread] DEBUG Input                - Registered new binding: Move Left - A
18:12:57.580 [JavaFX Application Thread] DEBUG Input                - Registered new binding: Move Up - W
18:12:57.580 [JavaFX Application Thread] DEBUG Input                - Registered new binding: Move Down - S
18:12:57.582 [JavaFX Application Thread] DEBUG Input                - Registered new binding: Interact Action Key - E
18:12:57.582 [JavaFX Application Thread] DEBUG Input                - Registered new binding: Use Tool Keyboard - F
18:12:57.589 [JavaFX Application Thread] DEBUG Input                - Registered new binding: Use Tool Mouse - LMB
18:12:57.589 [JavaFX Application Thread] DEBUG Input                - Registered new binding: Test Quick Water - Q
18:12:57.591 [JavaFX Application Thread] DEBUG Input                - Registered new binding: Close UI Window - R
18:12:57.592 [JavaFX Application Thread] DEBUG Input                - Registered new binding: Toggle Inventory Window - Tab
18:12:57.592 [JavaFX Application Thread] DEBUG Input                - Registered new binding: Quick Save - F5
18:12:57.592 [JavaFX Application Thread] DEBUG Input                - Registered new binding: Quick Load - F9
18:12:57.594 [JavaFX Application Thread] DEBUG Input                - Registered new binding: Select Inventory Slot 1 - 1
18:12:57.594 [JavaFX Application Thread] DEBUG Input                - Registered new binding: Select Inventory Slot 2 - 2
18:12:57.594 [JavaFX Application Thread] DEBUG Input                - Registered new binding: Select Inventory Slot 3 - 3
18:12:57.594 [JavaFX Application Thread] DEBUG Input                - Registered new binding: Select Inventory Slot 4 - 4
18:12:57.594 [JavaFX Application Thread] DEBUG Input                - Registered new binding: Select Inventory Slot 5 - 5
18:12:57.594 [JavaFX Application Thread] DEBUG Input                - Registered new binding: Select Inventory Slot 6 - 6
18:12:57.594 [JavaFX Application Thread] DEBUG Input                - Registered new binding: Select Inventory Slot 7 - 7
18:12:57.596 [JavaFX Application Thread] DEBUG Input                - Registered new binding: Select Inventory Slot 8 - 8
18:12:57.596 [JavaFX Application Thread] DEBUG Input                - Registered new binding: Select Inventory Slot 9 - 9
18:12:57.596 [JavaFX Application Thread] DEBUG FXGLAssetLoaderServi - Loading from file system: jar:file:/C:/Users/HP/.m2/repository/com/github/almasb/fxgl/25/fxgl-25.jar!/fxglassets/textures/fxgl_icon.png
18:12:57.645 [FXGL Background Thread 4 ] DEBUG FXGLAssetLoaderServi - Loading from file system: jar:file:/C:/Users/HP/.m2/repository/com/github/almasb/fxgl/25/fxgl-25.jar!/fxglassets/ui/fonts/Abel-Regular.ttf
18:12:57.664 [JavaFX Application Thread] DEBUG FXGLAssetLoaderServi - Loading from file system: jar:file:/C:/Users/HP/.m2/repository/com/github/almasb/fxgl/25/fxgl-25.jar!/fxglassets/textures/fxgl_default_cursor.png
18:12:57.675 [JavaFX Application Thread] DEBUG Input                - Registered new binding: Screenshot - CTRL+8
18:12:57.676 [JavaFX Application Thread] DEBUG Input                - Registered new binding: Dev Options - 1
18:12:57.677 [JavaFX Application Thread] DEBUG Input                - Registered new binding: Dev Console - 2
18:12:57.678 [JavaFX Application Thread] DEBUG Input                - Registered new binding: System info dump - CTRL+9
18:12:57.679 [JavaFX Application Thread] DEBUG Input                - Registered new binding: Restart - CTRL+R
18:12:57.715 [JavaFX Application Thread] DEBUG Input                - Registered new binding: Toggle Debug Camera - CTRL+7
18:12:57.751 [FXGL Background Thread 4 ] DEBUG FXGLAssetLoaderServi - Loading from file system: jar:file:/C:/Users/HP/.m2/repository/com/github/almasb/fxgl/25/fxgl-25.jar!/fxglassets/ui/fonts/TerminalLandMono-Regular.otf
18:12:57.775 [JavaFX Application Thread] DEBUG LoopRunner           - Starting loop
18:12:57.824 [FXGL Background Thread 4 ] DEBUG FXGLAssetLoaderServi - Loading from file system: jar:file:/C:/Users/HP/.m2/repository/com/github/almasb/fxgl/25/fxgl-25.jar!/fxglassets/ui/fonts/Courier-Prime.ttf
18:12:57.896 [JavaFX Application Thread] DEBUG LoopRunner           - Initializing JavaFX AnimationTimerLoop
18:12:57.904 [JavaFX Application Thread] DEBUG GameApplicationServi - Starting new game
18:12:57.907 [JavaFX Application Thread] DEBUG Input                - Clearing active input actions
18:12:57.942 [JavaFX Application Thread] DEBUG GameApplicationServi - Removing overlay from FXGLStartupScene and adding to FXGLLoadingScene
18:12:57.967 [JavaFX Application Thread] DEBUG PrimaryStageWindow   - FXGLStartupScene -> FXGLLoadingScene
18:12:57.971 [JavaFX Application Thread] DEBUG GameApplicationServi - Clearing previous game
18:12:57.972 [JavaFX Application Thread] DEBUG GameScene            - Clearing game scene
18:12:57.972 [JavaFX Application Thread] DEBUG GameWorld            - Clearing game world
18:12:57.972 [JavaFX Application Thread] DEBUG PhysicsWorld         - Clearing physics world
18:12:57.975 [FXGL Background Thread 4 ] DEBUG FXGLApplication      - Initializing game
18:12:58.066 [FXGL Background Thread 4 ] WARN  FXGLAssetLoaderServi - Asset "/assets/textures/empty.png" was not found!
18:12:58.068 [FXGL Background Thread 4 ] WARN  FXGLAssetLoaderServi - Failed to load IMAGE
18:12:58.685 [JavaFX Application Thread] DEBUG FXGLApplication      - Registering font factories with UI factory
18:12:58.870 [FXGL Background Thread 4 ] DEBUG FXGLAssetLoaderServi - Loading from file system: file:/D:/projects/helloworld/FarmSimulator/target/classes/assets/textures/Crops/soil_1.png
18:12:58.890 [FXGL Background Thread 4 ] WARN  FXGLAssetLoaderServi - Asset "/assets/textures/empty.png" was not found!
18:12:58.890 [FXGL Background Thread 4 ] WARN  FXGLAssetLoaderServi - Failed to load IMAGE
18:12:58.892 [FXGL Background Thread 4 ] DEBUG FXGLAssetLoaderServi - Loading from file system: file:/D:/projects/helloworld/FarmSimulator/target/classes/assets/textures/Crops/rice_1.png
18:12:58.896 [FXGL Background Thread 4 ] WARN  FXGLAssetLoaderServi - Asset "/assets/textures/empty.png" was not found!
18:12:58.897 [FXGL Background Thread 4 ] WARN  FXGLAssetLoaderServi - Failed to load IMAGE
18:12:58.899 [FXGL Background Thread 4 ] WARN  FXGLAssetLoaderServi - Asset "/assets/textures/empty.png" was not found!
18:12:58.899 [FXGL Background Thread 4 ] WARN  FXGLAssetLoaderServi - Failed to load IMAGE
18:12:58.902 [FXGL Background Thread 4 ] WARN  FXGLAssetLoaderServi - Asset "/assets/textures/empty.png" was not found!
18:12:58.902 [FXGL Background Thread 4 ] WARN  FXGLAssetLoaderServi - Failed to load IMAGE
18:12:58.905 [FXGL Background Thread 4 ] WARN  FXGLAssetLoaderServi - Asset "/assets/textures/empty.png" was not found!
18:12:58.906 [FXGL Background Thread 4 ] WARN  FXGLAssetLoaderServi - Failed to load IMAGE
18:12:58.909 [FXGL Background Thread 4 ] WARN  FXGLAssetLoaderServi - Asset "/assets/textures/empty.png" was not found!
18:12:58.910 [FXGL Background Thread 4 ] WARN  FXGLAssetLoaderServi - Failed to load IMAGE
18:12:58.912 [FXGL Background Thread 4 ] WARN  FXGLAssetLoaderServi - Asset "/assets/textures/empty.png" was not found!
18:12:58.912 [FXGL Background Thread 4 ] WARN  FXGLAssetLoaderServi - Failed to load IMAGE
18:12:58.913 [FXGL Background Thread 4 ] DEBUG FXGLAssetLoaderServi - Loading from file system: file:/D:/projects/helloworld/FarmSimulator/target/classes/assets/textures/Crops/soil_2.png
18:12:58.916 [FXGL Background Thread 4 ] WARN  FXGLAssetLoaderServi - Asset "/assets/textures/empty.png" was not found!
18:12:58.917 [FXGL Background Thread 4 ] WARN  FXGLAssetLoaderServi - Failed to load IMAGE
18:12:58.918 [FXGL Background Thread 4 ] WARN  FXGLAssetLoaderServi - Asset "/assets/textures/empty.png" was not found!
18:12:58.918 [FXGL Background Thread 4 ] WARN  FXGLAssetLoaderServi - Failed to load IMAGE
18:12:58.924 [FXGL Background Thread 4 ] WARN  FXGLAssetLoaderServi - Asset "/assets/textures/empty.png" was not found!
18:12:58.925 [FXGL Background Thread 4 ] WARN  FXGLAssetLoaderServi - Failed to load IMAGE
18:12:58.926 [FXGL Background Thread 4 ] WARN  FXGLAssetLoaderServi - Asset "/assets/textures/empty.png" was not found!
18:12:58.927 [FXGL Background Thread 4 ] WARN  FXGLAssetLoaderServi - Failed to load IMAGE
18:12:58.933 [FXGL Background Thread 4 ] WARN  FXGLAssetLoaderServi - Asset "/assets/textures/empty.png" was not found!
18:12:58.933 [FXGL Background Thread 4 ] WARN  FXGLAssetLoaderServi - Failed to load IMAGE
18:12:58.934 [FXGL Background Thread 4 ] WARN  FXGLAssetLoaderServi - Asset "/assets/textures/empty.png" was not found!
18:12:58.935 [FXGL Background Thread 4 ] WARN  FXGLAssetLoaderServi - Failed to load IMAGE
18:12:58.936 [FXGL Background Thread 4 ] WARN  FXGLAssetLoaderServi - Asset "/assets/textures/empty.png" was not found!
18:12:58.936 [FXGL Background Thread 4 ] WARN  FXGLAssetLoaderServi - Failed to load IMAGE
18:12:58.936 [FXGL Background Thread 4 ] WARN  FXGLAssetLoaderServi - Asset "/assets/textures/empty.png" was not found!
18:12:58.936 [FXGL Background Thread 4 ] WARN  FXGLAssetLoaderServi - Failed to load IMAGE
18:12:58.939 [FXGL Background Thread 4 ] WARN  FXGLAssetLoaderServi - Asset "/assets/textures/empty.png" was not found!
18:12:58.939 [FXGL Background Thread 4 ] WARN  FXGLAssetLoaderServi - Failed to load IMAGE
18:12:58.940 [FXGL Background Thread 4 ] WARN  FXGLAssetLoaderServi - Asset "/assets/textures/empty.png" was not found!
18:12:58.940 [FXGL Background Thread 4 ] WARN  FXGLAssetLoaderServi - Failed to load IMAGE
18:12:58.942 [FXGL Background Thread 4 ] WARN  FXGLAssetLoaderServi - Asset "/assets/textures/empty.png" was not found!
18:12:58.942 [FXGL Background Thread 4 ] WARN  FXGLAssetLoaderServi - Failed to load IMAGE
18:12:58.943 [FXGL Background Thread 4 ] WARN  FXGLAssetLoaderServi - Asset "/assets/textures/empty.png" was not found!
18:12:58.944 [FXGL Background Thread 4 ] WARN  FXGLAssetLoaderServi - Failed to load IMAGE
18:12:58.945 [FXGL Background Thread 4 ] WARN  FXGLAssetLoaderServi - Asset "/assets/textures/empty.png" was not found!
18:12:58.945 [FXGL Background Thread 4 ] WARN  FXGLAssetLoaderServi - Failed to load IMAGE
18:12:58.946 [FXGL Background Thread 4 ] WARN  FXGLAssetLoaderServi - Asset "/assets/textures/empty.png" was not found!
18:12:58.946 [FXGL Background Thread 4 ] WARN  FXGLAssetLoaderServi - Failed to load IMAGE
18:12:58.947 [FXGL Background Thread 4 ] WARN  FXGLAssetLoaderServi - Asset "/assets/textures/empty.png" was not found!
18:12:58.948 [FXGL Background Thread 4 ] WARN  FXGLAssetLoaderServi - Failed to load IMAGE
18:12:58.948 [FXGL Background Thread 4 ] WARN  FXGLAssetLoaderServi - Asset "/assets/textures/empty.png" was not found!
18:12:58.949 [FXGL Background Thread 4 ] WARN  FXGLAssetLoaderServi - Failed to load IMAGE
18:12:58.950 [FXGL Background Thread 4 ] WARN  FXGLAssetLoaderServi - Asset "/assets/textures/empty.png" was not found!
18:12:58.950 [FXGL Background Thread 4 ] WARN  FXGLAssetLoaderServi - Failed to load IMAGE
18:12:58.950 [FXGL Background Thread 4 ] WARN  FXGLAssetLoaderServi - Asset "/assets/textures/empty.png" was not found!
18:12:58.951 [FXGL Background Thread 4 ] WARN  FXGLAssetLoaderServi - Failed to load IMAGE
18:12:58.952 [FXGL Background Thread 4 ] WARN  FXGLAssetLoaderServi - Asset "/assets/textures/empty.png" was not found!
18:12:58.953 [FXGL Background Thread 4 ] WARN  FXGLAssetLoaderServi - Failed to load IMAGE
18:12:58.953 [FXGL Background Thread 4 ] WARN  FXGLAssetLoaderServi - Asset "/assets/textures/empty.png" was not found!
18:12:58.954 [FXGL Background Thread 4 ] WARN  FXGLAssetLoaderServi - Failed to load IMAGE
18:12:58.955 [FXGL Background Thread 4 ] WARN  FXGLAssetLoaderServi - Asset "/assets/textures/empty.png" was not found!
18:12:58.956 [FXGL Background Thread 4 ] WARN  FXGLAssetLoaderServi - Failed to load IMAGE
18:12:58.957 [FXGL Background Thread 4 ] WARN  FXGLAssetLoaderServi - Asset "/assets/textures/empty.png" was not found!
18:12:58.957 [FXGL Background Thread 4 ] WARN  FXGLAssetLoaderServi - Failed to load IMAGE
18:12:58.959 [FXGL Background Thread 4 ] WARN  FXGLAssetLoaderServi - Asset "/assets/textures/empty.png" was not found!
18:12:58.959 [FXGL Background Thread 4 ] WARN  FXGLAssetLoaderServi - Failed to load IMAGE
18:12:58.959 [FXGL Background Thread 4 ] WARN  FXGLAssetLoaderServi - Asset "/assets/textures/empty.png" was not found!
18:12:58.960 [FXGL Background Thread 4 ] WARN  FXGLAssetLoaderServi - Failed to load IMAGE
18:12:58.961 [FXGL Background Thread 4 ] WARN  FXGLAssetLoaderServi - Asset "/assets/textures/empty.png" was not found!
18:12:58.961 [FXGL Background Thread 4 ] WARN  FXGLAssetLoaderServi - Failed to load IMAGE
18:12:58.962 [FXGL Background Thread 4 ] WARN  FXGLAssetLoaderServi - Asset "/assets/textures/empty.png" was not found!
18:12:58.962 [FXGL Background Thread 4 ] WARN  FXGLAssetLoaderServi - Failed to load IMAGE
18:12:58.964 [FXGL Background Thread 4 ] WARN  FXGLAssetLoaderServi - Asset "/assets/textures/empty.png" was not found!
18:12:58.964 [FXGL Background Thread 4 ] WARN  FXGLAssetLoaderServi - Failed to load IMAGE
18:12:58.966 [FXGL Background Thread 4 ] WARN  FXGLAssetLoaderServi - Asset "/assets/textures/empty.png" was not found!
18:12:58.966 [FXGL Background Thread 4 ] WARN  FXGLAssetLoaderServi - Failed to load IMAGE
18:12:58.967 [FXGL Background Thread 4 ] WARN  FXGLAssetLoaderServi - Asset "/assets/textures/empty.png" was not found!
18:12:58.967 [FXGL Background Thread 4 ] WARN  FXGLAssetLoaderServi - Failed to load IMAGE
18:12:58.968 [FXGL Background Thread 4 ] WARN  FXGLAssetLoaderServi - Asset "/assets/textures/empty.png" was not found!
18:12:58.968 [FXGL Background Thread 4 ] WARN  FXGLAssetLoaderServi - Failed to load IMAGE
18:12:58.969 [FXGL Background Thread 4 ] WARN  FXGLAssetLoaderServi - Asset "/assets/textures/empty.png" was not found!
18:12:58.969 [FXGL Background Thread 4 ] WARN  FXGLAssetLoaderServi - Failed to load IMAGE
18:12:58.970 [FXGL Background Thread 4 ] WARN  FXGLAssetLoaderServi - Asset "/assets/textures/empty.png" was not found!
18:12:58.970 [FXGL Background Thread 4 ] WARN  FXGLAssetLoaderServi - Failed to load IMAGE
18:12:58.971 [FXGL Background Thread 4 ] WARN  FXGLAssetLoaderServi - Asset "/assets/textures/empty.png" was not found!
18:12:58.973 [FXGL Background Thread 4 ] WARN  FXGLAssetLoaderServi - Failed to load IMAGE
18:12:58.974 [FXGL Background Thread 4 ] WARN  FXGLAssetLoaderServi - Asset "/assets/textures/empty.png" was not found!
18:12:58.974 [FXGL Background Thread 4 ] WARN  FXGLAssetLoaderServi - Failed to load IMAGE
18:12:58.975 [FXGL Background Thread 4 ] WARN  FXGLAssetLoaderServi - Asset "/assets/textures/empty.png" was not found!
18:12:58.975 [FXGL Background Thread 4 ] WARN  FXGLAssetLoaderServi - Failed to load IMAGE
18:12:58.977 [FXGL Background Thread 4 ] WARN  FXGLAssetLoaderServi - Asset "/assets/textures/empty.png" was not found!
18:12:58.977 [FXGL Background Thread 4 ] WARN  FXGLAssetLoaderServi - Failed to load IMAGE
18:12:58.978 [FXGL Background Thread 4 ] WARN  FXGLAssetLoaderServi - Asset "/assets/textures/empty.png" was not found!
18:12:58.978 [FXGL Background Thread 4 ] WARN  FXGLAssetLoaderServi - Failed to load IMAGE
18:12:58.979 [FXGL Background Thread 4 ] WARN  FXGLAssetLoaderServi - Asset "/assets/textures/empty.png" was not found!
18:12:58.979 [FXGL Background Thread 4 ] WARN  FXGLAssetLoaderServi - Failed to load IMAGE
18:12:58.980 [FXGL Background Thread 4 ] WARN  FXGLAssetLoaderServi - Asset "/assets/textures/empty.png" was not found!
18:12:58.980 [FXGL Background Thread 4 ] WARN  FXGLAssetLoaderServi - Failed to load IMAGE
18:12:58.981 [FXGL Background Thread 4 ] WARN  FXGLAssetLoaderServi - Asset "/assets/textures/empty.png" was not found!
18:12:58.981 [FXGL Background Thread 4 ] WARN  FXGLAssetLoaderServi - Failed to load IMAGE
18:12:58.982 [FXGL Background Thread 4 ] WARN  FXGLAssetLoaderServi - Asset "/assets/textures/empty.png" was not found!
18:12:58.983 [FXGL Background Thread 4 ] WARN  FXGLAssetLoaderServi - Failed to load IMAGE
18:12:58.983 [FXGL Background Thread 4 ] WARN  FXGLAssetLoaderServi - Asset "/assets/textures/empty.png" was not found!
18:12:58.984 [FXGL Background Thread 4 ] WARN  FXGLAssetLoaderServi - Failed to load IMAGE
18:12:58.985 [FXGL Background Thread 4 ] WARN  FXGLAssetLoaderServi - Asset "/assets/textures/empty.png" was not found!
18:12:58.985 [FXGL Background Thread 4 ] WARN  FXGLAssetLoaderServi - Failed to load IMAGE
18:12:58.986 [FXGL Background Thread 4 ] WARN  FXGLAssetLoaderServi - Asset "/assets/textures/empty.png" was not found!
18:12:58.986 [FXGL Background Thread 4 ] WARN  FXGLAssetLoaderServi - Failed to load IMAGE
18:12:58.987 [FXGL Background Thread 4 ] WARN  FXGLAssetLoaderServi - Asset "/assets/textures/empty.png" was not found!
18:12:58.987 [FXGL Background Thread 4 ] WARN  FXGLAssetLoaderServi - Failed to load IMAGE
18:12:58.988 [FXGL Background Thread 4 ] WARN  FXGLAssetLoaderServi - Asset "/assets/textures/empty.png" was not found!
18:12:58.988 [FXGL Background Thread 4 ] WARN  FXGLAssetLoaderServi - Failed to load IMAGE
18:12:58.990 [FXGL Background Thread 4 ] WARN  FXGLAssetLoaderServi - Asset "/assets/textures/empty.png" was not found!
18:12:58.990 [FXGL Background Thread 4 ] WARN  FXGLAssetLoaderServi - Failed to load IMAGE
18:12:58.991 [FXGL Background Thread 4 ] WARN  FXGLAssetLoaderServi - Asset "/assets/textures/empty.png" was not found!
18:12:58.991 [FXGL Background Thread 4 ] WARN  FXGLAssetLoaderServi - Failed to load IMAGE
18:12:58.993 [FXGL Background Thread 4 ] WARN  FXGLAssetLoaderServi - Asset "/assets/textures/empty.png" was not found!
18:12:58.993 [FXGL Background Thread 4 ] WARN  FXGLAssetLoaderServi - Failed to load IMAGE
18:12:58.993 [FXGL Background Thread 4 ] WARN  FXGLAssetLoaderServi - Asset "/assets/textures/empty.png" was not found!
18:12:58.994 [FXGL Background Thread 4 ] WARN  FXGLAssetLoaderServi - Failed to load IMAGE
18:12:58.994 [FXGL Background Thread 4 ] WARN  FXGLAssetLoaderServi - Asset "/assets/textures/empty.png" was not found!
18:12:58.995 [FXGL Background Thread 4 ] WARN  FXGLAssetLoaderServi - Failed to load IMAGE
18:12:58.995 [FXGL Background Thread 4 ] WARN  FXGLAssetLoaderServi - Asset "/assets/textures/empty.png" was not found!
18:12:58.995 [FXGL Background Thread 4 ] WARN  FXGLAssetLoaderServi - Failed to load IMAGE
18:12:58.996 [FXGL Background Thread 4 ] WARN  FXGLAssetLoaderServi - Asset "/assets/textures/empty.png" was not found!
18:12:58.996 [FXGL Background Thread 4 ] WARN  FXGLAssetLoaderServi - Failed to load IMAGE
18:12:58.997 [FXGL Background Thread 4 ] WARN  FXGLAssetLoaderServi - Asset "/assets/textures/empty.png" was not found!
18:12:58.997 [FXGL Background Thread 4 ] WARN  FXGLAssetLoaderServi - Failed to load IMAGE
18:12:58.998 [FXGL Background Thread 4 ] WARN  FXGLAssetLoaderServi - Asset "/assets/textures/empty.png" was not found!
18:12:58.998 [FXGL Background Thread 4 ] WARN  FXGLAssetLoaderServi - Failed to load IMAGE
18:12:58.999 [FXGL Background Thread 4 ] WARN  FXGLAssetLoaderServi - Asset "/assets/textures/empty.png" was not found!
18:12:58.999 [FXGL Background Thread 4 ] WARN  FXGLAssetLoaderServi - Failed to load IMAGE
18:12:59.010 [FXGL Background Thread 4 ] DEBUG FXGLAssetLoaderServi - Loading from file system: file:/D:/projects/helloworld/FarmSimulator/target/classes/assets/textures/UI/heart_sprite.png
18:12:59.081 [FXGL Background Thread 4 ] WARN  TMXLevelLoader       - TiledMap generated from 1.12.0. Supported version: 1.9.0. Some features may not be parsed fully.
18:12:59.192 [FXGL Background Thread 4 ] DEBUG TMXLevelLoader       - Parsed TiledMap: file:/D:/projects/helloworld/FarmSimulator/target/classes/assets/levels/Main_level.tmx
18:12:59.195 [FXGL Background Thread 4 ] DEBUG TMXLevelLoader       - Creating tile layer entities
18:12:59.200 [FXGL Background Thread 4 ] DEBUG TilesetLoader        - Loading view for layer BackgroundLayer
18:12:59.208 [FXGL Background Thread 4 ] DEBUG TilesetLoader        - Created buffer with size 3520.0x2048.0
18:12:59.343 [FXGL Background Thread 4 ] DEBUG TilesetLoader        - Loading view for layer DecorationLayer
18:12:59.354 [FXGL Background Thread 4 ] DEBUG TilesetLoader        - Created buffer with size 3520.0x2048.0
18:12:59.421 [FXGL Background Thread 4 ] DEBUG TilesetLoader        - Loading view for layer OverheadLayer
18:12:59.433 [FXGL Background Thread 4 ] DEBUG TilesetLoader        - Created buffer with size 3520.0x2048.0
18:12:59.436 [FXGL Background Thread 4 ] DEBUG TMXLevelLoader       - Creating object layer entities
18:12:59.466 [FXGL Background Thread 4 ] DEBUG FXGLAssetLoaderServi - Loading from file system: file:/D:/projects/helloworld/FarmSimulator/target/classes/assets/textures/Player/Carry_Idle/Carry_Idle_Down-Sheet.png
18:12:59.470 [FXGL Background Thread 4 ] DEBUG FXGLAssetLoaderServi - Loading from file system: file:/D:/projects/helloworld/FarmSimulator/target/classes/assets/textures/Player/Carry_Idle/Carry_Idle_Up-Sheet.png
18:12:59.472 [FXGL Background Thread 4 ] DEBUG FXGLAssetLoaderServi - Loading from file system: file:/D:/projects/helloworld/FarmSimulator/target/classes/assets/textures/Player/Carry_Idle/Carry_Idle_Side-Sheet.png
18:12:59.475 [FXGL Background Thread 4 ] DEBUG FXGLAssetLoaderServi - Loading from file system: file:/D:/projects/helloworld/FarmSimulator/target/classes/assets/textures/Player/Carry_Walk/Carry_Walk_Down-Sheet.png
18:12:59.480 [FXGL Background Thread 4 ] DEBUG FXGLAssetLoaderServi - Loading from file system: file:/D:/projects/helloworld/FarmSimulator/target/classes/assets/textures/Player/Carry_Walk/Carry_Walk_Up-Sheet.png
18:12:59.484 [FXGL Background Thread 4 ] DEBUG FXGLAssetLoaderServi - Loading from file system: file:/D:/projects/helloworld/FarmSimulator/target/classes/assets/textures/Player/Carry_Walk/Carry_Walk_Side-Sheet.png
18:12:59.485 [FXGL Background Thread 4 ] DEBUG FXGLAssetLoaderServi - Loading from file system: file:/D:/projects/helloworld/FarmSimulator/target/classes/assets/textures/Player/Carry_Run/Carry_Run_Down-Sheet.png
18:12:59.487 [FXGL Background Thread 4 ] DEBUG FXGLAssetLoaderServi - Loading from file system: file:/D:/projects/helloworld/FarmSimulator/target/classes/assets/textures/Player/Carry_Run/Carry_Run_Up-Sheet.png
18:12:59.489 [FXGL Background Thread 4 ] DEBUG FXGLAssetLoaderServi - Loading from file system: file:/D:/projects/helloworld/FarmSimulator/target/classes/assets/textures/Player/Carry_Run/Carry_Run_Side-Sheet.png
18:12:59.762 [FXGL Background Thread 4 ] WARN  FXGLAssetLoaderServi - Asset "/assets/textures/Guider.png" was not found!
18:12:59.762 [FXGL Background Thread 4 ] WARN  FXGLAssetLoaderServi - Failed to load IMAGE
18:12:59.763 [FXGL Background Thread 4 ] WARN  FXGLAssetLoaderServi - Asset "/assets/textures/Guider.png" was not found!
18:12:59.763 [FXGL Background Thread 4 ] WARN  FXGLAssetLoaderServi - Failed to load IMAGE
18:12:59.764 [FXGL Background Thread 4 ] WARN  FXGLAssetLoaderServi - Asset "/assets/textures/Guider.png" was not found!
18:12:59.764 [FXGL Background Thread 4 ] WARN  FXGLAssetLoaderServi - Failed to load IMAGE
18:12:59.764 [FXGL Background Thread 4 ] WARN  FXGLAssetLoaderServi - Asset "/assets/textures/Guider.png" was not found!
18:12:59.765 [FXGL Background Thread 4 ] WARN  FXGLAssetLoaderServi - Failed to load IMAGE
18:12:59.769 [FXGL Background Thread 4 ] DEBUG GameWorld            - Clearing removable entities
18:12:59.770 [FXGL Background Thread 4 ] DEBUG GameWorld            - Setting level: com.almasb.fxgl.entity.level.Level@143b0abe
18:12:59.883 [FXGL Background Thread 4 ] DEBUG FXGLAssetLoaderServi - Loading from file system: file:/D:/projects/helloworld/FarmSimulator/target/classes/assets/textures/Crops/rice_3.png
18:12:59.888 [FXGL Background Thread 4 ] INFO  FXGLApplication      - Game initialization took: 1.911 sec
18:12:59.894 [JavaFX Application Thread] DEBUG Input                - Clearing active input actions
18:12:59.934 [JavaFX Application Thread] DEBUG GameApplicationServi - Removing overlay from FXGLLoadingScene and adding to GameScene
18:12:59.943 [JavaFX Application Thread] DEBUG PrimaryStageWindow   - FXGLLoadingScene -> GameScene
18:13:00.502 [FXGL Background Thread 3 ] DEBUG Engine               - Logging environment variables
18:13:00.504 [FXGL Background Thread 3 ] DEBUG Engine               - achievements: []
18:13:00.504 [FXGL Background Thread 3 ] DEBUG Engine               - actualHeight: 720.0
18:13:00.504 [FXGL Background Thread 3 ] DEBUG Engine               - actualHeightProperty: ReadOnlyDoubleProperty [value: 720.0]
18:13:00.504 [FXGL Background Thread 3 ] DEBUG Engine               - actualWidth: 1280.0
18:13:00.505 [FXGL Background Thread 3 ] DEBUG Engine               - actualWidthProperty: ReadOnlyDoubleProperty [value: 1280.0]
18:13:00.505 [FXGL Background Thread 3 ] DEBUG Engine               - appIcon: fxgl_icon.png
18:13:00.505 [FXGL Background Thread 3 ] DEBUG Engine               - applicationMode: DEVELOPER
18:13:00.505 [FXGL Background Thread 3 ] DEBUG Engine               - cSSList: [fxgl_dark.css]
18:13:00.505 [FXGL Background Thread 3 ] DEBUG Engine               - collisionDetectionStrategy: BRUTE_FORCE
18:13:00.505 [FXGL Background Thread 3 ] DEBUG Engine               - configClass: Optional.empty
18:13:00.505 [FXGL Background Thread 3 ] DEBUG Engine               - credits: []
18:13:00.506 [FXGL Background Thread 3 ] DEBUG Engine               - defaultCursor: CursorInfo(imageName=fxgl_default_cursor.png, hotspotX=7.0, hotspotY=6.0)
18:13:00.506 [FXGL Background Thread 3 ] DEBUG Engine               - devBBoxColorProperty: ObjectProperty [value: 0xff0000ff]
18:13:00.506 [FXGL Background Thread 3 ] DEBUG Engine               - devEnableDebugCameraProperty: BooleanProperty [value: false]
18:13:00.507 [FXGL Background Thread 3 ] DEBUG Engine               - devSensorColorProperty: ObjectProperty [value: 0xffff00ff]
18:13:00.507 [FXGL Background Thread 3 ] DEBUG Engine               - devShowBBoxProperty: BooleanProperty [value: false]
18:13:00.507 [FXGL Background Thread 3 ] DEBUG Engine               - devShowPositionProperty: BooleanProperty [value: false]
18:13:00.507 [FXGL Background Thread 3 ] DEBUG Engine               - enabledMenuItems: []
18:13:00.507 [FXGL Background Thread 3 ] DEBUG Engine               - engineServices: [class com.almasb.fxgl.app.services.FXGLAssetLoaderService, class com.almasb.fxgl.app.FXGLApplication$GameApplicationService, class com.almasb.fxgl.app.services.FXGLDialogService, class com.almasb.fxgl.app.services.IOTaskExecutorService, class com.almasb.fxgl.io.FileSystemService, class com.almasb.fxgl.localization.LocalizationService, class com.almasb.fxgl.app.services.SystemBundleService, class com.almasb.fxgl.profile.SaveLoadService, class com.almasb.fxgl.ui.FXGLUIFactoryServiceProvider, class com.almasb.fxgl.ui.FXGLDialogFactoryServiceProvider, class com.almasb.fxgl.audio.AudioPlayer, class com.almasb.fxgl.notification.impl.NotificationServiceProvider, class com.almasb.fxgl.achievement.AchievementService, class com.almasb.fxgl.cutscene.CutsceneService, class com.almasb.fxgl.minigames.MiniGameService, class com.almasb.fxgl.net.NetService, class com.almasb.fxgl.app.services.UpdaterService, class com.almasb.fxgl.dev.DevService]
18:13:00.508 [FXGL Background Thread 3 ] DEBUG Engine               - fontGame: Abel-Regular.ttf
18:13:00.508 [FXGL Background Thread 3 ] DEBUG Engine               - fontMono: TerminalLandMono-Regular.otf
18:13:00.508 [FXGL Background Thread 3 ] DEBUG Engine               - fontSizeScaleUI: 1.0
18:13:00.508 [FXGL Background Thread 3 ] DEBUG Engine               - fontText: Courier-Prime.ttf
18:13:00.508 [FXGL Background Thread 3 ] DEBUG Engine               - fontUI: VarelaRound-Regular.ttf
18:13:00.509 [FXGL Background Thread 3 ] DEBUG Engine               - fpsRefreshRate: 500.0 ms
18:13:00.509 [FXGL Background Thread 3 ] DEBUG Engine               - fullScreen: BooleanProperty [value: false]
18:13:00.509 [FXGL Background Thread 3 ] DEBUG Engine               - gameDifficulty: MEDIUM
18:13:00.509 [FXGL Background Thread 3 ] DEBUG Engine               - gameDifficultyProperty: ObjectProperty [value: MEDIUM]
18:13:00.509 [FXGL Background Thread 3 ] DEBUG Engine               - globalMusicVolume: 0.5
18:13:00.509 [FXGL Background Thread 3 ] DEBUG Engine               - globalMusicVolumeProperty: DoubleProperty [value: 0.5]
18:13:00.509 [FXGL Background Thread 3 ] DEBUG Engine               - globalSoundVolume: 0.5
18:13:00.509 [FXGL Background Thread 3 ] DEBUG Engine               - globalSoundVolumeProperty: DoubleProperty [value: 0.5]
18:13:00.509 [FXGL Background Thread 3 ] DEBUG Engine               - height: 720
18:13:00.509 [FXGL Background Thread 3 ] DEBUG Engine               - is3D: false
18:13:00.509 [FXGL Background Thread 3 ] DEBUG Engine               - isAndroid: false
18:13:00.509 [FXGL Background Thread 3 ] DEBUG Engine               - isBrowser: false
18:13:00.509 [FXGL Background Thread 3 ] DEBUG Engine               - isClickFeedbackEnabled: false
18:13:00.509 [FXGL Background Thread 3 ] DEBUG Engine               - isCloseConfirmation: false
18:13:00.509 [FXGL Background Thread 3 ] DEBUG Engine               - isDesktop: true
18:13:00.510 [FXGL Background Thread 3 ] DEBUG Engine               - isDeveloperMenuEnabled: true
18:13:00.510 [FXGL Background Thread 3 ] DEBUG Engine               - isEmbedded: false
18:13:00.510 [FXGL Background Thread 3 ] DEBUG Engine               - isEntityPreloadEnabled: true
18:13:00.510 [FXGL Background Thread 3 ] DEBUG Engine               - isExperimentalTiledLargeMap: false
18:13:00.510 [FXGL Background Thread 3 ] DEBUG Engine               - isFileSystemWriteAllowed: true
18:13:00.510 [FXGL Background Thread 3 ] DEBUG Engine               - isFullScreenAllowed: false
18:13:00.510 [FXGL Background Thread 3 ] DEBUG Engine               - isFullScreenFromStart: false
18:13:00.510 [FXGL Background Thread 3 ] DEBUG Engine               - isGameMenuEnabled: true
18:13:00.510 [FXGL Background Thread 3 ] DEBUG Engine               - isIOS: false
18:13:00.510 [FXGL Background Thread 3 ] DEBUG Engine               - isIntroEnabled: false
18:13:00.510 [FXGL Background Thread 3 ] DEBUG Engine               - isLinux: false
18:13:00.510 [FXGL Background Thread 3 ] DEBUG Engine               - isMac: false
18:13:00.510 [FXGL Background Thread 3 ] DEBUG Engine               - isMainMenuEnabled: false
18:13:00.510 [FXGL Background Thread 3 ] DEBUG Engine               - isManualResizeEnabled: false
18:13:00.510 [FXGL Background Thread 3 ] DEBUG Engine               - isMobile: false
18:13:00.511 [FXGL Background Thread 3 ] DEBUG Engine               - isNative: false
18:13:00.511 [FXGL Background Thread 3 ] DEBUG Engine               - isPauseMusicWhenMinimized: true
18:13:00.511 [FXGL Background Thread 3 ] DEBUG Engine               - isPreserveResizeRatio: false
18:13:00.511 [FXGL Background Thread 3 ] DEBUG Engine               - isProfilingEnabled: false
18:13:00.511 [FXGL Background Thread 3 ] DEBUG Engine               - isScaleAffectedOnResize: true
18:13:00.511 [FXGL Background Thread 3 ] DEBUG Engine               - isSingleStep: false
18:13:00.511 [FXGL Background Thread 3 ] DEBUG Engine               - isUserProfileEnabled: false
18:13:00.511 [FXGL Background Thread 3 ] DEBUG Engine               - isWindows: true
18:13:00.511 [FXGL Background Thread 3 ] DEBUG Engine               - language: ObjectProperty [value: ENGLISH]
18:13:00.511 [FXGL Background Thread 3 ] DEBUG Engine               - menuKey: ESCAPE
18:13:00.511 [FXGL Background Thread 3 ] DEBUG Engine               - mouseSensitivity: 0.2
18:13:00.511 [FXGL Background Thread 3 ] DEBUG Engine               - notificationViewClass: class com.almasb.fxgl.notification.view.XboxNotificationView
18:13:00.511 [FXGL Background Thread 3 ] DEBUG Engine               - pixelsPerMeter: 50.0
18:13:00.511 [FXGL Background Thread 3 ] DEBUG Engine               - platform: WINDOWS
18:13:00.511 [FXGL Background Thread 3 ] DEBUG Engine               - prefHeightProperty: ReadOnlyDoubleProperty [value: 720.0]
18:13:00.511 [FXGL Background Thread 3 ] DEBUG Engine               - prefWidthProperty: ReadOnlyDoubleProperty [value: 1280.0]
18:13:00.512 [FXGL Background Thread 3 ] DEBUG Engine               - profileDir: profiles/
18:13:00.512 [FXGL Background Thread 3 ] DEBUG Engine               - profileName: StringProperty [value: DEFAULT]
18:13:00.512 [FXGL Background Thread 3 ] DEBUG Engine               - randomSeed: -1
18:13:00.512 [FXGL Background Thread 3 ] DEBUG Engine               - runtimeInfo: RuntimeInfo(platform=WINDOWS, version=25, build=05.02.2026 22.57)
18:13:00.512 [FXGL Background Thread 3 ] DEBUG Engine               - saveFileExt: sav
18:13:00.512 [FXGL Background Thread 3 ] DEBUG Engine               - scaledHeightProp$fxgl: DoubleProperty [bound, value: 720.0]
18:13:00.512 [FXGL Background Thread 3 ] DEBUG Engine               - scaledWidthProp$fxgl: DoubleProperty [bound, value: 1280.0]
18:13:00.512 [FXGL Background Thread 3 ] DEBUG Engine               - sceneFactory: com.almasb.fxgl.app.scene.SceneFactory@55bb0f50
18:13:00.512 [FXGL Background Thread 3 ] DEBUG Engine               - secondsIn24h: 60
18:13:00.512 [FXGL Background Thread 3 ] DEBUG Engine               - soundMenuBack: menu/back.wav
18:13:00.512 [FXGL Background Thread 3 ] DEBUG Engine               - soundMenuPress: menu/press.wav
18:13:00.512 [FXGL Background Thread 3 ] DEBUG Engine               - soundMenuSelect: menu/select.wav
18:13:00.512 [FXGL Background Thread 3 ] DEBUG Engine               - soundNotification: core/notification.wav
18:13:00.513 [FXGL Background Thread 3 ] DEBUG Engine               - stageStyle: DECORATED
18:13:00.513 [FXGL Background Thread 3 ] DEBUG Engine               - supportedLanguages: [ENGLISH, FRENCH, GERMAN, HUNGARIAN, RUSSIAN]
18:13:00.513 [FXGL Background Thread 3 ] DEBUG Engine               - ticksPerSecond: -1
18:13:00.513 [FXGL Background Thread 3 ] DEBUG Engine               - title: Java Farming Professional
18:13:00.513 [FXGL Background Thread 3 ] DEBUG Engine               - urlGithub: https://github.com/AlmasB/FXGL
18:13:00.513 [FXGL Background Thread 3 ] DEBUG Engine               - urlLeaderboard: http://fxgl-top.herokuapp.com/
18:13:00.513 [FXGL Background Thread 3 ] DEBUG Engine               - urlPOM: https://raw.githubusercontent.com/AlmasB/FXGL/release/README.md
18:13:00.513 [FXGL Background Thread 3 ] DEBUG Engine               - userAppClass: class Project1Game.Main
18:13:00.513 [FXGL Background Thread 3 ] DEBUG Engine               - version: 2.5
18:13:00.513 [FXGL Background Thread 3 ] DEBUG Engine               - versionCheckDays: 7
18:13:00.513 [FXGL Background Thread 3 ] DEBUG Engine               - width: 1280
18:13:00.513 [FXGL Background Thread 3 ] DEBUG Engine               - Logging services
18:13:00.513 [FXGL Background Thread 3 ] DEBUG Engine               - class com.almasb.fxgl.app.services.FXGLAssetLoaderService
18:13:00.513 [FXGL Background Thread 3 ] DEBUG Engine               - class com.almasb.fxgl.app.FXGLApplication$GameApplicationService
18:13:00.513 [FXGL Background Thread 3 ] DEBUG Engine               - class com.almasb.fxgl.app.services.FXGLDialogService
18:13:00.513 [FXGL Background Thread 3 ] DEBUG Engine               - class com.almasb.fxgl.app.services.IOTaskExecutorService
18:13:00.513 [FXGL Background Thread 3 ] DEBUG Engine               - class com.almasb.fxgl.io.FileSystemService
18:13:00.513 [FXGL Background Thread 3 ] DEBUG Engine               - class com.almasb.fxgl.localization.LocalizationService
18:13:00.513 [FXGL Background Thread 3 ] DEBUG Engine               - class com.almasb.fxgl.app.services.SystemBundleService
18:13:00.513 [FXGL Background Thread 3 ] DEBUG Engine               - class com.almasb.fxgl.profile.SaveLoadService
18:13:00.513 [FXGL Background Thread 3 ] DEBUG Engine               - class com.almasb.fxgl.ui.FXGLUIFactoryServiceProvider
18:13:00.513 [FXGL Background Thread 3 ] DEBUG Engine               - class com.almasb.fxgl.ui.FXGLDialogFactoryServiceProvider
18:13:00.513 [FXGL Background Thread 3 ] DEBUG Engine               - class com.almasb.fxgl.audio.AudioPlayer
18:13:00.513 [FXGL Background Thread 3 ] DEBUG Engine               - class com.almasb.fxgl.notification.impl.NotificationServiceProvider
18:13:00.513 [FXGL Background Thread 3 ] DEBUG Engine               - class com.almasb.fxgl.achievement.AchievementService
18:13:00.513 [FXGL Background Thread 3 ] DEBUG Engine               - class com.almasb.fxgl.cutscene.CutsceneService
18:13:00.513 [FXGL Background Thread 3 ] DEBUG Engine               - class com.almasb.fxgl.minigames.MiniGameService
18:13:00.513 [FXGL Background Thread 3 ] DEBUG Engine               - class com.almasb.fxgl.net.NetService
18:13:00.513 [FXGL Background Thread 3 ] DEBUG Engine               - class com.almasb.fxgl.app.services.UpdaterService
18:13:00.513 [FXGL Background Thread 3 ] DEBUG Engine               - class com.almasb.fxgl.dev.DevService
18:13:15.794 [JavaFX Application Thread] DEBUG FXGLApplication      - Exiting FXGL
18:13:15.794 [JavaFX Application Thread] DEBUG LoopRunner           - Stopping loop
18:13:15.797 [JavaFX Application Thread] DEBUG SystemBundleService  - Saving FXGL system data
18:13:15.801 [JavaFX Application Thread] DEBUG FileSystemAccess     - Writing to: D:\projects\helloworld\FarmSimulator\system\fxgl.bundle
18:13:15.805 [JavaFX Application Thread] DEBUG Async                - Shutting down background threads
18:13:15.807 [JavaFX Application Thread] DEBUG PrimaryStageWindow   - Closing main window
18:13:15.824 [JavaFX Application Thread] DEBUG Logger               - Closing Logger
