12:39:35.992 [main                     ] DEBUG Logger               - Configured Logger
12:39:36.000 [main                     ] DEBUG GameApplication      - Logging settings
Title: Untitled
Version: 0.0
Width: 1280
Height: 720
Fullscreen: false
Intro: false
Profiling: false
Single step:false
App Mode: DEVELOPER
Menu Key: ESCAPE
Stage Style: DECORATED
Scene Factory: class com.almasb.fxgl.app.scene.SceneFactory

12:39:36.731 [JavaFX Application Thread] DEBUG FXGLApplication      - Initializing FXGL
12:39:36.741 [JavaFX Application Thread] INFO  Engine               - FXGL-25 (05.02.2026 22.57) on WINDOWS (J:25.0.1 FX:25.0.1)
12:39:36.741 [JavaFX Application Thread] DEBUG Engine               - JRE Vendor Name: Oracle Corporation
12:39:36.741 [JavaFX Application Thread] DEBUG Engine               - Running on OS: Windows 11 version 10.0
12:39:36.742 [JavaFX Application Thread] DEBUG Engine               - Architecture: amd64
12:39:36.742 [JavaFX Application Thread] INFO  Engine               - Source code and latest versions at: https://github.com/AlmasB/FXGL
12:39:36.742 [JavaFX Application Thread] INFO  Engine               -       Ask questions and discuss at: https://github.com/AlmasB/FXGL/discussions
12:39:36.902 [JavaFX Application Thread] DEBUG PrimaryStageWindow   - Creating a JavaFX scene
12:39:36.968 [JavaFX Application Thread] DEBUG PrimaryStageWindow   - Target settings size: 1280.0 x 720.0
12:39:36.968 [JavaFX Application Thread] DEBUG PrimaryStageWindow   - Scaled scene size:    1280.0 x 720.0
12:39:36.968 [JavaFX Application Thread] DEBUG PrimaryStageWindow   - Scaled ratio: (1.0, 1.0)
12:39:36.970 [JavaFX Application Thread] DEBUG PrimaryStageWindow   - Set initial scene to FXGLStartupScene
12:39:36.975 [JavaFX Application Thread] DEBUG PrimaryStageWindow   - Opening main window
12:39:37.360 [JavaFX Application Thread] DEBUG PrimaryStageWindow   - Window border size: (14.4000244140625, 37.5999755859375)
12:39:37.360 [JavaFX Application Thread] DEBUG PrimaryStageWindow   - Scaled size: 1280.0 x 720.0
12:39:37.360 [JavaFX Application Thread] DEBUG PrimaryStageWindow   - Scaled ratio: (1.0, 1.0)
12:39:37.361 [JavaFX Application Thread] DEBUG PrimaryStageWindow   - Scene size: 1280.0 x 720.0
12:39:37.361 [JavaFX Application Thread] DEBUG PrimaryStageWindow   - Stage size: 1294.4000244140625 x 757.5999755859375
12:39:37.372 [FXGL Background Thread 1 ] DEBUG Engine               - Initializing environment variables
12:39:37.451 [FXGL Background Thread 1 ] DEBUG FXGLAssetLoaderServi - User app class for loading assets: class Project1Game.Main
12:39:37.451 [FXGL Background Thread 1 ] DEBUG GameApplicationServi - Applying CSS: fxgl_dark.css
12:39:37.453 [FXGL Background Thread 1 ] DEBUG FXGLAssetLoaderServi - Loading from file system: jar:file:/C:/Users/Admin/.m2/repository/com/github/almasb/fxgl/25/fxgl-25.jar!/fxglassets/ui/css/fxgl_dark.css
12:39:37.509 [FXGL Background Thread 1 ] DEBUG GameApplicationServi - Initializing application scenes
12:39:37.562 [FXGL Background Thread 1 ] DEBUG GameWorld            - Game world initialized
12:39:37.614 [FXGL Background Thread 1 ] DEBUG PhysicsWorld         - Physics world initialized: appHeight=720, physics.ppm=50.0
12:39:37.614 [FXGL Background Thread 1 ] DEBUG PhysicsWorld         - Using strategy: BRUTE_FORCE
12:39:37.619 [FXGL Background Thread 1 ] DEBUG GameScene            - Game scene initialized: 1280x720
12:39:37.639 [FXGL Background Thread 1 ] DEBUG FXGL.DefaultMenu     - createMenuBodyGameMenu()
12:39:37.665 [FXGL Background Thread 1 ] DEBUG FXGL.DefaultMenu     - createOptionsMenu()
12:39:37.682 [FXGL Background Thread 1 ] DEBUG FXGLAssetLoaderServi - Loading from file system: jar:file:/C:/Users/Admin/.m2/repository/com/github/almasb/fxgl/25/fxgl-25.jar!/fxglassets/textures/particles/smoke.png
12:39:37.780 [FXGL Background Thread 1 ] DEBUG FXGLAssetLoaderServi - Loading from file system: jar:file:/C:/Users/Admin/.m2/repository/com/github/almasb/fxgl/25/fxgl-25.jar!/fxglassets/textures/particles/trace_horizontal.png
12:39:37.813 [FXGL Background Thread 1 ] DEBUG GameApplicationServi - Application scenes initialized
12:39:37.826 [FXGL Background Thread 1 ] DEBUG SystemBundleService  - Loading FXGL system data
12:39:37.829 [FXGL Background Thread 1 ] DEBUG FileSystemAccess     - Reading from: D:\GameDevelop\Project1\system\fxgl.bundle
12:39:37.836 [FXGL Background Thread 1 ] DEBUG SystemBundleService  - Bundle FXGL: {}
12:39:37.836 [FXGL Background Thread 1 ] DEBUG UpdaterService       - Checking for updates
12:39:37.869 [FXGL Background Thread 4 ] DEBUG FXGLApplication      - Loading fonts
12:39:37.869 [FXGL Background Thread 4 ] DEBUG FXGLAssetLoaderServi - Loading from file system: jar:file:/C:/Users/Admin/.m2/repository/com/github/almasb/fxgl/25/fxgl-25.jar!/fxglassets/ui/fonts/VarelaRound-Regular.ttf
12:39:37.869 [FXGL Background Thread 1 ] DEBUG FXGLApplication      - Loading default localization
12:39:37.870 [FXGL Background Thread 1 ] DEBUG FXGLAssetLoaderServi - Loading from file system: jar:file:/C:/Users/Admin/.m2/repository/com/github/almasb/fxgl/25/fxgl-25.jar!/fxglassets/languages/english.lang
12:39:37.885 [FXGL Background Thread 1 ] INFO  FXGLApplication      - FXGL initialization took: 0.513 sec
12:39:37.895 [JavaFX Application Thread] DEBUG Input                - Registered new binding: Move Right - D
12:39:37.896 [JavaFX Application Thread] DEBUG Input                - Registered new binding: Move Left - A
12:39:37.896 [JavaFX Application Thread] DEBUG Input                - Registered new binding: Move Up - W
12:39:37.896 [JavaFX Application Thread] DEBUG Input                - Registered new binding: Move Down - S
12:39:37.897 [JavaFX Application Thread] DEBUG Input                - Registered new binding: action0 - R
12:39:37.898 [JavaFX Application Thread] DEBUG Input                - Registered new binding: action1 - F
12:39:37.898 [JavaFX Application Thread] DEBUG Input                - Registered new binding: action2 - E
12:39:37.899 [JavaFX Application Thread] DEBUG Input                - Registered new binding: action3 - 1
12:39:37.899 [JavaFX Application Thread] DEBUG Input                - Registered new binding: action4 - 2
12:39:37.899 [JavaFX Application Thread] DEBUG Input                - Registered new binding: action5 - 3
12:39:37.900 [JavaFX Application Thread] DEBUG Input                - Registered new binding: action6 - 4
12:39:37.900 [JavaFX Application Thread] DEBUG Input                - Registered new binding: action7 - 5
12:39:37.900 [JavaFX Application Thread] DEBUG Input                - Registered new binding: action8 - 6
12:39:37.900 [JavaFX Application Thread] DEBUG Input                - Registered new binding: action9 - 7
12:39:37.900 [JavaFX Application Thread] DEBUG Input                - Registered new binding: action10 - 8
12:39:37.902 [JavaFX Application Thread] DEBUG Input                - Registered new binding: action11 - 9
12:39:37.902 [JavaFX Application Thread] DEBUG Input                - Registered new binding: action12 - Q
12:39:37.902 [JavaFX Application Thread] DEBUG Input                - Registered new binding: action13 - Tab
12:39:37.903 [JavaFX Application Thread] DEBUG FXGLAssetLoaderServi - Loading from file system: jar:file:/C:/Users/Admin/.m2/repository/com/github/almasb/fxgl/25/fxgl-25.jar!/fxglassets/textures/fxgl_icon.png
12:39:37.910 [FXGL Background Thread 4 ] DEBUG FXGLAssetLoaderServi - Loading from file system: jar:file:/C:/Users/Admin/.m2/repository/com/github/almasb/fxgl/25/fxgl-25.jar!/fxglassets/ui/fonts/Abel-Regular.ttf
12:39:37.921 [JavaFX Application Thread] DEBUG FXGLAssetLoaderServi - Loading from file system: jar:file:/C:/Users/Admin/.m2/repository/com/github/almasb/fxgl/25/fxgl-25.jar!/fxglassets/textures/fxgl_default_cursor.png
12:39:37.924 [JavaFX Application Thread] DEBUG Input                - Registered new binding: Screenshot - CTRL+8
12:39:37.924 [JavaFX Application Thread] DEBUG Input                - Registered new binding: Dev Options - 1
12:39:37.924 [FXGL Background Thread 4 ] DEBUG FXGLAssetLoaderServi - Loading from file system: jar:file:/C:/Users/Admin/.m2/repository/com/github/almasb/fxgl/25/fxgl-25.jar!/fxglassets/ui/fonts/TerminalLandMono-Regular.otf
12:39:37.925 [JavaFX Application Thread] DEBUG Input                - Registered new binding: Dev Console - 2
12:39:37.925 [JavaFX Application Thread] DEBUG Input                - Registered new binding: System info dump - CTRL+9
12:39:37.925 [JavaFX Application Thread] DEBUG Input                - Registered new binding: Restart - CTRL+R
12:39:37.926 [JavaFX Application Thread] DEBUG Input                - Registered new binding: Toggle Debug Camera - CTRL+7
12:39:37.931 [JavaFX Application Thread] DEBUG LoopRunner           - Starting loop
12:39:37.938 [FXGL Background Thread 4 ] DEBUG FXGLAssetLoaderServi - Loading from file system: jar:file:/C:/Users/Admin/.m2/repository/com/github/almasb/fxgl/25/fxgl-25.jar!/fxglassets/ui/fonts/Courier-Prime.ttf
12:39:37.947 [JavaFX Application Thread] DEBUG LoopRunner           - Initializing JavaFX AnimationTimerLoop
12:39:37.949 [JavaFX Application Thread] DEBUG GameApplicationServi - Starting new game
12:39:37.949 [JavaFX Application Thread] DEBUG Input                - Clearing active input actions
12:39:37.963 [JavaFX Application Thread] DEBUG GameApplicationServi - Removing overlay from FXGLStartupScene and adding to FXGLLoadingScene
12:39:37.968 [JavaFX Application Thread] DEBUG PrimaryStageWindow   - FXGLStartupScene -> FXGLLoadingScene
12:39:37.968 [JavaFX Application Thread] DEBUG GameApplicationServi - Clearing previous game
12:39:37.968 [JavaFX Application Thread] DEBUG GameScene            - Clearing game scene
12:39:37.968 [JavaFX Application Thread] DEBUG GameWorld            - Clearing game world
12:39:37.968 [JavaFX Application Thread] DEBUG PhysicsWorld         - Clearing physics world
12:39:37.970 [FXGL Background Thread 4 ] DEBUG FXGLApplication      - Initializing game
12:39:38.026 [FXGL Background Thread 4 ] WARN  TMXLevelLoader       - TiledMap generated from 1.12.0. Supported version: 1.9.0. Some features may not be parsed fully.
12:39:38.080 [FXGL Background Thread 4 ] DEBUG TMXLevelLoader       - Parsed TiledMap: file:/D:/GameDevelop/Project1/target/classes/assets/levels/Main_level.tmx
12:39:38.081 [FXGL Background Thread 4 ] DEBUG TMXLevelLoader       - Creating tile layer entities
12:39:38.083 [FXGL Background Thread 4 ] DEBUG TilesetLoader        - Loading view for layer BackgroundLayer
12:39:38.089 [FXGL Background Thread 4 ] DEBUG TilesetLoader        - Created buffer with size 3520.0x2048.0
12:39:38.169 [FXGL Background Thread 4 ] DEBUG TilesetLoader        - Loading view for layer DecorationLayer
12:39:38.179 [FXGL Background Thread 4 ] DEBUG TilesetLoader        - Created buffer with size 3520.0x2048.0
12:39:38.219 [FXGL Background Thread 4 ] DEBUG TilesetLoader        - Loading view for layer OverheadLayer
12:39:38.230 [FXGL Background Thread 4 ] DEBUG TilesetLoader        - Created buffer with size 3520.0x2048.0
12:39:38.237 [FXGL Background Thread 4 ] DEBUG TMXLevelLoader       - Creating object layer entities
12:39:38.241 [JavaFX Application Thread] DEBUG FXGLApplication      - Registering font factories with UI factory
12:39:38.257 [FXGL Background Thread 4 ] DEBUG FXGLAssetLoaderServi - Loading from file system: file:/D:/GameDevelop/Project1/target/classes/assets/textures/Player/Carry_Idle/Carry_Idle_Down-Sheet.png
12:39:38.259 [FXGL Background Thread 4 ] DEBUG FXGLAssetLoaderServi - Loading from file system: file:/D:/GameDevelop/Project1/target/classes/assets/textures/Player/Carry_Idle/Carry_Idle_Up-Sheet.png
12:39:38.261 [FXGL Background Thread 4 ] DEBUG FXGLAssetLoaderServi - Loading from file system: file:/D:/GameDevelop/Project1/target/classes/assets/textures/Player/Carry_Idle/Carry_Idle_Side-Sheet.png
12:39:38.263 [FXGL Background Thread 4 ] DEBUG FXGLAssetLoaderServi - Loading from file system: file:/D:/GameDevelop/Project1/target/classes/assets/textures/Player/Carry_Walk/Carry_Walk_Down-Sheet.png
12:39:38.264 [FXGL Background Thread 4 ] DEBUG FXGLAssetLoaderServi - Loading from file system: file:/D:/GameDevelop/Project1/target/classes/assets/textures/Player/Carry_Walk/Carry_Walk_Up-Sheet.png
12:39:38.265 [FXGL Background Thread 4 ] DEBUG FXGLAssetLoaderServi - Loading from file system: file:/D:/GameDevelop/Project1/target/classes/assets/textures/Player/Carry_Walk/Carry_Walk_Side-Sheet.png
12:39:38.268 [FXGL Background Thread 4 ] DEBUG FXGLAssetLoaderServi - Loading from file system: file:/D:/GameDevelop/Project1/target/classes/assets/textures/Player/Carry_Run/Carry_Run_Down-Sheet.png
12:39:38.269 [FXGL Background Thread 4 ] DEBUG FXGLAssetLoaderServi - Loading from file system: file:/D:/GameDevelop/Project1/target/classes/assets/textures/Player/Carry_Run/Carry_Run_Up-Sheet.png
12:39:38.270 [FXGL Background Thread 4 ] DEBUG FXGLAssetLoaderServi - Loading from file system: file:/D:/GameDevelop/Project1/target/classes/assets/textures/Player/Carry_Run/Carry_Run_Side-Sheet.png
12:39:38.457 [FXGL Background Thread 4 ] WARN  TMXLevelLoader       - Parse error
java.lang.IllegalArgumentException: No EntityFactory has a method annotated @Spawns()
	at com.almasb.fxgl.entity.GameWorld.create(GameWorld.kt:413)
	at com.almasb.fxgl.entity.level.tiled.TMXLevelLoader.createObjectLayerEntities(TMXLevelLoader.kt:154)
	at com.almasb.fxgl.entity.level.tiled.TMXLevelLoader.load(TMXLevelLoader.kt:60)
	at com.almasb.fxgl.app.services.FXGLAssetLoaderService.loadLevel(FXGLAssetLoaderService.kt:449)
	at com.almasb.fxgl.dsl.FXGL$Companion.setLevelFromMap(FXGL.kt:645)
	at com.almasb.fxgl.dsl.FXGL.setLevelFromMap(FXGL.kt)
	at Project1Game.Main.initGame(Main.java:77)
	at com.almasb.fxgl.app.FXGLApplication$InitAppTask.initGame(FXGLApplication.kt:346)
	at com.almasb.fxgl.app.FXGLApplication$InitAppTask.call(FXGLApplication.kt:324)
	at com.almasb.fxgl.app.FXGLApplication$InitAppTask.call(FXGLApplication.kt:316)
	at javafx.concurrent.Task$TaskCallable.call(Task.java:1407)
	at java.base/java.util.concurrent.FutureTask.run(FutureTask.java:328)
	at java.base/java.util.concurrent.Executors$RunnableAdapter.call(Executors.java:545)
	at java.base/java.util.concurrent.FutureTask.run(FutureTask.java:328)
	at java.base/java.util.concurrent.ThreadPoolExecutor.runWorker(ThreadPoolExecutor.java:1090)
	at java.base/java.util.concurrent.ThreadPoolExecutor$Worker.run(ThreadPoolExecutor.java:614)
	at java.base/java.lang.Thread.run(Thread.java:1474)

12:39:38.550 [JavaFX Application Thread] DEBUG LoopRunner           - Stopping loop
12:39:38.551 [JavaFX Application Thread] FATAL FXGLApplication      - Uncaught Exception:
java.lang.RuntimeException: Initialization failed
	at com.almasb.fxgl.app.FXGLApplication$InitAppTask.failed(FXGLApplication.kt:350)
	at javafx.concurrent.Task.setState(Task.java:709)
	at javafx.concurrent.Task$TaskCallable.lambda$call$2(Task.java:1437)
	at com.sun.javafx.application.PlatformImpl.lambda$runLater$0(PlatformImpl.java:424)
	at com.sun.glass.ui.InvokeLaterDispatcher$Future.run(InvokeLaterDispatcher.java:95)
	at com.sun.glass.ui.win.WinApplication._runLoop(Native Method)
	at com.sun.glass.ui.win.WinApplication.lambda$runLoop$0(WinApplication.java:168)
	at java.base/java.lang.Thread.run(Thread.java:1474)
Caused by: com.almasb.fxgl.entity.level.LevelLoadingException: No EntityFactory has a method annotated @Spawns()
	at com.almasb.fxgl.entity.level.tiled.TMXLevelLoader.load(TMXLevelLoader.kt:77)
	at com.almasb.fxgl.app.services.FXGLAssetLoaderService.loadLevel(FXGLAssetLoaderService.kt:449)
	at com.almasb.fxgl.dsl.FXGL$Companion.setLevelFromMap(FXGL.kt:645)
	at com.almasb.fxgl.dsl.FXGL.setLevelFromMap(FXGL.kt)
	at Project1Game.Main.initGame(Main.java:77)
	at com.almasb.fxgl.app.FXGLApplication$InitAppTask.initGame(FXGLApplication.kt:346)
	at com.almasb.fxgl.app.FXGLApplication$InitAppTask.call(FXGLApplication.kt:324)
	at com.almasb.fxgl.app.FXGLApplication$InitAppTask.call(FXGLApplication.kt:316)
	at javafx.concurrent.Task$TaskCallable.call(Task.java:1407)
	at java.base/java.util.concurrent.FutureTask.run(FutureTask.java:328)
	at java.base/java.util.concurrent.Executors$RunnableAdapter.call(Executors.java:545)
	at java.base/java.util.concurrent.FutureTask.run(FutureTask.java:328)
	at java.base/java.util.concurrent.ThreadPoolExecutor.runWorker(ThreadPoolExecutor.java:1090)
	at java.base/java.util.concurrent.ThreadPoolExecutor$Worker.run(ThreadPoolExecutor.java:614)
	... 1 more
Caused by: java.lang.IllegalArgumentException: No EntityFactory has a method annotated @Spawns()
	at com.almasb.fxgl.entity.GameWorld.create(GameWorld.kt:413)
	at com.almasb.fxgl.entity.level.tiled.TMXLevelLoader.createObjectLayerEntities(TMXLevelLoader.kt:154)
	at com.almasb.fxgl.entity.level.tiled.TMXLevelLoader.load(TMXLevelLoader.kt:60)
	... 14 more

12:39:38.551 [JavaFX Application Thread] FATAL FXGLApplication      - Application will now exit
12:39:38.557 [JavaFX Application Thread] DEBUG PrimaryStageWindow   - Push state: ErrorSubScene
12:39:38.558 [JavaFX Application Thread] DEBUG Input                - Clearing active input actions
12:39:38.558 [JavaFX Application Thread] DEBUG GameApplicationServi - Removing overlay from FXGLLoadingScene and adding to ErrorSubScene
12:39:38.562 [JavaFX Application Thread] DEBUG PrimaryStageWindow   - FXGLLoadingScene -> ErrorSubScene
12:39:40.868 [FXGL Background Thread 3 ] DEBUG Engine               - Logging environment variables
12:39:40.868 [FXGL Background Thread 3 ] DEBUG Engine               - achievements: []
12:39:40.868 [FXGL Background Thread 3 ] DEBUG Engine               - actualHeight: 720.0
12:39:40.868 [FXGL Background Thread 3 ] DEBUG Engine               - actualHeightProperty: ReadOnlyDoubleProperty [value: 720.0]
12:39:40.868 [FXGL Background Thread 3 ] DEBUG Engine               - actualWidth: 1280.0
12:39:40.868 [FXGL Background Thread 3 ] DEBUG Engine               - actualWidthProperty: ReadOnlyDoubleProperty [value: 1280.0]
12:39:40.868 [FXGL Background Thread 3 ] DEBUG Engine               - appIcon: fxgl_icon.png
12:39:40.868 [FXGL Background Thread 3 ] DEBUG Engine               - applicationMode: DEVELOPER
12:39:40.869 [FXGL Background Thread 3 ] DEBUG Engine               - cSSList: [fxgl_dark.css]
12:39:40.869 [FXGL Background Thread 3 ] DEBUG Engine               - collisionDetectionStrategy: BRUTE_FORCE
12:39:40.869 [FXGL Background Thread 3 ] DEBUG Engine               - configClass: Optional.empty
12:39:40.869 [FXGL Background Thread 3 ] DEBUG Engine               - credits: []
12:39:40.869 [FXGL Background Thread 3 ] DEBUG Engine               - defaultCursor: CursorInfo(imageName=fxgl_default_cursor.png, hotspotX=7.0, hotspotY=6.0)
12:39:40.869 [FXGL Background Thread 3 ] DEBUG Engine               - devBBoxColorProperty: ObjectProperty [value: 0xff0000ff]
12:39:40.869 [FXGL Background Thread 3 ] DEBUG Engine               - devEnableDebugCameraProperty: BooleanProperty [value: false]
12:39:40.869 [FXGL Background Thread 3 ] DEBUG Engine               - devSensorColorProperty: ObjectProperty [value: 0xffff00ff]
12:39:40.870 [FXGL Background Thread 3 ] DEBUG Engine               - devShowBBoxProperty: BooleanProperty [value: false]
12:39:40.870 [FXGL Background Thread 3 ] DEBUG Engine               - devShowPositionProperty: BooleanProperty [value: false]
12:39:40.870 [FXGL Background Thread 3 ] DEBUG Engine               - enabledMenuItems: []
12:39:40.870 [FXGL Background Thread 3 ] DEBUG Engine               - engineServices: [class com.almasb.fxgl.app.services.FXGLAssetLoaderService, class com.almasb.fxgl.app.FXGLApplication$GameApplicationService, class com.almasb.fxgl.app.services.FXGLDialogService, class com.almasb.fxgl.app.services.IOTaskExecutorService, class com.almasb.fxgl.io.FileSystemService, class com.almasb.fxgl.localization.LocalizationService, class com.almasb.fxgl.app.services.SystemBundleService, class com.almasb.fxgl.profile.SaveLoadService, class com.almasb.fxgl.ui.FXGLUIFactoryServiceProvider, class com.almasb.fxgl.ui.FXGLDialogFactoryServiceProvider, class com.almasb.fxgl.audio.AudioPlayer, class com.almasb.fxgl.notification.impl.NotificationServiceProvider, class com.almasb.fxgl.achievement.AchievementService, class com.almasb.fxgl.cutscene.CutsceneService, class com.almasb.fxgl.minigames.MiniGameService, class com.almasb.fxgl.net.NetService, class com.almasb.fxgl.app.services.UpdaterService, class com.almasb.fxgl.dev.DevService]
12:39:40.870 [FXGL Background Thread 3 ] DEBUG Engine               - fontGame: Abel-Regular.ttf
12:39:40.870 [FXGL Background Thread 3 ] DEBUG Engine               - fontMono: TerminalLandMono-Regular.otf
12:39:40.870 [FXGL Background Thread 3 ] DEBUG Engine               - fontSizeScaleUI: 1.0
12:39:40.870 [FXGL Background Thread 3 ] DEBUG Engine               - fontText: Courier-Prime.ttf
12:39:40.870 [FXGL Background Thread 3 ] DEBUG Engine               - fontUI: VarelaRound-Regular.ttf
12:39:40.870 [FXGL Background Thread 3 ] DEBUG Engine               - fpsRefreshRate: 500.0 ms
12:39:40.870 [FXGL Background Thread 3 ] DEBUG Engine               - fullScreen: BooleanProperty [value: false]
12:39:40.871 [FXGL Background Thread 3 ] DEBUG Engine               - gameDifficulty: MEDIUM
12:39:40.871 [FXGL Background Thread 3 ] DEBUG Engine               - gameDifficultyProperty: ObjectProperty [value: MEDIUM]
12:39:40.871 [FXGL Background Thread 3 ] DEBUG Engine               - globalMusicVolume: 0.5
12:39:40.871 [FXGL Background Thread 3 ] DEBUG Engine               - globalMusicVolumeProperty: DoubleProperty [value: 0.5]
12:39:40.871 [FXGL Background Thread 3 ] DEBUG Engine               - globalSoundVolume: 0.5
12:39:40.871 [FXGL Background Thread 3 ] DEBUG Engine               - globalSoundVolumeProperty: DoubleProperty [value: 0.5]
12:39:40.871 [FXGL Background Thread 3 ] DEBUG Engine               - height: 720
12:39:40.871 [FXGL Background Thread 3 ] DEBUG Engine               - is3D: false
12:39:40.871 [FXGL Background Thread 3 ] DEBUG Engine               - isAndroid: false
12:39:40.871 [FXGL Background Thread 3 ] DEBUG Engine               - isBrowser: false
12:39:40.871 [FXGL Background Thread 3 ] DEBUG Engine               - isClickFeedbackEnabled: false
12:39:40.871 [FXGL Background Thread 3 ] DEBUG Engine               - isCloseConfirmation: false
12:39:40.871 [FXGL Background Thread 3 ] DEBUG Engine               - isDesktop: true
12:39:40.871 [FXGL Background Thread 3 ] DEBUG Engine               - isDeveloperMenuEnabled: true
12:39:40.871 [FXGL Background Thread 3 ] DEBUG Engine               - isEmbedded: false
12:39:40.871 [FXGL Background Thread 3 ] DEBUG Engine               - isEntityPreloadEnabled: true
12:39:40.871 [FXGL Background Thread 3 ] DEBUG Engine               - isExperimentalTiledLargeMap: false
12:39:40.871 [FXGL Background Thread 3 ] DEBUG Engine               - isFileSystemWriteAllowed: true
12:39:40.871 [FXGL Background Thread 3 ] DEBUG Engine               - isFullScreenAllowed: false
12:39:40.871 [FXGL Background Thread 3 ] DEBUG Engine               - isFullScreenFromStart: false
12:39:40.871 [FXGL Background Thread 3 ] DEBUG Engine               - isGameMenuEnabled: true
12:39:40.871 [FXGL Background Thread 3 ] DEBUG Engine               - isIOS: false
12:39:40.871 [FXGL Background Thread 3 ] DEBUG Engine               - isIntroEnabled: false
12:39:40.871 [FXGL Background Thread 3 ] DEBUG Engine               - isLinux: false
12:39:40.871 [FXGL Background Thread 3 ] DEBUG Engine               - isMac: false
12:39:40.871 [FXGL Background Thread 3 ] DEBUG Engine               - isMainMenuEnabled: false
12:39:40.871 [FXGL Background Thread 3 ] DEBUG Engine               - isManualResizeEnabled: false
12:39:40.871 [FXGL Background Thread 3 ] DEBUG Engine               - isMobile: false
12:39:40.871 [FXGL Background Thread 3 ] DEBUG Engine               - isNative: false
12:39:40.871 [FXGL Background Thread 3 ] DEBUG Engine               - isPauseMusicWhenMinimized: true
12:39:40.871 [FXGL Background Thread 3 ] DEBUG Engine               - isPreserveResizeRatio: false
12:39:40.871 [FXGL Background Thread 3 ] DEBUG Engine               - isProfilingEnabled: false
12:39:40.871 [FXGL Background Thread 3 ] DEBUG Engine               - isScaleAffectedOnResize: true
12:39:40.871 [FXGL Background Thread 3 ] DEBUG Engine               - isSingleStep: false
12:39:40.871 [FXGL Background Thread 3 ] DEBUG Engine               - isUserProfileEnabled: false
12:39:40.871 [FXGL Background Thread 3 ] DEBUG Engine               - isWindows: true
12:39:40.871 [FXGL Background Thread 3 ] DEBUG Engine               - language: ObjectProperty [value: ENGLISH]
12:39:40.871 [FXGL Background Thread 3 ] DEBUG Engine               - menuKey: ESCAPE
12:39:40.872 [FXGL Background Thread 3 ] DEBUG Engine               - mouseSensitivity: 0.2
12:39:40.872 [FXGL Background Thread 3 ] DEBUG Engine               - notificationViewClass: class com.almasb.fxgl.notification.view.XboxNotificationView
12:39:40.872 [FXGL Background Thread 3 ] DEBUG Engine               - pixelsPerMeter: 50.0
12:39:40.872 [FXGL Background Thread 3 ] DEBUG Engine               - platform: WINDOWS
12:39:40.872 [FXGL Background Thread 3 ] DEBUG Engine               - prefHeightProperty: ReadOnlyDoubleProperty [value: 720.0]
12:39:40.872 [FXGL Background Thread 3 ] DEBUG Engine               - prefWidthProperty: ReadOnlyDoubleProperty [value: 1280.0]
12:39:40.872 [FXGL Background Thread 3 ] DEBUG Engine               - profileDir: profiles/
12:39:40.872 [FXGL Background Thread 3 ] DEBUG Engine               - profileName: StringProperty [value: DEFAULT]
12:39:40.872 [FXGL Background Thread 3 ] DEBUG Engine               - randomSeed: -1
12:39:40.872 [FXGL Background Thread 3 ] DEBUG Engine               - runtimeInfo: RuntimeInfo(platform=WINDOWS, version=25, build=05.02.2026 22.57)
12:39:40.872 [FXGL Background Thread 3 ] DEBUG Engine               - saveFileExt: sav
12:39:40.872 [FXGL Background Thread 3 ] DEBUG Engine               - scaledHeightProp$fxgl: DoubleProperty [bound, value: 720.0]
12:39:40.872 [FXGL Background Thread 3 ] DEBUG Engine               - scaledWidthProp$fxgl: DoubleProperty [bound, value: 1280.0]
12:39:40.872 [FXGL Background Thread 3 ] DEBUG Engine               - sceneFactory: com.almasb.fxgl.app.scene.SceneFactory@33b7d8e
12:39:40.872 [FXGL Background Thread 3 ] DEBUG Engine               - secondsIn24h: 60
12:39:40.872 [FXGL Background Thread 3 ] DEBUG Engine               - soundMenuBack: menu/back.wav
12:39:40.872 [FXGL Background Thread 3 ] DEBUG Engine               - soundMenuPress: menu/press.wav
12:39:40.873 [FXGL Background Thread 3 ] DEBUG Engine               - soundMenuSelect: menu/select.wav
12:39:40.873 [FXGL Background Thread 3 ] DEBUG Engine               - soundNotification: core/notification.wav
12:39:40.873 [FXGL Background Thread 3 ] DEBUG Engine               - stageStyle: DECORATED
12:39:40.873 [FXGL Background Thread 3 ] DEBUG Engine               - supportedLanguages: [ENGLISH, FRENCH, GERMAN, HUNGARIAN, RUSSIAN]
12:39:40.873 [FXGL Background Thread 3 ] DEBUG Engine               - ticksPerSecond: -1
12:39:40.873 [FXGL Background Thread 3 ] DEBUG Engine               - title: Untitled
12:39:40.873 [FXGL Background Thread 3 ] DEBUG Engine               - urlGithub: https://github.com/AlmasB/FXGL
12:39:40.873 [FXGL Background Thread 3 ] DEBUG Engine               - urlLeaderboard: http://fxgl-top.herokuapp.com/
12:39:40.873 [FXGL Background Thread 3 ] DEBUG Engine               - urlPOM: https://raw.githubusercontent.com/AlmasB/FXGL/release/README.md
12:39:40.873 [FXGL Background Thread 3 ] DEBUG Engine               - userAppClass: class Project1Game.Main
12:39:40.873 [FXGL Background Thread 3 ] DEBUG Engine               - version: 0.0
12:39:40.873 [FXGL Background Thread 3 ] DEBUG Engine               - versionCheckDays: 7
12:39:40.873 [FXGL Background Thread 3 ] DEBUG Engine               - width: 1280
12:39:40.873 [FXGL Background Thread 3 ] DEBUG Engine               - Logging services
12:39:40.873 [FXGL Background Thread 3 ] DEBUG Engine               - class com.almasb.fxgl.app.services.FXGLAssetLoaderService
12:39:40.873 [FXGL Background Thread 3 ] DEBUG Engine               - class com.almasb.fxgl.app.FXGLApplication$GameApplicationService
12:39:40.873 [FXGL Background Thread 3 ] DEBUG Engine               - class com.almasb.fxgl.app.services.FXGLDialogService
12:39:40.873 [FXGL Background Thread 3 ] DEBUG Engine               - class com.almasb.fxgl.app.services.IOTaskExecutorService
12:39:40.873 [FXGL Background Thread 3 ] DEBUG Engine               - class com.almasb.fxgl.io.FileSystemService
12:39:40.873 [FXGL Background Thread 3 ] DEBUG Engine               - class com.almasb.fxgl.localization.LocalizationService
12:39:40.873 [FXGL Background Thread 3 ] DEBUG Engine               - class com.almasb.fxgl.app.services.SystemBundleService
12:39:40.873 [FXGL Background Thread 3 ] DEBUG Engine               - class com.almasb.fxgl.profile.SaveLoadService
12:39:40.873 [FXGL Background Thread 3 ] DEBUG Engine               - class com.almasb.fxgl.ui.FXGLUIFactoryServiceProvider
12:39:40.874 [FXGL Background Thread 3 ] DEBUG Engine               - class com.almasb.fxgl.ui.FXGLDialogFactoryServiceProvider
12:39:40.874 [FXGL Background Thread 3 ] DEBUG Engine               - class com.almasb.fxgl.audio.AudioPlayer
12:39:40.874 [FXGL Background Thread 3 ] DEBUG Engine               - class com.almasb.fxgl.notification.impl.NotificationServiceProvider
12:39:40.874 [FXGL Background Thread 3 ] DEBUG Engine               - class com.almasb.fxgl.achievement.AchievementService
12:39:40.874 [FXGL Background Thread 3 ] DEBUG Engine               - class com.almasb.fxgl.cutscene.CutsceneService
12:39:40.874 [FXGL Background Thread 3 ] DEBUG Engine               - class com.almasb.fxgl.minigames.MiniGameService
12:39:40.874 [FXGL Background Thread 3 ] DEBUG Engine               - class com.almasb.fxgl.net.NetService
12:39:40.874 [FXGL Background Thread 3 ] DEBUG Engine               - class com.almasb.fxgl.app.services.UpdaterService
12:39:40.874 [FXGL Background Thread 3 ] DEBUG Engine               - class com.almasb.fxgl.dev.DevService
12:39:42.601 [JavaFX Application Thread] DEBUG FXGLApplication      - Exiting FXGL
12:39:42.601 [JavaFX Application Thread] DEBUG Async                - Shutting down background threads
12:39:42.601 [JavaFX Application Thread] DEBUG PrimaryStageWindow   - Closing main window
12:39:42.620 [JavaFX Application Thread] DEBUG Logger               - Closing Logger
