10:41:31.882 [main                     ] DEBUG Logger               - Configured Logger
10:41:31.887 [main                     ] DEBUG GameApplication      - Logging settings
Title: Untitled
Version: 0.0
Width: 1920
Height: 1080
Fullscreen: true
Intro: false
Profiling: false
Single step:false
App Mode: DEVELOPER
Menu Key: ESCAPE
Stage Style: DECORATED
Scene Factory: class com.almasb.fxgl.app.scene.SceneFactory

10:41:32.370 [JavaFX Application Thread] DEBUG FXGLApplication      - Initializing FXGL
10:41:32.375 [JavaFX Application Thread] INFO  Engine               - FXGL-25 (05.02.2026 22.57) on WINDOWS (J:25.0.1 FX:25.0.1)
10:41:32.375 [JavaFX Application Thread] DEBUG Engine               - JRE Vendor Name: Oracle Corporation
10:41:32.375 [JavaFX Application Thread] DEBUG Engine               - Running on OS: Windows 11 version 10.0
10:41:32.375 [JavaFX Application Thread] DEBUG Engine               - Architecture: amd64
10:41:32.376 [JavaFX Application Thread] INFO  Engine               - Source code and latest versions at: https://github.com/AlmasB/FXGL
10:41:32.376 [JavaFX Application Thread] INFO  Engine               -       Ask questions and discuss at: https://github.com/AlmasB/FXGL/discussions
10:41:32.484 [JavaFX Application Thread] DEBUG PrimaryStageWindow   - Creating a JavaFX scene
10:41:32.484 [JavaFX Application Thread] DEBUG PrimaryStageWindow   - Target size > screen size
10:41:32.539 [JavaFX Application Thread] DEBUG PrimaryStageWindow   - Target settings size: 1920.0 x 1080.0
10:41:32.539 [JavaFX Application Thread] DEBUG PrimaryStageWindow   - Scaled scene size:    1511.0 x 864.0
10:41:32.539 [JavaFX Application Thread] DEBUG PrimaryStageWindow   - Scaled ratio: (0.7869791666666667, 0.8)
10:41:32.540 [JavaFX Application Thread] DEBUG PrimaryStageWindow   - Set initial scene to FXGLStartupScene
10:41:32.550 [JavaFX Application Thread] DEBUG PrimaryStageWindow   - Opening main window
10:41:32.835 [JavaFX Application Thread] DEBUG PrimaryStageWindow   - Window border size: (14.5999755859375, 37.5999755859375)
10:41:32.835 [JavaFX Application Thread] DEBUG PrimaryStageWindow   - Scaled size: 1511.0 x 864.0
10:41:32.835 [JavaFX Application Thread] DEBUG PrimaryStageWindow   - Scaled ratio: (0.7869791666666667, 0.8)
10:41:32.836 [JavaFX Application Thread] DEBUG PrimaryStageWindow   - Scene size: 1511.0 x 864.0
10:41:32.836 [JavaFX Application Thread] DEBUG PrimaryStageWindow   - Stage size: 1525.5999755859375 x 901.5999755859375
10:41:32.842 [FXGL Background Thread 1 ] DEBUG Engine               - Initializing environment variables
10:41:32.887 [FXGL Background Thread 1 ] DEBUG FXGLAssetLoaderServi - User app class for loading assets: class Project1Game.Main
10:41:32.887 [FXGL Background Thread 1 ] DEBUG GameApplicationServi - Applying CSS: fxgl_dark.css
10:41:32.888 [FXGL Background Thread 1 ] DEBUG FXGLAssetLoaderServi - Loading from file system: jar:file:/C:/Users/Admin/.m2/repository/com/github/almasb/fxgl/25/fxgl-25.jar!/fxglassets/ui/css/fxgl_dark.css
10:41:32.937 [FXGL Background Thread 1 ] DEBUG GameApplicationServi - Initializing application scenes
10:41:32.978 [FXGL Background Thread 1 ] DEBUG GameWorld            - Game world initialized
10:41:33.023 [FXGL Background Thread 1 ] DEBUG PhysicsWorld         - Physics world initialized: appHeight=1080, physics.ppm=50.0
10:41:33.024 [FXGL Background Thread 1 ] DEBUG PhysicsWorld         - Using strategy: BRUTE_FORCE
10:41:33.030 [FXGL Background Thread 1 ] DEBUG GameScene            - Game scene initialized: 1920x1080
10:41:33.041 [FXGL Background Thread 1 ] DEBUG FXGL.DefaultMenu     - createMenuBodyGameMenu()
10:41:33.060 [FXGL Background Thread 1 ] DEBUG FXGL.DefaultMenu     - createOptionsMenu()
10:41:33.069 [FXGL Background Thread 1 ] DEBUG FXGLAssetLoaderServi - Loading from file system: jar:file:/C:/Users/Admin/.m2/repository/com/github/almasb/fxgl/25/fxgl-25.jar!/fxglassets/textures/particles/smoke.png
10:41:33.146 [FXGL Background Thread 1 ] DEBUG FXGLAssetLoaderServi - Loading from file system: jar:file:/C:/Users/Admin/.m2/repository/com/github/almasb/fxgl/25/fxgl-25.jar!/fxglassets/textures/particles/trace_horizontal.png
10:41:33.181 [FXGL Background Thread 1 ] DEBUG GameApplicationServi - Application scenes initialized
10:41:33.193 [FXGL Background Thread 1 ] DEBUG SystemBundleService  - Loading FXGL system data
10:41:33.194 [FXGL Background Thread 1 ] DEBUG FileSystemAccess     - Reading from: D:\GameDevelop\Project1\system\fxgl.bundle
10:41:33.196 [FXGL Background Thread 1 ] DEBUG SystemBundleService  - Bundle FXGL: {}
10:41:33.197 [FXGL Background Thread 1 ] DEBUG UpdaterService       - Checking for updates
10:41:33.199 [FXGL Background Thread 4 ] DEBUG FXGLApplication      - Loading fonts
10:41:33.199 [FXGL Background Thread 4 ] DEBUG FXGLAssetLoaderServi - Loading from file system: jar:file:/C:/Users/Admin/.m2/repository/com/github/almasb/fxgl/25/fxgl-25.jar!/fxglassets/ui/fonts/VarelaRound-Regular.ttf
10:41:33.200 [FXGL Background Thread 1 ] DEBUG FXGLApplication      - Loading default localization
10:41:33.200 [FXGL Background Thread 1 ] DEBUG FXGLAssetLoaderServi - Loading from file system: jar:file:/C:/Users/Admin/.m2/repository/com/github/almasb/fxgl/25/fxgl-25.jar!/fxglassets/languages/english.lang
10:41:33.223 [FXGL Background Thread 4 ] DEBUG FXGLAssetLoaderServi - Loading from file system: jar:file:/C:/Users/Admin/.m2/repository/com/github/almasb/fxgl/25/fxgl-25.jar!/fxglassets/ui/fonts/Abel-Regular.ttf
10:41:33.224 [FXGL Background Thread 1 ] INFO  FXGLApplication      - FXGL initialization took: 0.382 sec
10:41:33.233 [JavaFX Application Thread] DEBUG Input                - Registered new binding: Move Right - D
10:41:33.233 [JavaFX Application Thread] DEBUG Input                - Registered new binding: Move Left - A
10:41:33.233 [JavaFX Application Thread] DEBUG Input                - Registered new binding: Move Up - W
10:41:33.233 [JavaFX Application Thread] DEBUG Input                - Registered new binding: Move Down - S
10:41:33.234 [JavaFX Application Thread] DEBUG Input                - Registered new binding: action0 - F
10:41:33.236 [JavaFX Application Thread] DEBUG Input                - Registered new binding: action1 - E
10:41:33.236 [JavaFX Application Thread] DEBUG Input                - Registered new binding: action2 - 1
10:41:33.236 [JavaFX Application Thread] DEBUG Input                - Registered new binding: action3 - 2
10:41:33.237 [JavaFX Application Thread] DEBUG Input                - Registered new binding: action4 - 3
10:41:33.237 [JavaFX Application Thread] DEBUG Input                - Registered new binding: action5 - 4
10:41:33.237 [JavaFX Application Thread] DEBUG Input                - Registered new binding: action6 - Q
10:41:33.237 [JavaFX Application Thread] DEBUG Input                - Registered new binding: action7 - Tab
10:41:33.238 [FXGL Background Thread 4 ] DEBUG FXGLAssetLoaderServi - Loading from file system: jar:file:/C:/Users/Admin/.m2/repository/com/github/almasb/fxgl/25/fxgl-25.jar!/fxglassets/ui/fonts/TerminalLandMono-Regular.otf
10:41:33.238 [JavaFX Application Thread] DEBUG FXGLAssetLoaderServi - Loading from file system: jar:file:/C:/Users/Admin/.m2/repository/com/github/almasb/fxgl/25/fxgl-25.jar!/fxglassets/textures/fxgl_icon.png
10:41:33.252 [FXGL Background Thread 4 ] DEBUG FXGLAssetLoaderServi - Loading from file system: jar:file:/C:/Users/Admin/.m2/repository/com/github/almasb/fxgl/25/fxgl-25.jar!/fxglassets/ui/fonts/Courier-Prime.ttf
10:41:33.260 [JavaFX Application Thread] DEBUG FXGLAssetLoaderServi - Loading from file system: jar:file:/C:/Users/Admin/.m2/repository/com/github/almasb/fxgl/25/fxgl-25.jar!/fxglassets/textures/fxgl_default_cursor.png
10:41:33.261 [JavaFX Application Thread] DEBUG Input                - Registered new binding: Screenshot - CTRL+8
10:41:33.262 [JavaFX Application Thread] DEBUG Input                - Registered new binding: System info dump - CTRL+9
10:41:33.262 [JavaFX Application Thread] DEBUG Input                - Registered new binding: Restart - CTRL+R
10:41:33.263 [JavaFX Application Thread] DEBUG Input                - Registered new binding: Toggle Debug Camera - CTRL+7
10:41:33.266 [JavaFX Application Thread] DEBUG LoopRunner           - Starting loop
10:41:33.266 [JavaFX Application Thread] DEBUG LoopRunner           - Initializing JavaFX AnimationTimerLoop
10:41:33.267 [JavaFX Application Thread] DEBUG GameApplicationServi - Starting new game
10:41:33.268 [JavaFX Application Thread] DEBUG Input                - Clearing active input actions
10:41:33.280 [JavaFX Application Thread] DEBUG GameApplicationServi - Removing overlay from FXGLStartupScene and adding to FXGLLoadingScene
10:41:33.280 [JavaFX Application Thread] DEBUG PrimaryStageWindow   - FXGLStartupScene -> FXGLLoadingScene
10:41:33.280 [JavaFX Application Thread] DEBUG GameApplicationServi - Clearing previous game
10:41:33.280 [JavaFX Application Thread] DEBUG GameScene            - Clearing game scene
10:41:33.280 [JavaFX Application Thread] DEBUG GameWorld            - Clearing game world
10:41:33.280 [JavaFX Application Thread] DEBUG PhysicsWorld         - Clearing physics world
10:41:33.282 [FXGL Background Thread 4 ] DEBUG FXGLApplication      - Initializing game
10:41:33.284 [JavaFX Application Thread] DEBUG FXGLApplication      - Registering font factories with UI factory
10:41:33.295 [FXGL Background Thread 4 ] WARN  FXGLAssetLoaderServi - Asset "/assets/textures/java.awt.Rectangle[x=0,y=0,width=0,height=0]" was not found!
10:41:33.295 [FXGL Background Thread 4 ] WARN  FXGLAssetLoaderServi - Failed to load IMAGE
10:41:33.416 [FXGL Background Thread 4 ] WARN  TMXLevelLoader       - TiledMap generated from 1.12.0. Supported version: 1.9.0. Some features may not be parsed fully.
10:41:33.439 [FXGL Background Thread 4 ] DEBUG TMXLevelLoader       - Parsed TiledMap: file:/D:/GameDevelop/Project1/target/classes/assets/levels/level2.tmx
10:41:33.440 [FXGL Background Thread 4 ] DEBUG TMXLevelLoader       - Creating tile layer entities
10:41:33.442 [FXGL Background Thread 4 ] DEBUG TilesetLoader        - Loading view for layer Ground
10:41:33.446 [FXGL Background Thread 4 ] DEBUG TilesetLoader        - Created buffer with size 1920.0x1088.0
10:41:33.473 [FXGL Background Thread 4 ] DEBUG TilesetLoader        - Loading view for layer Ground_deco
10:41:33.477 [FXGL Background Thread 4 ] DEBUG TilesetLoader        - Created buffer with size 1920.0x1088.0
10:41:33.480 [FXGL Background Thread 4 ] DEBUG TilesetLoader        - Loading view for layer Dirt_deco
10:41:33.484 [FXGL Background Thread 4 ] DEBUG TilesetLoader        - Created buffer with size 1920.0x1088.0
10:41:33.487 [FXGL Background Thread 4 ] DEBUG TilesetLoader        - Loading view for layer Water
10:41:33.490 [FXGL Background Thread 4 ] DEBUG TilesetLoader        - Created buffer with size 1920.0x1088.0
10:41:33.492 [FXGL Background Thread 4 ] DEBUG TilesetLoader        - Loading view for layer FloatDeco
10:41:33.495 [FXGL Background Thread 4 ] DEBUG TilesetLoader        - Created buffer with size 1920.0x1088.0
10:41:33.496 [FXGL Background Thread 4 ] DEBUG TMXLevelLoader       - Creating object layer entities
10:41:33.498 [FXGL Background Thread 4 ] DEBUG FXGLAssetLoaderServi - Loading from file system: file:/D:/GameDevelop/Project1/target/classes/assets/textures/Player.png
10:41:33.507 [FXGL Background Thread 4 ] DEBUG GameWorld            - Clearing removable entities
10:41:33.507 [FXGL Background Thread 4 ] DEBUG GameWorld            - Setting level: com.almasb.fxgl.entity.level.Level@251975fa
10:41:33.512 [FXGL Background Thread 4 ] DEBUG FXGLAssetLoaderServi - Loading from file system: file:/D:/GameDevelop/Project1/target/classes/assets/textures/soil_1.png
10:41:33.517 [FXGL Background Thread 4 ] DEBUG FXGLAssetLoaderServi - Loading from file system: file:/D:/GameDevelop/Project1/target/classes/assets/textures/rice_1.png
10:41:33.518 [FXGL Background Thread 4 ] DEBUG FXGLAssetLoaderServi - Loading from file system: file:/D:/GameDevelop/Project1/target/classes/assets/textures/rice_3.png
10:41:33.519 [FXGL Background Thread 4 ] DEBUG FXGLAssetLoaderServi - Loading from file system: file:/D:/GameDevelop/Project1/target/classes/assets/textures/soil_2.png
10:41:33.521 [FXGL Background Thread 4 ] INFO  FXGLApplication      - Game initialization took: 0.239 sec
10:41:33.522 [JavaFX Application Thread] DEBUG Input                - Clearing active input actions
10:41:33.530 [JavaFX Application Thread] DEBUG GameApplicationServi - Removing overlay from FXGLLoadingScene and adding to GameScene
10:41:33.530 [JavaFX Application Thread] DEBUG PrimaryStageWindow   - FXGLLoadingScene -> GameScene
10:41:36.200 [FXGL Background Thread 3 ] DEBUG Engine               - Logging environment variables
10:41:36.200 [FXGL Background Thread 3 ] DEBUG Engine               - achievements: []
10:41:36.200 [FXGL Background Thread 3 ] DEBUG Engine               - actualHeight: 864.0
10:41:36.200 [FXGL Background Thread 3 ] DEBUG Engine               - actualHeightProperty: ReadOnlyDoubleProperty [value: 864.0]
10:41:36.200 [FXGL Background Thread 3 ] DEBUG Engine               - actualWidth: 1511.0
10:41:36.201 [FXGL Background Thread 3 ] DEBUG Engine               - actualWidthProperty: ReadOnlyDoubleProperty [value: 1511.0]
10:41:36.201 [FXGL Background Thread 3 ] DEBUG Engine               - appIcon: fxgl_icon.png
10:41:36.201 [FXGL Background Thread 3 ] DEBUG Engine               - applicationMode: DEVELOPER
10:41:36.201 [FXGL Background Thread 3 ] DEBUG Engine               - cSSList: [fxgl_dark.css]
10:41:36.201 [FXGL Background Thread 3 ] DEBUG Engine               - collisionDetectionStrategy: BRUTE_FORCE
10:41:36.201 [FXGL Background Thread 3 ] DEBUG Engine               - configClass: Optional.empty
10:41:36.201 [FXGL Background Thread 3 ] DEBUG Engine               - credits: []
10:41:36.201 [FXGL Background Thread 3 ] DEBUG Engine               - defaultCursor: CursorInfo(imageName=fxgl_default_cursor.png, hotspotX=7.0, hotspotY=6.0)
10:41:36.201 [FXGL Background Thread 3 ] DEBUG Engine               - devBBoxColorProperty: ObjectProperty [value: 0xff0000ff]
10:41:36.201 [FXGL Background Thread 3 ] DEBUG Engine               - devEnableDebugCameraProperty: BooleanProperty [value: false]
10:41:36.202 [FXGL Background Thread 3 ] DEBUG Engine               - devSensorColorProperty: ObjectProperty [value: 0xffff00ff]
10:41:36.202 [FXGL Background Thread 3 ] DEBUG Engine               - devShowBBoxProperty: BooleanProperty [value: false]
10:41:36.202 [FXGL Background Thread 3 ] DEBUG Engine               - devShowPositionProperty: BooleanProperty [value: false]
10:41:36.202 [FXGL Background Thread 3 ] DEBUG Engine               - enabledMenuItems: []
10:41:36.202 [FXGL Background Thread 3 ] DEBUG Engine               - engineServices: [class com.almasb.fxgl.app.services.FXGLAssetLoaderService, class com.almasb.fxgl.app.FXGLApplication$GameApplicationService, class com.almasb.fxgl.app.services.FXGLDialogService, class com.almasb.fxgl.app.services.IOTaskExecutorService, class com.almasb.fxgl.io.FileSystemService, class com.almasb.fxgl.localization.LocalizationService, class com.almasb.fxgl.app.services.SystemBundleService, class com.almasb.fxgl.profile.SaveLoadService, class com.almasb.fxgl.ui.FXGLUIFactoryServiceProvider, class com.almasb.fxgl.ui.FXGLDialogFactoryServiceProvider, class com.almasb.fxgl.audio.AudioPlayer, class com.almasb.fxgl.notification.impl.NotificationServiceProvider, class com.almasb.fxgl.achievement.AchievementService, class com.almasb.fxgl.cutscene.CutsceneService, class com.almasb.fxgl.minigames.MiniGameService, class com.almasb.fxgl.net.NetService, class com.almasb.fxgl.app.services.UpdaterService, class com.almasb.fxgl.dev.DevService]
10:41:36.202 [FXGL Background Thread 3 ] DEBUG Engine               - fontGame: Abel-Regular.ttf
10:41:36.202 [FXGL Background Thread 3 ] DEBUG Engine               - fontMono: TerminalLandMono-Regular.otf
10:41:36.202 [FXGL Background Thread 3 ] DEBUG Engine               - fontSizeScaleUI: 1.0
10:41:36.202 [FXGL Background Thread 3 ] DEBUG Engine               - fontText: Courier-Prime.ttf
10:41:36.202 [FXGL Background Thread 3 ] DEBUG Engine               - fontUI: VarelaRound-Regular.ttf
10:41:36.202 [FXGL Background Thread 3 ] DEBUG Engine               - fpsRefreshRate: 500.0 ms
10:41:36.202 [FXGL Background Thread 3 ] DEBUG Engine               - fullScreen: BooleanProperty [value: false]
10:41:36.203 [FXGL Background Thread 3 ] DEBUG Engine               - gameDifficulty: MEDIUM
10:41:36.203 [FXGL Background Thread 3 ] DEBUG Engine               - gameDifficultyProperty: ObjectProperty [value: MEDIUM]
10:41:36.203 [FXGL Background Thread 3 ] DEBUG Engine               - globalMusicVolume: 0.5
10:41:36.203 [FXGL Background Thread 3 ] DEBUG Engine               - globalMusicVolumeProperty: DoubleProperty [value: 0.5]
10:41:36.203 [FXGL Background Thread 3 ] DEBUG Engine               - globalSoundVolume: 0.5
10:41:36.203 [FXGL Background Thread 3 ] DEBUG Engine               - globalSoundVolumeProperty: DoubleProperty [value: 0.5]
10:41:36.203 [FXGL Background Thread 3 ] DEBUG Engine               - height: 1080
10:41:36.203 [FXGL Background Thread 3 ] DEBUG Engine               - is3D: false
10:41:36.203 [FXGL Background Thread 3 ] DEBUG Engine               - isAndroid: false
10:41:36.203 [FXGL Background Thread 3 ] DEBUG Engine               - isBrowser: false
10:41:36.203 [FXGL Background Thread 3 ] DEBUG Engine               - isClickFeedbackEnabled: false
10:41:36.203 [FXGL Background Thread 3 ] DEBUG Engine               - isCloseConfirmation: false
10:41:36.203 [FXGL Background Thread 3 ] DEBUG Engine               - isDesktop: true
10:41:36.203 [FXGL Background Thread 3 ] DEBUG Engine               - isDeveloperMenuEnabled: false
10:41:36.203 [FXGL Background Thread 3 ] DEBUG Engine               - isEmbedded: false
10:41:36.203 [FXGL Background Thread 3 ] DEBUG Engine               - isEntityPreloadEnabled: true
10:41:36.203 [FXGL Background Thread 3 ] DEBUG Engine               - isExperimentalTiledLargeMap: false
10:41:36.203 [FXGL Background Thread 3 ] DEBUG Engine               - isFileSystemWriteAllowed: true
10:41:36.203 [FXGL Background Thread 3 ] DEBUG Engine               - isFullScreenAllowed: true
10:41:36.203 [FXGL Background Thread 3 ] DEBUG Engine               - isFullScreenFromStart: false
10:41:36.203 [FXGL Background Thread 3 ] DEBUG Engine               - isGameMenuEnabled: true
10:41:36.203 [FXGL Background Thread 3 ] DEBUG Engine               - isIOS: false
10:41:36.203 [FXGL Background Thread 3 ] DEBUG Engine               - isIntroEnabled: false
10:41:36.203 [FXGL Background Thread 3 ] DEBUG Engine               - isLinux: false
10:41:36.203 [FXGL Background Thread 3 ] DEBUG Engine               - isMac: false
10:41:36.203 [FXGL Background Thread 3 ] DEBUG Engine               - isMainMenuEnabled: false
10:41:36.203 [FXGL Background Thread 3 ] DEBUG Engine               - isManualResizeEnabled: false
10:41:36.203 [FXGL Background Thread 3 ] DEBUG Engine               - isMobile: false
10:41:36.203 [FXGL Background Thread 3 ] DEBUG Engine               - isNative: false
10:41:36.203 [FXGL Background Thread 3 ] DEBUG Engine               - isPauseMusicWhenMinimized: true
10:41:36.203 [FXGL Background Thread 3 ] DEBUG Engine               - isPreserveResizeRatio: false
10:41:36.203 [FXGL Background Thread 3 ] DEBUG Engine               - isProfilingEnabled: false
10:41:36.203 [FXGL Background Thread 3 ] DEBUG Engine               - isScaleAffectedOnResize: true
10:41:36.203 [FXGL Background Thread 3 ] DEBUG Engine               - isSingleStep: false
10:41:36.203 [FXGL Background Thread 3 ] DEBUG Engine               - isUserProfileEnabled: false
10:41:36.203 [FXGL Background Thread 3 ] DEBUG Engine               - isWindows: true
10:41:36.203 [FXGL Background Thread 3 ] DEBUG Engine               - language: ObjectProperty [value: ENGLISH]
10:41:36.203 [FXGL Background Thread 3 ] DEBUG Engine               - menuKey: ESCAPE
10:41:36.203 [FXGL Background Thread 3 ] DEBUG Engine               - mouseSensitivity: 0.2
10:41:36.203 [FXGL Background Thread 3 ] DEBUG Engine               - notificationViewClass: class com.almasb.fxgl.notification.view.XboxNotificationView
10:41:36.203 [FXGL Background Thread 3 ] DEBUG Engine               - pixelsPerMeter: 50.0
10:41:36.203 [FXGL Background Thread 3 ] DEBUG Engine               - platform: WINDOWS
10:41:36.203 [FXGL Background Thread 3 ] DEBUG Engine               - prefHeightProperty: ReadOnlyDoubleProperty [value: 1080.0]
10:41:36.203 [FXGL Background Thread 3 ] DEBUG Engine               - prefWidthProperty: ReadOnlyDoubleProperty [value: 1920.0]
10:41:36.203 [FXGL Background Thread 3 ] DEBUG Engine               - profileDir: profiles/
10:41:36.203 [FXGL Background Thread 3 ] DEBUG Engine               - profileName: StringProperty [value: DEFAULT]
10:41:36.203 [FXGL Background Thread 3 ] DEBUG Engine               - randomSeed: -1
10:41:36.203 [FXGL Background Thread 3 ] DEBUG Engine               - runtimeInfo: RuntimeInfo(platform=WINDOWS, version=25, build=05.02.2026 22.57)
10:41:36.203 [FXGL Background Thread 3 ] DEBUG Engine               - saveFileExt: sav
10:41:36.203 [FXGL Background Thread 3 ] DEBUG Engine               - scaledHeightProp$fxgl: DoubleProperty [bound, value: 864.0]
10:41:36.203 [FXGL Background Thread 3 ] DEBUG Engine               - scaledWidthProp$fxgl: DoubleProperty [bound, value: 1511.0]
10:41:36.203 [FXGL Background Thread 3 ] DEBUG Engine               - sceneFactory: com.almasb.fxgl.app.scene.SceneFactory@5d5bd460
10:41:36.203 [FXGL Background Thread 3 ] DEBUG Engine               - secondsIn24h: 60
10:41:36.204 [FXGL Background Thread 3 ] DEBUG Engine               - soundMenuBack: menu/back.wav
10:41:36.204 [FXGL Background Thread 3 ] DEBUG Engine               - soundMenuPress: menu/press.wav
10:41:36.204 [FXGL Background Thread 3 ] DEBUG Engine               - soundMenuSelect: menu/select.wav
10:41:36.204 [FXGL Background Thread 3 ] DEBUG Engine               - soundNotification: core/notification.wav
10:41:36.204 [FXGL Background Thread 3 ] DEBUG Engine               - stageStyle: DECORATED
10:41:36.204 [FXGL Background Thread 3 ] DEBUG Engine               - supportedLanguages: [ENGLISH, FRENCH, GERMAN, HUNGARIAN, RUSSIAN]
10:41:36.204 [FXGL Background Thread 3 ] DEBUG Engine               - ticksPerSecond: -1
10:41:36.204 [FXGL Background Thread 3 ] DEBUG Engine               - title: Untitled
10:41:36.204 [FXGL Background Thread 3 ] DEBUG Engine               - urlGithub: https://github.com/AlmasB/FXGL
10:41:36.204 [FXGL Background Thread 3 ] DEBUG Engine               - urlLeaderboard: http://fxgl-top.herokuapp.com/
10:41:36.204 [FXGL Background Thread 3 ] DEBUG Engine               - urlPOM: https://raw.githubusercontent.com/AlmasB/FXGL/release/README.md
10:41:36.204 [FXGL Background Thread 3 ] DEBUG Engine               - userAppClass: class Project1Game.Main
10:41:36.204 [FXGL Background Thread 3 ] DEBUG Engine               - version: 0.0
10:41:36.204 [FXGL Background Thread 3 ] DEBUG Engine               - versionCheckDays: 7
10:41:36.204 [FXGL Background Thread 3 ] DEBUG Engine               - width: 1920
10:41:36.204 [FXGL Background Thread 3 ] DEBUG Engine               - Logging services
10:41:36.204 [FXGL Background Thread 3 ] DEBUG Engine               - class com.almasb.fxgl.app.services.FXGLAssetLoaderService
10:41:36.204 [FXGL Background Thread 3 ] DEBUG Engine               - class com.almasb.fxgl.app.FXGLApplication$GameApplicationService
10:41:36.204 [FXGL Background Thread 3 ] DEBUG Engine               - class com.almasb.fxgl.app.services.FXGLDialogService
10:41:36.204 [FXGL Background Thread 3 ] DEBUG Engine               - class com.almasb.fxgl.app.services.IOTaskExecutorService
10:41:36.204 [FXGL Background Thread 3 ] DEBUG Engine               - class com.almasb.fxgl.io.FileSystemService
10:41:36.204 [FXGL Background Thread 3 ] DEBUG Engine               - class com.almasb.fxgl.localization.LocalizationService
10:41:36.204 [FXGL Background Thread 3 ] DEBUG Engine               - class com.almasb.fxgl.app.services.SystemBundleService
10:41:36.204 [FXGL Background Thread 3 ] DEBUG Engine               - class com.almasb.fxgl.profile.SaveLoadService
10:41:36.204 [FXGL Background Thread 3 ] DEBUG Engine               - class com.almasb.fxgl.ui.FXGLUIFactoryServiceProvider
10:41:36.204 [FXGL Background Thread 3 ] DEBUG Engine               - class com.almasb.fxgl.ui.FXGLDialogFactoryServiceProvider
10:41:36.204 [FXGL Background Thread 3 ] DEBUG Engine               - class com.almasb.fxgl.audio.AudioPlayer
10:41:36.204 [FXGL Background Thread 3 ] DEBUG Engine               - class com.almasb.fxgl.notification.impl.NotificationServiceProvider
10:41:36.204 [FXGL Background Thread 3 ] DEBUG Engine               - class com.almasb.fxgl.achievement.AchievementService
10:41:36.204 [FXGL Background Thread 3 ] DEBUG Engine               - class com.almasb.fxgl.cutscene.CutsceneService
10:41:36.204 [FXGL Background Thread 3 ] DEBUG Engine               - class com.almasb.fxgl.minigames.MiniGameService
10:41:36.204 [FXGL Background Thread 3 ] DEBUG Engine               - class com.almasb.fxgl.net.NetService
10:41:36.204 [FXGL Background Thread 3 ] DEBUG Engine               - class com.almasb.fxgl.app.services.UpdaterService
10:41:36.204 [FXGL Background Thread 3 ] DEBUG Engine               - class com.almasb.fxgl.dev.DevService
10:42:04.099 [JavaFX Application Thread] DEBUG FXGLAssetLoaderServi - Loading from file system: file:/D:/GameDevelop/Project1/target/classes/assets/textures/rice_2.png
10:42:29.656 [JavaFX Application Thread] DEBUG PrimaryStageWindow   - Push state: FXGLDefaultMenu
10:42:29.660 [JavaFX Application Thread] DEBUG Input                - Clearing active input actions
10:42:29.664 [JavaFX Application Thread] DEBUG GameApplicationServi - Removing overlay from GameScene and adding to FXGLDefaultMenu
10:42:29.664 [JavaFX Application Thread] DEBUG PrimaryStageWindow   - GameScene -> FXGLDefaultMenu
10:42:33.164 [JavaFX Application Thread] DEBUG FXGL.DefaultMenu     - createContentControls()
10:42:36.946 [JavaFX Application Thread] DEBUG PrimaryStageWindow   - Pop state: FXGLDefaultMenu
10:42:36.947 [JavaFX Application Thread] DEBUG Input                - Clearing active input actions
10:42:36.947 [JavaFX Application Thread] DEBUG GameApplicationServi - Removing overlay from FXGLDefaultMenu and adding to GameScene
10:42:36.948 [JavaFX Application Thread] DEBUG PrimaryStageWindow   - GameScene <- FXGLDefaultMenu
10:42:38.271 [JavaFX Application Thread] DEBUG PrimaryStageWindow   - Push state: FXGLDefaultMenu
10:42:38.271 [JavaFX Application Thread] DEBUG Input                - Clearing active input actions
10:42:38.273 [JavaFX Application Thread] DEBUG GameApplicationServi - Removing overlay from GameScene and adding to FXGLDefaultMenu
10:42:38.273 [JavaFX Application Thread] DEBUG PrimaryStageWindow   - GameScene -> FXGLDefaultMenu
10:42:41.061 [JavaFX Application Thread] DEBUG FXGL.DefaultMenu     - createContentVideo()
10:42:43.435 [JavaFX Application Thread] DEBUG PrimaryStageWindow   - Pop state: FXGLDefaultMenu
10:42:43.435 [JavaFX Application Thread] DEBUG Input                - Clearing active input actions
10:42:43.435 [JavaFX Application Thread] DEBUG GameApplicationServi - Removing overlay from FXGLDefaultMenu and adding to GameScene
10:42:43.435 [JavaFX Application Thread] DEBUG PrimaryStageWindow   - GameScene <- FXGLDefaultMenu
10:43:03.811 [JavaFX Application Thread] DEBUG PrimaryStageWindow   - Push state: FXGLDefaultMenu
10:43:03.811 [JavaFX Application Thread] DEBUG Input                - Clearing active input actions
10:43:03.813 [JavaFX Application Thread] DEBUG GameApplicationServi - Removing overlay from GameScene and adding to FXGLDefaultMenu
10:43:03.813 [JavaFX Application Thread] DEBUG PrimaryStageWindow   - GameScene -> FXGLDefaultMenu
10:43:10.062 [JavaFX Application Thread] DEBUG PrimaryStageWindow   - Pop state: FXGLDefaultMenu
10:43:10.063 [JavaFX Application Thread] DEBUG Input                - Clearing active input actions
10:43:10.063 [JavaFX Application Thread] DEBUG GameApplicationServi - Removing overlay from FXGLDefaultMenu and adding to GameScene
10:43:10.063 [JavaFX Application Thread] DEBUG PrimaryStageWindow   - GameScene <- FXGLDefaultMenu
10:43:48.082 [JavaFX Application Thread] DEBUG PrimaryStageWindow   - Push state: FXGLDefaultMenu
10:43:48.082 [JavaFX Application Thread] DEBUG Input                - Clearing active input actions
10:43:48.083 [JavaFX Application Thread] DEBUG GameApplicationServi - Removing overlay from GameScene and adding to FXGLDefaultMenu
10:43:48.083 [JavaFX Application Thread] DEBUG PrimaryStageWindow   - GameScene -> FXGLDefaultMenu
10:43:50.421 [JavaFX Application Thread] DEBUG Menu                 - fireExit()
10:43:50.426 [JavaFX Application Thread] DEBUG PrimaryStageWindow   - Push state: DialogSubScene
10:43:50.426 [JavaFX Application Thread] DEBUG Input                - Clearing active input actions
10:43:50.426 [JavaFX Application Thread] DEBUG GameApplicationServi - Removing overlay from FXGLDefaultMenu and adding to DialogSubScene
10:43:50.426 [JavaFX Application Thread] DEBUG PrimaryStageWindow   - FXGLDefaultMenu -> DialogSubScene
10:43:51.092 [JavaFX Application Thread] DEBUG PrimaryStageWindow   - Pop state: DialogSubScene
10:43:51.092 [JavaFX Application Thread] DEBUG Input                - Clearing active input actions
10:43:51.092 [JavaFX Application Thread] DEBUG GameApplicationServi - Removing overlay from DialogSubScene and adding to FXGLDefaultMenu
10:43:51.092 [JavaFX Application Thread] DEBUG PrimaryStageWindow   - FXGLDefaultMenu <- DialogSubScene
10:43:51.092 [JavaFX Application Thread] DEBUG FXGLApplication      - Exiting FXGL
10:43:51.092 [JavaFX Application Thread] DEBUG LoopRunner           - Stopping loop
10:43:51.093 [JavaFX Application Thread] DEBUG SystemBundleService  - Saving FXGL system data
10:43:51.093 [JavaFX Application Thread] DEBUG FileSystemAccess     - Writing to: D:\GameDevelop\Project1\system\fxgl.bundle
10:43:51.095 [JavaFX Application Thread] DEBUG Async                - Shutting down background threads
10:43:51.095 [JavaFX Application Thread] DEBUG PrimaryStageWindow   - Closing main window
10:43:51.125 [JavaFX Application Thread] DEBUG Logger               - Closing Logger
