17:11:12.134 [main                     ] DEBUG Logger               - Configured Logger
17:11:12.156 [main                     ] DEBUG GameApplication      - Logging settings
Title: Java Farming Professional
Version: 2.5
Width: 1280
Height: 720
Fullscreen: false
Intro: false
Profiling: false
Single step:false
App Mode: DEVELOPER
Menu Key: ESCAPE
Stage Style: DECORATED
Scene Factory: class Project1Game.ui.FarmSceneFactory

17:11:14.302 [JavaFX Application Thread] DEBUG FXGLApplication      - Initializing FXGL
17:11:14.310 [JavaFX Application Thread] INFO  Engine               - FXGL-25 (05.02.2026 22.57) on WINDOWS (J:25.0.3 FX:25.0.1)
17:11:14.311 [JavaFX Application Thread] DEBUG Engine               - JRE Vendor Name: Oracle Corporation
17:11:14.311 [JavaFX Application Thread] DEBUG Engine               - Running on OS: Windows 11 version 10.0
17:11:14.311 [JavaFX Application Thread] DEBUG Engine               - Architecture: amd64
17:11:14.312 [JavaFX Application Thread] INFO  Engine               - Source code and latest versions at: https://github.com/AlmasB/FXGL
17:11:14.312 [JavaFX Application Thread] INFO  Engine               -       Ask questions and discuss at: https://github.com/AlmasB/FXGL/discussions
17:11:14.649 [JavaFX Application Thread] DEBUG PrimaryStageWindow   - Creating a JavaFX scene
17:11:14.834 [JavaFX Application Thread] DEBUG PrimaryStageWindow   - Target settings size: 1280.0 x 720.0
17:11:14.834 [JavaFX Application Thread] DEBUG PrimaryStageWindow   - Scaled scene size:    1280.0 x 720.0
17:11:14.835 [JavaFX Application Thread] DEBUG PrimaryStageWindow   - Scaled ratio: (1.0, 1.0)
17:11:14.837 [JavaFX Application Thread] DEBUG PrimaryStageWindow   - Set initial scene to FXGLStartupScene
17:11:14.848 [JavaFX Application Thread] DEBUG PrimaryStageWindow   - Opening main window
17:11:15.724 [JavaFX Application Thread] DEBUG PrimaryStageWindow   - Window border size: (14.4000244140625, 37.5999755859375)
17:11:15.725 [JavaFX Application Thread] DEBUG PrimaryStageWindow   - Scaled size: 1280.0 x 720.0
17:11:15.726 [JavaFX Application Thread] DEBUG PrimaryStageWindow   - Scaled ratio: (1.0, 1.0)
17:11:15.728 [JavaFX Application Thread] DEBUG PrimaryStageWindow   - Scene size: 1280.0 x 720.0
17:11:15.728 [JavaFX Application Thread] DEBUG PrimaryStageWindow   - Stage size: 1294.4000244140625 x 757.5999755859375
17:11:15.826 [FXGL Background Thread 1 ] DEBUG Engine               - Initializing environment variables
17:11:16.029 [FXGL Background Thread 1 ] DEBUG FXGLAssetLoaderServi - User app class for loading assets: class Project1Game.Main
17:11:16.031 [FXGL Background Thread 1 ] DEBUG GameApplicationServi - Applying CSS: fxgl_dark.css
17:11:16.033 [FXGL Background Thread 1 ] DEBUG FXGLAssetLoaderServi - Loading from file system: jar:file:/C:/Users/HP/.m2/repository/com/github/almasb/fxgl/25/fxgl-25.jar!/fxglassets/ui/css/fxgl_dark.css
17:11:16.192 [FXGL Background Thread 1 ] DEBUG GameApplicationServi - Initializing application scenes
17:11:16.408 [FXGL Background Thread 1 ] DEBUG GameWorld            - Game world initialized
17:11:16.592 [FXGL Background Thread 1 ] DEBUG PhysicsWorld         - Physics world initialized: appHeight=720, physics.ppm=50.0
17:11:16.593 [FXGL Background Thread 1 ] DEBUG PhysicsWorld         - Using strategy: BRUTE_FORCE
17:11:16.609 [FXGL Background Thread 1 ] DEBUG GameScene            - Game scene initialized: 1280x720
17:11:16.695 [FXGL Background Thread 1 ] DEBUG GameApplicationServi - Application scenes initialized
17:11:16.749 [FXGL Background Thread 1 ] DEBUG SystemBundleService  - Loading FXGL system data
17:11:16.766 [FXGL Background Thread 1 ] DEBUG FileSystemAccess     - Reading from: D:\projects\helloworld\FarmSimulator\system\fxgl.bundle
17:11:16.796 [FXGL Background Thread 1 ] DEBUG SystemBundleService  - Bundle FXGL: {}
17:11:16.796 [FXGL Background Thread 1 ] DEBUG UpdaterService       - Checking for updates
17:11:16.936 [FXGL Background Thread 1 ] DEBUG FXGLApplication      - Loading default localization
17:11:16.938 [FXGL Background Thread 1 ] DEBUG FXGLAssetLoaderServi - Loading from file system: jar:file:/C:/Users/HP/.m2/repository/com/github/almasb/fxgl/25/fxgl-25.jar!/fxglassets/languages/english.lang
17:11:16.962 [FXGL Background Thread 4 ] DEBUG FXGLApplication      - Loading fonts
17:11:16.963 [FXGL Background Thread 4 ] DEBUG FXGLAssetLoaderServi - Loading from file system: jar:file:/C:/Users/HP/.m2/repository/com/github/almasb/fxgl/25/fxgl-25.jar!/fxglassets/ui/fonts/VarelaRound-Regular.ttf
17:11:16.988 [FXGL Background Thread 1 ] INFO  FXGLApplication      - FXGL initialization took: 1.164 sec
17:11:17.013 [JavaFX Application Thread] DEBUG Input                - Registered new binding: Move Right - D
17:11:17.014 [JavaFX Application Thread] DEBUG Input                - Registered new binding: Move Left - A
17:11:17.014 [JavaFX Application Thread] DEBUG Input                - Registered new binding: Move Up - W
17:11:17.014 [JavaFX Application Thread] DEBUG Input                - Registered new binding: Move Down - S
17:11:17.015 [JavaFX Application Thread] DEBUG Input                - Registered new binding: Interact Action Key - E
17:11:17.015 [JavaFX Application Thread] DEBUG Input                - Registered new binding: Use Tool Keyboard - F
17:11:17.018 [JavaFX Application Thread] DEBUG Input                - Registered new binding: Use Tool Mouse - LMB
17:11:17.019 [JavaFX Application Thread] DEBUG Input                - Registered new binding: Test Quick Water - Q
17:11:17.019 [JavaFX Application Thread] DEBUG Input                - Registered new binding: Close UI Window - R
17:11:17.019 [JavaFX Application Thread] DEBUG Input                - Registered new binding: Toggle Inventory Window - Tab
17:11:17.020 [JavaFX Application Thread] DEBUG Input                - Registered new binding: Toggle Admin Panel - Back Quote
17:11:17.021 [JavaFX Application Thread] DEBUG Input                - Registered new binding: Quick Save - F5
17:11:17.021 [JavaFX Application Thread] DEBUG Input                - Registered new binding: Quick Load - F9
17:11:17.022 [JavaFX Application Thread] DEBUG Input                - Registered new binding: Select Inventory Slot 1 - 1
17:11:17.022 [JavaFX Application Thread] DEBUG Input                - Registered new binding: Select Inventory Slot 2 - 2
17:11:17.022 [JavaFX Application Thread] DEBUG Input                - Registered new binding: Select Inventory Slot 3 - 3
17:11:17.022 [JavaFX Application Thread] DEBUG Input                - Registered new binding: Select Inventory Slot 4 - 4
17:11:17.023 [JavaFX Application Thread] DEBUG Input                - Registered new binding: Select Inventory Slot 5 - 5
17:11:17.023 [JavaFX Application Thread] DEBUG Input                - Registered new binding: Select Inventory Slot 6 - 6
17:11:17.023 [JavaFX Application Thread] DEBUG Input                - Registered new binding: Select Inventory Slot 7 - 7
17:11:17.023 [JavaFX Application Thread] DEBUG Input                - Registered new binding: Select Inventory Slot 8 - 8
17:11:17.024 [JavaFX Application Thread] DEBUG Input                - Registered new binding: Select Inventory Slot 9 - 9
17:11:17.026 [JavaFX Application Thread] DEBUG FXGLAssetLoaderServi - Loading from file system: jar:file:/C:/Users/HP/.m2/repository/com/github/almasb/fxgl/25/fxgl-25.jar!/fxglassets/textures/fxgl_icon.png
17:11:17.121 [FXGL Background Thread 4 ] DEBUG FXGLAssetLoaderServi - Loading from file system: jar:file:/C:/Users/HP/.m2/repository/com/github/almasb/fxgl/25/fxgl-25.jar!/fxglassets/ui/fonts/Abel-Regular.ttf
17:11:17.158 [FXGL Background Thread 4 ] DEBUG FXGLAssetLoaderServi - Loading from file system: jar:file:/C:/Users/HP/.m2/repository/com/github/almasb/fxgl/25/fxgl-25.jar!/fxglassets/ui/fonts/TerminalLandMono-Regular.otf
17:11:17.207 [FXGL Background Thread 4 ] DEBUG FXGLAssetLoaderServi - Loading from file system: jar:file:/C:/Users/HP/.m2/repository/com/github/almasb/fxgl/25/fxgl-25.jar!/fxglassets/ui/fonts/Courier-Prime.ttf
17:11:17.219 [JavaFX Application Thread] DEBUG FXGLAssetLoaderServi - Loading from file system: jar:file:/C:/Users/HP/.m2/repository/com/github/almasb/fxgl/25/fxgl-25.jar!/fxglassets/textures/fxgl_default_cursor.png
17:11:17.229 [JavaFX Application Thread] DEBUG Input                - Registered new binding: Screenshot - CTRL+8
17:11:17.230 [JavaFX Application Thread] DEBUG Input                - Registered new binding: Dev Options - 1
17:11:17.232 [JavaFX Application Thread] DEBUG Input                - Registered new binding: Dev Console - 2
17:11:17.236 [JavaFX Application Thread] DEBUG Input                - Registered new binding: System info dump - CTRL+9
17:11:17.237 [JavaFX Application Thread] DEBUG Input                - Registered new binding: Restart - CTRL+R
17:11:17.240 [JavaFX Application Thread] DEBUG Input                - Registered new binding: Toggle Debug Camera - CTRL+7
17:11:17.256 [JavaFX Application Thread] DEBUG LoopRunner           - Starting loop
17:11:17.302 [JavaFX Application Thread] DEBUG LoopRunner           - Initializing JavaFX AnimationTimerLoop
17:11:17.317 [JavaFX Application Thread] DEBUG Input                - Clearing active input actions
17:11:17.348 [JavaFX Application Thread] DEBUG GameApplicationServi - Removing overlay from FXGLStartupScene and adding to FXGLMainMenuDummyScene
17:11:17.363 [JavaFX Application Thread] DEBUG PrimaryStageWindow   - FXGLStartupScene -> FXGLMainMenuDummyScene
17:11:17.363 [JavaFX Application Thread] DEBUG PrimaryStageWindow   - Push state: FarmMenu
17:11:17.365 [JavaFX Application Thread] DEBUG Input                - Clearing active input actions
17:11:17.374 [JavaFX Application Thread] DEBUG GameApplicationServi - Removing overlay from FXGLMainMenuDummyScene and adding to FarmMenu
17:11:17.380 [JavaFX Application Thread] DEBUG PrimaryStageWindow   - FXGLMainMenuDummyScene -> FarmMenu
17:11:17.386 [JavaFX Application Thread] DEBUG FXGLApplication      - Registering font factories with UI factory
17:11:19.824 [JavaFX Application Thread] DEBUG Menu                 - fireNewGame()
17:11:19.824 [JavaFX Application Thread] DEBUG GameApplicationServi - Starting new game
17:11:19.825 [JavaFX Application Thread] DEBUG PrimaryStageWindow   - Pop state: FarmMenu
17:11:19.825 [JavaFX Application Thread] DEBUG Input                - Clearing active input actions
17:11:19.827 [JavaFX Application Thread] DEBUG GameApplicationServi - Removing overlay from FarmMenu and adding to FXGLMainMenuDummyScene
17:11:19.830 [JavaFX Application Thread] DEBUG PrimaryStageWindow   - FXGLMainMenuDummyScene <- FarmMenu
17:11:19.830 [JavaFX Application Thread] DEBUG Input                - Clearing active input actions
17:11:19.847 [JavaFX Application Thread] DEBUG GameApplicationServi - Removing overlay from FXGLMainMenuDummyScene and adding to FXGLLoadingScene
17:11:19.848 [JavaFX Application Thread] DEBUG PrimaryStageWindow   - FXGLMainMenuDummyScene -> FXGLLoadingScene
17:11:19.848 [JavaFX Application Thread] DEBUG GameApplicationServi - Clearing previous game
17:11:19.848 [JavaFX Application Thread] DEBUG GameScene            - Clearing game scene
17:11:19.849 [JavaFX Application Thread] DEBUG GameWorld            - Clearing game world
17:11:19.849 [JavaFX Application Thread] DEBUG PhysicsWorld         - Clearing physics world
17:11:19.853 [FXGL Background Thread 2 ] DEBUG FXGLApplication      - Initializing game
17:11:19.916 [FXGL Background Thread 2 ] WARN  FXGLAssetLoaderServi - Asset "/assets/textures/empty.png" was not found!
17:11:19.916 [FXGL Background Thread 2 ] WARN  FXGLAssetLoaderServi - Failed to load IMAGE
17:11:19.931 [FXGL Background Thread 3 ] DEBUG Engine               - Logging environment variables
17:11:19.932 [FXGL Background Thread 3 ] DEBUG Engine               - achievements: []
17:11:19.932 [FXGL Background Thread 3 ] DEBUG Engine               - actualHeight: 720.0
17:11:19.933 [FXGL Background Thread 3 ] DEBUG Engine               - actualHeightProperty: ReadOnlyDoubleProperty [value: 720.0]
17:11:19.933 [FXGL Background Thread 3 ] DEBUG Engine               - actualWidth: 1280.0
17:11:19.933 [FXGL Background Thread 3 ] DEBUG Engine               - actualWidthProperty: ReadOnlyDoubleProperty [value: 1280.0]
17:11:19.933 [FXGL Background Thread 3 ] DEBUG Engine               - appIcon: fxgl_icon.png
17:11:19.933 [FXGL Background Thread 3 ] DEBUG Engine               - applicationMode: DEVELOPER
17:11:19.934 [FXGL Background Thread 3 ] DEBUG Engine               - cSSList: [fxgl_dark.css]
17:11:19.934 [FXGL Background Thread 3 ] DEBUG Engine               - collisionDetectionStrategy: BRUTE_FORCE
17:11:19.934 [FXGL Background Thread 3 ] DEBUG Engine               - configClass: Optional.empty
17:11:19.934 [FXGL Background Thread 3 ] DEBUG Engine               - credits: []
17:11:19.938 [FXGL Background Thread 3 ] DEBUG Engine               - defaultCursor: CursorInfo(imageName=fxgl_default_cursor.png, hotspotX=7.0, hotspotY=6.0)
17:11:19.939 [FXGL Background Thread 3 ] DEBUG Engine               - devBBoxColorProperty: ObjectProperty [value: 0xff0000ff]
17:11:19.939 [FXGL Background Thread 3 ] DEBUG Engine               - devEnableDebugCameraProperty: BooleanProperty [value: false]
17:11:19.939 [FXGL Background Thread 3 ] DEBUG Engine               - devSensorColorProperty: ObjectProperty [value: 0xffff00ff]
17:11:19.939 [FXGL Background Thread 3 ] DEBUG Engine               - devShowBBoxProperty: BooleanProperty [value: false]
17:11:19.939 [FXGL Background Thread 3 ] DEBUG Engine               - devShowPositionProperty: BooleanProperty [value: false]
17:11:19.939 [FXGL Background Thread 3 ] DEBUG Engine               - enabledMenuItems: []
17:11:19.940 [FXGL Background Thread 3 ] DEBUG Engine               - engineServices: [class com.almasb.fxgl.app.services.FXGLAssetLoaderService, class com.almasb.fxgl.app.FXGLApplication$GameApplicationService, class com.almasb.fxgl.app.services.FXGLDialogService, class com.almasb.fxgl.app.services.IOTaskExecutorService, class com.almasb.fxgl.io.FileSystemService, class com.almasb.fxgl.localization.LocalizationService, class com.almasb.fxgl.app.services.SystemBundleService, class com.almasb.fxgl.profile.SaveLoadService, class com.almasb.fxgl.ui.FXGLUIFactoryServiceProvider, class com.almasb.fxgl.ui.FXGLDialogFactoryServiceProvider, class com.almasb.fxgl.audio.AudioPlayer, class com.almasb.fxgl.notification.impl.NotificationServiceProvider, class com.almasb.fxgl.achievement.AchievementService, class com.almasb.fxgl.cutscene.CutsceneService, class com.almasb.fxgl.minigames.MiniGameService, class com.almasb.fxgl.net.NetService, class com.almasb.fxgl.app.services.UpdaterService, class com.almasb.fxgl.dev.DevService]
17:11:19.940 [FXGL Background Thread 3 ] DEBUG Engine               - fontGame: Abel-Regular.ttf
17:11:19.940 [FXGL Background Thread 3 ] DEBUG Engine               - fontMono: TerminalLandMono-Regular.otf
17:11:19.940 [FXGL Background Thread 3 ] DEBUG Engine               - fontSizeScaleUI: 1.0
17:11:19.940 [FXGL Background Thread 3 ] DEBUG Engine               - fontText: Courier-Prime.ttf
17:11:19.940 [FXGL Background Thread 3 ] DEBUG Engine               - fontUI: VarelaRound-Regular.ttf
17:11:19.941 [FXGL Background Thread 3 ] DEBUG Engine               - fpsRefreshRate: 500.0 ms
17:11:19.941 [FXGL Background Thread 3 ] DEBUG Engine               - fullScreen: BooleanProperty [value: false]
17:11:19.941 [FXGL Background Thread 3 ] DEBUG Engine               - gameDifficulty: MEDIUM
17:11:19.941 [FXGL Background Thread 3 ] DEBUG Engine               - gameDifficultyProperty: ObjectProperty [value: MEDIUM]
17:11:19.941 [FXGL Background Thread 3 ] DEBUG Engine               - globalMusicVolume: 0.5
17:11:19.943 [FXGL Background Thread 3 ] DEBUG Engine               - globalMusicVolumeProperty: DoubleProperty [value: 0.5]
17:11:19.943 [FXGL Background Thread 3 ] DEBUG Engine               - globalSoundVolume: 0.5
17:11:19.943 [FXGL Background Thread 3 ] DEBUG Engine               - globalSoundVolumeProperty: DoubleProperty [value: 0.5]
17:11:19.943 [FXGL Background Thread 3 ] DEBUG Engine               - height: 720
17:11:19.943 [FXGL Background Thread 3 ] DEBUG Engine               - is3D: false
17:11:19.943 [FXGL Background Thread 3 ] DEBUG Engine               - isAndroid: false
17:11:19.943 [FXGL Background Thread 3 ] DEBUG Engine               - isBrowser: false
17:11:19.943 [FXGL Background Thread 3 ] DEBUG Engine               - isClickFeedbackEnabled: false
17:11:19.944 [FXGL Background Thread 3 ] DEBUG Engine               - isCloseConfirmation: false
17:11:19.944 [FXGL Background Thread 3 ] DEBUG Engine               - isDesktop: true
17:11:19.944 [FXGL Background Thread 3 ] DEBUG Engine               - isDeveloperMenuEnabled: true
17:11:19.944 [FXGL Background Thread 3 ] DEBUG Engine               - isEmbedded: false
17:11:19.944 [FXGL Background Thread 3 ] DEBUG Engine               - isEntityPreloadEnabled: true
17:11:19.944 [FXGL Background Thread 3 ] DEBUG Engine               - isExperimentalTiledLargeMap: false
17:11:19.944 [FXGL Background Thread 3 ] DEBUG Engine               - isFileSystemWriteAllowed: true
17:11:19.944 [FXGL Background Thread 3 ] DEBUG Engine               - isFullScreenAllowed: false
17:11:19.945 [FXGL Background Thread 3 ] DEBUG Engine               - isFullScreenFromStart: false
17:11:19.945 [FXGL Background Thread 3 ] DEBUG Engine               - isGameMenuEnabled: true
17:11:19.945 [FXGL Background Thread 3 ] DEBUG Engine               - isIOS: false
17:11:19.945 [FXGL Background Thread 3 ] DEBUG Engine               - isIntroEnabled: false
17:11:19.946 [FXGL Background Thread 3 ] DEBUG Engine               - isLinux: false
17:11:19.946 [FXGL Background Thread 3 ] DEBUG Engine               - isMac: false
17:11:19.946 [FXGL Background Thread 3 ] DEBUG Engine               - isMainMenuEnabled: true
17:11:19.946 [FXGL Background Thread 3 ] DEBUG Engine               - isManualResizeEnabled: false
17:11:19.947 [FXGL Background Thread 3 ] DEBUG Engine               - isMobile: false
17:11:19.947 [FXGL Background Thread 3 ] DEBUG Engine               - isNative: false
17:11:19.947 [FXGL Background Thread 3 ] DEBUG Engine               - isPauseMusicWhenMinimized: true
17:11:19.947 [FXGL Background Thread 3 ] DEBUG Engine               - isPreserveResizeRatio: false
17:11:19.947 [FXGL Background Thread 3 ] DEBUG Engine               - isProfilingEnabled: false
17:11:19.947 [FXGL Background Thread 3 ] DEBUG Engine               - isScaleAffectedOnResize: true
17:11:19.947 [FXGL Background Thread 3 ] DEBUG Engine               - isSingleStep: false
17:11:19.948 [FXGL Background Thread 3 ] DEBUG Engine               - isUserProfileEnabled: false
17:11:19.948 [FXGL Background Thread 3 ] DEBUG Engine               - isWindows: true
17:11:19.948 [FXGL Background Thread 3 ] DEBUG Engine               - language: ObjectProperty [value: ENGLISH]
17:11:19.948 [FXGL Background Thread 3 ] DEBUG Engine               - menuKey: ESCAPE
17:11:19.948 [FXGL Background Thread 3 ] DEBUG Engine               - mouseSensitivity: 0.2
17:11:19.948 [FXGL Background Thread 3 ] DEBUG Engine               - notificationViewClass: class com.almasb.fxgl.notification.view.XboxNotificationView
17:11:19.948 [FXGL Background Thread 3 ] DEBUG Engine               - pixelsPerMeter: 50.0
17:11:19.948 [FXGL Background Thread 3 ] DEBUG Engine               - platform: WINDOWS
17:11:19.949 [FXGL Background Thread 3 ] DEBUG Engine               - prefHeightProperty: ReadOnlyDoubleProperty [value: 720.0]
17:11:19.949 [FXGL Background Thread 3 ] DEBUG Engine               - prefWidthProperty: ReadOnlyDoubleProperty [value: 1280.0]
17:11:19.949 [FXGL Background Thread 3 ] DEBUG Engine               - profileDir: profiles/
17:11:19.949 [FXGL Background Thread 3 ] DEBUG Engine               - profileName: StringProperty [value: DEFAULT]
17:11:19.949 [FXGL Background Thread 3 ] DEBUG Engine               - randomSeed: -1
17:11:19.949 [FXGL Background Thread 3 ] DEBUG Engine               - runtimeInfo: RuntimeInfo(platform=WINDOWS, version=25, build=05.02.2026 22.57)
17:11:19.949 [FXGL Background Thread 3 ] DEBUG Engine               - saveFileExt: sav
17:11:19.949 [FXGL Background Thread 3 ] DEBUG Engine               - scaledHeightProp$fxgl: DoubleProperty [bound, value: 720.0]
17:11:19.950 [FXGL Background Thread 3 ] DEBUG Engine               - scaledWidthProp$fxgl: DoubleProperty [bound, value: 1280.0]
17:11:19.950 [FXGL Background Thread 3 ] DEBUG Engine               - sceneFactory: Project1Game.ui.FarmSceneFactory@86f331b
17:11:19.950 [FXGL Background Thread 3 ] DEBUG Engine               - secondsIn24h: 60
17:11:19.950 [FXGL Background Thread 3 ] DEBUG Engine               - soundMenuBack: menu/back.wav
17:11:19.950 [FXGL Background Thread 3 ] DEBUG Engine               - soundMenuPress: menu/press.wav
17:11:19.950 [FXGL Background Thread 3 ] DEBUG Engine               - soundMenuSelect: menu/select.wav
17:11:19.950 [FXGL Background Thread 3 ] DEBUG Engine               - soundNotification: core/notification.wav
17:11:19.950 [FXGL Background Thread 3 ] DEBUG Engine               - stageStyle: DECORATED
17:11:19.950 [FXGL Background Thread 3 ] DEBUG Engine               - supportedLanguages: [ENGLISH, FRENCH, GERMAN, HUNGARIAN, RUSSIAN]
17:11:19.951 [FXGL Background Thread 3 ] DEBUG Engine               - ticksPerSecond: -1
17:11:19.951 [FXGL Background Thread 3 ] DEBUG Engine               - title: Java Farming Professional
17:11:19.951 [FXGL Background Thread 3 ] DEBUG Engine               - urlGithub: https://github.com/AlmasB/FXGL
17:11:19.951 [FXGL Background Thread 3 ] DEBUG Engine               - urlLeaderboard: http://fxgl-top.herokuapp.com/
17:11:19.951 [FXGL Background Thread 3 ] DEBUG Engine               - urlPOM: https://raw.githubusercontent.com/AlmasB/FXGL/release/README.md
17:11:19.951 [FXGL Background Thread 3 ] DEBUG Engine               - userAppClass: class Project1Game.Main
17:11:19.951 [FXGL Background Thread 3 ] DEBUG Engine               - version: 2.5
17:11:19.951 [FXGL Background Thread 3 ] DEBUG Engine               - versionCheckDays: 7
17:11:19.951 [FXGL Background Thread 3 ] DEBUG Engine               - width: 1280
17:11:19.952 [FXGL Background Thread 3 ] DEBUG Engine               - Logging services
17:11:19.952 [FXGL Background Thread 3 ] DEBUG Engine               - class com.almasb.fxgl.app.services.FXGLAssetLoaderService
17:11:19.952 [FXGL Background Thread 3 ] DEBUG Engine               - class com.almasb.fxgl.app.FXGLApplication$GameApplicationService
17:11:19.952 [FXGL Background Thread 3 ] DEBUG Engine               - class com.almasb.fxgl.app.services.FXGLDialogService
17:11:19.952 [FXGL Background Thread 3 ] DEBUG Engine               - class com.almasb.fxgl.app.services.IOTaskExecutorService
17:11:19.952 [FXGL Background Thread 3 ] DEBUG Engine               - class com.almasb.fxgl.io.FileSystemService
17:11:19.952 [FXGL Background Thread 3 ] DEBUG Engine               - class com.almasb.fxgl.localization.LocalizationService
17:11:19.952 [FXGL Background Thread 3 ] DEBUG Engine               - class com.almasb.fxgl.app.services.SystemBundleService
17:11:19.952 [FXGL Background Thread 3 ] DEBUG Engine               - class com.almasb.fxgl.profile.SaveLoadService
17:11:19.952 [FXGL Background Thread 3 ] DEBUG Engine               - class com.almasb.fxgl.ui.FXGLUIFactoryServiceProvider
17:11:19.953 [FXGL Background Thread 3 ] DEBUG Engine               - class com.almasb.fxgl.ui.FXGLDialogFactoryServiceProvider
17:11:19.953 [FXGL Background Thread 3 ] DEBUG Engine               - class com.almasb.fxgl.audio.AudioPlayer
17:11:19.953 [FXGL Background Thread 3 ] DEBUG Engine               - class com.almasb.fxgl.notification.impl.NotificationServiceProvider
17:11:19.953 [FXGL Background Thread 3 ] DEBUG Engine               - class com.almasb.fxgl.achievement.AchievementService
17:11:19.953 [FXGL Background Thread 3 ] DEBUG Engine               - class com.almasb.fxgl.cutscene.CutsceneService
17:11:19.953 [FXGL Background Thread 3 ] DEBUG Engine               - class com.almasb.fxgl.minigames.MiniGameService
17:11:19.953 [FXGL Background Thread 3 ] DEBUG Engine               - class com.almasb.fxgl.net.NetService
17:11:19.953 [FXGL Background Thread 3 ] DEBUG Engine               - class com.almasb.fxgl.app.services.UpdaterService
17:11:19.953 [FXGL Background Thread 3 ] DEBUG Engine               - class com.almasb.fxgl.dev.DevService
17:11:20.031 [FXGL Background Thread 2 ] DEBUG FXGLAssetLoaderServi - Loading from file system: file:/D:/projects/helloworld/FarmSimulator/target/classes/assets/textures/Crops/soil_1.png
17:11:20.055 [FXGL Background Thread 2 ] WARN  FXGLAssetLoaderServi - Asset "/assets/textures/empty.png" was not found!
17:11:20.055 [FXGL Background Thread 2 ] WARN  FXGLAssetLoaderServi - Failed to load IMAGE
17:11:20.056 [FXGL Background Thread 2 ] DEBUG FXGLAssetLoaderServi - Loading from file system: file:/D:/projects/helloworld/FarmSimulator/target/classes/assets/textures/Crops/rice_1.png
17:11:20.059 [FXGL Background Thread 2 ] WARN  FXGLAssetLoaderServi - Asset "/assets/textures/empty.png" was not found!
17:11:20.059 [FXGL Background Thread 2 ] WARN  FXGLAssetLoaderServi - Failed to load IMAGE
17:11:20.061 [FXGL Background Thread 2 ] WARN  FXGLAssetLoaderServi - Asset "/assets/textures/empty.png" was not found!
17:11:20.062 [FXGL Background Thread 2 ] WARN  FXGLAssetLoaderServi - Failed to load IMAGE
17:11:20.064 [FXGL Background Thread 2 ] WARN  FXGLAssetLoaderServi - Asset "/assets/textures/empty.png" was not found!
17:11:20.064 [FXGL Background Thread 2 ] WARN  FXGLAssetLoaderServi - Failed to load IMAGE
17:11:20.066 [FXGL Background Thread 2 ] WARN  FXGLAssetLoaderServi - Asset "/assets/textures/empty.png" was not found!
17:11:20.066 [FXGL Background Thread 2 ] WARN  FXGLAssetLoaderServi - Failed to load IMAGE
17:11:20.068 [FXGL Background Thread 2 ] WARN  FXGLAssetLoaderServi - Asset "/assets/textures/empty.png" was not found!
17:11:20.069 [FXGL Background Thread 2 ] WARN  FXGLAssetLoaderServi - Failed to load IMAGE
17:11:20.073 [FXGL Background Thread 2 ] WARN  FXGLAssetLoaderServi - Asset "/assets/textures/empty.png" was not found!
17:11:20.074 [FXGL Background Thread 2 ] WARN  FXGLAssetLoaderServi - Failed to load IMAGE
17:11:20.074 [FXGL Background Thread 2 ] DEBUG FXGLAssetLoaderServi - Loading from file system: file:/D:/projects/helloworld/FarmSimulator/target/classes/assets/textures/Crops/soil_2.png
17:11:20.082 [FXGL Background Thread 2 ] WARN  FXGLAssetLoaderServi - Asset "/assets/textures/empty.png" was not found!
17:11:20.082 [FXGL Background Thread 2 ] WARN  FXGLAssetLoaderServi - Failed to load IMAGE
17:11:20.083 [FXGL Background Thread 2 ] WARN  FXGLAssetLoaderServi - Asset "/assets/textures/empty.png" was not found!
17:11:20.084 [FXGL Background Thread 2 ] WARN  FXGLAssetLoaderServi - Failed to load IMAGE
17:11:20.090 [FXGL Background Thread 2 ] WARN  FXGLAssetLoaderServi - Asset "/assets/textures/empty.png" was not found!
17:11:20.091 [FXGL Background Thread 2 ] WARN  FXGLAssetLoaderServi - Failed to load IMAGE
17:11:20.094 [FXGL Background Thread 2 ] WARN  FXGLAssetLoaderServi - Asset "/assets/textures/empty.png" was not found!
17:11:20.094 [FXGL Background Thread 2 ] WARN  FXGLAssetLoaderServi - Failed to load IMAGE
17:11:20.104 [FXGL Background Thread 2 ] WARN  FXGLAssetLoaderServi - Asset "/assets/textures/empty.png" was not found!
17:11:20.104 [FXGL Background Thread 2 ] WARN  FXGLAssetLoaderServi - Failed to load IMAGE
17:11:20.105 [FXGL Background Thread 2 ] WARN  FXGLAssetLoaderServi - Asset "/assets/textures/empty.png" was not found!
17:11:20.105 [FXGL Background Thread 2 ] WARN  FXGLAssetLoaderServi - Failed to load IMAGE
17:11:20.106 [FXGL Background Thread 2 ] WARN  FXGLAssetLoaderServi - Asset "/assets/textures/empty.png" was not found!
17:11:20.107 [FXGL Background Thread 2 ] WARN  FXGLAssetLoaderServi - Failed to load IMAGE
17:11:20.107 [FXGL Background Thread 2 ] WARN  FXGLAssetLoaderServi - Asset "/assets/textures/empty.png" was not found!
17:11:20.108 [FXGL Background Thread 2 ] WARN  FXGLAssetLoaderServi - Failed to load IMAGE
17:11:20.110 [FXGL Background Thread 2 ] WARN  FXGLAssetLoaderServi - Asset "/assets/textures/empty.png" was not found!
17:11:20.110 [FXGL Background Thread 2 ] WARN  FXGLAssetLoaderServi - Failed to load IMAGE
17:11:20.112 [FXGL Background Thread 2 ] WARN  FXGLAssetLoaderServi - Asset "/assets/textures/empty.png" was not found!
17:11:20.113 [FXGL Background Thread 2 ] WARN  FXGLAssetLoaderServi - Failed to load IMAGE
17:11:20.128 [FXGL Background Thread 2 ] WARN  FXGLAssetLoaderServi - Asset "/assets/textures/empty.png" was not found!
17:11:20.129 [FXGL Background Thread 2 ] WARN  FXGLAssetLoaderServi - Failed to load IMAGE
17:11:20.131 [FXGL Background Thread 2 ] WARN  FXGLAssetLoaderServi - Asset "/assets/textures/empty.png" was not found!
17:11:20.133 [FXGL Background Thread 2 ] WARN  FXGLAssetLoaderServi - Failed to load IMAGE
17:11:20.135 [FXGL Background Thread 2 ] WARN  FXGLAssetLoaderServi - Asset "/assets/textures/empty.png" was not found!
17:11:20.136 [FXGL Background Thread 2 ] WARN  FXGLAssetLoaderServi - Failed to load IMAGE
17:11:20.137 [FXGL Background Thread 2 ] WARN  FXGLAssetLoaderServi - Asset "/assets/textures/empty.png" was not found!
17:11:20.139 [FXGL Background Thread 2 ] WARN  FXGLAssetLoaderServi - Failed to load IMAGE
17:11:20.142 [FXGL Background Thread 2 ] WARN  FXGLAssetLoaderServi - Asset "/assets/textures/empty.png" was not found!
17:11:20.144 [FXGL Background Thread 2 ] WARN  FXGLAssetLoaderServi - Failed to load IMAGE
17:11:20.145 [FXGL Background Thread 2 ] WARN  FXGLAssetLoaderServi - Asset "/assets/textures/empty.png" was not found!
17:11:20.145 [FXGL Background Thread 2 ] WARN  FXGLAssetLoaderServi - Failed to load IMAGE
17:11:20.146 [FXGL Background Thread 2 ] WARN  FXGLAssetLoaderServi - Asset "/assets/textures/empty.png" was not found!
17:11:20.147 [FXGL Background Thread 2 ] WARN  FXGLAssetLoaderServi - Failed to load IMAGE
17:11:20.147 [FXGL Background Thread 2 ] WARN  FXGLAssetLoaderServi - Asset "/assets/textures/empty.png" was not found!
17:11:20.148 [FXGL Background Thread 2 ] WARN  FXGLAssetLoaderServi - Failed to load IMAGE
17:11:20.152 [FXGL Background Thread 2 ] WARN  FXGLAssetLoaderServi - Asset "/assets/textures/empty.png" was not found!
17:11:20.153 [FXGL Background Thread 2 ] WARN  FXGLAssetLoaderServi - Failed to load IMAGE
17:11:20.153 [FXGL Background Thread 2 ] WARN  FXGLAssetLoaderServi - Asset "/assets/textures/empty.png" was not found!
17:11:20.154 [FXGL Background Thread 2 ] WARN  FXGLAssetLoaderServi - Failed to load IMAGE
17:11:20.155 [FXGL Background Thread 2 ] WARN  FXGLAssetLoaderServi - Asset "/assets/textures/empty.png" was not found!
17:11:20.155 [FXGL Background Thread 2 ] WARN  FXGLAssetLoaderServi - Failed to load IMAGE
17:11:20.156 [FXGL Background Thread 2 ] WARN  FXGLAssetLoaderServi - Asset "/assets/textures/empty.png" was not found!
17:11:20.156 [FXGL Background Thread 2 ] WARN  FXGLAssetLoaderServi - Failed to load IMAGE
17:11:20.158 [FXGL Background Thread 2 ] WARN  FXGLAssetLoaderServi - Asset "/assets/textures/empty.png" was not found!
17:11:20.159 [FXGL Background Thread 2 ] WARN  FXGLAssetLoaderServi - Failed to load IMAGE
17:11:20.161 [FXGL Background Thread 2 ] WARN  FXGLAssetLoaderServi - Asset "/assets/textures/empty.png" was not found!
17:11:20.161 [FXGL Background Thread 2 ] WARN  FXGLAssetLoaderServi - Failed to load IMAGE
17:11:20.164 [FXGL Background Thread 2 ] WARN  FXGLAssetLoaderServi - Asset "/assets/textures/empty.png" was not found!
17:11:20.164 [FXGL Background Thread 2 ] WARN  FXGLAssetLoaderServi - Failed to load IMAGE
17:11:20.164 [FXGL Background Thread 2 ] WARN  FXGLAssetLoaderServi - Asset "/assets/textures/empty.png" was not found!
17:11:20.164 [FXGL Background Thread 2 ] WARN  FXGLAssetLoaderServi - Failed to load IMAGE
17:11:20.167 [FXGL Background Thread 2 ] WARN  FXGLAssetLoaderServi - Asset "/assets/textures/empty.png" was not found!
17:11:20.167 [FXGL Background Thread 2 ] WARN  FXGLAssetLoaderServi - Failed to load IMAGE
17:11:20.169 [FXGL Background Thread 2 ] WARN  FXGLAssetLoaderServi - Asset "/assets/textures/empty.png" was not found!
17:11:20.169 [FXGL Background Thread 2 ] WARN  FXGLAssetLoaderServi - Failed to load IMAGE
17:11:20.170 [FXGL Background Thread 2 ] WARN  FXGLAssetLoaderServi - Asset "/assets/textures/empty.png" was not found!
17:11:20.171 [FXGL Background Thread 2 ] WARN  FXGLAssetLoaderServi - Failed to load IMAGE
17:11:20.171 [FXGL Background Thread 2 ] WARN  FXGLAssetLoaderServi - Asset "/assets/textures/empty.png" was not found!
17:11:20.172 [FXGL Background Thread 2 ] WARN  FXGLAssetLoaderServi - Failed to load IMAGE
17:11:20.175 [FXGL Background Thread 2 ] WARN  FXGLAssetLoaderServi - Asset "/assets/textures/empty.png" was not found!
17:11:20.175 [FXGL Background Thread 2 ] WARN  FXGLAssetLoaderServi - Failed to load IMAGE
17:11:20.176 [FXGL Background Thread 2 ] WARN  FXGLAssetLoaderServi - Asset "/assets/textures/empty.png" was not found!
17:11:20.177 [FXGL Background Thread 2 ] WARN  FXGLAssetLoaderServi - Failed to load IMAGE
17:11:20.181 [FXGL Background Thread 2 ] WARN  FXGLAssetLoaderServi - Asset "/assets/textures/empty.png" was not found!
17:11:20.182 [FXGL Background Thread 2 ] WARN  FXGLAssetLoaderServi - Failed to load IMAGE
17:11:20.183 [FXGL Background Thread 2 ] WARN  FXGLAssetLoaderServi - Asset "/assets/textures/empty.png" was not found!
17:11:20.183 [FXGL Background Thread 2 ] WARN  FXGLAssetLoaderServi - Failed to load IMAGE
17:11:20.184 [FXGL Background Thread 2 ] WARN  FXGLAssetLoaderServi - Asset "/assets/textures/empty.png" was not found!
17:11:20.185 [FXGL Background Thread 2 ] WARN  FXGLAssetLoaderServi - Failed to load IMAGE
17:11:20.186 [FXGL Background Thread 2 ] WARN  FXGLAssetLoaderServi - Asset "/assets/textures/empty.png" was not found!
17:11:20.186 [FXGL Background Thread 2 ] WARN  FXGLAssetLoaderServi - Failed to load IMAGE
17:11:20.187 [FXGL Background Thread 2 ] WARN  FXGLAssetLoaderServi - Asset "/assets/textures/empty.png" was not found!
17:11:20.188 [FXGL Background Thread 2 ] WARN  FXGLAssetLoaderServi - Failed to load IMAGE
17:11:20.190 [FXGL Background Thread 2 ] WARN  FXGLAssetLoaderServi - Asset "/assets/textures/empty.png" was not found!
17:11:20.191 [FXGL Background Thread 2 ] WARN  FXGLAssetLoaderServi - Failed to load IMAGE
17:11:20.193 [FXGL Background Thread 2 ] WARN  FXGLAssetLoaderServi - Asset "/assets/textures/empty.png" was not found!
17:11:20.193 [FXGL Background Thread 2 ] WARN  FXGLAssetLoaderServi - Failed to load IMAGE
17:11:20.195 [FXGL Background Thread 2 ] WARN  FXGLAssetLoaderServi - Asset "/assets/textures/empty.png" was not found!
17:11:20.196 [FXGL Background Thread 2 ] WARN  FXGLAssetLoaderServi - Failed to load IMAGE
17:11:20.197 [FXGL Background Thread 2 ] WARN  FXGLAssetLoaderServi - Asset "/assets/textures/empty.png" was not found!
17:11:20.198 [FXGL Background Thread 2 ] WARN  FXGLAssetLoaderServi - Failed to load IMAGE
17:11:20.198 [FXGL Background Thread 2 ] WARN  FXGLAssetLoaderServi - Asset "/assets/textures/empty.png" was not found!
17:11:20.198 [FXGL Background Thread 2 ] WARN  FXGLAssetLoaderServi - Failed to load IMAGE
17:11:20.199 [FXGL Background Thread 2 ] WARN  FXGLAssetLoaderServi - Asset "/assets/textures/empty.png" was not found!
17:11:20.199 [FXGL Background Thread 2 ] WARN  FXGLAssetLoaderServi - Failed to load IMAGE
17:11:20.200 [FXGL Background Thread 2 ] WARN  FXGLAssetLoaderServi - Asset "/assets/textures/empty.png" was not found!
17:11:20.200 [FXGL Background Thread 2 ] WARN  FXGLAssetLoaderServi - Failed to load IMAGE
17:11:20.202 [FXGL Background Thread 2 ] WARN  FXGLAssetLoaderServi - Asset "/assets/textures/empty.png" was not found!
17:11:20.202 [FXGL Background Thread 2 ] WARN  FXGLAssetLoaderServi - Failed to load IMAGE
17:11:20.204 [FXGL Background Thread 2 ] WARN  FXGLAssetLoaderServi - Asset "/assets/textures/empty.png" was not found!
17:11:20.204 [FXGL Background Thread 2 ] WARN  FXGLAssetLoaderServi - Failed to load IMAGE
17:11:20.206 [FXGL Background Thread 2 ] WARN  FXGLAssetLoaderServi - Asset "/assets/textures/empty.png" was not found!
17:11:20.206 [FXGL Background Thread 2 ] WARN  FXGLAssetLoaderServi - Failed to load IMAGE
17:11:20.207 [FXGL Background Thread 2 ] WARN  FXGLAssetLoaderServi - Asset "/assets/textures/empty.png" was not found!
17:11:20.207 [FXGL Background Thread 2 ] WARN  FXGLAssetLoaderServi - Failed to load IMAGE
17:11:20.209 [FXGL Background Thread 2 ] WARN  FXGLAssetLoaderServi - Asset "/assets/textures/empty.png" was not found!
17:11:20.209 [FXGL Background Thread 2 ] WARN  FXGLAssetLoaderServi - Failed to load IMAGE
17:11:20.209 [FXGL Background Thread 2 ] WARN  FXGLAssetLoaderServi - Asset "/assets/textures/empty.png" was not found!
17:11:20.210 [FXGL Background Thread 2 ] WARN  FXGLAssetLoaderServi - Failed to load IMAGE
17:11:20.212 [FXGL Background Thread 2 ] WARN  FXGLAssetLoaderServi - Asset "/assets/textures/empty.png" was not found!
17:11:20.212 [FXGL Background Thread 2 ] WARN  FXGLAssetLoaderServi - Failed to load IMAGE
17:11:20.213 [FXGL Background Thread 2 ] WARN  FXGLAssetLoaderServi - Asset "/assets/textures/empty.png" was not found!
17:11:20.214 [FXGL Background Thread 2 ] WARN  FXGLAssetLoaderServi - Failed to load IMAGE
17:11:20.215 [FXGL Background Thread 2 ] WARN  FXGLAssetLoaderServi - Asset "/assets/textures/empty.png" was not found!
17:11:20.216 [FXGL Background Thread 2 ] WARN  FXGLAssetLoaderServi - Failed to load IMAGE
17:11:20.219 [FXGL Background Thread 2 ] WARN  FXGLAssetLoaderServi - Asset "/assets/textures/empty.png" was not found!
17:11:20.220 [FXGL Background Thread 2 ] WARN  FXGLAssetLoaderServi - Failed to load IMAGE
17:11:20.222 [FXGL Background Thread 2 ] WARN  FXGLAssetLoaderServi - Asset "/assets/textures/empty.png" was not found!
17:11:20.223 [FXGL Background Thread 2 ] WARN  FXGLAssetLoaderServi - Failed to load IMAGE
17:11:20.224 [FXGL Background Thread 2 ] WARN  FXGLAssetLoaderServi - Asset "/assets/textures/empty.png" was not found!
17:11:20.224 [FXGL Background Thread 2 ] WARN  FXGLAssetLoaderServi - Failed to load IMAGE
17:11:20.240 [FXGL Background Thread 2 ] DEBUG FXGLAssetLoaderServi - Loading from file system: file:/D:/projects/helloworld/FarmSimulator/target/classes/assets/textures/UI/heart_sprite.png
17:11:20.462 [FXGL Background Thread 2 ] WARN  TMXLevelLoader       - TiledMap generated from 1.12.0. Supported version: 1.9.0. Some features may not be parsed fully.
17:11:20.992 [FXGL Background Thread 2 ] DEBUG TMXLevelLoader       - Parsed TiledMap: file:/D:/projects/helloworld/FarmSimulator/target/classes/assets/levels/Main_level.tmx
17:11:20.997 [FXGL Background Thread 2 ] DEBUG TMXLevelLoader       - Creating tile layer entities
17:11:21.007 [FXGL Background Thread 2 ] DEBUG TilesetLoader        - Loading view for layer BackgroundLayer
17:11:21.023 [FXGL Background Thread 2 ] DEBUG TilesetLoader        - Created buffer with size 3520.0x2048.0
17:11:21.377 [FXGL Background Thread 2 ] DEBUG TilesetLoader        - Loading view for layer DecorationLayer
17:11:21.408 [FXGL Background Thread 2 ] DEBUG TilesetLoader        - Created buffer with size 3520.0x2048.0
17:11:21.594 [FXGL Background Thread 2 ] DEBUG TilesetLoader        - Loading view for layer OverheadLayer
17:11:21.627 [FXGL Background Thread 2 ] DEBUG TilesetLoader        - Created buffer with size 3520.0x2048.0
17:11:21.643 [FXGL Background Thread 2 ] DEBUG TMXLevelLoader       - Creating object layer entities
17:11:21.746 [FXGL Background Thread 2 ] DEBUG FXGLAssetLoaderServi - Loading from file system: file:/D:/projects/helloworld/FarmSimulator/target/classes/assets/textures/Player/Carry_Idle/Carry_Idle_Down-Sheet.png
17:11:21.775 [FXGL Background Thread 2 ] DEBUG FXGLAssetLoaderServi - Loading from file system: file:/D:/projects/helloworld/FarmSimulator/target/classes/assets/textures/Player/Carry_Idle/Carry_Idle_Up-Sheet.png
17:11:21.786 [FXGL Background Thread 2 ] DEBUG FXGLAssetLoaderServi - Loading from file system: file:/D:/projects/helloworld/FarmSimulator/target/classes/assets/textures/Player/Carry_Idle/Carry_Idle_Side-Sheet.png
17:11:21.794 [FXGL Background Thread 2 ] DEBUG FXGLAssetLoaderServi - Loading from file system: file:/D:/projects/helloworld/FarmSimulator/target/classes/assets/textures/Player/Carry_Walk/Carry_Walk_Down-Sheet.png
17:11:21.803 [FXGL Background Thread 2 ] DEBUG FXGLAssetLoaderServi - Loading from file system: file:/D:/projects/helloworld/FarmSimulator/target/classes/assets/textures/Player/Carry_Walk/Carry_Walk_Up-Sheet.png
17:11:21.806 [FXGL Background Thread 2 ] DEBUG FXGLAssetLoaderServi - Loading from file system: file:/D:/projects/helloworld/FarmSimulator/target/classes/assets/textures/Player/Carry_Walk/Carry_Walk_Side-Sheet.png
17:11:21.809 [FXGL Background Thread 2 ] DEBUG FXGLAssetLoaderServi - Loading from file system: file:/D:/projects/helloworld/FarmSimulator/target/classes/assets/textures/Player/Carry_Run/Carry_Run_Down-Sheet.png
17:11:21.817 [FXGL Background Thread 2 ] DEBUG FXGLAssetLoaderServi - Loading from file system: file:/D:/projects/helloworld/FarmSimulator/target/classes/assets/textures/Player/Carry_Run/Carry_Run_Up-Sheet.png
17:11:21.821 [FXGL Background Thread 2 ] DEBUG FXGLAssetLoaderServi - Loading from file system: file:/D:/projects/helloworld/FarmSimulator/target/classes/assets/textures/Player/Carry_Run/Carry_Run_Side-Sheet.png
17:11:22.435 [FXGL Background Thread 2 ] DEBUG FXGLAssetLoaderServi - Loading from file system: file:/D:/projects/helloworld/FarmSimulator/target/classes/assets/textures/NPC/Trader/Trader.png
17:11:22.463 [FXGL Background Thread 2 ] DEBUG FXGLAssetLoaderServi - Loading from file system: file:/D:/projects/helloworld/FarmSimulator/target/classes/assets/textures/NPC/Guider/Guider.png
17:11:22.474 [FXGL Background Thread 2 ] DEBUG GameWorld            - Clearing removable entities
17:11:22.476 [FXGL Background Thread 2 ] DEBUG GameWorld            - Setting level: com.almasb.fxgl.entity.level.Level@33a03338
17:11:22.784 [FXGL Background Thread 2 ] INFO  FXGLApplication      - Game initialization took: 2.931 sec
17:11:22.788 [JavaFX Application Thread] DEBUG Input                - Clearing active input actions
17:11:22.856 [JavaFX Application Thread] DEBUG GameApplicationServi - Removing overlay from FXGLLoadingScene and adding to GameScene
17:11:22.863 [JavaFX Application Thread] DEBUG PrimaryStageWindow   - FXGLLoadingScene -> GameScene
17:12:34.800 [JavaFX Application Thread] DEBUG EventBus             - Firing event: Project1Game.system.DayNightEvent[source=javafx.event.Event$$Lambda/0x00000000281af670@1376ea3d]
17:13:23.265 [JavaFX Application Thread] DEBUG FXGLApplication      - Exiting FXGL
17:13:23.266 [JavaFX Application Thread] DEBUG LoopRunner           - Stopping loop
17:13:23.267 [JavaFX Application Thread] DEBUG SystemBundleService  - Saving FXGL system data
17:13:23.273 [JavaFX Application Thread] DEBUG FileSystemAccess     - Writing to: D:\projects\helloworld\FarmSimulator\system\fxgl.bundle
17:13:23.278 [JavaFX Application Thread] DEBUG Async                - Shutting down background threads
17:13:23.279 [JavaFX Application Thread] DEBUG PrimaryStageWindow   - Closing main window
17:13:23.316 [JavaFX Application Thread] DEBUG Logger               - Closing Logger
