08:08:58.810 [Project1Game.Main.main() ] DEBUG Logger               - Configured Logger
08:08:58.816 [Project1Game.Main.main() ] DEBUG GameApplication      - Logging settings
Title: Java Farming Professional
Version: 2.5
Width: 1280
Height: 720
Fullscreen: false
Intro: false
Profiling: false
Single step:false
App Mode: DEVELOPER
Menu Key: ESCAPE
Stage Style: DECORATED
Scene Factory: class Project1Game.ui.FarmSceneFactory

08:09:00.169 [JavaFX Application Thread] DEBUG FXGLApplication      - Initializing FXGL
08:09:00.174 [JavaFX Application Thread] INFO  Engine               - FXGL-25 (05.02.2026 22.57) on WINDOWS (J:25.0.3 FX:25.0.1)
08:09:00.174 [JavaFX Application Thread] DEBUG Engine               - JRE Vendor Name: Oracle Corporation
08:09:00.174 [JavaFX Application Thread] DEBUG Engine               - Running on OS: Windows 11 version 10.0
08:09:00.174 [JavaFX Application Thread] DEBUG Engine               - Architecture: amd64
08:09:00.174 [JavaFX Application Thread] INFO  Engine               - Source code and latest versions at: https://github.com/AlmasB/FXGL
08:09:00.175 [JavaFX Application Thread] INFO  Engine               -       Ask questions and discuss at: https://github.com/AlmasB/FXGL/discussions
08:09:00.426 [JavaFX Application Thread] DEBUG PrimaryStageWindow   - Creating a JavaFX scene
08:09:00.499 [JavaFX Application Thread] DEBUG PrimaryStageWindow   - Target settings size: 1280.0 x 720.0
08:09:00.499 [JavaFX Application Thread] DEBUG PrimaryStageWindow   - Scaled scene size:    1280.0 x 720.0
08:09:00.499 [JavaFX Application Thread] DEBUG PrimaryStageWindow   - Scaled ratio: (1.0, 1.0)
08:09:00.500 [JavaFX Application Thread] DEBUG PrimaryStageWindow   - Set initial scene to FXGLStartupScene
08:09:00.505 [JavaFX Application Thread] DEBUG PrimaryStageWindow   - Opening main window
08:09:00.973 [JavaFX Application Thread] DEBUG PrimaryStageWindow   - Window border size: (14.4000244140625, 37.5999755859375)
08:09:00.973 [JavaFX Application Thread] DEBUG PrimaryStageWindow   - Scaled size: 1280.0 x 720.0
08:09:00.973 [JavaFX Application Thread] DEBUG PrimaryStageWindow   - Scaled ratio: (1.0, 1.0)
08:09:00.973 [JavaFX Application Thread] DEBUG PrimaryStageWindow   - Scene size: 1280.0 x 720.0
08:09:00.973 [JavaFX Application Thread] DEBUG PrimaryStageWindow   - Stage size: 1294.4000244140625 x 757.5999755859375
08:09:00.997 [FXGL Background Thread 1 ] DEBUG Engine               - Initializing environment variables
08:09:01.130 [FXGL Background Thread 1 ] DEBUG FXGLAssetLoaderServi - User app class for loading assets: class Project1Game.Main
08:09:01.130 [FXGL Background Thread 1 ] DEBUG GameApplicationServi - Applying CSS: fxgl_dark.css
08:09:01.130 [FXGL Background Thread 1 ] DEBUG FXGLAssetLoaderServi - Loading from file system: jar:file:/C:/Users/HP/.m2/repository/com/github/almasb/fxgl/25/fxgl-25.jar!/fxglassets/ui/css/fxgl_dark.css
08:09:01.296 [FXGL Background Thread 1 ] DEBUG GameApplicationServi - Initializing application scenes
08:09:01.434 [FXGL Background Thread 1 ] DEBUG GameWorld            - Game world initialized
08:09:01.654 [FXGL Background Thread 1 ] DEBUG PhysicsWorld         - Physics world initialized: appHeight=720, physics.ppm=50.0
08:09:01.656 [FXGL Background Thread 1 ] DEBUG PhysicsWorld         - Using strategy: BRUTE_FORCE
08:09:01.674 [FXGL Background Thread 1 ] DEBUG GameScene            - Game scene initialized: 1280x720
08:09:01.747 [JavaFX Application Thread] DEBUG LoopRunner           - Stopping loop
08:09:01.748 [JavaFX Application Thread] DEBUG LoopRunner           - Initializing JavaFX AnimationTimerLoop
08:09:01.757 [JavaFX Application Thread] FATAL FXGLApplication      - Uncaught Exception:
kotlin.UninitializedPropertyAccessException: lateinit property fs has not been initialized
	at com.almasb.fxgl.io.FileSystemService.exists(FileSystemService.kt:52)
	at Project1Game.Main.hasSaveGame(Main.java:566)
	at Project1Game.ui.FarmMenu.<init>(FarmMenu.java:81)
	at Project1Game.ui.FarmSceneFactory.newMainMenu(FarmSceneFactory.java:13)
	at com.almasb.fxgl.app.FXGLApplication$GameApplicationService.initAppScenes(FXGLApplication.kt:482)
	at com.almasb.fxgl.app.FXGLApplication$GameApplicationService.onInit(FXGLApplication.kt:442)
	at com.almasb.fxgl.app.Engine.initServices(Engine.kt:84)
	at com.almasb.fxgl.app.FXGLApplication.startImpl$lambda$1(FXGLApplication.kt:141)
	at com.almasb.fxgl.core.concurrent.IOTask.lambda$ofVoid$0(IOTask.java:184)
	at com.almasb.fxgl.core.concurrent.IOTask$2.onExecute(IOTask.java:197)
	at com.almasb.fxgl.core.concurrent.IOTask$1.call(IOTask.java:148)
	at javafx.concurrent.Task$TaskCallable.call(Task.java:1407)
	at java.base/java.util.concurrent.FutureTask.run(FutureTask.java:328)
	at java.base/java.util.concurrent.Executors$RunnableAdapter.call(Executors.java:545)
	at java.base/java.util.concurrent.FutureTask.run(FutureTask.java:328)
	at java.base/java.util.concurrent.ThreadPoolExecutor.runWorker(ThreadPoolExecutor.java:1090)
	at java.base/java.util.concurrent.ThreadPoolExecutor$Worker.run(ThreadPoolExecutor.java:614)
	at java.base/java.lang.Thread.run(Thread.java:1474)

08:09:01.758 [JavaFX Application Thread] FATAL FXGLApplication      - Application will now exit
08:09:01.900 [JavaFX Application Thread] DEBUG PrimaryStageWindow   - Push state: ErrorSubScene
08:09:01.902 [JavaFX Application Thread] DEBUG Input                - Clearing active input actions
08:09:01.934 [JavaFX Application Thread] DEBUG GameApplicationServi - Removing overlay from FXGLStartupScene and adding to ErrorSubScene
08:09:01.937 [JavaFX Application Thread] DEBUG PrimaryStageWindow   - FXGLStartupScene -> ErrorSubScene
08:09:08.143 [JavaFX Application Thread] DEBUG FXGLApplication      - Exiting FXGL
08:09:08.144 [JavaFX Application Thread] DEBUG Async                - Shutting down background threads
08:09:08.145 [JavaFX Application Thread] DEBUG PrimaryStageWindow   - Closing main window
08:09:08.169 [JavaFX Application Thread] DEBUG Logger               - Closing Logger
