16:37:46.587 [main                     ] DEBUG Logger               - Configured Logger
16:37:46.617 [main                     ] DEBUG GameApplication      - Logging settings
Title: Java Farming Professional
Version: 2.5
Width: 1280
Height: 720
Fullscreen: false
Intro: false
Profiling: false
Single step:false
App Mode: DEVELOPER
Menu Key: ESCAPE
Stage Style: DECORATED
Scene Factory: class Project1Game.ui.FarmSceneFactory

16:37:48.690 [JavaFX Application Thread] DEBUG FXGLApplication      - Initializing FXGL
16:37:48.699 [JavaFX Application Thread] INFO  Engine               - FXGL-25 (05.02.2026 22.57) on WINDOWS (J:25.0.3 FX:25.0.1)
16:37:48.700 [JavaFX Application Thread] DEBUG Engine               - JRE Vendor Name: Oracle Corporation
16:37:48.700 [JavaFX Application Thread] DEBUG Engine               - Running on OS: Windows 11 version 10.0
16:37:48.700 [JavaFX Application Thread] DEBUG Engine               - Architecture: amd64
16:37:48.700 [JavaFX Application Thread] INFO  Engine               - Source code and latest versions at: https://github.com/AlmasB/FXGL
16:37:48.700 [JavaFX Application Thread] INFO  Engine               -       Ask questions and discuss at: https://github.com/AlmasB/FXGL/discussions
16:37:48.943 [JavaFX Application Thread] DEBUG PrimaryStageWindow   - Creating a JavaFX scene
16:37:49.076 [JavaFX Application Thread] DEBUG PrimaryStageWindow   - Target settings size: 1280.0 x 720.0
16:37:49.077 [JavaFX Application Thread] DEBUG PrimaryStageWindow   - Scaled scene size:    1280.0 x 720.0
16:37:49.077 [JavaFX Application Thread] DEBUG PrimaryStageWindow   - Scaled ratio: (1.0, 1.0)
16:37:49.080 [JavaFX Application Thread] DEBUG PrimaryStageWindow   - Set initial scene to FXGLStartupScene
16:37:49.090 [JavaFX Application Thread] DEBUG PrimaryStageWindow   - Opening main window
16:37:49.745 [JavaFX Application Thread] DEBUG PrimaryStageWindow   - Window border size: (14.4000244140625, 37.5999755859375)
16:37:49.746 [JavaFX Application Thread] DEBUG PrimaryStageWindow   - Scaled size: 1280.0 x 720.0
16:37:49.746 [JavaFX Application Thread] DEBUG PrimaryStageWindow   - Scaled ratio: (1.0, 1.0)
16:37:49.747 [JavaFX Application Thread] DEBUG PrimaryStageWindow   - Scene size: 1280.0 x 720.0
16:37:49.748 [JavaFX Application Thread] DEBUG PrimaryStageWindow   - Stage size: 1294.4000244140625 x 757.5999755859375
16:37:49.785 [FXGL Background Thread 1 ] DEBUG Engine               - Initializing environment variables
16:37:50.029 [FXGL Background Thread 1 ] DEBUG FXGLAssetLoaderServi - User app class for loading assets: class Project1Game.Main
16:37:50.030 [FXGL Background Thread 1 ] DEBUG GameApplicationServi - Applying CSS: fxgl_dark.css
16:37:50.035 [FXGL Background Thread 1 ] DEBUG FXGLAssetLoaderServi - Loading from file system: jar:file:/C:/Users/HP/.m2/repository/com/github/almasb/fxgl/25/fxgl-25.jar!/fxglassets/ui/css/fxgl_dark.css
16:37:50.196 [FXGL Background Thread 1 ] DEBUG GameApplicationServi - Initializing application scenes
16:37:50.353 [FXGL Background Thread 1 ] DEBUG GameWorld            - Game world initialized
16:37:50.500 [FXGL Background Thread 1 ] DEBUG PhysicsWorld         - Physics world initialized: appHeight=720, physics.ppm=50.0
16:37:50.501 [FXGL Background Thread 1 ] DEBUG PhysicsWorld         - Using strategy: BRUTE_FORCE
16:37:50.511 [FXGL Background Thread 1 ] DEBUG GameScene            - Game scene initialized: 1280x720
16:37:50.563 [FXGL Background Thread 1 ] DEBUG GameApplicationServi - Application scenes initialized
16:37:50.587 [FXGL Background Thread 1 ] DEBUG SystemBundleService  - Loading FXGL system data
16:37:50.599 [FXGL Background Thread 1 ] DEBUG FileSystemAccess     - Reading from: D:\projects\helloworld\FarmSimulator\system\fxgl.bundle
16:37:50.614 [FXGL Background Thread 1 ] DEBUG SystemBundleService  - Bundle FXGL: {}
16:37:50.614 [FXGL Background Thread 1 ] DEBUG UpdaterService       - Checking for updates
16:37:50.685 [FXGL Background Thread 4 ] DEBUG FXGLApplication      - Loading fonts
16:37:50.686 [FXGL Background Thread 4 ] DEBUG FXGLAssetLoaderServi - Loading from file system: jar:file:/C:/Users/HP/.m2/repository/com/github/almasb/fxgl/25/fxgl-25.jar!/fxglassets/ui/fonts/VarelaRound-Regular.ttf
16:37:50.687 [FXGL Background Thread 1 ] DEBUG FXGLApplication      - Loading default localization
16:37:50.687 [FXGL Background Thread 1 ] DEBUG FXGLAssetLoaderServi - Loading from file system: jar:file:/C:/Users/HP/.m2/repository/com/github/almasb/fxgl/25/fxgl-25.jar!/fxglassets/languages/english.lang
16:37:50.717 [FXGL Background Thread 1 ] INFO  FXGLApplication      - FXGL initialization took: 0.934 sec
16:37:50.738 [JavaFX Application Thread] DEBUG Input                - Registered new binding: Move Right - D
16:37:50.739 [JavaFX Application Thread] DEBUG Input                - Registered new binding: Move Left - A
16:37:50.739 [JavaFX Application Thread] DEBUG Input                - Registered new binding: Move Up - W
16:37:50.739 [JavaFX Application Thread] DEBUG Input                - Registered new binding: Move Down - S
16:37:50.740 [JavaFX Application Thread] DEBUG Input                - Registered new binding: Interact Action Key - E
16:37:50.740 [JavaFX Application Thread] DEBUG Input                - Registered new binding: Use Tool Keyboard - F
16:37:50.742 [JavaFX Application Thread] DEBUG Input                - Registered new binding: Use Tool Mouse - LMB
16:37:50.742 [JavaFX Application Thread] DEBUG Input                - Registered new binding: Test Quick Water - Q
16:37:50.742 [JavaFX Application Thread] DEBUG Input                - Registered new binding: Close UI Window - R
16:37:50.743 [JavaFX Application Thread] DEBUG Input                - Registered new binding: Toggle Inventory Window - Tab
16:37:50.743 [JavaFX Application Thread] DEBUG Input                - Registered new binding: Toggle Admin Panel - Back Quote
16:37:50.743 [JavaFX Application Thread] DEBUG Input                - Registered new binding: Quick Save - F5
16:37:50.743 [JavaFX Application Thread] DEBUG Input                - Registered new binding: Quick Load - F9
16:37:50.744 [JavaFX Application Thread] DEBUG Input                - Registered new binding: Select Inventory Slot 1 - 1
16:37:50.744 [JavaFX Application Thread] DEBUG Input                - Registered new binding: Select Inventory Slot 2 - 2
16:37:50.744 [JavaFX Application Thread] DEBUG Input                - Registered new binding: Select Inventory Slot 3 - 3
16:37:50.744 [JavaFX Application Thread] DEBUG Input                - Registered new binding: Select Inventory Slot 4 - 4
16:37:50.745 [JavaFX Application Thread] DEBUG Input                - Registered new binding: Select Inventory Slot 5 - 5
16:37:50.745 [JavaFX Application Thread] DEBUG Input                - Registered new binding: Select Inventory Slot 6 - 6
16:37:50.745 [JavaFX Application Thread] DEBUG Input                - Registered new binding: Select Inventory Slot 7 - 7
16:37:50.746 [JavaFX Application Thread] DEBUG Input                - Registered new binding: Select Inventory Slot 8 - 8
16:37:50.746 [JavaFX Application Thread] DEBUG Input                - Registered new binding: Select Inventory Slot 9 - 9
16:37:50.747 [JavaFX Application Thread] DEBUG FXGLAssetLoaderServi - Loading from file system: jar:file:/C:/Users/HP/.m2/repository/com/github/almasb/fxgl/25/fxgl-25.jar!/fxglassets/textures/fxgl_icon.png
16:37:50.837 [JavaFX Application Thread] DEBUG FXGLAssetLoaderServi - Loading from file system: jar:file:/C:/Users/HP/.m2/repository/com/github/almasb/fxgl/25/fxgl-25.jar!/fxglassets/textures/fxgl_default_cursor.png
16:37:50.849 [FXGL Background Thread 4 ] DEBUG FXGLAssetLoaderServi - Loading from file system: jar:file:/C:/Users/HP/.m2/repository/com/github/almasb/fxgl/25/fxgl-25.jar!/fxglassets/ui/fonts/Abel-Regular.ttf
16:37:50.849 [JavaFX Application Thread] DEBUG Input                - Registered new binding: Screenshot - CTRL+8
16:37:50.850 [JavaFX Application Thread] DEBUG Input                - Registered new binding: Dev Options - 1
16:37:50.851 [JavaFX Application Thread] DEBUG Input                - Registered new binding: Dev Console - 2
16:37:50.852 [JavaFX Application Thread] DEBUG Input                - Registered new binding: System info dump - CTRL+9
16:37:50.853 [JavaFX Application Thread] DEBUG Input                - Registered new binding: Restart - CTRL+R
16:37:50.855 [JavaFX Application Thread] DEBUG Input                - Registered new binding: Toggle Debug Camera - CTRL+7
16:37:50.880 [FXGL Background Thread 4 ] DEBUG FXGLAssetLoaderServi - Loading from file system: jar:file:/C:/Users/HP/.m2/repository/com/github/almasb/fxgl/25/fxgl-25.jar!/fxglassets/ui/fonts/TerminalLandMono-Regular.otf
16:37:50.884 [JavaFX Application Thread] DEBUG LoopRunner           - Starting loop
16:37:50.917 [JavaFX Application Thread] DEBUG LoopRunner           - Initializing JavaFX AnimationTimerLoop
16:37:50.930 [JavaFX Application Thread] DEBUG Input                - Clearing active input actions
16:37:50.950 [JavaFX Application Thread] DEBUG GameApplicationServi - Removing overlay from FXGLStartupScene and adding to FXGLMainMenuDummyScene
16:37:50.952 [FXGL Background Thread 4 ] DEBUG FXGLAssetLoaderServi - Loading from file system: jar:file:/C:/Users/HP/.m2/repository/com/github/almasb/fxgl/25/fxgl-25.jar!/fxglassets/ui/fonts/Courier-Prime.ttf
16:37:50.958 [JavaFX Application Thread] DEBUG PrimaryStageWindow   - FXGLStartupScene -> FXGLMainMenuDummyScene
16:37:50.958 [JavaFX Application Thread] DEBUG PrimaryStageWindow   - Push state: FarmMenu
16:37:50.960 [JavaFX Application Thread] DEBUG Input                - Clearing active input actions
16:37:50.970 [JavaFX Application Thread] DEBUG GameApplicationServi - Removing overlay from FXGLMainMenuDummyScene and adding to FarmMenu
16:37:50.971 [JavaFX Application Thread] DEBUG PrimaryStageWindow   - FXGLMainMenuDummyScene -> FarmMenu
16:37:51.505 [JavaFX Application Thread] DEBUG FXGLApplication      - Registering font factories with UI factory
16:37:53.683 [FXGL Background Thread 3 ] DEBUG Engine               - Logging environment variables
16:37:53.683 [FXGL Background Thread 3 ] DEBUG Engine               - achievements: []
16:37:53.684 [FXGL Background Thread 3 ] DEBUG Engine               - actualHeight: 720.0
16:37:53.684 [FXGL Background Thread 3 ] DEBUG Engine               - actualHeightProperty: ReadOnlyDoubleProperty [value: 720.0]
16:37:53.684 [FXGL Background Thread 3 ] DEBUG Engine               - actualWidth: 1280.0
16:37:53.684 [FXGL Background Thread 3 ] DEBUG Engine               - actualWidthProperty: ReadOnlyDoubleProperty [value: 1280.0]
16:37:53.684 [FXGL Background Thread 3 ] DEBUG Engine               - appIcon: fxgl_icon.png
16:37:53.684 [FXGL Background Thread 3 ] DEBUG Engine               - applicationMode: DEVELOPER
16:37:53.684 [FXGL Background Thread 3 ] DEBUG Engine               - cSSList: [fxgl_dark.css]
16:37:53.684 [FXGL Background Thread 3 ] DEBUG Engine               - collisionDetectionStrategy: BRUTE_FORCE
16:37:53.684 [FXGL Background Thread 3 ] DEBUG Engine               - configClass: Optional.empty
16:37:53.684 [FXGL Background Thread 3 ] DEBUG Engine               - credits: []
16:37:53.688 [FXGL Background Thread 3 ] DEBUG Engine               - defaultCursor: CursorInfo(imageName=fxgl_default_cursor.png, hotspotX=7.0, hotspotY=6.0)
16:37:53.688 [FXGL Background Thread 3 ] DEBUG Engine               - devBBoxColorProperty: ObjectProperty [value: 0xff0000ff]
16:37:53.688 [FXGL Background Thread 3 ] DEBUG Engine               - devEnableDebugCameraProperty: BooleanProperty [value: false]
16:37:53.689 [FXGL Background Thread 3 ] DEBUG Engine               - devSensorColorProperty: ObjectProperty [value: 0xffff00ff]
16:37:53.689 [FXGL Background Thread 3 ] DEBUG Engine               - devShowBBoxProperty: BooleanProperty [value: false]
16:37:53.689 [FXGL Background Thread 3 ] DEBUG Engine               - devShowPositionProperty: BooleanProperty [value: false]
16:37:53.689 [FXGL Background Thread 3 ] DEBUG Engine               - enabledMenuItems: []
16:37:53.689 [FXGL Background Thread 3 ] DEBUG Engine               - engineServices: [class com.almasb.fxgl.app.services.FXGLAssetLoaderService, class com.almasb.fxgl.app.FXGLApplication$GameApplicationService, class com.almasb.fxgl.app.services.FXGLDialogService, class com.almasb.fxgl.app.services.IOTaskExecutorService, class com.almasb.fxgl.io.FileSystemService, class com.almasb.fxgl.localization.LocalizationService, class com.almasb.fxgl.app.services.SystemBundleService, class com.almasb.fxgl.profile.SaveLoadService, class com.almasb.fxgl.ui.FXGLUIFactoryServiceProvider, class com.almasb.fxgl.ui.FXGLDialogFactoryServiceProvider, class com.almasb.fxgl.audio.AudioPlayer, class com.almasb.fxgl.notification.impl.NotificationServiceProvider, class com.almasb.fxgl.achievement.AchievementService, class com.almasb.fxgl.cutscene.CutsceneService, class com.almasb.fxgl.minigames.MiniGameService, class com.almasb.fxgl.net.NetService, class com.almasb.fxgl.app.services.UpdaterService, class com.almasb.fxgl.dev.DevService]
16:37:53.689 [FXGL Background Thread 3 ] DEBUG Engine               - fontGame: Abel-Regular.ttf
16:37:53.689 [FXGL Background Thread 3 ] DEBUG Engine               - fontMono: TerminalLandMono-Regular.otf
16:37:53.689 [FXGL Background Thread 3 ] DEBUG Engine               - fontSizeScaleUI: 1.0
16:37:53.689 [FXGL Background Thread 3 ] DEBUG Engine               - fontText: Courier-Prime.ttf
16:37:53.690 [FXGL Background Thread 3 ] DEBUG Engine               - fontUI: VarelaRound-Regular.ttf
16:37:53.690 [FXGL Background Thread 3 ] DEBUG Engine               - fpsRefreshRate: 500.0 ms
16:37:53.690 [FXGL Background Thread 3 ] DEBUG Engine               - fullScreen: BooleanProperty [value: false]
16:37:53.690 [FXGL Background Thread 3 ] DEBUG Engine               - gameDifficulty: MEDIUM
16:37:53.690 [FXGL Background Thread 3 ] DEBUG Engine               - gameDifficultyProperty: ObjectProperty [value: MEDIUM]
16:37:53.690 [FXGL Background Thread 3 ] DEBUG Engine               - globalMusicVolume: 0.5
16:37:53.690 [FXGL Background Thread 3 ] DEBUG Engine               - globalMusicVolumeProperty: DoubleProperty [value: 0.5]
16:37:53.691 [FXGL Background Thread 3 ] DEBUG Engine               - globalSoundVolume: 0.5
16:37:53.691 [FXGL Background Thread 3 ] DEBUG Engine               - globalSoundVolumeProperty: DoubleProperty [value: 0.5]
16:37:53.691 [FXGL Background Thread 3 ] DEBUG Engine               - height: 720
16:37:53.691 [FXGL Background Thread 3 ] DEBUG Engine               - is3D: false
16:37:53.691 [FXGL Background Thread 3 ] DEBUG Engine               - isAndroid: false
16:37:53.691 [FXGL Background Thread 3 ] DEBUG Engine               - isBrowser: false
16:37:53.691 [FXGL Background Thread 3 ] DEBUG Engine               - isClickFeedbackEnabled: false
16:37:53.691 [FXGL Background Thread 3 ] DEBUG Engine               - isCloseConfirmation: false
16:37:53.691 [FXGL Background Thread 3 ] DEBUG Engine               - isDesktop: true
16:37:53.691 [FXGL Background Thread 3 ] DEBUG Engine               - isDeveloperMenuEnabled: true
16:37:53.691 [FXGL Background Thread 3 ] DEBUG Engine               - isEmbedded: false
16:37:53.691 [FXGL Background Thread 3 ] DEBUG Engine               - isEntityPreloadEnabled: true
16:37:53.691 [FXGL Background Thread 3 ] DEBUG Engine               - isExperimentalTiledLargeMap: false
16:37:53.691 [FXGL Background Thread 3 ] DEBUG Engine               - isFileSystemWriteAllowed: true
16:37:53.691 [FXGL Background Thread 3 ] DEBUG Engine               - isFullScreenAllowed: false
16:37:53.693 [FXGL Background Thread 3 ] DEBUG Engine               - isFullScreenFromStart: false
16:37:53.693 [FXGL Background Thread 3 ] DEBUG Engine               - isGameMenuEnabled: true
16:37:53.693 [FXGL Background Thread 3 ] DEBUG Engine               - isIOS: false
16:37:53.693 [FXGL Background Thread 3 ] DEBUG Engine               - isIntroEnabled: false
16:37:53.693 [FXGL Background Thread 3 ] DEBUG Engine               - isLinux: false
16:37:53.693 [FXGL Background Thread 3 ] DEBUG Engine               - isMac: false
16:37:53.693 [FXGL Background Thread 3 ] DEBUG Engine               - isMainMenuEnabled: true
16:37:53.693 [FXGL Background Thread 3 ] DEBUG Engine               - isManualResizeEnabled: false
16:37:53.693 [FXGL Background Thread 3 ] DEBUG Engine               - isMobile: false
16:37:53.693 [FXGL Background Thread 3 ] DEBUG Engine               - isNative: false
16:37:53.693 [FXGL Background Thread 3 ] DEBUG Engine               - isPauseMusicWhenMinimized: true
16:37:53.693 [FXGL Background Thread 3 ] DEBUG Engine               - isPreserveResizeRatio: false
16:37:53.693 [FXGL Background Thread 3 ] DEBUG Engine               - isProfilingEnabled: false
16:37:53.693 [FXGL Background Thread 3 ] DEBUG Engine               - isScaleAffectedOnResize: true
16:37:53.694 [FXGL Background Thread 3 ] DEBUG Engine               - isSingleStep: false
16:37:53.694 [FXGL Background Thread 3 ] DEBUG Engine               - isUserProfileEnabled: false
16:37:53.694 [FXGL Background Thread 3 ] DEBUG Engine               - isWindows: true
16:37:53.694 [FXGL Background Thread 3 ] DEBUG Engine               - language: ObjectProperty [value: ENGLISH]
16:37:53.694 [FXGL Background Thread 3 ] DEBUG Engine               - menuKey: ESCAPE
16:37:53.694 [FXGL Background Thread 3 ] DEBUG Engine               - mouseSensitivity: 0.2
16:37:53.694 [FXGL Background Thread 3 ] DEBUG Engine               - notificationViewClass: class com.almasb.fxgl.notification.view.XboxNotificationView
16:37:53.694 [FXGL Background Thread 3 ] DEBUG Engine               - pixelsPerMeter: 50.0
16:37:53.694 [FXGL Background Thread 3 ] DEBUG Engine               - platform: WINDOWS
16:37:53.694 [FXGL Background Thread 3 ] DEBUG Engine               - prefHeightProperty: ReadOnlyDoubleProperty [value: 720.0]
16:37:53.694 [FXGL Background Thread 3 ] DEBUG Engine               - prefWidthProperty: ReadOnlyDoubleProperty [value: 1280.0]
16:37:53.695 [FXGL Background Thread 3 ] DEBUG Engine               - profileDir: profiles/
16:37:53.695 [FXGL Background Thread 3 ] DEBUG Engine               - profileName: StringProperty [value: DEFAULT]
16:37:53.695 [FXGL Background Thread 3 ] DEBUG Engine               - randomSeed: -1
16:37:53.695 [FXGL Background Thread 3 ] DEBUG Engine               - runtimeInfo: RuntimeInfo(platform=WINDOWS, version=25, build=05.02.2026 22.57)
16:37:53.695 [FXGL Background Thread 3 ] DEBUG Engine               - saveFileExt: sav
16:37:53.696 [FXGL Background Thread 3 ] DEBUG Engine               - scaledHeightProp$fxgl: DoubleProperty [bound, value: 720.0]
16:37:53.696 [FXGL Background Thread 3 ] DEBUG Engine               - scaledWidthProp$fxgl: DoubleProperty [bound, value: 1280.0]
16:37:53.696 [FXGL Background Thread 3 ] DEBUG Engine               - sceneFactory: Project1Game.ui.FarmSceneFactory@4d5e52aa
16:37:53.696 [FXGL Background Thread 3 ] DEBUG Engine               - secondsIn24h: 60
16:37:53.696 [FXGL Background Thread 3 ] DEBUG Engine               - soundMenuBack: menu/back.wav
16:37:53.696 [FXGL Background Thread 3 ] DEBUG Engine               - soundMenuPress: menu/press.wav
16:37:53.696 [FXGL Background Thread 3 ] DEBUG Engine               - soundMenuSelect: menu/select.wav
16:37:53.696 [FXGL Background Thread 3 ] DEBUG Engine               - soundNotification: core/notification.wav
16:37:53.696 [FXGL Background Thread 3 ] DEBUG Engine               - stageStyle: DECORATED
16:37:53.696 [FXGL Background Thread 3 ] DEBUG Engine               - supportedLanguages: [ENGLISH, FRENCH, GERMAN, HUNGARIAN, RUSSIAN]
16:37:53.696 [FXGL Background Thread 3 ] DEBUG Engine               - ticksPerSecond: -1
16:37:53.696 [FXGL Background Thread 3 ] DEBUG Engine               - title: Java Farming Professional
16:37:53.696 [FXGL Background Thread 3 ] DEBUG Engine               - urlGithub: https://github.com/AlmasB/FXGL
16:37:53.696 [FXGL Background Thread 3 ] DEBUG Engine               - urlLeaderboard: http://fxgl-top.herokuapp.com/
16:37:53.696 [FXGL Background Thread 3 ] DEBUG Engine               - urlPOM: https://raw.githubusercontent.com/AlmasB/FXGL/release/README.md
16:37:53.696 [FXGL Background Thread 3 ] DEBUG Engine               - userAppClass: class Project1Game.Main
16:37:53.696 [FXGL Background Thread 3 ] DEBUG Engine               - version: 2.5
16:37:53.697 [FXGL Background Thread 3 ] DEBUG Engine               - versionCheckDays: 7
16:37:53.697 [FXGL Background Thread 3 ] DEBUG Engine               - width: 1280
16:37:53.697 [FXGL Background Thread 3 ] DEBUG Engine               - Logging services
16:37:53.697 [FXGL Background Thread 3 ] DEBUG Engine               - class com.almasb.fxgl.app.services.FXGLAssetLoaderService
16:37:53.697 [FXGL Background Thread 3 ] DEBUG Engine               - class com.almasb.fxgl.app.FXGLApplication$GameApplicationService
16:37:53.697 [FXGL Background Thread 3 ] DEBUG Engine               - class com.almasb.fxgl.app.services.FXGLDialogService
16:37:53.697 [FXGL Background Thread 3 ] DEBUG Engine               - class com.almasb.fxgl.app.services.IOTaskExecutorService
16:37:53.697 [FXGL Background Thread 3 ] DEBUG Engine               - class com.almasb.fxgl.io.FileSystemService
16:37:53.697 [FXGL Background Thread 3 ] DEBUG Engine               - class com.almasb.fxgl.localization.LocalizationService
16:37:53.697 [FXGL Background Thread 3 ] DEBUG Engine               - class com.almasb.fxgl.app.services.SystemBundleService
16:37:53.697 [FXGL Background Thread 3 ] DEBUG Engine               - class com.almasb.fxgl.profile.SaveLoadService
16:37:53.697 [FXGL Background Thread 3 ] DEBUG Engine               - class com.almasb.fxgl.ui.FXGLUIFactoryServiceProvider
16:37:53.697 [FXGL Background Thread 3 ] DEBUG Engine               - class com.almasb.fxgl.ui.FXGLDialogFactoryServiceProvider
16:37:53.697 [FXGL Background Thread 3 ] DEBUG Engine               - class com.almasb.fxgl.audio.AudioPlayer
16:37:53.697 [FXGL Background Thread 3 ] DEBUG Engine               - class com.almasb.fxgl.notification.impl.NotificationServiceProvider
16:37:53.699 [FXGL Background Thread 3 ] DEBUG Engine               - class com.almasb.fxgl.achievement.AchievementService
16:37:53.699 [FXGL Background Thread 3 ] DEBUG Engine               - class com.almasb.fxgl.cutscene.CutsceneService
16:37:53.699 [FXGL Background Thread 3 ] DEBUG Engine               - class com.almasb.fxgl.minigames.MiniGameService
16:37:53.699 [FXGL Background Thread 3 ] DEBUG Engine               - class com.almasb.fxgl.net.NetService
16:37:53.699 [FXGL Background Thread 3 ] DEBUG Engine               - class com.almasb.fxgl.app.services.UpdaterService
16:37:53.699 [FXGL Background Thread 3 ] DEBUG Engine               - class com.almasb.fxgl.dev.DevService
16:38:56.679 [JavaFX Application Thread] DEBUG Menu                 - fireNewGame()
16:38:56.680 [JavaFX Application Thread] DEBUG GameApplicationServi - Starting new game
16:38:56.680 [JavaFX Application Thread] DEBUG PrimaryStageWindow   - Pop state: FarmMenu
16:38:56.681 [JavaFX Application Thread] DEBUG Input                - Clearing active input actions
16:38:56.682 [JavaFX Application Thread] DEBUG GameApplicationServi - Removing overlay from FarmMenu and adding to FXGLMainMenuDummyScene
16:38:56.685 [JavaFX Application Thread] DEBUG PrimaryStageWindow   - FXGLMainMenuDummyScene <- FarmMenu
16:38:56.685 [JavaFX Application Thread] DEBUG Input                - Clearing active input actions
16:38:56.695 [JavaFX Application Thread] DEBUG GameApplicationServi - Removing overlay from FXGLMainMenuDummyScene and adding to FXGLLoadingScene
16:38:56.695 [JavaFX Application Thread] DEBUG PrimaryStageWindow   - FXGLMainMenuDummyScene -> FXGLLoadingScene
16:38:56.696 [JavaFX Application Thread] DEBUG GameApplicationServi - Clearing previous game
16:38:56.696 [JavaFX Application Thread] DEBUG GameScene            - Clearing game scene
16:38:56.696 [JavaFX Application Thread] DEBUG GameWorld            - Clearing game world
16:38:56.696 [JavaFX Application Thread] DEBUG PhysicsWorld         - Clearing physics world
16:38:56.705 [FXGL Background Thread 5 ] DEBUG FXGLApplication      - Initializing game
16:38:56.764 [FXGL Background Thread 5 ] WARN  FXGLAssetLoaderServi - Asset "/assets/textures/empty.png" was not found!
16:38:56.765 [FXGL Background Thread 5 ] WARN  FXGLAssetLoaderServi - Failed to load IMAGE
16:38:56.829 [FXGL Background Thread 5 ] DEBUG FXGLAssetLoaderServi - Loading from file system: file:/D:/projects/helloworld/FarmSimulator/target/classes/assets/textures/Crops/soil_1.png
16:38:56.841 [FXGL Background Thread 5 ] WARN  FXGLAssetLoaderServi - Asset "/assets/textures/empty.png" was not found!
16:38:56.841 [FXGL Background Thread 5 ] WARN  FXGLAssetLoaderServi - Failed to load IMAGE
16:38:56.841 [FXGL Background Thread 5 ] DEBUG FXGLAssetLoaderServi - Loading from file system: file:/D:/projects/helloworld/FarmSimulator/target/classes/assets/textures/Crops/rice_1.png
16:38:56.845 [FXGL Background Thread 5 ] WARN  FXGLAssetLoaderServi - Asset "/assets/textures/empty.png" was not found!
16:38:56.846 [FXGL Background Thread 5 ] WARN  FXGLAssetLoaderServi - Failed to load IMAGE
16:38:56.849 [FXGL Background Thread 5 ] WARN  FXGLAssetLoaderServi - Asset "/assets/textures/empty.png" was not found!
16:38:56.849 [FXGL Background Thread 5 ] WARN  FXGLAssetLoaderServi - Failed to load IMAGE
16:38:56.850 [FXGL Background Thread 5 ] WARN  FXGLAssetLoaderServi - Asset "/assets/textures/empty.png" was not found!
16:38:56.850 [FXGL Background Thread 5 ] WARN  FXGLAssetLoaderServi - Failed to load IMAGE
16:38:56.851 [FXGL Background Thread 5 ] WARN  FXGLAssetLoaderServi - Asset "/assets/textures/empty.png" was not found!
16:38:56.851 [FXGL Background Thread 5 ] WARN  FXGLAssetLoaderServi - Failed to load IMAGE
16:38:56.853 [FXGL Background Thread 5 ] WARN  FXGLAssetLoaderServi - Asset "/assets/textures/empty.png" was not found!
16:38:56.853 [FXGL Background Thread 5 ] WARN  FXGLAssetLoaderServi - Failed to load IMAGE
16:38:56.854 [FXGL Background Thread 5 ] WARN  FXGLAssetLoaderServi - Asset "/assets/textures/empty.png" was not found!
16:38:56.854 [FXGL Background Thread 5 ] WARN  FXGLAssetLoaderServi - Failed to load IMAGE
16:38:56.855 [FXGL Background Thread 5 ] DEBUG FXGLAssetLoaderServi - Loading from file system: file:/D:/projects/helloworld/FarmSimulator/target/classes/assets/textures/Crops/soil_2.png
16:38:56.857 [FXGL Background Thread 5 ] WARN  FXGLAssetLoaderServi - Asset "/assets/textures/empty.png" was not found!
16:38:56.857 [FXGL Background Thread 5 ] WARN  FXGLAssetLoaderServi - Failed to load IMAGE
16:38:56.858 [FXGL Background Thread 5 ] WARN  FXGLAssetLoaderServi - Asset "/assets/textures/empty.png" was not found!
16:38:56.858 [FXGL Background Thread 5 ] WARN  FXGLAssetLoaderServi - Failed to load IMAGE
16:38:56.861 [FXGL Background Thread 5 ] WARN  FXGLAssetLoaderServi - Asset "/assets/textures/empty.png" was not found!
16:38:56.861 [FXGL Background Thread 5 ] WARN  FXGLAssetLoaderServi - Failed to load IMAGE
16:38:56.865 [FXGL Background Thread 5 ] WARN  FXGLAssetLoaderServi - Asset "/assets/textures/empty.png" was not found!
16:38:56.865 [FXGL Background Thread 5 ] WARN  FXGLAssetLoaderServi - Failed to load IMAGE
16:38:56.868 [FXGL Background Thread 5 ] WARN  FXGLAssetLoaderServi - Asset "/assets/textures/empty.png" was not found!
16:38:56.869 [FXGL Background Thread 5 ] WARN  FXGLAssetLoaderServi - Failed to load IMAGE
16:38:56.869 [FXGL Background Thread 5 ] WARN  FXGLAssetLoaderServi - Asset "/assets/textures/empty.png" was not found!
16:38:56.869 [FXGL Background Thread 5 ] WARN  FXGLAssetLoaderServi - Failed to load IMAGE
16:38:56.870 [FXGL Background Thread 5 ] WARN  FXGLAssetLoaderServi - Asset "/assets/textures/empty.png" was not found!
16:38:56.870 [FXGL Background Thread 5 ] WARN  FXGLAssetLoaderServi - Failed to load IMAGE
16:38:56.871 [FXGL Background Thread 5 ] WARN  FXGLAssetLoaderServi - Asset "/assets/textures/empty.png" was not found!
16:38:56.871 [FXGL Background Thread 5 ] WARN  FXGLAssetLoaderServi - Failed to load IMAGE
16:38:56.871 [FXGL Background Thread 5 ] WARN  FXGLAssetLoaderServi - Asset "/assets/textures/empty.png" was not found!
16:38:56.872 [FXGL Background Thread 5 ] WARN  FXGLAssetLoaderServi - Failed to load IMAGE
16:38:56.872 [FXGL Background Thread 5 ] WARN  FXGLAssetLoaderServi - Asset "/assets/textures/empty.png" was not found!
16:38:56.872 [FXGL Background Thread 5 ] WARN  FXGLAssetLoaderServi - Failed to load IMAGE
16:38:56.872 [FXGL Background Thread 5 ] WARN  FXGLAssetLoaderServi - Asset "/assets/textures/empty.png" was not found!
16:38:56.873 [FXGL Background Thread 5 ] WARN  FXGLAssetLoaderServi - Failed to load IMAGE
16:38:56.873 [FXGL Background Thread 5 ] WARN  FXGLAssetLoaderServi - Asset "/assets/textures/empty.png" was not found!
16:38:56.873 [FXGL Background Thread 5 ] WARN  FXGLAssetLoaderServi - Failed to load IMAGE
16:38:56.873 [FXGL Background Thread 5 ] WARN  FXGLAssetLoaderServi - Asset "/assets/textures/empty.png" was not found!
16:38:56.873 [FXGL Background Thread 5 ] WARN  FXGLAssetLoaderServi - Failed to load IMAGE
16:38:56.874 [FXGL Background Thread 5 ] WARN  FXGLAssetLoaderServi - Asset "/assets/textures/empty.png" was not found!
16:38:56.874 [FXGL Background Thread 5 ] WARN  FXGLAssetLoaderServi - Failed to load IMAGE
16:38:56.874 [FXGL Background Thread 5 ] WARN  FXGLAssetLoaderServi - Asset "/assets/textures/empty.png" was not found!
16:38:56.874 [FXGL Background Thread 5 ] WARN  FXGLAssetLoaderServi - Failed to load IMAGE
16:38:56.874 [FXGL Background Thread 5 ] WARN  FXGLAssetLoaderServi - Asset "/assets/textures/empty.png" was not found!
16:38:56.875 [FXGL Background Thread 5 ] WARN  FXGLAssetLoaderServi - Failed to load IMAGE
16:38:56.875 [FXGL Background Thread 5 ] WARN  FXGLAssetLoaderServi - Asset "/assets/textures/empty.png" was not found!
16:38:56.875 [FXGL Background Thread 5 ] WARN  FXGLAssetLoaderServi - Failed to load IMAGE
16:38:56.875 [FXGL Background Thread 5 ] WARN  FXGLAssetLoaderServi - Asset "/assets/textures/empty.png" was not found!
16:38:56.877 [FXGL Background Thread 5 ] WARN  FXGLAssetLoaderServi - Failed to load IMAGE
16:38:56.879 [FXGL Background Thread 5 ] WARN  FXGLAssetLoaderServi - Asset "/assets/textures/empty.png" was not found!
16:38:56.879 [FXGL Background Thread 5 ] WARN  FXGLAssetLoaderServi - Failed to load IMAGE
16:38:56.880 [FXGL Background Thread 5 ] WARN  FXGLAssetLoaderServi - Asset "/assets/textures/empty.png" was not found!
16:38:56.882 [FXGL Background Thread 5 ] WARN  FXGLAssetLoaderServi - Failed to load IMAGE
16:38:56.883 [FXGL Background Thread 5 ] WARN  FXGLAssetLoaderServi - Asset "/assets/textures/empty.png" was not found!
16:38:56.883 [FXGL Background Thread 5 ] WARN  FXGLAssetLoaderServi - Failed to load IMAGE
16:38:56.883 [FXGL Background Thread 5 ] WARN  FXGLAssetLoaderServi - Asset "/assets/textures/empty.png" was not found!
16:38:56.884 [FXGL Background Thread 5 ] WARN  FXGLAssetLoaderServi - Failed to load IMAGE
16:38:56.884 [FXGL Background Thread 5 ] WARN  FXGLAssetLoaderServi - Asset "/assets/textures/empty.png" was not found!
16:38:56.884 [FXGL Background Thread 5 ] WARN  FXGLAssetLoaderServi - Failed to load IMAGE
16:38:56.885 [FXGL Background Thread 5 ] WARN  FXGLAssetLoaderServi - Asset "/assets/textures/empty.png" was not found!
16:38:56.885 [FXGL Background Thread 5 ] WARN  FXGLAssetLoaderServi - Failed to load IMAGE
16:38:56.886 [FXGL Background Thread 5 ] WARN  FXGLAssetLoaderServi - Asset "/assets/textures/empty.png" was not found!
16:38:56.886 [FXGL Background Thread 5 ] WARN  FXGLAssetLoaderServi - Failed to load IMAGE
16:38:56.886 [FXGL Background Thread 5 ] WARN  FXGLAssetLoaderServi - Asset "/assets/textures/empty.png" was not found!
16:38:56.886 [FXGL Background Thread 5 ] WARN  FXGLAssetLoaderServi - Failed to load IMAGE
16:38:56.888 [FXGL Background Thread 5 ] WARN  FXGLAssetLoaderServi - Asset "/assets/textures/empty.png" was not found!
16:38:56.888 [FXGL Background Thread 5 ] WARN  FXGLAssetLoaderServi - Failed to load IMAGE
16:38:56.889 [FXGL Background Thread 5 ] WARN  FXGLAssetLoaderServi - Asset "/assets/textures/empty.png" was not found!
16:38:56.889 [FXGL Background Thread 5 ] WARN  FXGLAssetLoaderServi - Failed to load IMAGE
16:38:56.889 [FXGL Background Thread 5 ] WARN  FXGLAssetLoaderServi - Asset "/assets/textures/empty.png" was not found!
16:38:56.889 [FXGL Background Thread 5 ] WARN  FXGLAssetLoaderServi - Failed to load IMAGE
16:38:56.889 [FXGL Background Thread 5 ] WARN  FXGLAssetLoaderServi - Asset "/assets/textures/empty.png" was not found!
16:38:56.890 [FXGL Background Thread 5 ] WARN  FXGLAssetLoaderServi - Failed to load IMAGE
16:38:56.890 [FXGL Background Thread 5 ] WARN  FXGLAssetLoaderServi - Asset "/assets/textures/empty.png" was not found!
16:38:56.890 [FXGL Background Thread 5 ] WARN  FXGLAssetLoaderServi - Failed to load IMAGE
16:38:56.892 [FXGL Background Thread 5 ] WARN  FXGLAssetLoaderServi - Asset "/assets/textures/empty.png" was not found!
16:38:56.892 [FXGL Background Thread 5 ] WARN  FXGLAssetLoaderServi - Failed to load IMAGE
16:38:56.892 [FXGL Background Thread 5 ] WARN  FXGLAssetLoaderServi - Asset "/assets/textures/empty.png" was not found!
16:38:56.892 [FXGL Background Thread 5 ] WARN  FXGLAssetLoaderServi - Failed to load IMAGE
16:38:56.893 [FXGL Background Thread 5 ] WARN  FXGLAssetLoaderServi - Asset "/assets/textures/empty.png" was not found!
16:38:56.893 [FXGL Background Thread 5 ] WARN  FXGLAssetLoaderServi - Failed to load IMAGE
16:38:56.894 [FXGL Background Thread 5 ] WARN  FXGLAssetLoaderServi - Asset "/assets/textures/empty.png" was not found!
16:38:56.896 [FXGL Background Thread 5 ] WARN  FXGLAssetLoaderServi - Failed to load IMAGE
16:38:56.896 [FXGL Background Thread 5 ] WARN  FXGLAssetLoaderServi - Asset "/assets/textures/empty.png" was not found!
16:38:56.896 [FXGL Background Thread 5 ] WARN  FXGLAssetLoaderServi - Failed to load IMAGE
16:38:56.896 [FXGL Background Thread 5 ] WARN  FXGLAssetLoaderServi - Asset "/assets/textures/empty.png" was not found!
16:38:56.897 [FXGL Background Thread 5 ] WARN  FXGLAssetLoaderServi - Failed to load IMAGE
16:38:56.899 [FXGL Background Thread 5 ] WARN  FXGLAssetLoaderServi - Asset "/assets/textures/empty.png" was not found!
16:38:56.899 [FXGL Background Thread 5 ] WARN  FXGLAssetLoaderServi - Failed to load IMAGE
16:38:56.900 [FXGL Background Thread 5 ] WARN  FXGLAssetLoaderServi - Asset "/assets/textures/empty.png" was not found!
16:38:56.900 [FXGL Background Thread 5 ] WARN  FXGLAssetLoaderServi - Failed to load IMAGE
16:38:56.901 [FXGL Background Thread 5 ] WARN  FXGLAssetLoaderServi - Asset "/assets/textures/empty.png" was not found!
16:38:56.901 [FXGL Background Thread 5 ] WARN  FXGLAssetLoaderServi - Failed to load IMAGE
16:38:56.902 [FXGL Background Thread 5 ] WARN  FXGLAssetLoaderServi - Asset "/assets/textures/empty.png" was not found!
16:38:56.902 [FXGL Background Thread 5 ] WARN  FXGLAssetLoaderServi - Failed to load IMAGE
16:38:56.903 [FXGL Background Thread 5 ] WARN  FXGLAssetLoaderServi - Asset "/assets/textures/empty.png" was not found!
16:38:56.903 [FXGL Background Thread 5 ] WARN  FXGLAssetLoaderServi - Failed to load IMAGE
16:38:56.904 [FXGL Background Thread 5 ] WARN  FXGLAssetLoaderServi - Asset "/assets/textures/empty.png" was not found!
16:38:56.904 [FXGL Background Thread 5 ] WARN  FXGLAssetLoaderServi - Failed to load IMAGE
16:38:56.904 [FXGL Background Thread 5 ] WARN  FXGLAssetLoaderServi - Asset "/assets/textures/empty.png" was not found!
16:38:56.904 [FXGL Background Thread 5 ] WARN  FXGLAssetLoaderServi - Failed to load IMAGE
16:38:56.905 [FXGL Background Thread 5 ] WARN  FXGLAssetLoaderServi - Asset "/assets/textures/empty.png" was not found!
16:38:56.905 [FXGL Background Thread 5 ] WARN  FXGLAssetLoaderServi - Failed to load IMAGE
16:38:56.905 [FXGL Background Thread 5 ] WARN  FXGLAssetLoaderServi - Asset "/assets/textures/empty.png" was not found!
16:38:56.905 [FXGL Background Thread 5 ] WARN  FXGLAssetLoaderServi - Failed to load IMAGE
16:38:56.906 [FXGL Background Thread 5 ] WARN  FXGLAssetLoaderServi - Asset "/assets/textures/empty.png" was not found!
16:38:56.906 [FXGL Background Thread 5 ] WARN  FXGLAssetLoaderServi - Failed to load IMAGE
16:38:56.906 [FXGL Background Thread 5 ] WARN  FXGLAssetLoaderServi - Asset "/assets/textures/empty.png" was not found!
16:38:56.906 [FXGL Background Thread 5 ] WARN  FXGLAssetLoaderServi - Failed to load IMAGE
16:38:56.907 [FXGL Background Thread 5 ] WARN  FXGLAssetLoaderServi - Asset "/assets/textures/empty.png" was not found!
16:38:56.907 [FXGL Background Thread 5 ] WARN  FXGLAssetLoaderServi - Failed to load IMAGE
16:38:56.907 [FXGL Background Thread 5 ] WARN  FXGLAssetLoaderServi - Asset "/assets/textures/empty.png" was not found!
16:38:56.907 [FXGL Background Thread 5 ] WARN  FXGLAssetLoaderServi - Failed to load IMAGE
16:38:56.908 [FXGL Background Thread 5 ] WARN  FXGLAssetLoaderServi - Asset "/assets/textures/empty.png" was not found!
16:38:56.908 [FXGL Background Thread 5 ] WARN  FXGLAssetLoaderServi - Failed to load IMAGE
16:38:56.908 [FXGL Background Thread 5 ] WARN  FXGLAssetLoaderServi - Asset "/assets/textures/empty.png" was not found!
16:38:56.908 [FXGL Background Thread 5 ] WARN  FXGLAssetLoaderServi - Failed to load IMAGE
16:38:56.908 [FXGL Background Thread 5 ] WARN  FXGLAssetLoaderServi - Asset "/assets/textures/empty.png" was not found!
16:38:56.909 [FXGL Background Thread 5 ] WARN  FXGLAssetLoaderServi - Failed to load IMAGE
16:38:56.909 [FXGL Background Thread 5 ] WARN  FXGLAssetLoaderServi - Asset "/assets/textures/empty.png" was not found!
16:38:56.910 [FXGL Background Thread 5 ] WARN  FXGLAssetLoaderServi - Failed to load IMAGE
16:38:56.912 [FXGL Background Thread 5 ] WARN  FXGLAssetLoaderServi - Asset "/assets/textures/empty.png" was not found!
16:38:56.912 [FXGL Background Thread 5 ] WARN  FXGLAssetLoaderServi - Failed to load IMAGE
16:38:56.914 [FXGL Background Thread 5 ] WARN  FXGLAssetLoaderServi - Asset "/assets/textures/empty.png" was not found!
16:38:56.914 [FXGL Background Thread 5 ] WARN  FXGLAssetLoaderServi - Failed to load IMAGE
16:38:56.919 [FXGL Background Thread 5 ] DEBUG FXGLAssetLoaderServi - Loading from file system: file:/D:/projects/helloworld/FarmSimulator/target/classes/assets/textures/UI/heart_sprite.png
16:38:57.072 [FXGL Background Thread 5 ] WARN  TMXLevelLoader       - TiledMap generated from 1.12.0. Supported version: 1.9.0. Some features may not be parsed fully.
16:38:57.192 [FXGL Background Thread 5 ] DEBUG TMXLevelLoader       - Parsed TiledMap: file:/D:/projects/helloworld/FarmSimulator/target/classes/assets/levels/Main_level.tmx
16:38:57.195 [FXGL Background Thread 5 ] DEBUG TMXLevelLoader       - Creating tile layer entities
16:38:57.202 [FXGL Background Thread 5 ] DEBUG TilesetLoader        - Loading view for layer BackgroundLayer
16:38:57.225 [FXGL Background Thread 5 ] DEBUG TilesetLoader        - Created buffer with size 3520.0x2048.0
16:38:57.336 [FXGL Background Thread 5 ] DEBUG TilesetLoader        - Loading view for layer DecorationLayer
16:38:57.353 [FXGL Background Thread 5 ] DEBUG TilesetLoader        - Created buffer with size 3520.0x2048.0
16:38:57.406 [FXGL Background Thread 5 ] DEBUG TilesetLoader        - Loading view for layer OverheadLayer
16:38:57.423 [FXGL Background Thread 5 ] DEBUG TilesetLoader        - Created buffer with size 3520.0x2048.0
16:38:57.426 [FXGL Background Thread 5 ] DEBUG TMXLevelLoader       - Creating object layer entities
16:38:57.459 [FXGL Background Thread 5 ] DEBUG FXGLAssetLoaderServi - Loading from file system: file:/D:/projects/helloworld/FarmSimulator/target/classes/assets/textures/Player/Carry_Idle/Carry_Idle_Down-Sheet.png
16:38:57.466 [FXGL Background Thread 5 ] DEBUG FXGLAssetLoaderServi - Loading from file system: file:/D:/projects/helloworld/FarmSimulator/target/classes/assets/textures/Player/Carry_Idle/Carry_Idle_Up-Sheet.png
16:38:57.468 [FXGL Background Thread 5 ] DEBUG FXGLAssetLoaderServi - Loading from file system: file:/D:/projects/helloworld/FarmSimulator/target/classes/assets/textures/Player/Carry_Idle/Carry_Idle_Side-Sheet.png
16:38:57.470 [FXGL Background Thread 5 ] DEBUG FXGLAssetLoaderServi - Loading from file system: file:/D:/projects/helloworld/FarmSimulator/target/classes/assets/textures/Player/Carry_Walk/Carry_Walk_Down-Sheet.png
16:38:57.471 [FXGL Background Thread 5 ] DEBUG FXGLAssetLoaderServi - Loading from file system: file:/D:/projects/helloworld/FarmSimulator/target/classes/assets/textures/Player/Carry_Walk/Carry_Walk_Up-Sheet.png
16:38:57.472 [FXGL Background Thread 5 ] DEBUG FXGLAssetLoaderServi - Loading from file system: file:/D:/projects/helloworld/FarmSimulator/target/classes/assets/textures/Player/Carry_Walk/Carry_Walk_Side-Sheet.png
16:38:57.474 [FXGL Background Thread 5 ] DEBUG FXGLAssetLoaderServi - Loading from file system: file:/D:/projects/helloworld/FarmSimulator/target/classes/assets/textures/Player/Carry_Run/Carry_Run_Down-Sheet.png
16:38:57.476 [FXGL Background Thread 5 ] DEBUG FXGLAssetLoaderServi - Loading from file system: file:/D:/projects/helloworld/FarmSimulator/target/classes/assets/textures/Player/Carry_Run/Carry_Run_Up-Sheet.png
16:38:57.478 [FXGL Background Thread 5 ] DEBUG FXGLAssetLoaderServi - Loading from file system: file:/D:/projects/helloworld/FarmSimulator/target/classes/assets/textures/Player/Carry_Run/Carry_Run_Side-Sheet.png
16:38:57.691 [FXGL Background Thread 5 ] DEBUG FXGLAssetLoaderServi - Loading from file system: file:/D:/projects/helloworld/FarmSimulator/target/classes/assets/textures/NPC/Trader/Trader.png
16:38:57.719 [FXGL Background Thread 5 ] DEBUG FXGLAssetLoaderServi - Loading from file system: file:/D:/projects/helloworld/FarmSimulator/target/classes/assets/textures/NPC/Guider/Guider.png
16:38:57.724 [FXGL Background Thread 5 ] DEBUG GameWorld            - Clearing removable entities
16:38:57.725 [FXGL Background Thread 5 ] DEBUG GameWorld            - Setting level: com.almasb.fxgl.entity.level.Level@70c1f2a1
16:38:57.853 [FXGL Background Thread 5 ] INFO  FXGLApplication      - Game initialization took: 1.149 sec
16:38:57.865 [JavaFX Application Thread] DEBUG Input                - Clearing active input actions
16:38:57.902 [JavaFX Application Thread] DEBUG GameApplicationServi - Removing overlay from FXGLLoadingScene and adding to GameScene
16:38:57.905 [JavaFX Application Thread] DEBUG PrimaryStageWindow   - FXGLLoadingScene -> GameScene
16:39:01.776 [JavaFX Application Thread] DEBUG FXGLApplication      - Exiting FXGL
16:39:01.777 [JavaFX Application Thread] DEBUG LoopRunner           - Stopping loop
16:39:01.778 [JavaFX Application Thread] DEBUG SystemBundleService  - Saving FXGL system data
16:39:01.785 [JavaFX Application Thread] DEBUG FileSystemAccess     - Writing to: D:\projects\helloworld\FarmSimulator\system\fxgl.bundle
16:39:01.788 [JavaFX Application Thread] DEBUG Async                - Shutting down background threads
16:39:01.788 [JavaFX Application Thread] DEBUG PrimaryStageWindow   - Closing main window
16:39:01.815 [JavaFX Application Thread] DEBUG Logger               - Closing Logger
