23:47:41.201 [main                     ] DEBUG Logger               - Configured Logger
23:47:41.207 [main                     ] DEBUG GameApplication      - Logging settings
Title: Untitled
Version: 0.0
Width: 1920
Height: 1080
Fullscreen: true
Intro: false
Profiling: false
Single step:false
App Mode: DEVELOPER
Menu Key: ESCAPE
Stage Style: DECORATED
Scene Factory: class com.almasb.fxgl.app.scene.SceneFactory

23:47:41.658 [JavaFX Application Thread] DEBUG FXGLApplication      - Initializing FXGL
23:47:41.662 [JavaFX Application Thread] INFO  Engine               - FXGL-25 (05.02.2026 22.57) on WINDOWS (J:25.0.1 FX:25.0.1)
23:47:41.663 [JavaFX Application Thread] DEBUG Engine               - JRE Vendor Name: Oracle Corporation
23:47:41.663 [JavaFX Application Thread] DEBUG Engine               - Running on OS: Windows 11 version 10.0
23:47:41.663 [JavaFX Application Thread] DEBUG Engine               - Architecture: amd64
23:47:41.663 [JavaFX Application Thread] INFO  Engine               - Source code and latest versions at: https://github.com/AlmasB/FXGL
23:47:41.663 [JavaFX Application Thread] INFO  Engine               -       Ask questions and discuss at: https://github.com/AlmasB/FXGL/discussions
23:47:41.783 [JavaFX Application Thread] DEBUG PrimaryStageWindow   - Creating a JavaFX scene
23:47:41.783 [JavaFX Application Thread] DEBUG PrimaryStageWindow   - Target size > screen size
23:47:41.837 [JavaFX Application Thread] DEBUG PrimaryStageWindow   - Target settings size: 1920.0 x 1080.0
23:47:41.837 [JavaFX Application Thread] DEBUG PrimaryStageWindow   - Scaled scene size:    1511.0 x 864.0
23:47:41.837 [JavaFX Application Thread] DEBUG PrimaryStageWindow   - Scaled ratio: (0.7869791666666667, 0.8)
23:47:41.839 [JavaFX Application Thread] DEBUG PrimaryStageWindow   - Set initial scene to FXGLStartupScene
23:47:41.844 [JavaFX Application Thread] DEBUG PrimaryStageWindow   - Opening main window
23:47:42.162 [JavaFX Application Thread] DEBUG PrimaryStageWindow   - Window border size: (14.5999755859375, 37.5999755859375)
23:47:42.162 [JavaFX Application Thread] DEBUG PrimaryStageWindow   - Scaled size: 1511.0 x 864.0
23:47:42.162 [JavaFX Application Thread] DEBUG PrimaryStageWindow   - Scaled ratio: (0.7869791666666667, 0.8)
23:47:42.162 [JavaFX Application Thread] DEBUG PrimaryStageWindow   - Scene size: 1511.0 x 864.0
23:47:42.162 [JavaFX Application Thread] DEBUG PrimaryStageWindow   - Stage size: 1525.5999755859375 x 901.5999755859375
23:47:42.248 [JavaFX Application Thread] DEBUG PrimaryStageWindow   - Going fullscreen
23:47:42.255 [FXGL Background Thread 1 ] DEBUG Engine               - Initializing environment variables
23:47:42.293 [FXGL Background Thread 1 ] DEBUG FXGLAssetLoaderServi - User app class for loading assets: class Project1Game.Main
23:47:42.294 [FXGL Background Thread 1 ] DEBUG GameApplicationServi - Applying CSS: fxgl_dark.css
23:47:42.294 [FXGL Background Thread 1 ] DEBUG FXGLAssetLoaderServi - Loading from file system: jar:file:/C:/Users/Admin/.m2/repository/com/github/almasb/fxgl/25/fxgl-25.jar!/fxglassets/ui/css/fxgl_dark.css
23:47:42.336 [FXGL Background Thread 1 ] DEBUG GameApplicationServi - Initializing application scenes
23:47:42.379 [FXGL Background Thread 1 ] DEBUG GameWorld            - Game world initialized
23:47:42.419 [FXGL Background Thread 1 ] DEBUG PhysicsWorld         - Physics world initialized: appHeight=1080, physics.ppm=50.0
23:47:42.419 [FXGL Background Thread 1 ] DEBUG PhysicsWorld         - Using strategy: BRUTE_FORCE
23:47:42.423 [FXGL Background Thread 1 ] DEBUG GameScene            - Game scene initialized: 1920x1080
23:47:42.435 [FXGL Background Thread 1 ] DEBUG FXGL.DefaultMenu     - createMenuBodyGameMenu()
23:47:42.451 [FXGL Background Thread 1 ] DEBUG FXGL.DefaultMenu     - createOptionsMenu()
23:47:42.460 [FXGL Background Thread 1 ] DEBUG FXGLAssetLoaderServi - Loading from file system: jar:file:/C:/Users/Admin/.m2/repository/com/github/almasb/fxgl/25/fxgl-25.jar!/fxglassets/textures/particles/smoke.png
23:47:42.533 [FXGL Background Thread 1 ] DEBUG FXGLAssetLoaderServi - Loading from file system: jar:file:/C:/Users/Admin/.m2/repository/com/github/almasb/fxgl/25/fxgl-25.jar!/fxglassets/textures/particles/trace_horizontal.png
23:47:42.565 [FXGL Background Thread 1 ] DEBUG GameApplicationServi - Application scenes initialized
23:47:42.575 [FXGL Background Thread 1 ] DEBUG SystemBundleService  - Loading FXGL system data
23:47:42.576 [FXGL Background Thread 1 ] DEBUG FileSystemAccess     - Reading from: D:\GameDevelop\Project1\system\fxgl.bundle
23:47:42.578 [FXGL Background Thread 1 ] DEBUG SystemBundleService  - Bundle FXGL: {}
23:47:42.578 [FXGL Background Thread 1 ] DEBUG UpdaterService       - Checking for updates
23:47:42.610 [FXGL Background Thread 4 ] DEBUG FXGLApplication      - Loading fonts
23:47:42.610 [FXGL Background Thread 4 ] DEBUG FXGLAssetLoaderServi - Loading from file system: jar:file:/C:/Users/Admin/.m2/repository/com/github/almasb/fxgl/25/fxgl-25.jar!/fxglassets/ui/fonts/VarelaRound-Regular.ttf
23:47:42.610 [FXGL Background Thread 1 ] DEBUG FXGLApplication      - Loading default localization
23:47:42.611 [FXGL Background Thread 1 ] DEBUG FXGLAssetLoaderServi - Loading from file system: jar:file:/C:/Users/Admin/.m2/repository/com/github/almasb/fxgl/25/fxgl-25.jar!/fxglassets/languages/english.lang
23:47:42.617 [FXGL Background Thread 4 ] DEBUG FXGLAssetLoaderServi - Loading from file system: jar:file:/C:/Users/Admin/.m2/repository/com/github/almasb/fxgl/25/fxgl-25.jar!/fxglassets/ui/fonts/Abel-Regular.ttf
23:47:42.619 [FXGL Background Thread 4 ] DEBUG FXGLAssetLoaderServi - Loading from file system: jar:file:/C:/Users/Admin/.m2/repository/com/github/almasb/fxgl/25/fxgl-25.jar!/fxglassets/ui/fonts/TerminalLandMono-Regular.otf
23:47:42.623 [FXGL Background Thread 4 ] DEBUG FXGLAssetLoaderServi - Loading from file system: jar:file:/C:/Users/Admin/.m2/repository/com/github/almasb/fxgl/25/fxgl-25.jar!/fxglassets/ui/fonts/Courier-Prime.ttf
23:47:42.624 [FXGL Background Thread 1 ] INFO  FXGLApplication      - FXGL initialization took: 0.369 sec
23:47:42.630 [JavaFX Application Thread] DEBUG Input                - Registered new binding: Move Right - D
23:47:42.630 [JavaFX Application Thread] DEBUG Input                - Registered new binding: Move Left - A
23:47:42.630 [JavaFX Application Thread] DEBUG Input                - Registered new binding: Move Up - W
23:47:42.630 [JavaFX Application Thread] DEBUG Input                - Registered new binding: Move Down - S
23:47:42.631 [JavaFX Application Thread] DEBUG Input                - Registered new binding: action0 - F
23:47:42.631 [JavaFX Application Thread] DEBUG Input                - Registered new binding: action1 - E
23:47:42.632 [JavaFX Application Thread] DEBUG FXGLAssetLoaderServi - Loading from file system: jar:file:/C:/Users/Admin/.m2/repository/com/github/almasb/fxgl/25/fxgl-25.jar!/fxglassets/textures/fxgl_icon.png
23:47:42.652 [JavaFX Application Thread] DEBUG FXGLAssetLoaderServi - Loading from file system: jar:file:/C:/Users/Admin/.m2/repository/com/github/almasb/fxgl/25/fxgl-25.jar!/fxglassets/textures/fxgl_default_cursor.png
23:47:42.654 [JavaFX Application Thread] DEBUG Input                - Registered new binding: Screenshot - CTRL+8
23:47:42.654 [JavaFX Application Thread] DEBUG Input                - Registered new binding: Dev Options - 1
23:47:42.654 [JavaFX Application Thread] DEBUG Input                - Registered new binding: Dev Console - 2
23:47:42.655 [JavaFX Application Thread] DEBUG Input                - Registered new binding: System info dump - CTRL+9
23:47:42.655 [JavaFX Application Thread] DEBUG Input                - Registered new binding: Restart - CTRL+R
23:47:42.656 [JavaFX Application Thread] DEBUG Input                - Registered new binding: Toggle Debug Camera - CTRL+7
23:47:42.660 [JavaFX Application Thread] DEBUG LoopRunner           - Starting loop
23:47:42.672 [JavaFX Application Thread] DEBUG LoopRunner           - Initializing JavaFX AnimationTimerLoop
23:47:42.673 [JavaFX Application Thread] DEBUG GameApplicationServi - Starting new game
23:47:42.674 [JavaFX Application Thread] DEBUG Input                - Clearing active input actions
23:47:42.684 [JavaFX Application Thread] DEBUG GameApplicationServi - Removing overlay from FXGLStartupScene and adding to FXGLLoadingScene
23:47:42.687 [JavaFX Application Thread] DEBUG PrimaryStageWindow   - FXGLStartupScene -> FXGLLoadingScene
23:47:42.687 [JavaFX Application Thread] DEBUG GameApplicationServi - Clearing previous game
23:47:42.687 [JavaFX Application Thread] DEBUG GameScene            - Clearing game scene
23:47:42.687 [JavaFX Application Thread] DEBUG GameWorld            - Clearing game world
23:47:42.687 [JavaFX Application Thread] DEBUG PhysicsWorld         - Clearing physics world
23:47:42.689 [JavaFX Application Thread] DEBUG FXGLApplication      - Registering font factories with UI factory
23:47:42.689 [FXGL Background Thread 4 ] DEBUG FXGLApplication      - Initializing game
23:47:42.700 [FXGL Background Thread 4 ] WARN  FXGLAssetLoaderServi - Asset "/assets/textures/java.awt.Rectangle[x=0,y=0,width=0,height=0]" was not found!
23:47:42.700 [FXGL Background Thread 4 ] WARN  FXGLAssetLoaderServi - Failed to load IMAGE
23:47:43.003 [FXGL Background Thread 4 ] WARN  TMXLevelLoader       - TiledMap generated from 1.12.0. Supported version: 1.9.0. Some features may not be parsed fully.
23:47:43.026 [FXGL Background Thread 4 ] DEBUG TMXLevelLoader       - Parsed TiledMap: file:/D:/GameDevelop/Project1/target/classes/assets/levels/level2.tmx
23:47:43.027 [FXGL Background Thread 4 ] DEBUG TMXLevelLoader       - Creating tile layer entities
23:47:43.029 [FXGL Background Thread 4 ] DEBUG TilesetLoader        - Loading view for layer Ground
23:47:43.031 [FXGL Background Thread 4 ] DEBUG TilesetLoader        - Created buffer with size 1920.0x1088.0
23:47:43.060 [FXGL Background Thread 4 ] DEBUG TilesetLoader        - Loading view for layer Ground_deco
23:47:43.061 [FXGL Background Thread 4 ] DEBUG TilesetLoader        - Created buffer with size 1920.0x1088.0
23:47:43.064 [FXGL Background Thread 4 ] DEBUG TilesetLoader        - Loading view for layer Dirt_deco
23:47:43.066 [FXGL Background Thread 4 ] DEBUG TilesetLoader        - Created buffer with size 1920.0x1088.0
23:47:43.068 [FXGL Background Thread 4 ] DEBUG TilesetLoader        - Loading view for layer Water
23:47:43.071 [FXGL Background Thread 4 ] DEBUG TilesetLoader        - Created buffer with size 1920.0x1088.0
23:47:43.073 [FXGL Background Thread 4 ] DEBUG TilesetLoader        - Loading view for layer FloatDeco
23:47:43.077 [FXGL Background Thread 4 ] DEBUG TilesetLoader        - Created buffer with size 1920.0x1088.0
23:47:43.077 [FXGL Background Thread 4 ] DEBUG TMXLevelLoader       - Creating object layer entities
23:47:43.079 [FXGL Background Thread 4 ] DEBUG FXGLAssetLoaderServi - Loading from file system: file:/D:/GameDevelop/Project1/target/classes/assets/textures/Player.png
23:47:43.086 [FXGL Background Thread 4 ] DEBUG GameWorld            - Clearing removable entities
23:47:43.087 [FXGL Background Thread 4 ] DEBUG GameWorld            - Setting level: com.almasb.fxgl.entity.level.Level@6c10263a
23:47:43.091 [FXGL Background Thread 4 ] INFO  FXGLApplication      - Game initialization took: 0.402 sec
23:47:43.094 [JavaFX Application Thread] DEBUG Input                - Clearing active input actions
23:47:43.102 [JavaFX Application Thread] DEBUG GameApplicationServi - Removing overlay from FXGLLoadingScene and adding to GameScene
23:47:43.106 [JavaFX Application Thread] DEBUG PrimaryStageWindow   - FXGLLoadingScene -> GameScene
23:47:45.608 [FXGL Background Thread 3 ] DEBUG Engine               - Logging environment variables
23:47:45.608 [FXGL Background Thread 3 ] DEBUG Engine               - achievements: []
23:47:45.608 [FXGL Background Thread 3 ] DEBUG Engine               - actualHeight: 864.0
23:47:45.608 [FXGL Background Thread 3 ] DEBUG Engine               - actualHeightProperty: ReadOnlyDoubleProperty [value: 864.0]
23:47:45.608 [FXGL Background Thread 3 ] DEBUG Engine               - actualWidth: 1536.0
23:47:45.608 [FXGL Background Thread 3 ] DEBUG Engine               - actualWidthProperty: ReadOnlyDoubleProperty [value: 1536.0]
23:47:45.608 [FXGL Background Thread 3 ] DEBUG Engine               - appIcon: fxgl_icon.png
23:47:45.608 [FXGL Background Thread 3 ] DEBUG Engine               - applicationMode: DEVELOPER
23:47:45.608 [FXGL Background Thread 3 ] DEBUG Engine               - cSSList: [fxgl_dark.css]
23:47:45.608 [FXGL Background Thread 3 ] DEBUG Engine               - collisionDetectionStrategy: BRUTE_FORCE
23:47:45.608 [FXGL Background Thread 3 ] DEBUG Engine               - configClass: Optional.empty
23:47:45.608 [FXGL Background Thread 3 ] DEBUG Engine               - credits: []
23:47:45.609 [FXGL Background Thread 3 ] DEBUG Engine               - defaultCursor: CursorInfo(imageName=fxgl_default_cursor.png, hotspotX=7.0, hotspotY=6.0)
23:47:45.609 [FXGL Background Thread 3 ] DEBUG Engine               - devBBoxColorProperty: ObjectProperty [value: 0xff0000ff]
23:47:45.609 [FXGL Background Thread 3 ] DEBUG Engine               - devEnableDebugCameraProperty: BooleanProperty [value: false]
23:47:45.609 [FXGL Background Thread 3 ] DEBUG Engine               - devSensorColorProperty: ObjectProperty [value: 0xffff00ff]
23:47:45.609 [FXGL Background Thread 3 ] DEBUG Engine               - devShowBBoxProperty: BooleanProperty [value: false]
23:47:45.609 [FXGL Background Thread 3 ] DEBUG Engine               - devShowPositionProperty: BooleanProperty [value: false]
23:47:45.609 [FXGL Background Thread 3 ] DEBUG Engine               - enabledMenuItems: []
23:47:45.609 [FXGL Background Thread 3 ] DEBUG Engine               - engineServices: [class com.almasb.fxgl.app.services.FXGLAssetLoaderService, class com.almasb.fxgl.app.FXGLApplication$GameApplicationService, class com.almasb.fxgl.app.services.FXGLDialogService, class com.almasb.fxgl.app.services.IOTaskExecutorService, class com.almasb.fxgl.io.FileSystemService, class com.almasb.fxgl.localization.LocalizationService, class com.almasb.fxgl.app.services.SystemBundleService, class com.almasb.fxgl.profile.SaveLoadService, class com.almasb.fxgl.ui.FXGLUIFactoryServiceProvider, class com.almasb.fxgl.ui.FXGLDialogFactoryServiceProvider, class com.almasb.fxgl.audio.AudioPlayer, class com.almasb.fxgl.notification.impl.NotificationServiceProvider, class com.almasb.fxgl.achievement.AchievementService, class com.almasb.fxgl.cutscene.CutsceneService, class com.almasb.fxgl.minigames.MiniGameService, class com.almasb.fxgl.net.NetService, class com.almasb.fxgl.app.services.UpdaterService, class com.almasb.fxgl.dev.DevService]
23:47:45.609 [FXGL Background Thread 3 ] DEBUG Engine               - fontGame: Abel-Regular.ttf
23:47:45.609 [FXGL Background Thread 3 ] DEBUG Engine               - fontMono: TerminalLandMono-Regular.otf
23:47:45.609 [FXGL Background Thread 3 ] DEBUG Engine               - fontSizeScaleUI: 1.0
23:47:45.609 [FXGL Background Thread 3 ] DEBUG Engine               - fontText: Courier-Prime.ttf
23:47:45.609 [FXGL Background Thread 3 ] DEBUG Engine               - fontUI: VarelaRound-Regular.ttf
23:47:45.610 [FXGL Background Thread 3 ] DEBUG Engine               - fpsRefreshRate: 500.0 ms
23:47:45.610 [FXGL Background Thread 3 ] DEBUG Engine               - fullScreen: BooleanProperty [value: true]
23:47:45.610 [FXGL Background Thread 3 ] DEBUG Engine               - gameDifficulty: MEDIUM
23:47:45.610 [FXGL Background Thread 3 ] DEBUG Engine               - gameDifficultyProperty: ObjectProperty [value: MEDIUM]
23:47:45.610 [FXGL Background Thread 3 ] DEBUG Engine               - globalMusicVolume: 0.5
23:47:45.610 [FXGL Background Thread 3 ] DEBUG Engine               - globalMusicVolumeProperty: DoubleProperty [value: 0.5]
23:47:45.610 [FXGL Background Thread 3 ] DEBUG Engine               - globalSoundVolume: 0.5
23:47:45.610 [FXGL Background Thread 3 ] DEBUG Engine               - globalSoundVolumeProperty: DoubleProperty [value: 0.5]
23:47:45.610 [FXGL Background Thread 3 ] DEBUG Engine               - height: 1080
23:47:45.610 [FXGL Background Thread 3 ] DEBUG Engine               - is3D: false
23:47:45.610 [FXGL Background Thread 3 ] DEBUG Engine               - isAndroid: false
23:47:45.610 [FXGL Background Thread 3 ] DEBUG Engine               - isBrowser: false
23:47:45.610 [FXGL Background Thread 3 ] DEBUG Engine               - isClickFeedbackEnabled: false
23:47:45.610 [FXGL Background Thread 3 ] DEBUG Engine               - isCloseConfirmation: false
23:47:45.610 [FXGL Background Thread 3 ] DEBUG Engine               - isDesktop: true
23:47:45.610 [FXGL Background Thread 3 ] DEBUG Engine               - isDeveloperMenuEnabled: true
23:47:45.610 [FXGL Background Thread 3 ] DEBUG Engine               - isEmbedded: false
23:47:45.610 [FXGL Background Thread 3 ] DEBUG Engine               - isEntityPreloadEnabled: true
23:47:45.610 [FXGL Background Thread 3 ] DEBUG Engine               - isExperimentalTiledLargeMap: false
23:47:45.610 [FXGL Background Thread 3 ] DEBUG Engine               - isFileSystemWriteAllowed: true
23:47:45.610 [FXGL Background Thread 3 ] DEBUG Engine               - isFullScreenAllowed: true
23:47:45.610 [FXGL Background Thread 3 ] DEBUG Engine               - isFullScreenFromStart: true
23:47:45.610 [FXGL Background Thread 3 ] DEBUG Engine               - isGameMenuEnabled: true
23:47:45.610 [FXGL Background Thread 3 ] DEBUG Engine               - isIOS: false
23:47:45.611 [FXGL Background Thread 3 ] DEBUG Engine               - isIntroEnabled: false
23:47:45.611 [FXGL Background Thread 3 ] DEBUG Engine               - isLinux: false
23:47:45.611 [FXGL Background Thread 3 ] DEBUG Engine               - isMac: false
23:47:45.611 [FXGL Background Thread 3 ] DEBUG Engine               - isMainMenuEnabled: false
23:47:45.611 [FXGL Background Thread 3 ] DEBUG Engine               - isManualResizeEnabled: false
23:47:45.611 [FXGL Background Thread 3 ] DEBUG Engine               - isMobile: false
23:47:45.611 [FXGL Background Thread 3 ] DEBUG Engine               - isNative: false
23:47:45.611 [FXGL Background Thread 3 ] DEBUG Engine               - isPauseMusicWhenMinimized: true
23:47:45.611 [FXGL Background Thread 3 ] DEBUG Engine               - isPreserveResizeRatio: false
23:47:45.611 [FXGL Background Thread 3 ] DEBUG Engine               - isProfilingEnabled: false
23:47:45.611 [FXGL Background Thread 3 ] DEBUG Engine               - isScaleAffectedOnResize: true
23:47:45.611 [FXGL Background Thread 3 ] DEBUG Engine               - isSingleStep: false
23:47:45.611 [FXGL Background Thread 3 ] DEBUG Engine               - isUserProfileEnabled: false
23:47:45.611 [FXGL Background Thread 3 ] DEBUG Engine               - isWindows: true
23:47:45.611 [FXGL Background Thread 3 ] DEBUG Engine               - language: ObjectProperty [value: ENGLISH]
23:47:45.611 [FXGL Background Thread 3 ] DEBUG Engine               - menuKey: ESCAPE
23:47:45.611 [FXGL Background Thread 3 ] DEBUG Engine               - mouseSensitivity: 0.2
23:47:45.611 [FXGL Background Thread 3 ] DEBUG Engine               - notificationViewClass: class com.almasb.fxgl.notification.view.XboxNotificationView
23:47:45.611 [FXGL Background Thread 3 ] DEBUG Engine               - pixelsPerMeter: 50.0
23:47:45.611 [FXGL Background Thread 3 ] DEBUG Engine               - platform: WINDOWS
23:47:45.611 [FXGL Background Thread 3 ] DEBUG Engine               - prefHeightProperty: ReadOnlyDoubleProperty [value: 1080.0]
23:47:45.611 [FXGL Background Thread 3 ] DEBUG Engine               - prefWidthProperty: ReadOnlyDoubleProperty [value: 1920.0]
23:47:45.611 [FXGL Background Thread 3 ] DEBUG Engine               - profileDir: profiles/
23:47:45.611 [FXGL Background Thread 3 ] DEBUG Engine               - profileName: StringProperty [value: DEFAULT]
23:47:45.611 [FXGL Background Thread 3 ] DEBUG Engine               - randomSeed: -1
23:47:45.611 [FXGL Background Thread 3 ] DEBUG Engine               - runtimeInfo: RuntimeInfo(platform=WINDOWS, version=25, build=05.02.2026 22.57)
23:47:45.611 [FXGL Background Thread 3 ] DEBUG Engine               - saveFileExt: sav
23:47:45.611 [FXGL Background Thread 3 ] DEBUG Engine               - scaledHeightProp$fxgl: DoubleProperty [bound, value: 864.0]
23:47:45.611 [FXGL Background Thread 3 ] DEBUG Engine               - scaledWidthProp$fxgl: DoubleProperty [bound, value: 1536.0]
23:47:45.611 [FXGL Background Thread 3 ] DEBUG Engine               - sceneFactory: com.almasb.fxgl.app.scene.SceneFactory@2efddac3
23:47:45.611 [FXGL Background Thread 3 ] DEBUG Engine               - secondsIn24h: 60
23:47:45.611 [FXGL Background Thread 3 ] DEBUG Engine               - soundMenuBack: menu/back.wav
23:47:45.611 [FXGL Background Thread 3 ] DEBUG Engine               - soundMenuPress: menu/press.wav
23:47:45.611 [FXGL Background Thread 3 ] DEBUG Engine               - soundMenuSelect: menu/select.wav
23:47:45.611 [FXGL Background Thread 3 ] DEBUG Engine               - soundNotification: core/notification.wav
23:47:45.611 [FXGL Background Thread 3 ] DEBUG Engine               - stageStyle: DECORATED
23:47:45.611 [FXGL Background Thread 3 ] DEBUG Engine               - supportedLanguages: [ENGLISH, FRENCH, GERMAN, HUNGARIAN, RUSSIAN]
23:47:45.611 [FXGL Background Thread 3 ] DEBUG Engine               - ticksPerSecond: -1
23:47:45.611 [FXGL Background Thread 3 ] DEBUG Engine               - title: Untitled
23:47:45.611 [FXGL Background Thread 3 ] DEBUG Engine               - urlGithub: https://github.com/AlmasB/FXGL
23:47:45.611 [FXGL Background Thread 3 ] DEBUG Engine               - urlLeaderboard: http://fxgl-top.herokuapp.com/
23:47:45.611 [FXGL Background Thread 3 ] DEBUG Engine               - urlPOM: https://raw.githubusercontent.com/AlmasB/FXGL/release/README.md
23:47:45.611 [FXGL Background Thread 3 ] DEBUG Engine               - userAppClass: class Project1Game.Main
23:47:45.611 [FXGL Background Thread 3 ] DEBUG Engine               - version: 0.0
23:47:45.612 [FXGL Background Thread 3 ] DEBUG Engine               - versionCheckDays: 7
23:47:45.612 [FXGL Background Thread 3 ] DEBUG Engine               - width: 1920
23:47:45.612 [FXGL Background Thread 3 ] DEBUG Engine               - Logging services
23:47:45.612 [FXGL Background Thread 3 ] DEBUG Engine               - class com.almasb.fxgl.app.services.FXGLAssetLoaderService
23:47:45.612 [FXGL Background Thread 3 ] DEBUG Engine               - class com.almasb.fxgl.app.FXGLApplication$GameApplicationService
23:47:45.612 [FXGL Background Thread 3 ] DEBUG Engine               - class com.almasb.fxgl.app.services.FXGLDialogService
23:47:45.612 [FXGL Background Thread 3 ] DEBUG Engine               - class com.almasb.fxgl.app.services.IOTaskExecutorService
23:47:45.612 [FXGL Background Thread 3 ] DEBUG Engine               - class com.almasb.fxgl.io.FileSystemService
23:47:45.612 [FXGL Background Thread 3 ] DEBUG Engine               - class com.almasb.fxgl.localization.LocalizationService
23:47:45.612 [FXGL Background Thread 3 ] DEBUG Engine               - class com.almasb.fxgl.app.services.SystemBundleService
23:47:45.612 [FXGL Background Thread 3 ] DEBUG Engine               - class com.almasb.fxgl.profile.SaveLoadService
23:47:45.612 [FXGL Background Thread 3 ] DEBUG Engine               - class com.almasb.fxgl.ui.FXGLUIFactoryServiceProvider
23:47:45.612 [FXGL Background Thread 3 ] DEBUG Engine               - class com.almasb.fxgl.ui.FXGLDialogFactoryServiceProvider
23:47:45.612 [FXGL Background Thread 3 ] DEBUG Engine               - class com.almasb.fxgl.audio.AudioPlayer
23:47:45.612 [FXGL Background Thread 3 ] DEBUG Engine               - class com.almasb.fxgl.notification.impl.NotificationServiceProvider
23:47:45.612 [FXGL Background Thread 3 ] DEBUG Engine               - class com.almasb.fxgl.achievement.AchievementService
23:47:45.612 [FXGL Background Thread 3 ] DEBUG Engine               - class com.almasb.fxgl.cutscene.CutsceneService
23:47:45.612 [FXGL Background Thread 3 ] DEBUG Engine               - class com.almasb.fxgl.minigames.MiniGameService
23:47:45.612 [FXGL Background Thread 3 ] DEBUG Engine               - class com.almasb.fxgl.net.NetService
23:47:45.612 [FXGL Background Thread 3 ] DEBUG Engine               - class com.almasb.fxgl.app.services.UpdaterService
23:47:45.612 [FXGL Background Thread 3 ] DEBUG Engine               - class com.almasb.fxgl.dev.DevService
23:47:46.281 [JavaFX Application Thread] DEBUG FXGLAssetLoaderServi - Loading from file system: file:/D:/GameDevelop/Project1/target/classes/assets/textures/soil_1.png
23:47:46.634 [JavaFX Application Thread] DEBUG FXGLAssetLoaderServi - Loading from file system: file:/D:/GameDevelop/Project1/target/classes/assets/textures/terrain.png
23:47:49.711 [JavaFX Application Thread] DEBUG FXGLAssetLoaderServi - Loading from file system: file:/D:/GameDevelop/Project1/target/classes/assets/textures/soil_2.png
23:47:53.154 [JavaFX Application Thread] DEBUG PrimaryStageWindow   - Push state: FXGLDefaultMenu
23:47:53.158 [JavaFX Application Thread] DEBUG Input                - Clearing active input actions
23:47:53.159 [JavaFX Application Thread] DEBUG GameApplicationServi - Removing overlay from GameScene and adding to FXGLDefaultMenu
23:47:53.161 [JavaFX Application Thread] DEBUG PrimaryStageWindow   - GameScene -> FXGLDefaultMenu
23:47:54.401 [JavaFX Application Thread] DEBUG Menu                 - fireExit()
23:47:54.403 [JavaFX Application Thread] DEBUG PrimaryStageWindow   - Push state: DialogSubScene
23:47:54.403 [JavaFX Application Thread] DEBUG Input                - Clearing active input actions
23:47:54.403 [JavaFX Application Thread] DEBUG GameApplicationServi - Removing overlay from FXGLDefaultMenu and adding to DialogSubScene
23:47:54.405 [JavaFX Application Thread] DEBUG PrimaryStageWindow   - FXGLDefaultMenu -> DialogSubScene
23:47:55.076 [JavaFX Application Thread] DEBUG PrimaryStageWindow   - Pop state: DialogSubScene
23:47:55.076 [JavaFX Application Thread] DEBUG Input                - Clearing active input actions
23:47:55.077 [JavaFX Application Thread] DEBUG GameApplicationServi - Removing overlay from DialogSubScene and adding to FXGLDefaultMenu
23:47:55.078 [JavaFX Application Thread] DEBUG PrimaryStageWindow   - FXGLDefaultMenu <- DialogSubScene
23:47:55.078 [JavaFX Application Thread] DEBUG FXGLApplication      - Exiting FXGL
23:47:55.078 [JavaFX Application Thread] DEBUG LoopRunner           - Stopping loop
23:47:55.079 [JavaFX Application Thread] DEBUG SystemBundleService  - Saving FXGL system data
23:47:55.079 [JavaFX Application Thread] DEBUG FileSystemAccess     - Writing to: D:\GameDevelop\Project1\system\fxgl.bundle
23:47:55.079 [JavaFX Application Thread] DEBUG Async                - Shutting down background threads
23:47:55.079 [JavaFX Application Thread] DEBUG PrimaryStageWindow   - Closing main window
23:47:55.109 [JavaFX Application Thread] DEBUG Logger               - Closing Logger
