23:33:19.981 [main                     ] DEBUG Logger               - Configured Logger
23:33:19.995 [main                     ] DEBUG GameApplication      - Logging settings
Title: Java Farming Professional
Version: 2.0
Width: 1280
Height: 720
Fullscreen: false
Intro: false
Profiling: false
Single step:false
App Mode: DEVELOPER
Menu Key: ESCAPE
Stage Style: DECORATED
Scene Factory: class com.almasb.fxgl.app.scene.SceneFactory

23:33:21.900 [JavaFX Application Thread] DEBUG FXGLApplication      - Initializing FXGL
23:33:21.913 [JavaFX Application Thread] INFO  Engine               - FXGL-25 (05.02.2026 22.57) on WINDOWS (J:25.0.2 FX:25.0.1)
23:33:21.914 [JavaFX Application Thread] DEBUG Engine               - JRE Vendor Name: Azul Systems, Inc.
23:33:21.915 [JavaFX Application Thread] DEBUG Engine               - Running on OS: Windows 11 version 10.0
23:33:21.915 [JavaFX Application Thread] DEBUG Engine               - Architecture: amd64
23:33:21.915 [JavaFX Application Thread] INFO  Engine               - Source code and latest versions at: https://github.com/AlmasB/FXGL
23:33:21.915 [JavaFX Application Thread] INFO  Engine               -       Ask questions and discuss at: https://github.com/AlmasB/FXGL/discussions
23:33:22.360 [JavaFX Application Thread] DEBUG PrimaryStageWindow   - Creating a JavaFX scene
23:33:22.540 [JavaFX Application Thread] DEBUG PrimaryStageWindow   - Target settings size: 1280.0 x 720.0
23:33:22.541 [JavaFX Application Thread] DEBUG PrimaryStageWindow   - Scaled scene size:    1280.0 x 720.0
23:33:22.542 [JavaFX Application Thread] DEBUG PrimaryStageWindow   - Scaled ratio: (1.0, 1.0)
23:33:22.545 [JavaFX Application Thread] DEBUG PrimaryStageWindow   - Set initial scene to FXGLStartupScene
23:33:22.569 [JavaFX Application Thread] DEBUG PrimaryStageWindow   - Opening main window
23:33:23.588 [JavaFX Application Thread] DEBUG PrimaryStageWindow   - Window border size: (14.4000244140625, 37.5999755859375)
23:33:23.588 [JavaFX Application Thread] DEBUG PrimaryStageWindow   - Scaled size: 1280.0 x 720.0
23:33:23.588 [JavaFX Application Thread] DEBUG PrimaryStageWindow   - Scaled ratio: (1.0, 1.0)
23:33:23.590 [JavaFX Application Thread] DEBUG PrimaryStageWindow   - Scene size: 1280.0 x 720.0
23:33:23.612 [JavaFX Application Thread] DEBUG PrimaryStageWindow   - Stage size: 1294.4000244140625 x 757.5999755859375
23:33:23.651 [FXGL Background Thread 1 ] DEBUG Engine               - Initializing environment variables
23:33:25.219 [FXGL Background Thread 1 ] DEBUG FXGLAssetLoaderServi - User app class for loading assets: class Project1Game.Main
23:33:25.220 [FXGL Background Thread 1 ] DEBUG GameApplicationServi - Applying CSS: fxgl_dark.css
23:33:25.223 [FXGL Background Thread 1 ] DEBUG FXGLAssetLoaderServi - Loading from file system: jar:file:/C:/Users/HP/.m2/repository/com/github/almasb/fxgl/25/fxgl-25.jar!/fxglassets/ui/css/fxgl_dark.css
23:33:25.445 [FXGL Background Thread 1 ] DEBUG GameApplicationServi - Initializing application scenes
23:33:25.707 [FXGL Background Thread 1 ] DEBUG GameWorld            - Game world initialized
23:33:25.978 [FXGL Background Thread 1 ] DEBUG PhysicsWorld         - Physics world initialized: appHeight=720, physics.ppm=50.0
23:33:25.978 [FXGL Background Thread 1 ] DEBUG PhysicsWorld         - Using strategy: BRUTE_FORCE
23:33:26.008 [FXGL Background Thread 1 ] DEBUG GameScene            - Game scene initialized: 1280x720
23:33:26.065 [FXGL Background Thread 1 ] DEBUG FXGL.DefaultMenu     - createMenuBodyGameMenu()
23:33:26.672 [FXGL Background Thread 1 ] DEBUG FXGL.DefaultMenu     - createOptionsMenu()
23:33:26.805 [FXGL Background Thread 1 ] DEBUG FXGLAssetLoaderServi - Loading from file system: jar:file:/C:/Users/HP/.m2/repository/com/github/almasb/fxgl/25/fxgl-25.jar!/fxglassets/textures/particles/smoke.png
23:33:27.853 [FXGL Background Thread 1 ] DEBUG FXGLAssetLoaderServi - Loading from file system: jar:file:/C:/Users/HP/.m2/repository/com/github/almasb/fxgl/25/fxgl-25.jar!/fxglassets/textures/particles/trace_horizontal.png
23:33:28.016 [FXGL Background Thread 1 ] DEBUG GameApplicationServi - Application scenes initialized
23:33:28.118 [FXGL Background Thread 1 ] DEBUG SystemBundleService  - Loading FXGL system data
23:33:28.145 [FXGL Background Thread 1 ] DEBUG FileSystemAccess     - Reading from: D:\projects\helloworld\FarmSimulator\system\fxgl.bundle
23:33:28.177 [FXGL Background Thread 1 ] DEBUG SystemBundleService  - Bundle FXGL: {}
23:33:28.178 [FXGL Background Thread 1 ] DEBUG UpdaterService       - Checking for updates
23:33:28.203 [FXGL Background Thread 4 ] DEBUG FXGLApplication      - Loading fonts
23:33:28.203 [FXGL Background Thread 1 ] DEBUG FXGLApplication      - Loading default localization
23:33:28.203 [FXGL Background Thread 4 ] DEBUG FXGLAssetLoaderServi - Loading from file system: jar:file:/C:/Users/HP/.m2/repository/com/github/almasb/fxgl/25/fxgl-25.jar!/fxglassets/ui/fonts/VarelaRound-Regular.ttf
23:33:28.206 [FXGL Background Thread 1 ] DEBUG FXGLAssetLoaderServi - Loading from file system: jar:file:/C:/Users/HP/.m2/repository/com/github/almasb/fxgl/25/fxgl-25.jar!/fxglassets/languages/english.lang
23:33:28.279 [FXGL Background Thread 1 ] INFO  FXGLApplication      - FXGL initialization took: 4.629 sec
23:33:28.314 [JavaFX Application Thread] DEBUG Input                - Registered new binding: Move Right - D
23:33:28.315 [JavaFX Application Thread] DEBUG Input                - Registered new binding: Move Left - A
23:33:28.315 [JavaFX Application Thread] DEBUG Input                - Registered new binding: Move Up - W
23:33:28.319 [JavaFX Application Thread] DEBUG Input                - Registered new binding: Move Down - S
23:33:28.320 [JavaFX Application Thread] DEBUG Input                - Registered new binding: Interact NPC - R
23:33:28.321 [JavaFX Application Thread] DEBUG Input                - Registered new binding: Accept Or Claim Quest Or Harvest - E
23:33:28.321 [JavaFX Application Thread] DEBUG Input                - Registered new binding: Use Tool F - F
23:33:28.333 [JavaFX Application Thread] DEBUG Input                - Registered new binding: ClickTool Mouse - LMB
23:33:28.333 [JavaFX Application Thread] DEBUG Input                - Registered new binding: Quick Water Can - G
23:33:28.334 [JavaFX Application Thread] DEBUG Input                - Registered new binding: Toggle Inventory - I
23:33:28.334 [JavaFX Application Thread] DEBUG Input                - Registered new binding: Save Game Act - O
23:33:28.335 [JavaFX Application Thread] DEBUG Input                - Registered new binding: Load Game Act - P
23:33:28.349 [JavaFX Application Thread] DEBUG Input                - Registered new binding: Select Slot 1 - 1
23:33:28.352 [JavaFX Application Thread] DEBUG Input                - Registered new binding: Select Slot 2 - 2
23:33:28.352 [JavaFX Application Thread] DEBUG Input                - Registered new binding: Select Slot 3 - 3
23:33:28.352 [JavaFX Application Thread] DEBUG Input                - Registered new binding: Select Slot 4 - 4
23:33:28.352 [JavaFX Application Thread] DEBUG Input                - Registered new binding: Select Slot 5 - 5
23:33:28.353 [JavaFX Application Thread] DEBUG Input                - Registered new binding: Select Slot 6 - 6
23:33:28.353 [JavaFX Application Thread] DEBUG Input                - Registered new binding: Select Slot 7 - 7
23:33:28.353 [JavaFX Application Thread] DEBUG Input                - Registered new binding: Select Slot 8 - 8
23:33:28.353 [JavaFX Application Thread] DEBUG Input                - Registered new binding: Select Slot 9 - 9
23:33:28.356 [JavaFX Application Thread] DEBUG FXGLAssetLoaderServi - Loading from file system: jar:file:/C:/Users/HP/.m2/repository/com/github/almasb/fxgl/25/fxgl-25.jar!/fxglassets/textures/fxgl_icon.png
23:33:28.381 [FXGL Background Thread 4 ] DEBUG FXGLAssetLoaderServi - Loading from file system: jar:file:/C:/Users/HP/.m2/repository/com/github/almasb/fxgl/25/fxgl-25.jar!/fxglassets/ui/fonts/Abel-Regular.ttf
23:33:28.410 [JavaFX Application Thread] DEBUG FXGLAssetLoaderServi - Loading from file system: jar:file:/C:/Users/HP/.m2/repository/com/github/almasb/fxgl/25/fxgl-25.jar!/fxglassets/textures/fxgl_default_cursor.png
23:33:28.430 [FXGL Background Thread 4 ] DEBUG FXGLAssetLoaderServi - Loading from file system: jar:file:/C:/Users/HP/.m2/repository/com/github/almasb/fxgl/25/fxgl-25.jar!/fxglassets/ui/fonts/TerminalLandMono-Regular.otf
23:33:28.434 [JavaFX Application Thread] DEBUG Input                - Registered new binding: Screenshot - CTRL+8
23:33:28.438 [JavaFX Application Thread] DEBUG Input                - Registered new binding: System info dump - CTRL+9
23:33:28.440 [JavaFX Application Thread] DEBUG Input                - Registered new binding: Restart - CTRL+R
23:33:28.444 [JavaFX Application Thread] DEBUG Input                - Registered new binding: Toggle Debug Camera - CTRL+7
23:33:28.484 [JavaFX Application Thread] DEBUG LoopRunner           - Starting loop
23:33:28.484 [JavaFX Application Thread] DEBUG LoopRunner           - Initializing JavaFX AnimationTimerLoop
23:33:28.500 [FXGL Background Thread 4 ] DEBUG FXGLAssetLoaderServi - Loading from file system: jar:file:/C:/Users/HP/.m2/repository/com/github/almasb/fxgl/25/fxgl-25.jar!/fxglassets/ui/fonts/Courier-Prime.ttf
23:33:28.501 [JavaFX Application Thread] DEBUG GameApplicationServi - Starting new game
23:33:28.503 [JavaFX Application Thread] DEBUG Input                - Clearing active input actions
23:33:28.593 [JavaFX Application Thread] DEBUG GameApplicationServi - Removing overlay from FXGLStartupScene and adding to FXGLLoadingScene
23:33:28.594 [JavaFX Application Thread] DEBUG PrimaryStageWindow   - FXGLStartupScene -> FXGLLoadingScene
23:33:28.595 [JavaFX Application Thread] DEBUG GameApplicationServi - Clearing previous game
23:33:28.595 [JavaFX Application Thread] DEBUG GameScene            - Clearing game scene
23:33:28.595 [JavaFX Application Thread] DEBUG GameWorld            - Clearing game world
23:33:28.596 [JavaFX Application Thread] DEBUG PhysicsWorld         - Clearing physics world
23:33:28.608 [FXGL Background Thread 4 ] DEBUG FXGLApplication      - Initializing game
23:33:28.864 [JavaFX Application Thread] DEBUG FXGLApplication      - Registering font factories with UI factory
23:33:28.885 [FXGL Background Thread 4 ] WARN  TMXLevelLoader       - TiledMap generated from 1.12.0. Supported version: 1.9.0. Some features may not be parsed fully.
23:33:29.270 [FXGL Background Thread 4 ] DEBUG TMXLevelLoader       - Parsed TiledMap: file:/D:/projects/helloworld/FarmSimulator/target/classes/assets/levels/Main_level.tmx
23:33:29.278 [FXGL Background Thread 4 ] DEBUG TMXLevelLoader       - Creating tile layer entities
23:33:29.291 [FXGL Background Thread 4 ] DEBUG TilesetLoader        - Loading view for layer BackgroundLayer
23:33:29.329 [FXGL Background Thread 4 ] DEBUG TilesetLoader        - Created buffer with size 3520.0x2048.0
23:33:30.073 [FXGL Background Thread 4 ] DEBUG TilesetLoader        - Loading view for layer DecorationLayer
23:33:30.151 [FXGL Background Thread 4 ] DEBUG TilesetLoader        - Created buffer with size 3520.0x2048.0
23:33:30.595 [FXGL Background Thread 4 ] DEBUG TilesetLoader        - Loading view for layer OverheadLayer
23:33:30.629 [FXGL Background Thread 4 ] DEBUG TilesetLoader        - Created buffer with size 3520.0x2048.0
23:33:30.640 [FXGL Background Thread 4 ] DEBUG TMXLevelLoader       - Creating object layer entities
23:33:30.899 [FXGL Background Thread 4 ] DEBUG FXGLAssetLoaderServi - Loading from file system: file:/D:/projects/helloworld/FarmSimulator/target/classes/assets/textures/Player/Carry_Idle/Carry_Idle_Down-Sheet.png
23:33:30.906 [FXGL Background Thread 4 ] DEBUG FXGLAssetLoaderServi - Loading from file system: file:/D:/projects/helloworld/FarmSimulator/target/classes/assets/textures/Player/Carry_Idle/Carry_Idle_Up-Sheet.png
23:33:30.910 [FXGL Background Thread 4 ] DEBUG FXGLAssetLoaderServi - Loading from file system: file:/D:/projects/helloworld/FarmSimulator/target/classes/assets/textures/Player/Carry_Idle/Carry_Idle_Side-Sheet.png
23:33:30.913 [FXGL Background Thread 4 ] DEBUG FXGLAssetLoaderServi - Loading from file system: file:/D:/projects/helloworld/FarmSimulator/target/classes/assets/textures/Player/Carry_Walk/Carry_Walk_Down-Sheet.png
23:33:30.920 [FXGL Background Thread 4 ] DEBUG FXGLAssetLoaderServi - Loading from file system: file:/D:/projects/helloworld/FarmSimulator/target/classes/assets/textures/Player/Carry_Walk/Carry_Walk_Up-Sheet.png
23:33:30.929 [FXGL Background Thread 4 ] DEBUG FXGLAssetLoaderServi - Loading from file system: file:/D:/projects/helloworld/FarmSimulator/target/classes/assets/textures/Player/Carry_Walk/Carry_Walk_Side-Sheet.png
23:33:30.933 [FXGL Background Thread 4 ] DEBUG FXGLAssetLoaderServi - Loading from file system: file:/D:/projects/helloworld/FarmSimulator/target/classes/assets/textures/Player/Carry_Run/Carry_Run_Down-Sheet.png
23:33:30.937 [FXGL Background Thread 4 ] DEBUG FXGLAssetLoaderServi - Loading from file system: file:/D:/projects/helloworld/FarmSimulator/target/classes/assets/textures/Player/Carry_Run/Carry_Run_Up-Sheet.png
23:33:30.941 [FXGL Background Thread 4 ] DEBUG FXGLAssetLoaderServi - Loading from file system: file:/D:/projects/helloworld/FarmSimulator/target/classes/assets/textures/Player/Carry_Run/Carry_Run_Side-Sheet.png
23:33:31.202 [FXGL Background Thread 3 ] DEBUG Engine               - Logging environment variables
23:33:31.204 [FXGL Background Thread 3 ] DEBUG Engine               - achievements: []
23:33:31.205 [FXGL Background Thread 3 ] DEBUG Engine               - actualHeight: 720.0
23:33:31.205 [FXGL Background Thread 3 ] DEBUG Engine               - actualHeightProperty: ReadOnlyDoubleProperty [value: 720.0]
23:33:31.205 [FXGL Background Thread 3 ] DEBUG Engine               - actualWidth: 1280.0
23:33:31.205 [FXGL Background Thread 3 ] DEBUG Engine               - actualWidthProperty: ReadOnlyDoubleProperty [value: 1280.0]
23:33:31.205 [FXGL Background Thread 3 ] DEBUG Engine               - appIcon: fxgl_icon.png
23:33:31.205 [FXGL Background Thread 3 ] DEBUG Engine               - applicationMode: DEVELOPER
23:33:31.205 [FXGL Background Thread 3 ] DEBUG Engine               - cSSList: [fxgl_dark.css]
23:33:31.205 [FXGL Background Thread 3 ] DEBUG Engine               - collisionDetectionStrategy: BRUTE_FORCE
23:33:31.207 [FXGL Background Thread 3 ] DEBUG Engine               - configClass: Optional.empty
23:33:31.207 [FXGL Background Thread 3 ] DEBUG Engine               - credits: []
23:33:31.207 [FXGL Background Thread 3 ] DEBUG Engine               - defaultCursor: CursorInfo(imageName=fxgl_default_cursor.png, hotspotX=7.0, hotspotY=6.0)
23:33:31.208 [FXGL Background Thread 3 ] DEBUG Engine               - devBBoxColorProperty: ObjectProperty [value: 0xff0000ff]
23:33:31.208 [FXGL Background Thread 3 ] DEBUG Engine               - devEnableDebugCameraProperty: BooleanProperty [value: false]
23:33:31.209 [FXGL Background Thread 3 ] DEBUG Engine               - devSensorColorProperty: ObjectProperty [value: 0xffff00ff]
23:33:31.209 [FXGL Background Thread 3 ] DEBUG Engine               - devShowBBoxProperty: BooleanProperty [value: false]
23:33:31.209 [FXGL Background Thread 3 ] DEBUG Engine               - devShowPositionProperty: BooleanProperty [value: false]
23:33:31.209 [FXGL Background Thread 3 ] DEBUG Engine               - enabledMenuItems: []
23:33:31.210 [FXGL Background Thread 3 ] DEBUG Engine               - engineServices: [class com.almasb.fxgl.app.services.FXGLAssetLoaderService, class com.almasb.fxgl.app.FXGLApplication$GameApplicationService, class com.almasb.fxgl.app.services.FXGLDialogService, class com.almasb.fxgl.app.services.IOTaskExecutorService, class com.almasb.fxgl.io.FileSystemService, class com.almasb.fxgl.localization.LocalizationService, class com.almasb.fxgl.app.services.SystemBundleService, class com.almasb.fxgl.profile.SaveLoadService, class com.almasb.fxgl.ui.FXGLUIFactoryServiceProvider, class com.almasb.fxgl.ui.FXGLDialogFactoryServiceProvider, class com.almasb.fxgl.audio.AudioPlayer, class com.almasb.fxgl.notification.impl.NotificationServiceProvider, class com.almasb.fxgl.achievement.AchievementService, class com.almasb.fxgl.cutscene.CutsceneService, class com.almasb.fxgl.minigames.MiniGameService, class com.almasb.fxgl.net.NetService, class com.almasb.fxgl.app.services.UpdaterService, class com.almasb.fxgl.dev.DevService]
23:33:31.210 [FXGL Background Thread 3 ] DEBUG Engine               - fontGame: Abel-Regular.ttf
23:33:31.210 [FXGL Background Thread 3 ] DEBUG Engine               - fontMono: TerminalLandMono-Regular.otf
23:33:31.210 [FXGL Background Thread 3 ] DEBUG Engine               - fontSizeScaleUI: 1.0
23:33:31.211 [FXGL Background Thread 3 ] DEBUG Engine               - fontText: Courier-Prime.ttf
23:33:31.211 [FXGL Background Thread 3 ] DEBUG Engine               - fontUI: VarelaRound-Regular.ttf
23:33:31.211 [FXGL Background Thread 3 ] DEBUG Engine               - fpsRefreshRate: 500.0 ms
23:33:31.212 [FXGL Background Thread 3 ] DEBUG Engine               - fullScreen: BooleanProperty [value: false]
23:33:31.212 [FXGL Background Thread 3 ] DEBUG Engine               - gameDifficulty: MEDIUM
23:33:31.212 [FXGL Background Thread 3 ] DEBUG Engine               - gameDifficultyProperty: ObjectProperty [value: MEDIUM]
23:33:31.212 [FXGL Background Thread 3 ] DEBUG Engine               - globalMusicVolume: 0.5
23:33:31.213 [FXGL Background Thread 3 ] DEBUG Engine               - globalMusicVolumeProperty: DoubleProperty [value: 0.5]
23:33:31.214 [FXGL Background Thread 3 ] DEBUG Engine               - globalSoundVolume: 0.5
23:33:31.214 [FXGL Background Thread 3 ] DEBUG Engine               - globalSoundVolumeProperty: DoubleProperty [value: 0.5]
23:33:31.214 [FXGL Background Thread 3 ] DEBUG Engine               - height: 720
23:33:31.214 [FXGL Background Thread 3 ] DEBUG Engine               - is3D: false
23:33:31.214 [FXGL Background Thread 3 ] DEBUG Engine               - isAndroid: false
23:33:31.214 [FXGL Background Thread 3 ] DEBUG Engine               - isBrowser: false
23:33:31.215 [FXGL Background Thread 3 ] DEBUG Engine               - isClickFeedbackEnabled: false
23:33:31.215 [FXGL Background Thread 3 ] DEBUG Engine               - isCloseConfirmation: false
23:33:31.215 [FXGL Background Thread 3 ] DEBUG Engine               - isDesktop: true
23:33:31.215 [FXGL Background Thread 3 ] DEBUG Engine               - isDeveloperMenuEnabled: false
23:33:31.215 [FXGL Background Thread 3 ] DEBUG Engine               - isEmbedded: false
23:33:31.215 [FXGL Background Thread 3 ] DEBUG Engine               - isEntityPreloadEnabled: true
23:33:31.216 [FXGL Background Thread 3 ] DEBUG Engine               - isExperimentalTiledLargeMap: false
23:33:31.216 [FXGL Background Thread 3 ] DEBUG Engine               - isFileSystemWriteAllowed: true
23:33:31.217 [FXGL Background Thread 3 ] DEBUG Engine               - isFullScreenAllowed: false
23:33:31.217 [FXGL Background Thread 3 ] DEBUG Engine               - isFullScreenFromStart: false
23:33:31.218 [FXGL Background Thread 3 ] DEBUG Engine               - isGameMenuEnabled: true
23:33:31.218 [FXGL Background Thread 3 ] DEBUG Engine               - isIOS: false
23:33:31.218 [FXGL Background Thread 3 ] DEBUG Engine               - isIntroEnabled: false
23:33:31.219 [FXGL Background Thread 3 ] DEBUG Engine               - isLinux: false
23:33:31.219 [FXGL Background Thread 3 ] DEBUG Engine               - isMac: false
23:33:31.219 [FXGL Background Thread 3 ] DEBUG Engine               - isMainMenuEnabled: false
23:33:31.219 [FXGL Background Thread 3 ] DEBUG Engine               - isManualResizeEnabled: false
23:33:31.219 [FXGL Background Thread 3 ] DEBUG Engine               - isMobile: false
23:33:31.219 [FXGL Background Thread 3 ] DEBUG Engine               - isNative: false
23:33:31.219 [FXGL Background Thread 3 ] DEBUG Engine               - isPauseMusicWhenMinimized: true
23:33:31.219 [FXGL Background Thread 3 ] DEBUG Engine               - isPreserveResizeRatio: false
23:33:31.219 [FXGL Background Thread 3 ] DEBUG Engine               - isProfilingEnabled: false
23:33:31.219 [FXGL Background Thread 3 ] DEBUG Engine               - isScaleAffectedOnResize: true
23:33:31.220 [FXGL Background Thread 3 ] DEBUG Engine               - isSingleStep: false
23:33:31.220 [FXGL Background Thread 3 ] DEBUG Engine               - isUserProfileEnabled: false
23:33:31.221 [FXGL Background Thread 3 ] DEBUG Engine               - isWindows: true
23:33:31.221 [FXGL Background Thread 3 ] DEBUG Engine               - language: ObjectProperty [value: ENGLISH]
23:33:31.221 [FXGL Background Thread 3 ] DEBUG Engine               - menuKey: ESCAPE
23:33:31.221 [FXGL Background Thread 3 ] DEBUG Engine               - mouseSensitivity: 0.2
23:33:31.221 [FXGL Background Thread 3 ] DEBUG Engine               - notificationViewClass: class com.almasb.fxgl.notification.view.XboxNotificationView
23:33:31.221 [FXGL Background Thread 3 ] DEBUG Engine               - pixelsPerMeter: 50.0
23:33:31.221 [FXGL Background Thread 3 ] DEBUG Engine               - platform: WINDOWS
23:33:31.221 [FXGL Background Thread 3 ] DEBUG Engine               - prefHeightProperty: ReadOnlyDoubleProperty [value: 720.0]
23:33:31.222 [FXGL Background Thread 3 ] DEBUG Engine               - prefWidthProperty: ReadOnlyDoubleProperty [value: 1280.0]
23:33:31.222 [FXGL Background Thread 3 ] DEBUG Engine               - profileDir: profiles/
23:33:31.222 [FXGL Background Thread 3 ] DEBUG Engine               - profileName: StringProperty [value: DEFAULT]
23:33:31.223 [FXGL Background Thread 3 ] DEBUG Engine               - randomSeed: -1
23:33:31.223 [FXGL Background Thread 3 ] DEBUG Engine               - runtimeInfo: RuntimeInfo(platform=WINDOWS, version=25, build=05.02.2026 22.57)
23:33:31.223 [FXGL Background Thread 3 ] DEBUG Engine               - saveFileExt: sav
23:33:31.223 [FXGL Background Thread 3 ] DEBUG Engine               - scaledHeightProp$fxgl: DoubleProperty [bound, value: 720.0]
23:33:31.223 [FXGL Background Thread 3 ] DEBUG Engine               - scaledWidthProp$fxgl: DoubleProperty [bound, value: 1280.0]
23:33:31.223 [FXGL Background Thread 3 ] DEBUG Engine               - sceneFactory: com.almasb.fxgl.app.scene.SceneFactory@38a4f93f
23:33:31.224 [FXGL Background Thread 3 ] DEBUG Engine               - secondsIn24h: 60
23:33:31.224 [FXGL Background Thread 3 ] DEBUG Engine               - soundMenuBack: menu/back.wav
23:33:31.224 [FXGL Background Thread 3 ] DEBUG Engine               - soundMenuPress: menu/press.wav
23:33:31.225 [FXGL Background Thread 3 ] DEBUG Engine               - soundMenuSelect: menu/select.wav
23:33:31.225 [FXGL Background Thread 3 ] DEBUG Engine               - soundNotification: core/notification.wav
23:33:31.225 [FXGL Background Thread 3 ] DEBUG Engine               - stageStyle: DECORATED
23:33:31.225 [FXGL Background Thread 3 ] DEBUG Engine               - supportedLanguages: [ENGLISH, FRENCH, GERMAN, HUNGARIAN, RUSSIAN]
23:33:31.225 [FXGL Background Thread 3 ] DEBUG Engine               - ticksPerSecond: -1
23:33:31.225 [FXGL Background Thread 3 ] DEBUG Engine               - title: Java Farming Professional
23:33:31.225 [FXGL Background Thread 3 ] DEBUG Engine               - urlGithub: https://github.com/AlmasB/FXGL
23:33:31.225 [FXGL Background Thread 3 ] DEBUG Engine               - urlLeaderboard: http://fxgl-top.herokuapp.com/
23:33:31.226 [FXGL Background Thread 3 ] DEBUG Engine               - urlPOM: https://raw.githubusercontent.com/AlmasB/FXGL/release/README.md
23:33:31.226 [FXGL Background Thread 3 ] DEBUG Engine               - userAppClass: class Project1Game.Main
23:33:31.227 [FXGL Background Thread 3 ] DEBUG Engine               - version: 2.0
23:33:31.227 [FXGL Background Thread 3 ] DEBUG Engine               - versionCheckDays: 7
23:33:31.227 [FXGL Background Thread 3 ] DEBUG Engine               - width: 1280
23:33:31.227 [FXGL Background Thread 3 ] DEBUG Engine               - Logging services
23:33:31.227 [FXGL Background Thread 3 ] DEBUG Engine               - class com.almasb.fxgl.app.services.FXGLAssetLoaderService
23:33:31.227 [FXGL Background Thread 3 ] DEBUG Engine               - class com.almasb.fxgl.app.FXGLApplication$GameApplicationService
23:33:31.228 [FXGL Background Thread 3 ] DEBUG Engine               - class com.almasb.fxgl.app.services.FXGLDialogService
23:33:31.228 [FXGL Background Thread 3 ] DEBUG Engine               - class com.almasb.fxgl.app.services.IOTaskExecutorService
23:33:31.228 [FXGL Background Thread 3 ] DEBUG Engine               - class com.almasb.fxgl.io.FileSystemService
23:33:31.228 [FXGL Background Thread 3 ] DEBUG Engine               - class com.almasb.fxgl.localization.LocalizationService
23:33:31.228 [FXGL Background Thread 3 ] DEBUG Engine               - class com.almasb.fxgl.app.services.SystemBundleService
23:33:31.229 [FXGL Background Thread 3 ] DEBUG Engine               - class com.almasb.fxgl.profile.SaveLoadService
23:33:31.230 [FXGL Background Thread 3 ] DEBUG Engine               - class com.almasb.fxgl.ui.FXGLUIFactoryServiceProvider
23:33:31.230 [FXGL Background Thread 3 ] DEBUG Engine               - class com.almasb.fxgl.ui.FXGLDialogFactoryServiceProvider
23:33:31.230 [FXGL Background Thread 3 ] DEBUG Engine               - class com.almasb.fxgl.audio.AudioPlayer
23:33:31.230 [FXGL Background Thread 3 ] DEBUG Engine               - class com.almasb.fxgl.notification.impl.NotificationServiceProvider
23:33:31.230 [FXGL Background Thread 3 ] DEBUG Engine               - class com.almasb.fxgl.achievement.AchievementService
23:33:31.231 [FXGL Background Thread 3 ] DEBUG Engine               - class com.almasb.fxgl.cutscene.CutsceneService
23:33:31.231 [FXGL Background Thread 3 ] DEBUG Engine               - class com.almasb.fxgl.minigames.MiniGameService
23:33:31.231 [FXGL Background Thread 3 ] DEBUG Engine               - class com.almasb.fxgl.net.NetService
23:33:31.232 [FXGL Background Thread 3 ] DEBUG Engine               - class com.almasb.fxgl.app.services.UpdaterService
23:33:31.232 [FXGL Background Thread 3 ] DEBUG Engine               - class com.almasb.fxgl.dev.DevService
23:33:31.845 [FXGL Background Thread 4 ] DEBUG GameWorld            - Clearing removable entities
23:33:31.847 [FXGL Background Thread 4 ] DEBUG GameWorld            - Setting level: com.almasb.fxgl.entity.level.Level@fb7a13b
23:33:32.302 [FXGL Background Thread 4 ] DEBUG FXGLAssetLoaderServi - Loading from file system: file:/D:/projects/helloworld/FarmSimulator/target/classes/assets/textures/Crops/soil_1.png
23:33:32.316 [FXGL Background Thread 4 ] DEBUG FXGLAssetLoaderServi - Loading from file system: file:/D:/projects/helloworld/FarmSimulator/target/classes/assets/textures/Crops/rice_1.png
23:33:32.325 [FXGL Background Thread 4 ] DEBUG FXGLAssetLoaderServi - Loading from file system: file:/D:/projects/helloworld/FarmSimulator/target/classes/assets/textures/Crops/rice_3.png
23:33:32.372 [FXGL Background Thread 4 ] DEBUG FXGLAssetLoaderServi - Loading from file system: file:/D:/projects/helloworld/FarmSimulator/target/classes/assets/textures/Crops/soil_2.png
23:33:32.388 [FXGL Background Thread 4 ] DEBUG FXGLAssetLoaderServi - Loading from file system: file:/D:/projects/helloworld/FarmSimulator/target/classes/assets/textures/UI/heart_sprite.png
23:33:32.425 [FXGL Background Thread 4 ] INFO  FXGLApplication      - Game initialization took: 3.817 sec
23:33:32.429 [JavaFX Application Thread] DEBUG Input                - Clearing active input actions
23:33:32.496 [JavaFX Application Thread] DEBUG GameApplicationServi - Removing overlay from FXGLLoadingScene and adding to GameScene
23:33:32.497 [JavaFX Application Thread] DEBUG PrimaryStageWindow   - FXGLLoadingScene -> GameScene
23:35:21.771 [JavaFX Application Thread] DEBUG FXGLApplication      - Exiting FXGL
23:35:21.772 [JavaFX Application Thread] DEBUG LoopRunner           - Stopping loop
23:35:21.773 [JavaFX Application Thread] DEBUG SystemBundleService  - Saving FXGL system data
23:35:21.781 [JavaFX Application Thread] DEBUG FileSystemAccess     - Writing to: D:\projects\helloworld\FarmSimulator\system\fxgl.bundle
23:35:21.787 [JavaFX Application Thread] DEBUG Async                - Shutting down background threads
23:35:21.787 [JavaFX Application Thread] DEBUG PrimaryStageWindow   - Closing main window
23:35:21.803 [JavaFX Application Thread] DEBUG Logger               - Closing Logger
