21:47:12.997 [main                     ] DEBUG Logger               - Configured Logger
21:47:13.002 [main                     ] DEBUG GameApplication      - Logging settings
Title: Untitled
Version: 0.0
Width: 1280
Height: 720
Fullscreen: false
Intro: false
Profiling: false
Single step:false
App Mode: DEVELOPER
Menu Key: ESCAPE
Stage Style: DECORATED
Scene Factory: class com.almasb.fxgl.app.scene.SceneFactory

21:47:13.328 [JavaFX Application Thread] DEBUG FXGLApplication      - Initializing FXGL
21:47:13.332 [JavaFX Application Thread] INFO  Engine               - FXGL-25 (05.02.2026 22.57) on WINDOWS (J:25.0.1 FX:25.0.1)
21:47:13.332 [JavaFX Application Thread] DEBUG Engine               - JRE Vendor Name: Oracle Corporation
21:47:13.333 [JavaFX Application Thread] DEBUG Engine               - Running on OS: Windows 11 version 10.0
21:47:13.333 [JavaFX Application Thread] DEBUG Engine               - Architecture: amd64
21:47:13.333 [JavaFX Application Thread] INFO  Engine               - Source code and latest versions at: https://github.com/AlmasB/FXGL
21:47:13.333 [JavaFX Application Thread] INFO  Engine               -       Ask questions and discuss at: https://github.com/AlmasB/FXGL/discussions
21:47:13.406 [JavaFX Application Thread] DEBUG PrimaryStageWindow   - Creating a JavaFX scene
21:47:13.443 [JavaFX Application Thread] DEBUG PrimaryStageWindow   - Target settings size: 1280.0 x 720.0
21:47:13.443 [JavaFX Application Thread] DEBUG PrimaryStageWindow   - Scaled scene size:    1280.0 x 720.0
21:47:13.443 [JavaFX Application Thread] DEBUG PrimaryStageWindow   - Scaled ratio: (1.0, 1.0)
21:47:13.445 [JavaFX Application Thread] DEBUG PrimaryStageWindow   - Set initial scene to FXGLStartupScene
21:47:13.447 [JavaFX Application Thread] DEBUG PrimaryStageWindow   - Opening main window
21:47:13.703 [JavaFX Application Thread] DEBUG PrimaryStageWindow   - Window border size: (14.4000244140625, 37.5999755859375)
21:47:13.704 [JavaFX Application Thread] DEBUG PrimaryStageWindow   - Scaled size: 1280.0 x 720.0
21:47:13.704 [JavaFX Application Thread] DEBUG PrimaryStageWindow   - Scaled ratio: (1.0, 1.0)
21:47:13.704 [JavaFX Application Thread] DEBUG PrimaryStageWindow   - Scene size: 1280.0 x 720.0
21:47:13.704 [JavaFX Application Thread] DEBUG PrimaryStageWindow   - Stage size: 1294.4000244140625 x 757.5999755859375
21:47:13.712 [FXGL Background Thread 1 ] DEBUG Engine               - Initializing environment variables
21:47:13.753 [FXGL Background Thread 1 ] DEBUG FXGLAssetLoaderServi - User app class for loading assets: class Project1Game.Main
21:47:13.753 [FXGL Background Thread 1 ] DEBUG GameApplicationServi - Applying CSS: fxgl_dark.css
21:47:13.754 [FXGL Background Thread 1 ] DEBUG FXGLAssetLoaderServi - Loading from file system: jar:file:/C:/Users/Admin/.m2/repository/com/github/almasb/fxgl/25/fxgl-25.jar!/fxglassets/ui/css/fxgl_dark.css
21:47:13.789 [FXGL Background Thread 1 ] DEBUG GameApplicationServi - Initializing application scenes
21:47:13.822 [FXGL Background Thread 1 ] DEBUG GameWorld            - Game world initialized
21:47:13.863 [FXGL Background Thread 1 ] DEBUG PhysicsWorld         - Physics world initialized: appHeight=720, physics.ppm=50.0
21:47:13.864 [FXGL Background Thread 1 ] DEBUG PhysicsWorld         - Using strategy: BRUTE_FORCE
21:47:13.870 [FXGL Background Thread 1 ] DEBUG GameScene            - Game scene initialized: 1280x720
21:47:13.879 [FXGL Background Thread 1 ] DEBUG FXGL.DefaultMenu     - createMenuBodyGameMenu()
21:47:13.892 [FXGL Background Thread 1 ] DEBUG FXGL.DefaultMenu     - createOptionsMenu()
21:47:13.903 [FXGL Background Thread 1 ] DEBUG FXGLAssetLoaderServi - Loading from file system: jar:file:/C:/Users/Admin/.m2/repository/com/github/almasb/fxgl/25/fxgl-25.jar!/fxglassets/textures/particles/smoke.png
21:47:13.967 [FXGL Background Thread 1 ] DEBUG FXGLAssetLoaderServi - Loading from file system: jar:file:/C:/Users/Admin/.m2/repository/com/github/almasb/fxgl/25/fxgl-25.jar!/fxglassets/textures/particles/trace_horizontal.png
21:47:13.989 [FXGL Background Thread 1 ] DEBUG GameApplicationServi - Application scenes initialized
21:47:13.997 [FXGL Background Thread 1 ] DEBUG SystemBundleService  - Loading FXGL system data
21:47:14.001 [FXGL Background Thread 1 ] DEBUG FileSystemAccess     - Reading from: D:\GameDevelop\Project1\system\fxgl.bundle
21:47:14.008 [FXGL Background Thread 1 ] DEBUG SystemBundleService  - Bundle FXGL: {}
21:47:14.008 [FXGL Background Thread 1 ] DEBUG UpdaterService       - Checking for updates
21:47:14.028 [FXGL Background Thread 4 ] DEBUG FXGLApplication      - Loading fonts
21:47:14.029 [FXGL Background Thread 4 ] DEBUG FXGLAssetLoaderServi - Loading from file system: jar:file:/C:/Users/Admin/.m2/repository/com/github/almasb/fxgl/25/fxgl-25.jar!/fxglassets/ui/fonts/VarelaRound-Regular.ttf
21:47:14.029 [FXGL Background Thread 1 ] DEBUG FXGLApplication      - Loading default localization
21:47:14.029 [FXGL Background Thread 1 ] DEBUG FXGLAssetLoaderServi - Loading from file system: jar:file:/C:/Users/Admin/.m2/repository/com/github/almasb/fxgl/25/fxgl-25.jar!/fxglassets/languages/english.lang
21:47:14.038 [FXGL Background Thread 1 ] INFO  FXGLApplication      - FXGL initialization took: 0.327 sec
21:47:14.046 [JavaFX Application Thread] DEBUG Input                - Registered new binding: Move Right - D
21:47:14.046 [JavaFX Application Thread] DEBUG Input                - Registered new binding: Move Left - A
21:47:14.047 [JavaFX Application Thread] DEBUG Input                - Registered new binding: Move Up - W
21:47:14.047 [JavaFX Application Thread] DEBUG Input                - Registered new binding: Move Down - S
21:47:14.048 [JavaFX Application Thread] DEBUG Input                - Registered new binding: action0 - I
21:47:14.048 [JavaFX Application Thread] DEBUG Input                - Registered new binding: action1 - R
21:47:14.049 [JavaFX Application Thread] DEBUG Input                - Registered new binding: action2 - F
21:47:14.049 [JavaFX Application Thread] DEBUG Input                - Registered new binding: action3 - E
21:47:14.049 [JavaFX Application Thread] DEBUG Input                - Registered new binding: action4 - 1
21:47:14.049 [JavaFX Application Thread] DEBUG Input                - Registered new binding: action5 - 2
21:47:14.049 [JavaFX Application Thread] DEBUG Input                - Registered new binding: action6 - 3
21:47:14.049 [JavaFX Application Thread] DEBUG Input                - Registered new binding: action7 - 4
21:47:14.049 [JavaFX Application Thread] DEBUG Input                - Registered new binding: action8 - 5
21:47:14.050 [JavaFX Application Thread] DEBUG Input                - Registered new binding: action9 - 6
21:47:14.050 [JavaFX Application Thread] DEBUG Input                - Registered new binding: action10 - 7
21:47:14.050 [JavaFX Application Thread] DEBUG Input                - Registered new binding: action11 - 8
21:47:14.050 [JavaFX Application Thread] DEBUG Input                - Registered new binding: action12 - 9
21:47:14.050 [JavaFX Application Thread] DEBUG Input                - Registered new binding: action13 - Q
21:47:14.051 [JavaFX Application Thread] DEBUG Input                - Registered new binding: action14 - Tab
21:47:14.051 [JavaFX Application Thread] DEBUG FXGLAssetLoaderServi - Loading from file system: jar:file:/C:/Users/Admin/.m2/repository/com/github/almasb/fxgl/25/fxgl-25.jar!/fxglassets/textures/fxgl_icon.png
21:47:14.056 [FXGL Background Thread 4 ] DEBUG FXGLAssetLoaderServi - Loading from file system: jar:file:/C:/Users/Admin/.m2/repository/com/github/almasb/fxgl/25/fxgl-25.jar!/fxglassets/ui/fonts/Abel-Regular.ttf
21:47:14.065 [JavaFX Application Thread] DEBUG FXGLAssetLoaderServi - Loading from file system: jar:file:/C:/Users/Admin/.m2/repository/com/github/almasb/fxgl/25/fxgl-25.jar!/fxglassets/textures/fxgl_default_cursor.png
21:47:14.067 [JavaFX Application Thread] DEBUG Input                - Registered new binding: Screenshot - CTRL+8
21:47:14.067 [JavaFX Application Thread] DEBUG Input                - Registered new binding: Dev Options - 1
21:47:14.068 [JavaFX Application Thread] DEBUG Input                - Registered new binding: Dev Console - 2
21:47:14.068 [JavaFX Application Thread] DEBUG Input                - Registered new binding: System info dump - CTRL+9
21:47:14.068 [FXGL Background Thread 4 ] DEBUG FXGLAssetLoaderServi - Loading from file system: jar:file:/C:/Users/Admin/.m2/repository/com/github/almasb/fxgl/25/fxgl-25.jar!/fxglassets/ui/fonts/TerminalLandMono-Regular.otf
21:47:14.068 [JavaFX Application Thread] DEBUG Input                - Registered new binding: Restart - CTRL+R
21:47:14.070 [JavaFX Application Thread] DEBUG Input                - Registered new binding: Toggle Debug Camera - CTRL+7
21:47:14.072 [JavaFX Application Thread] DEBUG LoopRunner           - Starting loop
21:47:14.079 [FXGL Background Thread 4 ] DEBUG FXGLAssetLoaderServi - Loading from file system: jar:file:/C:/Users/Admin/.m2/repository/com/github/almasb/fxgl/25/fxgl-25.jar!/fxglassets/ui/fonts/Courier-Prime.ttf
21:47:14.083 [JavaFX Application Thread] DEBUG LoopRunner           - Initializing JavaFX AnimationTimerLoop
21:47:14.084 [JavaFX Application Thread] DEBUG GameApplicationServi - Starting new game
21:47:14.086 [JavaFX Application Thread] DEBUG Input                - Clearing active input actions
21:47:14.099 [JavaFX Application Thread] DEBUG GameApplicationServi - Removing overlay from FXGLStartupScene and adding to FXGLLoadingScene
21:47:14.104 [JavaFX Application Thread] DEBUG PrimaryStageWindow   - FXGLStartupScene -> FXGLLoadingScene
21:47:14.104 [JavaFX Application Thread] DEBUG GameApplicationServi - Clearing previous game
21:47:14.104 [JavaFX Application Thread] DEBUG GameScene            - Clearing game scene
21:47:14.104 [JavaFX Application Thread] DEBUG GameWorld            - Clearing game world
21:47:14.104 [JavaFX Application Thread] DEBUG PhysicsWorld         - Clearing physics world
21:47:14.106 [FXGL Background Thread 4 ] DEBUG FXGLApplication      - Initializing game
21:47:14.140 [FXGL Background Thread 4 ] WARN  TMXLevelLoader       - TiledMap generated from 1.12.0. Supported version: 1.9.0. Some features may not be parsed fully.
21:47:14.171 [FXGL Background Thread 4 ] DEBUG TMXLevelLoader       - Parsed TiledMap: file:/D:/GameDevelop/Project1/target/classes/assets/levels/Main_level.tmx
21:47:14.172 [FXGL Background Thread 4 ] DEBUG TMXLevelLoader       - Creating tile layer entities
21:47:14.174 [FXGL Background Thread 4 ] DEBUG TilesetLoader        - Loading view for layer BackgroundLayer
21:47:14.178 [FXGL Background Thread 4 ] DEBUG TilesetLoader        - Created buffer with size 3520.0x2048.0
21:47:14.226 [FXGL Background Thread 4 ] DEBUG TilesetLoader        - Loading view for layer DecorationLayer
21:47:14.232 [FXGL Background Thread 4 ] DEBUG TilesetLoader        - Created buffer with size 3520.0x2048.0
21:47:14.275 [JavaFX Application Thread] DEBUG FXGLApplication      - Registering font factories with UI factory
21:47:14.277 [FXGL Background Thread 4 ] DEBUG TilesetLoader        - Loading view for layer OverheadLayer
21:47:14.283 [FXGL Background Thread 4 ] DEBUG TilesetLoader        - Created buffer with size 3520.0x2048.0
21:47:14.285 [FXGL Background Thread 4 ] DEBUG TMXLevelLoader       - Creating object layer entities
21:47:14.300 [FXGL Background Thread 4 ] DEBUG FXGLAssetLoaderServi - Loading from file system: file:/D:/GameDevelop/Project1/target/classes/assets/textures/Player/Carry_Idle/Carry_Idle_Down-Sheet.png
21:47:14.302 [FXGL Background Thread 4 ] DEBUG FXGLAssetLoaderServi - Loading from file system: file:/D:/GameDevelop/Project1/target/classes/assets/textures/Player/Carry_Idle/Carry_Idle_Up-Sheet.png
21:47:14.303 [FXGL Background Thread 4 ] DEBUG FXGLAssetLoaderServi - Loading from file system: file:/D:/GameDevelop/Project1/target/classes/assets/textures/Player/Carry_Idle/Carry_Idle_Side-Sheet.png
21:47:14.304 [FXGL Background Thread 4 ] DEBUG FXGLAssetLoaderServi - Loading from file system: file:/D:/GameDevelop/Project1/target/classes/assets/textures/Player/Carry_Walk/Carry_Walk_Down-Sheet.png
21:47:14.306 [FXGL Background Thread 4 ] DEBUG FXGLAssetLoaderServi - Loading from file system: file:/D:/GameDevelop/Project1/target/classes/assets/textures/Player/Carry_Walk/Carry_Walk_Up-Sheet.png
21:47:14.306 [FXGL Background Thread 4 ] DEBUG FXGLAssetLoaderServi - Loading from file system: file:/D:/GameDevelop/Project1/target/classes/assets/textures/Player/Carry_Walk/Carry_Walk_Side-Sheet.png
21:47:14.307 [FXGL Background Thread 4 ] DEBUG FXGLAssetLoaderServi - Loading from file system: file:/D:/GameDevelop/Project1/target/classes/assets/textures/Player/Carry_Run/Carry_Run_Down-Sheet.png
21:47:14.309 [FXGL Background Thread 4 ] DEBUG FXGLAssetLoaderServi - Loading from file system: file:/D:/GameDevelop/Project1/target/classes/assets/textures/Player/Carry_Run/Carry_Run_Up-Sheet.png
21:47:14.311 [FXGL Background Thread 4 ] DEBUG FXGLAssetLoaderServi - Loading from file system: file:/D:/GameDevelop/Project1/target/classes/assets/textures/Player/Carry_Run/Carry_Run_Side-Sheet.png
21:47:14.403 [FXGL Background Thread 4 ] DEBUG GameWorld            - Clearing removable entities
21:47:14.403 [FXGL Background Thread 4 ] DEBUG GameWorld            - Setting level: com.almasb.fxgl.entity.level.Level@7bbfc522
21:47:14.439 [FXGL Background Thread 4 ] DEBUG FXGLAssetLoaderServi - Loading from file system: file:/D:/GameDevelop/Project1/target/classes/assets/textures/Crops/soil_1.png
21:47:14.441 [FXGL Background Thread 4 ] DEBUG FXGLAssetLoaderServi - Loading from file system: file:/D:/GameDevelop/Project1/target/classes/assets/textures/Crops/rice_1.png
21:47:14.444 [FXGL Background Thread 4 ] DEBUG FXGLAssetLoaderServi - Loading from file system: file:/D:/GameDevelop/Project1/target/classes/assets/textures/Crops/rice_3.png
21:47:14.447 [FXGL Background Thread 4 ] DEBUG FXGLAssetLoaderServi - Loading from file system: file:/D:/GameDevelop/Project1/target/classes/assets/textures/Crops/soil_2.png
21:47:14.449 [FXGL Background Thread 4 ] DEBUG FXGLAssetLoaderServi - Loading from file system: file:/D:/GameDevelop/Project1/target/classes/assets/textures/UI/heart_sprite.png
21:47:14.451 [FXGL Background Thread 4 ] INFO  FXGLApplication      - Game initialization took: 0.346 sec
21:47:14.453 [JavaFX Application Thread] DEBUG Input                - Clearing active input actions
21:47:14.466 [JavaFX Application Thread] DEBUG GameApplicationServi - Removing overlay from FXGLLoadingScene and adding to GameScene
21:47:14.470 [JavaFX Application Thread] DEBUG PrimaryStageWindow   - FXGLLoadingScene -> GameScene
21:47:17.028 [FXGL Background Thread 3 ] DEBUG Engine               - Logging environment variables
21:47:17.029 [FXGL Background Thread 3 ] DEBUG Engine               - achievements: []
21:47:17.029 [FXGL Background Thread 3 ] DEBUG Engine               - actualHeight: 720.0
21:47:17.029 [FXGL Background Thread 3 ] DEBUG Engine               - actualHeightProperty: ReadOnlyDoubleProperty [value: 720.0]
21:47:17.029 [FXGL Background Thread 3 ] DEBUG Engine               - actualWidth: 1280.0
21:47:17.029 [FXGL Background Thread 3 ] DEBUG Engine               - actualWidthProperty: ReadOnlyDoubleProperty [value: 1280.0]
21:47:17.029 [FXGL Background Thread 3 ] DEBUG Engine               - appIcon: fxgl_icon.png
21:47:17.029 [FXGL Background Thread 3 ] DEBUG Engine               - applicationMode: DEVELOPER
21:47:17.029 [FXGL Background Thread 3 ] DEBUG Engine               - cSSList: [fxgl_dark.css]
21:47:17.029 [FXGL Background Thread 3 ] DEBUG Engine               - collisionDetectionStrategy: BRUTE_FORCE
21:47:17.029 [FXGL Background Thread 3 ] DEBUG Engine               - configClass: Optional.empty
21:47:17.030 [FXGL Background Thread 3 ] DEBUG Engine               - credits: []
21:47:17.030 [FXGL Background Thread 3 ] DEBUG Engine               - defaultCursor: CursorInfo(imageName=fxgl_default_cursor.png, hotspotX=7.0, hotspotY=6.0)
21:47:17.030 [FXGL Background Thread 3 ] DEBUG Engine               - devBBoxColorProperty: ObjectProperty [value: 0xff0000ff]
21:47:17.030 [FXGL Background Thread 3 ] DEBUG Engine               - devEnableDebugCameraProperty: BooleanProperty [value: false]
21:47:17.030 [FXGL Background Thread 3 ] DEBUG Engine               - devSensorColorProperty: ObjectProperty [value: 0xffff00ff]
21:47:17.030 [FXGL Background Thread 3 ] DEBUG Engine               - devShowBBoxProperty: BooleanProperty [value: false]
21:47:17.030 [FXGL Background Thread 3 ] DEBUG Engine               - devShowPositionProperty: BooleanProperty [value: false]
21:47:17.030 [FXGL Background Thread 3 ] DEBUG Engine               - enabledMenuItems: []
21:47:17.030 [FXGL Background Thread 3 ] DEBUG Engine               - engineServices: [class com.almasb.fxgl.app.services.FXGLAssetLoaderService, class com.almasb.fxgl.app.FXGLApplication$GameApplicationService, class com.almasb.fxgl.app.services.FXGLDialogService, class com.almasb.fxgl.app.services.IOTaskExecutorService, class com.almasb.fxgl.io.FileSystemService, class com.almasb.fxgl.localization.LocalizationService, class com.almasb.fxgl.app.services.SystemBundleService, class com.almasb.fxgl.profile.SaveLoadService, class com.almasb.fxgl.ui.FXGLUIFactoryServiceProvider, class com.almasb.fxgl.ui.FXGLDialogFactoryServiceProvider, class com.almasb.fxgl.audio.AudioPlayer, class com.almasb.fxgl.notification.impl.NotificationServiceProvider, class com.almasb.fxgl.achievement.AchievementService, class com.almasb.fxgl.cutscene.CutsceneService, class com.almasb.fxgl.minigames.MiniGameService, class com.almasb.fxgl.net.NetService, class com.almasb.fxgl.app.services.UpdaterService, class com.almasb.fxgl.dev.DevService]
21:47:17.030 [FXGL Background Thread 3 ] DEBUG Engine               - fontGame: Abel-Regular.ttf
21:47:17.030 [FXGL Background Thread 3 ] DEBUG Engine               - fontMono: TerminalLandMono-Regular.otf
21:47:17.030 [FXGL Background Thread 3 ] DEBUG Engine               - fontSizeScaleUI: 1.0
21:47:17.030 [FXGL Background Thread 3 ] DEBUG Engine               - fontText: Courier-Prime.ttf
21:47:17.030 [FXGL Background Thread 3 ] DEBUG Engine               - fontUI: VarelaRound-Regular.ttf
21:47:17.031 [FXGL Background Thread 3 ] DEBUG Engine               - fpsRefreshRate: 500.0 ms
21:47:17.031 [FXGL Background Thread 3 ] DEBUG Engine               - fullScreen: BooleanProperty [value: false]
21:47:17.031 [FXGL Background Thread 3 ] DEBUG Engine               - gameDifficulty: MEDIUM
21:47:17.031 [FXGL Background Thread 3 ] DEBUG Engine               - gameDifficultyProperty: ObjectProperty [value: MEDIUM]
21:47:17.031 [FXGL Background Thread 3 ] DEBUG Engine               - globalMusicVolume: 0.5
21:47:17.031 [FXGL Background Thread 3 ] DEBUG Engine               - globalMusicVolumeProperty: DoubleProperty [value: 0.5]
21:47:17.031 [FXGL Background Thread 3 ] DEBUG Engine               - globalSoundVolume: 0.5
21:47:17.031 [FXGL Background Thread 3 ] DEBUG Engine               - globalSoundVolumeProperty: DoubleProperty [value: 0.5]
21:47:17.031 [FXGL Background Thread 3 ] DEBUG Engine               - height: 720
21:47:17.031 [FXGL Background Thread 3 ] DEBUG Engine               - is3D: false
21:47:17.031 [FXGL Background Thread 3 ] DEBUG Engine               - isAndroid: false
21:47:17.031 [FXGL Background Thread 3 ] DEBUG Engine               - isBrowser: false
21:47:17.031 [FXGL Background Thread 3 ] DEBUG Engine               - isClickFeedbackEnabled: false
21:47:17.031 [FXGL Background Thread 3 ] DEBUG Engine               - isCloseConfirmation: false
21:47:17.031 [FXGL Background Thread 3 ] DEBUG Engine               - isDesktop: true
21:47:17.031 [FXGL Background Thread 3 ] DEBUG Engine               - isDeveloperMenuEnabled: true
21:47:17.031 [FXGL Background Thread 3 ] DEBUG Engine               - isEmbedded: false
21:47:17.031 [FXGL Background Thread 3 ] DEBUG Engine               - isEntityPreloadEnabled: true
21:47:17.031 [FXGL Background Thread 3 ] DEBUG Engine               - isExperimentalTiledLargeMap: false
21:47:17.031 [FXGL Background Thread 3 ] DEBUG Engine               - isFileSystemWriteAllowed: true
21:47:17.031 [FXGL Background Thread 3 ] DEBUG Engine               - isFullScreenAllowed: false
21:47:17.031 [FXGL Background Thread 3 ] DEBUG Engine               - isFullScreenFromStart: false
21:47:17.031 [FXGL Background Thread 3 ] DEBUG Engine               - isGameMenuEnabled: true
21:47:17.031 [FXGL Background Thread 3 ] DEBUG Engine               - isIOS: false
21:47:17.031 [FXGL Background Thread 3 ] DEBUG Engine               - isIntroEnabled: false
21:47:17.031 [FXGL Background Thread 3 ] DEBUG Engine               - isLinux: false
21:47:17.031 [FXGL Background Thread 3 ] DEBUG Engine               - isMac: false
21:47:17.031 [FXGL Background Thread 3 ] DEBUG Engine               - isMainMenuEnabled: false
21:47:17.031 [FXGL Background Thread 3 ] DEBUG Engine               - isManualResizeEnabled: false
21:47:17.031 [FXGL Background Thread 3 ] DEBUG Engine               - isMobile: false
21:47:17.031 [FXGL Background Thread 3 ] DEBUG Engine               - isNative: false
21:47:17.031 [FXGL Background Thread 3 ] DEBUG Engine               - isPauseMusicWhenMinimized: true
21:47:17.031 [FXGL Background Thread 3 ] DEBUG Engine               - isPreserveResizeRatio: false
21:47:17.031 [FXGL Background Thread 3 ] DEBUG Engine               - isProfilingEnabled: false
21:47:17.031 [FXGL Background Thread 3 ] DEBUG Engine               - isScaleAffectedOnResize: true
21:47:17.031 [FXGL Background Thread 3 ] DEBUG Engine               - isSingleStep: false
21:47:17.031 [FXGL Background Thread 3 ] DEBUG Engine               - isUserProfileEnabled: false
21:47:17.031 [FXGL Background Thread 3 ] DEBUG Engine               - isWindows: true
21:47:17.031 [FXGL Background Thread 3 ] DEBUG Engine               - language: ObjectProperty [value: ENGLISH]
21:47:17.031 [FXGL Background Thread 3 ] DEBUG Engine               - menuKey: ESCAPE
21:47:17.031 [FXGL Background Thread 3 ] DEBUG Engine               - mouseSensitivity: 0.2
21:47:17.031 [FXGL Background Thread 3 ] DEBUG Engine               - notificationViewClass: class com.almasb.fxgl.notification.view.XboxNotificationView
21:47:17.031 [FXGL Background Thread 3 ] DEBUG Engine               - pixelsPerMeter: 50.0
21:47:17.031 [FXGL Background Thread 3 ] DEBUG Engine               - platform: WINDOWS
21:47:17.031 [FXGL Background Thread 3 ] DEBUG Engine               - prefHeightProperty: ReadOnlyDoubleProperty [value: 720.0]
21:47:17.031 [FXGL Background Thread 3 ] DEBUG Engine               - prefWidthProperty: ReadOnlyDoubleProperty [value: 1280.0]
21:47:17.031 [FXGL Background Thread 3 ] DEBUG Engine               - profileDir: profiles/
21:47:17.031 [FXGL Background Thread 3 ] DEBUG Engine               - profileName: StringProperty [value: DEFAULT]
21:47:17.031 [FXGL Background Thread 3 ] DEBUG Engine               - randomSeed: -1
21:47:17.032 [FXGL Background Thread 3 ] DEBUG Engine               - runtimeInfo: RuntimeInfo(platform=WINDOWS, version=25, build=05.02.2026 22.57)
21:47:17.032 [FXGL Background Thread 3 ] DEBUG Engine               - saveFileExt: sav
21:47:17.032 [FXGL Background Thread 3 ] DEBUG Engine               - scaledHeightProp$fxgl: DoubleProperty [bound, value: 720.0]
21:47:17.032 [FXGL Background Thread 3 ] DEBUG Engine               - scaledWidthProp$fxgl: DoubleProperty [bound, value: 1280.0]
21:47:17.032 [FXGL Background Thread 3 ] DEBUG Engine               - sceneFactory: com.almasb.fxgl.app.scene.SceneFactory@38be6be7
21:47:17.032 [FXGL Background Thread 3 ] DEBUG Engine               - secondsIn24h: 60
21:47:17.032 [FXGL Background Thread 3 ] DEBUG Engine               - soundMenuBack: menu/back.wav
21:47:17.032 [FXGL Background Thread 3 ] DEBUG Engine               - soundMenuPress: menu/press.wav
21:47:17.032 [FXGL Background Thread 3 ] DEBUG Engine               - soundMenuSelect: menu/select.wav
21:47:17.032 [FXGL Background Thread 3 ] DEBUG Engine               - soundNotification: core/notification.wav
21:47:17.032 [FXGL Background Thread 3 ] DEBUG Engine               - stageStyle: DECORATED
21:47:17.032 [FXGL Background Thread 3 ] DEBUG Engine               - supportedLanguages: [ENGLISH, FRENCH, GERMAN, HUNGARIAN, RUSSIAN]
21:47:17.032 [FXGL Background Thread 3 ] DEBUG Engine               - ticksPerSecond: -1
21:47:17.032 [FXGL Background Thread 3 ] DEBUG Engine               - title: Untitled
21:47:17.032 [FXGL Background Thread 3 ] DEBUG Engine               - urlGithub: https://github.com/AlmasB/FXGL
21:47:17.032 [FXGL Background Thread 3 ] DEBUG Engine               - urlLeaderboard: http://fxgl-top.herokuapp.com/
21:47:17.032 [FXGL Background Thread 3 ] DEBUG Engine               - urlPOM: https://raw.githubusercontent.com/AlmasB/FXGL/release/README.md
21:47:17.032 [FXGL Background Thread 3 ] DEBUG Engine               - userAppClass: class Project1Game.Main
21:47:17.032 [FXGL Background Thread 3 ] DEBUG Engine               - version: 0.0
21:47:17.032 [FXGL Background Thread 3 ] DEBUG Engine               - versionCheckDays: 7
21:47:17.032 [FXGL Background Thread 3 ] DEBUG Engine               - width: 1280
21:47:17.032 [FXGL Background Thread 3 ] DEBUG Engine               - Logging services
21:47:17.032 [FXGL Background Thread 3 ] DEBUG Engine               - class com.almasb.fxgl.app.services.FXGLAssetLoaderService
21:47:17.032 [FXGL Background Thread 3 ] DEBUG Engine               - class com.almasb.fxgl.app.FXGLApplication$GameApplicationService
21:47:17.032 [FXGL Background Thread 3 ] DEBUG Engine               - class com.almasb.fxgl.app.services.FXGLDialogService
21:47:17.032 [FXGL Background Thread 3 ] DEBUG Engine               - class com.almasb.fxgl.app.services.IOTaskExecutorService
21:47:17.032 [FXGL Background Thread 3 ] DEBUG Engine               - class com.almasb.fxgl.io.FileSystemService
21:47:17.032 [FXGL Background Thread 3 ] DEBUG Engine               - class com.almasb.fxgl.localization.LocalizationService
21:47:17.032 [FXGL Background Thread 3 ] DEBUG Engine               - class com.almasb.fxgl.app.services.SystemBundleService
21:47:17.032 [FXGL Background Thread 3 ] DEBUG Engine               - class com.almasb.fxgl.profile.SaveLoadService
21:47:17.032 [FXGL Background Thread 3 ] DEBUG Engine               - class com.almasb.fxgl.ui.FXGLUIFactoryServiceProvider
21:47:17.032 [FXGL Background Thread 3 ] DEBUG Engine               - class com.almasb.fxgl.ui.FXGLDialogFactoryServiceProvider
21:47:17.032 [FXGL Background Thread 3 ] DEBUG Engine               - class com.almasb.fxgl.audio.AudioPlayer
21:47:17.032 [FXGL Background Thread 3 ] DEBUG Engine               - class com.almasb.fxgl.notification.impl.NotificationServiceProvider
21:47:17.032 [FXGL Background Thread 3 ] DEBUG Engine               - class com.almasb.fxgl.achievement.AchievementService
21:47:17.032 [FXGL Background Thread 3 ] DEBUG Engine               - class com.almasb.fxgl.cutscene.CutsceneService
21:47:17.032 [FXGL Background Thread 3 ] DEBUG Engine               - class com.almasb.fxgl.minigames.MiniGameService
21:47:17.032 [FXGL Background Thread 3 ] DEBUG Engine               - class com.almasb.fxgl.net.NetService
21:47:17.032 [FXGL Background Thread 3 ] DEBUG Engine               - class com.almasb.fxgl.app.services.UpdaterService
21:47:17.032 [FXGL Background Thread 3 ] DEBUG Engine               - class com.almasb.fxgl.dev.DevService
21:47:26.523 [JavaFX Application Thread] DEBUG FXGLApplication      - Exiting FXGL
21:47:26.523 [JavaFX Application Thread] DEBUG LoopRunner           - Stopping loop
21:47:26.525 [JavaFX Application Thread] DEBUG SystemBundleService  - Saving FXGL system data
21:47:26.527 [JavaFX Application Thread] DEBUG FileSystemAccess     - Writing to: D:\GameDevelop\Project1\system\fxgl.bundle
21:47:26.529 [JavaFX Application Thread] DEBUG Async                - Shutting down background threads
21:47:26.530 [JavaFX Application Thread] DEBUG PrimaryStageWindow   - Closing main window
21:47:26.540 [JavaFX Application Thread] DEBUG Logger               - Closing Logger
