07:48:37.105 [Project1Game.Main.main() ] DEBUG Logger               - Configured Logger
07:48:37.112 [Project1Game.Main.main() ] DEBUG GameApplication      - Logging settings
Title: Java Farming Professional
Version: 2.5
Width: 1280
Height: 720
Fullscreen: false
Intro: false
Profiling: false
Single step:false
App Mode: DEVELOPER
Menu Key: ESCAPE
Stage Style: DECORATED
Scene Factory: class com.almasb.fxgl.app.scene.SceneFactory

07:48:38.238 [JavaFX Application Thread] DEBUG FXGLApplication      - Initializing FXGL
07:48:38.241 [JavaFX Application Thread] INFO  Engine               - FXGL-25 (05.02.2026 22.57) on WINDOWS (J:25.0.3 FX:25.0.1)
07:48:38.242 [JavaFX Application Thread] DEBUG Engine               - JRE Vendor Name: Oracle Corporation
07:48:38.242 [JavaFX Application Thread] DEBUG Engine               - Running on OS: Windows 11 version 10.0
07:48:38.242 [JavaFX Application Thread] DEBUG Engine               - Architecture: amd64
07:48:38.242 [JavaFX Application Thread] INFO  Engine               - Source code and latest versions at: https://github.com/AlmasB/FXGL
07:48:38.243 [JavaFX Application Thread] INFO  Engine               -       Ask questions and discuss at: https://github.com/AlmasB/FXGL/discussions
07:48:38.407 [JavaFX Application Thread] DEBUG PrimaryStageWindow   - Creating a JavaFX scene
07:48:38.463 [JavaFX Application Thread] DEBUG PrimaryStageWindow   - Target settings size: 1280.0 x 720.0
07:48:38.463 [JavaFX Application Thread] DEBUG PrimaryStageWindow   - Scaled scene size:    1280.0 x 720.0
07:48:38.463 [JavaFX Application Thread] DEBUG PrimaryStageWindow   - Scaled ratio: (1.0, 1.0)
07:48:38.464 [JavaFX Application Thread] DEBUG PrimaryStageWindow   - Set initial scene to FXGLStartupScene
07:48:38.468 [JavaFX Application Thread] DEBUG PrimaryStageWindow   - Opening main window
07:48:38.863 [JavaFX Application Thread] DEBUG PrimaryStageWindow   - Window border size: (14.4000244140625, 37.5999755859375)
07:48:38.863 [JavaFX Application Thread] DEBUG PrimaryStageWindow   - Scaled size: 1280.0 x 720.0
07:48:38.863 [JavaFX Application Thread] DEBUG PrimaryStageWindow   - Scaled ratio: (1.0, 1.0)
07:48:38.864 [JavaFX Application Thread] DEBUG PrimaryStageWindow   - Scene size: 1280.0 x 720.0
07:48:38.864 [JavaFX Application Thread] DEBUG PrimaryStageWindow   - Stage size: 1294.4000244140625 x 757.5999755859375
07:48:38.880 [FXGL Background Thread 1 ] DEBUG Engine               - Initializing environment variables
07:48:38.947 [FXGL Background Thread 1 ] DEBUG FXGLAssetLoaderServi - User app class for loading assets: class Project1Game.Main
07:48:38.947 [FXGL Background Thread 1 ] DEBUG GameApplicationServi - Applying CSS: fxgl_dark.css
07:48:38.948 [FXGL Background Thread 1 ] DEBUG FXGLAssetLoaderServi - Loading from file system: jar:file:/C:/Users/HP/.m2/repository/com/github/almasb/fxgl/25/fxgl-25.jar!/fxglassets/ui/css/fxgl_dark.css
07:48:39.012 [FXGL Background Thread 1 ] DEBUG GameApplicationServi - Initializing application scenes
07:48:39.073 [FXGL Background Thread 1 ] DEBUG GameWorld            - Game world initialized
07:48:39.148 [FXGL Background Thread 1 ] DEBUG PhysicsWorld         - Physics world initialized: appHeight=720, physics.ppm=50.0
07:48:39.148 [FXGL Background Thread 1 ] DEBUG PhysicsWorld         - Using strategy: BRUTE_FORCE
07:48:39.155 [FXGL Background Thread 1 ] DEBUG GameScene            - Game scene initialized: 1280x720
07:48:39.181 [FXGL Background Thread 1 ] DEBUG FXGL.DefaultMenu     - createMenuBodyGameMenu()
07:48:39.210 [FXGL Background Thread 1 ] DEBUG FXGL.DefaultMenu     - createOptionsMenu()
07:48:39.223 [FXGL Background Thread 1 ] DEBUG FXGLAssetLoaderServi - Loading from file system: jar:file:/C:/Users/HP/.m2/repository/com/github/almasb/fxgl/25/fxgl-25.jar!/fxglassets/textures/particles/smoke.png
07:48:39.339 [FXGL Background Thread 1 ] DEBUG FXGLAssetLoaderServi - Loading from file system: jar:file:/C:/Users/HP/.m2/repository/com/github/almasb/fxgl/25/fxgl-25.jar!/fxglassets/textures/particles/trace_horizontal.png
07:48:39.372 [FXGL Background Thread 1 ] DEBUG GameApplicationServi - Application scenes initialized
07:48:39.387 [FXGL Background Thread 1 ] DEBUG SystemBundleService  - Loading FXGL system data
07:48:39.392 [FXGL Background Thread 1 ] DEBUG FileSystemAccess     - Reading from: D:\projects\helloworld\FarmSimulator\system\fxgl.bundle
07:48:39.397 [FXGL Background Thread 1 ] DEBUG SystemBundleService  - Bundle FXGL: {}
07:48:39.397 [FXGL Background Thread 1 ] DEBUG UpdaterService       - Checking for updates
07:48:39.429 [FXGL Background Thread 4 ] DEBUG FXGLApplication      - Loading fonts
07:48:39.429 [FXGL Background Thread 1 ] DEBUG FXGLApplication      - Loading default localization
07:48:39.429 [FXGL Background Thread 4 ] DEBUG FXGLAssetLoaderServi - Loading from file system: jar:file:/C:/Users/HP/.m2/repository/com/github/almasb/fxgl/25/fxgl-25.jar!/fxglassets/ui/fonts/VarelaRound-Regular.ttf
07:48:39.429 [FXGL Background Thread 1 ] DEBUG FXGLAssetLoaderServi - Loading from file system: jar:file:/C:/Users/HP/.m2/repository/com/github/almasb/fxgl/25/fxgl-25.jar!/fxglassets/languages/english.lang
07:48:39.450 [FXGL Background Thread 1 ] INFO  FXGLApplication      - FXGL initialization took: 0.571 sec
07:48:39.475 [JavaFX Application Thread] DEBUG Input                - Registered new binding: Move Right - D
07:48:39.476 [JavaFX Application Thread] DEBUG Input                - Registered new binding: Move Left - A
07:48:39.476 [JavaFX Application Thread] DEBUG Input                - Registered new binding: Move Up - W
07:48:39.476 [JavaFX Application Thread] DEBUG Input                - Registered new binding: Move Down - S
07:48:39.477 [JavaFX Application Thread] DEBUG Input                - Registered new binding: Interact Action Key - E
07:48:39.477 [JavaFX Application Thread] DEBUG Input                - Registered new binding: Use Tool Keyboard - F
07:48:39.480 [JavaFX Application Thread] DEBUG Input                - Registered new binding: Use Tool Mouse - LMB
07:48:39.480 [JavaFX Application Thread] DEBUG Input                - Registered new binding: Test Quick Water - Q
07:48:39.481 [JavaFX Application Thread] DEBUG Input                - Registered new binding: Close UI Window - R
07:48:39.481 [JavaFX Application Thread] DEBUG Input                - Registered new binding: Toggle Inventory Window - Tab
07:48:39.481 [JavaFX Application Thread] DEBUG Input                - Registered new binding: Quick Save - F5
07:48:39.481 [JavaFX Application Thread] DEBUG Input                - Registered new binding: Quick Load - F9
07:48:39.482 [JavaFX Application Thread] DEBUG Input                - Registered new binding: Select Inventory Slot 1 - 1
07:48:39.482 [JavaFX Application Thread] DEBUG Input                - Registered new binding: Select Inventory Slot 2 - 2
07:48:39.483 [JavaFX Application Thread] DEBUG Input                - Registered new binding: Select Inventory Slot 3 - 3
07:48:39.483 [JavaFX Application Thread] DEBUG Input                - Registered new binding: Select Inventory Slot 4 - 4
07:48:39.483 [JavaFX Application Thread] DEBUG Input                - Registered new binding: Select Inventory Slot 5 - 5
07:48:39.483 [JavaFX Application Thread] DEBUG Input                - Registered new binding: Select Inventory Slot 6 - 6
07:48:39.483 [JavaFX Application Thread] DEBUG Input                - Registered new binding: Select Inventory Slot 7 - 7
07:48:39.483 [JavaFX Application Thread] DEBUG Input                - Registered new binding: Select Inventory Slot 8 - 8
07:48:39.484 [JavaFX Application Thread] DEBUG Input                - Registered new binding: Select Inventory Slot 9 - 9
07:48:39.486 [JavaFX Application Thread] DEBUG FXGLAssetLoaderServi - Loading from file system: jar:file:/C:/Users/HP/.m2/repository/com/github/almasb/fxgl/25/fxgl-25.jar!/fxglassets/textures/fxgl_icon.png
07:48:39.515 [FXGL Background Thread 4 ] DEBUG FXGLAssetLoaderServi - Loading from file system: jar:file:/C:/Users/HP/.m2/repository/com/github/almasb/fxgl/25/fxgl-25.jar!/fxglassets/ui/fonts/Abel-Regular.ttf
07:48:39.523 [JavaFX Application Thread] DEBUG FXGLAssetLoaderServi - Loading from file system: jar:file:/C:/Users/HP/.m2/repository/com/github/almasb/fxgl/25/fxgl-25.jar!/fxglassets/textures/fxgl_default_cursor.png
07:48:39.527 [JavaFX Application Thread] DEBUG Input                - Registered new binding: Screenshot - CTRL+8
07:48:39.529 [JavaFX Application Thread] DEBUG Input                - Registered new binding: Dev Options - 1
07:48:39.530 [JavaFX Application Thread] DEBUG Input                - Registered new binding: Dev Console - 2
07:48:39.531 [JavaFX Application Thread] DEBUG Input                - Registered new binding: System info dump - CTRL+9
07:48:39.532 [JavaFX Application Thread] DEBUG Input                - Registered new binding: Restart - CTRL+R
07:48:39.534 [JavaFX Application Thread] DEBUG Input                - Registered new binding: Toggle Debug Camera - CTRL+7
07:48:39.542 [JavaFX Application Thread] DEBUG LoopRunner           - Starting loop
07:48:39.543 [FXGL Background Thread 4 ] DEBUG FXGLAssetLoaderServi - Loading from file system: jar:file:/C:/Users/HP/.m2/repository/com/github/almasb/fxgl/25/fxgl-25.jar!/fxglassets/ui/fonts/TerminalLandMono-Regular.otf
07:48:39.570 [JavaFX Application Thread] DEBUG LoopRunner           - Initializing JavaFX AnimationTimerLoop
07:48:39.573 [JavaFX Application Thread] DEBUG GameApplicationServi - Starting new game
07:48:39.574 [JavaFX Application Thread] DEBUG Input                - Clearing active input actions
07:48:39.588 [FXGL Background Thread 4 ] DEBUG FXGLAssetLoaderServi - Loading from file system: jar:file:/C:/Users/HP/.m2/repository/com/github/almasb/fxgl/25/fxgl-25.jar!/fxglassets/ui/fonts/Courier-Prime.ttf
07:48:39.591 [JavaFX Application Thread] DEBUG GameApplicationServi - Removing overlay from FXGLStartupScene and adding to FXGLLoadingScene
07:48:39.596 [JavaFX Application Thread] DEBUG PrimaryStageWindow   - FXGLStartupScene -> FXGLLoadingScene
07:48:39.596 [JavaFX Application Thread] DEBUG GameApplicationServi - Clearing previous game
07:48:39.597 [JavaFX Application Thread] DEBUG GameScene            - Clearing game scene
07:48:39.597 [JavaFX Application Thread] DEBUG GameWorld            - Clearing game world
07:48:39.597 [JavaFX Application Thread] DEBUG PhysicsWorld         - Clearing physics world
07:48:39.600 [FXGL Background Thread 1 ] DEBUG FXGLApplication      - Initializing game
07:48:39.641 [FXGL Background Thread 1 ] WARN  FXGLAssetLoaderServi - Asset "/assets/textures/empty.png" was not found!
07:48:39.641 [FXGL Background Thread 1 ] WARN  FXGLAssetLoaderServi - Failed to load IMAGE
07:48:39.894 [JavaFX Application Thread] DEBUG FXGLApplication      - Registering font factories with UI factory
07:48:40.038 [FXGL Background Thread 1 ] DEBUG FXGLAssetLoaderServi - Loading from file system: file:/D:/projects/helloworld/FarmSimulator/target/classes/assets/textures/Crops/soil_1.png
07:48:40.049 [FXGL Background Thread 1 ] WARN  FXGLAssetLoaderServi - Asset "/assets/textures/empty.png" was not found!
07:48:40.049 [FXGL Background Thread 1 ] WARN  FXGLAssetLoaderServi - Failed to load IMAGE
07:48:40.050 [FXGL Background Thread 1 ] DEBUG FXGLAssetLoaderServi - Loading from file system: file:/D:/projects/helloworld/FarmSimulator/target/classes/assets/textures/Crops/rice_1.png
07:48:40.053 [FXGL Background Thread 1 ] WARN  FXGLAssetLoaderServi - Asset "/assets/textures/empty.png" was not found!
07:48:40.053 [FXGL Background Thread 1 ] WARN  FXGLAssetLoaderServi - Failed to load IMAGE
07:48:40.055 [FXGL Background Thread 1 ] WARN  FXGLAssetLoaderServi - Asset "/assets/textures/empty.png" was not found!
07:48:40.055 [FXGL Background Thread 1 ] WARN  FXGLAssetLoaderServi - Failed to load IMAGE
07:48:40.058 [FXGL Background Thread 1 ] WARN  FXGLAssetLoaderServi - Asset "/assets/textures/empty.png" was not found!
07:48:40.058 [FXGL Background Thread 1 ] WARN  FXGLAssetLoaderServi - Failed to load IMAGE
07:48:40.059 [FXGL Background Thread 1 ] WARN  FXGLAssetLoaderServi - Asset "/assets/textures/empty.png" was not found!
07:48:40.060 [FXGL Background Thread 1 ] WARN  FXGLAssetLoaderServi - Failed to load IMAGE
07:48:40.062 [FXGL Background Thread 1 ] WARN  FXGLAssetLoaderServi - Asset "/assets/textures/empty.png" was not found!
07:48:40.062 [FXGL Background Thread 1 ] WARN  FXGLAssetLoaderServi - Failed to load IMAGE
07:48:40.064 [FXGL Background Thread 1 ] WARN  FXGLAssetLoaderServi - Asset "/assets/textures/empty.png" was not found!
07:48:40.065 [FXGL Background Thread 1 ] WARN  FXGLAssetLoaderServi - Failed to load IMAGE
07:48:40.065 [FXGL Background Thread 1 ] DEBUG FXGLAssetLoaderServi - Loading from file system: file:/D:/projects/helloworld/FarmSimulator/target/classes/assets/textures/Crops/soil_2.png
07:48:40.068 [FXGL Background Thread 1 ] WARN  FXGLAssetLoaderServi - Asset "/assets/textures/empty.png" was not found!
07:48:40.069 [FXGL Background Thread 1 ] WARN  FXGLAssetLoaderServi - Failed to load IMAGE
07:48:40.070 [FXGL Background Thread 1 ] WARN  FXGLAssetLoaderServi - Asset "/assets/textures/empty.png" was not found!
07:48:40.070 [FXGL Background Thread 1 ] WARN  FXGLAssetLoaderServi - Failed to load IMAGE
07:48:40.076 [FXGL Background Thread 1 ] WARN  FXGLAssetLoaderServi - Asset "/assets/textures/empty.png" was not found!
07:48:40.076 [FXGL Background Thread 1 ] WARN  FXGLAssetLoaderServi - Failed to load IMAGE
07:48:40.078 [FXGL Background Thread 1 ] WARN  FXGLAssetLoaderServi - Asset "/assets/textures/empty.png" was not found!
07:48:40.078 [FXGL Background Thread 1 ] WARN  FXGLAssetLoaderServi - Failed to load IMAGE
07:48:40.096 [FXGL Background Thread 1 ] WARN  FXGLAssetLoaderServi - Asset "/assets/textures/empty.png" was not found!
07:48:40.096 [FXGL Background Thread 1 ] WARN  FXGLAssetLoaderServi - Failed to load IMAGE
07:48:40.097 [FXGL Background Thread 1 ] WARN  FXGLAssetLoaderServi - Asset "/assets/textures/empty.png" was not found!
07:48:40.097 [FXGL Background Thread 1 ] WARN  FXGLAssetLoaderServi - Failed to load IMAGE
07:48:40.098 [FXGL Background Thread 1 ] WARN  FXGLAssetLoaderServi - Asset "/assets/textures/empty.png" was not found!
07:48:40.099 [FXGL Background Thread 1 ] WARN  FXGLAssetLoaderServi - Failed to load IMAGE
07:48:40.100 [FXGL Background Thread 1 ] WARN  FXGLAssetLoaderServi - Asset "/assets/textures/empty.png" was not found!
07:48:40.100 [FXGL Background Thread 1 ] WARN  FXGLAssetLoaderServi - Failed to load IMAGE
07:48:40.102 [FXGL Background Thread 1 ] WARN  FXGLAssetLoaderServi - Asset "/assets/textures/empty.png" was not found!
07:48:40.102 [FXGL Background Thread 1 ] WARN  FXGLAssetLoaderServi - Failed to load IMAGE
07:48:40.103 [FXGL Background Thread 1 ] WARN  FXGLAssetLoaderServi - Asset "/assets/textures/empty.png" was not found!
07:48:40.103 [FXGL Background Thread 1 ] WARN  FXGLAssetLoaderServi - Failed to load IMAGE
07:48:40.104 [FXGL Background Thread 1 ] WARN  FXGLAssetLoaderServi - Asset "/assets/textures/empty.png" was not found!
07:48:40.105 [FXGL Background Thread 1 ] WARN  FXGLAssetLoaderServi - Failed to load IMAGE
07:48:40.106 [FXGL Background Thread 1 ] WARN  FXGLAssetLoaderServi - Asset "/assets/textures/empty.png" was not found!
07:48:40.106 [FXGL Background Thread 1 ] WARN  FXGLAssetLoaderServi - Failed to load IMAGE
07:48:40.107 [FXGL Background Thread 1 ] WARN  FXGLAssetLoaderServi - Asset "/assets/textures/empty.png" was not found!
07:48:40.108 [FXGL Background Thread 1 ] WARN  FXGLAssetLoaderServi - Failed to load IMAGE
07:48:40.108 [FXGL Background Thread 1 ] WARN  FXGLAssetLoaderServi - Asset "/assets/textures/empty.png" was not found!
07:48:40.109 [FXGL Background Thread 1 ] WARN  FXGLAssetLoaderServi - Failed to load IMAGE
07:48:40.110 [FXGL Background Thread 1 ] WARN  FXGLAssetLoaderServi - Asset "/assets/textures/empty.png" was not found!
07:48:40.111 [FXGL Background Thread 1 ] WARN  FXGLAssetLoaderServi - Failed to load IMAGE
07:48:40.111 [FXGL Background Thread 1 ] WARN  FXGLAssetLoaderServi - Asset "/assets/textures/empty.png" was not found!
07:48:40.112 [FXGL Background Thread 1 ] WARN  FXGLAssetLoaderServi - Failed to load IMAGE
07:48:40.113 [FXGL Background Thread 1 ] WARN  FXGLAssetLoaderServi - Asset "/assets/textures/empty.png" was not found!
07:48:40.113 [FXGL Background Thread 1 ] WARN  FXGLAssetLoaderServi - Failed to load IMAGE
07:48:40.114 [FXGL Background Thread 1 ] WARN  FXGLAssetLoaderServi - Asset "/assets/textures/empty.png" was not found!
07:48:40.114 [FXGL Background Thread 1 ] WARN  FXGLAssetLoaderServi - Failed to load IMAGE
07:48:40.115 [FXGL Background Thread 1 ] WARN  FXGLAssetLoaderServi - Asset "/assets/textures/empty.png" was not found!
07:48:40.116 [FXGL Background Thread 1 ] WARN  FXGLAssetLoaderServi - Failed to load IMAGE
07:48:40.116 [FXGL Background Thread 1 ] WARN  FXGLAssetLoaderServi - Asset "/assets/textures/empty.png" was not found!
07:48:40.117 [FXGL Background Thread 1 ] WARN  FXGLAssetLoaderServi - Failed to load IMAGE
07:48:40.118 [FXGL Background Thread 1 ] WARN  FXGLAssetLoaderServi - Asset "/assets/textures/empty.png" was not found!
07:48:40.119 [FXGL Background Thread 1 ] WARN  FXGLAssetLoaderServi - Failed to load IMAGE
07:48:40.120 [FXGL Background Thread 1 ] WARN  FXGLAssetLoaderServi - Asset "/assets/textures/empty.png" was not found!
07:48:40.120 [FXGL Background Thread 1 ] WARN  FXGLAssetLoaderServi - Failed to load IMAGE
07:48:40.121 [FXGL Background Thread 1 ] WARN  FXGLAssetLoaderServi - Asset "/assets/textures/empty.png" was not found!
07:48:40.122 [FXGL Background Thread 1 ] WARN  FXGLAssetLoaderServi - Failed to load IMAGE
07:48:40.123 [FXGL Background Thread 1 ] WARN  FXGLAssetLoaderServi - Asset "/assets/textures/empty.png" was not found!
07:48:40.123 [FXGL Background Thread 1 ] WARN  FXGLAssetLoaderServi - Failed to load IMAGE
07:48:40.124 [FXGL Background Thread 1 ] WARN  FXGLAssetLoaderServi - Asset "/assets/textures/empty.png" was not found!
07:48:40.125 [FXGL Background Thread 1 ] WARN  FXGLAssetLoaderServi - Failed to load IMAGE
07:48:40.126 [FXGL Background Thread 1 ] WARN  FXGLAssetLoaderServi - Asset "/assets/textures/empty.png" was not found!
07:48:40.126 [FXGL Background Thread 1 ] WARN  FXGLAssetLoaderServi - Failed to load IMAGE
07:48:40.127 [FXGL Background Thread 1 ] WARN  FXGLAssetLoaderServi - Asset "/assets/textures/empty.png" was not found!
07:48:40.128 [FXGL Background Thread 1 ] WARN  FXGLAssetLoaderServi - Failed to load IMAGE
07:48:40.128 [FXGL Background Thread 1 ] WARN  FXGLAssetLoaderServi - Asset "/assets/textures/empty.png" was not found!
07:48:40.128 [FXGL Background Thread 1 ] WARN  FXGLAssetLoaderServi - Failed to load IMAGE
07:48:40.130 [FXGL Background Thread 1 ] WARN  FXGLAssetLoaderServi - Asset "/assets/textures/empty.png" was not found!
07:48:40.131 [FXGL Background Thread 1 ] WARN  FXGLAssetLoaderServi - Failed to load IMAGE
07:48:40.131 [FXGL Background Thread 1 ] WARN  FXGLAssetLoaderServi - Asset "/assets/textures/empty.png" was not found!
07:48:40.132 [FXGL Background Thread 1 ] WARN  FXGLAssetLoaderServi - Failed to load IMAGE
07:48:40.133 [FXGL Background Thread 1 ] WARN  FXGLAssetLoaderServi - Asset "/assets/textures/empty.png" was not found!
07:48:40.133 [FXGL Background Thread 1 ] WARN  FXGLAssetLoaderServi - Failed to load IMAGE
07:48:40.134 [FXGL Background Thread 1 ] WARN  FXGLAssetLoaderServi - Asset "/assets/textures/empty.png" was not found!
07:48:40.134 [FXGL Background Thread 1 ] WARN  FXGLAssetLoaderServi - Failed to load IMAGE
07:48:40.135 [FXGL Background Thread 1 ] WARN  FXGLAssetLoaderServi - Asset "/assets/textures/empty.png" was not found!
07:48:40.136 [FXGL Background Thread 1 ] WARN  FXGLAssetLoaderServi - Failed to load IMAGE
07:48:40.136 [FXGL Background Thread 1 ] WARN  FXGLAssetLoaderServi - Asset "/assets/textures/empty.png" was not found!
07:48:40.137 [FXGL Background Thread 1 ] WARN  FXGLAssetLoaderServi - Failed to load IMAGE
07:48:40.138 [FXGL Background Thread 1 ] WARN  FXGLAssetLoaderServi - Asset "/assets/textures/empty.png" was not found!
07:48:40.138 [FXGL Background Thread 1 ] WARN  FXGLAssetLoaderServi - Failed to load IMAGE
07:48:40.138 [FXGL Background Thread 1 ] WARN  FXGLAssetLoaderServi - Asset "/assets/textures/empty.png" was not found!
07:48:40.138 [FXGL Background Thread 1 ] WARN  FXGLAssetLoaderServi - Failed to load IMAGE
07:48:40.139 [FXGL Background Thread 1 ] WARN  FXGLAssetLoaderServi - Asset "/assets/textures/empty.png" was not found!
07:48:40.139 [FXGL Background Thread 1 ] WARN  FXGLAssetLoaderServi - Failed to load IMAGE
07:48:40.140 [FXGL Background Thread 1 ] WARN  FXGLAssetLoaderServi - Asset "/assets/textures/empty.png" was not found!
07:48:40.140 [FXGL Background Thread 1 ] WARN  FXGLAssetLoaderServi - Failed to load IMAGE
07:48:40.141 [FXGL Background Thread 1 ] WARN  FXGLAssetLoaderServi - Asset "/assets/textures/empty.png" was not found!
07:48:40.142 [FXGL Background Thread 1 ] WARN  FXGLAssetLoaderServi - Failed to load IMAGE
07:48:40.142 [FXGL Background Thread 1 ] WARN  FXGLAssetLoaderServi - Asset "/assets/textures/empty.png" was not found!
07:48:40.142 [FXGL Background Thread 1 ] WARN  FXGLAssetLoaderServi - Failed to load IMAGE
07:48:40.144 [FXGL Background Thread 1 ] WARN  FXGLAssetLoaderServi - Asset "/assets/textures/empty.png" was not found!
07:48:40.144 [FXGL Background Thread 1 ] WARN  FXGLAssetLoaderServi - Failed to load IMAGE
07:48:40.145 [FXGL Background Thread 1 ] WARN  FXGLAssetLoaderServi - Asset "/assets/textures/empty.png" was not found!
07:48:40.145 [FXGL Background Thread 1 ] WARN  FXGLAssetLoaderServi - Failed to load IMAGE
07:48:40.146 [FXGL Background Thread 1 ] WARN  FXGLAssetLoaderServi - Asset "/assets/textures/empty.png" was not found!
07:48:40.146 [FXGL Background Thread 1 ] WARN  FXGLAssetLoaderServi - Failed to load IMAGE
07:48:40.147 [FXGL Background Thread 1 ] WARN  FXGLAssetLoaderServi - Asset "/assets/textures/empty.png" was not found!
07:48:40.148 [FXGL Background Thread 1 ] WARN  FXGLAssetLoaderServi - Failed to load IMAGE
07:48:40.149 [FXGL Background Thread 1 ] WARN  FXGLAssetLoaderServi - Asset "/assets/textures/empty.png" was not found!
07:48:40.149 [FXGL Background Thread 1 ] WARN  FXGLAssetLoaderServi - Failed to load IMAGE
07:48:40.150 [FXGL Background Thread 1 ] WARN  FXGLAssetLoaderServi - Asset "/assets/textures/empty.png" was not found!
07:48:40.150 [FXGL Background Thread 1 ] WARN  FXGLAssetLoaderServi - Failed to load IMAGE
07:48:40.151 [FXGL Background Thread 1 ] WARN  FXGLAssetLoaderServi - Asset "/assets/textures/empty.png" was not found!
07:48:40.151 [FXGL Background Thread 1 ] WARN  FXGLAssetLoaderServi - Failed to load IMAGE
07:48:40.152 [FXGL Background Thread 1 ] WARN  FXGLAssetLoaderServi - Asset "/assets/textures/empty.png" was not found!
07:48:40.152 [FXGL Background Thread 1 ] WARN  FXGLAssetLoaderServi - Failed to load IMAGE
07:48:40.166 [FXGL Background Thread 1 ] WARN  FXGLAssetLoaderServi - Asset "/assets/textures/empty.png" was not found!
07:48:40.167 [FXGL Background Thread 1 ] WARN  FXGLAssetLoaderServi - Failed to load IMAGE
07:48:40.167 [FXGL Background Thread 1 ] WARN  FXGLAssetLoaderServi - Asset "/assets/textures/empty.png" was not found!
07:48:40.167 [FXGL Background Thread 1 ] WARN  FXGLAssetLoaderServi - Failed to load IMAGE
07:48:40.168 [FXGL Background Thread 1 ] WARN  FXGLAssetLoaderServi - Asset "/assets/textures/empty.png" was not found!
07:48:40.169 [FXGL Background Thread 1 ] WARN  FXGLAssetLoaderServi - Failed to load IMAGE
07:48:40.169 [FXGL Background Thread 1 ] WARN  FXGLAssetLoaderServi - Asset "/assets/textures/empty.png" was not found!
07:48:40.170 [FXGL Background Thread 1 ] WARN  FXGLAssetLoaderServi - Failed to load IMAGE
07:48:40.171 [FXGL Background Thread 1 ] WARN  FXGLAssetLoaderServi - Asset "/assets/textures/empty.png" was not found!
07:48:40.171 [FXGL Background Thread 1 ] WARN  FXGLAssetLoaderServi - Failed to load IMAGE
07:48:40.171 [FXGL Background Thread 1 ] WARN  FXGLAssetLoaderServi - Asset "/assets/textures/empty.png" was not found!
07:48:40.172 [FXGL Background Thread 1 ] WARN  FXGLAssetLoaderServi - Failed to load IMAGE
07:48:40.173 [FXGL Background Thread 1 ] WARN  FXGLAssetLoaderServi - Asset "/assets/textures/empty.png" was not found!
07:48:40.173 [FXGL Background Thread 1 ] WARN  FXGLAssetLoaderServi - Failed to load IMAGE
07:48:40.174 [FXGL Background Thread 1 ] WARN  FXGLAssetLoaderServi - Asset "/assets/textures/empty.png" was not found!
07:48:40.174 [FXGL Background Thread 1 ] WARN  FXGLAssetLoaderServi - Failed to load IMAGE
07:48:40.180 [FXGL Background Thread 1 ] DEBUG FXGLAssetLoaderServi - Loading from file system: file:/D:/projects/helloworld/FarmSimulator/target/classes/assets/textures/UI/heart_sprite.png
07:48:40.248 [FXGL Background Thread 1 ] WARN  TMXLevelLoader       - TiledMap generated from 1.12.0. Supported version: 1.9.0. Some features may not be parsed fully.
07:48:40.367 [FXGL Background Thread 1 ] DEBUG TMXLevelLoader       - Parsed TiledMap: file:/D:/projects/helloworld/FarmSimulator/target/classes/assets/levels/Main_level.tmx
07:48:40.368 [FXGL Background Thread 1 ] DEBUG TMXLevelLoader       - Creating tile layer entities
07:48:40.372 [FXGL Background Thread 1 ] DEBUG TilesetLoader        - Loading view for layer BackgroundLayer
07:48:40.386 [FXGL Background Thread 1 ] DEBUG TilesetLoader        - Created buffer with size 3520.0x2048.0
07:48:40.523 [FXGL Background Thread 1 ] DEBUG TilesetLoader        - Loading view for layer DecorationLayer
07:48:40.534 [FXGL Background Thread 1 ] DEBUG TilesetLoader        - Created buffer with size 3520.0x2048.0
07:48:40.600 [FXGL Background Thread 1 ] DEBUG TilesetLoader        - Loading view for layer OverheadLayer
07:48:40.610 [FXGL Background Thread 1 ] DEBUG TilesetLoader        - Created buffer with size 3520.0x2048.0
07:48:40.615 [FXGL Background Thread 1 ] DEBUG TMXLevelLoader       - Creating object layer entities
07:48:40.644 [FXGL Background Thread 1 ] DEBUG FXGLAssetLoaderServi - Loading from file system: file:/D:/projects/helloworld/FarmSimulator/target/classes/assets/textures/Player/Carry_Idle/Carry_Idle_Down-Sheet.png
07:48:40.652 [FXGL Background Thread 1 ] DEBUG FXGLAssetLoaderServi - Loading from file system: file:/D:/projects/helloworld/FarmSimulator/target/classes/assets/textures/Player/Carry_Idle/Carry_Idle_Up-Sheet.png
07:48:40.654 [FXGL Background Thread 1 ] DEBUG FXGLAssetLoaderServi - Loading from file system: file:/D:/projects/helloworld/FarmSimulator/target/classes/assets/textures/Player/Carry_Idle/Carry_Idle_Side-Sheet.png
07:48:40.655 [FXGL Background Thread 1 ] DEBUG FXGLAssetLoaderServi - Loading from file system: file:/D:/projects/helloworld/FarmSimulator/target/classes/assets/textures/Player/Carry_Walk/Carry_Walk_Down-Sheet.png
07:48:40.656 [FXGL Background Thread 1 ] DEBUG FXGLAssetLoaderServi - Loading from file system: file:/D:/projects/helloworld/FarmSimulator/target/classes/assets/textures/Player/Carry_Walk/Carry_Walk_Up-Sheet.png
07:48:40.659 [FXGL Background Thread 1 ] DEBUG FXGLAssetLoaderServi - Loading from file system: file:/D:/projects/helloworld/FarmSimulator/target/classes/assets/textures/Player/Carry_Walk/Carry_Walk_Side-Sheet.png
07:48:40.664 [FXGL Background Thread 1 ] DEBUG FXGLAssetLoaderServi - Loading from file system: file:/D:/projects/helloworld/FarmSimulator/target/classes/assets/textures/Player/Carry_Run/Carry_Run_Down-Sheet.png
07:48:40.666 [FXGL Background Thread 1 ] DEBUG FXGLAssetLoaderServi - Loading from file system: file:/D:/projects/helloworld/FarmSimulator/target/classes/assets/textures/Player/Carry_Run/Carry_Run_Up-Sheet.png
07:48:40.668 [FXGL Background Thread 1 ] DEBUG FXGLAssetLoaderServi - Loading from file system: file:/D:/projects/helloworld/FarmSimulator/target/classes/assets/textures/Player/Carry_Run/Carry_Run_Side-Sheet.png
07:48:40.924 [FXGL Background Thread 1 ] DEBUG FXGLAssetLoaderServi - Loading from file system: file:/D:/projects/helloworld/FarmSimulator/target/classes/assets/textures/NPC/Trader/Trader.png
07:48:40.937 [FXGL Background Thread 1 ] DEBUG FXGLAssetLoaderServi - Loading from file system: file:/D:/projects/helloworld/FarmSimulator/target/classes/assets/textures/NPC/Guider/Guider.png
07:48:40.946 [FXGL Background Thread 1 ] DEBUG GameWorld            - Clearing removable entities
07:48:40.948 [FXGL Background Thread 1 ] DEBUG GameWorld            - Setting level: com.almasb.fxgl.entity.level.Level@65483619
07:48:41.057 [FXGL Background Thread 1 ] INFO  FXGLApplication      - Game initialization took: 1.457 sec
07:48:41.061 [JavaFX Application Thread] DEBUG Input                - Clearing active input actions
07:48:41.088 [JavaFX Application Thread] DEBUG GameApplicationServi - Removing overlay from FXGLLoadingScene and adding to GameScene
07:48:41.097 [JavaFX Application Thread] DEBUG PrimaryStageWindow   - FXGLLoadingScene -> GameScene
07:48:42.428 [FXGL Background Thread 3 ] DEBUG Engine               - Logging environment variables
07:48:42.428 [FXGL Background Thread 3 ] DEBUG Engine               - achievements: []
07:48:42.428 [FXGL Background Thread 3 ] DEBUG Engine               - actualHeight: 720.0
07:48:42.429 [FXGL Background Thread 3 ] DEBUG Engine               - actualHeightProperty: ReadOnlyDoubleProperty [value: 720.0]
07:48:42.429 [FXGL Background Thread 3 ] DEBUG Engine               - actualWidth: 1280.0
07:48:42.429 [FXGL Background Thread 3 ] DEBUG Engine               - actualWidthProperty: ReadOnlyDoubleProperty [value: 1280.0]
07:48:42.429 [FXGL Background Thread 3 ] DEBUG Engine               - appIcon: fxgl_icon.png
07:48:42.429 [FXGL Background Thread 3 ] DEBUG Engine               - applicationMode: DEVELOPER
07:48:42.429 [FXGL Background Thread 3 ] DEBUG Engine               - cSSList: [fxgl_dark.css]
07:48:42.429 [FXGL Background Thread 3 ] DEBUG Engine               - collisionDetectionStrategy: BRUTE_FORCE
07:48:42.429 [FXGL Background Thread 3 ] DEBUG Engine               - configClass: Optional.empty
07:48:42.429 [FXGL Background Thread 3 ] DEBUG Engine               - credits: []
07:48:42.430 [FXGL Background Thread 3 ] DEBUG Engine               - defaultCursor: CursorInfo(imageName=fxgl_default_cursor.png, hotspotX=7.0, hotspotY=6.0)
07:48:42.430 [FXGL Background Thread 3 ] DEBUG Engine               - devBBoxColorProperty: ObjectProperty [value: 0xff0000ff]
07:48:42.430 [FXGL Background Thread 3 ] DEBUG Engine               - devEnableDebugCameraProperty: BooleanProperty [value: false]
07:48:42.430 [FXGL Background Thread 3 ] DEBUG Engine               - devSensorColorProperty: ObjectProperty [value: 0xffff00ff]
07:48:42.430 [FXGL Background Thread 3 ] DEBUG Engine               - devShowBBoxProperty: BooleanProperty [value: false]
07:48:42.430 [FXGL Background Thread 3 ] DEBUG Engine               - devShowPositionProperty: BooleanProperty [value: false]
07:48:42.430 [FXGL Background Thread 3 ] DEBUG Engine               - enabledMenuItems: []
07:48:42.430 [FXGL Background Thread 3 ] DEBUG Engine               - engineServices: [class com.almasb.fxgl.app.services.FXGLAssetLoaderService, class com.almasb.fxgl.app.FXGLApplication$GameApplicationService, class com.almasb.fxgl.app.services.FXGLDialogService, class com.almasb.fxgl.app.services.IOTaskExecutorService, class com.almasb.fxgl.io.FileSystemService, class com.almasb.fxgl.localization.LocalizationService, class com.almasb.fxgl.app.services.SystemBundleService, class com.almasb.fxgl.profile.SaveLoadService, class com.almasb.fxgl.ui.FXGLUIFactoryServiceProvider, class com.almasb.fxgl.ui.FXGLDialogFactoryServiceProvider, class com.almasb.fxgl.audio.AudioPlayer, class com.almasb.fxgl.notification.impl.NotificationServiceProvider, class com.almasb.fxgl.achievement.AchievementService, class com.almasb.fxgl.cutscene.CutsceneService, class com.almasb.fxgl.minigames.MiniGameService, class com.almasb.fxgl.net.NetService, class com.almasb.fxgl.app.services.UpdaterService, class com.almasb.fxgl.dev.DevService]
07:48:42.430 [FXGL Background Thread 3 ] DEBUG Engine               - fontGame: Abel-Regular.ttf
07:48:42.430 [FXGL Background Thread 3 ] DEBUG Engine               - fontMono: TerminalLandMono-Regular.otf
07:48:42.430 [FXGL Background Thread 3 ] DEBUG Engine               - fontSizeScaleUI: 1.0
07:48:42.430 [FXGL Background Thread 3 ] DEBUG Engine               - fontText: Courier-Prime.ttf
07:48:42.431 [FXGL Background Thread 3 ] DEBUG Engine               - fontUI: VarelaRound-Regular.ttf
07:48:42.431 [FXGL Background Thread 3 ] DEBUG Engine               - fpsRefreshRate: 500.0 ms
07:48:42.431 [FXGL Background Thread 3 ] DEBUG Engine               - fullScreen: BooleanProperty [value: false]
07:48:42.431 [FXGL Background Thread 3 ] DEBUG Engine               - gameDifficulty: MEDIUM
07:48:42.431 [FXGL Background Thread 3 ] DEBUG Engine               - gameDifficultyProperty: ObjectProperty [value: MEDIUM]
07:48:42.431 [FXGL Background Thread 3 ] DEBUG Engine               - globalMusicVolume: 0.5
07:48:42.431 [FXGL Background Thread 3 ] DEBUG Engine               - globalMusicVolumeProperty: DoubleProperty [value: 0.5]
07:48:42.431 [FXGL Background Thread 3 ] DEBUG Engine               - globalSoundVolume: 0.5
07:48:42.431 [FXGL Background Thread 3 ] DEBUG Engine               - globalSoundVolumeProperty: DoubleProperty [value: 0.5]
07:48:42.431 [FXGL Background Thread 3 ] DEBUG Engine               - height: 720
07:48:42.431 [FXGL Background Thread 3 ] DEBUG Engine               - is3D: false
07:48:42.431 [FXGL Background Thread 3 ] DEBUG Engine               - isAndroid: false
07:48:42.431 [FXGL Background Thread 3 ] DEBUG Engine               - isBrowser: false
07:48:42.431 [FXGL Background Thread 3 ] DEBUG Engine               - isClickFeedbackEnabled: false
07:48:42.432 [FXGL Background Thread 3 ] DEBUG Engine               - isCloseConfirmation: false
07:48:42.432 [FXGL Background Thread 3 ] DEBUG Engine               - isDesktop: true
07:48:42.432 [FXGL Background Thread 3 ] DEBUG Engine               - isDeveloperMenuEnabled: true
07:48:42.432 [FXGL Background Thread 3 ] DEBUG Engine               - isEmbedded: false
07:48:42.432 [FXGL Background Thread 3 ] DEBUG Engine               - isEntityPreloadEnabled: true
07:48:42.432 [FXGL Background Thread 3 ] DEBUG Engine               - isExperimentalTiledLargeMap: false
07:48:42.432 [FXGL Background Thread 3 ] DEBUG Engine               - isFileSystemWriteAllowed: true
07:48:42.432 [FXGL Background Thread 3 ] DEBUG Engine               - isFullScreenAllowed: false
07:48:42.432 [FXGL Background Thread 3 ] DEBUG Engine               - isFullScreenFromStart: false
07:48:42.433 [FXGL Background Thread 3 ] DEBUG Engine               - isGameMenuEnabled: true
07:48:42.433 [FXGL Background Thread 3 ] DEBUG Engine               - isIOS: false
07:48:42.433 [FXGL Background Thread 3 ] DEBUG Engine               - isIntroEnabled: false
07:48:42.433 [FXGL Background Thread 3 ] DEBUG Engine               - isLinux: false
07:48:42.433 [FXGL Background Thread 3 ] DEBUG Engine               - isMac: false
07:48:42.433 [FXGL Background Thread 3 ] DEBUG Engine               - isMainMenuEnabled: false
07:48:42.433 [FXGL Background Thread 3 ] DEBUG Engine               - isManualResizeEnabled: false
07:48:42.433 [FXGL Background Thread 3 ] DEBUG Engine               - isMobile: false
07:48:42.433 [FXGL Background Thread 3 ] DEBUG Engine               - isNative: false
07:48:42.433 [FXGL Background Thread 3 ] DEBUG Engine               - isPauseMusicWhenMinimized: true
07:48:42.433 [FXGL Background Thread 3 ] DEBUG Engine               - isPreserveResizeRatio: false
07:48:42.433 [FXGL Background Thread 3 ] DEBUG Engine               - isProfilingEnabled: false
07:48:42.433 [FXGL Background Thread 3 ] DEBUG Engine               - isScaleAffectedOnResize: true
07:48:42.433 [FXGL Background Thread 3 ] DEBUG Engine               - isSingleStep: false
07:48:42.433 [FXGL Background Thread 3 ] DEBUG Engine               - isUserProfileEnabled: false
07:48:42.433 [FXGL Background Thread 3 ] DEBUG Engine               - isWindows: true
07:48:42.434 [FXGL Background Thread 3 ] DEBUG Engine               - language: ObjectProperty [value: ENGLISH]
07:48:42.434 [FXGL Background Thread 3 ] DEBUG Engine               - menuKey: ESCAPE
07:48:42.434 [FXGL Background Thread 3 ] DEBUG Engine               - mouseSensitivity: 0.2
07:48:42.434 [FXGL Background Thread 3 ] DEBUG Engine               - notificationViewClass: class com.almasb.fxgl.notification.view.XboxNotificationView
07:48:42.434 [FXGL Background Thread 3 ] DEBUG Engine               - pixelsPerMeter: 50.0
07:48:42.434 [FXGL Background Thread 3 ] DEBUG Engine               - platform: WINDOWS
07:48:42.434 [FXGL Background Thread 3 ] DEBUG Engine               - prefHeightProperty: ReadOnlyDoubleProperty [value: 720.0]
07:48:42.434 [FXGL Background Thread 3 ] DEBUG Engine               - prefWidthProperty: ReadOnlyDoubleProperty [value: 1280.0]
07:48:42.434 [FXGL Background Thread 3 ] DEBUG Engine               - profileDir: profiles/
07:48:42.434 [FXGL Background Thread 3 ] DEBUG Engine               - profileName: StringProperty [value: DEFAULT]
07:48:42.434 [FXGL Background Thread 3 ] DEBUG Engine               - randomSeed: -1
07:48:42.436 [FXGL Background Thread 3 ] DEBUG Engine               - runtimeInfo: RuntimeInfo(platform=WINDOWS, version=25, build=05.02.2026 22.57)
07:48:42.437 [FXGL Background Thread 3 ] DEBUG Engine               - saveFileExt: sav
07:48:42.437 [FXGL Background Thread 3 ] DEBUG Engine               - scaledHeightProp$fxgl: DoubleProperty [bound, value: 720.0]
07:48:42.437 [FXGL Background Thread 3 ] DEBUG Engine               - scaledWidthProp$fxgl: DoubleProperty [bound, value: 1280.0]
07:48:42.437 [FXGL Background Thread 3 ] DEBUG Engine               - sceneFactory: com.almasb.fxgl.app.scene.SceneFactory@fd9cee
07:48:42.437 [FXGL Background Thread 3 ] DEBUG Engine               - secondsIn24h: 60
07:48:42.437 [FXGL Background Thread 3 ] DEBUG Engine               - soundMenuBack: menu/back.wav
07:48:42.437 [FXGL Background Thread 3 ] DEBUG Engine               - soundMenuPress: menu/press.wav
07:48:42.438 [FXGL Background Thread 3 ] DEBUG Engine               - soundMenuSelect: menu/select.wav
07:48:42.438 [FXGL Background Thread 3 ] DEBUG Engine               - soundNotification: core/notification.wav
07:48:42.438 [FXGL Background Thread 3 ] DEBUG Engine               - stageStyle: DECORATED
07:48:42.438 [FXGL Background Thread 3 ] DEBUG Engine               - supportedLanguages: [ENGLISH, FRENCH, GERMAN, HUNGARIAN, RUSSIAN]
07:48:42.438 [FXGL Background Thread 3 ] DEBUG Engine               - ticksPerSecond: -1
07:48:42.438 [FXGL Background Thread 3 ] DEBUG Engine               - title: Java Farming Professional
07:48:42.438 [FXGL Background Thread 3 ] DEBUG Engine               - urlGithub: https://github.com/AlmasB/FXGL
07:48:42.438 [FXGL Background Thread 3 ] DEBUG Engine               - urlLeaderboard: http://fxgl-top.herokuapp.com/
07:48:42.438 [FXGL Background Thread 3 ] DEBUG Engine               - urlPOM: https://raw.githubusercontent.com/AlmasB/FXGL/release/README.md
07:48:42.438 [FXGL Background Thread 3 ] DEBUG Engine               - userAppClass: class Project1Game.Main
07:48:42.438 [FXGL Background Thread 3 ] DEBUG Engine               - version: 2.5
07:48:42.438 [FXGL Background Thread 3 ] DEBUG Engine               - versionCheckDays: 7
07:48:42.438 [FXGL Background Thread 3 ] DEBUG Engine               - width: 1280
07:48:42.439 [FXGL Background Thread 3 ] DEBUG Engine               - Logging services
07:48:42.439 [FXGL Background Thread 3 ] DEBUG Engine               - class com.almasb.fxgl.app.services.FXGLAssetLoaderService
07:48:42.439 [FXGL Background Thread 3 ] DEBUG Engine               - class com.almasb.fxgl.app.FXGLApplication$GameApplicationService
07:48:42.439 [FXGL Background Thread 3 ] DEBUG Engine               - class com.almasb.fxgl.app.services.FXGLDialogService
07:48:42.439 [FXGL Background Thread 3 ] DEBUG Engine               - class com.almasb.fxgl.app.services.IOTaskExecutorService
07:48:42.439 [FXGL Background Thread 3 ] DEBUG Engine               - class com.almasb.fxgl.io.FileSystemService
07:48:42.439 [FXGL Background Thread 3 ] DEBUG Engine               - class com.almasb.fxgl.localization.LocalizationService
07:48:42.439 [FXGL Background Thread 3 ] DEBUG Engine               - class com.almasb.fxgl.app.services.SystemBundleService
07:48:42.439 [FXGL Background Thread 3 ] DEBUG Engine               - class com.almasb.fxgl.profile.SaveLoadService
07:48:42.439 [FXGL Background Thread 3 ] DEBUG Engine               - class com.almasb.fxgl.ui.FXGLUIFactoryServiceProvider
07:48:42.439 [FXGL Background Thread 3 ] DEBUG Engine               - class com.almasb.fxgl.ui.FXGLDialogFactoryServiceProvider
07:48:42.439 [FXGL Background Thread 3 ] DEBUG Engine               - class com.almasb.fxgl.audio.AudioPlayer
07:48:42.439 [FXGL Background Thread 3 ] DEBUG Engine               - class com.almasb.fxgl.notification.impl.NotificationServiceProvider
07:48:42.439 [FXGL Background Thread 3 ] DEBUG Engine               - class com.almasb.fxgl.achievement.AchievementService
07:48:42.439 [FXGL Background Thread 3 ] DEBUG Engine               - class com.almasb.fxgl.cutscene.CutsceneService
07:48:42.439 [FXGL Background Thread 3 ] DEBUG Engine               - class com.almasb.fxgl.minigames.MiniGameService
07:48:42.440 [FXGL Background Thread 3 ] DEBUG Engine               - class com.almasb.fxgl.net.NetService
07:48:42.440 [FXGL Background Thread 3 ] DEBUG Engine               - class com.almasb.fxgl.app.services.UpdaterService
07:48:42.440 [FXGL Background Thread 3 ] DEBUG Engine               - class com.almasb.fxgl.dev.DevService
07:49:53.066 [JavaFX Application Thread] DEBUG EventBus             - Firing event: Project1Game.system.DayNightEvent[source=javafx.event.Event$$Lambda/0x000000002d4c0000@540dfc7e]
07:50:26.463 [JavaFX Application Thread] DEBUG FXGLApplication      - Exiting FXGL
07:50:26.463 [JavaFX Application Thread] DEBUG LoopRunner           - Stopping loop
07:50:26.465 [JavaFX Application Thread] DEBUG SystemBundleService  - Saving FXGL system data
07:50:26.469 [JavaFX Application Thread] DEBUG FileSystemAccess     - Writing to: D:\projects\helloworld\FarmSimulator\system\fxgl.bundle
07:50:26.472 [JavaFX Application Thread] DEBUG Async                - Shutting down background threads
07:50:26.473 [JavaFX Application Thread] DEBUG PrimaryStageWindow   - Closing main window
07:50:26.506 [JavaFX Application Thread] DEBUG Logger               - Closing Logger
