17:40:29.982 [main                     ] DEBUG Logger               - Configured Logger
17:40:29.994 [main                     ] DEBUG GameApplication      - Logging settings
Title: Java Farming Professional
Version: 2.5
Width: 1280
Height: 720
Fullscreen: false
Intro: false
Profiling: false
Single step:false
App Mode: DEVELOPER
Menu Key: ESCAPE
Stage Style: DECORATED
Scene Factory: class Project1Game.ui.FarmSceneFactory

17:40:31.730 [JavaFX Application Thread] DEBUG FXGLApplication      - Initializing FXGL
17:40:31.739 [JavaFX Application Thread] INFO  Engine               - FXGL-25 (05.02.2026 22.57) on WINDOWS (J:25.0.3 FX:25.0.1)
17:40:31.739 [JavaFX Application Thread] DEBUG Engine               - JRE Vendor Name: Oracle Corporation
17:40:31.740 [JavaFX Application Thread] DEBUG Engine               - Running on OS: Windows 11 version 10.0
17:40:31.740 [JavaFX Application Thread] DEBUG Engine               - Architecture: amd64
17:40:31.741 [JavaFX Application Thread] INFO  Engine               - Source code and latest versions at: https://github.com/AlmasB/FXGL
17:40:31.741 [JavaFX Application Thread] INFO  Engine               -       Ask questions and discuss at: https://github.com/AlmasB/FXGL/discussions
17:40:31.938 [JavaFX Application Thread] DEBUG PrimaryStageWindow   - Creating a JavaFX scene
17:40:32.025 [JavaFX Application Thread] DEBUG PrimaryStageWindow   - Target settings size: 1280.0 x 720.0
17:40:32.026 [JavaFX Application Thread] DEBUG PrimaryStageWindow   - Scaled scene size:    1280.0 x 720.0
17:40:32.026 [JavaFX Application Thread] DEBUG PrimaryStageWindow   - Scaled ratio: (1.0, 1.0)
17:40:32.027 [JavaFX Application Thread] DEBUG PrimaryStageWindow   - Set initial scene to FXGLStartupScene
17:40:32.033 [JavaFX Application Thread] DEBUG PrimaryStageWindow   - Opening main window
17:40:32.547 [JavaFX Application Thread] DEBUG PrimaryStageWindow   - Window border size: (14.4000244140625, 37.5999755859375)
17:40:32.548 [JavaFX Application Thread] DEBUG PrimaryStageWindow   - Scaled size: 1280.0 x 720.0
17:40:32.548 [JavaFX Application Thread] DEBUG PrimaryStageWindow   - Scaled ratio: (1.0, 1.0)
17:40:32.549 [JavaFX Application Thread] DEBUG PrimaryStageWindow   - Scene size: 1280.0 x 720.0
17:40:32.549 [JavaFX Application Thread] DEBUG PrimaryStageWindow   - Stage size: 1294.4000244140625 x 757.5999755859375
17:40:32.576 [FXGL Background Thread 1 ] DEBUG Engine               - Initializing environment variables
17:40:32.735 [FXGL Background Thread 1 ] DEBUG FXGLAssetLoaderServi - User app class for loading assets: class Project1Game.Main
17:40:32.735 [FXGL Background Thread 1 ] DEBUG GameApplicationServi - Applying CSS: fxgl_dark.css
17:40:32.738 [FXGL Background Thread 1 ] DEBUG FXGLAssetLoaderServi - Loading from file system: jar:file:/C:/Users/HP/.m2/repository/com/github/almasb/fxgl/25/fxgl-25.jar!/fxglassets/ui/css/fxgl_dark.css
17:40:32.860 [FXGL Background Thread 1 ] DEBUG GameApplicationServi - Initializing application scenes
17:40:32.965 [FXGL Background Thread 1 ] DEBUG GameWorld            - Game world initialized
17:40:33.070 [FXGL Background Thread 1 ] DEBUG PhysicsWorld         - Physics world initialized: appHeight=720, physics.ppm=50.0
17:40:33.071 [FXGL Background Thread 1 ] DEBUG PhysicsWorld         - Using strategy: BRUTE_FORCE
17:40:33.079 [FXGL Background Thread 1 ] DEBUG GameScene            - Game scene initialized: 1280x720
17:40:33.120 [FXGL Background Thread 1 ] DEBUG GameApplicationServi - Application scenes initialized
17:40:33.136 [FXGL Background Thread 1 ] DEBUG SystemBundleService  - Loading FXGL system data
17:40:33.143 [FXGL Background Thread 1 ] DEBUG FileSystemAccess     - Reading from: D:\projects\helloworld\FarmSimulator\system\fxgl.bundle
17:40:33.158 [FXGL Background Thread 1 ] DEBUG SystemBundleService  - Bundle FXGL: {}
17:40:33.158 [FXGL Background Thread 1 ] DEBUG UpdaterService       - Checking for updates
17:40:33.219 [FXGL Background Thread 4 ] DEBUG FXGLApplication      - Loading fonts
17:40:33.220 [FXGL Background Thread 4 ] DEBUG FXGLAssetLoaderServi - Loading from file system: jar:file:/C:/Users/HP/.m2/repository/com/github/almasb/fxgl/25/fxgl-25.jar!/fxglassets/ui/fonts/VarelaRound-Regular.ttf
17:40:33.220 [FXGL Background Thread 1 ] DEBUG FXGLApplication      - Loading default localization
17:40:33.221 [FXGL Background Thread 1 ] DEBUG FXGLAssetLoaderServi - Loading from file system: jar:file:/C:/Users/HP/.m2/repository/com/github/almasb/fxgl/25/fxgl-25.jar!/fxglassets/languages/english.lang
17:40:33.249 [FXGL Background Thread 1 ] INFO  FXGLApplication      - FXGL initialization took: 0.673 sec
17:40:33.265 [JavaFX Application Thread] DEBUG Input                - Registered new binding: Move Right - D
17:40:33.266 [JavaFX Application Thread] DEBUG Input                - Registered new binding: Move Left - A
17:40:33.266 [JavaFX Application Thread] DEBUG Input                - Registered new binding: Move Up - W
17:40:33.266 [JavaFX Application Thread] DEBUG Input                - Registered new binding: Move Down - S
17:40:33.267 [JavaFX Application Thread] DEBUG Input                - Registered new binding: Interact Action Key - E
17:40:33.267 [JavaFX Application Thread] DEBUG Input                - Registered new binding: Use Tool Keyboard - F
17:40:33.270 [JavaFX Application Thread] DEBUG Input                - Registered new binding: Use Tool Mouse - LMB
17:40:33.270 [JavaFX Application Thread] DEBUG Input                - Registered new binding: Test Quick Water - Q
17:40:33.271 [JavaFX Application Thread] DEBUG Input                - Registered new binding: Close UI Window - R
17:40:33.271 [JavaFX Application Thread] DEBUG Input                - Registered new binding: Toggle Inventory Window - Tab
17:40:33.271 [JavaFX Application Thread] DEBUG Input                - Registered new binding: Toggle Admin Panel - Back Quote
17:40:33.271 [JavaFX Application Thread] DEBUG Input                - Registered new binding: Quick Save - F5
17:40:33.271 [JavaFX Application Thread] DEBUG Input                - Registered new binding: Quick Load - F9
17:40:33.272 [JavaFX Application Thread] DEBUG Input                - Registered new binding: Select Inventory Slot 1 - 1
17:40:33.272 [JavaFX Application Thread] DEBUG Input                - Registered new binding: Select Inventory Slot 2 - 2
17:40:33.274 [JavaFX Application Thread] DEBUG Input                - Registered new binding: Select Inventory Slot 3 - 3
17:40:33.274 [JavaFX Application Thread] DEBUG Input                - Registered new binding: Select Inventory Slot 4 - 4
17:40:33.274 [JavaFX Application Thread] DEBUG Input                - Registered new binding: Select Inventory Slot 5 - 5
17:40:33.274 [JavaFX Application Thread] DEBUG Input                - Registered new binding: Select Inventory Slot 6 - 6
17:40:33.274 [JavaFX Application Thread] DEBUG Input                - Registered new binding: Select Inventory Slot 7 - 7
17:40:33.275 [JavaFX Application Thread] DEBUG Input                - Registered new binding: Select Inventory Slot 8 - 8
17:40:33.275 [JavaFX Application Thread] DEBUG Input                - Registered new binding: Select Inventory Slot 9 - 9
17:40:33.276 [JavaFX Application Thread] DEBUG FXGLAssetLoaderServi - Loading from file system: jar:file:/C:/Users/HP/.m2/repository/com/github/almasb/fxgl/25/fxgl-25.jar!/fxglassets/textures/fxgl_icon.png
17:40:33.296 [FXGL Background Thread 4 ] DEBUG FXGLAssetLoaderServi - Loading from file system: jar:file:/C:/Users/HP/.m2/repository/com/github/almasb/fxgl/25/fxgl-25.jar!/fxglassets/ui/fonts/Abel-Regular.ttf
17:40:33.325 [FXGL Background Thread 4 ] DEBUG FXGLAssetLoaderServi - Loading from file system: jar:file:/C:/Users/HP/.m2/repository/com/github/almasb/fxgl/25/fxgl-25.jar!/fxglassets/ui/fonts/TerminalLandMono-Regular.otf
17:40:33.349 [FXGL Background Thread 4 ] DEBUG FXGLAssetLoaderServi - Loading from file system: jar:file:/C:/Users/HP/.m2/repository/com/github/almasb/fxgl/25/fxgl-25.jar!/fxglassets/ui/fonts/Courier-Prime.ttf
17:40:33.358 [JavaFX Application Thread] DEBUG FXGLAssetLoaderServi - Loading from file system: jar:file:/C:/Users/HP/.m2/repository/com/github/almasb/fxgl/25/fxgl-25.jar!/fxglassets/textures/fxgl_default_cursor.png
17:40:33.363 [JavaFX Application Thread] DEBUG Input                - Registered new binding: Screenshot - CTRL+8
17:40:33.364 [JavaFX Application Thread] DEBUG Input                - Registered new binding: Dev Options - 1
17:40:33.365 [JavaFX Application Thread] DEBUG Input                - Registered new binding: Dev Console - 2
17:40:33.366 [JavaFX Application Thread] DEBUG Input                - Registered new binding: System info dump - CTRL+9
17:40:33.367 [JavaFX Application Thread] DEBUG Input                - Registered new binding: Restart - CTRL+R
17:40:33.370 [JavaFX Application Thread] DEBUG Input                - Registered new binding: Toggle Debug Camera - CTRL+7
17:40:33.381 [JavaFX Application Thread] DEBUG LoopRunner           - Starting loop
17:40:33.420 [JavaFX Application Thread] DEBUG LoopRunner           - Initializing JavaFX AnimationTimerLoop
17:40:33.425 [JavaFX Application Thread] DEBUG Input                - Clearing active input actions
17:40:33.441 [JavaFX Application Thread] DEBUG GameApplicationServi - Removing overlay from FXGLStartupScene and adding to FXGLMainMenuDummyScene
17:40:33.449 [JavaFX Application Thread] DEBUG PrimaryStageWindow   - FXGLStartupScene -> FXGLMainMenuDummyScene
17:40:33.450 [JavaFX Application Thread] DEBUG PrimaryStageWindow   - Push state: FarmMenu
17:40:33.451 [JavaFX Application Thread] DEBUG Input                - Clearing active input actions
17:40:33.457 [JavaFX Application Thread] DEBUG GameApplicationServi - Removing overlay from FXGLMainMenuDummyScene and adding to FarmMenu
17:40:33.457 [JavaFX Application Thread] DEBUG PrimaryStageWindow   - FXGLMainMenuDummyScene -> FarmMenu
17:40:33.457 [JavaFX Application Thread] DEBUG FXGLApplication      - Registering font factories with UI factory
17:40:35.474 [JavaFX Application Thread] DEBUG Menu                 - fireNewGame()
17:40:35.474 [JavaFX Application Thread] DEBUG GameApplicationServi - Starting new game
17:40:35.474 [JavaFX Application Thread] DEBUG PrimaryStageWindow   - Pop state: FarmMenu
17:40:35.475 [JavaFX Application Thread] DEBUG Input                - Clearing active input actions
17:40:35.477 [JavaFX Application Thread] DEBUG GameApplicationServi - Removing overlay from FarmMenu and adding to FXGLMainMenuDummyScene
17:40:35.481 [JavaFX Application Thread] DEBUG PrimaryStageWindow   - FXGLMainMenuDummyScene <- FarmMenu
17:40:35.481 [JavaFX Application Thread] DEBUG Input                - Clearing active input actions
17:40:35.498 [JavaFX Application Thread] DEBUG GameApplicationServi - Removing overlay from FXGLMainMenuDummyScene and adding to FXGLLoadingScene
17:40:35.499 [JavaFX Application Thread] DEBUG PrimaryStageWindow   - FXGLMainMenuDummyScene -> FXGLLoadingScene
17:40:35.499 [JavaFX Application Thread] DEBUG GameApplicationServi - Clearing previous game
17:40:35.499 [JavaFX Application Thread] DEBUG GameScene            - Clearing game scene
17:40:35.499 [JavaFX Application Thread] DEBUG GameWorld            - Clearing game world
17:40:35.499 [JavaFX Application Thread] DEBUG PhysicsWorld         - Clearing physics world
17:40:35.503 [FXGL Background Thread 2 ] DEBUG FXGLApplication      - Initializing game
17:40:35.562 [FXGL Background Thread 2 ] WARN  FXGLAssetLoaderServi - Asset "/assets/textures/empty.png" was not found!
17:40:35.563 [FXGL Background Thread 2 ] WARN  FXGLAssetLoaderServi - Failed to load IMAGE
17:40:35.634 [FXGL Background Thread 2 ] DEBUG FXGLAssetLoaderServi - Loading from file system: file:/D:/projects/helloworld/FarmSimulator/target/classes/assets/textures/Crops/soil_1.png
17:40:35.658 [FXGL Background Thread 2 ] WARN  FXGLAssetLoaderServi - Asset "/assets/textures/empty.png" was not found!
17:40:35.658 [FXGL Background Thread 2 ] WARN  FXGLAssetLoaderServi - Failed to load IMAGE
17:40:35.659 [FXGL Background Thread 2 ] DEBUG FXGLAssetLoaderServi - Loading from file system: file:/D:/projects/helloworld/FarmSimulator/target/classes/assets/textures/Crops/rice_1.png
17:40:35.662 [FXGL Background Thread 2 ] WARN  FXGLAssetLoaderServi - Asset "/assets/textures/empty.png" was not found!
17:40:35.662 [FXGL Background Thread 2 ] WARN  FXGLAssetLoaderServi - Failed to load IMAGE
17:40:35.663 [FXGL Background Thread 2 ] WARN  FXGLAssetLoaderServi - Asset "/assets/textures/empty.png" was not found!
17:40:35.665 [FXGL Background Thread 2 ] WARN  FXGLAssetLoaderServi - Failed to load IMAGE
17:40:35.668 [FXGL Background Thread 2 ] WARN  FXGLAssetLoaderServi - Asset "/assets/textures/empty.png" was not found!
17:40:35.669 [FXGL Background Thread 2 ] WARN  FXGLAssetLoaderServi - Failed to load IMAGE
17:40:35.674 [FXGL Background Thread 2 ] WARN  FXGLAssetLoaderServi - Asset "/assets/textures/empty.png" was not found!
17:40:35.675 [FXGL Background Thread 2 ] WARN  FXGLAssetLoaderServi - Failed to load IMAGE
17:40:35.677 [FXGL Background Thread 2 ] WARN  FXGLAssetLoaderServi - Asset "/assets/textures/empty.png" was not found!
17:40:35.678 [FXGL Background Thread 2 ] WARN  FXGLAssetLoaderServi - Failed to load IMAGE
17:40:35.679 [FXGL Background Thread 2 ] WARN  FXGLAssetLoaderServi - Asset "/assets/textures/empty.png" was not found!
17:40:35.679 [FXGL Background Thread 2 ] WARN  FXGLAssetLoaderServi - Failed to load IMAGE
17:40:35.680 [FXGL Background Thread 2 ] DEBUG FXGLAssetLoaderServi - Loading from file system: file:/D:/projects/helloworld/FarmSimulator/target/classes/assets/textures/Crops/soil_2.png
17:40:35.687 [FXGL Background Thread 2 ] WARN  FXGLAssetLoaderServi - Asset "/assets/textures/empty.png" was not found!
17:40:35.688 [FXGL Background Thread 2 ] WARN  FXGLAssetLoaderServi - Failed to load IMAGE
17:40:35.689 [FXGL Background Thread 2 ] WARN  FXGLAssetLoaderServi - Asset "/assets/textures/empty.png" was not found!
17:40:35.690 [FXGL Background Thread 2 ] WARN  FXGLAssetLoaderServi - Failed to load IMAGE
17:40:35.695 [FXGL Background Thread 2 ] WARN  FXGLAssetLoaderServi - Asset "/assets/textures/empty.png" was not found!
17:40:35.695 [FXGL Background Thread 2 ] WARN  FXGLAssetLoaderServi - Failed to load IMAGE
17:40:35.697 [FXGL Background Thread 2 ] WARN  FXGLAssetLoaderServi - Asset "/assets/textures/empty.png" was not found!
17:40:35.698 [FXGL Background Thread 2 ] WARN  FXGLAssetLoaderServi - Failed to load IMAGE
17:40:35.709 [FXGL Background Thread 2 ] WARN  FXGLAssetLoaderServi - Asset "/assets/textures/empty.png" was not found!
17:40:35.709 [FXGL Background Thread 2 ] WARN  FXGLAssetLoaderServi - Failed to load IMAGE
17:40:35.711 [FXGL Background Thread 2 ] WARN  FXGLAssetLoaderServi - Asset "/assets/textures/empty.png" was not found!
17:40:35.711 [FXGL Background Thread 2 ] WARN  FXGLAssetLoaderServi - Failed to load IMAGE
17:40:35.713 [FXGL Background Thread 2 ] WARN  FXGLAssetLoaderServi - Asset "/assets/textures/empty.png" was not found!
17:40:35.713 [FXGL Background Thread 2 ] WARN  FXGLAssetLoaderServi - Failed to load IMAGE
17:40:35.713 [FXGL Background Thread 2 ] WARN  FXGLAssetLoaderServi - Asset "/assets/textures/empty.png" was not found!
17:40:35.714 [FXGL Background Thread 2 ] WARN  FXGLAssetLoaderServi - Failed to load IMAGE
17:40:35.715 [FXGL Background Thread 2 ] WARN  FXGLAssetLoaderServi - Asset "/assets/textures/empty.png" was not found!
17:40:35.715 [FXGL Background Thread 2 ] WARN  FXGLAssetLoaderServi - Failed to load IMAGE
17:40:35.716 [FXGL Background Thread 2 ] WARN  FXGLAssetLoaderServi - Asset "/assets/textures/empty.png" was not found!
17:40:35.718 [FXGL Background Thread 2 ] WARN  FXGLAssetLoaderServi - Failed to load IMAGE
17:40:35.723 [FXGL Background Thread 2 ] WARN  FXGLAssetLoaderServi - Asset "/assets/textures/empty.png" was not found!
17:40:35.723 [FXGL Background Thread 2 ] WARN  FXGLAssetLoaderServi - Failed to load IMAGE
17:40:35.724 [FXGL Background Thread 2 ] WARN  FXGLAssetLoaderServi - Asset "/assets/textures/empty.png" was not found!
17:40:35.724 [FXGL Background Thread 2 ] WARN  FXGLAssetLoaderServi - Failed to load IMAGE
17:40:35.726 [FXGL Background Thread 2 ] WARN  FXGLAssetLoaderServi - Asset "/assets/textures/empty.png" was not found!
17:40:35.726 [FXGL Background Thread 2 ] WARN  FXGLAssetLoaderServi - Failed to load IMAGE
17:40:35.726 [FXGL Background Thread 2 ] WARN  FXGLAssetLoaderServi - Asset "/assets/textures/empty.png" was not found!
17:40:35.727 [FXGL Background Thread 2 ] WARN  FXGLAssetLoaderServi - Failed to load IMAGE
17:40:35.728 [FXGL Background Thread 2 ] WARN  FXGLAssetLoaderServi - Asset "/assets/textures/empty.png" was not found!
17:40:35.728 [FXGL Background Thread 2 ] WARN  FXGLAssetLoaderServi - Failed to load IMAGE
17:40:35.729 [FXGL Background Thread 2 ] WARN  FXGLAssetLoaderServi - Asset "/assets/textures/empty.png" was not found!
17:40:35.729 [FXGL Background Thread 2 ] WARN  FXGLAssetLoaderServi - Failed to load IMAGE
17:40:35.730 [FXGL Background Thread 2 ] WARN  FXGLAssetLoaderServi - Asset "/assets/textures/empty.png" was not found!
17:40:35.730 [FXGL Background Thread 2 ] WARN  FXGLAssetLoaderServi - Failed to load IMAGE
17:40:35.731 [FXGL Background Thread 2 ] WARN  FXGLAssetLoaderServi - Asset "/assets/textures/empty.png" was not found!
17:40:35.731 [FXGL Background Thread 2 ] WARN  FXGLAssetLoaderServi - Failed to load IMAGE
17:40:35.734 [FXGL Background Thread 2 ] WARN  FXGLAssetLoaderServi - Asset "/assets/textures/empty.png" was not found!
17:40:35.735 [FXGL Background Thread 2 ] WARN  FXGLAssetLoaderServi - Failed to load IMAGE
17:40:35.738 [FXGL Background Thread 2 ] WARN  FXGLAssetLoaderServi - Asset "/assets/textures/empty.png" was not found!
17:40:35.739 [FXGL Background Thread 2 ] WARN  FXGLAssetLoaderServi - Failed to load IMAGE
17:40:35.741 [FXGL Background Thread 2 ] WARN  FXGLAssetLoaderServi - Asset "/assets/textures/empty.png" was not found!
17:40:35.742 [FXGL Background Thread 2 ] WARN  FXGLAssetLoaderServi - Failed to load IMAGE
17:40:35.742 [FXGL Background Thread 2 ] WARN  FXGLAssetLoaderServi - Asset "/assets/textures/empty.png" was not found!
17:40:35.743 [FXGL Background Thread 2 ] WARN  FXGLAssetLoaderServi - Failed to load IMAGE
17:40:35.744 [FXGL Background Thread 2 ] WARN  FXGLAssetLoaderServi - Asset "/assets/textures/empty.png" was not found!
17:40:35.744 [FXGL Background Thread 2 ] WARN  FXGLAssetLoaderServi - Failed to load IMAGE
17:40:35.745 [FXGL Background Thread 2 ] WARN  FXGLAssetLoaderServi - Asset "/assets/textures/empty.png" was not found!
17:40:35.745 [FXGL Background Thread 2 ] WARN  FXGLAssetLoaderServi - Failed to load IMAGE
17:40:35.747 [FXGL Background Thread 2 ] WARN  FXGLAssetLoaderServi - Asset "/assets/textures/empty.png" was not found!
17:40:35.747 [FXGL Background Thread 2 ] WARN  FXGLAssetLoaderServi - Failed to load IMAGE
17:40:35.748 [FXGL Background Thread 2 ] WARN  FXGLAssetLoaderServi - Asset "/assets/textures/empty.png" was not found!
17:40:35.748 [FXGL Background Thread 2 ] WARN  FXGLAssetLoaderServi - Failed to load IMAGE
17:40:35.753 [FXGL Background Thread 2 ] WARN  FXGLAssetLoaderServi - Asset "/assets/textures/empty.png" was not found!
17:40:35.754 [FXGL Background Thread 2 ] WARN  FXGLAssetLoaderServi - Failed to load IMAGE
17:40:35.754 [FXGL Background Thread 2 ] WARN  FXGLAssetLoaderServi - Asset "/assets/textures/empty.png" was not found!
17:40:35.755 [FXGL Background Thread 2 ] WARN  FXGLAssetLoaderServi - Failed to load IMAGE
17:40:35.758 [FXGL Background Thread 2 ] WARN  FXGLAssetLoaderServi - Asset "/assets/textures/empty.png" was not found!
17:40:35.759 [FXGL Background Thread 2 ] WARN  FXGLAssetLoaderServi - Failed to load IMAGE
17:40:35.760 [FXGL Background Thread 2 ] WARN  FXGLAssetLoaderServi - Asset "/assets/textures/empty.png" was not found!
17:40:35.760 [FXGL Background Thread 2 ] WARN  FXGLAssetLoaderServi - Failed to load IMAGE
17:40:35.762 [FXGL Background Thread 2 ] WARN  FXGLAssetLoaderServi - Asset "/assets/textures/empty.png" was not found!
17:40:35.762 [FXGL Background Thread 2 ] WARN  FXGLAssetLoaderServi - Failed to load IMAGE
17:40:35.763 [FXGL Background Thread 2 ] WARN  FXGLAssetLoaderServi - Asset "/assets/textures/empty.png" was not found!
17:40:35.763 [FXGL Background Thread 2 ] WARN  FXGLAssetLoaderServi - Failed to load IMAGE
17:40:35.765 [FXGL Background Thread 2 ] WARN  FXGLAssetLoaderServi - Asset "/assets/textures/empty.png" was not found!
17:40:35.765 [FXGL Background Thread 2 ] WARN  FXGLAssetLoaderServi - Failed to load IMAGE
17:40:35.766 [FXGL Background Thread 2 ] WARN  FXGLAssetLoaderServi - Asset "/assets/textures/empty.png" was not found!
17:40:35.767 [FXGL Background Thread 2 ] WARN  FXGLAssetLoaderServi - Failed to load IMAGE
17:40:35.769 [FXGL Background Thread 2 ] WARN  FXGLAssetLoaderServi - Asset "/assets/textures/empty.png" was not found!
17:40:35.770 [FXGL Background Thread 2 ] WARN  FXGLAssetLoaderServi - Failed to load IMAGE
17:40:35.771 [FXGL Background Thread 2 ] WARN  FXGLAssetLoaderServi - Asset "/assets/textures/empty.png" was not found!
17:40:35.772 [FXGL Background Thread 2 ] WARN  FXGLAssetLoaderServi - Failed to load IMAGE
17:40:35.773 [FXGL Background Thread 2 ] WARN  FXGLAssetLoaderServi - Asset "/assets/textures/empty.png" was not found!
17:40:35.774 [FXGL Background Thread 2 ] WARN  FXGLAssetLoaderServi - Failed to load IMAGE
17:40:35.785 [FXGL Background Thread 2 ] WARN  FXGLAssetLoaderServi - Asset "/assets/textures/empty.png" was not found!
17:40:35.786 [FXGL Background Thread 2 ] WARN  FXGLAssetLoaderServi - Failed to load IMAGE
17:40:35.788 [FXGL Background Thread 2 ] WARN  FXGLAssetLoaderServi - Asset "/assets/textures/empty.png" was not found!
17:40:35.789 [FXGL Background Thread 2 ] WARN  FXGLAssetLoaderServi - Failed to load IMAGE
17:40:35.789 [FXGL Background Thread 2 ] WARN  FXGLAssetLoaderServi - Asset "/assets/textures/empty.png" was not found!
17:40:35.790 [FXGL Background Thread 2 ] WARN  FXGLAssetLoaderServi - Failed to load IMAGE
17:40:35.790 [FXGL Background Thread 2 ] WARN  FXGLAssetLoaderServi - Asset "/assets/textures/empty.png" was not found!
17:40:35.792 [FXGL Background Thread 2 ] WARN  FXGLAssetLoaderServi - Failed to load IMAGE
17:40:35.792 [FXGL Background Thread 2 ] WARN  FXGLAssetLoaderServi - Asset "/assets/textures/empty.png" was not found!
17:40:35.792 [FXGL Background Thread 2 ] WARN  FXGLAssetLoaderServi - Failed to load IMAGE
17:40:35.793 [FXGL Background Thread 2 ] WARN  FXGLAssetLoaderServi - Asset "/assets/textures/empty.png" was not found!
17:40:35.793 [FXGL Background Thread 2 ] WARN  FXGLAssetLoaderServi - Failed to load IMAGE
17:40:35.794 [FXGL Background Thread 2 ] WARN  FXGLAssetLoaderServi - Asset "/assets/textures/empty.png" was not found!
17:40:35.794 [FXGL Background Thread 2 ] WARN  FXGLAssetLoaderServi - Failed to load IMAGE
17:40:35.796 [FXGL Background Thread 2 ] WARN  FXGLAssetLoaderServi - Asset "/assets/textures/empty.png" was not found!
17:40:35.796 [FXGL Background Thread 2 ] WARN  FXGLAssetLoaderServi - Failed to load IMAGE
17:40:35.797 [FXGL Background Thread 2 ] WARN  FXGLAssetLoaderServi - Asset "/assets/textures/empty.png" was not found!
17:40:35.798 [FXGL Background Thread 2 ] WARN  FXGLAssetLoaderServi - Failed to load IMAGE
17:40:35.801 [FXGL Background Thread 2 ] WARN  FXGLAssetLoaderServi - Asset "/assets/textures/empty.png" was not found!
17:40:35.801 [FXGL Background Thread 2 ] WARN  FXGLAssetLoaderServi - Failed to load IMAGE
17:40:35.802 [FXGL Background Thread 2 ] WARN  FXGLAssetLoaderServi - Asset "/assets/textures/empty.png" was not found!
17:40:35.803 [FXGL Background Thread 2 ] WARN  FXGLAssetLoaderServi - Failed to load IMAGE
17:40:35.805 [FXGL Background Thread 2 ] WARN  FXGLAssetLoaderServi - Asset "/assets/textures/empty.png" was not found!
17:40:35.806 [FXGL Background Thread 2 ] WARN  FXGLAssetLoaderServi - Failed to load IMAGE
17:40:35.808 [FXGL Background Thread 2 ] WARN  FXGLAssetLoaderServi - Asset "/assets/textures/empty.png" was not found!
17:40:35.809 [FXGL Background Thread 2 ] WARN  FXGLAssetLoaderServi - Failed to load IMAGE
17:40:35.809 [FXGL Background Thread 2 ] WARN  FXGLAssetLoaderServi - Asset "/assets/textures/empty.png" was not found!
17:40:35.810 [FXGL Background Thread 2 ] WARN  FXGLAssetLoaderServi - Failed to load IMAGE
17:40:35.811 [FXGL Background Thread 2 ] WARN  FXGLAssetLoaderServi - Asset "/assets/textures/empty.png" was not found!
17:40:35.811 [FXGL Background Thread 2 ] WARN  FXGLAssetLoaderServi - Failed to load IMAGE
17:40:35.812 [FXGL Background Thread 2 ] WARN  FXGLAssetLoaderServi - Asset "/assets/textures/empty.png" was not found!
17:40:35.812 [FXGL Background Thread 2 ] WARN  FXGLAssetLoaderServi - Failed to load IMAGE
17:40:35.813 [FXGL Background Thread 2 ] WARN  FXGLAssetLoaderServi - Asset "/assets/textures/empty.png" was not found!
17:40:35.813 [FXGL Background Thread 2 ] WARN  FXGLAssetLoaderServi - Failed to load IMAGE
17:40:35.814 [FXGL Background Thread 2 ] WARN  FXGLAssetLoaderServi - Asset "/assets/textures/empty.png" was not found!
17:40:35.815 [FXGL Background Thread 2 ] WARN  FXGLAssetLoaderServi - Failed to load IMAGE
17:40:35.815 [FXGL Background Thread 2 ] WARN  FXGLAssetLoaderServi - Asset "/assets/textures/empty.png" was not found!
17:40:35.815 [FXGL Background Thread 2 ] WARN  FXGLAssetLoaderServi - Failed to load IMAGE
17:40:35.821 [FXGL Background Thread 2 ] DEBUG FXGLAssetLoaderServi - Loading from file system: file:/D:/projects/helloworld/FarmSimulator/target/classes/assets/textures/UI/heart_sprite.png
17:40:35.948 [FXGL Background Thread 2 ] WARN  TMXLevelLoader       - TiledMap generated from 1.12.0. Supported version: 1.9.0. Some features may not be parsed fully.
17:40:36.127 [FXGL Background Thread 2 ] DEBUG TMXLevelLoader       - Parsed TiledMap: file:/D:/projects/helloworld/FarmSimulator/target/classes/assets/levels/Main_level.tmx
17:40:36.129 [FXGL Background Thread 2 ] DEBUG TMXLevelLoader       - Creating tile layer entities
17:40:36.133 [FXGL Background Thread 2 ] DEBUG TilesetLoader        - Loading view for layer BackgroundLayer
17:40:36.146 [FXGL Background Thread 2 ] DEBUG TilesetLoader        - Created buffer with size 3520.0x2048.0
17:40:36.218 [FXGL Background Thread 3 ] DEBUG Engine               - Logging environment variables
17:40:36.219 [FXGL Background Thread 3 ] DEBUG Engine               - achievements: []
17:40:36.220 [FXGL Background Thread 3 ] DEBUG Engine               - actualHeight: 720.0
17:40:36.222 [FXGL Background Thread 3 ] DEBUG Engine               - actualHeightProperty: ReadOnlyDoubleProperty [value: 720.0]
17:40:36.223 [FXGL Background Thread 3 ] DEBUG Engine               - actualWidth: 1280.0
17:40:36.223 [FXGL Background Thread 3 ] DEBUG Engine               - actualWidthProperty: ReadOnlyDoubleProperty [value: 1280.0]
17:40:36.223 [FXGL Background Thread 3 ] DEBUG Engine               - appIcon: fxgl_icon.png
17:40:36.223 [FXGL Background Thread 3 ] DEBUG Engine               - applicationMode: DEVELOPER
17:40:36.223 [FXGL Background Thread 3 ] DEBUG Engine               - cSSList: [fxgl_dark.css]
17:40:36.223 [FXGL Background Thread 3 ] DEBUG Engine               - collisionDetectionStrategy: BRUTE_FORCE
17:40:36.223 [FXGL Background Thread 3 ] DEBUG Engine               - configClass: Optional.empty
17:40:36.223 [FXGL Background Thread 3 ] DEBUG Engine               - credits: []
17:40:36.226 [FXGL Background Thread 3 ] DEBUG Engine               - defaultCursor: CursorInfo(imageName=fxgl_default_cursor.png, hotspotX=7.0, hotspotY=6.0)
17:40:36.226 [FXGL Background Thread 3 ] DEBUG Engine               - devBBoxColorProperty: ObjectProperty [value: 0xff0000ff]
17:40:36.226 [FXGL Background Thread 3 ] DEBUG Engine               - devEnableDebugCameraProperty: BooleanProperty [value: false]
17:40:36.227 [FXGL Background Thread 3 ] DEBUG Engine               - devSensorColorProperty: ObjectProperty [value: 0xffff00ff]
17:40:36.227 [FXGL Background Thread 3 ] DEBUG Engine               - devShowBBoxProperty: BooleanProperty [value: false]
17:40:36.227 [FXGL Background Thread 3 ] DEBUG Engine               - devShowPositionProperty: BooleanProperty [value: false]
17:40:36.227 [FXGL Background Thread 3 ] DEBUG Engine               - enabledMenuItems: []
17:40:36.227 [FXGL Background Thread 3 ] DEBUG Engine               - engineServices: [class com.almasb.fxgl.app.services.FXGLAssetLoaderService, class com.almasb.fxgl.app.FXGLApplication$GameApplicationService, class com.almasb.fxgl.app.services.FXGLDialogService, class com.almasb.fxgl.app.services.IOTaskExecutorService, class com.almasb.fxgl.io.FileSystemService, class com.almasb.fxgl.localization.LocalizationService, class com.almasb.fxgl.app.services.SystemBundleService, class com.almasb.fxgl.profile.SaveLoadService, class com.almasb.fxgl.ui.FXGLUIFactoryServiceProvider, class com.almasb.fxgl.ui.FXGLDialogFactoryServiceProvider, class com.almasb.fxgl.audio.AudioPlayer, class com.almasb.fxgl.notification.impl.NotificationServiceProvider, class com.almasb.fxgl.achievement.AchievementService, class com.almasb.fxgl.cutscene.CutsceneService, class com.almasb.fxgl.minigames.MiniGameService, class com.almasb.fxgl.net.NetService, class com.almasb.fxgl.app.services.UpdaterService, class com.almasb.fxgl.dev.DevService]
17:40:36.227 [FXGL Background Thread 3 ] DEBUG Engine               - fontGame: Abel-Regular.ttf
17:40:36.227 [FXGL Background Thread 3 ] DEBUG Engine               - fontMono: TerminalLandMono-Regular.otf
17:40:36.227 [FXGL Background Thread 3 ] DEBUG Engine               - fontSizeScaleUI: 1.0
17:40:36.227 [FXGL Background Thread 3 ] DEBUG Engine               - fontText: Courier-Prime.ttf
17:40:36.227 [FXGL Background Thread 3 ] DEBUG Engine               - fontUI: VarelaRound-Regular.ttf
17:40:36.228 [FXGL Background Thread 3 ] DEBUG Engine               - fpsRefreshRate: 500.0 ms
17:40:36.228 [FXGL Background Thread 3 ] DEBUG Engine               - fullScreen: BooleanProperty [value: false]
17:40:36.228 [FXGL Background Thread 3 ] DEBUG Engine               - gameDifficulty: MEDIUM
17:40:36.228 [FXGL Background Thread 3 ] DEBUG Engine               - gameDifficultyProperty: ObjectProperty [value: MEDIUM]
17:40:36.228 [FXGL Background Thread 3 ] DEBUG Engine               - globalMusicVolume: 0.5
17:40:36.228 [FXGL Background Thread 3 ] DEBUG Engine               - globalMusicVolumeProperty: DoubleProperty [value: 0.5]
17:40:36.228 [FXGL Background Thread 3 ] DEBUG Engine               - globalSoundVolume: 0.5
17:40:36.228 [FXGL Background Thread 3 ] DEBUG Engine               - globalSoundVolumeProperty: DoubleProperty [value: 0.5]
17:40:36.228 [FXGL Background Thread 3 ] DEBUG Engine               - height: 720
17:40:36.228 [FXGL Background Thread 3 ] DEBUG Engine               - is3D: false
17:40:36.228 [FXGL Background Thread 3 ] DEBUG Engine               - isAndroid: false
17:40:36.228 [FXGL Background Thread 3 ] DEBUG Engine               - isBrowser: false
17:40:36.229 [FXGL Background Thread 3 ] DEBUG Engine               - isClickFeedbackEnabled: false
17:40:36.229 [FXGL Background Thread 3 ] DEBUG Engine               - isCloseConfirmation: false
17:40:36.229 [FXGL Background Thread 3 ] DEBUG Engine               - isDesktop: true
17:40:36.229 [FXGL Background Thread 3 ] DEBUG Engine               - isDeveloperMenuEnabled: true
17:40:36.229 [FXGL Background Thread 3 ] DEBUG Engine               - isEmbedded: false
17:40:36.229 [FXGL Background Thread 3 ] DEBUG Engine               - isEntityPreloadEnabled: true
17:40:36.229 [FXGL Background Thread 3 ] DEBUG Engine               - isExperimentalTiledLargeMap: false
17:40:36.229 [FXGL Background Thread 3 ] DEBUG Engine               - isFileSystemWriteAllowed: true
17:40:36.229 [FXGL Background Thread 3 ] DEBUG Engine               - isFullScreenAllowed: false
17:40:36.229 [FXGL Background Thread 3 ] DEBUG Engine               - isFullScreenFromStart: false
17:40:36.230 [FXGL Background Thread 3 ] DEBUG Engine               - isGameMenuEnabled: true
17:40:36.230 [FXGL Background Thread 3 ] DEBUG Engine               - isIOS: false
17:40:36.230 [FXGL Background Thread 3 ] DEBUG Engine               - isIntroEnabled: false
17:40:36.230 [FXGL Background Thread 3 ] DEBUG Engine               - isLinux: false
17:40:36.230 [FXGL Background Thread 3 ] DEBUG Engine               - isMac: false
17:40:36.230 [FXGL Background Thread 3 ] DEBUG Engine               - isMainMenuEnabled: true
17:40:36.230 [FXGL Background Thread 3 ] DEBUG Engine               - isManualResizeEnabled: false
17:40:36.231 [FXGL Background Thread 3 ] DEBUG Engine               - isMobile: false
17:40:36.231 [FXGL Background Thread 3 ] DEBUG Engine               - isNative: false
17:40:36.231 [FXGL Background Thread 3 ] DEBUG Engine               - isPauseMusicWhenMinimized: true
17:40:36.231 [FXGL Background Thread 3 ] DEBUG Engine               - isPreserveResizeRatio: false
17:40:36.231 [FXGL Background Thread 3 ] DEBUG Engine               - isProfilingEnabled: false
17:40:36.231 [FXGL Background Thread 3 ] DEBUG Engine               - isScaleAffectedOnResize: true
17:40:36.231 [FXGL Background Thread 3 ] DEBUG Engine               - isSingleStep: false
17:40:36.231 [FXGL Background Thread 3 ] DEBUG Engine               - isUserProfileEnabled: false
17:40:36.231 [FXGL Background Thread 3 ] DEBUG Engine               - isWindows: true
17:40:36.231 [FXGL Background Thread 3 ] DEBUG Engine               - language: ObjectProperty [value: ENGLISH]
17:40:36.231 [FXGL Background Thread 3 ] DEBUG Engine               - menuKey: ESCAPE
17:40:36.231 [FXGL Background Thread 3 ] DEBUG Engine               - mouseSensitivity: 0.2
17:40:36.231 [FXGL Background Thread 3 ] DEBUG Engine               - notificationViewClass: class com.almasb.fxgl.notification.view.XboxNotificationView
17:40:36.231 [FXGL Background Thread 3 ] DEBUG Engine               - pixelsPerMeter: 50.0
17:40:36.231 [FXGL Background Thread 3 ] DEBUG Engine               - platform: WINDOWS
17:40:36.231 [FXGL Background Thread 3 ] DEBUG Engine               - prefHeightProperty: ReadOnlyDoubleProperty [value: 720.0]
17:40:36.231 [FXGL Background Thread 3 ] DEBUG Engine               - prefWidthProperty: ReadOnlyDoubleProperty [value: 1280.0]
17:40:36.231 [FXGL Background Thread 3 ] DEBUG Engine               - profileDir: profiles/
17:40:36.231 [FXGL Background Thread 3 ] DEBUG Engine               - profileName: StringProperty [value: DEFAULT]
17:40:36.232 [FXGL Background Thread 3 ] DEBUG Engine               - randomSeed: -1
17:40:36.232 [FXGL Background Thread 3 ] DEBUG Engine               - runtimeInfo: RuntimeInfo(platform=WINDOWS, version=25, build=05.02.2026 22.57)
17:40:36.232 [FXGL Background Thread 3 ] DEBUG Engine               - saveFileExt: sav
17:40:36.232 [FXGL Background Thread 3 ] DEBUG Engine               - scaledHeightProp$fxgl: DoubleProperty [bound, value: 720.0]
17:40:36.232 [FXGL Background Thread 3 ] DEBUG Engine               - scaledWidthProp$fxgl: DoubleProperty [bound, value: 1280.0]
17:40:36.232 [FXGL Background Thread 3 ] DEBUG Engine               - sceneFactory: Project1Game.ui.FarmSceneFactory@6b781b1d
17:40:36.232 [FXGL Background Thread 3 ] DEBUG Engine               - secondsIn24h: 60
17:40:36.232 [FXGL Background Thread 3 ] DEBUG Engine               - soundMenuBack: menu/back.wav
17:40:36.232 [FXGL Background Thread 3 ] DEBUG Engine               - soundMenuPress: menu/press.wav
17:40:36.234 [FXGL Background Thread 3 ] DEBUG Engine               - soundMenuSelect: menu/select.wav
17:40:36.234 [FXGL Background Thread 3 ] DEBUG Engine               - soundNotification: core/notification.wav
17:40:36.235 [FXGL Background Thread 3 ] DEBUG Engine               - stageStyle: DECORATED
17:40:36.235 [FXGL Background Thread 3 ] DEBUG Engine               - supportedLanguages: [ENGLISH, FRENCH, GERMAN, HUNGARIAN, RUSSIAN]
17:40:36.235 [FXGL Background Thread 3 ] DEBUG Engine               - ticksPerSecond: -1
17:40:36.235 [FXGL Background Thread 3 ] DEBUG Engine               - title: Java Farming Professional
17:40:36.235 [FXGL Background Thread 3 ] DEBUG Engine               - urlGithub: https://github.com/AlmasB/FXGL
17:40:36.235 [FXGL Background Thread 3 ] DEBUG Engine               - urlLeaderboard: http://fxgl-top.herokuapp.com/
17:40:36.235 [FXGL Background Thread 3 ] DEBUG Engine               - urlPOM: https://raw.githubusercontent.com/AlmasB/FXGL/release/README.md
17:40:36.236 [FXGL Background Thread 3 ] DEBUG Engine               - userAppClass: class Project1Game.Main
17:40:36.236 [FXGL Background Thread 3 ] DEBUG Engine               - version: 2.5
17:40:36.237 [FXGL Background Thread 3 ] DEBUG Engine               - versionCheckDays: 7
17:40:36.238 [FXGL Background Thread 3 ] DEBUG Engine               - width: 1280
17:40:36.238 [FXGL Background Thread 3 ] DEBUG Engine               - Logging services
17:40:36.239 [FXGL Background Thread 3 ] DEBUG Engine               - class com.almasb.fxgl.app.services.FXGLAssetLoaderService
17:40:36.239 [FXGL Background Thread 3 ] DEBUG Engine               - class com.almasb.fxgl.app.FXGLApplication$GameApplicationService
17:40:36.239 [FXGL Background Thread 3 ] DEBUG Engine               - class com.almasb.fxgl.app.services.FXGLDialogService
17:40:36.239 [FXGL Background Thread 3 ] DEBUG Engine               - class com.almasb.fxgl.app.services.IOTaskExecutorService
17:40:36.239 [FXGL Background Thread 3 ] DEBUG Engine               - class com.almasb.fxgl.io.FileSystemService
17:40:36.239 [FXGL Background Thread 3 ] DEBUG Engine               - class com.almasb.fxgl.localization.LocalizationService
17:40:36.239 [FXGL Background Thread 3 ] DEBUG Engine               - class com.almasb.fxgl.app.services.SystemBundleService
17:40:36.239 [FXGL Background Thread 3 ] DEBUG Engine               - class com.almasb.fxgl.profile.SaveLoadService
17:40:36.239 [FXGL Background Thread 3 ] DEBUG Engine               - class com.almasb.fxgl.ui.FXGLUIFactoryServiceProvider
17:40:36.239 [FXGL Background Thread 3 ] DEBUG Engine               - class com.almasb.fxgl.ui.FXGLDialogFactoryServiceProvider
17:40:36.239 [FXGL Background Thread 3 ] DEBUG Engine               - class com.almasb.fxgl.audio.AudioPlayer
17:40:36.240 [FXGL Background Thread 3 ] DEBUG Engine               - class com.almasb.fxgl.notification.impl.NotificationServiceProvider
17:40:36.240 [FXGL Background Thread 3 ] DEBUG Engine               - class com.almasb.fxgl.achievement.AchievementService
17:40:36.240 [FXGL Background Thread 3 ] DEBUG Engine               - class com.almasb.fxgl.cutscene.CutsceneService
17:40:36.240 [FXGL Background Thread 3 ] DEBUG Engine               - class com.almasb.fxgl.minigames.MiniGameService
17:40:36.240 [FXGL Background Thread 3 ] DEBUG Engine               - class com.almasb.fxgl.net.NetService
17:40:36.240 [FXGL Background Thread 3 ] DEBUG Engine               - class com.almasb.fxgl.app.services.UpdaterService
17:40:36.240 [FXGL Background Thread 3 ] DEBUG Engine               - class com.almasb.fxgl.dev.DevService
17:40:36.282 [FXGL Background Thread 2 ] DEBUG TilesetLoader        - Loading view for layer DecorationLayer
17:40:36.306 [FXGL Background Thread 2 ] DEBUG TilesetLoader        - Created buffer with size 3520.0x2048.0
17:40:36.393 [FXGL Background Thread 2 ] DEBUG TilesetLoader        - Loading view for layer OverheadLayer
17:40:36.412 [FXGL Background Thread 2 ] DEBUG TilesetLoader        - Created buffer with size 3520.0x2048.0
17:40:36.415 [FXGL Background Thread 2 ] DEBUG TMXLevelLoader       - Creating object layer entities
17:40:36.455 [FXGL Background Thread 2 ] DEBUG FXGLAssetLoaderServi - Loading from file system: file:/D:/projects/helloworld/FarmSimulator/target/classes/assets/textures/Player/Carry_Idle/Carry_Idle_Down-Sheet.png
17:40:36.460 [FXGL Background Thread 2 ] DEBUG FXGLAssetLoaderServi - Loading from file system: file:/D:/projects/helloworld/FarmSimulator/target/classes/assets/textures/Player/Carry_Idle/Carry_Idle_Up-Sheet.png
17:40:36.462 [FXGL Background Thread 2 ] DEBUG FXGLAssetLoaderServi - Loading from file system: file:/D:/projects/helloworld/FarmSimulator/target/classes/assets/textures/Player/Carry_Idle/Carry_Idle_Side-Sheet.png
17:40:36.465 [FXGL Background Thread 2 ] DEBUG FXGLAssetLoaderServi - Loading from file system: file:/D:/projects/helloworld/FarmSimulator/target/classes/assets/textures/Player/Carry_Walk/Carry_Walk_Down-Sheet.png
17:40:36.472 [FXGL Background Thread 2 ] DEBUG FXGLAssetLoaderServi - Loading from file system: file:/D:/projects/helloworld/FarmSimulator/target/classes/assets/textures/Player/Carry_Walk/Carry_Walk_Up-Sheet.png
17:40:36.476 [FXGL Background Thread 2 ] DEBUG FXGLAssetLoaderServi - Loading from file system: file:/D:/projects/helloworld/FarmSimulator/target/classes/assets/textures/Player/Carry_Walk/Carry_Walk_Side-Sheet.png
17:40:36.478 [FXGL Background Thread 2 ] DEBUG FXGLAssetLoaderServi - Loading from file system: file:/D:/projects/helloworld/FarmSimulator/target/classes/assets/textures/Player/Carry_Run/Carry_Run_Down-Sheet.png
17:40:36.481 [FXGL Background Thread 2 ] DEBUG FXGLAssetLoaderServi - Loading from file system: file:/D:/projects/helloworld/FarmSimulator/target/classes/assets/textures/Player/Carry_Run/Carry_Run_Up-Sheet.png
17:40:36.484 [FXGL Background Thread 2 ] DEBUG FXGLAssetLoaderServi - Loading from file system: file:/D:/projects/helloworld/FarmSimulator/target/classes/assets/textures/Player/Carry_Run/Carry_Run_Side-Sheet.png
17:40:36.794 [FXGL Background Thread 2 ] DEBUG FXGLAssetLoaderServi - Loading from file system: file:/D:/projects/helloworld/FarmSimulator/target/classes/assets/textures/NPC/Trader/Trader.png
17:40:36.813 [FXGL Background Thread 2 ] DEBUG FXGLAssetLoaderServi - Loading from file system: file:/D:/projects/helloworld/FarmSimulator/target/classes/assets/textures/NPC/Guider/Guider.png
17:40:36.822 [FXGL Background Thread 2 ] DEBUG GameWorld            - Clearing removable entities
17:40:36.823 [FXGL Background Thread 2 ] DEBUG GameWorld            - Setting level: com.almasb.fxgl.entity.level.Level@77413393
17:40:36.997 [FXGL Background Thread 2 ] INFO  FXGLApplication      - Game initialization took: 1.494 sec
17:40:37.005 [JavaFX Application Thread] DEBUG Input                - Clearing active input actions
17:40:37.046 [JavaFX Application Thread] DEBUG GameApplicationServi - Removing overlay from FXGLLoadingScene and adding to GameScene
17:40:37.053 [JavaFX Application Thread] DEBUG PrimaryStageWindow   - FXGLLoadingScene -> GameScene
17:40:49.002 [JavaFX Application Thread] DEBUG EventBus             - Firing event: Project1Game.system.DayNightEvent[source=javafx.event.Event$$Lambda/0x000000003c1aeb00@70767535]
17:41:40.278 [JavaFX Application Thread] WARN  TMXLevelLoader       - TiledMap generated from 1.12.0. Supported version: 1.9.0. Some features may not be parsed fully.
17:41:40.283 [JavaFX Application Thread] DEBUG TMXLevelLoader       - Parsed TiledMap: file:/D:/projects/helloworld/FarmSimulator/target/classes/assets/levels/Main_house.tmx
17:41:40.283 [JavaFX Application Thread] DEBUG TMXLevelLoader       - Creating tile layer entities
17:41:40.285 [JavaFX Application Thread] DEBUG TilesetLoader        - Loading view for layer Ground
17:41:40.291 [JavaFX Application Thread] DEBUG TilesetLoader        - Created buffer with size 1024.0x1024.0
17:41:40.322 [JavaFX Application Thread] DEBUG TilesetLoader        - Loading view for layer Background
17:41:40.323 [JavaFX Application Thread] DEBUG TilesetLoader        - Created buffer with size 1024.0x1024.0
17:41:40.323 [JavaFX Application Thread] DEBUG TilesetLoader        - Loading view for layer Decoration
17:41:40.324 [JavaFX Application Thread] DEBUG TilesetLoader        - Created buffer with size 1024.0x1024.0
17:41:40.332 [JavaFX Application Thread] DEBUG TMXLevelLoader       - Creating object layer entities
17:41:40.341 [JavaFX Application Thread] DEBUG GameWorld            - Clearing removable entities
17:41:40.388 [JavaFX Application Thread] DEBUG GameWorld            - Setting level: com.almasb.fxgl.entity.level.Level@77c3d730
17:41:47.621 [JavaFX Application Thread] DEBUG EventBus             - Firing event: Project1Game.system.DayNightEvent[source=javafx.event.Event$$Lambda/0x000000003c1aeb00@70767535]
17:41:52.640 [JavaFX Application Thread] WARN  TMXLevelLoader       - TiledMap generated from 1.12.0. Supported version: 1.9.0. Some features may not be parsed fully.
17:41:52.673 [JavaFX Application Thread] DEBUG TMXLevelLoader       - Parsed TiledMap: file:/D:/projects/helloworld/FarmSimulator/target/classes/assets/levels/Main_level.tmx
17:41:52.673 [JavaFX Application Thread] DEBUG TMXLevelLoader       - Creating tile layer entities
17:41:52.674 [JavaFX Application Thread] DEBUG TilesetLoader        - Loading view for layer BackgroundLayer
17:41:52.682 [JavaFX Application Thread] DEBUG TilesetLoader        - Created buffer with size 3520.0x2048.0
17:41:52.765 [JavaFX Application Thread] DEBUG TilesetLoader        - Loading view for layer DecorationLayer
17:41:52.767 [JavaFX Application Thread] DEBUG TilesetLoader        - Created buffer with size 3520.0x2048.0
17:41:52.813 [JavaFX Application Thread] DEBUG TilesetLoader        - Loading view for layer OverheadLayer
17:41:52.817 [JavaFX Application Thread] DEBUG TilesetLoader        - Created buffer with size 3520.0x2048.0
17:41:52.819 [JavaFX Application Thread] DEBUG TMXLevelLoader       - Creating object layer entities
17:41:52.906 [JavaFX Application Thread] DEBUG GameWorld            - Clearing removable entities
17:41:52.907 [JavaFX Application Thread] DEBUG GameWorld            - Setting level: com.almasb.fxgl.entity.level.Level@5fbdb2ca
17:41:59.311 [JavaFX Application Thread] DEBUG FXGLApplication      - Exiting FXGL
17:41:59.311 [JavaFX Application Thread] DEBUG LoopRunner           - Stopping loop
17:41:59.314 [JavaFX Application Thread] DEBUG SystemBundleService  - Saving FXGL system data
17:41:59.320 [JavaFX Application Thread] DEBUG FileSystemAccess     - Writing to: D:\projects\helloworld\FarmSimulator\system\fxgl.bundle
17:41:59.327 [JavaFX Application Thread] DEBUG Async                - Shutting down background threads
17:41:59.328 [JavaFX Application Thread] DEBUG PrimaryStageWindow   - Closing main window
17:41:59.362 [JavaFX Application Thread] DEBUG Logger               - Closing Logger
