18:21:49.097 [main                     ] DEBUG Logger               - Configured Logger
18:21:49.108 [main                     ] DEBUG GameApplication      - Logging settings
Title: Untitled
Version: 0.0
Width: 1280
Height: 720
Fullscreen: false
Intro: false
Profiling: false
Single step:false
App Mode: DEVELOPER
Menu Key: ESCAPE
Stage Style: DECORATED
Scene Factory: class com.almasb.fxgl.app.scene.SceneFactory

18:21:50.807 [JavaFX Application Thread] DEBUG FXGLApplication      - Initializing FXGL
18:21:50.812 [JavaFX Application Thread] INFO  Engine               - FXGL-25 (05.02.2026 22.57) on WINDOWS (J:25.0.1 FX:25.0.1)
18:21:50.813 [JavaFX Application Thread] DEBUG Engine               - JRE Vendor Name: Oracle Corporation
18:21:50.813 [JavaFX Application Thread] DEBUG Engine               - Running on OS: Windows 11 version 10.0
18:21:50.813 [JavaFX Application Thread] DEBUG Engine               - Architecture: amd64
18:21:50.813 [JavaFX Application Thread] INFO  Engine               - Source code and latest versions at: https://github.com/AlmasB/FXGL
18:21:50.813 [JavaFX Application Thread] INFO  Engine               -       Ask questions and discuss at: https://github.com/AlmasB/FXGL/discussions
18:21:50.936 [JavaFX Application Thread] DEBUG PrimaryStageWindow   - Creating a JavaFX scene
18:21:51.049 [JavaFX Application Thread] DEBUG PrimaryStageWindow   - Target settings size: 1280.0 x 720.0
18:21:51.050 [JavaFX Application Thread] DEBUG PrimaryStageWindow   - Scaled scene size:    1280.0 x 720.0
18:21:51.050 [JavaFX Application Thread] DEBUG PrimaryStageWindow   - Scaled ratio: (1.0, 1.0)
18:21:51.051 [JavaFX Application Thread] DEBUG PrimaryStageWindow   - Set initial scene to FXGLStartupScene
18:21:51.056 [JavaFX Application Thread] DEBUG PrimaryStageWindow   - Opening main window
18:21:51.491 [JavaFX Application Thread] DEBUG PrimaryStageWindow   - Window border size: (14.4000244140625, 37.5999755859375)
18:21:51.491 [JavaFX Application Thread] DEBUG PrimaryStageWindow   - Scaled size: 1280.0 x 720.0
18:21:51.492 [JavaFX Application Thread] DEBUG PrimaryStageWindow   - Scaled ratio: (1.0, 1.0)
18:21:51.492 [JavaFX Application Thread] DEBUG PrimaryStageWindow   - Scene size: 1280.0 x 720.0
18:21:51.492 [JavaFX Application Thread] DEBUG PrimaryStageWindow   - Stage size: 1294.4000244140625 x 757.5999755859375
18:21:51.502 [FXGL Background Thread 1 ] DEBUG Engine               - Initializing environment variables
18:21:51.568 [FXGL Background Thread 1 ] DEBUG FXGLAssetLoaderServi - User app class for loading assets: class Project1Game.Main
18:21:51.569 [FXGL Background Thread 1 ] DEBUG GameApplicationServi - Applying CSS: fxgl_dark.css
18:21:51.570 [FXGL Background Thread 1 ] DEBUG FXGLAssetLoaderServi - Loading from file system: jar:file:/C:/Users/Admin/.m2/repository/com/github/almasb/fxgl/25/fxgl-25.jar!/fxglassets/ui/css/fxgl_dark.css
18:21:51.621 [FXGL Background Thread 1 ] DEBUG GameApplicationServi - Initializing application scenes
18:21:51.666 [FXGL Background Thread 1 ] DEBUG GameWorld            - Game world initialized
18:21:51.715 [FXGL Background Thread 1 ] DEBUG PhysicsWorld         - Physics world initialized: appHeight=720, physics.ppm=50.0
18:21:51.715 [FXGL Background Thread 1 ] DEBUG PhysicsWorld         - Using strategy: BRUTE_FORCE
18:21:51.719 [FXGL Background Thread 1 ] DEBUG GameScene            - Game scene initialized: 1280x720
18:21:51.734 [FXGL Background Thread 1 ] DEBUG FXGL.DefaultMenu     - createMenuBodyGameMenu()
18:21:51.754 [FXGL Background Thread 1 ] DEBUG FXGL.DefaultMenu     - createOptionsMenu()
18:21:51.765 [FXGL Background Thread 1 ] DEBUG FXGLAssetLoaderServi - Loading from file system: jar:file:/C:/Users/Admin/.m2/repository/com/github/almasb/fxgl/25/fxgl-25.jar!/fxglassets/textures/particles/smoke.png
18:21:51.852 [FXGL Background Thread 1 ] DEBUG FXGLAssetLoaderServi - Loading from file system: jar:file:/C:/Users/Admin/.m2/repository/com/github/almasb/fxgl/25/fxgl-25.jar!/fxglassets/textures/particles/trace_horizontal.png
18:21:51.884 [FXGL Background Thread 1 ] DEBUG GameApplicationServi - Application scenes initialized
18:21:51.899 [FXGL Background Thread 1 ] DEBUG SystemBundleService  - Loading FXGL system data
18:21:51.903 [FXGL Background Thread 1 ] DEBUG FileSystemAccess     - Reading from: D:\GameDevelop\Project1\system\fxgl.bundle
18:21:51.911 [FXGL Background Thread 1 ] DEBUG SystemBundleService  - Bundle FXGL: {}
18:21:51.911 [FXGL Background Thread 1 ] DEBUG UpdaterService       - Checking for updates
18:21:51.942 [FXGL Background Thread 4 ] DEBUG FXGLApplication      - Loading fonts
18:21:51.942 [FXGL Background Thread 4 ] DEBUG FXGLAssetLoaderServi - Loading from file system: jar:file:/C:/Users/Admin/.m2/repository/com/github/almasb/fxgl/25/fxgl-25.jar!/fxglassets/ui/fonts/VarelaRound-Regular.ttf
18:21:51.942 [FXGL Background Thread 1 ] DEBUG FXGLApplication      - Loading default localization
18:21:51.943 [FXGL Background Thread 1 ] DEBUG FXGLAssetLoaderServi - Loading from file system: jar:file:/C:/Users/Admin/.m2/repository/com/github/almasb/fxgl/25/fxgl-25.jar!/fxglassets/languages/english.lang
18:21:51.956 [FXGL Background Thread 1 ] INFO  FXGLApplication      - FXGL initialization took: 0.453 sec
18:21:51.966 [JavaFX Application Thread] DEBUG Input                - Registered new binding: Move Right - D
18:21:51.967 [JavaFX Application Thread] DEBUG Input                - Registered new binding: Move Left - A
18:21:51.967 [JavaFX Application Thread] DEBUG Input                - Registered new binding: Move Up - W
18:21:51.967 [JavaFX Application Thread] DEBUG Input                - Registered new binding: Move Down - S
18:21:51.968 [JavaFX Application Thread] DEBUG Input                - Registered new binding: action0 - R
18:21:51.968 [JavaFX Application Thread] DEBUG Input                - Registered new binding: action1 - F
18:21:51.968 [JavaFX Application Thread] DEBUG Input                - Registered new binding: action2 - E
18:21:51.968 [JavaFX Application Thread] DEBUG Input                - Registered new binding: action3 - 1
18:21:51.970 [JavaFX Application Thread] DEBUG Input                - Registered new binding: action4 - 2
18:21:51.970 [JavaFX Application Thread] DEBUG Input                - Registered new binding: action5 - 3
18:21:51.970 [JavaFX Application Thread] DEBUG Input                - Registered new binding: action6 - 4
18:21:51.971 [JavaFX Application Thread] DEBUG Input                - Registered new binding: action7 - 5
18:21:51.971 [JavaFX Application Thread] DEBUG Input                - Registered new binding: action8 - 6
18:21:51.971 [JavaFX Application Thread] DEBUG Input                - Registered new binding: action9 - 7
18:21:51.972 [JavaFX Application Thread] DEBUG Input                - Registered new binding: action10 - 8
18:21:51.972 [JavaFX Application Thread] DEBUG Input                - Registered new binding: action11 - 9
18:21:51.972 [JavaFX Application Thread] DEBUG Input                - Registered new binding: action12 - Q
18:21:51.974 [JavaFX Application Thread] DEBUG Input                - Registered new binding: action13 - Tab
18:21:51.974 [JavaFX Application Thread] DEBUG FXGLAssetLoaderServi - Loading from file system: jar:file:/C:/Users/Admin/.m2/repository/com/github/almasb/fxgl/25/fxgl-25.jar!/fxglassets/textures/fxgl_icon.png
18:21:51.982 [FXGL Background Thread 4 ] DEBUG FXGLAssetLoaderServi - Loading from file system: jar:file:/C:/Users/Admin/.m2/repository/com/github/almasb/fxgl/25/fxgl-25.jar!/fxglassets/ui/fonts/Abel-Regular.ttf
18:21:51.994 [JavaFX Application Thread] DEBUG FXGLAssetLoaderServi - Loading from file system: jar:file:/C:/Users/Admin/.m2/repository/com/github/almasb/fxgl/25/fxgl-25.jar!/fxglassets/textures/fxgl_default_cursor.png
18:21:51.995 [FXGL Background Thread 4 ] DEBUG FXGLAssetLoaderServi - Loading from file system: jar:file:/C:/Users/Admin/.m2/repository/com/github/almasb/fxgl/25/fxgl-25.jar!/fxglassets/ui/fonts/TerminalLandMono-Regular.otf
18:21:51.997 [JavaFX Application Thread] DEBUG Input                - Registered new binding: Screenshot - CTRL+8
18:21:51.998 [JavaFX Application Thread] DEBUG Input                - Registered new binding: Dev Options - 1
18:21:51.998 [JavaFX Application Thread] DEBUG Input                - Registered new binding: Dev Console - 2
18:21:51.998 [JavaFX Application Thread] DEBUG Input                - Registered new binding: System info dump - CTRL+9
18:21:51.999 [JavaFX Application Thread] DEBUG Input                - Registered new binding: Restart - CTRL+R
18:21:52.000 [JavaFX Application Thread] DEBUG Input                - Registered new binding: Toggle Debug Camera - CTRL+7
18:21:52.003 [JavaFX Application Thread] DEBUG LoopRunner           - Starting loop
18:21:52.009 [FXGL Background Thread 4 ] DEBUG FXGLAssetLoaderServi - Loading from file system: jar:file:/C:/Users/Admin/.m2/repository/com/github/almasb/fxgl/25/fxgl-25.jar!/fxglassets/ui/fonts/Courier-Prime.ttf
18:21:52.016 [JavaFX Application Thread] DEBUG LoopRunner           - Initializing JavaFX AnimationTimerLoop
18:21:52.020 [JavaFX Application Thread] DEBUG GameApplicationServi - Starting new game
18:21:52.020 [JavaFX Application Thread] DEBUG Input                - Clearing active input actions
18:21:52.034 [JavaFX Application Thread] DEBUG GameApplicationServi - Removing overlay from FXGLStartupScene and adding to FXGLLoadingScene
18:21:52.038 [JavaFX Application Thread] DEBUG PrimaryStageWindow   - FXGLStartupScene -> FXGLLoadingScene
18:21:52.038 [JavaFX Application Thread] DEBUG GameApplicationServi - Clearing previous game
18:21:52.038 [JavaFX Application Thread] DEBUG GameScene            - Clearing game scene
18:21:52.038 [JavaFX Application Thread] DEBUG GameWorld            - Clearing game world
18:21:52.038 [JavaFX Application Thread] DEBUG PhysicsWorld         - Clearing physics world
18:21:52.040 [FXGL Background Thread 4 ] DEBUG FXGLApplication      - Initializing game
18:21:52.092 [FXGL Background Thread 4 ] WARN  TMXLevelLoader       - TiledMap generated from 1.12.0. Supported version: 1.9.0. Some features may not be parsed fully.
18:21:52.148 [FXGL Background Thread 4 ] DEBUG TMXLevelLoader       - Parsed TiledMap: file:/D:/GameDevelop/Project1/target/classes/assets/levels/Main_level.tmx
18:21:52.150 [FXGL Background Thread 4 ] DEBUG TMXLevelLoader       - Creating tile layer entities
18:21:52.152 [FXGL Background Thread 4 ] DEBUG TilesetLoader        - Loading view for layer BackgroundLayer
18:21:52.158 [FXGL Background Thread 4 ] DEBUG TilesetLoader        - Created buffer with size 3520.0x2048.0
18:21:52.239 [FXGL Background Thread 4 ] DEBUG TilesetLoader        - Loading view for layer DecorationLayer
18:21:52.249 [FXGL Background Thread 4 ] DEBUG TilesetLoader        - Created buffer with size 3520.0x2048.0
18:21:52.298 [FXGL Background Thread 4 ] DEBUG TilesetLoader        - Loading view for layer OverheadLayer
18:21:52.308 [FXGL Background Thread 4 ] DEBUG TilesetLoader        - Created buffer with size 3520.0x2048.0
18:21:52.309 [JavaFX Application Thread] DEBUG FXGLApplication      - Registering font factories with UI factory
18:21:52.312 [FXGL Background Thread 4 ] DEBUG TMXLevelLoader       - Creating object layer entities
18:21:52.334 [FXGL Background Thread 4 ] DEBUG FXGLAssetLoaderServi - Loading from file system: file:/D:/GameDevelop/Project1/target/classes/assets/textures/Player/Carry_Idle/Carry_Idle_Down-Sheet.png
18:21:52.337 [FXGL Background Thread 4 ] DEBUG FXGLAssetLoaderServi - Loading from file system: file:/D:/GameDevelop/Project1/target/classes/assets/textures/Player/Carry_Idle/Carry_Idle_Up-Sheet.png
18:21:52.339 [FXGL Background Thread 4 ] DEBUG FXGLAssetLoaderServi - Loading from file system: file:/D:/GameDevelop/Project1/target/classes/assets/textures/Player/Carry_Idle/Carry_Idle_Side-Sheet.png
18:21:52.340 [FXGL Background Thread 4 ] DEBUG FXGLAssetLoaderServi - Loading from file system: file:/D:/GameDevelop/Project1/target/classes/assets/textures/Player/Carry_Walk/Carry_Walk_Down-Sheet.png
18:21:52.342 [FXGL Background Thread 4 ] DEBUG FXGLAssetLoaderServi - Loading from file system: file:/D:/GameDevelop/Project1/target/classes/assets/textures/Player/Carry_Walk/Carry_Walk_Up-Sheet.png
18:21:52.343 [FXGL Background Thread 4 ] DEBUG FXGLAssetLoaderServi - Loading from file system: file:/D:/GameDevelop/Project1/target/classes/assets/textures/Player/Carry_Walk/Carry_Walk_Side-Sheet.png
18:21:52.345 [FXGL Background Thread 4 ] DEBUG FXGLAssetLoaderServi - Loading from file system: file:/D:/GameDevelop/Project1/target/classes/assets/textures/Player/Carry_Run/Carry_Run_Down-Sheet.png
18:21:52.348 [FXGL Background Thread 4 ] DEBUG FXGLAssetLoaderServi - Loading from file system: file:/D:/GameDevelop/Project1/target/classes/assets/textures/Player/Carry_Run/Carry_Run_Up-Sheet.png
18:21:52.349 [FXGL Background Thread 4 ] DEBUG FXGLAssetLoaderServi - Loading from file system: file:/D:/GameDevelop/Project1/target/classes/assets/textures/Player/Carry_Run/Carry_Run_Side-Sheet.png
18:21:52.531 [FXGL Background Thread 4 ] DEBUG GameWorld            - Clearing removable entities
18:21:52.532 [FXGL Background Thread 4 ] DEBUG GameWorld            - Setting level: com.almasb.fxgl.entity.level.Level@2773c311
18:21:52.591 [FXGL Background Thread 4 ] DEBUG FXGLAssetLoaderServi - Loading from file system: file:/D:/GameDevelop/Project1/target/classes/assets/textures/Crops/soil_1.png
18:21:52.596 [FXGL Background Thread 4 ] DEBUG FXGLAssetLoaderServi - Loading from file system: file:/D:/GameDevelop/Project1/target/classes/assets/textures/Crops/rice_1.png
18:21:52.598 [FXGL Background Thread 4 ] DEBUG FXGLAssetLoaderServi - Loading from file system: file:/D:/GameDevelop/Project1/target/classes/assets/textures/Crops/rice_3.png
18:21:52.601 [FXGL Background Thread 4 ] DEBUG FXGLAssetLoaderServi - Loading from file system: file:/D:/GameDevelop/Project1/target/classes/assets/textures/Crops/soil_2.png
18:21:52.604 [FXGL Background Thread 4 ] DEBUG FXGLAssetLoaderServi - Loading from file system: file:/D:/GameDevelop/Project1/target/classes/assets/textures/UI/heart_sprite.png
18:21:52.609 [FXGL Background Thread 4 ] INFO  FXGLApplication      - Game initialization took: 0.568 sec
18:21:52.610 [JavaFX Application Thread] DEBUG Input                - Clearing active input actions
18:21:52.633 [JavaFX Application Thread] DEBUG GameApplicationServi - Removing overlay from FXGLLoadingScene and adding to GameScene
18:21:52.637 [JavaFX Application Thread] DEBUG PrimaryStageWindow   - FXGLLoadingScene -> GameScene
18:21:54.942 [FXGL Background Thread 3 ] DEBUG Engine               - Logging environment variables
18:21:54.943 [FXGL Background Thread 3 ] DEBUG Engine               - achievements: []
18:21:54.943 [FXGL Background Thread 3 ] DEBUG Engine               - actualHeight: 720.0
18:21:54.943 [FXGL Background Thread 3 ] DEBUG Engine               - actualHeightProperty: ReadOnlyDoubleProperty [value: 720.0]
18:21:54.943 [FXGL Background Thread 3 ] DEBUG Engine               - actualWidth: 1280.0
18:21:54.943 [FXGL Background Thread 3 ] DEBUG Engine               - actualWidthProperty: ReadOnlyDoubleProperty [value: 1280.0]
18:21:54.943 [FXGL Background Thread 3 ] DEBUG Engine               - appIcon: fxgl_icon.png
18:21:54.943 [FXGL Background Thread 3 ] DEBUG Engine               - applicationMode: DEVELOPER
18:21:54.943 [FXGL Background Thread 3 ] DEBUG Engine               - cSSList: [fxgl_dark.css]
18:21:54.943 [FXGL Background Thread 3 ] DEBUG Engine               - collisionDetectionStrategy: BRUTE_FORCE
18:21:54.943 [FXGL Background Thread 3 ] DEBUG Engine               - configClass: Optional.empty
18:21:54.943 [FXGL Background Thread 3 ] DEBUG Engine               - credits: []
18:21:54.943 [FXGL Background Thread 3 ] DEBUG Engine               - defaultCursor: CursorInfo(imageName=fxgl_default_cursor.png, hotspotX=7.0, hotspotY=6.0)
18:21:54.944 [FXGL Background Thread 3 ] DEBUG Engine               - devBBoxColorProperty: ObjectProperty [value: 0xff0000ff]
18:21:54.944 [FXGL Background Thread 3 ] DEBUG Engine               - devEnableDebugCameraProperty: BooleanProperty [value: false]
18:21:54.944 [FXGL Background Thread 3 ] DEBUG Engine               - devSensorColorProperty: ObjectProperty [value: 0xffff00ff]
18:21:54.944 [FXGL Background Thread 3 ] DEBUG Engine               - devShowBBoxProperty: BooleanProperty [value: false]
18:21:54.944 [FXGL Background Thread 3 ] DEBUG Engine               - devShowPositionProperty: BooleanProperty [value: false]
18:21:54.944 [FXGL Background Thread 3 ] DEBUG Engine               - enabledMenuItems: []
18:21:54.944 [FXGL Background Thread 3 ] DEBUG Engine               - engineServices: [class com.almasb.fxgl.app.services.FXGLAssetLoaderService, class com.almasb.fxgl.app.FXGLApplication$GameApplicationService, class com.almasb.fxgl.app.services.FXGLDialogService, class com.almasb.fxgl.app.services.IOTaskExecutorService, class com.almasb.fxgl.io.FileSystemService, class com.almasb.fxgl.localization.LocalizationService, class com.almasb.fxgl.app.services.SystemBundleService, class com.almasb.fxgl.profile.SaveLoadService, class com.almasb.fxgl.ui.FXGLUIFactoryServiceProvider, class com.almasb.fxgl.ui.FXGLDialogFactoryServiceProvider, class com.almasb.fxgl.audio.AudioPlayer, class com.almasb.fxgl.notification.impl.NotificationServiceProvider, class com.almasb.fxgl.achievement.AchievementService, class com.almasb.fxgl.cutscene.CutsceneService, class com.almasb.fxgl.minigames.MiniGameService, class com.almasb.fxgl.net.NetService, class com.almasb.fxgl.app.services.UpdaterService, class com.almasb.fxgl.dev.DevService]
18:21:54.944 [FXGL Background Thread 3 ] DEBUG Engine               - fontGame: Abel-Regular.ttf
18:21:54.944 [FXGL Background Thread 3 ] DEBUG Engine               - fontMono: TerminalLandMono-Regular.otf
18:21:54.945 [FXGL Background Thread 3 ] DEBUG Engine               - fontSizeScaleUI: 1.0
18:21:54.945 [FXGL Background Thread 3 ] DEBUG Engine               - fontText: Courier-Prime.ttf
18:21:54.945 [FXGL Background Thread 3 ] DEBUG Engine               - fontUI: VarelaRound-Regular.ttf
18:21:54.945 [FXGL Background Thread 3 ] DEBUG Engine               - fpsRefreshRate: 500.0 ms
18:21:54.945 [FXGL Background Thread 3 ] DEBUG Engine               - fullScreen: BooleanProperty [value: false]
18:21:54.945 [FXGL Background Thread 3 ] DEBUG Engine               - gameDifficulty: MEDIUM
18:21:54.945 [FXGL Background Thread 3 ] DEBUG Engine               - gameDifficultyProperty: ObjectProperty [value: MEDIUM]
18:21:54.945 [FXGL Background Thread 3 ] DEBUG Engine               - globalMusicVolume: 0.5
18:21:54.945 [FXGL Background Thread 3 ] DEBUG Engine               - globalMusicVolumeProperty: DoubleProperty [value: 0.5]
18:21:54.945 [FXGL Background Thread 3 ] DEBUG Engine               - globalSoundVolume: 0.5
18:21:54.945 [FXGL Background Thread 3 ] DEBUG Engine               - globalSoundVolumeProperty: DoubleProperty [value: 0.5]
18:21:54.945 [FXGL Background Thread 3 ] DEBUG Engine               - height: 720
18:21:54.945 [FXGL Background Thread 3 ] DEBUG Engine               - is3D: false
18:21:54.945 [FXGL Background Thread 3 ] DEBUG Engine               - isAndroid: false
18:21:54.945 [FXGL Background Thread 3 ] DEBUG Engine               - isBrowser: false
18:21:54.945 [FXGL Background Thread 3 ] DEBUG Engine               - isClickFeedbackEnabled: false
18:21:54.945 [FXGL Background Thread 3 ] DEBUG Engine               - isCloseConfirmation: false
18:21:54.945 [FXGL Background Thread 3 ] DEBUG Engine               - isDesktop: true
18:21:54.945 [FXGL Background Thread 3 ] DEBUG Engine               - isDeveloperMenuEnabled: true
18:21:54.945 [FXGL Background Thread 3 ] DEBUG Engine               - isEmbedded: false
18:21:54.945 [FXGL Background Thread 3 ] DEBUG Engine               - isEntityPreloadEnabled: true
18:21:54.945 [FXGL Background Thread 3 ] DEBUG Engine               - isExperimentalTiledLargeMap: false
18:21:54.945 [FXGL Background Thread 3 ] DEBUG Engine               - isFileSystemWriteAllowed: true
18:21:54.945 [FXGL Background Thread 3 ] DEBUG Engine               - isFullScreenAllowed: false
18:21:54.945 [FXGL Background Thread 3 ] DEBUG Engine               - isFullScreenFromStart: false
18:21:54.945 [FXGL Background Thread 3 ] DEBUG Engine               - isGameMenuEnabled: true
18:21:54.945 [FXGL Background Thread 3 ] DEBUG Engine               - isIOS: false
18:21:54.945 [FXGL Background Thread 3 ] DEBUG Engine               - isIntroEnabled: false
18:21:54.945 [FXGL Background Thread 3 ] DEBUG Engine               - isLinux: false
18:21:54.945 [FXGL Background Thread 3 ] DEBUG Engine               - isMac: false
18:21:54.945 [FXGL Background Thread 3 ] DEBUG Engine               - isMainMenuEnabled: false
18:21:54.945 [FXGL Background Thread 3 ] DEBUG Engine               - isManualResizeEnabled: false
18:21:54.945 [FXGL Background Thread 3 ] DEBUG Engine               - isMobile: false
18:21:54.945 [FXGL Background Thread 3 ] DEBUG Engine               - isNative: false
18:21:54.945 [FXGL Background Thread 3 ] DEBUG Engine               - isPauseMusicWhenMinimized: true
18:21:54.945 [FXGL Background Thread 3 ] DEBUG Engine               - isPreserveResizeRatio: false
18:21:54.945 [FXGL Background Thread 3 ] DEBUG Engine               - isProfilingEnabled: false
18:21:54.946 [FXGL Background Thread 3 ] DEBUG Engine               - isScaleAffectedOnResize: true
18:21:54.946 [FXGL Background Thread 3 ] DEBUG Engine               - isSingleStep: false
18:21:54.946 [FXGL Background Thread 3 ] DEBUG Engine               - isUserProfileEnabled: false
18:21:54.946 [FXGL Background Thread 3 ] DEBUG Engine               - isWindows: true
18:21:54.946 [FXGL Background Thread 3 ] DEBUG Engine               - language: ObjectProperty [value: ENGLISH]
18:21:54.946 [FXGL Background Thread 3 ] DEBUG Engine               - menuKey: ESCAPE
18:21:54.946 [FXGL Background Thread 3 ] DEBUG Engine               - mouseSensitivity: 0.2
18:21:54.946 [FXGL Background Thread 3 ] DEBUG Engine               - notificationViewClass: class com.almasb.fxgl.notification.view.XboxNotificationView
18:21:54.946 [FXGL Background Thread 3 ] DEBUG Engine               - pixelsPerMeter: 50.0
18:21:54.946 [FXGL Background Thread 3 ] DEBUG Engine               - platform: WINDOWS
18:21:54.946 [FXGL Background Thread 3 ] DEBUG Engine               - prefHeightProperty: ReadOnlyDoubleProperty [value: 720.0]
18:21:54.946 [FXGL Background Thread 3 ] DEBUG Engine               - prefWidthProperty: ReadOnlyDoubleProperty [value: 1280.0]
18:21:54.946 [FXGL Background Thread 3 ] DEBUG Engine               - profileDir: profiles/
18:21:54.946 [FXGL Background Thread 3 ] DEBUG Engine               - profileName: StringProperty [value: DEFAULT]
18:21:54.946 [FXGL Background Thread 3 ] DEBUG Engine               - randomSeed: -1
18:21:54.946 [FXGL Background Thread 3 ] DEBUG Engine               - runtimeInfo: RuntimeInfo(platform=WINDOWS, version=25, build=05.02.2026 22.57)
18:21:54.946 [FXGL Background Thread 3 ] DEBUG Engine               - saveFileExt: sav
18:21:54.946 [FXGL Background Thread 3 ] DEBUG Engine               - scaledHeightProp$fxgl: DoubleProperty [bound, value: 720.0]
18:21:54.946 [FXGL Background Thread 3 ] DEBUG Engine               - scaledWidthProp$fxgl: DoubleProperty [bound, value: 1280.0]
18:21:54.946 [FXGL Background Thread 3 ] DEBUG Engine               - sceneFactory: com.almasb.fxgl.app.scene.SceneFactory@7ca3a2a2
18:21:54.946 [FXGL Background Thread 3 ] DEBUG Engine               - secondsIn24h: 60
18:21:54.946 [FXGL Background Thread 3 ] DEBUG Engine               - soundMenuBack: menu/back.wav
18:21:54.946 [FXGL Background Thread 3 ] DEBUG Engine               - soundMenuPress: menu/press.wav
18:21:54.946 [FXGL Background Thread 3 ] DEBUG Engine               - soundMenuSelect: menu/select.wav
18:21:54.946 [FXGL Background Thread 3 ] DEBUG Engine               - soundNotification: core/notification.wav
18:21:54.946 [FXGL Background Thread 3 ] DEBUG Engine               - stageStyle: DECORATED
18:21:54.946 [FXGL Background Thread 3 ] DEBUG Engine               - supportedLanguages: [ENGLISH, FRENCH, GERMAN, HUNGARIAN, RUSSIAN]
18:21:54.946 [FXGL Background Thread 3 ] DEBUG Engine               - ticksPerSecond: -1
18:21:54.946 [FXGL Background Thread 3 ] DEBUG Engine               - title: Untitled
18:21:54.946 [FXGL Background Thread 3 ] DEBUG Engine               - urlGithub: https://github.com/AlmasB/FXGL
18:21:54.946 [FXGL Background Thread 3 ] DEBUG Engine               - urlLeaderboard: http://fxgl-top.herokuapp.com/
18:21:54.946 [FXGL Background Thread 3 ] DEBUG Engine               - urlPOM: https://raw.githubusercontent.com/AlmasB/FXGL/release/README.md
18:21:54.946 [FXGL Background Thread 3 ] DEBUG Engine               - userAppClass: class Project1Game.Main
18:21:54.946 [FXGL Background Thread 3 ] DEBUG Engine               - version: 0.0
18:21:54.946 [FXGL Background Thread 3 ] DEBUG Engine               - versionCheckDays: 7
18:21:54.946 [FXGL Background Thread 3 ] DEBUG Engine               - width: 1280
18:21:54.946 [FXGL Background Thread 3 ] DEBUG Engine               - Logging services
18:21:54.946 [FXGL Background Thread 3 ] DEBUG Engine               - class com.almasb.fxgl.app.services.FXGLAssetLoaderService
18:21:54.946 [FXGL Background Thread 3 ] DEBUG Engine               - class com.almasb.fxgl.app.FXGLApplication$GameApplicationService
18:21:54.946 [FXGL Background Thread 3 ] DEBUG Engine               - class com.almasb.fxgl.app.services.FXGLDialogService
18:21:54.946 [FXGL Background Thread 3 ] DEBUG Engine               - class com.almasb.fxgl.app.services.IOTaskExecutorService
18:21:54.947 [FXGL Background Thread 3 ] DEBUG Engine               - class com.almasb.fxgl.io.FileSystemService
18:21:54.947 [FXGL Background Thread 3 ] DEBUG Engine               - class com.almasb.fxgl.localization.LocalizationService
18:21:54.947 [FXGL Background Thread 3 ] DEBUG Engine               - class com.almasb.fxgl.app.services.SystemBundleService
18:21:54.947 [FXGL Background Thread 3 ] DEBUG Engine               - class com.almasb.fxgl.profile.SaveLoadService
18:21:54.947 [FXGL Background Thread 3 ] DEBUG Engine               - class com.almasb.fxgl.ui.FXGLUIFactoryServiceProvider
18:21:54.947 [FXGL Background Thread 3 ] DEBUG Engine               - class com.almasb.fxgl.ui.FXGLDialogFactoryServiceProvider
18:21:54.947 [FXGL Background Thread 3 ] DEBUG Engine               - class com.almasb.fxgl.audio.AudioPlayer
18:21:54.947 [FXGL Background Thread 3 ] DEBUG Engine               - class com.almasb.fxgl.notification.impl.NotificationServiceProvider
18:21:54.947 [FXGL Background Thread 3 ] DEBUG Engine               - class com.almasb.fxgl.achievement.AchievementService
18:21:54.947 [FXGL Background Thread 3 ] DEBUG Engine               - class com.almasb.fxgl.cutscene.CutsceneService
18:21:54.947 [FXGL Background Thread 3 ] DEBUG Engine               - class com.almasb.fxgl.minigames.MiniGameService
18:21:54.947 [FXGL Background Thread 3 ] DEBUG Engine               - class com.almasb.fxgl.net.NetService
18:21:54.947 [FXGL Background Thread 3 ] DEBUG Engine               - class com.almasb.fxgl.app.services.UpdaterService
18:21:54.947 [FXGL Background Thread 3 ] DEBUG Engine               - class com.almasb.fxgl.dev.DevService
18:22:41.423 [JavaFX Application Thread] DEBUG PrimaryStageWindow   - Push state: FXGLDefaultMenu
18:22:41.427 [JavaFX Application Thread] DEBUG Input                - Clearing active input actions
18:22:41.429 [JavaFX Application Thread] DEBUG GameApplicationServi - Removing overlay from GameScene and adding to FXGLDefaultMenu
18:22:41.431 [JavaFX Application Thread] DEBUG PrimaryStageWindow   - GameScene -> FXGLDefaultMenu
18:22:42.513 [JavaFX Application Thread] DEBUG PrimaryStageWindow   - Pop state: FXGLDefaultMenu
18:22:42.513 [JavaFX Application Thread] DEBUG Input                - Clearing active input actions
18:22:42.513 [JavaFX Application Thread] DEBUG GameApplicationServi - Removing overlay from FXGLDefaultMenu and adding to GameScene
18:22:42.515 [JavaFX Application Thread] DEBUG PrimaryStageWindow   - GameScene <- FXGLDefaultMenu
18:23:08.573 [JavaFX Application Thread] DEBUG FXGLApplication      - Exiting FXGL
18:23:08.573 [JavaFX Application Thread] DEBUG LoopRunner           - Stopping loop
18:23:08.574 [JavaFX Application Thread] DEBUG SystemBundleService  - Saving FXGL system data
18:23:08.577 [JavaFX Application Thread] DEBUG FileSystemAccess     - Writing to: D:\GameDevelop\Project1\system\fxgl.bundle
18:23:08.579 [JavaFX Application Thread] DEBUG Async                - Shutting down background threads
18:23:08.580 [JavaFX Application Thread] DEBUG PrimaryStageWindow   - Closing main window
18:23:08.598 [JavaFX Application Thread] DEBUG Logger               - Closing Logger
