22:14:03.994 [main                     ] DEBUG Logger               - Configured Logger
22:14:03.998 [main                     ] DEBUG GameApplication      - Logging settings
Title: Untitled
Version: 0.0
Width: 1280
Height: 720
Fullscreen: false
Intro: false
Profiling: false
Single step:false
App Mode: DEVELOPER
Menu Key: ESCAPE
Stage Style: DECORATED
Scene Factory: class com.almasb.fxgl.app.scene.SceneFactory

22:14:04.324 [JavaFX Application Thread] DEBUG FXGLApplication      - Initializing FXGL
22:14:04.327 [JavaFX Application Thread] INFO  Engine               - FXGL-25 (05.02.2026 22.57) on WINDOWS (J:25.0.1 FX:25.0.1)
22:14:04.327 [JavaFX Application Thread] DEBUG Engine               - JRE Vendor Name: Oracle Corporation
22:14:04.327 [JavaFX Application Thread] DEBUG Engine               - Running on OS: Windows 11 version 10.0
22:14:04.327 [JavaFX Application Thread] DEBUG Engine               - Architecture: amd64
22:14:04.327 [JavaFX Application Thread] INFO  Engine               - Source code and latest versions at: https://github.com/AlmasB/FXGL
22:14:04.327 [JavaFX Application Thread] INFO  Engine               -       Ask questions and discuss at: https://github.com/AlmasB/FXGL/discussions
22:14:04.401 [JavaFX Application Thread] DEBUG PrimaryStageWindow   - Creating a JavaFX scene
22:14:04.436 [JavaFX Application Thread] DEBUG PrimaryStageWindow   - Target settings size: 1280.0 x 720.0
22:14:04.437 [JavaFX Application Thread] DEBUG PrimaryStageWindow   - Scaled scene size:    1280.0 x 720.0
22:14:04.437 [JavaFX Application Thread] DEBUG PrimaryStageWindow   - Scaled ratio: (1.0, 1.0)
22:14:04.437 [JavaFX Application Thread] DEBUG PrimaryStageWindow   - Set initial scene to FXGLStartupScene
22:14:04.441 [JavaFX Application Thread] DEBUG PrimaryStageWindow   - Opening main window
22:14:04.699 [JavaFX Application Thread] DEBUG PrimaryStageWindow   - Window border size: (14.4000244140625, 37.5999755859375)
22:14:04.699 [JavaFX Application Thread] DEBUG PrimaryStageWindow   - Scaled size: 1280.0 x 720.0
22:14:04.700 [JavaFX Application Thread] DEBUG PrimaryStageWindow   - Scaled ratio: (1.0, 1.0)
22:14:04.700 [JavaFX Application Thread] DEBUG PrimaryStageWindow   - Scene size: 1280.0 x 720.0
22:14:04.700 [JavaFX Application Thread] DEBUG PrimaryStageWindow   - Stage size: 1294.4000244140625 x 757.5999755859375
22:14:04.707 [FXGL Background Thread 1 ] DEBUG Engine               - Initializing environment variables
22:14:04.747 [FXGL Background Thread 1 ] DEBUG FXGLAssetLoaderServi - User app class for loading assets: class Project1Game.Main
22:14:04.747 [FXGL Background Thread 1 ] DEBUG GameApplicationServi - Applying CSS: fxgl_dark.css
22:14:04.747 [FXGL Background Thread 1 ] DEBUG FXGLAssetLoaderServi - Loading from file system: jar:file:/C:/Users/Admin/.m2/repository/com/github/almasb/fxgl/25/fxgl-25.jar!/fxglassets/ui/css/fxgl_dark.css
22:14:04.781 [FXGL Background Thread 1 ] DEBUG GameApplicationServi - Initializing application scenes
22:14:04.813 [FXGL Background Thread 1 ] DEBUG GameWorld            - Game world initialized
22:14:04.844 [FXGL Background Thread 1 ] DEBUG PhysicsWorld         - Physics world initialized: appHeight=720, physics.ppm=50.0
22:14:04.844 [FXGL Background Thread 1 ] DEBUG PhysicsWorld         - Using strategy: BRUTE_FORCE
22:14:04.849 [FXGL Background Thread 1 ] DEBUG GameScene            - Game scene initialized: 1280x720
22:14:04.858 [FXGL Background Thread 1 ] DEBUG FXGL.DefaultMenu     - createMenuBodyGameMenu()
22:14:04.873 [FXGL Background Thread 1 ] DEBUG FXGL.DefaultMenu     - createOptionsMenu()
22:14:04.881 [FXGL Background Thread 1 ] DEBUG FXGLAssetLoaderServi - Loading from file system: jar:file:/C:/Users/Admin/.m2/repository/com/github/almasb/fxgl/25/fxgl-25.jar!/fxglassets/textures/particles/smoke.png
22:14:04.944 [FXGL Background Thread 1 ] DEBUG FXGLAssetLoaderServi - Loading from file system: jar:file:/C:/Users/Admin/.m2/repository/com/github/almasb/fxgl/25/fxgl-25.jar!/fxglassets/textures/particles/trace_horizontal.png
22:14:04.969 [FXGL Background Thread 1 ] DEBUG GameApplicationServi - Application scenes initialized
22:14:04.981 [FXGL Background Thread 1 ] DEBUG SystemBundleService  - Loading FXGL system data
22:14:04.985 [FXGL Background Thread 1 ] DEBUG FileSystemAccess     - Reading from: D:\GameDevelop\Project1\system\fxgl.bundle
22:14:04.991 [FXGL Background Thread 1 ] DEBUG SystemBundleService  - Bundle FXGL: {}
22:14:04.991 [FXGL Background Thread 1 ] DEBUG UpdaterService       - Checking for updates
22:14:05.011 [FXGL Background Thread 4 ] DEBUG FXGLApplication      - Loading fonts
22:14:05.013 [FXGL Background Thread 4 ] DEBUG FXGLAssetLoaderServi - Loading from file system: jar:file:/C:/Users/Admin/.m2/repository/com/github/almasb/fxgl/25/fxgl-25.jar!/fxglassets/ui/fonts/VarelaRound-Regular.ttf
22:14:05.013 [FXGL Background Thread 1 ] DEBUG FXGLApplication      - Loading default localization
22:14:05.013 [FXGL Background Thread 1 ] DEBUG FXGLAssetLoaderServi - Loading from file system: jar:file:/C:/Users/Admin/.m2/repository/com/github/almasb/fxgl/25/fxgl-25.jar!/fxglassets/languages/english.lang
22:14:05.021 [FXGL Background Thread 1 ] INFO  FXGLApplication      - FXGL initialization took: 0.314 sec
22:14:05.029 [JavaFX Application Thread] DEBUG Input                - Registered new binding: Move Right - D
22:14:05.029 [JavaFX Application Thread] DEBUG Input                - Registered new binding: Move Left - A
22:14:05.029 [JavaFX Application Thread] DEBUG Input                - Registered new binding: Move Up - W
22:14:05.029 [JavaFX Application Thread] DEBUG Input                - Registered new binding: Move Down - S
22:14:05.030 [JavaFX Application Thread] DEBUG Input                - Registered new binding: action0 - I
22:14:05.031 [JavaFX Application Thread] DEBUG Input                - Registered new binding: action1 - R
22:14:05.031 [JavaFX Application Thread] DEBUG Input                - Registered new binding: action2 - F
22:14:05.031 [JavaFX Application Thread] DEBUG Input                - Registered new binding: action3 - E
22:14:05.032 [JavaFX Application Thread] DEBUG Input                - Registered new binding: action4 - 1
22:14:05.032 [JavaFX Application Thread] DEBUG Input                - Registered new binding: action5 - 2
22:14:05.032 [JavaFX Application Thread] DEBUG Input                - Registered new binding: action6 - 3
22:14:05.032 [JavaFX Application Thread] DEBUG Input                - Registered new binding: action7 - 4
22:14:05.033 [JavaFX Application Thread] DEBUG Input                - Registered new binding: action8 - 5
22:14:05.033 [JavaFX Application Thread] DEBUG Input                - Registered new binding: action9 - 6
22:14:05.033 [JavaFX Application Thread] DEBUG Input                - Registered new binding: action10 - 7
22:14:05.033 [JavaFX Application Thread] DEBUG Input                - Registered new binding: action11 - 8
22:14:05.033 [JavaFX Application Thread] DEBUG Input                - Registered new binding: action12 - 9
22:14:05.033 [JavaFX Application Thread] DEBUG Input                - Registered new binding: action13 - Q
22:14:05.034 [JavaFX Application Thread] DEBUG Input                - Registered new binding: action14 - Tab
22:14:05.034 [JavaFX Application Thread] DEBUG FXGLAssetLoaderServi - Loading from file system: jar:file:/C:/Users/Admin/.m2/repository/com/github/almasb/fxgl/25/fxgl-25.jar!/fxglassets/textures/fxgl_icon.png
22:14:05.039 [FXGL Background Thread 4 ] DEBUG FXGLAssetLoaderServi - Loading from file system: jar:file:/C:/Users/Admin/.m2/repository/com/github/almasb/fxgl/25/fxgl-25.jar!/fxglassets/ui/fonts/Abel-Regular.ttf
22:14:05.048 [JavaFX Application Thread] DEBUG FXGLAssetLoaderServi - Loading from file system: jar:file:/C:/Users/Admin/.m2/repository/com/github/almasb/fxgl/25/fxgl-25.jar!/fxglassets/textures/fxgl_default_cursor.png
22:14:05.049 [FXGL Background Thread 4 ] DEBUG FXGLAssetLoaderServi - Loading from file system: jar:file:/C:/Users/Admin/.m2/repository/com/github/almasb/fxgl/25/fxgl-25.jar!/fxglassets/ui/fonts/TerminalLandMono-Regular.otf
22:14:05.050 [JavaFX Application Thread] DEBUG Input                - Registered new binding: Screenshot - CTRL+8
22:14:05.050 [JavaFX Application Thread] DEBUG Input                - Registered new binding: Dev Options - 1
22:14:05.050 [JavaFX Application Thread] DEBUG Input                - Registered new binding: Dev Console - 2
22:14:05.051 [JavaFX Application Thread] DEBUG Input                - Registered new binding: System info dump - CTRL+9
22:14:05.051 [JavaFX Application Thread] DEBUG Input                - Registered new binding: Restart - CTRL+R
22:14:05.051 [JavaFX Application Thread] DEBUG Input                - Registered new binding: Toggle Debug Camera - CTRL+7
22:14:05.055 [JavaFX Application Thread] DEBUG LoopRunner           - Starting loop
22:14:05.062 [FXGL Background Thread 4 ] DEBUG FXGLAssetLoaderServi - Loading from file system: jar:file:/C:/Users/Admin/.m2/repository/com/github/almasb/fxgl/25/fxgl-25.jar!/fxglassets/ui/fonts/Courier-Prime.ttf
22:14:05.066 [JavaFX Application Thread] DEBUG LoopRunner           - Initializing JavaFX AnimationTimerLoop
22:14:05.068 [JavaFX Application Thread] DEBUG GameApplicationServi - Starting new game
22:14:05.068 [JavaFX Application Thread] DEBUG Input                - Clearing active input actions
22:14:05.083 [JavaFX Application Thread] DEBUG GameApplicationServi - Removing overlay from FXGLStartupScene and adding to FXGLLoadingScene
22:14:05.088 [JavaFX Application Thread] DEBUG PrimaryStageWindow   - FXGLStartupScene -> FXGLLoadingScene
22:14:05.088 [JavaFX Application Thread] DEBUG GameApplicationServi - Clearing previous game
22:14:05.089 [JavaFX Application Thread] DEBUG GameScene            - Clearing game scene
22:14:05.089 [JavaFX Application Thread] DEBUG GameWorld            - Clearing game world
22:14:05.089 [JavaFX Application Thread] DEBUG PhysicsWorld         - Clearing physics world
22:14:05.090 [FXGL Background Thread 4 ] DEBUG FXGLApplication      - Initializing game
22:14:05.115 [FXGL Background Thread 4 ] WARN  TMXLevelLoader       - TiledMap generated from 1.12.0. Supported version: 1.9.0. Some features may not be parsed fully.
22:14:05.146 [FXGL Background Thread 4 ] DEBUG TMXLevelLoader       - Parsed TiledMap: file:/D:/GameDevelop/Project1/target/classes/assets/levels/Main_level.tmx
22:14:05.146 [FXGL Background Thread 4 ] DEBUG TMXLevelLoader       - Creating tile layer entities
22:14:05.147 [FXGL Background Thread 4 ] DEBUG TilesetLoader        - Loading view for layer BackgroundLayer
22:14:05.151 [FXGL Background Thread 4 ] DEBUG TilesetLoader        - Created buffer with size 3520.0x2048.0
22:14:05.200 [FXGL Background Thread 4 ] DEBUG TilesetLoader        - Loading view for layer DecorationLayer
22:14:05.204 [FXGL Background Thread 4 ] DEBUG TilesetLoader        - Created buffer with size 3520.0x2048.0
22:14:05.247 [FXGL Background Thread 4 ] DEBUG TilesetLoader        - Loading view for layer OverheadLayer
22:14:05.251 [FXGL Background Thread 4 ] DEBUG TilesetLoader        - Created buffer with size 3520.0x2048.0
22:14:05.253 [FXGL Background Thread 4 ] DEBUG TMXLevelLoader       - Creating object layer entities
22:14:05.256 [JavaFX Application Thread] DEBUG FXGLApplication      - Registering font factories with UI factory
22:14:05.268 [FXGL Background Thread 4 ] DEBUG FXGLAssetLoaderServi - Loading from file system: file:/D:/GameDevelop/Project1/target/classes/assets/textures/Player/Carry_Idle/Carry_Idle_Down-Sheet.png
22:14:05.270 [FXGL Background Thread 4 ] DEBUG FXGLAssetLoaderServi - Loading from file system: file:/D:/GameDevelop/Project1/target/classes/assets/textures/Player/Carry_Idle/Carry_Idle_Up-Sheet.png
22:14:05.271 [FXGL Background Thread 4 ] DEBUG FXGLAssetLoaderServi - Loading from file system: file:/D:/GameDevelop/Project1/target/classes/assets/textures/Player/Carry_Idle/Carry_Idle_Side-Sheet.png
22:14:05.272 [FXGL Background Thread 4 ] DEBUG FXGLAssetLoaderServi - Loading from file system: file:/D:/GameDevelop/Project1/target/classes/assets/textures/Player/Carry_Walk/Carry_Walk_Down-Sheet.png
22:14:05.273 [FXGL Background Thread 4 ] DEBUG FXGLAssetLoaderServi - Loading from file system: file:/D:/GameDevelop/Project1/target/classes/assets/textures/Player/Carry_Walk/Carry_Walk_Up-Sheet.png
22:14:05.275 [FXGL Background Thread 4 ] DEBUG FXGLAssetLoaderServi - Loading from file system: file:/D:/GameDevelop/Project1/target/classes/assets/textures/Player/Carry_Walk/Carry_Walk_Side-Sheet.png
22:14:05.276 [FXGL Background Thread 4 ] DEBUG FXGLAssetLoaderServi - Loading from file system: file:/D:/GameDevelop/Project1/target/classes/assets/textures/Player/Carry_Run/Carry_Run_Down-Sheet.png
22:14:05.278 [FXGL Background Thread 4 ] DEBUG FXGLAssetLoaderServi - Loading from file system: file:/D:/GameDevelop/Project1/target/classes/assets/textures/Player/Carry_Run/Carry_Run_Up-Sheet.png
22:14:05.279 [FXGL Background Thread 4 ] DEBUG FXGLAssetLoaderServi - Loading from file system: file:/D:/GameDevelop/Project1/target/classes/assets/textures/Player/Carry_Run/Carry_Run_Side-Sheet.png
22:14:05.357 [FXGL Background Thread 4 ] DEBUG GameWorld            - Clearing removable entities
22:14:05.358 [FXGL Background Thread 4 ] DEBUG GameWorld            - Setting level: com.almasb.fxgl.entity.level.Level@4bd588ec
22:14:05.396 [FXGL Background Thread 4 ] DEBUG FXGLAssetLoaderServi - Loading from file system: file:/D:/GameDevelop/Project1/target/classes/assets/textures/Crops/soil_1.png
22:14:05.400 [FXGL Background Thread 4 ] DEBUG FXGLAssetLoaderServi - Loading from file system: file:/D:/GameDevelop/Project1/target/classes/assets/textures/Crops/rice_1.png
22:14:05.403 [FXGL Background Thread 4 ] DEBUG FXGLAssetLoaderServi - Loading from file system: file:/D:/GameDevelop/Project1/target/classes/assets/textures/Crops/rice_3.png
22:14:05.406 [FXGL Background Thread 4 ] DEBUG FXGLAssetLoaderServi - Loading from file system: file:/D:/GameDevelop/Project1/target/classes/assets/textures/Crops/soil_2.png
22:14:05.409 [FXGL Background Thread 4 ] DEBUG FXGLAssetLoaderServi - Loading from file system: file:/D:/GameDevelop/Project1/target/classes/assets/textures/UI/heart_sprite.png
22:14:05.411 [FXGL Background Thread 4 ] INFO  FXGLApplication      - Game initialization took: 0.321 sec
22:14:05.411 [JavaFX Application Thread] DEBUG Input                - Clearing active input actions
22:14:05.423 [JavaFX Application Thread] DEBUG GameApplicationServi - Removing overlay from FXGLLoadingScene and adding to GameScene
22:14:05.426 [JavaFX Application Thread] DEBUG PrimaryStageWindow   - FXGLLoadingScene -> GameScene
22:14:08.012 [FXGL Background Thread 3 ] DEBUG Engine               - Logging environment variables
22:14:08.013 [FXGL Background Thread 3 ] DEBUG Engine               - achievements: []
22:14:08.013 [FXGL Background Thread 3 ] DEBUG Engine               - actualHeight: 720.0
22:14:08.013 [FXGL Background Thread 3 ] DEBUG Engine               - actualHeightProperty: ReadOnlyDoubleProperty [value: 720.0]
22:14:08.013 [FXGL Background Thread 3 ] DEBUG Engine               - actualWidth: 1280.0
22:14:08.013 [FXGL Background Thread 3 ] DEBUG Engine               - actualWidthProperty: ReadOnlyDoubleProperty [value: 1280.0]
22:14:08.013 [FXGL Background Thread 3 ] DEBUG Engine               - appIcon: fxgl_icon.png
22:14:08.013 [FXGL Background Thread 3 ] DEBUG Engine               - applicationMode: DEVELOPER
22:14:08.013 [FXGL Background Thread 3 ] DEBUG Engine               - cSSList: [fxgl_dark.css]
22:14:08.013 [FXGL Background Thread 3 ] DEBUG Engine               - collisionDetectionStrategy: BRUTE_FORCE
22:14:08.013 [FXGL Background Thread 3 ] DEBUG Engine               - configClass: Optional.empty
22:14:08.013 [FXGL Background Thread 3 ] DEBUG Engine               - credits: []
22:14:08.014 [FXGL Background Thread 3 ] DEBUG Engine               - defaultCursor: CursorInfo(imageName=fxgl_default_cursor.png, hotspotX=7.0, hotspotY=6.0)
22:14:08.014 [FXGL Background Thread 3 ] DEBUG Engine               - devBBoxColorProperty: ObjectProperty [value: 0xff0000ff]
22:14:08.014 [FXGL Background Thread 3 ] DEBUG Engine               - devEnableDebugCameraProperty: BooleanProperty [value: false]
22:14:08.014 [FXGL Background Thread 3 ] DEBUG Engine               - devSensorColorProperty: ObjectProperty [value: 0xffff00ff]
22:14:08.014 [FXGL Background Thread 3 ] DEBUG Engine               - devShowBBoxProperty: BooleanProperty [value: false]
22:14:08.014 [FXGL Background Thread 3 ] DEBUG Engine               - devShowPositionProperty: BooleanProperty [value: false]
22:14:08.014 [FXGL Background Thread 3 ] DEBUG Engine               - enabledMenuItems: []
22:14:08.014 [FXGL Background Thread 3 ] DEBUG Engine               - engineServices: [class com.almasb.fxgl.app.services.FXGLAssetLoaderService, class com.almasb.fxgl.app.FXGLApplication$GameApplicationService, class com.almasb.fxgl.app.services.FXGLDialogService, class com.almasb.fxgl.app.services.IOTaskExecutorService, class com.almasb.fxgl.io.FileSystemService, class com.almasb.fxgl.localization.LocalizationService, class com.almasb.fxgl.app.services.SystemBundleService, class com.almasb.fxgl.profile.SaveLoadService, class com.almasb.fxgl.ui.FXGLUIFactoryServiceProvider, class com.almasb.fxgl.ui.FXGLDialogFactoryServiceProvider, class com.almasb.fxgl.audio.AudioPlayer, class com.almasb.fxgl.notification.impl.NotificationServiceProvider, class com.almasb.fxgl.achievement.AchievementService, class com.almasb.fxgl.cutscene.CutsceneService, class com.almasb.fxgl.minigames.MiniGameService, class com.almasb.fxgl.net.NetService, class com.almasb.fxgl.app.services.UpdaterService, class com.almasb.fxgl.dev.DevService]
22:14:08.014 [FXGL Background Thread 3 ] DEBUG Engine               - fontGame: Abel-Regular.ttf
22:14:08.014 [FXGL Background Thread 3 ] DEBUG Engine               - fontMono: TerminalLandMono-Regular.otf
22:14:08.014 [FXGL Background Thread 3 ] DEBUG Engine               - fontSizeScaleUI: 1.0
22:14:08.014 [FXGL Background Thread 3 ] DEBUG Engine               - fontText: Courier-Prime.ttf
22:14:08.014 [FXGL Background Thread 3 ] DEBUG Engine               - fontUI: VarelaRound-Regular.ttf
22:14:08.014 [FXGL Background Thread 3 ] DEBUG Engine               - fpsRefreshRate: 500.0 ms
22:14:08.014 [FXGL Background Thread 3 ] DEBUG Engine               - fullScreen: BooleanProperty [value: false]
22:14:08.014 [FXGL Background Thread 3 ] DEBUG Engine               - gameDifficulty: MEDIUM
22:14:08.014 [FXGL Background Thread 3 ] DEBUG Engine               - gameDifficultyProperty: ObjectProperty [value: MEDIUM]
22:14:08.014 [FXGL Background Thread 3 ] DEBUG Engine               - globalMusicVolume: 0.5
22:14:08.014 [FXGL Background Thread 3 ] DEBUG Engine               - globalMusicVolumeProperty: DoubleProperty [value: 0.5]
22:14:08.014 [FXGL Background Thread 3 ] DEBUG Engine               - globalSoundVolume: 0.5
22:14:08.014 [FXGL Background Thread 3 ] DEBUG Engine               - globalSoundVolumeProperty: DoubleProperty [value: 0.5]
22:14:08.014 [FXGL Background Thread 3 ] DEBUG Engine               - height: 720
22:14:08.014 [FXGL Background Thread 3 ] DEBUG Engine               - is3D: false
22:14:08.014 [FXGL Background Thread 3 ] DEBUG Engine               - isAndroid: false
22:14:08.014 [FXGL Background Thread 3 ] DEBUG Engine               - isBrowser: false
22:14:08.014 [FXGL Background Thread 3 ] DEBUG Engine               - isClickFeedbackEnabled: false
22:14:08.014 [FXGL Background Thread 3 ] DEBUG Engine               - isCloseConfirmation: false
22:14:08.014 [FXGL Background Thread 3 ] DEBUG Engine               - isDesktop: true
22:14:08.014 [FXGL Background Thread 3 ] DEBUG Engine               - isDeveloperMenuEnabled: true
22:14:08.014 [FXGL Background Thread 3 ] DEBUG Engine               - isEmbedded: false
22:14:08.014 [FXGL Background Thread 3 ] DEBUG Engine               - isEntityPreloadEnabled: true
22:14:08.014 [FXGL Background Thread 3 ] DEBUG Engine               - isExperimentalTiledLargeMap: false
22:14:08.014 [FXGL Background Thread 3 ] DEBUG Engine               - isFileSystemWriteAllowed: true
22:14:08.014 [FXGL Background Thread 3 ] DEBUG Engine               - isFullScreenAllowed: false
22:14:08.014 [FXGL Background Thread 3 ] DEBUG Engine               - isFullScreenFromStart: false
22:14:08.014 [FXGL Background Thread 3 ] DEBUG Engine               - isGameMenuEnabled: true
22:14:08.014 [FXGL Background Thread 3 ] DEBUG Engine               - isIOS: false
22:14:08.014 [FXGL Background Thread 3 ] DEBUG Engine               - isIntroEnabled: false
22:14:08.014 [FXGL Background Thread 3 ] DEBUG Engine               - isLinux: false
22:14:08.014 [FXGL Background Thread 3 ] DEBUG Engine               - isMac: false
22:14:08.014 [FXGL Background Thread 3 ] DEBUG Engine               - isMainMenuEnabled: false
22:14:08.014 [FXGL Background Thread 3 ] DEBUG Engine               - isManualResizeEnabled: false
22:14:08.014 [FXGL Background Thread 3 ] DEBUG Engine               - isMobile: false
22:14:08.014 [FXGL Background Thread 3 ] DEBUG Engine               - isNative: false
22:14:08.014 [FXGL Background Thread 3 ] DEBUG Engine               - isPauseMusicWhenMinimized: true
22:14:08.014 [FXGL Background Thread 3 ] DEBUG Engine               - isPreserveResizeRatio: false
22:14:08.014 [FXGL Background Thread 3 ] DEBUG Engine               - isProfilingEnabled: false
22:14:08.014 [FXGL Background Thread 3 ] DEBUG Engine               - isScaleAffectedOnResize: true
22:14:08.014 [FXGL Background Thread 3 ] DEBUG Engine               - isSingleStep: false
22:14:08.014 [FXGL Background Thread 3 ] DEBUG Engine               - isUserProfileEnabled: false
22:14:08.014 [FXGL Background Thread 3 ] DEBUG Engine               - isWindows: true
22:14:08.015 [FXGL Background Thread 3 ] DEBUG Engine               - language: ObjectProperty [value: ENGLISH]
22:14:08.015 [FXGL Background Thread 3 ] DEBUG Engine               - menuKey: ESCAPE
22:14:08.015 [FXGL Background Thread 3 ] DEBUG Engine               - mouseSensitivity: 0.2
22:14:08.015 [FXGL Background Thread 3 ] DEBUG Engine               - notificationViewClass: class com.almasb.fxgl.notification.view.XboxNotificationView
22:14:08.015 [FXGL Background Thread 3 ] DEBUG Engine               - pixelsPerMeter: 50.0
22:14:08.015 [FXGL Background Thread 3 ] DEBUG Engine               - platform: WINDOWS
22:14:08.015 [FXGL Background Thread 3 ] DEBUG Engine               - prefHeightProperty: ReadOnlyDoubleProperty [value: 720.0]
22:14:08.015 [FXGL Background Thread 3 ] DEBUG Engine               - prefWidthProperty: ReadOnlyDoubleProperty [value: 1280.0]
22:14:08.015 [FXGL Background Thread 3 ] DEBUG Engine               - profileDir: profiles/
22:14:08.015 [FXGL Background Thread 3 ] DEBUG Engine               - profileName: StringProperty [value: DEFAULT]
22:14:08.015 [FXGL Background Thread 3 ] DEBUG Engine               - randomSeed: -1
22:14:08.015 [FXGL Background Thread 3 ] DEBUG Engine               - runtimeInfo: RuntimeInfo(platform=WINDOWS, version=25, build=05.02.2026 22.57)
22:14:08.015 [FXGL Background Thread 3 ] DEBUG Engine               - saveFileExt: sav
22:14:08.015 [FXGL Background Thread 3 ] DEBUG Engine               - scaledHeightProp$fxgl: DoubleProperty [bound, value: 720.0]
22:14:08.015 [FXGL Background Thread 3 ] DEBUG Engine               - scaledWidthProp$fxgl: DoubleProperty [bound, value: 1280.0]
22:14:08.015 [FXGL Background Thread 3 ] DEBUG Engine               - sceneFactory: com.almasb.fxgl.app.scene.SceneFactory@1776edf1
22:14:08.015 [FXGL Background Thread 3 ] DEBUG Engine               - secondsIn24h: 60
22:14:08.015 [FXGL Background Thread 3 ] DEBUG Engine               - soundMenuBack: menu/back.wav
22:14:08.015 [FXGL Background Thread 3 ] DEBUG Engine               - soundMenuPress: menu/press.wav
22:14:08.015 [FXGL Background Thread 3 ] DEBUG Engine               - soundMenuSelect: menu/select.wav
22:14:08.015 [FXGL Background Thread 3 ] DEBUG Engine               - soundNotification: core/notification.wav
22:14:08.015 [FXGL Background Thread 3 ] DEBUG Engine               - stageStyle: DECORATED
22:14:08.015 [FXGL Background Thread 3 ] DEBUG Engine               - supportedLanguages: [ENGLISH, FRENCH, GERMAN, HUNGARIAN, RUSSIAN]
22:14:08.015 [FXGL Background Thread 3 ] DEBUG Engine               - ticksPerSecond: -1
22:14:08.015 [FXGL Background Thread 3 ] DEBUG Engine               - title: Untitled
22:14:08.015 [FXGL Background Thread 3 ] DEBUG Engine               - urlGithub: https://github.com/AlmasB/FXGL
22:14:08.015 [FXGL Background Thread 3 ] DEBUG Engine               - urlLeaderboard: http://fxgl-top.herokuapp.com/
22:14:08.015 [FXGL Background Thread 3 ] DEBUG Engine               - urlPOM: https://raw.githubusercontent.com/AlmasB/FXGL/release/README.md
22:14:08.015 [FXGL Background Thread 3 ] DEBUG Engine               - userAppClass: class Project1Game.Main
22:14:08.015 [FXGL Background Thread 3 ] DEBUG Engine               - version: 0.0
22:14:08.015 [FXGL Background Thread 3 ] DEBUG Engine               - versionCheckDays: 7
22:14:08.015 [FXGL Background Thread 3 ] DEBUG Engine               - width: 1280
22:14:08.015 [FXGL Background Thread 3 ] DEBUG Engine               - Logging services
22:14:08.015 [FXGL Background Thread 3 ] DEBUG Engine               - class com.almasb.fxgl.app.services.FXGLAssetLoaderService
22:14:08.015 [FXGL Background Thread 3 ] DEBUG Engine               - class com.almasb.fxgl.app.FXGLApplication$GameApplicationService
22:14:08.015 [FXGL Background Thread 3 ] DEBUG Engine               - class com.almasb.fxgl.app.services.FXGLDialogService
22:14:08.015 [FXGL Background Thread 3 ] DEBUG Engine               - class com.almasb.fxgl.app.services.IOTaskExecutorService
22:14:08.015 [FXGL Background Thread 3 ] DEBUG Engine               - class com.almasb.fxgl.io.FileSystemService
22:14:08.015 [FXGL Background Thread 3 ] DEBUG Engine               - class com.almasb.fxgl.localization.LocalizationService
22:14:08.015 [FXGL Background Thread 3 ] DEBUG Engine               - class com.almasb.fxgl.app.services.SystemBundleService
22:14:08.015 [FXGL Background Thread 3 ] DEBUG Engine               - class com.almasb.fxgl.profile.SaveLoadService
22:14:08.015 [FXGL Background Thread 3 ] DEBUG Engine               - class com.almasb.fxgl.ui.FXGLUIFactoryServiceProvider
22:14:08.015 [FXGL Background Thread 3 ] DEBUG Engine               - class com.almasb.fxgl.ui.FXGLDialogFactoryServiceProvider
22:14:08.015 [FXGL Background Thread 3 ] DEBUG Engine               - class com.almasb.fxgl.audio.AudioPlayer
22:14:08.015 [FXGL Background Thread 3 ] DEBUG Engine               - class com.almasb.fxgl.notification.impl.NotificationServiceProvider
22:14:08.015 [FXGL Background Thread 3 ] DEBUG Engine               - class com.almasb.fxgl.achievement.AchievementService
22:14:08.015 [FXGL Background Thread 3 ] DEBUG Engine               - class com.almasb.fxgl.cutscene.CutsceneService
22:14:08.015 [FXGL Background Thread 3 ] DEBUG Engine               - class com.almasb.fxgl.minigames.MiniGameService
22:14:08.015 [FXGL Background Thread 3 ] DEBUG Engine               - class com.almasb.fxgl.net.NetService
22:14:08.015 [FXGL Background Thread 3 ] DEBUG Engine               - class com.almasb.fxgl.app.services.UpdaterService
22:14:08.015 [FXGL Background Thread 3 ] DEBUG Engine               - class com.almasb.fxgl.dev.DevService
22:14:29.894 [JavaFX Application Thread] DEBUG FXGLApplication      - Exiting FXGL
22:14:29.894 [JavaFX Application Thread] DEBUG LoopRunner           - Stopping loop
22:14:29.896 [JavaFX Application Thread] DEBUG SystemBundleService  - Saving FXGL system data
22:14:29.898 [JavaFX Application Thread] DEBUG FileSystemAccess     - Writing to: D:\GameDevelop\Project1\system\fxgl.bundle
22:14:29.901 [JavaFX Application Thread] DEBUG Async                - Shutting down background threads
22:14:29.901 [JavaFX Application Thread] DEBUG PrimaryStageWindow   - Closing main window
22:14:29.913 [JavaFX Application Thread] DEBUG Logger               - Closing Logger
