12:39:07.175 [main                     ] DEBUG Logger               - Configured Logger
12:39:07.181 [main                     ] DEBUG GameApplication      - Logging settings
Title: Untitled
Version: 0.0
Width: 1280
Height: 720
Fullscreen: false
Intro: false
Profiling: false
Single step:false
App Mode: DEVELOPER
Menu Key: ESCAPE
Stage Style: DECORATED
Scene Factory: class com.almasb.fxgl.app.scene.SceneFactory

12:39:07.523 [JavaFX Application Thread] DEBUG FXGLApplication      - Initializing FXGL
12:39:07.526 [JavaFX Application Thread] INFO  Engine               - FXGL-25 (05.02.2026 22.57) on WINDOWS (J:25.0.1 FX:25.0.1)
12:39:07.526 [JavaFX Application Thread] DEBUG Engine               - JRE Vendor Name: Oracle Corporation
12:39:07.526 [JavaFX Application Thread] DEBUG Engine               - Running on OS: Windows 11 version 10.0
12:39:07.526 [JavaFX Application Thread] DEBUG Engine               - Architecture: amd64
12:39:07.526 [JavaFX Application Thread] INFO  Engine               - Source code and latest versions at: https://github.com/AlmasB/FXGL
12:39:07.526 [JavaFX Application Thread] INFO  Engine               -       Ask questions and discuss at: https://github.com/AlmasB/FXGL/discussions
12:39:07.602 [JavaFX Application Thread] DEBUG PrimaryStageWindow   - Creating a JavaFX scene
12:39:07.639 [JavaFX Application Thread] DEBUG PrimaryStageWindow   - Target settings size: 1280.0 x 720.0
12:39:07.639 [JavaFX Application Thread] DEBUG PrimaryStageWindow   - Scaled scene size:    1280.0 x 720.0
12:39:07.639 [JavaFX Application Thread] DEBUG PrimaryStageWindow   - Scaled ratio: (1.0, 1.0)
12:39:07.640 [JavaFX Application Thread] DEBUG PrimaryStageWindow   - Set initial scene to FXGLStartupScene
12:39:07.644 [JavaFX Application Thread] DEBUG PrimaryStageWindow   - Opening main window
12:39:07.930 [JavaFX Application Thread] DEBUG PrimaryStageWindow   - Window border size: (14.4000244140625, 37.5999755859375)
12:39:07.931 [JavaFX Application Thread] DEBUG PrimaryStageWindow   - Scaled size: 1280.0 x 720.0
12:39:07.931 [JavaFX Application Thread] DEBUG PrimaryStageWindow   - Scaled ratio: (1.0, 1.0)
12:39:07.931 [JavaFX Application Thread] DEBUG PrimaryStageWindow   - Scene size: 1280.0 x 720.0
12:39:07.931 [JavaFX Application Thread] DEBUG PrimaryStageWindow   - Stage size: 1294.4000244140625 x 757.5999755859375
12:39:07.939 [FXGL Background Thread 1 ] DEBUG Engine               - Initializing environment variables
12:39:07.985 [FXGL Background Thread 1 ] DEBUG FXGLAssetLoaderServi - User app class for loading assets: class Project1Game.Main
12:39:07.986 [FXGL Background Thread 1 ] DEBUG GameApplicationServi - Applying CSS: fxgl_dark.css
12:39:07.987 [FXGL Background Thread 1 ] DEBUG FXGLAssetLoaderServi - Loading from file system: jar:file:/C:/Users/Admin/.m2/repository/com/github/almasb/fxgl/25/fxgl-25.jar!/fxglassets/ui/css/fxgl_dark.css
12:39:08.027 [FXGL Background Thread 1 ] DEBUG GameApplicationServi - Initializing application scenes
12:39:08.065 [FXGL Background Thread 1 ] DEBUG GameWorld            - Game world initialized
12:39:08.104 [FXGL Background Thread 1 ] DEBUG PhysicsWorld         - Physics world initialized: appHeight=720, physics.ppm=50.0
12:39:08.105 [FXGL Background Thread 1 ] DEBUG PhysicsWorld         - Using strategy: BRUTE_FORCE
12:39:08.110 [FXGL Background Thread 1 ] DEBUG GameScene            - Game scene initialized: 1280x720
12:39:08.122 [FXGL Background Thread 1 ] DEBUG FXGL.DefaultMenu     - createMenuBodyGameMenu()
12:39:08.137 [FXGL Background Thread 1 ] DEBUG FXGL.DefaultMenu     - createOptionsMenu()
12:39:08.150 [FXGL Background Thread 1 ] DEBUG FXGLAssetLoaderServi - Loading from file system: jar:file:/C:/Users/Admin/.m2/repository/com/github/almasb/fxgl/25/fxgl-25.jar!/fxglassets/textures/particles/smoke.png
12:39:08.219 [FXGL Background Thread 1 ] DEBUG FXGLAssetLoaderServi - Loading from file system: jar:file:/C:/Users/Admin/.m2/repository/com/github/almasb/fxgl/25/fxgl-25.jar!/fxglassets/textures/particles/trace_horizontal.png
12:39:08.244 [FXGL Background Thread 1 ] DEBUG GameApplicationServi - Application scenes initialized
12:39:08.254 [FXGL Background Thread 1 ] DEBUG SystemBundleService  - Loading FXGL system data
12:39:08.258 [FXGL Background Thread 1 ] DEBUG FileSystemAccess     - Reading from: D:\GameDevelop\Project1\system\fxgl.bundle
12:39:08.266 [FXGL Background Thread 1 ] DEBUG SystemBundleService  - Bundle FXGL: {}
12:39:08.266 [FXGL Background Thread 1 ] DEBUG UpdaterService       - Checking for updates
12:39:08.290 [FXGL Background Thread 4 ] DEBUG FXGLApplication      - Loading fonts
12:39:08.291 [FXGL Background Thread 4 ] DEBUG FXGLAssetLoaderServi - Loading from file system: jar:file:/C:/Users/Admin/.m2/repository/com/github/almasb/fxgl/25/fxgl-25.jar!/fxglassets/ui/fonts/VarelaRound-Regular.ttf
12:39:08.291 [FXGL Background Thread 1 ] DEBUG FXGLApplication      - Loading default localization
12:39:08.292 [FXGL Background Thread 1 ] DEBUG FXGLAssetLoaderServi - Loading from file system: jar:file:/C:/Users/Admin/.m2/repository/com/github/almasb/fxgl/25/fxgl-25.jar!/fxglassets/languages/english.lang
12:39:08.303 [FXGL Background Thread 1 ] INFO  FXGLApplication      - FXGL initialization took: 0.364 sec
12:39:08.310 [JavaFX Application Thread] DEBUG Input                - Registered new binding: Move Right - D
12:39:08.310 [JavaFX Application Thread] DEBUG Input                - Registered new binding: Move Left - A
12:39:08.310 [JavaFX Application Thread] DEBUG Input                - Registered new binding: Move Up - W
12:39:08.311 [JavaFX Application Thread] DEBUG Input                - Registered new binding: Move Down - S
12:39:08.311 [JavaFX Application Thread] DEBUG Input                - Registered new binding: action0 - I
12:39:08.312 [JavaFX Application Thread] DEBUG Input                - Registered new binding: action1 - R
12:39:08.312 [JavaFX Application Thread] DEBUG Input                - Registered new binding: action2 - F
12:39:08.312 [JavaFX Application Thread] DEBUG Input                - Registered new binding: action3 - E
12:39:08.313 [JavaFX Application Thread] DEBUG Input                - Registered new binding: action4 - 1
12:39:08.313 [JavaFX Application Thread] DEBUG Input                - Registered new binding: action5 - 2
12:39:08.313 [JavaFX Application Thread] DEBUG Input                - Registered new binding: action6 - 3
12:39:08.313 [JavaFX Application Thread] DEBUG Input                - Registered new binding: action7 - 4
12:39:08.314 [JavaFX Application Thread] DEBUG Input                - Registered new binding: action8 - 5
12:39:08.314 [JavaFX Application Thread] DEBUG Input                - Registered new binding: action9 - 6
12:39:08.314 [JavaFX Application Thread] DEBUG Input                - Registered new binding: action10 - 7
12:39:08.314 [JavaFX Application Thread] DEBUG Input                - Registered new binding: action11 - 8
12:39:08.316 [JavaFX Application Thread] DEBUG Input                - Registered new binding: action12 - 9
12:39:08.316 [JavaFX Application Thread] DEBUG Input                - Registered new binding: action13 - Q
12:39:08.316 [JavaFX Application Thread] DEBUG Input                - Registered new binding: action14 - Tab
12:39:08.316 [JavaFX Application Thread] DEBUG FXGLAssetLoaderServi - Loading from file system: jar:file:/C:/Users/Admin/.m2/repository/com/github/almasb/fxgl/25/fxgl-25.jar!/fxglassets/textures/fxgl_icon.png
12:39:08.323 [FXGL Background Thread 4 ] DEBUG FXGLAssetLoaderServi - Loading from file system: jar:file:/C:/Users/Admin/.m2/repository/com/github/almasb/fxgl/25/fxgl-25.jar!/fxglassets/ui/fonts/Abel-Regular.ttf
12:39:08.333 [JavaFX Application Thread] DEBUG FXGLAssetLoaderServi - Loading from file system: jar:file:/C:/Users/Admin/.m2/repository/com/github/almasb/fxgl/25/fxgl-25.jar!/fxglassets/textures/fxgl_default_cursor.png
12:39:08.336 [JavaFX Application Thread] DEBUG Input                - Registered new binding: Screenshot - CTRL+8
12:39:08.336 [FXGL Background Thread 4 ] DEBUG FXGLAssetLoaderServi - Loading from file system: jar:file:/C:/Users/Admin/.m2/repository/com/github/almasb/fxgl/25/fxgl-25.jar!/fxglassets/ui/fonts/TerminalLandMono-Regular.otf
12:39:08.336 [JavaFX Application Thread] DEBUG Input                - Registered new binding: Dev Options - 1
12:39:08.337 [JavaFX Application Thread] DEBUG Input                - Registered new binding: Dev Console - 2
12:39:08.337 [JavaFX Application Thread] DEBUG Input                - Registered new binding: System info dump - CTRL+9
12:39:08.337 [JavaFX Application Thread] DEBUG Input                - Registered new binding: Restart - CTRL+R
12:39:08.338 [JavaFX Application Thread] DEBUG Input                - Registered new binding: Toggle Debug Camera - CTRL+7
12:39:08.342 [JavaFX Application Thread] DEBUG LoopRunner           - Starting loop
12:39:08.346 [FXGL Background Thread 4 ] DEBUG FXGLAssetLoaderServi - Loading from file system: jar:file:/C:/Users/Admin/.m2/repository/com/github/almasb/fxgl/25/fxgl-25.jar!/fxglassets/ui/fonts/Courier-Prime.ttf
12:39:08.353 [JavaFX Application Thread] DEBUG LoopRunner           - Initializing JavaFX AnimationTimerLoop
12:39:08.355 [JavaFX Application Thread] DEBUG GameApplicationServi - Starting new game
12:39:08.357 [JavaFX Application Thread] DEBUG Input                - Clearing active input actions
12:39:08.374 [JavaFX Application Thread] DEBUG GameApplicationServi - Removing overlay from FXGLStartupScene and adding to FXGLLoadingScene
12:39:08.376 [JavaFX Application Thread] DEBUG PrimaryStageWindow   - FXGLStartupScene -> FXGLLoadingScene
12:39:08.376 [JavaFX Application Thread] DEBUG GameApplicationServi - Clearing previous game
12:39:08.376 [JavaFX Application Thread] DEBUG GameScene            - Clearing game scene
12:39:08.376 [JavaFX Application Thread] DEBUG GameWorld            - Clearing game world
12:39:08.376 [JavaFX Application Thread] DEBUG PhysicsWorld         - Clearing physics world
12:39:08.379 [FXGL Background Thread 4 ] DEBUG FXGLApplication      - Initializing game
12:39:08.417 [FXGL Background Thread 4 ] WARN  TMXLevelLoader       - TiledMap generated from 1.12.0. Supported version: 1.9.0. Some features may not be parsed fully.
12:39:08.452 [FXGL Background Thread 4 ] DEBUG TMXLevelLoader       - Parsed TiledMap: file:/D:/GameDevelop/Project1/target/classes/assets/levels/Main_level.tmx
12:39:08.453 [FXGL Background Thread 4 ] DEBUG TMXLevelLoader       - Creating tile layer entities
12:39:08.454 [FXGL Background Thread 4 ] DEBUG TilesetLoader        - Loading view for layer BackgroundLayer
12:39:08.459 [FXGL Background Thread 4 ] DEBUG TilesetLoader        - Created buffer with size 3520.0x2048.0
12:39:08.512 [FXGL Background Thread 4 ] DEBUG TilesetLoader        - Loading view for layer DecorationLayer
12:39:08.516 [FXGL Background Thread 4 ] DEBUG TilesetLoader        - Created buffer with size 3520.0x2048.0
12:39:08.551 [FXGL Background Thread 4 ] DEBUG TilesetLoader        - Loading view for layer OverheadLayer
12:39:08.556 [FXGL Background Thread 4 ] DEBUG TilesetLoader        - Created buffer with size 3520.0x2048.0
12:39:08.558 [FXGL Background Thread 4 ] DEBUG TMXLevelLoader       - Creating object layer entities
12:39:08.569 [JavaFX Application Thread] DEBUG FXGLApplication      - Registering font factories with UI factory
12:39:08.576 [FXGL Background Thread 4 ] DEBUG FXGLAssetLoaderServi - Loading from file system: file:/D:/GameDevelop/Project1/target/classes/assets/textures/Player/Carry_Idle/Carry_Idle_Down-Sheet.png
12:39:08.579 [FXGL Background Thread 4 ] DEBUG FXGLAssetLoaderServi - Loading from file system: file:/D:/GameDevelop/Project1/target/classes/assets/textures/Player/Carry_Idle/Carry_Idle_Up-Sheet.png
12:39:08.581 [FXGL Background Thread 4 ] DEBUG FXGLAssetLoaderServi - Loading from file system: file:/D:/GameDevelop/Project1/target/classes/assets/textures/Player/Carry_Idle/Carry_Idle_Side-Sheet.png
12:39:08.582 [FXGL Background Thread 4 ] DEBUG FXGLAssetLoaderServi - Loading from file system: file:/D:/GameDevelop/Project1/target/classes/assets/textures/Player/Carry_Walk/Carry_Walk_Down-Sheet.png
12:39:08.584 [FXGL Background Thread 4 ] DEBUG FXGLAssetLoaderServi - Loading from file system: file:/D:/GameDevelop/Project1/target/classes/assets/textures/Player/Carry_Walk/Carry_Walk_Up-Sheet.png
12:39:08.586 [FXGL Background Thread 4 ] DEBUG FXGLAssetLoaderServi - Loading from file system: file:/D:/GameDevelop/Project1/target/classes/assets/textures/Player/Carry_Walk/Carry_Walk_Side-Sheet.png
12:39:08.587 [FXGL Background Thread 4 ] DEBUG FXGLAssetLoaderServi - Loading from file system: file:/D:/GameDevelop/Project1/target/classes/assets/textures/Player/Carry_Run/Carry_Run_Down-Sheet.png
12:39:08.589 [FXGL Background Thread 4 ] DEBUG FXGLAssetLoaderServi - Loading from file system: file:/D:/GameDevelop/Project1/target/classes/assets/textures/Player/Carry_Run/Carry_Run_Up-Sheet.png
12:39:08.590 [FXGL Background Thread 4 ] DEBUG FXGLAssetLoaderServi - Loading from file system: file:/D:/GameDevelop/Project1/target/classes/assets/textures/Player/Carry_Run/Carry_Run_Side-Sheet.png
12:39:08.693 [FXGL Background Thread 4 ] DEBUG GameWorld            - Clearing removable entities
12:39:08.695 [FXGL Background Thread 4 ] DEBUG GameWorld            - Setting level: com.almasb.fxgl.entity.level.Level@74def719
12:39:08.753 [FXGL Background Thread 4 ] DEBUG FXGLAssetLoaderServi - Loading from file system: file:/D:/GameDevelop/Project1/target/classes/assets/textures/Crops/soil_1.png
12:39:08.763 [FXGL Background Thread 4 ] DEBUG FXGLAssetLoaderServi - Loading from file system: file:/D:/GameDevelop/Project1/target/classes/assets/textures/Crops/rice_1.png
12:39:08.767 [FXGL Background Thread 4 ] DEBUG FXGLAssetLoaderServi - Loading from file system: file:/D:/GameDevelop/Project1/target/classes/assets/textures/Crops/rice_3.png
12:39:08.772 [FXGL Background Thread 4 ] DEBUG FXGLAssetLoaderServi - Loading from file system: file:/D:/GameDevelop/Project1/target/classes/assets/textures/Crops/soil_2.png
12:39:08.774 [FXGL Background Thread 4 ] DEBUG FXGLAssetLoaderServi - Loading from file system: file:/D:/GameDevelop/Project1/target/classes/assets/textures/UI/heart_sprite.png
12:39:08.776 [FXGL Background Thread 4 ] INFO  FXGLApplication      - Game initialization took: 0.398 sec
12:39:08.778 [JavaFX Application Thread] DEBUG Input                - Clearing active input actions
12:39:08.793 [JavaFX Application Thread] DEBUG GameApplicationServi - Removing overlay from FXGLLoadingScene and adding to GameScene
12:39:08.796 [JavaFX Application Thread] DEBUG PrimaryStageWindow   - FXGLLoadingScene -> GameScene
12:39:11.290 [FXGL Background Thread 3 ] DEBUG Engine               - Logging environment variables
12:39:11.291 [FXGL Background Thread 3 ] DEBUG Engine               - achievements: []
12:39:11.291 [FXGL Background Thread 3 ] DEBUG Engine               - actualHeight: 720.0
12:39:11.291 [FXGL Background Thread 3 ] DEBUG Engine               - actualHeightProperty: ReadOnlyDoubleProperty [value: 720.0]
12:39:11.291 [FXGL Background Thread 3 ] DEBUG Engine               - actualWidth: 1280.0
12:39:11.291 [FXGL Background Thread 3 ] DEBUG Engine               - actualWidthProperty: ReadOnlyDoubleProperty [value: 1280.0]
12:39:11.291 [FXGL Background Thread 3 ] DEBUG Engine               - appIcon: fxgl_icon.png
12:39:11.291 [FXGL Background Thread 3 ] DEBUG Engine               - applicationMode: DEVELOPER
12:39:11.291 [FXGL Background Thread 3 ] DEBUG Engine               - cSSList: [fxgl_dark.css]
12:39:11.291 [FXGL Background Thread 3 ] DEBUG Engine               - collisionDetectionStrategy: BRUTE_FORCE
12:39:11.291 [FXGL Background Thread 3 ] DEBUG Engine               - configClass: Optional.empty
12:39:11.291 [FXGL Background Thread 3 ] DEBUG Engine               - credits: []
12:39:11.291 [FXGL Background Thread 3 ] DEBUG Engine               - defaultCursor: CursorInfo(imageName=fxgl_default_cursor.png, hotspotX=7.0, hotspotY=6.0)
12:39:11.292 [FXGL Background Thread 3 ] DEBUG Engine               - devBBoxColorProperty: ObjectProperty [value: 0xff0000ff]
12:39:11.292 [FXGL Background Thread 3 ] DEBUG Engine               - devEnableDebugCameraProperty: BooleanProperty [value: false]
12:39:11.292 [FXGL Background Thread 3 ] DEBUG Engine               - devSensorColorProperty: ObjectProperty [value: 0xffff00ff]
12:39:11.292 [FXGL Background Thread 3 ] DEBUG Engine               - devShowBBoxProperty: BooleanProperty [value: false]
12:39:11.292 [FXGL Background Thread 3 ] DEBUG Engine               - devShowPositionProperty: BooleanProperty [value: false]
12:39:11.292 [FXGL Background Thread 3 ] DEBUG Engine               - enabledMenuItems: []
12:39:11.292 [FXGL Background Thread 3 ] DEBUG Engine               - engineServices: [class com.almasb.fxgl.app.services.FXGLAssetLoaderService, class com.almasb.fxgl.app.FXGLApplication$GameApplicationService, class com.almasb.fxgl.app.services.FXGLDialogService, class com.almasb.fxgl.app.services.IOTaskExecutorService, class com.almasb.fxgl.io.FileSystemService, class com.almasb.fxgl.localization.LocalizationService, class com.almasb.fxgl.app.services.SystemBundleService, class com.almasb.fxgl.profile.SaveLoadService, class com.almasb.fxgl.ui.FXGLUIFactoryServiceProvider, class com.almasb.fxgl.ui.FXGLDialogFactoryServiceProvider, class com.almasb.fxgl.audio.AudioPlayer, class com.almasb.fxgl.notification.impl.NotificationServiceProvider, class com.almasb.fxgl.achievement.AchievementService, class com.almasb.fxgl.cutscene.CutsceneService, class com.almasb.fxgl.minigames.MiniGameService, class com.almasb.fxgl.net.NetService, class com.almasb.fxgl.app.services.UpdaterService, class com.almasb.fxgl.dev.DevService]
12:39:11.292 [FXGL Background Thread 3 ] DEBUG Engine               - fontGame: Abel-Regular.ttf
12:39:11.292 [FXGL Background Thread 3 ] DEBUG Engine               - fontMono: TerminalLandMono-Regular.otf
12:39:11.292 [FXGL Background Thread 3 ] DEBUG Engine               - fontSizeScaleUI: 1.0
12:39:11.292 [FXGL Background Thread 3 ] DEBUG Engine               - fontText: Courier-Prime.ttf
12:39:11.292 [FXGL Background Thread 3 ] DEBUG Engine               - fontUI: VarelaRound-Regular.ttf
12:39:11.292 [FXGL Background Thread 3 ] DEBUG Engine               - fpsRefreshRate: 500.0 ms
12:39:11.292 [FXGL Background Thread 3 ] DEBUG Engine               - fullScreen: BooleanProperty [value: false]
12:39:11.292 [FXGL Background Thread 3 ] DEBUG Engine               - gameDifficulty: MEDIUM
12:39:11.292 [FXGL Background Thread 3 ] DEBUG Engine               - gameDifficultyProperty: ObjectProperty [value: MEDIUM]
12:39:11.292 [FXGL Background Thread 3 ] DEBUG Engine               - globalMusicVolume: 0.5
12:39:11.292 [FXGL Background Thread 3 ] DEBUG Engine               - globalMusicVolumeProperty: DoubleProperty [value: 0.5]
12:39:11.292 [FXGL Background Thread 3 ] DEBUG Engine               - globalSoundVolume: 0.5
12:39:11.293 [FXGL Background Thread 3 ] DEBUG Engine               - globalSoundVolumeProperty: DoubleProperty [value: 0.5]
12:39:11.293 [FXGL Background Thread 3 ] DEBUG Engine               - height: 720
12:39:11.293 [FXGL Background Thread 3 ] DEBUG Engine               - is3D: false
12:39:11.293 [FXGL Background Thread 3 ] DEBUG Engine               - isAndroid: false
12:39:11.293 [FXGL Background Thread 3 ] DEBUG Engine               - isBrowser: false
12:39:11.293 [FXGL Background Thread 3 ] DEBUG Engine               - isClickFeedbackEnabled: false
12:39:11.293 [FXGL Background Thread 3 ] DEBUG Engine               - isCloseConfirmation: false
12:39:11.293 [FXGL Background Thread 3 ] DEBUG Engine               - isDesktop: true
12:39:11.293 [FXGL Background Thread 3 ] DEBUG Engine               - isDeveloperMenuEnabled: true
12:39:11.293 [FXGL Background Thread 3 ] DEBUG Engine               - isEmbedded: false
12:39:11.293 [FXGL Background Thread 3 ] DEBUG Engine               - isEntityPreloadEnabled: true
12:39:11.293 [FXGL Background Thread 3 ] DEBUG Engine               - isExperimentalTiledLargeMap: false
12:39:11.293 [FXGL Background Thread 3 ] DEBUG Engine               - isFileSystemWriteAllowed: true
12:39:11.293 [FXGL Background Thread 3 ] DEBUG Engine               - isFullScreenAllowed: false
12:39:11.293 [FXGL Background Thread 3 ] DEBUG Engine               - isFullScreenFromStart: false
12:39:11.293 [FXGL Background Thread 3 ] DEBUG Engine               - isGameMenuEnabled: true
12:39:11.293 [FXGL Background Thread 3 ] DEBUG Engine               - isIOS: false
12:39:11.293 [FXGL Background Thread 3 ] DEBUG Engine               - isIntroEnabled: false
12:39:11.293 [FXGL Background Thread 3 ] DEBUG Engine               - isLinux: false
12:39:11.293 [FXGL Background Thread 3 ] DEBUG Engine               - isMac: false
12:39:11.293 [FXGL Background Thread 3 ] DEBUG Engine               - isMainMenuEnabled: false
12:39:11.293 [FXGL Background Thread 3 ] DEBUG Engine               - isManualResizeEnabled: false
12:39:11.293 [FXGL Background Thread 3 ] DEBUG Engine               - isMobile: false
12:39:11.293 [FXGL Background Thread 3 ] DEBUG Engine               - isNative: false
12:39:11.293 [FXGL Background Thread 3 ] DEBUG Engine               - isPauseMusicWhenMinimized: true
12:39:11.293 [FXGL Background Thread 3 ] DEBUG Engine               - isPreserveResizeRatio: false
12:39:11.293 [FXGL Background Thread 3 ] DEBUG Engine               - isProfilingEnabled: false
12:39:11.293 [FXGL Background Thread 3 ] DEBUG Engine               - isScaleAffectedOnResize: true
12:39:11.293 [FXGL Background Thread 3 ] DEBUG Engine               - isSingleStep: false
12:39:11.293 [FXGL Background Thread 3 ] DEBUG Engine               - isUserProfileEnabled: false
12:39:11.293 [FXGL Background Thread 3 ] DEBUG Engine               - isWindows: true
12:39:11.293 [FXGL Background Thread 3 ] DEBUG Engine               - language: ObjectProperty [value: ENGLISH]
12:39:11.293 [FXGL Background Thread 3 ] DEBUG Engine               - menuKey: ESCAPE
12:39:11.293 [FXGL Background Thread 3 ] DEBUG Engine               - mouseSensitivity: 0.2
12:39:11.293 [FXGL Background Thread 3 ] DEBUG Engine               - notificationViewClass: class com.almasb.fxgl.notification.view.XboxNotificationView
12:39:11.293 [FXGL Background Thread 3 ] DEBUG Engine               - pixelsPerMeter: 50.0
12:39:11.293 [FXGL Background Thread 3 ] DEBUG Engine               - platform: WINDOWS
12:39:11.293 [FXGL Background Thread 3 ] DEBUG Engine               - prefHeightProperty: ReadOnlyDoubleProperty [value: 720.0]
12:39:11.293 [FXGL Background Thread 3 ] DEBUG Engine               - prefWidthProperty: ReadOnlyDoubleProperty [value: 1280.0]
12:39:11.293 [FXGL Background Thread 3 ] DEBUG Engine               - profileDir: profiles/
12:39:11.293 [FXGL Background Thread 3 ] DEBUG Engine               - profileName: StringProperty [value: DEFAULT]
12:39:11.293 [FXGL Background Thread 3 ] DEBUG Engine               - randomSeed: -1
12:39:11.294 [FXGL Background Thread 3 ] DEBUG Engine               - runtimeInfo: RuntimeInfo(platform=WINDOWS, version=25, build=05.02.2026 22.57)
12:39:11.294 [FXGL Background Thread 3 ] DEBUG Engine               - saveFileExt: sav
12:39:11.294 [FXGL Background Thread 3 ] DEBUG Engine               - scaledHeightProp$fxgl: DoubleProperty [bound, value: 720.0]
12:39:11.294 [FXGL Background Thread 3 ] DEBUG Engine               - scaledWidthProp$fxgl: DoubleProperty [bound, value: 1280.0]
12:39:11.294 [FXGL Background Thread 3 ] DEBUG Engine               - sceneFactory: com.almasb.fxgl.app.scene.SceneFactory@1c5815c5
12:39:11.294 [FXGL Background Thread 3 ] DEBUG Engine               - secondsIn24h: 60
12:39:11.294 [FXGL Background Thread 3 ] DEBUG Engine               - soundMenuBack: menu/back.wav
12:39:11.294 [FXGL Background Thread 3 ] DEBUG Engine               - soundMenuPress: menu/press.wav
12:39:11.294 [FXGL Background Thread 3 ] DEBUG Engine               - soundMenuSelect: menu/select.wav
12:39:11.294 [FXGL Background Thread 3 ] DEBUG Engine               - soundNotification: core/notification.wav
12:39:11.294 [FXGL Background Thread 3 ] DEBUG Engine               - stageStyle: DECORATED
12:39:11.294 [FXGL Background Thread 3 ] DEBUG Engine               - supportedLanguages: [ENGLISH, FRENCH, GERMAN, HUNGARIAN, RUSSIAN]
12:39:11.294 [FXGL Background Thread 3 ] DEBUG Engine               - ticksPerSecond: -1
12:39:11.294 [FXGL Background Thread 3 ] DEBUG Engine               - title: Untitled
12:39:11.294 [FXGL Background Thread 3 ] DEBUG Engine               - urlGithub: https://github.com/AlmasB/FXGL
12:39:11.294 [FXGL Background Thread 3 ] DEBUG Engine               - urlLeaderboard: http://fxgl-top.herokuapp.com/
12:39:11.294 [FXGL Background Thread 3 ] DEBUG Engine               - urlPOM: https://raw.githubusercontent.com/AlmasB/FXGL/release/README.md
12:39:11.294 [FXGL Background Thread 3 ] DEBUG Engine               - userAppClass: class Project1Game.Main
12:39:11.294 [FXGL Background Thread 3 ] DEBUG Engine               - version: 0.0
12:39:11.294 [FXGL Background Thread 3 ] DEBUG Engine               - versionCheckDays: 7
12:39:11.294 [FXGL Background Thread 3 ] DEBUG Engine               - width: 1280
12:39:11.294 [FXGL Background Thread 3 ] DEBUG Engine               - Logging services
12:39:11.294 [FXGL Background Thread 3 ] DEBUG Engine               - class com.almasb.fxgl.app.services.FXGLAssetLoaderService
12:39:11.294 [FXGL Background Thread 3 ] DEBUG Engine               - class com.almasb.fxgl.app.FXGLApplication$GameApplicationService
12:39:11.294 [FXGL Background Thread 3 ] DEBUG Engine               - class com.almasb.fxgl.app.services.FXGLDialogService
12:39:11.294 [FXGL Background Thread 3 ] DEBUG Engine               - class com.almasb.fxgl.app.services.IOTaskExecutorService
12:39:11.294 [FXGL Background Thread 3 ] DEBUG Engine               - class com.almasb.fxgl.io.FileSystemService
12:39:11.294 [FXGL Background Thread 3 ] DEBUG Engine               - class com.almasb.fxgl.localization.LocalizationService
12:39:11.294 [FXGL Background Thread 3 ] DEBUG Engine               - class com.almasb.fxgl.app.services.SystemBundleService
12:39:11.294 [FXGL Background Thread 3 ] DEBUG Engine               - class com.almasb.fxgl.profile.SaveLoadService
12:39:11.294 [FXGL Background Thread 3 ] DEBUG Engine               - class com.almasb.fxgl.ui.FXGLUIFactoryServiceProvider
12:39:11.294 [FXGL Background Thread 3 ] DEBUG Engine               - class com.almasb.fxgl.ui.FXGLDialogFactoryServiceProvider
12:39:11.294 [FXGL Background Thread 3 ] DEBUG Engine               - class com.almasb.fxgl.audio.AudioPlayer
12:39:11.294 [FXGL Background Thread 3 ] DEBUG Engine               - class com.almasb.fxgl.notification.impl.NotificationServiceProvider
12:39:11.294 [FXGL Background Thread 3 ] DEBUG Engine               - class com.almasb.fxgl.achievement.AchievementService
12:39:11.294 [FXGL Background Thread 3 ] DEBUG Engine               - class com.almasb.fxgl.cutscene.CutsceneService
12:39:11.294 [FXGL Background Thread 3 ] DEBUG Engine               - class com.almasb.fxgl.minigames.MiniGameService
12:39:11.294 [FXGL Background Thread 3 ] DEBUG Engine               - class com.almasb.fxgl.net.NetService
12:39:11.294 [FXGL Background Thread 3 ] DEBUG Engine               - class com.almasb.fxgl.app.services.UpdaterService
12:39:11.294 [FXGL Background Thread 3 ] DEBUG Engine               - class com.almasb.fxgl.dev.DevService
12:39:21.511 [JavaFX Application Thread] DEBUG FXGLAssetLoaderServi - Loading from file system: file:/D:/GameDevelop/Project1/target/classes/assets/textures/Crops/vectoraith_tileset_farmingsims_crops_dense_spring_32x32.png
12:43:36.680 [JavaFX Application Thread] DEBUG FXGLApplication      - Exiting FXGL
12:43:36.680 [JavaFX Application Thread] DEBUG LoopRunner           - Stopping loop
12:43:36.681 [JavaFX Application Thread] DEBUG SystemBundleService  - Saving FXGL system data
12:43:36.683 [JavaFX Application Thread] DEBUG FileSystemAccess     - Writing to: D:\GameDevelop\Project1\system\fxgl.bundle
12:43:36.686 [JavaFX Application Thread] DEBUG Async                - Shutting down background threads
12:43:36.686 [JavaFX Application Thread] DEBUG PrimaryStageWindow   - Closing main window
12:43:36.697 [JavaFX Application Thread] DEBUG Logger               - Closing Logger
