17:22:33.114 [main                     ] DEBUG Logger               - Configured Logger
17:22:33.119 [main                     ] DEBUG GameApplication      - Logging settings
Title: Java Farming Professional
Version: 2.5
Width: 1280
Height: 720
Fullscreen: false
Intro: false
Profiling: false
Single step:false
App Mode: DEVELOPER
Menu Key: ESCAPE
Stage Style: DECORATED
Scene Factory: class Project1Game.ui.FarmSceneFactory

17:22:33.723 [JavaFX Application Thread] DEBUG FXGLApplication      - Initializing FXGL
17:22:33.727 [JavaFX Application Thread] INFO  Engine               - FXGL-25 (05.02.2026 22.57) on WINDOWS (J:25.0.2 FX:25.0.1)
17:22:33.727 [JavaFX Application Thread] DEBUG Engine               - JRE Vendor Name: Oracle Corporation
17:22:33.727 [JavaFX Application Thread] DEBUG Engine               - Running on OS: Windows 11 version 10.0
17:22:33.727 [JavaFX Application Thread] DEBUG Engine               - Architecture: amd64
17:22:33.727 [JavaFX Application Thread] INFO  Engine               - Source code and latest versions at: https://github.com/AlmasB/FXGL
17:22:33.727 [JavaFX Application Thread] INFO  Engine               -       Ask questions and discuss at: https://github.com/AlmasB/FXGL/discussions
17:22:33.833 [JavaFX Application Thread] DEBUG PrimaryStageWindow   - Creating a JavaFX scene
17:22:33.881 [JavaFX Application Thread] DEBUG PrimaryStageWindow   - Target settings size: 1280.0 x 720.0
17:22:33.881 [JavaFX Application Thread] DEBUG PrimaryStageWindow   - Scaled scene size:    1280.0 x 720.0
17:22:33.881 [JavaFX Application Thread] DEBUG PrimaryStageWindow   - Scaled ratio: (1.0, 1.0)
17:22:33.882 [JavaFX Application Thread] DEBUG PrimaryStageWindow   - Set initial scene to FXGLStartupScene
17:22:33.885 [JavaFX Application Thread] DEBUG PrimaryStageWindow   - Opening main window
17:22:34.231 [JavaFX Application Thread] DEBUG PrimaryStageWindow   - Window border size: (14.4000244140625, 37.5999755859375)
17:22:34.231 [JavaFX Application Thread] DEBUG PrimaryStageWindow   - Scaled size: 1280.0 x 720.0
17:22:34.231 [JavaFX Application Thread] DEBUG PrimaryStageWindow   - Scaled ratio: (1.0, 1.0)
17:22:34.231 [JavaFX Application Thread] DEBUG PrimaryStageWindow   - Scene size: 1280.0 x 720.0
17:22:34.231 [JavaFX Application Thread] DEBUG PrimaryStageWindow   - Stage size: 1294.4000244140625 x 757.5999755859375
17:22:34.240 [FXGL Background Thread 1 ] DEBUG Engine               - Initializing environment variables
17:22:34.292 [FXGL Background Thread 1 ] DEBUG FXGLAssetLoaderServi - User app class for loading assets: class Project1Game.Main
17:22:34.292 [FXGL Background Thread 1 ] DEBUG GameApplicationServi - Applying CSS: fxgl_dark.css
17:22:34.293 [FXGL Background Thread 1 ] DEBUG FXGLAssetLoaderServi - Loading from file system: jar:file:/C:/Users/Administrator.DESKTOP-98TGIBL/.m2/repository/com/github/almasb/fxgl/25/fxgl-25.jar!/fxglassets/ui/css/fxgl_dark.css
17:22:34.331 [FXGL Background Thread 1 ] DEBUG GameApplicationServi - Initializing application scenes
17:22:34.368 [FXGL Background Thread 1 ] DEBUG GameWorld            - Game world initialized
17:22:34.411 [FXGL Background Thread 1 ] DEBUG PhysicsWorld         - Physics world initialized: appHeight=720, physics.ppm=50,0
17:22:34.411 [FXGL Background Thread 1 ] DEBUG PhysicsWorld         - Using strategy: BRUTE_FORCE
17:22:34.416 [FXGL Background Thread 1 ] DEBUG GameScene            - Game scene initialized: 1280x720
17:22:34.436 [FXGL Background Thread 1 ] DEBUG GameApplicationServi - Application scenes initialized
17:22:34.448 [FXGL Background Thread 1 ] DEBUG SystemBundleService  - Loading FXGL system data
17:22:34.452 [FXGL Background Thread 1 ] DEBUG FileSystemAccess     - Reading from: C:\Users\Administrator.DESKTOP-98TGIBL\Desktop\OOP\Project\FarmSimulator\system\fxgl.bundle
17:22:34.459 [FXGL Background Thread 1 ] DEBUG SystemBundleService  - Bundle FXGL: {}
17:22:34.459 [FXGL Background Thread 1 ] DEBUG UpdaterService       - Checking for updates
17:22:34.489 [FXGL Background Thread 4 ] DEBUG FXGLApplication      - Loading fonts
17:22:34.489 [FXGL Background Thread 4 ] DEBUG FXGLAssetLoaderServi - Loading from file system: jar:file:/C:/Users/Administrator.DESKTOP-98TGIBL/.m2/repository/com/github/almasb/fxgl/25/fxgl-25.jar!/fxglassets/ui/fonts/VarelaRound-Regular.ttf
17:22:34.490 [FXGL Background Thread 1 ] DEBUG FXGLApplication      - Loading default localization
17:22:34.490 [FXGL Background Thread 1 ] DEBUG FXGLAssetLoaderServi - Loading from file system: jar:file:/C:/Users/Administrator.DESKTOP-98TGIBL/.m2/repository/com/github/almasb/fxgl/25/fxgl-25.jar!/fxglassets/languages/english.lang
17:22:34.503 [FXGL Background Thread 1 ] INFO  FXGLApplication      - FXGL initialization took: 0,263 sec
17:22:34.511 [JavaFX Application Thread] DEBUG Input                - Registered new binding: Move Right - D
17:22:34.511 [JavaFX Application Thread] DEBUG Input                - Registered new binding: Move Left - A
17:22:34.511 [JavaFX Application Thread] DEBUG Input                - Registered new binding: Move Up - W
17:22:34.511 [JavaFX Application Thread] DEBUG Input                - Registered new binding: Move Down - S
17:22:34.511 [JavaFX Application Thread] DEBUG Input                - Registered new binding: Interact Action Key - E
17:22:34.511 [JavaFX Application Thread] DEBUG Input                - Registered new binding: Use Tool Keyboard - F
17:22:34.512 [JavaFX Application Thread] DEBUG Input                - Registered new binding: Use Tool Mouse - LMB
17:22:34.512 [JavaFX Application Thread] DEBUG Input                - Registered new binding: Test Quick Water - Q
17:22:34.512 [JavaFX Application Thread] DEBUG Input                - Registered new binding: Close UI Window - R
17:22:34.512 [JavaFX Application Thread] DEBUG Input                - Registered new binding: Toggle Inventory Window - Tab
17:22:34.512 [JavaFX Application Thread] DEBUG Input                - Registered new binding: Toggle Admin Panel - Back Quote
17:22:34.512 [JavaFX Application Thread] DEBUG Input                - Registered new binding: Quick Save - F5
17:22:34.512 [JavaFX Application Thread] DEBUG Input                - Registered new binding: Quick Load - F9
17:22:34.513 [JavaFX Application Thread] DEBUG Input                - Registered new binding: Select Inventory Slot 1 - 1
17:22:34.513 [JavaFX Application Thread] DEBUG Input                - Registered new binding: Select Inventory Slot 2 - 2
17:22:34.513 [JavaFX Application Thread] DEBUG Input                - Registered new binding: Select Inventory Slot 3 - 3
17:22:34.513 [JavaFX Application Thread] DEBUG Input                - Registered new binding: Select Inventory Slot 4 - 4
17:22:34.513 [JavaFX Application Thread] DEBUG Input                - Registered new binding: Select Inventory Slot 5 - 5
17:22:34.513 [JavaFX Application Thread] DEBUG Input                - Registered new binding: Select Inventory Slot 6 - 6
17:22:34.513 [JavaFX Application Thread] DEBUG Input                - Registered new binding: Select Inventory Slot 7 - 7
17:22:34.513 [JavaFX Application Thread] DEBUG Input                - Registered new binding: Select Inventory Slot 8 - 8
17:22:34.513 [JavaFX Application Thread] DEBUG Input                - Registered new binding: Select Inventory Slot 9 - 9
17:22:34.514 [JavaFX Application Thread] DEBUG FXGLAssetLoaderServi - Loading from file system: jar:file:/C:/Users/Administrator.DESKTOP-98TGIBL/.m2/repository/com/github/almasb/fxgl/25/fxgl-25.jar!/fxglassets/textures/fxgl_icon.png
17:22:34.526 [FXGL Background Thread 4 ] DEBUG FXGLAssetLoaderServi - Loading from file system: jar:file:/C:/Users/Administrator.DESKTOP-98TGIBL/.m2/repository/com/github/almasb/fxgl/25/fxgl-25.jar!/fxglassets/ui/fonts/Abel-Regular.ttf
17:22:34.531 [FXGL Background Thread 4 ] DEBUG FXGLAssetLoaderServi - Loading from file system: jar:file:/C:/Users/Administrator.DESKTOP-98TGIBL/.m2/repository/com/github/almasb/fxgl/25/fxgl-25.jar!/fxglassets/ui/fonts/TerminalLandMono-Regular.otf
17:22:34.535 [FXGL Background Thread 4 ] DEBUG FXGLAssetLoaderServi - Loading from file system: jar:file:/C:/Users/Administrator.DESKTOP-98TGIBL/.m2/repository/com/github/almasb/fxgl/25/fxgl-25.jar!/fxglassets/ui/fonts/Courier-Prime.ttf
17:22:34.560 [JavaFX Application Thread] DEBUG FXGLAssetLoaderServi - Loading from file system: jar:file:/C:/Users/Administrator.DESKTOP-98TGIBL/.m2/repository/com/github/almasb/fxgl/25/fxgl-25.jar!/fxglassets/textures/fxgl_default_cursor.png
17:22:34.562 [JavaFX Application Thread] DEBUG Input                - Registered new binding: Screenshot - CTRL+8
17:22:34.562 [JavaFX Application Thread] DEBUG Input                - Registered new binding: Dev Options - 1
17:22:34.562 [JavaFX Application Thread] DEBUG Input                - Registered new binding: Dev Console - 2
17:22:34.563 [JavaFX Application Thread] DEBUG Input                - Registered new binding: System info dump - CTRL+9
17:22:34.563 [JavaFX Application Thread] DEBUG Input                - Registered new binding: Restart - CTRL+R
17:22:34.564 [JavaFX Application Thread] DEBUG Input                - Registered new binding: Toggle Debug Camera - CTRL+7
17:22:34.568 [JavaFX Application Thread] DEBUG LoopRunner           - Starting loop
17:22:34.581 [JavaFX Application Thread] DEBUG LoopRunner           - Initializing JavaFX AnimationTimerLoop
17:22:34.584 [JavaFX Application Thread] DEBUG Input                - Clearing active input actions
17:22:34.597 [JavaFX Application Thread] DEBUG GameApplicationServi - Removing overlay from FXGLStartupScene and adding to FXGLMainMenuDummyScene
17:22:34.603 [JavaFX Application Thread] DEBUG PrimaryStageWindow   - FXGLStartupScene -> FXGLMainMenuDummyScene
17:22:34.604 [JavaFX Application Thread] DEBUG PrimaryStageWindow   - Push state: FarmMenu
17:22:34.604 [JavaFX Application Thread] DEBUG Input                - Clearing active input actions
17:22:34.608 [JavaFX Application Thread] DEBUG GameApplicationServi - Removing overlay from FXGLMainMenuDummyScene and adding to FarmMenu
17:22:34.608 [JavaFX Application Thread] DEBUG PrimaryStageWindow   - FXGLMainMenuDummyScene -> FarmMenu
17:22:34.620 [JavaFX Application Thread] DEBUG FXGLApplication      - Registering font factories with UI factory
17:22:36.049 [JavaFX Application Thread] DEBUG FXGLAssetLoaderServi - Loading from file system: file:/C:/Users/Administrator.DESKTOP-98TGIBL/Desktop/OOP/Project/FarmSimulator/target/classes/assets/textures/Player/player.png
17:22:36.053 [JavaFX Application Thread] DEBUG FXGLAssetLoaderServi - Loading from file system: file:/C:/Users/Administrator.DESKTOP-98TGIBL/Desktop/OOP/Project/FarmSimulator/target/classes/assets/textures/Player_HUST/player.png
17:22:36.054 [JavaFX Application Thread] DEBUG FXGLAssetLoaderServi - Loading from file system: file:/C:/Users/Administrator.DESKTOP-98TGIBL/Desktop/OOP/Project/FarmSimulator/target/classes/assets/textures/Player_Farmer/player.png
17:22:36.055 [JavaFX Application Thread] DEBUG FXGLAssetLoaderServi - Loading from file system: file:/C:/Users/Administrator.DESKTOP-98TGIBL/Desktop/OOP/Project/FarmSimulator/target/classes/assets/textures/Player_Cowboy/player.png
17:22:36.056 [JavaFX Application Thread] DEBUG FXGLAssetLoaderServi - Loading from file system: file:/C:/Users/Administrator.DESKTOP-98TGIBL/Desktop/OOP/Project/FarmSimulator/target/classes/assets/textures/Player_Knight/player.png
17:22:36.056 [JavaFX Application Thread] DEBUG FXGLAssetLoaderServi - Loading from file system: file:/C:/Users/Administrator.DESKTOP-98TGIBL/Desktop/OOP/Project/FarmSimulator/target/classes/assets/textures/Player_Witch/player.png
17:22:37.488 [FXGL Background Thread 3 ] DEBUG Engine               - Logging environment variables
17:22:37.488 [FXGL Background Thread 3 ] DEBUG Engine               - achievements: []
17:22:37.488 [FXGL Background Thread 3 ] DEBUG Engine               - actualHeight: 720.0
17:22:37.488 [FXGL Background Thread 3 ] DEBUG Engine               - actualHeightProperty: ReadOnlyDoubleProperty [value: 720.0]
17:22:37.488 [FXGL Background Thread 3 ] DEBUG Engine               - actualWidth: 1280.0
17:22:37.488 [FXGL Background Thread 3 ] DEBUG Engine               - actualWidthProperty: ReadOnlyDoubleProperty [value: 1280.0]
17:22:37.488 [FXGL Background Thread 3 ] DEBUG Engine               - appIcon: fxgl_icon.png
17:22:37.488 [FXGL Background Thread 3 ] DEBUG Engine               - applicationMode: DEVELOPER
17:22:37.488 [FXGL Background Thread 3 ] DEBUG Engine               - cSSList: [fxgl_dark.css]
17:22:37.489 [FXGL Background Thread 3 ] DEBUG Engine               - collisionDetectionStrategy: BRUTE_FORCE
17:22:37.489 [FXGL Background Thread 3 ] DEBUG Engine               - configClass: Optional.empty
17:22:37.489 [FXGL Background Thread 3 ] DEBUG Engine               - credits: []
17:22:37.490 [FXGL Background Thread 3 ] DEBUG Engine               - defaultCursor: CursorInfo(imageName=fxgl_default_cursor.png, hotspotX=7.0, hotspotY=6.0)
17:22:37.490 [FXGL Background Thread 3 ] DEBUG Engine               - devBBoxColorProperty: ObjectProperty [value: 0xff0000ff]
17:22:37.490 [FXGL Background Thread 3 ] DEBUG Engine               - devEnableDebugCameraProperty: BooleanProperty [value: false]
17:22:37.490 [FXGL Background Thread 3 ] DEBUG Engine               - devSensorColorProperty: ObjectProperty [value: 0xffff00ff]
17:22:37.490 [FXGL Background Thread 3 ] DEBUG Engine               - devShowBBoxProperty: BooleanProperty [value: false]
17:22:37.490 [FXGL Background Thread 3 ] DEBUG Engine               - devShowPositionProperty: BooleanProperty [value: false]
17:22:37.490 [FXGL Background Thread 3 ] DEBUG Engine               - enabledMenuItems: []
17:22:37.490 [FXGL Background Thread 3 ] DEBUG Engine               - engineServices: [class com.almasb.fxgl.app.services.FXGLAssetLoaderService, class com.almasb.fxgl.app.FXGLApplication$GameApplicationService, class com.almasb.fxgl.app.services.FXGLDialogService, class com.almasb.fxgl.app.services.IOTaskExecutorService, class com.almasb.fxgl.io.FileSystemService, class com.almasb.fxgl.localization.LocalizationService, class com.almasb.fxgl.app.services.SystemBundleService, class com.almasb.fxgl.profile.SaveLoadService, class com.almasb.fxgl.ui.FXGLUIFactoryServiceProvider, class com.almasb.fxgl.ui.FXGLDialogFactoryServiceProvider, class com.almasb.fxgl.audio.AudioPlayer, class com.almasb.fxgl.notification.impl.NotificationServiceProvider, class com.almasb.fxgl.achievement.AchievementService, class com.almasb.fxgl.cutscene.CutsceneService, class com.almasb.fxgl.minigames.MiniGameService, class com.almasb.fxgl.net.NetService, class com.almasb.fxgl.app.services.UpdaterService, class com.almasb.fxgl.dev.DevService]
17:22:37.490 [FXGL Background Thread 3 ] DEBUG Engine               - fontGame: Abel-Regular.ttf
17:22:37.490 [FXGL Background Thread 3 ] DEBUG Engine               - fontMono: TerminalLandMono-Regular.otf
17:22:37.490 [FXGL Background Thread 3 ] DEBUG Engine               - fontSizeScaleUI: 1.0
17:22:37.490 [FXGL Background Thread 3 ] DEBUG Engine               - fontText: Courier-Prime.ttf
17:22:37.490 [FXGL Background Thread 3 ] DEBUG Engine               - fontUI: VarelaRound-Regular.ttf
17:22:37.491 [FXGL Background Thread 3 ] DEBUG Engine               - fpsRefreshRate: 500.0 ms
17:22:37.491 [FXGL Background Thread 3 ] DEBUG Engine               - fullScreen: BooleanProperty [value: false]
17:22:37.491 [FXGL Background Thread 3 ] DEBUG Engine               - gameDifficulty: MEDIUM
17:22:37.491 [FXGL Background Thread 3 ] DEBUG Engine               - gameDifficultyProperty: ObjectProperty [value: MEDIUM]
17:22:37.491 [FXGL Background Thread 3 ] DEBUG Engine               - globalMusicVolume: 0.5
17:22:37.491 [FXGL Background Thread 3 ] DEBUG Engine               - globalMusicVolumeProperty: DoubleProperty [value: 0.5]
17:22:37.491 [FXGL Background Thread 3 ] DEBUG Engine               - globalSoundVolume: 0.5
17:22:37.491 [FXGL Background Thread 3 ] DEBUG Engine               - globalSoundVolumeProperty: DoubleProperty [value: 0.5]
17:22:37.491 [FXGL Background Thread 3 ] DEBUG Engine               - height: 720
17:22:37.491 [FXGL Background Thread 3 ] DEBUG Engine               - is3D: false
17:22:37.491 [FXGL Background Thread 3 ] DEBUG Engine               - isAndroid: false
17:22:37.491 [FXGL Background Thread 3 ] DEBUG Engine               - isBrowser: false
17:22:37.491 [FXGL Background Thread 3 ] DEBUG Engine               - isClickFeedbackEnabled: false
17:22:37.491 [FXGL Background Thread 3 ] DEBUG Engine               - isCloseConfirmation: false
17:22:37.491 [FXGL Background Thread 3 ] DEBUG Engine               - isDesktop: true
17:22:37.491 [FXGL Background Thread 3 ] DEBUG Engine               - isDeveloperMenuEnabled: true
17:22:37.492 [FXGL Background Thread 3 ] DEBUG Engine               - isEmbedded: false
17:22:37.492 [FXGL Background Thread 3 ] DEBUG Engine               - isEntityPreloadEnabled: true
17:22:37.492 [FXGL Background Thread 3 ] DEBUG Engine               - isExperimentalTiledLargeMap: false
17:22:37.492 [FXGL Background Thread 3 ] DEBUG Engine               - isFileSystemWriteAllowed: true
17:22:37.492 [FXGL Background Thread 3 ] DEBUG Engine               - isFullScreenAllowed: false
17:22:37.492 [FXGL Background Thread 3 ] DEBUG Engine               - isFullScreenFromStart: false
17:22:37.492 [FXGL Background Thread 3 ] DEBUG Engine               - isGameMenuEnabled: true
17:22:37.492 [FXGL Background Thread 3 ] DEBUG Engine               - isIOS: false
17:22:37.492 [FXGL Background Thread 3 ] DEBUG Engine               - isIntroEnabled: false
17:22:37.492 [FXGL Background Thread 3 ] DEBUG Engine               - isLinux: false
17:22:37.492 [FXGL Background Thread 3 ] DEBUG Engine               - isMac: false
17:22:37.492 [FXGL Background Thread 3 ] DEBUG Engine               - isMainMenuEnabled: true
17:22:37.492 [FXGL Background Thread 3 ] DEBUG Engine               - isManualResizeEnabled: false
17:22:37.492 [FXGL Background Thread 3 ] DEBUG Engine               - isMobile: false
17:22:37.493 [FXGL Background Thread 3 ] DEBUG Engine               - isNative: false
17:22:37.493 [FXGL Background Thread 3 ] DEBUG Engine               - isPauseMusicWhenMinimized: true
17:22:37.493 [FXGL Background Thread 3 ] DEBUG Engine               - isPreserveResizeRatio: false
17:22:37.493 [FXGL Background Thread 3 ] DEBUG Engine               - isProfilingEnabled: false
17:22:37.493 [FXGL Background Thread 3 ] DEBUG Engine               - isScaleAffectedOnResize: true
17:22:37.493 [FXGL Background Thread 3 ] DEBUG Engine               - isSingleStep: false
17:22:37.493 [FXGL Background Thread 3 ] DEBUG Engine               - isUserProfileEnabled: false
17:22:37.493 [FXGL Background Thread 3 ] DEBUG Engine               - isWindows: true
17:22:37.493 [FXGL Background Thread 3 ] DEBUG Engine               - language: ObjectProperty [value: ENGLISH]
17:22:37.493 [FXGL Background Thread 3 ] DEBUG Engine               - menuKey: ESCAPE
17:22:37.493 [FXGL Background Thread 3 ] DEBUG Engine               - mouseSensitivity: 0.2
17:22:37.493 [FXGL Background Thread 3 ] DEBUG Engine               - notificationViewClass: class com.almasb.fxgl.notification.view.XboxNotificationView
17:22:37.493 [FXGL Background Thread 3 ] DEBUG Engine               - pixelsPerMeter: 50.0
17:22:37.493 [FXGL Background Thread 3 ] DEBUG Engine               - platform: WINDOWS
17:22:37.493 [FXGL Background Thread 3 ] DEBUG Engine               - prefHeightProperty: ReadOnlyDoubleProperty [value: 720.0]
17:22:37.494 [FXGL Background Thread 3 ] DEBUG Engine               - prefWidthProperty: ReadOnlyDoubleProperty [value: 1280.0]
17:22:37.494 [FXGL Background Thread 3 ] DEBUG Engine               - profileDir: profiles/
17:22:37.494 [FXGL Background Thread 3 ] DEBUG Engine               - profileName: StringProperty [value: DEFAULT]
17:22:37.494 [FXGL Background Thread 3 ] DEBUG Engine               - randomSeed: -1
17:22:37.494 [FXGL Background Thread 3 ] DEBUG Engine               - runtimeInfo: RuntimeInfo(platform=WINDOWS, version=25, build=05.02.2026 22.57)
17:22:37.494 [FXGL Background Thread 3 ] DEBUG Engine               - saveFileExt: sav
17:22:37.494 [FXGL Background Thread 3 ] DEBUG Engine               - scaledHeightProp$fxgl: DoubleProperty [bound, value: 720.0]
17:22:37.494 [FXGL Background Thread 3 ] DEBUG Engine               - scaledWidthProp$fxgl: DoubleProperty [bound, value: 1280.0]
17:22:37.494 [FXGL Background Thread 3 ] DEBUG Engine               - sceneFactory: Project1Game.ui.FarmSceneFactory@458e25d9
17:22:37.494 [FXGL Background Thread 3 ] DEBUG Engine               - secondsIn24h: 60
17:22:37.494 [FXGL Background Thread 3 ] DEBUG Engine               - soundMenuBack: menu/back.wav
17:22:37.494 [FXGL Background Thread 3 ] DEBUG Engine               - soundMenuPress: menu/press.wav
17:22:37.494 [FXGL Background Thread 3 ] DEBUG Engine               - soundMenuSelect: menu/select.wav
17:22:37.494 [FXGL Background Thread 3 ] DEBUG Engine               - soundNotification: core/notification.wav
17:22:37.494 [FXGL Background Thread 3 ] DEBUG Engine               - stageStyle: DECORATED
17:22:37.494 [FXGL Background Thread 3 ] DEBUG Engine               - supportedLanguages: [ENGLISH, FRENCH, GERMAN, HUNGARIAN, RUSSIAN]
17:22:37.494 [FXGL Background Thread 3 ] DEBUG Engine               - ticksPerSecond: -1
17:22:37.494 [FXGL Background Thread 3 ] DEBUG Engine               - title: Java Farming Professional
17:22:37.494 [FXGL Background Thread 3 ] DEBUG Engine               - urlGithub: https://github.com/AlmasB/FXGL
17:22:37.494 [FXGL Background Thread 3 ] DEBUG Engine               - urlLeaderboard: http://fxgl-top.herokuapp.com/
17:22:37.495 [FXGL Background Thread 3 ] DEBUG Engine               - urlPOM: https://raw.githubusercontent.com/AlmasB/FXGL/release/README.md
17:22:37.495 [FXGL Background Thread 3 ] DEBUG Engine               - userAppClass: class Project1Game.Main
17:22:37.495 [FXGL Background Thread 3 ] DEBUG Engine               - version: 2.5
17:22:37.495 [FXGL Background Thread 3 ] DEBUG Engine               - versionCheckDays: 7
17:22:37.495 [FXGL Background Thread 3 ] DEBUG Engine               - width: 1280
17:22:37.495 [FXGL Background Thread 3 ] DEBUG Engine               - Logging services
17:22:37.495 [FXGL Background Thread 3 ] DEBUG Engine               - class com.almasb.fxgl.app.services.FXGLAssetLoaderService
17:22:37.495 [FXGL Background Thread 3 ] DEBUG Engine               - class com.almasb.fxgl.app.FXGLApplication$GameApplicationService
17:22:37.495 [FXGL Background Thread 3 ] DEBUG Engine               - class com.almasb.fxgl.app.services.FXGLDialogService
17:22:37.495 [FXGL Background Thread 3 ] DEBUG Engine               - class com.almasb.fxgl.app.services.IOTaskExecutorService
17:22:37.495 [FXGL Background Thread 3 ] DEBUG Engine               - class com.almasb.fxgl.io.FileSystemService
17:22:37.495 [FXGL Background Thread 3 ] DEBUG Engine               - class com.almasb.fxgl.localization.LocalizationService
17:22:37.495 [FXGL Background Thread 3 ] DEBUG Engine               - class com.almasb.fxgl.app.services.SystemBundleService
17:22:37.495 [FXGL Background Thread 3 ] DEBUG Engine               - class com.almasb.fxgl.profile.SaveLoadService
17:22:37.495 [FXGL Background Thread 3 ] DEBUG Engine               - class com.almasb.fxgl.ui.FXGLUIFactoryServiceProvider
17:22:37.495 [FXGL Background Thread 3 ] DEBUG Engine               - class com.almasb.fxgl.ui.FXGLDialogFactoryServiceProvider
17:22:37.495 [FXGL Background Thread 3 ] DEBUG Engine               - class com.almasb.fxgl.audio.AudioPlayer
17:22:37.495 [FXGL Background Thread 3 ] DEBUG Engine               - class com.almasb.fxgl.notification.impl.NotificationServiceProvider
17:22:37.495 [FXGL Background Thread 3 ] DEBUG Engine               - class com.almasb.fxgl.achievement.AchievementService
17:22:37.495 [FXGL Background Thread 3 ] DEBUG Engine               - class com.almasb.fxgl.cutscene.CutsceneService
17:22:37.495 [FXGL Background Thread 3 ] DEBUG Engine               - class com.almasb.fxgl.minigames.MiniGameService
17:22:37.495 [FXGL Background Thread 3 ] DEBUG Engine               - class com.almasb.fxgl.net.NetService
17:22:37.495 [FXGL Background Thread 3 ] DEBUG Engine               - class com.almasb.fxgl.app.services.UpdaterService
17:22:37.495 [FXGL Background Thread 3 ] DEBUG Engine               - class com.almasb.fxgl.dev.DevService
17:22:40.010 [JavaFX Application Thread] DEBUG Menu                 - fireNewGame()
17:22:40.010 [JavaFX Application Thread] DEBUG GameApplicationServi - Starting new game
17:22:40.011 [JavaFX Application Thread] DEBUG PrimaryStageWindow   - Pop state: FarmMenu
17:22:40.011 [JavaFX Application Thread] DEBUG Input                - Clearing active input actions
17:22:40.011 [JavaFX Application Thread] DEBUG GameApplicationServi - Removing overlay from FarmMenu and adding to FXGLMainMenuDummyScene
17:22:40.012 [JavaFX Application Thread] DEBUG PrimaryStageWindow   - FXGLMainMenuDummyScene <- FarmMenu
17:22:40.012 [JavaFX Application Thread] DEBUG Input                - Clearing active input actions
17:22:40.017 [JavaFX Application Thread] DEBUG GameApplicationServi - Removing overlay from FXGLMainMenuDummyScene and adding to FXGLLoadingScene
17:22:40.018 [JavaFX Application Thread] DEBUG PrimaryStageWindow   - FXGLMainMenuDummyScene -> FXGLLoadingScene
17:22:40.018 [JavaFX Application Thread] DEBUG GameApplicationServi - Clearing previous game
17:22:40.018 [JavaFX Application Thread] DEBUG GameScene            - Clearing game scene
17:22:40.018 [JavaFX Application Thread] DEBUG GameWorld            - Clearing game world
17:22:40.018 [JavaFX Application Thread] DEBUG PhysicsWorld         - Clearing physics world
17:22:40.019 [FXGL Background Thread 2 ] DEBUG FXGLApplication      - Initializing game
17:22:40.036 [FXGL Background Thread 2 ] WARN  FXGLAssetLoaderServi - Asset "/assets/textures/empty.png" was not found!
17:22:40.037 [FXGL Background Thread 2 ] WARN  FXGLAssetLoaderServi - Failed to load IMAGE
17:22:40.064 [FXGL Background Thread 2 ] DEBUG FXGLAssetLoaderServi - Loading from file system: file:/C:/Users/Administrator.DESKTOP-98TGIBL/Desktop/OOP/Project/FarmSimulator/target/classes/assets/textures/Crops/soil_1.png
17:22:40.068 [FXGL Background Thread 2 ] WARN  FXGLAssetLoaderServi - Asset "/assets/textures/empty.png" was not found!
17:22:40.068 [FXGL Background Thread 2 ] WARN  FXGLAssetLoaderServi - Failed to load IMAGE
17:22:40.068 [FXGL Background Thread 2 ] DEBUG FXGLAssetLoaderServi - Loading from file system: file:/C:/Users/Administrator.DESKTOP-98TGIBL/Desktop/OOP/Project/FarmSimulator/target/classes/assets/textures/Crops/rice_1.png
17:22:40.069 [FXGL Background Thread 2 ] WARN  FXGLAssetLoaderServi - Asset "/assets/textures/empty.png" was not found!
17:22:40.069 [FXGL Background Thread 2 ] WARN  FXGLAssetLoaderServi - Failed to load IMAGE
17:22:40.070 [FXGL Background Thread 2 ] WARN  FXGLAssetLoaderServi - Asset "/assets/textures/empty.png" was not found!
17:22:40.070 [FXGL Background Thread 2 ] WARN  FXGLAssetLoaderServi - Failed to load IMAGE
17:22:40.071 [FXGL Background Thread 2 ] WARN  FXGLAssetLoaderServi - Asset "/assets/textures/empty.png" was not found!
17:22:40.071 [FXGL Background Thread 2 ] WARN  FXGLAssetLoaderServi - Failed to load IMAGE
17:22:40.072 [FXGL Background Thread 2 ] WARN  FXGLAssetLoaderServi - Asset "/assets/textures/empty.png" was not found!
17:22:40.072 [FXGL Background Thread 2 ] WARN  FXGLAssetLoaderServi - Failed to load IMAGE
17:22:40.072 [FXGL Background Thread 2 ] WARN  FXGLAssetLoaderServi - Asset "/assets/textures/empty.png" was not found!
17:22:40.072 [FXGL Background Thread 2 ] WARN  FXGLAssetLoaderServi - Failed to load IMAGE
17:22:40.073 [FXGL Background Thread 2 ] WARN  FXGLAssetLoaderServi - Asset "/assets/textures/empty.png" was not found!
17:22:40.073 [FXGL Background Thread 2 ] WARN  FXGLAssetLoaderServi - Failed to load IMAGE
17:22:40.073 [FXGL Background Thread 2 ] DEBUG FXGLAssetLoaderServi - Loading from file system: file:/C:/Users/Administrator.DESKTOP-98TGIBL/Desktop/OOP/Project/FarmSimulator/target/classes/assets/textures/Crops/soil_2.png
17:22:40.074 [FXGL Background Thread 2 ] WARN  FXGLAssetLoaderServi - Asset "/assets/textures/empty.png" was not found!
17:22:40.074 [FXGL Background Thread 2 ] WARN  FXGLAssetLoaderServi - Failed to load IMAGE
17:22:40.075 [FXGL Background Thread 2 ] WARN  FXGLAssetLoaderServi - Asset "/assets/textures/empty.png" was not found!
17:22:40.075 [FXGL Background Thread 2 ] WARN  FXGLAssetLoaderServi - Failed to load IMAGE
17:22:40.085 [FXGL Background Thread 2 ] WARN  FXGLAssetLoaderServi - Asset "/assets/textures/empty.png" was not found!
17:22:40.085 [FXGL Background Thread 2 ] WARN  FXGLAssetLoaderServi - Failed to load IMAGE
17:22:40.086 [FXGL Background Thread 2 ] WARN  FXGLAssetLoaderServi - Asset "/assets/textures/empty.png" was not found!
17:22:40.086 [FXGL Background Thread 2 ] WARN  FXGLAssetLoaderServi - Failed to load IMAGE
17:22:40.089 [FXGL Background Thread 2 ] WARN  FXGLAssetLoaderServi - Asset "/assets/textures/empty.png" was not found!
17:22:40.089 [FXGL Background Thread 2 ] WARN  FXGLAssetLoaderServi - Failed to load IMAGE
17:22:40.089 [FXGL Background Thread 2 ] WARN  FXGLAssetLoaderServi - Asset "/assets/textures/empty.png" was not found!
17:22:40.089 [FXGL Background Thread 2 ] WARN  FXGLAssetLoaderServi - Failed to load IMAGE
17:22:40.090 [FXGL Background Thread 2 ] WARN  FXGLAssetLoaderServi - Asset "/assets/textures/empty.png" was not found!
17:22:40.090 [FXGL Background Thread 2 ] WARN  FXGLAssetLoaderServi - Failed to load IMAGE
17:22:40.090 [FXGL Background Thread 2 ] WARN  FXGLAssetLoaderServi - Asset "/assets/textures/empty.png" was not found!
17:22:40.090 [FXGL Background Thread 2 ] WARN  FXGLAssetLoaderServi - Failed to load IMAGE
17:22:40.091 [FXGL Background Thread 2 ] WARN  FXGLAssetLoaderServi - Asset "/assets/textures/empty.png" was not found!
17:22:40.091 [FXGL Background Thread 2 ] WARN  FXGLAssetLoaderServi - Failed to load IMAGE
17:22:40.091 [FXGL Background Thread 2 ] WARN  FXGLAssetLoaderServi - Asset "/assets/textures/empty.png" was not found!
17:22:40.091 [FXGL Background Thread 2 ] WARN  FXGLAssetLoaderServi - Failed to load IMAGE
17:22:40.092 [FXGL Background Thread 2 ] WARN  FXGLAssetLoaderServi - Asset "/assets/textures/empty.png" was not found!
17:22:40.092 [FXGL Background Thread 2 ] WARN  FXGLAssetLoaderServi - Failed to load IMAGE
17:22:40.092 [FXGL Background Thread 2 ] WARN  FXGLAssetLoaderServi - Asset "/assets/textures/empty.png" was not found!
17:22:40.092 [FXGL Background Thread 2 ] WARN  FXGLAssetLoaderServi - Failed to load IMAGE
17:22:40.092 [FXGL Background Thread 2 ] WARN  FXGLAssetLoaderServi - Asset "/assets/textures/empty.png" was not found!
17:22:40.092 [FXGL Background Thread 2 ] WARN  FXGLAssetLoaderServi - Failed to load IMAGE
17:22:40.093 [FXGL Background Thread 2 ] WARN  FXGLAssetLoaderServi - Asset "/assets/textures/empty.png" was not found!
17:22:40.093 [FXGL Background Thread 2 ] WARN  FXGLAssetLoaderServi - Failed to load IMAGE
17:22:40.093 [FXGL Background Thread 2 ] WARN  FXGLAssetLoaderServi - Asset "/assets/textures/empty.png" was not found!
17:22:40.093 [FXGL Background Thread 2 ] WARN  FXGLAssetLoaderServi - Failed to load IMAGE
17:22:40.094 [FXGL Background Thread 2 ] WARN  FXGLAssetLoaderServi - Asset "/assets/textures/empty.png" was not found!
17:22:40.094 [FXGL Background Thread 2 ] WARN  FXGLAssetLoaderServi - Failed to load IMAGE
17:22:40.094 [FXGL Background Thread 2 ] WARN  FXGLAssetLoaderServi - Asset "/assets/textures/empty.png" was not found!
17:22:40.094 [FXGL Background Thread 2 ] WARN  FXGLAssetLoaderServi - Failed to load IMAGE
17:22:40.095 [FXGL Background Thread 2 ] WARN  FXGLAssetLoaderServi - Asset "/assets/textures/empty.png" was not found!
17:22:40.095 [FXGL Background Thread 2 ] WARN  FXGLAssetLoaderServi - Failed to load IMAGE
17:22:40.095 [FXGL Background Thread 2 ] WARN  FXGLAssetLoaderServi - Asset "/assets/textures/empty.png" was not found!
17:22:40.095 [FXGL Background Thread 2 ] WARN  FXGLAssetLoaderServi - Failed to load IMAGE
17:22:40.096 [FXGL Background Thread 2 ] WARN  FXGLAssetLoaderServi - Asset "/assets/textures/empty.png" was not found!
17:22:40.096 [FXGL Background Thread 2 ] WARN  FXGLAssetLoaderServi - Failed to load IMAGE
17:22:40.096 [FXGL Background Thread 2 ] WARN  FXGLAssetLoaderServi - Asset "/assets/textures/empty.png" was not found!
17:22:40.096 [FXGL Background Thread 2 ] WARN  FXGLAssetLoaderServi - Failed to load IMAGE
17:22:40.097 [FXGL Background Thread 2 ] WARN  FXGLAssetLoaderServi - Asset "/assets/textures/empty.png" was not found!
17:22:40.097 [FXGL Background Thread 2 ] WARN  FXGLAssetLoaderServi - Failed to load IMAGE
17:22:40.097 [FXGL Background Thread 2 ] WARN  FXGLAssetLoaderServi - Asset "/assets/textures/empty.png" was not found!
17:22:40.097 [FXGL Background Thread 2 ] WARN  FXGLAssetLoaderServi - Failed to load IMAGE
17:22:40.098 [FXGL Background Thread 2 ] WARN  FXGLAssetLoaderServi - Asset "/assets/textures/empty.png" was not found!
17:22:40.098 [FXGL Background Thread 2 ] WARN  FXGLAssetLoaderServi - Failed to load IMAGE
17:22:40.098 [FXGL Background Thread 2 ] WARN  FXGLAssetLoaderServi - Asset "/assets/textures/empty.png" was not found!
17:22:40.098 [FXGL Background Thread 2 ] WARN  FXGLAssetLoaderServi - Failed to load IMAGE
17:22:40.098 [FXGL Background Thread 2 ] WARN  FXGLAssetLoaderServi - Asset "/assets/textures/empty.png" was not found!
17:22:40.098 [FXGL Background Thread 2 ] WARN  FXGLAssetLoaderServi - Failed to load IMAGE
17:22:40.098 [FXGL Background Thread 2 ] WARN  FXGLAssetLoaderServi - Asset "/assets/textures/empty.png" was not found!
17:22:40.098 [FXGL Background Thread 2 ] WARN  FXGLAssetLoaderServi - Failed to load IMAGE
17:22:40.098 [FXGL Background Thread 2 ] WARN  FXGLAssetLoaderServi - Asset "/assets/textures/empty.png" was not found!
17:22:40.098 [FXGL Background Thread 2 ] WARN  FXGLAssetLoaderServi - Failed to load IMAGE
17:22:40.099 [FXGL Background Thread 2 ] WARN  FXGLAssetLoaderServi - Asset "/assets/textures/empty.png" was not found!
17:22:40.099 [FXGL Background Thread 2 ] WARN  FXGLAssetLoaderServi - Failed to load IMAGE
17:22:40.099 [FXGL Background Thread 2 ] WARN  FXGLAssetLoaderServi - Asset "/assets/textures/empty.png" was not found!
17:22:40.099 [FXGL Background Thread 2 ] WARN  FXGLAssetLoaderServi - Failed to load IMAGE
17:22:40.099 [FXGL Background Thread 2 ] WARN  FXGLAssetLoaderServi - Asset "/assets/textures/empty.png" was not found!
17:22:40.099 [FXGL Background Thread 2 ] WARN  FXGLAssetLoaderServi - Failed to load IMAGE
17:22:40.100 [FXGL Background Thread 2 ] WARN  FXGLAssetLoaderServi - Asset "/assets/textures/empty.png" was not found!
17:22:40.100 [FXGL Background Thread 2 ] WARN  FXGLAssetLoaderServi - Failed to load IMAGE
17:22:40.100 [FXGL Background Thread 2 ] WARN  FXGLAssetLoaderServi - Asset "/assets/textures/empty.png" was not found!
17:22:40.100 [FXGL Background Thread 2 ] WARN  FXGLAssetLoaderServi - Failed to load IMAGE
17:22:40.100 [FXGL Background Thread 2 ] WARN  FXGLAssetLoaderServi - Asset "/assets/textures/empty.png" was not found!
17:22:40.100 [FXGL Background Thread 2 ] WARN  FXGLAssetLoaderServi - Failed to load IMAGE
17:22:40.100 [FXGL Background Thread 2 ] WARN  FXGLAssetLoaderServi - Asset "/assets/textures/empty.png" was not found!
17:22:40.101 [FXGL Background Thread 2 ] WARN  FXGLAssetLoaderServi - Failed to load IMAGE
17:22:40.101 [FXGL Background Thread 2 ] WARN  FXGLAssetLoaderServi - Asset "/assets/textures/empty.png" was not found!
17:22:40.101 [FXGL Background Thread 2 ] WARN  FXGLAssetLoaderServi - Failed to load IMAGE
17:22:40.101 [FXGL Background Thread 2 ] WARN  FXGLAssetLoaderServi - Asset "/assets/textures/empty.png" was not found!
17:22:40.101 [FXGL Background Thread 2 ] WARN  FXGLAssetLoaderServi - Failed to load IMAGE
17:22:40.101 [FXGL Background Thread 2 ] WARN  FXGLAssetLoaderServi - Asset "/assets/textures/empty.png" was not found!
17:22:40.101 [FXGL Background Thread 2 ] WARN  FXGLAssetLoaderServi - Failed to load IMAGE
17:22:40.102 [FXGL Background Thread 2 ] WARN  FXGLAssetLoaderServi - Asset "/assets/textures/empty.png" was not found!
17:22:40.102 [FXGL Background Thread 2 ] WARN  FXGLAssetLoaderServi - Failed to load IMAGE
17:22:40.102 [FXGL Background Thread 2 ] WARN  FXGLAssetLoaderServi - Asset "/assets/textures/empty.png" was not found!
17:22:40.102 [FXGL Background Thread 2 ] WARN  FXGLAssetLoaderServi - Failed to load IMAGE
17:22:40.102 [FXGL Background Thread 2 ] WARN  FXGLAssetLoaderServi - Asset "/assets/textures/empty.png" was not found!
17:22:40.102 [FXGL Background Thread 2 ] WARN  FXGLAssetLoaderServi - Failed to load IMAGE
17:22:40.103 [FXGL Background Thread 2 ] WARN  FXGLAssetLoaderServi - Asset "/assets/textures/empty.png" was not found!
17:22:40.103 [FXGL Background Thread 2 ] WARN  FXGLAssetLoaderServi - Failed to load IMAGE
17:22:40.103 [FXGL Background Thread 2 ] WARN  FXGLAssetLoaderServi - Asset "/assets/textures/empty.png" was not found!
17:22:40.103 [FXGL Background Thread 2 ] WARN  FXGLAssetLoaderServi - Failed to load IMAGE
17:22:40.103 [FXGL Background Thread 2 ] WARN  FXGLAssetLoaderServi - Asset "/assets/textures/empty.png" was not found!
17:22:40.103 [FXGL Background Thread 2 ] WARN  FXGLAssetLoaderServi - Failed to load IMAGE
17:22:40.104 [FXGL Background Thread 2 ] WARN  FXGLAssetLoaderServi - Asset "/assets/textures/empty.png" was not found!
17:22:40.104 [FXGL Background Thread 2 ] WARN  FXGLAssetLoaderServi - Failed to load IMAGE
17:22:40.104 [FXGL Background Thread 2 ] WARN  FXGLAssetLoaderServi - Asset "/assets/textures/empty.png" was not found!
17:22:40.104 [FXGL Background Thread 2 ] WARN  FXGLAssetLoaderServi - Failed to load IMAGE
17:22:40.105 [FXGL Background Thread 2 ] WARN  FXGLAssetLoaderServi - Asset "/assets/textures/empty.png" was not found!
17:22:40.105 [FXGL Background Thread 2 ] WARN  FXGLAssetLoaderServi - Failed to load IMAGE
17:22:40.105 [FXGL Background Thread 2 ] WARN  FXGLAssetLoaderServi - Asset "/assets/textures/empty.png" was not found!
17:22:40.105 [FXGL Background Thread 2 ] WARN  FXGLAssetLoaderServi - Failed to load IMAGE
17:22:40.105 [FXGL Background Thread 2 ] WARN  FXGLAssetLoaderServi - Asset "/assets/textures/empty.png" was not found!
17:22:40.106 [FXGL Background Thread 2 ] WARN  FXGLAssetLoaderServi - Failed to load IMAGE
17:22:40.106 [FXGL Background Thread 2 ] WARN  FXGLAssetLoaderServi - Asset "/assets/textures/empty.png" was not found!
17:22:40.106 [FXGL Background Thread 2 ] WARN  FXGLAssetLoaderServi - Failed to load IMAGE
17:22:40.106 [FXGL Background Thread 2 ] WARN  FXGLAssetLoaderServi - Asset "/assets/textures/empty.png" was not found!
17:22:40.106 [FXGL Background Thread 2 ] WARN  FXGLAssetLoaderServi - Failed to load IMAGE
17:22:40.106 [FXGL Background Thread 2 ] WARN  FXGLAssetLoaderServi - Asset "/assets/textures/empty.png" was not found!
17:22:40.107 [FXGL Background Thread 2 ] WARN  FXGLAssetLoaderServi - Failed to load IMAGE
17:22:40.107 [FXGL Background Thread 2 ] WARN  FXGLAssetLoaderServi - Asset "/assets/textures/empty.png" was not found!
17:22:40.107 [FXGL Background Thread 2 ] WARN  FXGLAssetLoaderServi - Failed to load IMAGE
17:22:40.107 [FXGL Background Thread 2 ] WARN  FXGLAssetLoaderServi - Asset "/assets/textures/empty.png" was not found!
17:22:40.107 [FXGL Background Thread 2 ] WARN  FXGLAssetLoaderServi - Failed to load IMAGE
17:22:40.108 [FXGL Background Thread 2 ] WARN  FXGLAssetLoaderServi - Asset "/assets/textures/empty.png" was not found!
17:22:40.108 [FXGL Background Thread 2 ] WARN  FXGLAssetLoaderServi - Failed to load IMAGE
17:22:40.108 [FXGL Background Thread 2 ] WARN  FXGLAssetLoaderServi - Asset "/assets/textures/empty.png" was not found!
17:22:40.108 [FXGL Background Thread 2 ] WARN  FXGLAssetLoaderServi - Failed to load IMAGE
17:22:40.111 [FXGL Background Thread 2 ] DEBUG FXGLAssetLoaderServi - Loading from file system: file:/C:/Users/Administrator.DESKTOP-98TGIBL/Desktop/OOP/Project/FarmSimulator/target/classes/assets/textures/UI/heart_sprite.png
17:22:40.141 [FXGL Background Thread 2 ] WARN  TMXLevelLoader       - TiledMap generated from 1.12.0. Supported version: 1.9.0. Some features may not be parsed fully.
17:22:40.185 [FXGL Background Thread 2 ] DEBUG TMXLevelLoader       - Parsed TiledMap: file:/C:/Users/Administrator.DESKTOP-98TGIBL/Desktop/OOP/Project/FarmSimulator/target/classes/assets/levels/Main_level.tmx
17:22:40.186 [FXGL Background Thread 2 ] DEBUG TMXLevelLoader       - Creating tile layer entities
17:22:40.188 [FXGL Background Thread 2 ] DEBUG TilesetLoader        - Loading view for layer BackgroundLayer
17:22:40.196 [FXGL Background Thread 2 ] DEBUG TilesetLoader        - Created buffer with size 3520.0x2048.0
17:22:40.256 [FXGL Background Thread 2 ] DEBUG TilesetLoader        - Loading view for layer DecorationLayer
17:22:40.265 [FXGL Background Thread 2 ] DEBUG TilesetLoader        - Created buffer with size 3520.0x2048.0
17:22:40.306 [FXGL Background Thread 2 ] DEBUG TilesetLoader        - Loading view for layer OverheadLayer
17:22:40.311 [FXGL Background Thread 2 ] DEBUG TilesetLoader        - Created buffer with size 3520.0x2048.0
17:22:40.313 [FXGL Background Thread 2 ] DEBUG TMXLevelLoader       - Creating object layer entities
17:22:40.325 [FXGL Background Thread 2 ] DEBUG FXGLAssetLoaderServi - Loading from file system: file:/C:/Users/Administrator.DESKTOP-98TGIBL/Desktop/OOP/Project/FarmSimulator/target/classes/assets/textures/Player_Knight/Carry_Idle/Carry_Idle_Down-Sheet.png
17:22:40.329 [FXGL Background Thread 2 ] DEBUG FXGLAssetLoaderServi - Loading from file system: file:/C:/Users/Administrator.DESKTOP-98TGIBL/Desktop/OOP/Project/FarmSimulator/target/classes/assets/textures/Player_Knight/Carry_Idle/Carry_Idle_Up-Sheet.png
17:22:40.331 [FXGL Background Thread 2 ] DEBUG FXGLAssetLoaderServi - Loading from file system: file:/C:/Users/Administrator.DESKTOP-98TGIBL/Desktop/OOP/Project/FarmSimulator/target/classes/assets/textures/Player_Knight/Carry_Idle/Carry_Idle_Side-Sheet.png
17:22:40.333 [FXGL Background Thread 2 ] DEBUG FXGLAssetLoaderServi - Loading from file system: file:/C:/Users/Administrator.DESKTOP-98TGIBL/Desktop/OOP/Project/FarmSimulator/target/classes/assets/textures/Player_Knight/Carry_Walk/Carry_Walk_Down-Sheet.png
17:22:40.334 [FXGL Background Thread 2 ] DEBUG FXGLAssetLoaderServi - Loading from file system: file:/C:/Users/Administrator.DESKTOP-98TGIBL/Desktop/OOP/Project/FarmSimulator/target/classes/assets/textures/Player_Knight/Carry_Walk/Carry_Walk_Up-Sheet.png
17:22:40.336 [FXGL Background Thread 2 ] DEBUG FXGLAssetLoaderServi - Loading from file system: file:/C:/Users/Administrator.DESKTOP-98TGIBL/Desktop/OOP/Project/FarmSimulator/target/classes/assets/textures/Player_Knight/Carry_Walk/Carry_Walk_Side-Sheet.png
17:22:40.337 [FXGL Background Thread 2 ] DEBUG FXGLAssetLoaderServi - Loading from file system: file:/C:/Users/Administrator.DESKTOP-98TGIBL/Desktop/OOP/Project/FarmSimulator/target/classes/assets/textures/Player_Knight/Carry_Run/Carry_Run_Down-Sheet.png
17:22:40.339 [FXGL Background Thread 2 ] DEBUG FXGLAssetLoaderServi - Loading from file system: file:/C:/Users/Administrator.DESKTOP-98TGIBL/Desktop/OOP/Project/FarmSimulator/target/classes/assets/textures/Player_Knight/Carry_Run/Carry_Run_Up-Sheet.png
17:22:40.340 [FXGL Background Thread 2 ] DEBUG FXGLAssetLoaderServi - Loading from file system: file:/C:/Users/Administrator.DESKTOP-98TGIBL/Desktop/OOP/Project/FarmSimulator/target/classes/assets/textures/Player_Knight/Carry_Run/Carry_Run_Side-Sheet.png
17:22:40.433 [FXGL Background Thread 2 ] DEBUG FXGLAssetLoaderServi - Loading from file system: file:/C:/Users/Administrator.DESKTOP-98TGIBL/Desktop/OOP/Project/FarmSimulator/target/classes/assets/textures/NPC/Trader/Trader.png
17:22:40.438 [FXGL Background Thread 2 ] DEBUG FXGLAssetLoaderServi - Loading from file system: file:/C:/Users/Administrator.DESKTOP-98TGIBL/Desktop/OOP/Project/FarmSimulator/target/classes/assets/textures/NPC/Guider/Guider.png
17:22:40.441 [FXGL Background Thread 2 ] DEBUG GameWorld            - Clearing removable entities
17:22:40.441 [FXGL Background Thread 2 ] DEBUG GameWorld            - Setting level: com.almasb.fxgl.entity.level.Level@781b1638
17:22:40.499 [FXGL Background Thread 2 ] INFO  FXGLApplication      - Game initialization took: 0,480 sec
17:22:40.512 [JavaFX Application Thread] DEBUG Input                - Clearing active input actions
17:22:40.523 [JavaFX Application Thread] DEBUG GameApplicationServi - Removing overlay from FXGLLoadingScene and adding to GameScene
17:22:40.525 [JavaFX Application Thread] DEBUG PrimaryStageWindow   - FXGLLoadingScene -> GameScene
17:22:52.519 [JavaFX Application Thread] DEBUG EventBus             - Firing event: Project1Game.system.DayNightEvent[source=javafx.event.Event$$Lambda/0x00000000981ae8f0@23d847a0]
17:23:55.610 [JavaFX Application Thread] DEBUG FXGLApplication      - Exiting FXGL
17:23:55.610 [JavaFX Application Thread] DEBUG LoopRunner           - Stopping loop
17:23:55.611 [JavaFX Application Thread] DEBUG SystemBundleService  - Saving FXGL system data
17:23:55.612 [JavaFX Application Thread] DEBUG FileSystemAccess     - Writing to: C:\Users\Administrator.DESKTOP-98TGIBL\Desktop\OOP\Project\FarmSimulator\system\fxgl.bundle
17:23:55.615 [JavaFX Application Thread] DEBUG Async                - Shutting down background threads
17:23:55.615 [JavaFX Application Thread] DEBUG PrimaryStageWindow   - Closing main window
17:23:55.627 [JavaFX Application Thread] DEBUG Logger               - Closing Logger
