21:35:34.682 [main                     ] DEBUG Logger               - Configured Logger
21:35:34.688 [main                     ] DEBUG GameApplication      - Logging settings
Title: Untitled
Version: 0.0
Width: 1280
Height: 720
Fullscreen: false
Intro: false
Profiling: false
Single step:false
App Mode: DEVELOPER
Menu Key: ESCAPE
Stage Style: DECORATED
Scene Factory: class com.almasb.fxgl.app.scene.SceneFactory

21:35:35.171 [JavaFX Application Thread] DEBUG FXGLApplication      - Initializing FXGL
21:35:35.174 [JavaFX Application Thread] INFO  Engine               - FXGL-25 (05.02.2026 22.57) on WINDOWS (J:25.0.1 FX:25.0.1)
21:35:35.175 [JavaFX Application Thread] DEBUG Engine               - JRE Vendor Name: Oracle Corporation
21:35:35.175 [JavaFX Application Thread] DEBUG Engine               - Running on OS: Windows 11 version 10.0
21:35:35.175 [JavaFX Application Thread] DEBUG Engine               - Architecture: amd64
21:35:35.175 [JavaFX Application Thread] INFO  Engine               - Source code and latest versions at: https://github.com/AlmasB/FXGL
21:35:35.175 [JavaFX Application Thread] INFO  Engine               -       Ask questions and discuss at: https://github.com/AlmasB/FXGL/discussions
21:35:35.249 [JavaFX Application Thread] DEBUG PrimaryStageWindow   - Creating a JavaFX scene
21:35:35.285 [JavaFX Application Thread] DEBUG PrimaryStageWindow   - Target settings size: 1280.0 x 720.0
21:35:35.286 [JavaFX Application Thread] DEBUG PrimaryStageWindow   - Scaled scene size:    1280.0 x 720.0
21:35:35.286 [JavaFX Application Thread] DEBUG PrimaryStageWindow   - Scaled ratio: (1.0, 1.0)
21:35:35.286 [JavaFX Application Thread] DEBUG PrimaryStageWindow   - Set initial scene to FXGLStartupScene
21:35:35.289 [JavaFX Application Thread] DEBUG PrimaryStageWindow   - Opening main window
21:35:35.557 [JavaFX Application Thread] DEBUG PrimaryStageWindow   - Window border size: (14.4000244140625, 37.5999755859375)
21:35:35.557 [JavaFX Application Thread] DEBUG PrimaryStageWindow   - Scaled size: 1280.0 x 720.0
21:35:35.557 [JavaFX Application Thread] DEBUG PrimaryStageWindow   - Scaled ratio: (1.0, 1.0)
21:35:35.557 [JavaFX Application Thread] DEBUG PrimaryStageWindow   - Scene size: 1280.0 x 720.0
21:35:35.557 [JavaFX Application Thread] DEBUG PrimaryStageWindow   - Stage size: 1294.4000244140625 x 757.5999755859375
21:35:35.564 [FXGL Background Thread 1 ] DEBUG Engine               - Initializing environment variables
21:35:35.604 [FXGL Background Thread 1 ] DEBUG FXGLAssetLoaderServi - User app class for loading assets: class Project1Game.Main
21:35:35.604 [FXGL Background Thread 1 ] DEBUG GameApplicationServi - Applying CSS: fxgl_dark.css
21:35:35.605 [FXGL Background Thread 1 ] DEBUG FXGLAssetLoaderServi - Loading from file system: jar:file:/C:/Users/Admin/.m2/repository/com/github/almasb/fxgl/25/fxgl-25.jar!/fxglassets/ui/css/fxgl_dark.css
21:35:35.636 [FXGL Background Thread 1 ] DEBUG GameApplicationServi - Initializing application scenes
21:35:35.669 [FXGL Background Thread 1 ] DEBUG GameWorld            - Game world initialized
21:35:35.700 [FXGL Background Thread 1 ] DEBUG PhysicsWorld         - Physics world initialized: appHeight=720, physics.ppm=50.0
21:35:35.700 [FXGL Background Thread 1 ] DEBUG PhysicsWorld         - Using strategy: BRUTE_FORCE
21:35:35.704 [FXGL Background Thread 1 ] DEBUG GameScene            - Game scene initialized: 1280x720
21:35:35.714 [FXGL Background Thread 1 ] DEBUG FXGL.DefaultMenu     - createMenuBodyGameMenu()
21:35:35.728 [FXGL Background Thread 1 ] DEBUG FXGL.DefaultMenu     - createOptionsMenu()
21:35:35.736 [FXGL Background Thread 1 ] DEBUG FXGLAssetLoaderServi - Loading from file system: jar:file:/C:/Users/Admin/.m2/repository/com/github/almasb/fxgl/25/fxgl-25.jar!/fxglassets/textures/particles/smoke.png
21:35:35.799 [FXGL Background Thread 1 ] DEBUG FXGLAssetLoaderServi - Loading from file system: jar:file:/C:/Users/Admin/.m2/repository/com/github/almasb/fxgl/25/fxgl-25.jar!/fxglassets/textures/particles/trace_horizontal.png
21:35:35.821 [FXGL Background Thread 1 ] DEBUG GameApplicationServi - Application scenes initialized
21:35:35.830 [FXGL Background Thread 1 ] DEBUG SystemBundleService  - Loading FXGL system data
21:35:35.833 [FXGL Background Thread 1 ] DEBUG FileSystemAccess     - Reading from: D:\GameDevelop\Project1\system\fxgl.bundle
21:35:35.839 [FXGL Background Thread 1 ] DEBUG SystemBundleService  - Bundle FXGL: {}
21:35:35.839 [FXGL Background Thread 1 ] DEBUG UpdaterService       - Checking for updates
21:35:35.860 [FXGL Background Thread 4 ] DEBUG FXGLApplication      - Loading fonts
21:35:35.860 [FXGL Background Thread 4 ] DEBUG FXGLAssetLoaderServi - Loading from file system: jar:file:/C:/Users/Admin/.m2/repository/com/github/almasb/fxgl/25/fxgl-25.jar!/fxglassets/ui/fonts/VarelaRound-Regular.ttf
21:35:35.860 [FXGL Background Thread 1 ] DEBUG FXGLApplication      - Loading default localization
21:35:35.861 [FXGL Background Thread 1 ] DEBUG FXGLAssetLoaderServi - Loading from file system: jar:file:/C:/Users/Admin/.m2/repository/com/github/almasb/fxgl/25/fxgl-25.jar!/fxglassets/languages/english.lang
21:35:35.870 [FXGL Background Thread 1 ] INFO  FXGLApplication      - FXGL initialization took: 0.305 sec
21:35:35.876 [JavaFX Application Thread] DEBUG Input                - Registered new binding: Move Right - D
21:35:35.876 [JavaFX Application Thread] DEBUG Input                - Registered new binding: Move Left - A
21:35:35.876 [JavaFX Application Thread] DEBUG Input                - Registered new binding: Move Up - W
21:35:35.876 [JavaFX Application Thread] DEBUG Input                - Registered new binding: Move Down - S
21:35:35.877 [JavaFX Application Thread] DEBUG Input                - Registered new binding: action0 - I
21:35:35.878 [JavaFX Application Thread] DEBUG Input                - Registered new binding: action1 - R
21:35:35.878 [JavaFX Application Thread] DEBUG Input                - Registered new binding: action2 - F
21:35:35.878 [JavaFX Application Thread] DEBUG Input                - Registered new binding: action3 - E
21:35:35.878 [JavaFX Application Thread] DEBUG Input                - Registered new binding: action4 - 1
21:35:35.878 [JavaFX Application Thread] DEBUG Input                - Registered new binding: action5 - 2
21:35:35.878 [JavaFX Application Thread] DEBUG Input                - Registered new binding: action6 - 3
21:35:35.878 [JavaFX Application Thread] DEBUG Input                - Registered new binding: action7 - 4
21:35:35.878 [JavaFX Application Thread] DEBUG Input                - Registered new binding: action8 - 5
21:35:35.880 [JavaFX Application Thread] DEBUG Input                - Registered new binding: action9 - 6
21:35:35.880 [JavaFX Application Thread] DEBUG Input                - Registered new binding: action10 - 7
21:35:35.880 [JavaFX Application Thread] DEBUG Input                - Registered new binding: action11 - 8
21:35:35.880 [JavaFX Application Thread] DEBUG Input                - Registered new binding: action12 - 9
21:35:35.880 [JavaFX Application Thread] DEBUG Input                - Registered new binding: action13 - Q
21:35:35.881 [JavaFX Application Thread] DEBUG Input                - Registered new binding: action14 - Tab
21:35:35.881 [JavaFX Application Thread] DEBUG FXGLAssetLoaderServi - Loading from file system: jar:file:/C:/Users/Admin/.m2/repository/com/github/almasb/fxgl/25/fxgl-25.jar!/fxglassets/textures/fxgl_icon.png
21:35:35.890 [FXGL Background Thread 4 ] DEBUG FXGLAssetLoaderServi - Loading from file system: jar:file:/C:/Users/Admin/.m2/repository/com/github/almasb/fxgl/25/fxgl-25.jar!/fxglassets/ui/fonts/Abel-Regular.ttf
21:35:35.892 [JavaFX Application Thread] DEBUG FXGLAssetLoaderServi - Loading from file system: jar:file:/C:/Users/Admin/.m2/repository/com/github/almasb/fxgl/25/fxgl-25.jar!/fxglassets/textures/fxgl_default_cursor.png
21:35:35.894 [JavaFX Application Thread] DEBUG Input                - Registered new binding: Screenshot - CTRL+8
21:35:35.894 [JavaFX Application Thread] DEBUG Input                - Registered new binding: Dev Options - 1
21:35:35.894 [JavaFX Application Thread] DEBUG Input                - Registered new binding: Dev Console - 2
21:35:35.894 [JavaFX Application Thread] DEBUG Input                - Registered new binding: System info dump - CTRL+9
21:35:35.894 [JavaFX Application Thread] DEBUG Input                - Registered new binding: Restart - CTRL+R
21:35:35.896 [JavaFX Application Thread] DEBUG Input                - Registered new binding: Toggle Debug Camera - CTRL+7
21:35:35.898 [JavaFX Application Thread] DEBUG LoopRunner           - Starting loop
21:35:35.901 [FXGL Background Thread 4 ] DEBUG FXGLAssetLoaderServi - Loading from file system: jar:file:/C:/Users/Admin/.m2/repository/com/github/almasb/fxgl/25/fxgl-25.jar!/fxglassets/ui/fonts/TerminalLandMono-Regular.otf
21:35:35.908 [JavaFX Application Thread] DEBUG LoopRunner           - Initializing JavaFX AnimationTimerLoop
21:35:35.911 [JavaFX Application Thread] DEBUG GameApplicationServi - Starting new game
21:35:35.912 [JavaFX Application Thread] DEBUG Input                - Clearing active input actions
21:35:35.919 [FXGL Background Thread 4 ] DEBUG FXGLAssetLoaderServi - Loading from file system: jar:file:/C:/Users/Admin/.m2/repository/com/github/almasb/fxgl/25/fxgl-25.jar!/fxglassets/ui/fonts/Courier-Prime.ttf
21:35:35.923 [JavaFX Application Thread] DEBUG PrimaryStageWindow   - FXGLStartupScene -> FXGLLoadingScene
21:35:35.923 [JavaFX Application Thread] DEBUG GameApplicationServi - Clearing previous game
21:35:35.923 [JavaFX Application Thread] DEBUG GameScene            - Clearing game scene
21:35:35.923 [JavaFX Application Thread] DEBUG GameWorld            - Clearing game world
21:35:35.923 [JavaFX Application Thread] DEBUG PhysicsWorld         - Clearing physics world
21:35:35.924 [FXGL Background Thread 1 ] DEBUG FXGLApplication      - Initializing game
21:35:35.978 [FXGL Background Thread 1 ] WARN  TMXLevelLoader       - TiledMap generated from 1.12.0. Supported version: 1.9.0. Some features may not be parsed fully.
21:35:36.009 [FXGL Background Thread 1 ] DEBUG TMXLevelLoader       - Parsed TiledMap: file:/D:/GameDevelop/Project1/target/classes/assets/levels/Main_level.tmx
21:35:36.010 [FXGL Background Thread 1 ] DEBUG TMXLevelLoader       - Creating tile layer entities
21:35:36.012 [FXGL Background Thread 1 ] DEBUG TilesetLoader        - Loading view for layer BackgroundLayer
21:35:36.016 [FXGL Background Thread 1 ] DEBUG TilesetLoader        - Created buffer with size 3520.0x2048.0
21:35:36.075 [FXGL Background Thread 1 ] DEBUG TilesetLoader        - Loading view for layer DecorationLayer
21:35:36.086 [FXGL Background Thread 1 ] DEBUG TilesetLoader        - Created buffer with size 3520.0x2048.0
21:35:36.103 [JavaFX Application Thread] DEBUG FXGLApplication      - Registering font factories with UI factory
21:35:36.124 [FXGL Background Thread 1 ] DEBUG TilesetLoader        - Loading view for layer OverheadLayer
21:35:36.132 [FXGL Background Thread 1 ] DEBUG TilesetLoader        - Created buffer with size 3520.0x2048.0
21:35:36.134 [FXGL Background Thread 1 ] DEBUG TMXLevelLoader       - Creating object layer entities
21:35:36.151 [FXGL Background Thread 1 ] DEBUG FXGLAssetLoaderServi - Loading from file system: file:/D:/GameDevelop/Project1/target/classes/assets/textures/Player/Carry_Idle/Carry_Idle_Down-Sheet.png
21:35:36.153 [FXGL Background Thread 1 ] DEBUG FXGLAssetLoaderServi - Loading from file system: file:/D:/GameDevelop/Project1/target/classes/assets/textures/Player/Carry_Idle/Carry_Idle_Up-Sheet.png
21:35:36.154 [FXGL Background Thread 1 ] DEBUG FXGLAssetLoaderServi - Loading from file system: file:/D:/GameDevelop/Project1/target/classes/assets/textures/Player/Carry_Idle/Carry_Idle_Side-Sheet.png
21:35:36.156 [FXGL Background Thread 1 ] DEBUG FXGLAssetLoaderServi - Loading from file system: file:/D:/GameDevelop/Project1/target/classes/assets/textures/Player/Carry_Walk/Carry_Walk_Down-Sheet.png
21:35:36.157 [FXGL Background Thread 1 ] DEBUG FXGLAssetLoaderServi - Loading from file system: file:/D:/GameDevelop/Project1/target/classes/assets/textures/Player/Carry_Walk/Carry_Walk_Up-Sheet.png
21:35:36.159 [FXGL Background Thread 1 ] DEBUG FXGLAssetLoaderServi - Loading from file system: file:/D:/GameDevelop/Project1/target/classes/assets/textures/Player/Carry_Walk/Carry_Walk_Side-Sheet.png
21:35:36.160 [FXGL Background Thread 1 ] DEBUG FXGLAssetLoaderServi - Loading from file system: file:/D:/GameDevelop/Project1/target/classes/assets/textures/Player/Carry_Run/Carry_Run_Down-Sheet.png
21:35:36.161 [FXGL Background Thread 1 ] DEBUG FXGLAssetLoaderServi - Loading from file system: file:/D:/GameDevelop/Project1/target/classes/assets/textures/Player/Carry_Run/Carry_Run_Up-Sheet.png
21:35:36.163 [FXGL Background Thread 1 ] DEBUG FXGLAssetLoaderServi - Loading from file system: file:/D:/GameDevelop/Project1/target/classes/assets/textures/Player/Carry_Run/Carry_Run_Side-Sheet.png
21:35:36.270 [FXGL Background Thread 1 ] WARN  TMXLevelLoader       - Parse error
java.lang.IllegalArgumentException: No EntityFactory has a method annotated @Spawns()
	at com.almasb.fxgl.entity.GameWorld.create(GameWorld.kt:413)
	at com.almasb.fxgl.entity.level.tiled.TMXLevelLoader.createObjectLayerEntities(TMXLevelLoader.kt:154)
	at com.almasb.fxgl.entity.level.tiled.TMXLevelLoader.load(TMXLevelLoader.kt:60)
	at com.almasb.fxgl.app.services.FXGLAssetLoaderService.loadLevel(FXGLAssetLoaderService.kt:449)
	at com.almasb.fxgl.dsl.FXGL$Companion.setLevelFromMap(FXGL.kt:645)
	at com.almasb.fxgl.dsl.FXGL.setLevelFromMap(FXGL.kt)
	at Project1Game.Main.initGame(Main.java:97)
	at com.almasb.fxgl.app.FXGLApplication$InitAppTask.initGame(FXGLApplication.kt:346)
	at com.almasb.fxgl.app.FXGLApplication$InitAppTask.call(FXGLApplication.kt:324)
	at com.almasb.fxgl.app.FXGLApplication$InitAppTask.call(FXGLApplication.kt:316)
	at javafx.concurrent.Task$TaskCallable.call(Task.java:1407)
	at java.base/java.util.concurrent.FutureTask.run(FutureTask.java:328)
	at java.base/java.util.concurrent.Executors$RunnableAdapter.call(Executors.java:545)
	at java.base/java.util.concurrent.FutureTask.run(FutureTask.java:328)
	at java.base/java.util.concurrent.ThreadPoolExecutor.runWorker(ThreadPoolExecutor.java:1090)
	at java.base/java.util.concurrent.ThreadPoolExecutor$Worker.run(ThreadPoolExecutor.java:614)
	at java.base/java.lang.Thread.run(Thread.java:1474)

21:35:36.271 [JavaFX Application Thread] DEBUG LoopRunner           - Stopping loop
21:35:36.273 [JavaFX Application Thread] FATAL FXGLApplication      - Uncaught Exception:
java.lang.RuntimeException: Initialization failed
	at com.almasb.fxgl.app.FXGLApplication$InitAppTask.failed(FXGLApplication.kt:350)
	at javafx.concurrent.Task.setState(Task.java:709)
	at javafx.concurrent.Task$TaskCallable.lambda$call$2(Task.java:1437)
	at com.sun.javafx.application.PlatformImpl.lambda$runLater$0(PlatformImpl.java:424)
	at com.sun.glass.ui.InvokeLaterDispatcher$Future.run(InvokeLaterDispatcher.java:95)
	at com.sun.glass.ui.win.WinApplication._runLoop(Native Method)
	at com.sun.glass.ui.win.WinApplication.lambda$runLoop$0(WinApplication.java:168)
	at java.base/java.lang.Thread.run(Thread.java:1474)
Caused by: com.almasb.fxgl.entity.level.LevelLoadingException: No EntityFactory has a method annotated @Spawns()
	at com.almasb.fxgl.entity.level.tiled.TMXLevelLoader.load(TMXLevelLoader.kt:77)
	at com.almasb.fxgl.app.services.FXGLAssetLoaderService.loadLevel(FXGLAssetLoaderService.kt:449)
	at com.almasb.fxgl.dsl.FXGL$Companion.setLevelFromMap(FXGL.kt:645)
	at com.almasb.fxgl.dsl.FXGL.setLevelFromMap(FXGL.kt)
	at Project1Game.Main.initGame(Main.java:97)
	at com.almasb.fxgl.app.FXGLApplication$InitAppTask.initGame(FXGLApplication.kt:346)
	at com.almasb.fxgl.app.FXGLApplication$InitAppTask.call(FXGLApplication.kt:324)
	at com.almasb.fxgl.app.FXGLApplication$InitAppTask.call(FXGLApplication.kt:316)
	at javafx.concurrent.Task$TaskCallable.call(Task.java:1407)
	at java.base/java.util.concurrent.FutureTask.run(FutureTask.java:328)
	at java.base/java.util.concurrent.Executors$RunnableAdapter.call(Executors.java:545)
	at java.base/java.util.concurrent.FutureTask.run(FutureTask.java:328)
	at java.base/java.util.concurrent.ThreadPoolExecutor.runWorker(ThreadPoolExecutor.java:1090)
	at java.base/java.util.concurrent.ThreadPoolExecutor$Worker.run(ThreadPoolExecutor.java:614)
	... 1 more
Caused by: java.lang.IllegalArgumentException: No EntityFactory has a method annotated @Spawns()
	at com.almasb.fxgl.entity.GameWorld.create(GameWorld.kt:413)
	at com.almasb.fxgl.entity.level.tiled.TMXLevelLoader.createObjectLayerEntities(TMXLevelLoader.kt:154)
	at com.almasb.fxgl.entity.level.tiled.TMXLevelLoader.load(TMXLevelLoader.kt:60)
	... 14 more

21:35:36.274 [JavaFX Application Thread] FATAL FXGLApplication      - Application will now exit
21:35:36.281 [JavaFX Application Thread] DEBUG PrimaryStageWindow   - Push state: ErrorSubScene
21:35:36.281 [JavaFX Application Thread] DEBUG Input                - Clearing active input actions
21:35:36.282 [JavaFX Application Thread] DEBUG GameApplicationServi - Removing overlay from FXGLLoadingScene and adding to ErrorSubScene
21:35:36.285 [JavaFX Application Thread] DEBUG PrimaryStageWindow   - FXGLLoadingScene -> ErrorSubScene
21:35:38.862 [FXGL Background Thread 3 ] DEBUG Engine               - Logging environment variables
21:35:38.863 [FXGL Background Thread 3 ] DEBUG Engine               - achievements: []
21:35:38.863 [FXGL Background Thread 3 ] DEBUG Engine               - actualHeight: 720.0
21:35:38.863 [FXGL Background Thread 3 ] DEBUG Engine               - actualHeightProperty: ReadOnlyDoubleProperty [value: 720.0]
21:35:38.863 [FXGL Background Thread 3 ] DEBUG Engine               - actualWidth: 1280.0
21:35:38.863 [FXGL Background Thread 3 ] DEBUG Engine               - actualWidthProperty: ReadOnlyDoubleProperty [value: 1280.0]
21:35:38.863 [FXGL Background Thread 3 ] DEBUG Engine               - appIcon: fxgl_icon.png
21:35:38.863 [FXGL Background Thread 3 ] DEBUG Engine               - applicationMode: DEVELOPER
21:35:38.863 [FXGL Background Thread 3 ] DEBUG Engine               - cSSList: [fxgl_dark.css]
21:35:38.863 [FXGL Background Thread 3 ] DEBUG Engine               - collisionDetectionStrategy: BRUTE_FORCE
21:35:38.863 [FXGL Background Thread 3 ] DEBUG Engine               - configClass: Optional.empty
21:35:38.863 [FXGL Background Thread 3 ] DEBUG Engine               - credits: []
21:35:38.864 [FXGL Background Thread 3 ] DEBUG Engine               - defaultCursor: CursorInfo(imageName=fxgl_default_cursor.png, hotspotX=7.0, hotspotY=6.0)
21:35:38.865 [FXGL Background Thread 3 ] DEBUG Engine               - devBBoxColorProperty: ObjectProperty [value: 0xff0000ff]
21:35:38.865 [FXGL Background Thread 3 ] DEBUG Engine               - devEnableDebugCameraProperty: BooleanProperty [value: false]
21:35:38.865 [FXGL Background Thread 3 ] DEBUG Engine               - devSensorColorProperty: ObjectProperty [value: 0xffff00ff]
21:35:38.865 [FXGL Background Thread 3 ] DEBUG Engine               - devShowBBoxProperty: BooleanProperty [value: false]
21:35:38.865 [FXGL Background Thread 3 ] DEBUG Engine               - devShowPositionProperty: BooleanProperty [value: false]
21:35:38.865 [FXGL Background Thread 3 ] DEBUG Engine               - enabledMenuItems: []
21:35:38.865 [FXGL Background Thread 3 ] DEBUG Engine               - engineServices: [class com.almasb.fxgl.app.services.FXGLAssetLoaderService, class com.almasb.fxgl.app.FXGLApplication$GameApplicationService, class com.almasb.fxgl.app.services.FXGLDialogService, class com.almasb.fxgl.app.services.IOTaskExecutorService, class com.almasb.fxgl.io.FileSystemService, class com.almasb.fxgl.localization.LocalizationService, class com.almasb.fxgl.app.services.SystemBundleService, class com.almasb.fxgl.profile.SaveLoadService, class com.almasb.fxgl.ui.FXGLUIFactoryServiceProvider, class com.almasb.fxgl.ui.FXGLDialogFactoryServiceProvider, class com.almasb.fxgl.audio.AudioPlayer, class com.almasb.fxgl.notification.impl.NotificationServiceProvider, class com.almasb.fxgl.achievement.AchievementService, class com.almasb.fxgl.cutscene.CutsceneService, class com.almasb.fxgl.minigames.MiniGameService, class com.almasb.fxgl.net.NetService, class com.almasb.fxgl.app.services.UpdaterService, class com.almasb.fxgl.dev.DevService]
21:35:38.865 [FXGL Background Thread 3 ] DEBUG Engine               - fontGame: Abel-Regular.ttf
21:35:38.865 [FXGL Background Thread 3 ] DEBUG Engine               - fontMono: TerminalLandMono-Regular.otf
21:35:38.865 [FXGL Background Thread 3 ] DEBUG Engine               - fontSizeScaleUI: 1.0
21:35:38.865 [FXGL Background Thread 3 ] DEBUG Engine               - fontText: Courier-Prime.ttf
21:35:38.865 [FXGL Background Thread 3 ] DEBUG Engine               - fontUI: VarelaRound-Regular.ttf
21:35:38.865 [FXGL Background Thread 3 ] DEBUG Engine               - fpsRefreshRate: 500.0 ms
21:35:38.865 [FXGL Background Thread 3 ] DEBUG Engine               - fullScreen: BooleanProperty [value: false]
21:35:38.865 [FXGL Background Thread 3 ] DEBUG Engine               - gameDifficulty: MEDIUM
21:35:38.865 [FXGL Background Thread 3 ] DEBUG Engine               - gameDifficultyProperty: ObjectProperty [value: MEDIUM]
21:35:38.865 [FXGL Background Thread 3 ] DEBUG Engine               - globalMusicVolume: 0.5
21:35:38.865 [FXGL Background Thread 3 ] DEBUG Engine               - globalMusicVolumeProperty: DoubleProperty [value: 0.5]
21:35:38.865 [FXGL Background Thread 3 ] DEBUG Engine               - globalSoundVolume: 0.5
21:35:38.865 [FXGL Background Thread 3 ] DEBUG Engine               - globalSoundVolumeProperty: DoubleProperty [value: 0.5]
21:35:38.865 [FXGL Background Thread 3 ] DEBUG Engine               - height: 720
21:35:38.866 [FXGL Background Thread 3 ] DEBUG Engine               - is3D: false
21:35:38.866 [FXGL Background Thread 3 ] DEBUG Engine               - isAndroid: false
21:35:38.866 [FXGL Background Thread 3 ] DEBUG Engine               - isBrowser: false
21:35:38.866 [FXGL Background Thread 3 ] DEBUG Engine               - isClickFeedbackEnabled: false
21:35:38.866 [FXGL Background Thread 3 ] DEBUG Engine               - isCloseConfirmation: false
21:35:38.866 [FXGL Background Thread 3 ] DEBUG Engine               - isDesktop: true
21:35:38.866 [FXGL Background Thread 3 ] DEBUG Engine               - isDeveloperMenuEnabled: true
21:35:38.866 [FXGL Background Thread 3 ] DEBUG Engine               - isEmbedded: false
21:35:38.866 [FXGL Background Thread 3 ] DEBUG Engine               - isEntityPreloadEnabled: true
21:35:38.866 [FXGL Background Thread 3 ] DEBUG Engine               - isExperimentalTiledLargeMap: false
21:35:38.866 [FXGL Background Thread 3 ] DEBUG Engine               - isFileSystemWriteAllowed: true
21:35:38.866 [FXGL Background Thread 3 ] DEBUG Engine               - isFullScreenAllowed: false
21:35:38.866 [FXGL Background Thread 3 ] DEBUG Engine               - isFullScreenFromStart: false
21:35:38.866 [FXGL Background Thread 3 ] DEBUG Engine               - isGameMenuEnabled: true
21:35:38.866 [FXGL Background Thread 3 ] DEBUG Engine               - isIOS: false
21:35:38.866 [FXGL Background Thread 3 ] DEBUG Engine               - isIntroEnabled: false
21:35:38.866 [FXGL Background Thread 3 ] DEBUG Engine               - isLinux: false
21:35:38.866 [FXGL Background Thread 3 ] DEBUG Engine               - isMac: false
21:35:38.866 [FXGL Background Thread 3 ] DEBUG Engine               - isMainMenuEnabled: false
21:35:38.866 [FXGL Background Thread 3 ] DEBUG Engine               - isManualResizeEnabled: false
21:35:38.866 [FXGL Background Thread 3 ] DEBUG Engine               - isMobile: false
21:35:38.866 [FXGL Background Thread 3 ] DEBUG Engine               - isNative: false
21:35:38.866 [FXGL Background Thread 3 ] DEBUG Engine               - isPauseMusicWhenMinimized: true
21:35:38.866 [FXGL Background Thread 3 ] DEBUG Engine               - isPreserveResizeRatio: false
21:35:38.866 [FXGL Background Thread 3 ] DEBUG Engine               - isProfilingEnabled: false
21:35:38.866 [FXGL Background Thread 3 ] DEBUG Engine               - isScaleAffectedOnResize: true
21:35:38.866 [FXGL Background Thread 3 ] DEBUG Engine               - isSingleStep: false
21:35:38.866 [FXGL Background Thread 3 ] DEBUG Engine               - isUserProfileEnabled: false
21:35:38.866 [FXGL Background Thread 3 ] DEBUG Engine               - isWindows: true
21:35:38.866 [FXGL Background Thread 3 ] DEBUG Engine               - language: ObjectProperty [value: ENGLISH]
21:35:38.866 [FXGL Background Thread 3 ] DEBUG Engine               - menuKey: ESCAPE
21:35:38.866 [FXGL Background Thread 3 ] DEBUG Engine               - mouseSensitivity: 0.2
21:35:38.866 [FXGL Background Thread 3 ] DEBUG Engine               - notificationViewClass: class com.almasb.fxgl.notification.view.XboxNotificationView
21:35:38.866 [FXGL Background Thread 3 ] DEBUG Engine               - pixelsPerMeter: 50.0
21:35:38.866 [FXGL Background Thread 3 ] DEBUG Engine               - platform: WINDOWS
21:35:38.866 [FXGL Background Thread 3 ] DEBUG Engine               - prefHeightProperty: ReadOnlyDoubleProperty [value: 720.0]
21:35:38.866 [FXGL Background Thread 3 ] DEBUG Engine               - prefWidthProperty: ReadOnlyDoubleProperty [value: 1280.0]
21:35:38.866 [FXGL Background Thread 3 ] DEBUG Engine               - profileDir: profiles/
21:35:38.866 [FXGL Background Thread 3 ] DEBUG Engine               - profileName: StringProperty [value: DEFAULT]
21:35:38.866 [FXGL Background Thread 3 ] DEBUG Engine               - randomSeed: -1
21:35:38.866 [FXGL Background Thread 3 ] DEBUG Engine               - runtimeInfo: RuntimeInfo(platform=WINDOWS, version=25, build=05.02.2026 22.57)
21:35:38.866 [FXGL Background Thread 3 ] DEBUG Engine               - saveFileExt: sav
21:35:38.866 [FXGL Background Thread 3 ] DEBUG Engine               - scaledHeightProp$fxgl: DoubleProperty [bound, value: 720.0]
21:35:38.866 [FXGL Background Thread 3 ] DEBUG Engine               - scaledWidthProp$fxgl: DoubleProperty [bound, value: 1280.0]
21:35:38.867 [FXGL Background Thread 3 ] DEBUG Engine               - sceneFactory: com.almasb.fxgl.app.scene.SceneFactory@602e59f3
21:35:38.867 [FXGL Background Thread 3 ] DEBUG Engine               - secondsIn24h: 60
21:35:38.867 [FXGL Background Thread 3 ] DEBUG Engine               - soundMenuBack: menu/back.wav
21:35:38.867 [FXGL Background Thread 3 ] DEBUG Engine               - soundMenuPress: menu/press.wav
21:35:38.867 [FXGL Background Thread 3 ] DEBUG Engine               - soundMenuSelect: menu/select.wav
21:35:38.867 [FXGL Background Thread 3 ] DEBUG Engine               - soundNotification: core/notification.wav
21:35:38.867 [FXGL Background Thread 3 ] DEBUG Engine               - stageStyle: DECORATED
21:35:38.867 [FXGL Background Thread 3 ] DEBUG Engine               - supportedLanguages: [ENGLISH, FRENCH, GERMAN, HUNGARIAN, RUSSIAN]
21:35:38.867 [FXGL Background Thread 3 ] DEBUG Engine               - ticksPerSecond: -1
21:35:38.867 [FXGL Background Thread 3 ] DEBUG Engine               - title: Untitled
21:35:38.867 [FXGL Background Thread 3 ] DEBUG Engine               - urlGithub: https://github.com/AlmasB/FXGL
21:35:38.867 [FXGL Background Thread 3 ] DEBUG Engine               - urlLeaderboard: http://fxgl-top.herokuapp.com/
21:35:38.867 [FXGL Background Thread 3 ] DEBUG Engine               - urlPOM: https://raw.githubusercontent.com/AlmasB/FXGL/release/README.md
21:35:38.867 [FXGL Background Thread 3 ] DEBUG Engine               - userAppClass: class Project1Game.Main
21:35:38.867 [FXGL Background Thread 3 ] DEBUG Engine               - version: 0.0
21:35:38.867 [FXGL Background Thread 3 ] DEBUG Engine               - versionCheckDays: 7
21:35:38.867 [FXGL Background Thread 3 ] DEBUG Engine               - width: 1280
21:35:38.867 [FXGL Background Thread 3 ] DEBUG Engine               - Logging services
21:35:38.867 [FXGL Background Thread 3 ] DEBUG Engine               - class com.almasb.fxgl.app.services.FXGLAssetLoaderService
21:35:38.867 [FXGL Background Thread 3 ] DEBUG Engine               - class com.almasb.fxgl.app.FXGLApplication$GameApplicationService
21:35:38.867 [FXGL Background Thread 3 ] DEBUG Engine               - class com.almasb.fxgl.app.services.FXGLDialogService
21:35:38.867 [FXGL Background Thread 3 ] DEBUG Engine               - class com.almasb.fxgl.app.services.IOTaskExecutorService
21:35:38.867 [FXGL Background Thread 3 ] DEBUG Engine               - class com.almasb.fxgl.io.FileSystemService
21:35:38.867 [FXGL Background Thread 3 ] DEBUG Engine               - class com.almasb.fxgl.localization.LocalizationService
21:35:38.867 [FXGL Background Thread 3 ] DEBUG Engine               - class com.almasb.fxgl.app.services.SystemBundleService
21:35:38.867 [FXGL Background Thread 3 ] DEBUG Engine               - class com.almasb.fxgl.profile.SaveLoadService
21:35:38.867 [FXGL Background Thread 3 ] DEBUG Engine               - class com.almasb.fxgl.ui.FXGLUIFactoryServiceProvider
21:35:38.867 [FXGL Background Thread 3 ] DEBUG Engine               - class com.almasb.fxgl.ui.FXGLDialogFactoryServiceProvider
21:35:38.867 [FXGL Background Thread 3 ] DEBUG Engine               - class com.almasb.fxgl.audio.AudioPlayer
21:35:38.867 [FXGL Background Thread 3 ] DEBUG Engine               - class com.almasb.fxgl.notification.impl.NotificationServiceProvider
21:35:38.867 [FXGL Background Thread 3 ] DEBUG Engine               - class com.almasb.fxgl.achievement.AchievementService
21:35:38.867 [FXGL Background Thread 3 ] DEBUG Engine               - class com.almasb.fxgl.cutscene.CutsceneService
21:35:38.867 [FXGL Background Thread 3 ] DEBUG Engine               - class com.almasb.fxgl.minigames.MiniGameService
21:35:38.867 [FXGL Background Thread 3 ] DEBUG Engine               - class com.almasb.fxgl.net.NetService
21:35:38.867 [FXGL Background Thread 3 ] DEBUG Engine               - class com.almasb.fxgl.app.services.UpdaterService
21:35:38.867 [FXGL Background Thread 3 ] DEBUG Engine               - class com.almasb.fxgl.dev.DevService
21:35:50.373 [JavaFX Application Thread] DEBUG LoopRunner           - Pausing loop
21:39:56.895 [JavaFX Application Thread] DEBUG LoopRunner           - Resuming loop
21:39:57.804 [JavaFX Application Thread] DEBUG FXGLApplication      - Exiting FXGL
21:39:57.804 [JavaFX Application Thread] DEBUG Async                - Shutting down background threads
21:39:57.804 [JavaFX Application Thread] DEBUG PrimaryStageWindow   - Closing main window
21:39:57.816 [JavaFX Application Thread] DEBUG Logger               - Closing Logger
