21:11:26.176 [main                     ] DEBUG Logger               - Configured Logger
21:11:26.180 [main                     ] DEBUG GameApplication      - Logging settings
Title: Untitled
Version: 0.0
Width: 1280
Height: 720
Fullscreen: false
Intro: false
Profiling: false
Single step:false
App Mode: DEVELOPER
Menu Key: ESCAPE
Stage Style: DECORATED
Scene Factory: class com.almasb.fxgl.app.scene.SceneFactory

21:11:26.520 [JavaFX Application Thread] DEBUG FXGLApplication      - Initializing FXGL
21:11:26.523 [JavaFX Application Thread] INFO  Engine               - FXGL-25 (05.02.2026 22.57) on WINDOWS (J:25.0.1 FX:25.0.1)
21:11:26.524 [JavaFX Application Thread] DEBUG Engine               - JRE Vendor Name: Oracle Corporation
21:11:26.524 [JavaFX Application Thread] DEBUG Engine               - Running on OS: Windows 11 version 10.0
21:11:26.524 [JavaFX Application Thread] DEBUG Engine               - Architecture: amd64
21:11:26.524 [JavaFX Application Thread] INFO  Engine               - Source code and latest versions at: https://github.com/AlmasB/FXGL
21:11:26.524 [JavaFX Application Thread] INFO  Engine               -       Ask questions and discuss at: https://github.com/AlmasB/FXGL/discussions
21:11:26.595 [JavaFX Application Thread] DEBUG PrimaryStageWindow   - Creating a JavaFX scene
21:11:26.626 [JavaFX Application Thread] DEBUG PrimaryStageWindow   - Target settings size: 1280.0 x 720.0
21:11:26.627 [JavaFX Application Thread] DEBUG PrimaryStageWindow   - Scaled scene size:    1280.0 x 720.0
21:11:26.627 [JavaFX Application Thread] DEBUG PrimaryStageWindow   - Scaled ratio: (1.0, 1.0)
21:11:26.627 [JavaFX Application Thread] DEBUG PrimaryStageWindow   - Set initial scene to FXGLStartupScene
21:11:26.630 [JavaFX Application Thread] DEBUG PrimaryStageWindow   - Opening main window
21:11:26.840 [JavaFX Application Thread] DEBUG PrimaryStageWindow   - Window border size: (14.4000244140625, 37.5999755859375)
21:11:26.840 [JavaFX Application Thread] DEBUG PrimaryStageWindow   - Scaled size: 1280.0 x 720.0
21:11:26.840 [JavaFX Application Thread] DEBUG PrimaryStageWindow   - Scaled ratio: (1.0, 1.0)
21:11:26.840 [JavaFX Application Thread] DEBUG PrimaryStageWindow   - Scene size: 1280.0 x 720.0
21:11:26.840 [JavaFX Application Thread] DEBUG PrimaryStageWindow   - Stage size: 1294.4000244140625 x 757.5999755859375
21:11:26.845 [FXGL Background Thread 1 ] DEBUG Engine               - Initializing environment variables
21:11:26.880 [FXGL Background Thread 1 ] DEBUG FXGLAssetLoaderServi - User app class for loading assets: class Project1Game.Main
21:11:26.880 [FXGL Background Thread 1 ] DEBUG GameApplicationServi - Applying CSS: fxgl_dark.css
21:11:26.881 [FXGL Background Thread 1 ] DEBUG FXGLAssetLoaderServi - Loading from file system: jar:file:/C:/Users/Admin/.m2/repository/com/github/almasb/fxgl/25/fxgl-25.jar!/fxglassets/ui/css/fxgl_dark.css
21:11:26.921 [FXGL Background Thread 1 ] DEBUG GameApplicationServi - Initializing application scenes
21:11:26.959 [FXGL Background Thread 1 ] DEBUG GameWorld            - Game world initialized
21:11:26.992 [FXGL Background Thread 1 ] DEBUG PhysicsWorld         - Physics world initialized: appHeight=720, physics.ppm=50.0
21:11:26.993 [FXGL Background Thread 1 ] DEBUG PhysicsWorld         - Using strategy: BRUTE_FORCE
21:11:26.996 [FXGL Background Thread 1 ] DEBUG GameScene            - Game scene initialized: 1280x720
21:11:27.009 [FXGL Background Thread 1 ] DEBUG FXGL.DefaultMenu     - createMenuBodyGameMenu()
21:11:27.022 [FXGL Background Thread 1 ] DEBUG FXGL.DefaultMenu     - createOptionsMenu()
21:11:27.032 [FXGL Background Thread 1 ] DEBUG FXGLAssetLoaderServi - Loading from file system: jar:file:/C:/Users/Admin/.m2/repository/com/github/almasb/fxgl/25/fxgl-25.jar!/fxglassets/textures/particles/smoke.png
21:11:27.091 [FXGL Background Thread 1 ] DEBUG FXGLAssetLoaderServi - Loading from file system: jar:file:/C:/Users/Admin/.m2/repository/com/github/almasb/fxgl/25/fxgl-25.jar!/fxglassets/textures/particles/trace_horizontal.png
21:11:27.112 [FXGL Background Thread 1 ] DEBUG GameApplicationServi - Application scenes initialized
21:11:27.121 [FXGL Background Thread 1 ] DEBUG SystemBundleService  - Loading FXGL system data
21:11:27.122 [FXGL Background Thread 1 ] DEBUG FileSystemAccess     - Reading from: D:\GameDevelop\Project1\system\fxgl.bundle
21:11:27.124 [FXGL Background Thread 1 ] DEBUG SystemBundleService  - Bundle FXGL: {}
21:11:27.124 [FXGL Background Thread 1 ] DEBUG UpdaterService       - Checking for updates
21:11:27.153 [FXGL Background Thread 4 ] DEBUG FXGLApplication      - Loading fonts
21:11:27.154 [FXGL Background Thread 1 ] DEBUG FXGLApplication      - Loading default localization
21:11:27.154 [FXGL Background Thread 4 ] DEBUG FXGLAssetLoaderServi - Loading from file system: jar:file:/C:/Users/Admin/.m2/repository/com/github/almasb/fxgl/25/fxgl-25.jar!/fxglassets/ui/fonts/VarelaRound-Regular.ttf
21:11:27.154 [FXGL Background Thread 1 ] DEBUG FXGLAssetLoaderServi - Loading from file system: jar:file:/C:/Users/Admin/.m2/repository/com/github/almasb/fxgl/25/fxgl-25.jar!/fxglassets/languages/english.lang
21:11:27.164 [FXGL Background Thread 1 ] INFO  FXGLApplication      - FXGL initialization took: 0.318 sec
21:11:27.168 [FXGL Background Thread 4 ] DEBUG FXGLAssetLoaderServi - Loading from file system: jar:file:/C:/Users/Admin/.m2/repository/com/github/almasb/fxgl/25/fxgl-25.jar!/fxglassets/ui/fonts/Abel-Regular.ttf
21:11:27.171 [JavaFX Application Thread] DEBUG Input                - Registered new binding: Move Right - D
21:11:27.171 [JavaFX Application Thread] DEBUG Input                - Registered new binding: Move Left - A
21:11:27.171 [JavaFX Application Thread] DEBUG Input                - Registered new binding: Move Up - W
21:11:27.171 [JavaFX Application Thread] DEBUG Input                - Registered new binding: Move Down - S
21:11:27.172 [JavaFX Application Thread] DEBUG Input                - Registered new binding: action0 - I
21:11:27.172 [JavaFX Application Thread] DEBUG Input                - Registered new binding: action1 - R
21:11:27.172 [JavaFX Application Thread] DEBUG Input                - Registered new binding: action2 - F
21:11:27.172 [JavaFX Application Thread] DEBUG Input                - Registered new binding: action3 - E
21:11:27.174 [JavaFX Application Thread] DEBUG Input                - Registered new binding: action4 - 1
21:11:27.174 [JavaFX Application Thread] DEBUG Input                - Registered new binding: action5 - 2
21:11:27.174 [JavaFX Application Thread] DEBUG Input                - Registered new binding: action6 - 3
21:11:27.174 [JavaFX Application Thread] DEBUG Input                - Registered new binding: action7 - 4
21:11:27.175 [JavaFX Application Thread] DEBUG Input                - Registered new binding: action8 - 5
21:11:27.175 [JavaFX Application Thread] DEBUG Input                - Registered new binding: action9 - 6
21:11:27.175 [JavaFX Application Thread] DEBUG Input                - Registered new binding: action10 - 7
21:11:27.175 [JavaFX Application Thread] DEBUG Input                - Registered new binding: action11 - 8
21:11:27.176 [JavaFX Application Thread] DEBUG Input                - Registered new binding: action12 - 9
21:11:27.176 [JavaFX Application Thread] DEBUG Input                - Registered new binding: action13 - Q
21:11:27.176 [JavaFX Application Thread] DEBUG Input                - Registered new binding: action14 - Tab
21:11:27.176 [JavaFX Application Thread] DEBUG FXGLAssetLoaderServi - Loading from file system: jar:file:/C:/Users/Admin/.m2/repository/com/github/almasb/fxgl/25/fxgl-25.jar!/fxglassets/textures/fxgl_icon.png
21:11:27.177 [FXGL Background Thread 4 ] DEBUG FXGLAssetLoaderServi - Loading from file system: jar:file:/C:/Users/Admin/.m2/repository/com/github/almasb/fxgl/25/fxgl-25.jar!/fxglassets/ui/fonts/TerminalLandMono-Regular.otf
21:11:27.187 [FXGL Background Thread 4 ] DEBUG FXGLAssetLoaderServi - Loading from file system: jar:file:/C:/Users/Admin/.m2/repository/com/github/almasb/fxgl/25/fxgl-25.jar!/fxglassets/ui/fonts/Courier-Prime.ttf
21:11:27.192 [JavaFX Application Thread] DEBUG FXGLAssetLoaderServi - Loading from file system: jar:file:/C:/Users/Admin/.m2/repository/com/github/almasb/fxgl/25/fxgl-25.jar!/fxglassets/textures/fxgl_default_cursor.png
21:11:27.193 [JavaFX Application Thread] DEBUG Input                - Registered new binding: Screenshot - CTRL+8
21:11:27.193 [JavaFX Application Thread] DEBUG Input                - Registered new binding: Dev Options - 1
21:11:27.194 [JavaFX Application Thread] DEBUG Input                - Registered new binding: Dev Console - 2
21:11:27.194 [JavaFX Application Thread] DEBUG Input                - Registered new binding: System info dump - CTRL+9
21:11:27.195 [JavaFX Application Thread] DEBUG Input                - Registered new binding: Restart - CTRL+R
21:11:27.196 [JavaFX Application Thread] DEBUG Input                - Registered new binding: Toggle Debug Camera - CTRL+7
21:11:27.199 [JavaFX Application Thread] DEBUG LoopRunner           - Starting loop
21:11:27.207 [JavaFX Application Thread] DEBUG LoopRunner           - Initializing JavaFX AnimationTimerLoop
21:11:27.208 [JavaFX Application Thread] DEBUG GameApplicationServi - Starting new game
21:11:27.209 [JavaFX Application Thread] DEBUG Input                - Clearing active input actions
21:11:27.216 [JavaFX Application Thread] DEBUG GameApplicationServi - Removing overlay from FXGLStartupScene and adding to FXGLLoadingScene
21:11:27.219 [JavaFX Application Thread] DEBUG PrimaryStageWindow   - FXGLStartupScene -> FXGLLoadingScene
21:11:27.219 [JavaFX Application Thread] DEBUG GameApplicationServi - Clearing previous game
21:11:27.219 [JavaFX Application Thread] DEBUG GameScene            - Clearing game scene
21:11:27.219 [JavaFX Application Thread] DEBUG GameWorld            - Clearing game world
21:11:27.219 [JavaFX Application Thread] DEBUG PhysicsWorld         - Clearing physics world
21:11:27.220 [JavaFX Application Thread] DEBUG FXGLApplication      - Registering font factories with UI factory
21:11:27.220 [FXGL Background Thread 4 ] DEBUG FXGLApplication      - Initializing game
21:11:27.242 [FXGL Background Thread 4 ] WARN  TMXLevelLoader       - TiledMap generated from 1.12.0. Supported version: 1.9.0. Some features may not be parsed fully.
21:11:27.271 [FXGL Background Thread 4 ] DEBUG TMXLevelLoader       - Parsed TiledMap: file:/D:/GameDevelop/Project1/target/classes/assets/levels/Main_level.tmx
21:11:27.272 [FXGL Background Thread 4 ] DEBUG TMXLevelLoader       - Creating tile layer entities
21:11:27.273 [FXGL Background Thread 4 ] DEBUG TilesetLoader        - Loading view for layer BackgroundLayer
21:11:27.278 [FXGL Background Thread 4 ] DEBUG TilesetLoader        - Created buffer with size 3520.0x2048.0
21:11:27.319 [FXGL Background Thread 4 ] DEBUG TilesetLoader        - Loading view for layer DecorationLayer
21:11:27.324 [FXGL Background Thread 4 ] DEBUG TilesetLoader        - Created buffer with size 3520.0x2048.0
21:11:27.365 [FXGL Background Thread 4 ] DEBUG TilesetLoader        - Loading view for layer OverheadLayer
21:11:27.366 [FXGL Background Thread 4 ] DEBUG TilesetLoader        - Created buffer with size 3520.0x2048.0
21:11:27.367 [FXGL Background Thread 4 ] DEBUG TMXLevelLoader       - Creating object layer entities
21:11:27.377 [FXGL Background Thread 4 ] DEBUG FXGLAssetLoaderServi - Loading from file system: file:/D:/GameDevelop/Project1/target/classes/assets/textures/Player/Carry_Idle/Carry_Idle_Down-Sheet.png
21:11:27.379 [FXGL Background Thread 4 ] DEBUG FXGLAssetLoaderServi - Loading from file system: file:/D:/GameDevelop/Project1/target/classes/assets/textures/Player/Carry_Idle/Carry_Idle_Up-Sheet.png
21:11:27.379 [FXGL Background Thread 4 ] DEBUG FXGLAssetLoaderServi - Loading from file system: file:/D:/GameDevelop/Project1/target/classes/assets/textures/Player/Carry_Idle/Carry_Idle_Side-Sheet.png
21:11:27.380 [FXGL Background Thread 4 ] DEBUG FXGLAssetLoaderServi - Loading from file system: file:/D:/GameDevelop/Project1/target/classes/assets/textures/Player/Carry_Walk/Carry_Walk_Down-Sheet.png
21:11:27.380 [FXGL Background Thread 4 ] DEBUG FXGLAssetLoaderServi - Loading from file system: file:/D:/GameDevelop/Project1/target/classes/assets/textures/Player/Carry_Walk/Carry_Walk_Up-Sheet.png
21:11:27.381 [FXGL Background Thread 4 ] DEBUG FXGLAssetLoaderServi - Loading from file system: file:/D:/GameDevelop/Project1/target/classes/assets/textures/Player/Carry_Walk/Carry_Walk_Side-Sheet.png
21:11:27.381 [FXGL Background Thread 4 ] DEBUG FXGLAssetLoaderServi - Loading from file system: file:/D:/GameDevelop/Project1/target/classes/assets/textures/Player/Carry_Run/Carry_Run_Down-Sheet.png
21:11:27.382 [FXGL Background Thread 4 ] DEBUG FXGLAssetLoaderServi - Loading from file system: file:/D:/GameDevelop/Project1/target/classes/assets/textures/Player/Carry_Run/Carry_Run_Up-Sheet.png
21:11:27.383 [FXGL Background Thread 4 ] DEBUG FXGLAssetLoaderServi - Loading from file system: file:/D:/GameDevelop/Project1/target/classes/assets/textures/Player/Carry_Run/Carry_Run_Side-Sheet.png
21:11:27.456 [FXGL Background Thread 4 ] DEBUG GameWorld            - Clearing removable entities
21:11:27.457 [FXGL Background Thread 4 ] DEBUG GameWorld            - Setting level: com.almasb.fxgl.entity.level.Level@25abf42
21:11:27.488 [FXGL Background Thread 4 ] DEBUG FXGLAssetLoaderServi - Loading from file system: file:/D:/GameDevelop/Project1/target/classes/assets/textures/Crops/soil_1.png
21:11:27.492 [FXGL Background Thread 4 ] DEBUG FXGLAssetLoaderServi - Loading from file system: file:/D:/GameDevelop/Project1/target/classes/assets/textures/Crops/rice_1.png
21:11:27.493 [FXGL Background Thread 4 ] DEBUG FXGLAssetLoaderServi - Loading from file system: file:/D:/GameDevelop/Project1/target/classes/assets/textures/Crops/rice_3.png
21:11:27.496 [FXGL Background Thread 4 ] DEBUG FXGLAssetLoaderServi - Loading from file system: file:/D:/GameDevelop/Project1/target/classes/assets/textures/Crops/soil_2.png
21:11:27.497 [FXGL Background Thread 4 ] DEBUG FXGLAssetLoaderServi - Loading from file system: file:/D:/GameDevelop/Project1/target/classes/assets/textures/UI/heart_sprite.png
21:11:27.498 [FXGL Background Thread 4 ] INFO  FXGLApplication      - Game initialization took: 0.278 sec
21:11:27.499 [JavaFX Application Thread] DEBUG Input                - Clearing active input actions
21:11:27.510 [JavaFX Application Thread] DEBUG GameApplicationServi - Removing overlay from FXGLLoadingScene and adding to GameScene
21:11:27.513 [JavaFX Application Thread] DEBUG PrimaryStageWindow   - FXGLLoadingScene -> GameScene
21:11:30.153 [FXGL Background Thread 3 ] DEBUG Engine               - Logging environment variables
21:11:30.153 [FXGL Background Thread 3 ] DEBUG Engine               - achievements: []
21:11:30.153 [FXGL Background Thread 3 ] DEBUG Engine               - actualHeight: 720.0
21:11:30.154 [FXGL Background Thread 3 ] DEBUG Engine               - actualHeightProperty: ReadOnlyDoubleProperty [value: 720.0]
21:11:30.154 [FXGL Background Thread 3 ] DEBUG Engine               - actualWidth: 1280.0
21:11:30.154 [FXGL Background Thread 3 ] DEBUG Engine               - actualWidthProperty: ReadOnlyDoubleProperty [value: 1280.0]
21:11:30.154 [FXGL Background Thread 3 ] DEBUG Engine               - appIcon: fxgl_icon.png
21:11:30.154 [FXGL Background Thread 3 ] DEBUG Engine               - applicationMode: DEVELOPER
21:11:30.154 [FXGL Background Thread 3 ] DEBUG Engine               - cSSList: [fxgl_dark.css]
21:11:30.154 [FXGL Background Thread 3 ] DEBUG Engine               - collisionDetectionStrategy: BRUTE_FORCE
21:11:30.154 [FXGL Background Thread 3 ] DEBUG Engine               - configClass: Optional.empty
21:11:30.154 [FXGL Background Thread 3 ] DEBUG Engine               - credits: []
21:11:30.156 [FXGL Background Thread 3 ] DEBUG Engine               - defaultCursor: CursorInfo(imageName=fxgl_default_cursor.png, hotspotX=7.0, hotspotY=6.0)
21:11:30.156 [FXGL Background Thread 3 ] DEBUG Engine               - devBBoxColorProperty: ObjectProperty [value: 0xff0000ff]
21:11:30.156 [FXGL Background Thread 3 ] DEBUG Engine               - devEnableDebugCameraProperty: BooleanProperty [value: false]
21:11:30.156 [FXGL Background Thread 3 ] DEBUG Engine               - devSensorColorProperty: ObjectProperty [value: 0xffff00ff]
21:11:30.156 [FXGL Background Thread 3 ] DEBUG Engine               - devShowBBoxProperty: BooleanProperty [value: false]
21:11:30.156 [FXGL Background Thread 3 ] DEBUG Engine               - devShowPositionProperty: BooleanProperty [value: false]
21:11:30.156 [FXGL Background Thread 3 ] DEBUG Engine               - enabledMenuItems: []
21:11:30.156 [FXGL Background Thread 3 ] DEBUG Engine               - engineServices: [class com.almasb.fxgl.app.services.FXGLAssetLoaderService, class com.almasb.fxgl.app.FXGLApplication$GameApplicationService, class com.almasb.fxgl.app.services.FXGLDialogService, class com.almasb.fxgl.app.services.IOTaskExecutorService, class com.almasb.fxgl.io.FileSystemService, class com.almasb.fxgl.localization.LocalizationService, class com.almasb.fxgl.app.services.SystemBundleService, class com.almasb.fxgl.profile.SaveLoadService, class com.almasb.fxgl.ui.FXGLUIFactoryServiceProvider, class com.almasb.fxgl.ui.FXGLDialogFactoryServiceProvider, class com.almasb.fxgl.audio.AudioPlayer, class com.almasb.fxgl.notification.impl.NotificationServiceProvider, class com.almasb.fxgl.achievement.AchievementService, class com.almasb.fxgl.cutscene.CutsceneService, class com.almasb.fxgl.minigames.MiniGameService, class com.almasb.fxgl.net.NetService, class com.almasb.fxgl.app.services.UpdaterService, class com.almasb.fxgl.dev.DevService]
21:11:30.156 [FXGL Background Thread 3 ] DEBUG Engine               - fontGame: Abel-Regular.ttf
21:11:30.156 [FXGL Background Thread 3 ] DEBUG Engine               - fontMono: TerminalLandMono-Regular.otf
21:11:30.156 [FXGL Background Thread 3 ] DEBUG Engine               - fontSizeScaleUI: 1.0
21:11:30.156 [FXGL Background Thread 3 ] DEBUG Engine               - fontText: Courier-Prime.ttf
21:11:30.156 [FXGL Background Thread 3 ] DEBUG Engine               - fontUI: VarelaRound-Regular.ttf
21:11:30.156 [FXGL Background Thread 3 ] DEBUG Engine               - fpsRefreshRate: 500.0 ms
21:11:30.156 [FXGL Background Thread 3 ] DEBUG Engine               - fullScreen: BooleanProperty [value: false]
21:11:30.156 [FXGL Background Thread 3 ] DEBUG Engine               - gameDifficulty: MEDIUM
21:11:30.156 [FXGL Background Thread 3 ] DEBUG Engine               - gameDifficultyProperty: ObjectProperty [value: MEDIUM]
21:11:30.156 [FXGL Background Thread 3 ] DEBUG Engine               - globalMusicVolume: 0.5
21:11:30.156 [FXGL Background Thread 3 ] DEBUG Engine               - globalMusicVolumeProperty: DoubleProperty [value: 0.5]
21:11:30.156 [FXGL Background Thread 3 ] DEBUG Engine               - globalSoundVolume: 0.5
21:11:30.156 [FXGL Background Thread 3 ] DEBUG Engine               - globalSoundVolumeProperty: DoubleProperty [value: 0.5]
21:11:30.156 [FXGL Background Thread 3 ] DEBUG Engine               - height: 720
21:11:30.156 [FXGL Background Thread 3 ] DEBUG Engine               - is3D: false
21:11:30.156 [FXGL Background Thread 3 ] DEBUG Engine               - isAndroid: false
21:11:30.156 [FXGL Background Thread 3 ] DEBUG Engine               - isBrowser: false
21:11:30.156 [FXGL Background Thread 3 ] DEBUG Engine               - isClickFeedbackEnabled: false
21:11:30.156 [FXGL Background Thread 3 ] DEBUG Engine               - isCloseConfirmation: false
21:11:30.156 [FXGL Background Thread 3 ] DEBUG Engine               - isDesktop: true
21:11:30.156 [FXGL Background Thread 3 ] DEBUG Engine               - isDeveloperMenuEnabled: true
21:11:30.156 [FXGL Background Thread 3 ] DEBUG Engine               - isEmbedded: false
21:11:30.156 [FXGL Background Thread 3 ] DEBUG Engine               - isEntityPreloadEnabled: true
21:11:30.156 [FXGL Background Thread 3 ] DEBUG Engine               - isExperimentalTiledLargeMap: false
21:11:30.156 [FXGL Background Thread 3 ] DEBUG Engine               - isFileSystemWriteAllowed: true
21:11:30.156 [FXGL Background Thread 3 ] DEBUG Engine               - isFullScreenAllowed: false
21:11:30.156 [FXGL Background Thread 3 ] DEBUG Engine               - isFullScreenFromStart: false
21:11:30.156 [FXGL Background Thread 3 ] DEBUG Engine               - isGameMenuEnabled: true
21:11:30.156 [FXGL Background Thread 3 ] DEBUG Engine               - isIOS: false
21:11:30.156 [FXGL Background Thread 3 ] DEBUG Engine               - isIntroEnabled: false
21:11:30.156 [FXGL Background Thread 3 ] DEBUG Engine               - isLinux: false
21:11:30.156 [FXGL Background Thread 3 ] DEBUG Engine               - isMac: false
21:11:30.156 [FXGL Background Thread 3 ] DEBUG Engine               - isMainMenuEnabled: false
21:11:30.157 [FXGL Background Thread 3 ] DEBUG Engine               - isManualResizeEnabled: false
21:11:30.157 [FXGL Background Thread 3 ] DEBUG Engine               - isMobile: false
21:11:30.157 [FXGL Background Thread 3 ] DEBUG Engine               - isNative: false
21:11:30.157 [FXGL Background Thread 3 ] DEBUG Engine               - isPauseMusicWhenMinimized: true
21:11:30.157 [FXGL Background Thread 3 ] DEBUG Engine               - isPreserveResizeRatio: false
21:11:30.157 [FXGL Background Thread 3 ] DEBUG Engine               - isProfilingEnabled: false
21:11:30.157 [FXGL Background Thread 3 ] DEBUG Engine               - isScaleAffectedOnResize: true
21:11:30.157 [FXGL Background Thread 3 ] DEBUG Engine               - isSingleStep: false
21:11:30.157 [FXGL Background Thread 3 ] DEBUG Engine               - isUserProfileEnabled: false
21:11:30.157 [FXGL Background Thread 3 ] DEBUG Engine               - isWindows: true
21:11:30.157 [FXGL Background Thread 3 ] DEBUG Engine               - language: ObjectProperty [value: ENGLISH]
21:11:30.157 [FXGL Background Thread 3 ] DEBUG Engine               - menuKey: ESCAPE
21:11:30.157 [FXGL Background Thread 3 ] DEBUG Engine               - mouseSensitivity: 0.2
21:11:30.157 [FXGL Background Thread 3 ] DEBUG Engine               - notificationViewClass: class com.almasb.fxgl.notification.view.XboxNotificationView
21:11:30.157 [FXGL Background Thread 3 ] DEBUG Engine               - pixelsPerMeter: 50.0
21:11:30.157 [FXGL Background Thread 3 ] DEBUG Engine               - platform: WINDOWS
21:11:30.157 [FXGL Background Thread 3 ] DEBUG Engine               - prefHeightProperty: ReadOnlyDoubleProperty [value: 720.0]
21:11:30.157 [FXGL Background Thread 3 ] DEBUG Engine               - prefWidthProperty: ReadOnlyDoubleProperty [value: 1280.0]
21:11:30.157 [FXGL Background Thread 3 ] DEBUG Engine               - profileDir: profiles/
21:11:30.157 [FXGL Background Thread 3 ] DEBUG Engine               - profileName: StringProperty [value: DEFAULT]
21:11:30.157 [FXGL Background Thread 3 ] DEBUG Engine               - randomSeed: -1
21:11:30.157 [FXGL Background Thread 3 ] DEBUG Engine               - runtimeInfo: RuntimeInfo(platform=WINDOWS, version=25, build=05.02.2026 22.57)
21:11:30.157 [FXGL Background Thread 3 ] DEBUG Engine               - saveFileExt: sav
21:11:30.157 [FXGL Background Thread 3 ] DEBUG Engine               - scaledHeightProp$fxgl: DoubleProperty [bound, value: 720.0]
21:11:30.157 [FXGL Background Thread 3 ] DEBUG Engine               - scaledWidthProp$fxgl: DoubleProperty [bound, value: 1280.0]
21:11:30.157 [FXGL Background Thread 3 ] DEBUG Engine               - sceneFactory: com.almasb.fxgl.app.scene.SceneFactory@6f94c051
21:11:30.157 [FXGL Background Thread 3 ] DEBUG Engine               - secondsIn24h: 60
21:11:30.157 [FXGL Background Thread 3 ] DEBUG Engine               - soundMenuBack: menu/back.wav
21:11:30.157 [FXGL Background Thread 3 ] DEBUG Engine               - soundMenuPress: menu/press.wav
21:11:30.157 [FXGL Background Thread 3 ] DEBUG Engine               - soundMenuSelect: menu/select.wav
21:11:30.157 [FXGL Background Thread 3 ] DEBUG Engine               - soundNotification: core/notification.wav
21:11:30.157 [FXGL Background Thread 3 ] DEBUG Engine               - stageStyle: DECORATED
21:11:30.157 [FXGL Background Thread 3 ] DEBUG Engine               - supportedLanguages: [ENGLISH, FRENCH, GERMAN, HUNGARIAN, RUSSIAN]
21:11:30.157 [FXGL Background Thread 3 ] DEBUG Engine               - ticksPerSecond: -1
21:11:30.157 [FXGL Background Thread 3 ] DEBUG Engine               - title: Untitled
21:11:30.157 [FXGL Background Thread 3 ] DEBUG Engine               - urlGithub: https://github.com/AlmasB/FXGL
21:11:30.157 [FXGL Background Thread 3 ] DEBUG Engine               - urlLeaderboard: http://fxgl-top.herokuapp.com/
21:11:30.157 [FXGL Background Thread 3 ] DEBUG Engine               - urlPOM: https://raw.githubusercontent.com/AlmasB/FXGL/release/README.md
21:11:30.157 [FXGL Background Thread 3 ] DEBUG Engine               - userAppClass: class Project1Game.Main
21:11:30.157 [FXGL Background Thread 3 ] DEBUG Engine               - version: 0.0
21:11:30.157 [FXGL Background Thread 3 ] DEBUG Engine               - versionCheckDays: 7
21:11:30.157 [FXGL Background Thread 3 ] DEBUG Engine               - width: 1280
21:11:30.157 [FXGL Background Thread 3 ] DEBUG Engine               - Logging services
21:11:30.157 [FXGL Background Thread 3 ] DEBUG Engine               - class com.almasb.fxgl.app.services.FXGLAssetLoaderService
21:11:30.157 [FXGL Background Thread 3 ] DEBUG Engine               - class com.almasb.fxgl.app.FXGLApplication$GameApplicationService
21:11:30.157 [FXGL Background Thread 3 ] DEBUG Engine               - class com.almasb.fxgl.app.services.FXGLDialogService
21:11:30.157 [FXGL Background Thread 3 ] DEBUG Engine               - class com.almasb.fxgl.app.services.IOTaskExecutorService
21:11:30.157 [FXGL Background Thread 3 ] DEBUG Engine               - class com.almasb.fxgl.io.FileSystemService
21:11:30.157 [FXGL Background Thread 3 ] DEBUG Engine               - class com.almasb.fxgl.localization.LocalizationService
21:11:30.157 [FXGL Background Thread 3 ] DEBUG Engine               - class com.almasb.fxgl.app.services.SystemBundleService
21:11:30.157 [FXGL Background Thread 3 ] DEBUG Engine               - class com.almasb.fxgl.profile.SaveLoadService
21:11:30.157 [FXGL Background Thread 3 ] DEBUG Engine               - class com.almasb.fxgl.ui.FXGLUIFactoryServiceProvider
21:11:30.157 [FXGL Background Thread 3 ] DEBUG Engine               - class com.almasb.fxgl.ui.FXGLDialogFactoryServiceProvider
21:11:30.157 [FXGL Background Thread 3 ] DEBUG Engine               - class com.almasb.fxgl.audio.AudioPlayer
21:11:30.157 [FXGL Background Thread 3 ] DEBUG Engine               - class com.almasb.fxgl.notification.impl.NotificationServiceProvider
21:11:30.157 [FXGL Background Thread 3 ] DEBUG Engine               - class com.almasb.fxgl.achievement.AchievementService
21:11:30.157 [FXGL Background Thread 3 ] DEBUG Engine               - class com.almasb.fxgl.cutscene.CutsceneService
21:11:30.157 [FXGL Background Thread 3 ] DEBUG Engine               - class com.almasb.fxgl.minigames.MiniGameService
21:11:30.157 [FXGL Background Thread 3 ] DEBUG Engine               - class com.almasb.fxgl.net.NetService
21:11:30.157 [FXGL Background Thread 3 ] DEBUG Engine               - class com.almasb.fxgl.app.services.UpdaterService
21:11:30.157 [FXGL Background Thread 3 ] DEBUG Engine               - class com.almasb.fxgl.dev.DevService
21:11:59.634 [JavaFX Application Thread] DEBUG FXGLApplication      - Exiting FXGL
21:11:59.634 [JavaFX Application Thread] DEBUG LoopRunner           - Stopping loop
21:11:59.635 [JavaFX Application Thread] DEBUG SystemBundleService  - Saving FXGL system data
21:11:59.636 [JavaFX Application Thread] DEBUG FileSystemAccess     - Writing to: D:\GameDevelop\Project1\system\fxgl.bundle
21:11:59.636 [JavaFX Application Thread] DEBUG Async                - Shutting down background threads
21:11:59.637 [JavaFX Application Thread] DEBUG PrimaryStageWindow   - Closing main window
21:11:59.647 [JavaFX Application Thread] DEBUG Logger               - Closing Logger
