15:19:49.957 [main                     ] DEBUG Logger               - Configured Logger
15:19:49.973 [main                     ] DEBUG GameApplication      - Logging settings
Title: Java Farming Professional
Version: 2.5
Width: 1280
Height: 720
Fullscreen: false
Intro: false
Profiling: false
Single step:false
App Mode: DEVELOPER
Menu Key: ESCAPE
Stage Style: DECORATED
Scene Factory: class com.almasb.fxgl.app.scene.SceneFactory

15:19:51.305 [JavaFX Application Thread] DEBUG FXGLApplication      - Initializing FXGL
15:19:51.310 [JavaFX Application Thread] INFO  Engine               - FXGL-25 (05.02.2026 22.57) on WINDOWS (J:25.0.2 FX:25.0.1)
15:19:51.310 [JavaFX Application Thread] DEBUG Engine               - JRE Vendor Name: Azul Systems, Inc.
15:19:51.310 [JavaFX Application Thread] DEBUG Engine               - Running on OS: Windows 11 version 10.0
15:19:51.310 [JavaFX Application Thread] DEBUG Engine               - Architecture: amd64
15:19:51.310 [JavaFX Application Thread] INFO  Engine               - Source code and latest versions at: https://github.com/AlmasB/FXGL
15:19:51.310 [JavaFX Application Thread] INFO  Engine               -       Ask questions and discuss at: https://github.com/AlmasB/FXGL/discussions
15:19:51.434 [JavaFX Application Thread] DEBUG PrimaryStageWindow   - Creating a JavaFX scene
15:19:51.492 [JavaFX Application Thread] DEBUG PrimaryStageWindow   - Target settings size: 1280.0 x 720.0
15:19:51.492 [JavaFX Application Thread] DEBUG PrimaryStageWindow   - Scaled scene size:    1280.0 x 720.0
15:19:51.492 [JavaFX Application Thread] DEBUG PrimaryStageWindow   - Scaled ratio: (1.0, 1.0)
15:19:51.494 [JavaFX Application Thread] DEBUG PrimaryStageWindow   - Set initial scene to FXGLStartupScene
15:19:51.499 [JavaFX Application Thread] DEBUG PrimaryStageWindow   - Opening main window
15:19:51.928 [JavaFX Application Thread] DEBUG PrimaryStageWindow   - Window border size: (14.4000244140625, 37.5999755859375)
15:19:51.928 [JavaFX Application Thread] DEBUG PrimaryStageWindow   - Scaled size: 1280.0 x 720.0
15:19:51.928 [JavaFX Application Thread] DEBUG PrimaryStageWindow   - Scaled ratio: (1.0, 1.0)
15:19:51.929 [JavaFX Application Thread] DEBUG PrimaryStageWindow   - Scene size: 1280.0 x 720.0
15:19:51.929 [JavaFX Application Thread] DEBUG PrimaryStageWindow   - Stage size: 1294.4000244140625 x 757.5999755859375
15:19:51.948 [FXGL Background Thread 1 ] DEBUG Engine               - Initializing environment variables
15:19:52.079 [FXGL Background Thread 1 ] DEBUG FXGLAssetLoaderServi - User app class for loading assets: class Project1Game.Main
15:19:52.080 [FXGL Background Thread 1 ] DEBUG GameApplicationServi - Applying CSS: fxgl_dark.css
15:19:52.081 [FXGL Background Thread 1 ] DEBUG FXGLAssetLoaderServi - Loading from file system: jar:file:/C:/Users/HP/.m2/repository/com/github/almasb/fxgl/25/fxgl-25.jar!/fxglassets/ui/css/fxgl_dark.css
15:19:52.157 [FXGL Background Thread 1 ] DEBUG GameApplicationServi - Initializing application scenes
15:19:52.230 [FXGL Background Thread 1 ] DEBUG GameWorld            - Game world initialized
15:19:52.309 [FXGL Background Thread 1 ] DEBUG PhysicsWorld         - Physics world initialized: appHeight=720, physics.ppm=50.0
15:19:52.309 [FXGL Background Thread 1 ] DEBUG PhysicsWorld         - Using strategy: BRUTE_FORCE
15:19:52.316 [FXGL Background Thread 1 ] DEBUG GameScene            - Game scene initialized: 1280x720
15:19:52.330 [FXGL Background Thread 1 ] DEBUG FXGL.DefaultMenu     - createMenuBodyGameMenu()
15:19:52.348 [FXGL Background Thread 1 ] DEBUG FXGL.DefaultMenu     - createOptionsMenu()
15:19:52.369 [FXGL Background Thread 1 ] DEBUG FXGLAssetLoaderServi - Loading from file system: jar:file:/C:/Users/HP/.m2/repository/com/github/almasb/fxgl/25/fxgl-25.jar!/fxglassets/textures/particles/smoke.png
15:19:52.479 [FXGL Background Thread 1 ] DEBUG FXGLAssetLoaderServi - Loading from file system: jar:file:/C:/Users/HP/.m2/repository/com/github/almasb/fxgl/25/fxgl-25.jar!/fxglassets/textures/particles/trace_horizontal.png
15:19:52.513 [FXGL Background Thread 1 ] DEBUG GameApplicationServi - Application scenes initialized
15:19:52.528 [FXGL Background Thread 1 ] DEBUG SystemBundleService  - Loading FXGL system data
15:19:52.536 [FXGL Background Thread 1 ] DEBUG FileSystemAccess     - Reading from: D:\projects\helloworld\FarmSimulator\system\fxgl.bundle
15:19:52.548 [FXGL Background Thread 1 ] DEBUG SystemBundleService  - Bundle FXGL: {}
15:19:52.548 [FXGL Background Thread 1 ] DEBUG UpdaterService       - Checking for updates
15:19:52.593 [FXGL Background Thread 4 ] DEBUG FXGLApplication      - Loading fonts
15:19:52.594 [FXGL Background Thread 4 ] DEBUG FXGLAssetLoaderServi - Loading from file system: jar:file:/C:/Users/HP/.m2/repository/com/github/almasb/fxgl/25/fxgl-25.jar!/fxglassets/ui/fonts/VarelaRound-Regular.ttf
15:19:52.596 [FXGL Background Thread 1 ] DEBUG FXGLApplication      - Loading default localization
15:19:52.597 [FXGL Background Thread 1 ] DEBUG FXGLAssetLoaderServi - Loading from file system: jar:file:/C:/Users/HP/.m2/repository/com/github/almasb/fxgl/25/fxgl-25.jar!/fxglassets/languages/english.lang
15:19:52.621 [FXGL Background Thread 1 ] INFO  FXGLApplication      - FXGL initialization took: 0.673 sec
15:19:52.641 [JavaFX Application Thread] DEBUG Input                - Registered new binding: Move Right - D
15:19:52.641 [JavaFX Application Thread] DEBUG Input                - Registered new binding: Move Left - A
15:19:52.642 [JavaFX Application Thread] DEBUG Input                - Registered new binding: Move Up - W
15:19:52.642 [JavaFX Application Thread] DEBUG Input                - Registered new binding: Move Down - S
15:19:52.642 [JavaFX Application Thread] DEBUG Input                - Registered new binding: Interact Action Key - E
15:19:52.642 [JavaFX Application Thread] DEBUG Input                - Registered new binding: Use Tool Keyboard - F
15:19:52.645 [JavaFX Application Thread] DEBUG Input                - Registered new binding: Use Tool Mouse - LMB
15:19:52.645 [JavaFX Application Thread] DEBUG Input                - Registered new binding: Close UI Window - R
15:19:52.645 [JavaFX Application Thread] DEBUG Input                - Registered new binding: Toggle Inventory Window - Tab
15:19:52.646 [JavaFX Application Thread] DEBUG Input                - Registered new binding: Quick Save - F5
15:19:52.646 [JavaFX Application Thread] DEBUG Input                - Registered new binding: Quick Load - F9
15:19:52.646 [JavaFX Application Thread] DEBUG Input                - Registered new binding: Select Inventory Slot 1 - 1
15:19:52.647 [JavaFX Application Thread] DEBUG Input                - Registered new binding: Select Inventory Slot 2 - 2
15:19:52.647 [JavaFX Application Thread] DEBUG Input                - Registered new binding: Select Inventory Slot 3 - 3
15:19:52.647 [JavaFX Application Thread] DEBUG Input                - Registered new binding: Select Inventory Slot 4 - 4
15:19:52.647 [JavaFX Application Thread] DEBUG Input                - Registered new binding: Select Inventory Slot 5 - 5
15:19:52.647 [JavaFX Application Thread] DEBUG Input                - Registered new binding: Select Inventory Slot 6 - 6
15:19:52.648 [JavaFX Application Thread] DEBUG Input                - Registered new binding: Select Inventory Slot 7 - 7
15:19:52.648 [JavaFX Application Thread] DEBUG Input                - Registered new binding: Select Inventory Slot 8 - 8
15:19:52.648 [JavaFX Application Thread] DEBUG Input                - Registered new binding: Select Inventory Slot 9 - 9
15:19:52.650 [JavaFX Application Thread] DEBUG FXGLAssetLoaderServi - Loading from file system: jar:file:/C:/Users/HP/.m2/repository/com/github/almasb/fxgl/25/fxgl-25.jar!/fxglassets/textures/fxgl_icon.png
15:19:52.668 [FXGL Background Thread 4 ] DEBUG FXGLAssetLoaderServi - Loading from file system: jar:file:/C:/Users/HP/.m2/repository/com/github/almasb/fxgl/25/fxgl-25.jar!/fxglassets/ui/fonts/Abel-Regular.ttf
15:19:52.676 [JavaFX Application Thread] DEBUG FXGLAssetLoaderServi - Loading from file system: jar:file:/C:/Users/HP/.m2/repository/com/github/almasb/fxgl/25/fxgl-25.jar!/fxglassets/textures/fxgl_default_cursor.png
15:19:52.680 [JavaFX Application Thread] DEBUG Input                - Registered new binding: Screenshot - CTRL+8
15:19:52.681 [JavaFX Application Thread] DEBUG Input                - Registered new binding: Dev Options - 1
15:19:52.681 [JavaFX Application Thread] DEBUG Input                - Registered new binding: Dev Console - 2
15:19:52.682 [JavaFX Application Thread] DEBUG Input                - Registered new binding: System info dump - CTRL+9
15:19:52.683 [JavaFX Application Thread] DEBUG Input                - Registered new binding: Restart - CTRL+R
15:19:52.686 [JavaFX Application Thread] DEBUG Input                - Registered new binding: Toggle Debug Camera - CTRL+7
15:19:52.692 [JavaFX Application Thread] DEBUG LoopRunner           - Starting loop
15:19:52.694 [FXGL Background Thread 4 ] DEBUG FXGLAssetLoaderServi - Loading from file system: jar:file:/C:/Users/HP/.m2/repository/com/github/almasb/fxgl/25/fxgl-25.jar!/fxglassets/ui/fonts/TerminalLandMono-Regular.otf
15:19:52.719 [JavaFX Application Thread] DEBUG LoopRunner           - Initializing JavaFX AnimationTimerLoop
15:19:52.724 [JavaFX Application Thread] DEBUG GameApplicationServi - Starting new game
15:19:52.725 [JavaFX Application Thread] DEBUG Input                - Clearing active input actions
15:19:52.740 [FXGL Background Thread 4 ] DEBUG FXGLAssetLoaderServi - Loading from file system: jar:file:/C:/Users/HP/.m2/repository/com/github/almasb/fxgl/25/fxgl-25.jar!/fxglassets/ui/fonts/Courier-Prime.ttf
15:19:52.762 [JavaFX Application Thread] DEBUG GameApplicationServi - Removing overlay from FXGLStartupScene and adding to FXGLLoadingScene
15:19:52.775 [JavaFX Application Thread] DEBUG PrimaryStageWindow   - FXGLStartupScene -> FXGLLoadingScene
15:19:52.775 [JavaFX Application Thread] DEBUG GameApplicationServi - Clearing previous game
15:19:52.776 [JavaFX Application Thread] DEBUG GameScene            - Clearing game scene
15:19:52.776 [JavaFX Application Thread] DEBUG GameWorld            - Clearing game world
15:19:52.776 [JavaFX Application Thread] DEBUG PhysicsWorld         - Clearing physics world
15:19:52.780 [FXGL Background Thread 1 ] DEBUG FXGLApplication      - Initializing game
15:19:52.840 [FXGL Background Thread 1 ] WARN  TMXLevelLoader       - TiledMap generated from 1.12.0. Supported version: 1.9.0. Some features may not be parsed fully.
15:19:52.954 [FXGL Background Thread 1 ] DEBUG TMXLevelLoader       - Parsed TiledMap: file:/D:/projects/helloworld/FarmSimulator/target/classes/assets/levels/Main_level.tmx
15:19:52.956 [FXGL Background Thread 1 ] DEBUG TMXLevelLoader       - Creating tile layer entities
15:19:52.959 [FXGL Background Thread 1 ] DEBUG TilesetLoader        - Loading view for layer BackgroundLayer
15:19:52.967 [FXGL Background Thread 1 ] DEBUG TilesetLoader        - Created buffer with size 3520.0x2048.0
15:19:53.123 [FXGL Background Thread 1 ] DEBUG TilesetLoader        - Loading view for layer DecorationLayer
15:19:53.137 [FXGL Background Thread 1 ] DEBUG TilesetLoader        - Created buffer with size 3520.0x2048.0
15:19:53.205 [JavaFX Application Thread] DEBUG FXGLApplication      - Registering font factories with UI factory
15:19:53.244 [FXGL Background Thread 1 ] DEBUG TilesetLoader        - Loading view for layer OverheadLayer
15:19:53.264 [FXGL Background Thread 1 ] DEBUG TilesetLoader        - Created buffer with size 3520.0x2048.0
15:19:53.268 [FXGL Background Thread 1 ] DEBUG TMXLevelLoader       - Creating object layer entities
15:19:53.302 [FXGL Background Thread 1 ] DEBUG FXGLAssetLoaderServi - Loading from file system: file:/D:/projects/helloworld/FarmSimulator/target/classes/assets/textures/Player/Carry_Idle/Carry_Idle_Down-Sheet.png
15:19:53.306 [FXGL Background Thread 1 ] DEBUG FXGLAssetLoaderServi - Loading from file system: file:/D:/projects/helloworld/FarmSimulator/target/classes/assets/textures/Player/Carry_Idle/Carry_Idle_Up-Sheet.png
15:19:53.308 [FXGL Background Thread 1 ] DEBUG FXGLAssetLoaderServi - Loading from file system: file:/D:/projects/helloworld/FarmSimulator/target/classes/assets/textures/Player/Carry_Idle/Carry_Idle_Side-Sheet.png
15:19:53.310 [FXGL Background Thread 1 ] DEBUG FXGLAssetLoaderServi - Loading from file system: file:/D:/projects/helloworld/FarmSimulator/target/classes/assets/textures/Player/Carry_Walk/Carry_Walk_Down-Sheet.png
15:19:53.313 [FXGL Background Thread 1 ] DEBUG FXGLAssetLoaderServi - Loading from file system: file:/D:/projects/helloworld/FarmSimulator/target/classes/assets/textures/Player/Carry_Walk/Carry_Walk_Up-Sheet.png
15:19:53.316 [FXGL Background Thread 1 ] DEBUG FXGLAssetLoaderServi - Loading from file system: file:/D:/projects/helloworld/FarmSimulator/target/classes/assets/textures/Player/Carry_Walk/Carry_Walk_Side-Sheet.png
15:19:53.318 [FXGL Background Thread 1 ] DEBUG FXGLAssetLoaderServi - Loading from file system: file:/D:/projects/helloworld/FarmSimulator/target/classes/assets/textures/Player/Carry_Run/Carry_Run_Down-Sheet.png
15:19:53.321 [FXGL Background Thread 1 ] DEBUG FXGLAssetLoaderServi - Loading from file system: file:/D:/projects/helloworld/FarmSimulator/target/classes/assets/textures/Player/Carry_Run/Carry_Run_Up-Sheet.png
15:19:53.323 [FXGL Background Thread 1 ] DEBUG FXGLAssetLoaderServi - Loading from file system: file:/D:/projects/helloworld/FarmSimulator/target/classes/assets/textures/Player/Carry_Run/Carry_Run_Side-Sheet.png
15:19:53.610 [FXGL Background Thread 1 ] DEBUG GameWorld            - Clearing removable entities
15:19:53.611 [FXGL Background Thread 1 ] DEBUG GameWorld            - Setting level: com.almasb.fxgl.entity.level.Level@1f52bf36
15:19:53.704 [FXGL Background Thread 1 ] DEBUG FXGLAssetLoaderServi - Loading from file system: file:/D:/projects/helloworld/FarmSimulator/target/classes/assets/textures/Crops/soil_1.png
15:19:53.708 [FXGL Background Thread 1 ] DEBUG FXGLAssetLoaderServi - Loading from file system: file:/D:/projects/helloworld/FarmSimulator/target/classes/assets/textures/Crops/rice_1.png
15:19:53.719 [FXGL Background Thread 1 ] DEBUG FXGLAssetLoaderServi - Loading from file system: file:/D:/projects/helloworld/FarmSimulator/target/classes/assets/textures/Crops/rice_3.png
15:19:53.726 [FXGL Background Thread 1 ] DEBUG FXGLAssetLoaderServi - Loading from file system: file:/D:/projects/helloworld/FarmSimulator/target/classes/assets/textures/Crops/soil_2.png
15:19:53.734 [FXGL Background Thread 1 ] DEBUG FXGLAssetLoaderServi - Loading from file system: file:/D:/projects/helloworld/FarmSimulator/target/classes/assets/textures/UI/heart_sprite.png
15:19:53.757 [FXGL Background Thread 1 ] INFO  FXGLApplication      - Game initialization took: 0.976 sec
15:19:53.766 [JavaFX Application Thread] DEBUG Input                - Clearing active input actions
15:19:53.802 [JavaFX Application Thread] DEBUG GameApplicationServi - Removing overlay from FXGLLoadingScene and adding to GameScene
15:19:53.808 [JavaFX Application Thread] DEBUG PrimaryStageWindow   - FXGLLoadingScene -> GameScene
15:19:55.591 [FXGL Background Thread 3 ] DEBUG Engine               - Logging environment variables
15:19:55.592 [FXGL Background Thread 3 ] DEBUG Engine               - achievements: []
15:19:55.592 [FXGL Background Thread 3 ] DEBUG Engine               - actualHeight: 720.0
15:19:55.593 [FXGL Background Thread 3 ] DEBUG Engine               - actualHeightProperty: ReadOnlyDoubleProperty [value: 720.0]
15:19:55.593 [FXGL Background Thread 3 ] DEBUG Engine               - actualWidth: 1280.0
15:19:55.593 [FXGL Background Thread 3 ] DEBUG Engine               - actualWidthProperty: ReadOnlyDoubleProperty [value: 1280.0]
15:19:55.594 [FXGL Background Thread 3 ] DEBUG Engine               - appIcon: fxgl_icon.png
15:19:55.594 [FXGL Background Thread 3 ] DEBUG Engine               - applicationMode: DEVELOPER
15:19:55.594 [FXGL Background Thread 3 ] DEBUG Engine               - cSSList: [fxgl_dark.css]
15:19:55.594 [FXGL Background Thread 3 ] DEBUG Engine               - collisionDetectionStrategy: BRUTE_FORCE
15:19:55.594 [FXGL Background Thread 3 ] DEBUG Engine               - configClass: Optional.empty
15:19:55.594 [FXGL Background Thread 3 ] DEBUG Engine               - credits: []
15:19:55.595 [FXGL Background Thread 3 ] DEBUG Engine               - defaultCursor: CursorInfo(imageName=fxgl_default_cursor.png, hotspotX=7.0, hotspotY=6.0)
15:19:55.595 [FXGL Background Thread 3 ] DEBUG Engine               - devBBoxColorProperty: ObjectProperty [value: 0xff0000ff]
15:19:55.595 [FXGL Background Thread 3 ] DEBUG Engine               - devEnableDebugCameraProperty: BooleanProperty [value: false]
15:19:55.596 [FXGL Background Thread 3 ] DEBUG Engine               - devSensorColorProperty: ObjectProperty [value: 0xffff00ff]
15:19:55.596 [FXGL Background Thread 3 ] DEBUG Engine               - devShowBBoxProperty: BooleanProperty [value: false]
15:19:55.596 [FXGL Background Thread 3 ] DEBUG Engine               - devShowPositionProperty: BooleanProperty [value: false]
15:19:55.596 [FXGL Background Thread 3 ] DEBUG Engine               - enabledMenuItems: []
15:19:55.596 [FXGL Background Thread 3 ] DEBUG Engine               - engineServices: [class com.almasb.fxgl.app.services.FXGLAssetLoaderService, class com.almasb.fxgl.app.FXGLApplication$GameApplicationService, class com.almasb.fxgl.app.services.FXGLDialogService, class com.almasb.fxgl.app.services.IOTaskExecutorService, class com.almasb.fxgl.io.FileSystemService, class com.almasb.fxgl.localization.LocalizationService, class com.almasb.fxgl.app.services.SystemBundleService, class com.almasb.fxgl.profile.SaveLoadService, class com.almasb.fxgl.ui.FXGLUIFactoryServiceProvider, class com.almasb.fxgl.ui.FXGLDialogFactoryServiceProvider, class com.almasb.fxgl.audio.AudioPlayer, class com.almasb.fxgl.notification.impl.NotificationServiceProvider, class com.almasb.fxgl.achievement.AchievementService, class com.almasb.fxgl.cutscene.CutsceneService, class com.almasb.fxgl.minigames.MiniGameService, class com.almasb.fxgl.net.NetService, class com.almasb.fxgl.app.services.UpdaterService, class com.almasb.fxgl.dev.DevService]
15:19:55.596 [FXGL Background Thread 3 ] DEBUG Engine               - fontGame: Abel-Regular.ttf
15:19:55.596 [FXGL Background Thread 3 ] DEBUG Engine               - fontMono: TerminalLandMono-Regular.otf
15:19:55.596 [FXGL Background Thread 3 ] DEBUG Engine               - fontSizeScaleUI: 1.0
15:19:55.596 [FXGL Background Thread 3 ] DEBUG Engine               - fontText: Courier-Prime.ttf
15:19:55.596 [FXGL Background Thread 3 ] DEBUG Engine               - fontUI: VarelaRound-Regular.ttf
15:19:55.597 [FXGL Background Thread 3 ] DEBUG Engine               - fpsRefreshRate: 500.0 ms
15:19:55.597 [FXGL Background Thread 3 ] DEBUG Engine               - fullScreen: BooleanProperty [value: false]
15:19:55.597 [FXGL Background Thread 3 ] DEBUG Engine               - gameDifficulty: MEDIUM
15:19:55.597 [FXGL Background Thread 3 ] DEBUG Engine               - gameDifficultyProperty: ObjectProperty [value: MEDIUM]
15:19:55.597 [FXGL Background Thread 3 ] DEBUG Engine               - globalMusicVolume: 0.5
15:19:55.597 [FXGL Background Thread 3 ] DEBUG Engine               - globalMusicVolumeProperty: DoubleProperty [value: 0.5]
15:19:55.597 [FXGL Background Thread 3 ] DEBUG Engine               - globalSoundVolume: 0.5
15:19:55.597 [FXGL Background Thread 3 ] DEBUG Engine               - globalSoundVolumeProperty: DoubleProperty [value: 0.5]
15:19:55.598 [FXGL Background Thread 3 ] DEBUG Engine               - height: 720
15:19:55.598 [FXGL Background Thread 3 ] DEBUG Engine               - is3D: false
15:19:55.598 [FXGL Background Thread 3 ] DEBUG Engine               - isAndroid: false
15:19:55.598 [FXGL Background Thread 3 ] DEBUG Engine               - isBrowser: false
15:19:55.598 [FXGL Background Thread 3 ] DEBUG Engine               - isClickFeedbackEnabled: false
15:19:55.598 [FXGL Background Thread 3 ] DEBUG Engine               - isCloseConfirmation: false
15:19:55.598 [FXGL Background Thread 3 ] DEBUG Engine               - isDesktop: true
15:19:55.598 [FXGL Background Thread 3 ] DEBUG Engine               - isDeveloperMenuEnabled: true
15:19:55.598 [FXGL Background Thread 3 ] DEBUG Engine               - isEmbedded: false
15:19:55.598 [FXGL Background Thread 3 ] DEBUG Engine               - isEntityPreloadEnabled: true
15:19:55.598 [FXGL Background Thread 3 ] DEBUG Engine               - isExperimentalTiledLargeMap: false
15:19:55.598 [FXGL Background Thread 3 ] DEBUG Engine               - isFileSystemWriteAllowed: true
15:19:55.598 [FXGL Background Thread 3 ] DEBUG Engine               - isFullScreenAllowed: false
15:19:55.598 [FXGL Background Thread 3 ] DEBUG Engine               - isFullScreenFromStart: false
15:19:55.599 [FXGL Background Thread 3 ] DEBUG Engine               - isGameMenuEnabled: true
15:19:55.599 [FXGL Background Thread 3 ] DEBUG Engine               - isIOS: false
15:19:55.599 [FXGL Background Thread 3 ] DEBUG Engine               - isIntroEnabled: false
15:19:55.599 [FXGL Background Thread 3 ] DEBUG Engine               - isLinux: false
15:19:55.599 [FXGL Background Thread 3 ] DEBUG Engine               - isMac: false
15:19:55.599 [FXGL Background Thread 3 ] DEBUG Engine               - isMainMenuEnabled: false
15:19:55.599 [FXGL Background Thread 3 ] DEBUG Engine               - isManualResizeEnabled: false
15:19:55.599 [FXGL Background Thread 3 ] DEBUG Engine               - isMobile: false
15:19:55.599 [FXGL Background Thread 3 ] DEBUG Engine               - isNative: false
15:19:55.599 [FXGL Background Thread 3 ] DEBUG Engine               - isPauseMusicWhenMinimized: true
15:19:55.599 [FXGL Background Thread 3 ] DEBUG Engine               - isPreserveResizeRatio: false
15:19:55.599 [FXGL Background Thread 3 ] DEBUG Engine               - isProfilingEnabled: false
15:19:55.600 [FXGL Background Thread 3 ] DEBUG Engine               - isScaleAffectedOnResize: true
15:19:55.600 [FXGL Background Thread 3 ] DEBUG Engine               - isSingleStep: false
15:19:55.600 [FXGL Background Thread 3 ] DEBUG Engine               - isUserProfileEnabled: false
15:19:55.600 [FXGL Background Thread 3 ] DEBUG Engine               - isWindows: true
15:19:55.600 [FXGL Background Thread 3 ] DEBUG Engine               - language: ObjectProperty [value: ENGLISH]
15:19:55.600 [FXGL Background Thread 3 ] DEBUG Engine               - menuKey: ESCAPE
15:19:55.600 [FXGL Background Thread 3 ] DEBUG Engine               - mouseSensitivity: 0.2
15:19:55.600 [FXGL Background Thread 3 ] DEBUG Engine               - notificationViewClass: class com.almasb.fxgl.notification.view.XboxNotificationView
15:19:55.600 [FXGL Background Thread 3 ] DEBUG Engine               - pixelsPerMeter: 50.0
15:19:55.600 [FXGL Background Thread 3 ] DEBUG Engine               - platform: WINDOWS
15:19:55.601 [FXGL Background Thread 3 ] DEBUG Engine               - prefHeightProperty: ReadOnlyDoubleProperty [value: 720.0]
15:19:55.602 [FXGL Background Thread 3 ] DEBUG Engine               - prefWidthProperty: ReadOnlyDoubleProperty [value: 1280.0]
15:19:55.602 [FXGL Background Thread 3 ] DEBUG Engine               - profileDir: profiles/
15:19:55.603 [FXGL Background Thread 3 ] DEBUG Engine               - profileName: StringProperty [value: DEFAULT]
15:19:55.603 [FXGL Background Thread 3 ] DEBUG Engine               - randomSeed: -1
15:19:55.605 [FXGL Background Thread 3 ] DEBUG Engine               - runtimeInfo: RuntimeInfo(platform=WINDOWS, version=25, build=05.02.2026 22.57)
15:19:55.605 [FXGL Background Thread 3 ] DEBUG Engine               - saveFileExt: sav
15:19:55.606 [FXGL Background Thread 3 ] DEBUG Engine               - scaledHeightProp$fxgl: DoubleProperty [bound, value: 720.0]
15:19:55.606 [FXGL Background Thread 3 ] DEBUG Engine               - scaledWidthProp$fxgl: DoubleProperty [bound, value: 1280.0]
15:19:55.606 [FXGL Background Thread 3 ] DEBUG Engine               - sceneFactory: com.almasb.fxgl.app.scene.SceneFactory@3e164790
15:19:55.606 [FXGL Background Thread 3 ] DEBUG Engine               - secondsIn24h: 60
15:19:55.606 [FXGL Background Thread 3 ] DEBUG Engine               - soundMenuBack: menu/back.wav
15:19:55.606 [FXGL Background Thread 3 ] DEBUG Engine               - soundMenuPress: menu/press.wav
15:19:55.607 [FXGL Background Thread 3 ] DEBUG Engine               - soundMenuSelect: menu/select.wav
15:19:55.608 [FXGL Background Thread 3 ] DEBUG Engine               - soundNotification: core/notification.wav
15:19:55.608 [FXGL Background Thread 3 ] DEBUG Engine               - stageStyle: DECORATED
15:19:55.608 [FXGL Background Thread 3 ] DEBUG Engine               - supportedLanguages: [ENGLISH, FRENCH, GERMAN, HUNGARIAN, RUSSIAN]
15:19:55.608 [FXGL Background Thread 3 ] DEBUG Engine               - ticksPerSecond: -1
15:19:55.608 [FXGL Background Thread 3 ] DEBUG Engine               - title: Java Farming Professional
15:19:55.608 [FXGL Background Thread 3 ] DEBUG Engine               - urlGithub: https://github.com/AlmasB/FXGL
15:19:55.608 [FXGL Background Thread 3 ] DEBUG Engine               - urlLeaderboard: http://fxgl-top.herokuapp.com/
15:19:55.608 [FXGL Background Thread 3 ] DEBUG Engine               - urlPOM: https://raw.githubusercontent.com/AlmasB/FXGL/release/README.md
15:19:55.609 [FXGL Background Thread 3 ] DEBUG Engine               - userAppClass: class Project1Game.Main
15:19:55.609 [FXGL Background Thread 3 ] DEBUG Engine               - version: 2.5
15:19:55.609 [FXGL Background Thread 3 ] DEBUG Engine               - versionCheckDays: 7
15:19:55.609 [FXGL Background Thread 3 ] DEBUG Engine               - width: 1280
15:19:55.609 [FXGL Background Thread 3 ] DEBUG Engine               - Logging services
15:19:55.609 [FXGL Background Thread 3 ] DEBUG Engine               - class com.almasb.fxgl.app.services.FXGLAssetLoaderService
15:19:55.609 [FXGL Background Thread 3 ] DEBUG Engine               - class com.almasb.fxgl.app.FXGLApplication$GameApplicationService
15:19:55.609 [FXGL Background Thread 3 ] DEBUG Engine               - class com.almasb.fxgl.app.services.FXGLDialogService
15:19:55.609 [FXGL Background Thread 3 ] DEBUG Engine               - class com.almasb.fxgl.app.services.IOTaskExecutorService
15:19:55.609 [FXGL Background Thread 3 ] DEBUG Engine               - class com.almasb.fxgl.io.FileSystemService
15:19:55.609 [FXGL Background Thread 3 ] DEBUG Engine               - class com.almasb.fxgl.localization.LocalizationService
15:19:55.609 [FXGL Background Thread 3 ] DEBUG Engine               - class com.almasb.fxgl.app.services.SystemBundleService
15:19:55.609 [FXGL Background Thread 3 ] DEBUG Engine               - class com.almasb.fxgl.profile.SaveLoadService
15:19:55.609 [FXGL Background Thread 3 ] DEBUG Engine               - class com.almasb.fxgl.ui.FXGLUIFactoryServiceProvider
15:19:55.609 [FXGL Background Thread 3 ] DEBUG Engine               - class com.almasb.fxgl.ui.FXGLDialogFactoryServiceProvider
15:19:55.610 [FXGL Background Thread 3 ] DEBUG Engine               - class com.almasb.fxgl.audio.AudioPlayer
15:19:55.610 [FXGL Background Thread 3 ] DEBUG Engine               - class com.almasb.fxgl.notification.impl.NotificationServiceProvider
15:19:55.610 [FXGL Background Thread 3 ] DEBUG Engine               - class com.almasb.fxgl.achievement.AchievementService
15:19:55.610 [FXGL Background Thread 3 ] DEBUG Engine               - class com.almasb.fxgl.cutscene.CutsceneService
15:19:55.610 [FXGL Background Thread 3 ] DEBUG Engine               - class com.almasb.fxgl.minigames.MiniGameService
15:19:55.610 [FXGL Background Thread 3 ] DEBUG Engine               - class com.almasb.fxgl.net.NetService
15:19:55.610 [FXGL Background Thread 3 ] DEBUG Engine               - class com.almasb.fxgl.app.services.UpdaterService
15:19:55.610 [FXGL Background Thread 3 ] DEBUG Engine               - class com.almasb.fxgl.dev.DevService
15:20:18.161 [JavaFX Application Thread] DEBUG FXGLAssetLoaderServi - Loading from file system: file:/D:/projects/helloworld/FarmSimulator/target/classes/assets/textures/Crops/vectoraith_tileset_farmingsims_crops_dense_spring_32x32.png
15:21:05.777 [JavaFX Application Thread] DEBUG EventBus             - Firing event: Project1Game.system.DayNightEvent[source=javafx.event.Event$$Lambda/0x00000000031ac0f8@35a47084]
15:22:04.984 [JavaFX Application Thread] DEBUG FXGLApplication      - Exiting FXGL
15:22:04.984 [JavaFX Application Thread] DEBUG LoopRunner           - Stopping loop
15:22:04.985 [JavaFX Application Thread] DEBUG SystemBundleService  - Saving FXGL system data
15:22:04.988 [JavaFX Application Thread] DEBUG FileSystemAccess     - Writing to: D:\projects\helloworld\FarmSimulator\system\fxgl.bundle
15:22:04.991 [JavaFX Application Thread] DEBUG Async                - Shutting down background threads
15:22:04.992 [JavaFX Application Thread] DEBUG PrimaryStageWindow   - Closing main window
15:22:05.013 [JavaFX Application Thread] DEBUG Logger               - Closing Logger
