15:00:00.612 [main                     ] DEBUG Logger               - Configured Logger
15:00:00.630 [main                     ] DEBUG GameApplication      - Logging settings
Title: Java Farming Professional
Version: 2.5
Width: 1280
Height: 720
Fullscreen: false
Intro: false
Profiling: false
Single step:false
App Mode: DEVELOPER
Menu Key: ESCAPE
Stage Style: DECORATED
Scene Factory: class com.almasb.fxgl.app.scene.SceneFactory

15:00:01.946 [JavaFX Application Thread] DEBUG FXGLApplication      - Initializing FXGL
15:00:01.950 [JavaFX Application Thread] INFO  Engine               - FXGL-25 (05.02.2026 22.57) on WINDOWS (J:25.0.2 FX:25.0.1)
15:00:01.950 [JavaFX Application Thread] DEBUG Engine               - JRE Vendor Name: Azul Systems, Inc.
15:00:01.951 [JavaFX Application Thread] DEBUG Engine               - Running on OS: Windows 11 version 10.0
15:00:01.951 [JavaFX Application Thread] DEBUG Engine               - Architecture: amd64
15:00:01.951 [JavaFX Application Thread] INFO  Engine               - Source code and latest versions at: https://github.com/AlmasB/FXGL
15:00:01.951 [JavaFX Application Thread] INFO  Engine               -       Ask questions and discuss at: https://github.com/AlmasB/FXGL/discussions
15:00:02.075 [JavaFX Application Thread] DEBUG PrimaryStageWindow   - Creating a JavaFX scene
15:00:02.128 [JavaFX Application Thread] DEBUG PrimaryStageWindow   - Target settings size: 1280.0 x 720.0
15:00:02.128 [JavaFX Application Thread] DEBUG PrimaryStageWindow   - Scaled scene size:    1280.0 x 720.0
15:00:02.129 [JavaFX Application Thread] DEBUG PrimaryStageWindow   - Scaled ratio: (1.0, 1.0)
15:00:02.129 [JavaFX Application Thread] DEBUG PrimaryStageWindow   - Set initial scene to FXGLStartupScene
15:00:02.135 [JavaFX Application Thread] DEBUG PrimaryStageWindow   - Opening main window
15:00:02.536 [JavaFX Application Thread] DEBUG PrimaryStageWindow   - Window border size: (14.4000244140625, 37.5999755859375)
15:00:02.537 [JavaFX Application Thread] DEBUG PrimaryStageWindow   - Scaled size: 1280.0 x 720.0
15:00:02.537 [JavaFX Application Thread] DEBUG PrimaryStageWindow   - Scaled ratio: (1.0, 1.0)
15:00:02.537 [JavaFX Application Thread] DEBUG PrimaryStageWindow   - Scene size: 1280.0 x 720.0
15:00:02.538 [JavaFX Application Thread] DEBUG PrimaryStageWindow   - Stage size: 1294.4000244140625 x 757.5999755859375
15:00:02.558 [FXGL Background Thread 1 ] DEBUG Engine               - Initializing environment variables
15:00:02.700 [FXGL Background Thread 1 ] DEBUG FXGLAssetLoaderServi - User app class for loading assets: class Project1Game.Main
15:00:02.700 [FXGL Background Thread 1 ] DEBUG GameApplicationServi - Applying CSS: fxgl_dark.css
15:00:02.701 [FXGL Background Thread 1 ] DEBUG FXGLAssetLoaderServi - Loading from file system: jar:file:/C:/Users/HP/.m2/repository/com/github/almasb/fxgl/25/fxgl-25.jar!/fxglassets/ui/css/fxgl_dark.css
15:00:02.788 [FXGL Background Thread 1 ] DEBUG GameApplicationServi - Initializing application scenes
15:00:02.901 [FXGL Background Thread 1 ] DEBUG GameWorld            - Game world initialized
15:00:02.979 [FXGL Background Thread 1 ] DEBUG PhysicsWorld         - Physics world initialized: appHeight=720, physics.ppm=50.0
15:00:02.979 [FXGL Background Thread 1 ] DEBUG PhysicsWorld         - Using strategy: BRUTE_FORCE
15:00:02.986 [FXGL Background Thread 1 ] DEBUG GameScene            - Game scene initialized: 1280x720
15:00:03.010 [FXGL Background Thread 1 ] DEBUG FXGL.DefaultMenu     - createMenuBodyGameMenu()
15:00:03.039 [FXGL Background Thread 1 ] DEBUG FXGL.DefaultMenu     - createOptionsMenu()
15:00:03.055 [FXGL Background Thread 1 ] DEBUG FXGLAssetLoaderServi - Loading from file system: jar:file:/C:/Users/HP/.m2/repository/com/github/almasb/fxgl/25/fxgl-25.jar!/fxglassets/textures/particles/smoke.png
15:00:03.218 [FXGL Background Thread 1 ] DEBUG FXGLAssetLoaderServi - Loading from file system: jar:file:/C:/Users/HP/.m2/repository/com/github/almasb/fxgl/25/fxgl-25.jar!/fxglassets/textures/particles/trace_horizontal.png
15:00:03.291 [FXGL Background Thread 1 ] DEBUG GameApplicationServi - Application scenes initialized
15:00:03.308 [FXGL Background Thread 1 ] DEBUG SystemBundleService  - Loading FXGL system data
15:00:03.313 [FXGL Background Thread 1 ] DEBUG FileSystemAccess     - Reading from: D:\projects\helloworld\FarmSimulator\system\fxgl.bundle
15:00:03.323 [FXGL Background Thread 1 ] DEBUG SystemBundleService  - Bundle FXGL: {}
15:00:03.323 [FXGL Background Thread 1 ] DEBUG UpdaterService       - Checking for updates
15:00:03.368 [FXGL Background Thread 1 ] DEBUG FXGLApplication      - Loading default localization
15:00:03.367 [FXGL Background Thread 4 ] DEBUG FXGLApplication      - Loading fonts
15:00:03.369 [FXGL Background Thread 4 ] DEBUG FXGLAssetLoaderServi - Loading from file system: jar:file:/C:/Users/HP/.m2/repository/com/github/almasb/fxgl/25/fxgl-25.jar!/fxglassets/ui/fonts/VarelaRound-Regular.ttf
15:00:03.369 [FXGL Background Thread 1 ] DEBUG FXGLAssetLoaderServi - Loading from file system: jar:file:/C:/Users/HP/.m2/repository/com/github/almasb/fxgl/25/fxgl-25.jar!/fxglassets/languages/english.lang
15:00:03.394 [FXGL Background Thread 1 ] INFO  FXGLApplication      - FXGL initialization took: 0.836 sec
15:00:03.412 [JavaFX Application Thread] DEBUG Input                - Registered new binding: Move Right - D
15:00:03.412 [JavaFX Application Thread] DEBUG Input                - Registered new binding: Move Left - A
15:00:03.412 [JavaFX Application Thread] DEBUG Input                - Registered new binding: Move Up - W
15:00:03.412 [JavaFX Application Thread] DEBUG Input                - Registered new binding: Move Down - S
15:00:03.414 [JavaFX Application Thread] DEBUG Input                - Registered new binding: Interact Action Key - E
15:00:03.414 [JavaFX Application Thread] DEBUG Input                - Registered new binding: Use Tool Keyboard - F
15:00:03.416 [JavaFX Application Thread] DEBUG Input                - Registered new binding: Use Tool Mouse - LMB
15:00:03.416 [JavaFX Application Thread] DEBUG Input                - Registered new binding: Close UI Window - R
15:00:03.416 [JavaFX Application Thread] DEBUG Input                - Registered new binding: Toggle Inventory Window - Tab
15:00:03.416 [JavaFX Application Thread] DEBUG Input                - Registered new binding: Quick Save - F5
15:00:03.417 [JavaFX Application Thread] DEBUG Input                - Registered new binding: Quick Load - F9
15:00:03.417 [JavaFX Application Thread] DEBUG Input                - Registered new binding: Select Inventory Slot 1 - 1
15:00:03.418 [JavaFX Application Thread] DEBUG Input                - Registered new binding: Select Inventory Slot 2 - 2
15:00:03.418 [JavaFX Application Thread] DEBUG Input                - Registered new binding: Select Inventory Slot 3 - 3
15:00:03.418 [JavaFX Application Thread] DEBUG Input                - Registered new binding: Select Inventory Slot 4 - 4
15:00:03.418 [JavaFX Application Thread] DEBUG Input                - Registered new binding: Select Inventory Slot 5 - 5
15:00:03.419 [JavaFX Application Thread] DEBUG Input                - Registered new binding: Select Inventory Slot 6 - 6
15:00:03.419 [JavaFX Application Thread] DEBUG Input                - Registered new binding: Select Inventory Slot 7 - 7
15:00:03.419 [JavaFX Application Thread] DEBUG Input                - Registered new binding: Select Inventory Slot 8 - 8
15:00:03.419 [JavaFX Application Thread] DEBUG Input                - Registered new binding: Select Inventory Slot 9 - 9
15:00:03.421 [JavaFX Application Thread] DEBUG FXGLAssetLoaderServi - Loading from file system: jar:file:/C:/Users/HP/.m2/repository/com/github/almasb/fxgl/25/fxgl-25.jar!/fxglassets/textures/fxgl_icon.png
15:00:03.442 [JavaFX Application Thread] DEBUG FXGLAssetLoaderServi - Loading from file system: jar:file:/C:/Users/HP/.m2/repository/com/github/almasb/fxgl/25/fxgl-25.jar!/fxglassets/textures/fxgl_default_cursor.png
15:00:03.443 [FXGL Background Thread 4 ] DEBUG FXGLAssetLoaderServi - Loading from file system: jar:file:/C:/Users/HP/.m2/repository/com/github/almasb/fxgl/25/fxgl-25.jar!/fxglassets/ui/fonts/Abel-Regular.ttf
15:00:03.446 [JavaFX Application Thread] DEBUG Input                - Registered new binding: Screenshot - CTRL+8
15:00:03.446 [JavaFX Application Thread] DEBUG Input                - Registered new binding: Dev Options - 1
15:00:03.447 [JavaFX Application Thread] DEBUG Input                - Registered new binding: Dev Console - 2
15:00:03.448 [JavaFX Application Thread] DEBUG Input                - Registered new binding: System info dump - CTRL+9
15:00:03.449 [JavaFX Application Thread] DEBUG Input                - Registered new binding: Restart - CTRL+R
15:00:03.453 [JavaFX Application Thread] DEBUG Input                - Registered new binding: Toggle Debug Camera - CTRL+7
15:00:03.461 [JavaFX Application Thread] DEBUG LoopRunner           - Starting loop
15:00:03.466 [FXGL Background Thread 4 ] DEBUG FXGLAssetLoaderServi - Loading from file system: jar:file:/C:/Users/HP/.m2/repository/com/github/almasb/fxgl/25/fxgl-25.jar!/fxglassets/ui/fonts/TerminalLandMono-Regular.otf
15:00:03.490 [JavaFX Application Thread] DEBUG LoopRunner           - Initializing JavaFX AnimationTimerLoop
15:00:03.494 [JavaFX Application Thread] DEBUG GameApplicationServi - Starting new game
15:00:03.495 [JavaFX Application Thread] DEBUG Input                - Clearing active input actions
15:00:03.526 [FXGL Background Thread 4 ] DEBUG FXGLAssetLoaderServi - Loading from file system: jar:file:/C:/Users/HP/.m2/repository/com/github/almasb/fxgl/25/fxgl-25.jar!/fxglassets/ui/fonts/Courier-Prime.ttf
15:00:03.539 [JavaFX Application Thread] DEBUG GameApplicationServi - Removing overlay from FXGLStartupScene and adding to FXGLLoadingScene
15:00:03.547 [JavaFX Application Thread] DEBUG PrimaryStageWindow   - FXGLStartupScene -> FXGLLoadingScene
15:00:03.547 [JavaFX Application Thread] DEBUG GameApplicationServi - Clearing previous game
15:00:03.547 [JavaFX Application Thread] DEBUG GameScene            - Clearing game scene
15:00:03.547 [JavaFX Application Thread] DEBUG GameWorld            - Clearing game world
15:00:03.547 [JavaFX Application Thread] DEBUG PhysicsWorld         - Clearing physics world
15:00:03.551 [FXGL Background Thread 1 ] DEBUG FXGLApplication      - Initializing game
15:00:03.616 [FXGL Background Thread 1 ] WARN  TMXLevelLoader       - TiledMap generated from 1.12.0. Supported version: 1.9.0. Some features may not be parsed fully.
15:00:03.739 [FXGL Background Thread 1 ] DEBUG TMXLevelLoader       - Parsed TiledMap: file:/D:/projects/helloworld/FarmSimulator/target/classes/assets/levels/Main_level.tmx
15:00:03.740 [FXGL Background Thread 1 ] DEBUG TMXLevelLoader       - Creating tile layer entities
15:00:03.743 [FXGL Background Thread 1 ] DEBUG TilesetLoader        - Loading view for layer BackgroundLayer
15:00:03.751 [FXGL Background Thread 1 ] DEBUG TilesetLoader        - Created buffer with size 3520.0x2048.0
15:00:03.906 [FXGL Background Thread 1 ] DEBUG TilesetLoader        - Loading view for layer DecorationLayer
15:00:03.923 [FXGL Background Thread 1 ] DEBUG TilesetLoader        - Created buffer with size 3520.0x2048.0
15:00:03.989 [JavaFX Application Thread] DEBUG FXGLApplication      - Registering font factories with UI factory
15:00:04.022 [FXGL Background Thread 1 ] DEBUG TilesetLoader        - Loading view for layer OverheadLayer
15:00:04.037 [FXGL Background Thread 1 ] DEBUG TilesetLoader        - Created buffer with size 3520.0x2048.0
15:00:04.042 [FXGL Background Thread 1 ] DEBUG TMXLevelLoader       - Creating object layer entities
15:00:04.074 [FXGL Background Thread 1 ] DEBUG FXGLAssetLoaderServi - Loading from file system: file:/D:/projects/helloworld/FarmSimulator/target/classes/assets/textures/Player/Carry_Idle/Carry_Idle_Down-Sheet.png
15:00:04.078 [FXGL Background Thread 1 ] DEBUG FXGLAssetLoaderServi - Loading from file system: file:/D:/projects/helloworld/FarmSimulator/target/classes/assets/textures/Player/Carry_Idle/Carry_Idle_Up-Sheet.png
15:00:04.080 [FXGL Background Thread 1 ] DEBUG FXGLAssetLoaderServi - Loading from file system: file:/D:/projects/helloworld/FarmSimulator/target/classes/assets/textures/Player/Carry_Idle/Carry_Idle_Side-Sheet.png
15:00:04.082 [FXGL Background Thread 1 ] DEBUG FXGLAssetLoaderServi - Loading from file system: file:/D:/projects/helloworld/FarmSimulator/target/classes/assets/textures/Player/Carry_Walk/Carry_Walk_Down-Sheet.png
15:00:04.084 [FXGL Background Thread 1 ] DEBUG FXGLAssetLoaderServi - Loading from file system: file:/D:/projects/helloworld/FarmSimulator/target/classes/assets/textures/Player/Carry_Walk/Carry_Walk_Up-Sheet.png
15:00:04.086 [FXGL Background Thread 1 ] DEBUG FXGLAssetLoaderServi - Loading from file system: file:/D:/projects/helloworld/FarmSimulator/target/classes/assets/textures/Player/Carry_Walk/Carry_Walk_Side-Sheet.png
15:00:04.089 [FXGL Background Thread 1 ] DEBUG FXGLAssetLoaderServi - Loading from file system: file:/D:/projects/helloworld/FarmSimulator/target/classes/assets/textures/Player/Carry_Run/Carry_Run_Down-Sheet.png
15:00:04.091 [FXGL Background Thread 1 ] DEBUG FXGLAssetLoaderServi - Loading from file system: file:/D:/projects/helloworld/FarmSimulator/target/classes/assets/textures/Player/Carry_Run/Carry_Run_Up-Sheet.png
15:00:04.093 [FXGL Background Thread 1 ] DEBUG FXGLAssetLoaderServi - Loading from file system: file:/D:/projects/helloworld/FarmSimulator/target/classes/assets/textures/Player/Carry_Run/Carry_Run_Side-Sheet.png
15:00:04.420 [FXGL Background Thread 1 ] DEBUG GameWorld            - Clearing removable entities
15:00:04.422 [FXGL Background Thread 1 ] DEBUG GameWorld            - Setting level: com.almasb.fxgl.entity.level.Level@5b3d0870
15:00:04.521 [FXGL Background Thread 1 ] DEBUG FXGLAssetLoaderServi - Loading from file system: file:/D:/projects/helloworld/FarmSimulator/target/classes/assets/textures/Crops/soil_1.png
15:00:04.528 [FXGL Background Thread 1 ] DEBUG FXGLAssetLoaderServi - Loading from file system: file:/D:/projects/helloworld/FarmSimulator/target/classes/assets/textures/Crops/rice_1.png
15:00:04.542 [FXGL Background Thread 1 ] DEBUG FXGLAssetLoaderServi - Loading from file system: file:/D:/projects/helloworld/FarmSimulator/target/classes/assets/textures/Crops/rice_3.png
15:00:04.552 [FXGL Background Thread 1 ] DEBUG FXGLAssetLoaderServi - Loading from file system: file:/D:/projects/helloworld/FarmSimulator/target/classes/assets/textures/Crops/soil_2.png
15:00:04.559 [FXGL Background Thread 1 ] DEBUG FXGLAssetLoaderServi - Loading from file system: file:/D:/projects/helloworld/FarmSimulator/target/classes/assets/textures/UI/heart_sprite.png
15:00:04.590 [FXGL Background Thread 1 ] INFO  FXGLApplication      - Game initialization took: 1.038 sec
15:00:04.595 [JavaFX Application Thread] DEBUG Input                - Clearing active input actions
15:00:04.635 [JavaFX Application Thread] DEBUG GameApplicationServi - Removing overlay from FXGLLoadingScene and adding to GameScene
15:00:04.643 [JavaFX Application Thread] DEBUG PrimaryStageWindow   - FXGLLoadingScene -> GameScene
15:00:06.364 [FXGL Background Thread 3 ] DEBUG Engine               - Logging environment variables
15:00:06.365 [FXGL Background Thread 3 ] DEBUG Engine               - achievements: []
15:00:06.366 [FXGL Background Thread 3 ] DEBUG Engine               - actualHeight: 720.0
15:00:06.366 [FXGL Background Thread 3 ] DEBUG Engine               - actualHeightProperty: ReadOnlyDoubleProperty [value: 720.0]
15:00:06.367 [FXGL Background Thread 3 ] DEBUG Engine               - actualWidth: 1280.0
15:00:06.367 [FXGL Background Thread 3 ] DEBUG Engine               - actualWidthProperty: ReadOnlyDoubleProperty [value: 1280.0]
15:00:06.367 [FXGL Background Thread 3 ] DEBUG Engine               - appIcon: fxgl_icon.png
15:00:06.367 [FXGL Background Thread 3 ] DEBUG Engine               - applicationMode: DEVELOPER
15:00:06.367 [FXGL Background Thread 3 ] DEBUG Engine               - cSSList: [fxgl_dark.css]
15:00:06.368 [FXGL Background Thread 3 ] DEBUG Engine               - collisionDetectionStrategy: BRUTE_FORCE
15:00:06.368 [FXGL Background Thread 3 ] DEBUG Engine               - configClass: Optional.empty
15:00:06.368 [FXGL Background Thread 3 ] DEBUG Engine               - credits: []
15:00:06.370 [FXGL Background Thread 3 ] DEBUG Engine               - defaultCursor: CursorInfo(imageName=fxgl_default_cursor.png, hotspotX=7.0, hotspotY=6.0)
15:00:06.371 [FXGL Background Thread 3 ] DEBUG Engine               - devBBoxColorProperty: ObjectProperty [value: 0xff0000ff]
15:00:06.371 [FXGL Background Thread 3 ] DEBUG Engine               - devEnableDebugCameraProperty: BooleanProperty [value: false]
15:00:06.371 [FXGL Background Thread 3 ] DEBUG Engine               - devSensorColorProperty: ObjectProperty [value: 0xffff00ff]
15:00:06.371 [FXGL Background Thread 3 ] DEBUG Engine               - devShowBBoxProperty: BooleanProperty [value: false]
15:00:06.372 [FXGL Background Thread 3 ] DEBUG Engine               - devShowPositionProperty: BooleanProperty [value: false]
15:00:06.372 [FXGL Background Thread 3 ] DEBUG Engine               - enabledMenuItems: []
15:00:06.372 [FXGL Background Thread 3 ] DEBUG Engine               - engineServices: [class com.almasb.fxgl.app.services.FXGLAssetLoaderService, class com.almasb.fxgl.app.FXGLApplication$GameApplicationService, class com.almasb.fxgl.app.services.FXGLDialogService, class com.almasb.fxgl.app.services.IOTaskExecutorService, class com.almasb.fxgl.io.FileSystemService, class com.almasb.fxgl.localization.LocalizationService, class com.almasb.fxgl.app.services.SystemBundleService, class com.almasb.fxgl.profile.SaveLoadService, class com.almasb.fxgl.ui.FXGLUIFactoryServiceProvider, class com.almasb.fxgl.ui.FXGLDialogFactoryServiceProvider, class com.almasb.fxgl.audio.AudioPlayer, class com.almasb.fxgl.notification.impl.NotificationServiceProvider, class com.almasb.fxgl.achievement.AchievementService, class com.almasb.fxgl.cutscene.CutsceneService, class com.almasb.fxgl.minigames.MiniGameService, class com.almasb.fxgl.net.NetService, class com.almasb.fxgl.app.services.UpdaterService, class com.almasb.fxgl.dev.DevService]
15:00:06.372 [FXGL Background Thread 3 ] DEBUG Engine               - fontGame: Abel-Regular.ttf
15:00:06.372 [FXGL Background Thread 3 ] DEBUG Engine               - fontMono: TerminalLandMono-Regular.otf
15:00:06.372 [FXGL Background Thread 3 ] DEBUG Engine               - fontSizeScaleUI: 1.0
15:00:06.372 [FXGL Background Thread 3 ] DEBUG Engine               - fontText: Courier-Prime.ttf
15:00:06.372 [FXGL Background Thread 3 ] DEBUG Engine               - fontUI: VarelaRound-Regular.ttf
15:00:06.373 [FXGL Background Thread 3 ] DEBUG Engine               - fpsRefreshRate: 500.0 ms
15:00:06.373 [FXGL Background Thread 3 ] DEBUG Engine               - fullScreen: BooleanProperty [value: false]
15:00:06.373 [FXGL Background Thread 3 ] DEBUG Engine               - gameDifficulty: MEDIUM
15:00:06.373 [FXGL Background Thread 3 ] DEBUG Engine               - gameDifficultyProperty: ObjectProperty [value: MEDIUM]
15:00:06.374 [FXGL Background Thread 3 ] DEBUG Engine               - globalMusicVolume: 0.5
15:00:06.374 [FXGL Background Thread 3 ] DEBUG Engine               - globalMusicVolumeProperty: DoubleProperty [value: 0.5]
15:00:06.374 [FXGL Background Thread 3 ] DEBUG Engine               - globalSoundVolume: 0.5
15:00:06.374 [FXGL Background Thread 3 ] DEBUG Engine               - globalSoundVolumeProperty: DoubleProperty [value: 0.5]
15:00:06.374 [FXGL Background Thread 3 ] DEBUG Engine               - height: 720
15:00:06.374 [FXGL Background Thread 3 ] DEBUG Engine               - is3D: false
15:00:06.374 [FXGL Background Thread 3 ] DEBUG Engine               - isAndroid: false
15:00:06.375 [FXGL Background Thread 3 ] DEBUG Engine               - isBrowser: false
15:00:06.375 [FXGL Background Thread 3 ] DEBUG Engine               - isClickFeedbackEnabled: false
15:00:06.375 [FXGL Background Thread 3 ] DEBUG Engine               - isCloseConfirmation: false
15:00:06.375 [FXGL Background Thread 3 ] DEBUG Engine               - isDesktop: true
15:00:06.375 [FXGL Background Thread 3 ] DEBUG Engine               - isDeveloperMenuEnabled: true
15:00:06.375 [FXGL Background Thread 3 ] DEBUG Engine               - isEmbedded: false
15:00:06.375 [FXGL Background Thread 3 ] DEBUG Engine               - isEntityPreloadEnabled: true
15:00:06.375 [FXGL Background Thread 3 ] DEBUG Engine               - isExperimentalTiledLargeMap: false
15:00:06.375 [FXGL Background Thread 3 ] DEBUG Engine               - isFileSystemWriteAllowed: true
15:00:06.375 [FXGL Background Thread 3 ] DEBUG Engine               - isFullScreenAllowed: false
15:00:06.376 [FXGL Background Thread 3 ] DEBUG Engine               - isFullScreenFromStart: false
15:00:06.376 [FXGL Background Thread 3 ] DEBUG Engine               - isGameMenuEnabled: true
15:00:06.376 [FXGL Background Thread 3 ] DEBUG Engine               - isIOS: false
15:00:06.376 [FXGL Background Thread 3 ] DEBUG Engine               - isIntroEnabled: false
15:00:06.376 [FXGL Background Thread 3 ] DEBUG Engine               - isLinux: false
15:00:06.376 [FXGL Background Thread 3 ] DEBUG Engine               - isMac: false
15:00:06.376 [FXGL Background Thread 3 ] DEBUG Engine               - isMainMenuEnabled: false
15:00:06.376 [FXGL Background Thread 3 ] DEBUG Engine               - isManualResizeEnabled: false
15:00:06.377 [FXGL Background Thread 3 ] DEBUG Engine               - isMobile: false
15:00:06.377 [FXGL Background Thread 3 ] DEBUG Engine               - isNative: false
15:00:06.377 [FXGL Background Thread 3 ] DEBUG Engine               - isPauseMusicWhenMinimized: true
15:00:06.377 [FXGL Background Thread 3 ] DEBUG Engine               - isPreserveResizeRatio: false
15:00:06.377 [FXGL Background Thread 3 ] DEBUG Engine               - isProfilingEnabled: false
15:00:06.377 [FXGL Background Thread 3 ] DEBUG Engine               - isScaleAffectedOnResize: true
15:00:06.377 [FXGL Background Thread 3 ] DEBUG Engine               - isSingleStep: false
15:00:06.378 [FXGL Background Thread 3 ] DEBUG Engine               - isUserProfileEnabled: false
15:00:06.378 [FXGL Background Thread 3 ] DEBUG Engine               - isWindows: true
15:00:06.379 [FXGL Background Thread 3 ] DEBUG Engine               - language: ObjectProperty [value: ENGLISH]
15:00:06.382 [FXGL Background Thread 3 ] DEBUG Engine               - menuKey: ESCAPE
15:00:06.383 [FXGL Background Thread 3 ] DEBUG Engine               - mouseSensitivity: 0.2
15:00:06.383 [FXGL Background Thread 3 ] DEBUG Engine               - notificationViewClass: class com.almasb.fxgl.notification.view.XboxNotificationView
15:00:06.384 [FXGL Background Thread 3 ] DEBUG Engine               - pixelsPerMeter: 50.0
15:00:06.384 [FXGL Background Thread 3 ] DEBUG Engine               - platform: WINDOWS
15:00:06.384 [FXGL Background Thread 3 ] DEBUG Engine               - prefHeightProperty: ReadOnlyDoubleProperty [value: 720.0]
15:00:06.384 [FXGL Background Thread 3 ] DEBUG Engine               - prefWidthProperty: ReadOnlyDoubleProperty [value: 1280.0]
15:00:06.384 [FXGL Background Thread 3 ] DEBUG Engine               - profileDir: profiles/
15:00:06.384 [FXGL Background Thread 3 ] DEBUG Engine               - profileName: StringProperty [value: DEFAULT]
15:00:06.385 [FXGL Background Thread 3 ] DEBUG Engine               - randomSeed: -1
15:00:06.385 [FXGL Background Thread 3 ] DEBUG Engine               - runtimeInfo: RuntimeInfo(platform=WINDOWS, version=25, build=05.02.2026 22.57)
15:00:06.386 [FXGL Background Thread 3 ] DEBUG Engine               - saveFileExt: sav
15:00:06.386 [FXGL Background Thread 3 ] DEBUG Engine               - scaledHeightProp$fxgl: DoubleProperty [bound, value: 720.0]
15:00:06.386 [FXGL Background Thread 3 ] DEBUG Engine               - scaledWidthProp$fxgl: DoubleProperty [bound, value: 1280.0]
15:00:06.386 [FXGL Background Thread 3 ] DEBUG Engine               - sceneFactory: com.almasb.fxgl.app.scene.SceneFactory@f4479a6
15:00:06.386 [FXGL Background Thread 3 ] DEBUG Engine               - secondsIn24h: 60
15:00:06.386 [FXGL Background Thread 3 ] DEBUG Engine               - soundMenuBack: menu/back.wav
15:00:06.387 [FXGL Background Thread 3 ] DEBUG Engine               - soundMenuPress: menu/press.wav
15:00:06.387 [FXGL Background Thread 3 ] DEBUG Engine               - soundMenuSelect: menu/select.wav
15:00:06.387 [FXGL Background Thread 3 ] DEBUG Engine               - soundNotification: core/notification.wav
15:00:06.387 [FXGL Background Thread 3 ] DEBUG Engine               - stageStyle: DECORATED
15:00:06.387 [FXGL Background Thread 3 ] DEBUG Engine               - supportedLanguages: [ENGLISH, FRENCH, GERMAN, HUNGARIAN, RUSSIAN]
15:00:06.387 [FXGL Background Thread 3 ] DEBUG Engine               - ticksPerSecond: -1
15:00:06.387 [FXGL Background Thread 3 ] DEBUG Engine               - title: Java Farming Professional
15:00:06.387 [FXGL Background Thread 3 ] DEBUG Engine               - urlGithub: https://github.com/AlmasB/FXGL
15:00:06.387 [FXGL Background Thread 3 ] DEBUG Engine               - urlLeaderboard: http://fxgl-top.herokuapp.com/
15:00:06.387 [FXGL Background Thread 3 ] DEBUG Engine               - urlPOM: https://raw.githubusercontent.com/AlmasB/FXGL/release/README.md
15:00:06.387 [FXGL Background Thread 3 ] DEBUG Engine               - userAppClass: class Project1Game.Main
15:00:06.389 [FXGL Background Thread 3 ] DEBUG Engine               - version: 2.5
15:00:06.389 [FXGL Background Thread 3 ] DEBUG Engine               - versionCheckDays: 7
15:00:06.389 [FXGL Background Thread 3 ] DEBUG Engine               - width: 1280
15:00:06.389 [FXGL Background Thread 3 ] DEBUG Engine               - Logging services
15:00:06.389 [FXGL Background Thread 3 ] DEBUG Engine               - class com.almasb.fxgl.app.services.FXGLAssetLoaderService
15:00:06.389 [FXGL Background Thread 3 ] DEBUG Engine               - class com.almasb.fxgl.app.FXGLApplication$GameApplicationService
15:00:06.389 [FXGL Background Thread 3 ] DEBUG Engine               - class com.almasb.fxgl.app.services.FXGLDialogService
15:00:06.389 [FXGL Background Thread 3 ] DEBUG Engine               - class com.almasb.fxgl.app.services.IOTaskExecutorService
15:00:06.390 [FXGL Background Thread 3 ] DEBUG Engine               - class com.almasb.fxgl.io.FileSystemService
15:00:06.390 [FXGL Background Thread 3 ] DEBUG Engine               - class com.almasb.fxgl.localization.LocalizationService
15:00:06.390 [FXGL Background Thread 3 ] DEBUG Engine               - class com.almasb.fxgl.app.services.SystemBundleService
15:00:06.390 [FXGL Background Thread 3 ] DEBUG Engine               - class com.almasb.fxgl.profile.SaveLoadService
15:00:06.390 [FXGL Background Thread 3 ] DEBUG Engine               - class com.almasb.fxgl.ui.FXGLUIFactoryServiceProvider
15:00:06.390 [FXGL Background Thread 3 ] DEBUG Engine               - class com.almasb.fxgl.ui.FXGLDialogFactoryServiceProvider
15:00:06.390 [FXGL Background Thread 3 ] DEBUG Engine               - class com.almasb.fxgl.audio.AudioPlayer
15:00:06.390 [FXGL Background Thread 3 ] DEBUG Engine               - class com.almasb.fxgl.notification.impl.NotificationServiceProvider
15:00:06.390 [FXGL Background Thread 3 ] DEBUG Engine               - class com.almasb.fxgl.achievement.AchievementService
15:00:06.390 [FXGL Background Thread 3 ] DEBUG Engine               - class com.almasb.fxgl.cutscene.CutsceneService
15:00:06.391 [FXGL Background Thread 3 ] DEBUG Engine               - class com.almasb.fxgl.minigames.MiniGameService
15:00:06.391 [FXGL Background Thread 3 ] DEBUG Engine               - class com.almasb.fxgl.net.NetService
15:00:06.391 [FXGL Background Thread 3 ] DEBUG Engine               - class com.almasb.fxgl.app.services.UpdaterService
15:00:06.391 [FXGL Background Thread 3 ] DEBUG Engine               - class com.almasb.fxgl.dev.DevService
15:00:20.660 [JavaFX Application Thread] DEBUG FXGLApplication      - Exiting FXGL
15:00:20.660 [JavaFX Application Thread] DEBUG LoopRunner           - Stopping loop
15:00:20.661 [JavaFX Application Thread] DEBUG SystemBundleService  - Saving FXGL system data
15:00:20.666 [JavaFX Application Thread] DEBUG FileSystemAccess     - Writing to: D:\projects\helloworld\FarmSimulator\system\fxgl.bundle
15:00:20.671 [JavaFX Application Thread] DEBUG Async                - Shutting down background threads
15:00:20.671 [JavaFX Application Thread] DEBUG PrimaryStageWindow   - Closing main window
15:00:20.708 [JavaFX Application Thread] DEBUG Logger               - Closing Logger
