07:36:48.278 [Project1Game.Main.main() ] DEBUG Logger               - Configured Logger
07:36:48.284 [Project1Game.Main.main() ] DEBUG GameApplication      - Logging settings
Title: Java Farming Professional
Version: 2.5
Width: 1280
Height: 720
Fullscreen: false
Intro: false
Profiling: false
Single step:false
App Mode: DEVELOPER
Menu Key: ESCAPE
Stage Style: DECORATED
Scene Factory: class com.almasb.fxgl.app.scene.SceneFactory

07:36:49.538 [JavaFX Application Thread] DEBUG FXGLApplication      - Initializing FXGL
07:36:49.541 [JavaFX Application Thread] INFO  Engine               - FXGL-25 (05.02.2026 22.57) on WINDOWS (J:25.0.3 FX:25.0.1)
07:36:49.541 [JavaFX Application Thread] DEBUG Engine               - JRE Vendor Name: Oracle Corporation
07:36:49.542 [JavaFX Application Thread] DEBUG Engine               - Running on OS: Windows 11 version 10.0
07:36:49.542 [JavaFX Application Thread] DEBUG Engine               - Architecture: amd64
07:36:49.542 [JavaFX Application Thread] INFO  Engine               - Source code and latest versions at: https://github.com/AlmasB/FXGL
07:36:49.542 [JavaFX Application Thread] INFO  Engine               -       Ask questions and discuss at: https://github.com/AlmasB/FXGL/discussions
07:36:49.675 [JavaFX Application Thread] DEBUG PrimaryStageWindow   - Creating a JavaFX scene
07:36:49.800 [JavaFX Application Thread] DEBUG PrimaryStageWindow   - Target settings size: 1280.0 x 720.0
07:36:49.800 [JavaFX Application Thread] DEBUG PrimaryStageWindow   - Scaled scene size:    1280.0 x 720.0
07:36:49.800 [JavaFX Application Thread] DEBUG PrimaryStageWindow   - Scaled ratio: (1.0, 1.0)
07:36:49.801 [JavaFX Application Thread] DEBUG PrimaryStageWindow   - Set initial scene to FXGLStartupScene
07:36:49.804 [JavaFX Application Thread] DEBUG PrimaryStageWindow   - Opening main window
07:36:50.314 [JavaFX Application Thread] DEBUG PrimaryStageWindow   - Window border size: (14.4000244140625, 37.5999755859375)
07:36:50.315 [JavaFX Application Thread] DEBUG PrimaryStageWindow   - Scaled size: 1280.0 x 720.0
07:36:50.315 [JavaFX Application Thread] DEBUG PrimaryStageWindow   - Scaled ratio: (1.0, 1.0)
07:36:50.315 [JavaFX Application Thread] DEBUG PrimaryStageWindow   - Scene size: 1280.0 x 720.0
07:36:50.315 [JavaFX Application Thread] DEBUG PrimaryStageWindow   - Stage size: 1294.4000244140625 x 757.5999755859375
07:36:50.340 [FXGL Background Thread 1 ] DEBUG Engine               - Initializing environment variables
07:36:50.432 [FXGL Background Thread 1 ] DEBUG FXGLAssetLoaderServi - User app class for loading assets: class Project1Game.Main
07:36:50.433 [FXGL Background Thread 1 ] DEBUG GameApplicationServi - Applying CSS: fxgl_dark.css
07:36:50.433 [FXGL Background Thread 1 ] DEBUG FXGLAssetLoaderServi - Loading from file system: jar:file:/C:/Users/HP/.m2/repository/com/github/almasb/fxgl/25/fxgl-25.jar!/fxglassets/ui/css/fxgl_dark.css
07:36:50.505 [FXGL Background Thread 1 ] DEBUG GameApplicationServi - Initializing application scenes
07:36:50.608 [FXGL Background Thread 1 ] DEBUG GameWorld            - Game world initialized
07:36:50.682 [FXGL Background Thread 1 ] DEBUG PhysicsWorld         - Physics world initialized: appHeight=720, physics.ppm=50.0
07:36:50.682 [FXGL Background Thread 1 ] DEBUG PhysicsWorld         - Using strategy: BRUTE_FORCE
07:36:50.687 [FXGL Background Thread 1 ] DEBUG GameScene            - Game scene initialized: 1280x720
07:36:50.703 [FXGL Background Thread 1 ] DEBUG FXGL.DefaultMenu     - createMenuBodyGameMenu()
07:36:50.725 [FXGL Background Thread 1 ] DEBUG FXGL.DefaultMenu     - createOptionsMenu()
07:36:50.742 [FXGL Background Thread 1 ] DEBUG FXGLAssetLoaderServi - Loading from file system: jar:file:/C:/Users/HP/.m2/repository/com/github/almasb/fxgl/25/fxgl-25.jar!/fxglassets/textures/particles/smoke.png
07:36:50.858 [FXGL Background Thread 1 ] DEBUG FXGLAssetLoaderServi - Loading from file system: jar:file:/C:/Users/HP/.m2/repository/com/github/almasb/fxgl/25/fxgl-25.jar!/fxglassets/textures/particles/trace_horizontal.png
07:36:50.890 [FXGL Background Thread 1 ] DEBUG GameApplicationServi - Application scenes initialized
07:36:50.906 [FXGL Background Thread 1 ] DEBUG SystemBundleService  - Loading FXGL system data
07:36:50.910 [FXGL Background Thread 1 ] DEBUG FileSystemAccess     - Reading from: D:\projects\helloworld\FarmSimulator\system\fxgl.bundle
07:36:50.915 [FXGL Background Thread 1 ] DEBUG SystemBundleService  - Bundle FXGL: {}
07:36:50.915 [FXGL Background Thread 1 ] DEBUG UpdaterService       - Checking for updates
07:36:50.949 [FXGL Background Thread 4 ] DEBUG FXGLApplication      - Loading fonts
07:36:50.950 [FXGL Background Thread 4 ] DEBUG FXGLAssetLoaderServi - Loading from file system: jar:file:/C:/Users/HP/.m2/repository/com/github/almasb/fxgl/25/fxgl-25.jar!/fxglassets/ui/fonts/VarelaRound-Regular.ttf
07:36:50.950 [FXGL Background Thread 1 ] DEBUG FXGLApplication      - Loading default localization
07:36:50.951 [FXGL Background Thread 1 ] DEBUG FXGLAssetLoaderServi - Loading from file system: jar:file:/C:/Users/HP/.m2/repository/com/github/almasb/fxgl/25/fxgl-25.jar!/fxglassets/languages/english.lang
07:36:50.968 [FXGL Background Thread 1 ] INFO  FXGLApplication      - FXGL initialization took: 0.628 sec
07:36:50.978 [JavaFX Application Thread] DEBUG Input                - Registered new binding: Move Right - D
07:36:50.979 [JavaFX Application Thread] DEBUG Input                - Registered new binding: Move Left - A
07:36:50.979 [JavaFX Application Thread] DEBUG Input                - Registered new binding: Move Up - W
07:36:50.979 [JavaFX Application Thread] DEBUG Input                - Registered new binding: Move Down - S
07:36:50.979 [JavaFX Application Thread] DEBUG Input                - Registered new binding: Interact Action Key - E
07:36:50.979 [JavaFX Application Thread] DEBUG Input                - Registered new binding: Use Tool Keyboard - F
07:36:50.980 [JavaFX Application Thread] DEBUG Input                - Registered new binding: Use Tool Mouse - LMB
07:36:50.981 [JavaFX Application Thread] DEBUG Input                - Registered new binding: Test Quick Water - Q
07:36:50.981 [JavaFX Application Thread] DEBUG Input                - Registered new binding: Close UI Window - R
07:36:50.981 [JavaFX Application Thread] DEBUG Input                - Registered new binding: Toggle Inventory Window - Tab
07:36:50.981 [JavaFX Application Thread] DEBUG Input                - Registered new binding: Quick Save - F5
07:36:50.981 [JavaFX Application Thread] DEBUG Input                - Registered new binding: Quick Load - F9
07:36:50.981 [JavaFX Application Thread] DEBUG Input                - Registered new binding: Select Inventory Slot 1 - 1
07:36:50.981 [JavaFX Application Thread] DEBUG Input                - Registered new binding: Select Inventory Slot 2 - 2
07:36:50.982 [JavaFX Application Thread] DEBUG Input                - Registered new binding: Select Inventory Slot 3 - 3
07:36:50.982 [JavaFX Application Thread] DEBUG Input                - Registered new binding: Select Inventory Slot 4 - 4
07:36:50.982 [JavaFX Application Thread] DEBUG Input                - Registered new binding: Select Inventory Slot 5 - 5
07:36:50.982 [JavaFX Application Thread] DEBUG Input                - Registered new binding: Select Inventory Slot 6 - 6
07:36:50.982 [JavaFX Application Thread] DEBUG Input                - Registered new binding: Select Inventory Slot 7 - 7
07:36:50.982 [JavaFX Application Thread] DEBUG Input                - Registered new binding: Select Inventory Slot 8 - 8
07:36:50.982 [JavaFX Application Thread] DEBUG Input                - Registered new binding: Select Inventory Slot 9 - 9
07:36:50.984 [JavaFX Application Thread] DEBUG FXGLAssetLoaderServi - Loading from file system: jar:file:/C:/Users/HP/.m2/repository/com/github/almasb/fxgl/25/fxgl-25.jar!/fxglassets/textures/fxgl_icon.png
07:36:51.021 [JavaFX Application Thread] DEBUG FXGLAssetLoaderServi - Loading from file system: jar:file:/C:/Users/HP/.m2/repository/com/github/almasb/fxgl/25/fxgl-25.jar!/fxglassets/textures/fxgl_default_cursor.png
07:36:51.025 [JavaFX Application Thread] DEBUG Input                - Registered new binding: Screenshot - CTRL+8
07:36:51.027 [JavaFX Application Thread] DEBUG Input                - Registered new binding: Dev Options - 1
07:36:51.028 [JavaFX Application Thread] DEBUG Input                - Registered new binding: Dev Console - 2
07:36:51.029 [JavaFX Application Thread] DEBUG Input                - Registered new binding: System info dump - CTRL+9
07:36:51.030 [JavaFX Application Thread] DEBUG Input                - Registered new binding: Restart - CTRL+R
07:36:51.032 [JavaFX Application Thread] DEBUG Input                - Registered new binding: Toggle Debug Camera - CTRL+7
07:36:51.035 [FXGL Background Thread 4 ] DEBUG FXGLAssetLoaderServi - Loading from file system: jar:file:/C:/Users/HP/.m2/repository/com/github/almasb/fxgl/25/fxgl-25.jar!/fxglassets/ui/fonts/Abel-Regular.ttf
07:36:51.036 [JavaFX Application Thread] DEBUG LoopRunner           - Starting loop
07:36:51.061 [JavaFX Application Thread] DEBUG LoopRunner           - Initializing JavaFX AnimationTimerLoop
07:36:51.065 [JavaFX Application Thread] DEBUG GameApplicationServi - Starting new game
07:36:51.066 [JavaFX Application Thread] DEBUG Input                - Clearing active input actions
07:36:51.087 [FXGL Background Thread 4 ] DEBUG FXGLAssetLoaderServi - Loading from file system: jar:file:/C:/Users/HP/.m2/repository/com/github/almasb/fxgl/25/fxgl-25.jar!/fxglassets/ui/fonts/TerminalLandMono-Regular.otf
07:36:51.090 [JavaFX Application Thread] DEBUG GameApplicationServi - Removing overlay from FXGLStartupScene and adding to FXGLLoadingScene
07:36:51.099 [JavaFX Application Thread] DEBUG PrimaryStageWindow   - FXGLStartupScene -> FXGLLoadingScene
07:36:51.099 [JavaFX Application Thread] DEBUG GameApplicationServi - Clearing previous game
07:36:51.099 [JavaFX Application Thread] DEBUG GameScene            - Clearing game scene
07:36:51.099 [JavaFX Application Thread] DEBUG GameWorld            - Clearing game world
07:36:51.099 [JavaFX Application Thread] DEBUG PhysicsWorld         - Clearing physics world
07:36:51.102 [FXGL Background Thread 1 ] DEBUG FXGLApplication      - Initializing game
07:36:51.112 [FXGL Background Thread 4 ] DEBUG FXGLAssetLoaderServi - Loading from file system: jar:file:/C:/Users/HP/.m2/repository/com/github/almasb/fxgl/25/fxgl-25.jar!/fxglassets/ui/fonts/Courier-Prime.ttf
07:36:51.170 [FXGL Background Thread 1 ] WARN  FXGLAssetLoaderServi - Asset "/assets/textures/empty.png" was not found!
07:36:51.171 [FXGL Background Thread 1 ] WARN  FXGLAssetLoaderServi - Failed to load IMAGE
07:36:51.505 [JavaFX Application Thread] DEBUG FXGLApplication      - Registering font factories with UI factory
07:36:51.635 [FXGL Background Thread 1 ] DEBUG FXGLAssetLoaderServi - Loading from file system: file:/D:/projects/helloworld/FarmSimulator/target/classes/assets/textures/Crops/soil_1.png
07:36:51.644 [FXGL Background Thread 1 ] WARN  FXGLAssetLoaderServi - Asset "/assets/textures/empty.png" was not found!
07:36:51.645 [FXGL Background Thread 1 ] WARN  FXGLAssetLoaderServi - Failed to load IMAGE
07:36:51.646 [FXGL Background Thread 1 ] DEBUG FXGLAssetLoaderServi - Loading from file system: file:/D:/projects/helloworld/FarmSimulator/target/classes/assets/textures/Crops/rice_1.png
07:36:51.649 [FXGL Background Thread 1 ] WARN  FXGLAssetLoaderServi - Asset "/assets/textures/empty.png" was not found!
07:36:51.650 [FXGL Background Thread 1 ] WARN  FXGLAssetLoaderServi - Failed to load IMAGE
07:36:51.654 [FXGL Background Thread 1 ] WARN  FXGLAssetLoaderServi - Asset "/assets/textures/empty.png" was not found!
07:36:51.654 [FXGL Background Thread 1 ] WARN  FXGLAssetLoaderServi - Failed to load IMAGE
07:36:51.656 [FXGL Background Thread 1 ] WARN  FXGLAssetLoaderServi - Asset "/assets/textures/empty.png" was not found!
07:36:51.656 [FXGL Background Thread 1 ] WARN  FXGLAssetLoaderServi - Failed to load IMAGE
07:36:51.659 [FXGL Background Thread 1 ] WARN  FXGLAssetLoaderServi - Asset "/assets/textures/empty.png" was not found!
07:36:51.659 [FXGL Background Thread 1 ] WARN  FXGLAssetLoaderServi - Failed to load IMAGE
07:36:51.661 [FXGL Background Thread 1 ] WARN  FXGLAssetLoaderServi - Asset "/assets/textures/empty.png" was not found!
07:36:51.661 [FXGL Background Thread 1 ] WARN  FXGLAssetLoaderServi - Failed to load IMAGE
07:36:51.664 [FXGL Background Thread 1 ] WARN  FXGLAssetLoaderServi - Asset "/assets/textures/empty.png" was not found!
07:36:51.664 [FXGL Background Thread 1 ] WARN  FXGLAssetLoaderServi - Failed to load IMAGE
07:36:51.664 [FXGL Background Thread 1 ] DEBUG FXGLAssetLoaderServi - Loading from file system: file:/D:/projects/helloworld/FarmSimulator/target/classes/assets/textures/Crops/soil_2.png
07:36:51.668 [FXGL Background Thread 1 ] WARN  FXGLAssetLoaderServi - Asset "/assets/textures/empty.png" was not found!
07:36:51.669 [FXGL Background Thread 1 ] WARN  FXGLAssetLoaderServi - Failed to load IMAGE
07:36:51.670 [FXGL Background Thread 1 ] WARN  FXGLAssetLoaderServi - Asset "/assets/textures/empty.png" was not found!
07:36:51.670 [FXGL Background Thread 1 ] WARN  FXGLAssetLoaderServi - Failed to load IMAGE
07:36:51.674 [FXGL Background Thread 1 ] WARN  FXGLAssetLoaderServi - Asset "/assets/textures/empty.png" was not found!
07:36:51.674 [FXGL Background Thread 1 ] WARN  FXGLAssetLoaderServi - Failed to load IMAGE
07:36:51.676 [FXGL Background Thread 1 ] WARN  FXGLAssetLoaderServi - Asset "/assets/textures/empty.png" was not found!
07:36:51.676 [FXGL Background Thread 1 ] WARN  FXGLAssetLoaderServi - Failed to load IMAGE
07:36:51.680 [FXGL Background Thread 1 ] WARN  FXGLAssetLoaderServi - Asset "/assets/textures/empty.png" was not found!
07:36:51.680 [FXGL Background Thread 1 ] WARN  FXGLAssetLoaderServi - Failed to load IMAGE
07:36:51.681 [FXGL Background Thread 1 ] WARN  FXGLAssetLoaderServi - Asset "/assets/textures/empty.png" was not found!
07:36:51.681 [FXGL Background Thread 1 ] WARN  FXGLAssetLoaderServi - Failed to load IMAGE
07:36:51.682 [FXGL Background Thread 1 ] WARN  FXGLAssetLoaderServi - Asset "/assets/textures/empty.png" was not found!
07:36:51.682 [FXGL Background Thread 1 ] WARN  FXGLAssetLoaderServi - Failed to load IMAGE
07:36:51.683 [FXGL Background Thread 1 ] WARN  FXGLAssetLoaderServi - Asset "/assets/textures/empty.png" was not found!
07:36:51.683 [FXGL Background Thread 1 ] WARN  FXGLAssetLoaderServi - Failed to load IMAGE
07:36:51.684 [FXGL Background Thread 1 ] WARN  FXGLAssetLoaderServi - Asset "/assets/textures/empty.png" was not found!
07:36:51.685 [FXGL Background Thread 1 ] WARN  FXGLAssetLoaderServi - Failed to load IMAGE
07:36:51.686 [FXGL Background Thread 1 ] WARN  FXGLAssetLoaderServi - Asset "/assets/textures/empty.png" was not found!
07:36:51.686 [FXGL Background Thread 1 ] WARN  FXGLAssetLoaderServi - Failed to load IMAGE
07:36:51.687 [FXGL Background Thread 1 ] WARN  FXGLAssetLoaderServi - Asset "/assets/textures/empty.png" was not found!
07:36:51.687 [FXGL Background Thread 1 ] WARN  FXGLAssetLoaderServi - Failed to load IMAGE
07:36:51.688 [FXGL Background Thread 1 ] WARN  FXGLAssetLoaderServi - Asset "/assets/textures/empty.png" was not found!
07:36:51.688 [FXGL Background Thread 1 ] WARN  FXGLAssetLoaderServi - Failed to load IMAGE
07:36:51.690 [FXGL Background Thread 1 ] WARN  FXGLAssetLoaderServi - Asset "/assets/textures/empty.png" was not found!
07:36:51.690 [FXGL Background Thread 1 ] WARN  FXGLAssetLoaderServi - Failed to load IMAGE
07:36:51.691 [FXGL Background Thread 1 ] WARN  FXGLAssetLoaderServi - Asset "/assets/textures/empty.png" was not found!
07:36:51.691 [FXGL Background Thread 1 ] WARN  FXGLAssetLoaderServi - Failed to load IMAGE
07:36:51.693 [FXGL Background Thread 1 ] WARN  FXGLAssetLoaderServi - Asset "/assets/textures/empty.png" was not found!
07:36:51.693 [FXGL Background Thread 1 ] WARN  FXGLAssetLoaderServi - Failed to load IMAGE
07:36:51.694 [FXGL Background Thread 1 ] WARN  FXGLAssetLoaderServi - Asset "/assets/textures/empty.png" was not found!
07:36:51.694 [FXGL Background Thread 1 ] WARN  FXGLAssetLoaderServi - Failed to load IMAGE
07:36:51.695 [FXGL Background Thread 1 ] WARN  FXGLAssetLoaderServi - Asset "/assets/textures/empty.png" was not found!
07:36:51.695 [FXGL Background Thread 1 ] WARN  FXGLAssetLoaderServi - Failed to load IMAGE
07:36:51.696 [FXGL Background Thread 1 ] WARN  FXGLAssetLoaderServi - Asset "/assets/textures/empty.png" was not found!
07:36:51.696 [FXGL Background Thread 1 ] WARN  FXGLAssetLoaderServi - Failed to load IMAGE
07:36:51.697 [FXGL Background Thread 1 ] WARN  FXGLAssetLoaderServi - Asset "/assets/textures/empty.png" was not found!
07:36:51.698 [FXGL Background Thread 1 ] WARN  FXGLAssetLoaderServi - Failed to load IMAGE
07:36:51.698 [FXGL Background Thread 1 ] WARN  FXGLAssetLoaderServi - Asset "/assets/textures/empty.png" was not found!
07:36:51.699 [FXGL Background Thread 1 ] WARN  FXGLAssetLoaderServi - Failed to load IMAGE
07:36:51.700 [FXGL Background Thread 1 ] WARN  FXGLAssetLoaderServi - Asset "/assets/textures/empty.png" was not found!
07:36:51.700 [FXGL Background Thread 1 ] WARN  FXGLAssetLoaderServi - Failed to load IMAGE
07:36:51.701 [FXGL Background Thread 1 ] WARN  FXGLAssetLoaderServi - Asset "/assets/textures/empty.png" was not found!
07:36:51.701 [FXGL Background Thread 1 ] WARN  FXGLAssetLoaderServi - Failed to load IMAGE
07:36:51.702 [FXGL Background Thread 1 ] WARN  FXGLAssetLoaderServi - Asset "/assets/textures/empty.png" was not found!
07:36:51.702 [FXGL Background Thread 1 ] WARN  FXGLAssetLoaderServi - Failed to load IMAGE
07:36:51.702 [FXGL Background Thread 1 ] WARN  FXGLAssetLoaderServi - Asset "/assets/textures/empty.png" was not found!
07:36:51.703 [FXGL Background Thread 1 ] WARN  FXGLAssetLoaderServi - Failed to load IMAGE
07:36:51.704 [FXGL Background Thread 1 ] WARN  FXGLAssetLoaderServi - Asset "/assets/textures/empty.png" was not found!
07:36:51.705 [FXGL Background Thread 1 ] WARN  FXGLAssetLoaderServi - Failed to load IMAGE
07:36:51.705 [FXGL Background Thread 1 ] WARN  FXGLAssetLoaderServi - Asset "/assets/textures/empty.png" was not found!
07:36:51.705 [FXGL Background Thread 1 ] WARN  FXGLAssetLoaderServi - Failed to load IMAGE
07:36:51.707 [FXGL Background Thread 1 ] WARN  FXGLAssetLoaderServi - Asset "/assets/textures/empty.png" was not found!
07:36:51.707 [FXGL Background Thread 1 ] WARN  FXGLAssetLoaderServi - Failed to load IMAGE
07:36:51.708 [FXGL Background Thread 1 ] WARN  FXGLAssetLoaderServi - Asset "/assets/textures/empty.png" was not found!
07:36:51.708 [FXGL Background Thread 1 ] WARN  FXGLAssetLoaderServi - Failed to load IMAGE
07:36:51.708 [FXGL Background Thread 1 ] WARN  FXGLAssetLoaderServi - Asset "/assets/textures/empty.png" was not found!
07:36:51.709 [FXGL Background Thread 1 ] WARN  FXGLAssetLoaderServi - Failed to load IMAGE
07:36:51.709 [FXGL Background Thread 1 ] WARN  FXGLAssetLoaderServi - Asset "/assets/textures/empty.png" was not found!
07:36:51.709 [FXGL Background Thread 1 ] WARN  FXGLAssetLoaderServi - Failed to load IMAGE
07:36:51.710 [FXGL Background Thread 1 ] WARN  FXGLAssetLoaderServi - Asset "/assets/textures/empty.png" was not found!
07:36:51.710 [FXGL Background Thread 1 ] WARN  FXGLAssetLoaderServi - Failed to load IMAGE
07:36:51.711 [FXGL Background Thread 1 ] WARN  FXGLAssetLoaderServi - Asset "/assets/textures/empty.png" was not found!
07:36:51.711 [FXGL Background Thread 1 ] WARN  FXGLAssetLoaderServi - Failed to load IMAGE
07:36:51.712 [FXGL Background Thread 1 ] WARN  FXGLAssetLoaderServi - Asset "/assets/textures/empty.png" was not found!
07:36:51.712 [FXGL Background Thread 1 ] WARN  FXGLAssetLoaderServi - Failed to load IMAGE
07:36:51.713 [FXGL Background Thread 1 ] WARN  FXGLAssetLoaderServi - Asset "/assets/textures/empty.png" was not found!
07:36:51.713 [FXGL Background Thread 1 ] WARN  FXGLAssetLoaderServi - Failed to load IMAGE
07:36:51.714 [FXGL Background Thread 1 ] WARN  FXGLAssetLoaderServi - Asset "/assets/textures/empty.png" was not found!
07:36:51.715 [FXGL Background Thread 1 ] WARN  FXGLAssetLoaderServi - Failed to load IMAGE
07:36:51.716 [FXGL Background Thread 1 ] WARN  FXGLAssetLoaderServi - Asset "/assets/textures/empty.png" was not found!
07:36:51.716 [FXGL Background Thread 1 ] WARN  FXGLAssetLoaderServi - Failed to load IMAGE
07:36:51.717 [FXGL Background Thread 1 ] WARN  FXGLAssetLoaderServi - Asset "/assets/textures/empty.png" was not found!
07:36:51.717 [FXGL Background Thread 1 ] WARN  FXGLAssetLoaderServi - Failed to load IMAGE
07:36:51.718 [FXGL Background Thread 1 ] WARN  FXGLAssetLoaderServi - Asset "/assets/textures/empty.png" was not found!
07:36:51.718 [FXGL Background Thread 1 ] WARN  FXGLAssetLoaderServi - Failed to load IMAGE
07:36:51.718 [FXGL Background Thread 1 ] WARN  FXGLAssetLoaderServi - Asset "/assets/textures/empty.png" was not found!
07:36:51.719 [FXGL Background Thread 1 ] WARN  FXGLAssetLoaderServi - Failed to load IMAGE
07:36:51.720 [FXGL Background Thread 1 ] WARN  FXGLAssetLoaderServi - Asset "/assets/textures/empty.png" was not found!
07:36:51.720 [FXGL Background Thread 1 ] WARN  FXGLAssetLoaderServi - Failed to load IMAGE
07:36:51.721 [FXGL Background Thread 1 ] WARN  FXGLAssetLoaderServi - Asset "/assets/textures/empty.png" was not found!
07:36:51.721 [FXGL Background Thread 1 ] WARN  FXGLAssetLoaderServi - Failed to load IMAGE
07:36:51.722 [FXGL Background Thread 1 ] WARN  FXGLAssetLoaderServi - Asset "/assets/textures/empty.png" was not found!
07:36:51.722 [FXGL Background Thread 1 ] WARN  FXGLAssetLoaderServi - Failed to load IMAGE
07:36:51.723 [FXGL Background Thread 1 ] WARN  FXGLAssetLoaderServi - Asset "/assets/textures/empty.png" was not found!
07:36:51.723 [FXGL Background Thread 1 ] WARN  FXGLAssetLoaderServi - Failed to load IMAGE
07:36:51.724 [FXGL Background Thread 1 ] WARN  FXGLAssetLoaderServi - Asset "/assets/textures/empty.png" was not found!
07:36:51.724 [FXGL Background Thread 1 ] WARN  FXGLAssetLoaderServi - Failed to load IMAGE
07:36:51.725 [FXGL Background Thread 1 ] WARN  FXGLAssetLoaderServi - Asset "/assets/textures/empty.png" was not found!
07:36:51.725 [FXGL Background Thread 1 ] WARN  FXGLAssetLoaderServi - Failed to load IMAGE
07:36:51.726 [FXGL Background Thread 1 ] WARN  FXGLAssetLoaderServi - Asset "/assets/textures/empty.png" was not found!
07:36:51.726 [FXGL Background Thread 1 ] WARN  FXGLAssetLoaderServi - Failed to load IMAGE
07:36:51.728 [FXGL Background Thread 1 ] WARN  FXGLAssetLoaderServi - Asset "/assets/textures/empty.png" was not found!
07:36:51.728 [FXGL Background Thread 1 ] WARN  FXGLAssetLoaderServi - Failed to load IMAGE
07:36:51.728 [FXGL Background Thread 1 ] WARN  FXGLAssetLoaderServi - Asset "/assets/textures/empty.png" was not found!
07:36:51.729 [FXGL Background Thread 1 ] WARN  FXGLAssetLoaderServi - Failed to load IMAGE
07:36:51.730 [FXGL Background Thread 1 ] WARN  FXGLAssetLoaderServi - Asset "/assets/textures/empty.png" was not found!
07:36:51.730 [FXGL Background Thread 1 ] WARN  FXGLAssetLoaderServi - Failed to load IMAGE
07:36:51.730 [FXGL Background Thread 1 ] WARN  FXGLAssetLoaderServi - Asset "/assets/textures/empty.png" was not found!
07:36:51.731 [FXGL Background Thread 1 ] WARN  FXGLAssetLoaderServi - Failed to load IMAGE
07:36:51.732 [FXGL Background Thread 1 ] WARN  FXGLAssetLoaderServi - Asset "/assets/textures/empty.png" was not found!
07:36:51.732 [FXGL Background Thread 1 ] WARN  FXGLAssetLoaderServi - Failed to load IMAGE
07:36:51.732 [FXGL Background Thread 1 ] WARN  FXGLAssetLoaderServi - Asset "/assets/textures/empty.png" was not found!
07:36:51.733 [FXGL Background Thread 1 ] WARN  FXGLAssetLoaderServi - Failed to load IMAGE
07:36:51.733 [FXGL Background Thread 1 ] WARN  FXGLAssetLoaderServi - Asset "/assets/textures/empty.png" was not found!
07:36:51.734 [FXGL Background Thread 1 ] WARN  FXGLAssetLoaderServi - Failed to load IMAGE
07:36:51.734 [FXGL Background Thread 1 ] WARN  FXGLAssetLoaderServi - Asset "/assets/textures/empty.png" was not found!
07:36:51.734 [FXGL Background Thread 1 ] WARN  FXGLAssetLoaderServi - Failed to load IMAGE
07:36:51.735 [FXGL Background Thread 1 ] WARN  FXGLAssetLoaderServi - Asset "/assets/textures/empty.png" was not found!
07:36:51.736 [FXGL Background Thread 1 ] WARN  FXGLAssetLoaderServi - Failed to load IMAGE
07:36:51.736 [FXGL Background Thread 1 ] WARN  FXGLAssetLoaderServi - Asset "/assets/textures/empty.png" was not found!
07:36:51.736 [FXGL Background Thread 1 ] WARN  FXGLAssetLoaderServi - Failed to load IMAGE
07:36:51.741 [FXGL Background Thread 1 ] DEBUG FXGLAssetLoaderServi - Loading from file system: file:/D:/projects/helloworld/FarmSimulator/target/classes/assets/textures/UI/heart_sprite.png
07:36:51.851 [FXGL Background Thread 1 ] WARN  TMXLevelLoader       - TiledMap generated from 1.12.0. Supported version: 1.9.0. Some features may not be parsed fully.
07:36:51.986 [FXGL Background Thread 1 ] DEBUG TMXLevelLoader       - Parsed TiledMap: file:/D:/projects/helloworld/FarmSimulator/target/classes/assets/levels/Main_level.tmx
07:36:51.988 [FXGL Background Thread 1 ] DEBUG TMXLevelLoader       - Creating tile layer entities
07:36:51.998 [FXGL Background Thread 1 ] DEBUG TilesetLoader        - Loading view for layer BackgroundLayer
07:36:52.022 [FXGL Background Thread 1 ] DEBUG TilesetLoader        - Created buffer with size 3520.0x2048.0
07:36:52.216 [FXGL Background Thread 1 ] DEBUG TilesetLoader        - Loading view for layer DecorationLayer
07:36:52.239 [FXGL Background Thread 1 ] DEBUG TilesetLoader        - Created buffer with size 3520.0x2048.0
07:36:52.353 [FXGL Background Thread 1 ] DEBUG TilesetLoader        - Loading view for layer OverheadLayer
07:36:52.371 [FXGL Background Thread 1 ] DEBUG TilesetLoader        - Created buffer with size 3520.0x2048.0
07:36:52.374 [FXGL Background Thread 1 ] DEBUG TMXLevelLoader       - Creating object layer entities
07:36:52.400 [FXGL Background Thread 1 ] DEBUG FXGLAssetLoaderServi - Loading from file system: file:/D:/projects/helloworld/FarmSimulator/target/classes/assets/textures/Player/Carry_Idle/Carry_Idle_Down-Sheet.png
07:36:52.404 [FXGL Background Thread 1 ] DEBUG FXGLAssetLoaderServi - Loading from file system: file:/D:/projects/helloworld/FarmSimulator/target/classes/assets/textures/Player/Carry_Idle/Carry_Idle_Up-Sheet.png
07:36:52.406 [FXGL Background Thread 1 ] DEBUG FXGLAssetLoaderServi - Loading from file system: file:/D:/projects/helloworld/FarmSimulator/target/classes/assets/textures/Player/Carry_Idle/Carry_Idle_Side-Sheet.png
07:36:52.408 [FXGL Background Thread 1 ] DEBUG FXGLAssetLoaderServi - Loading from file system: file:/D:/projects/helloworld/FarmSimulator/target/classes/assets/textures/Player/Carry_Walk/Carry_Walk_Down-Sheet.png
07:36:52.412 [FXGL Background Thread 1 ] DEBUG FXGLAssetLoaderServi - Loading from file system: file:/D:/projects/helloworld/FarmSimulator/target/classes/assets/textures/Player/Carry_Walk/Carry_Walk_Up-Sheet.png
07:36:52.417 [FXGL Background Thread 1 ] DEBUG FXGLAssetLoaderServi - Loading from file system: file:/D:/projects/helloworld/FarmSimulator/target/classes/assets/textures/Player/Carry_Walk/Carry_Walk_Side-Sheet.png
07:36:52.419 [FXGL Background Thread 1 ] DEBUG FXGLAssetLoaderServi - Loading from file system: file:/D:/projects/helloworld/FarmSimulator/target/classes/assets/textures/Player/Carry_Run/Carry_Run_Down-Sheet.png
07:36:52.422 [FXGL Background Thread 1 ] DEBUG FXGLAssetLoaderServi - Loading from file system: file:/D:/projects/helloworld/FarmSimulator/target/classes/assets/textures/Player/Carry_Run/Carry_Run_Up-Sheet.png
07:36:52.424 [FXGL Background Thread 1 ] DEBUG FXGLAssetLoaderServi - Loading from file system: file:/D:/projects/helloworld/FarmSimulator/target/classes/assets/textures/Player/Carry_Run/Carry_Run_Side-Sheet.png
07:36:52.675 [FXGL Background Thread 1 ] DEBUG FXGLAssetLoaderServi - Loading from file system: file:/D:/projects/helloworld/FarmSimulator/target/classes/assets/textures/NPC/Trader/Trader.png
07:36:52.688 [FXGL Background Thread 1 ] DEBUG FXGLAssetLoaderServi - Loading from file system: file:/D:/projects/helloworld/FarmSimulator/target/classes/assets/textures/NPC/Guider/Guider.png
07:36:52.694 [FXGL Background Thread 1 ] DEBUG GameWorld            - Clearing removable entities
07:36:52.696 [FXGL Background Thread 1 ] DEBUG GameWorld            - Setting level: com.almasb.fxgl.entity.level.Level@30fdf551
07:36:52.784 [FXGL Background Thread 1 ] INFO  FXGLApplication      - Game initialization took: 1.681 sec
07:36:52.785 [JavaFX Application Thread] DEBUG Input                - Clearing active input actions
07:36:52.823 [JavaFX Application Thread] DEBUG GameApplicationServi - Removing overlay from FXGLLoadingScene and adding to GameScene
07:36:52.831 [JavaFX Application Thread] DEBUG PrimaryStageWindow   - FXGLLoadingScene -> GameScene
07:36:53.950 [FXGL Background Thread 3 ] DEBUG Engine               - Logging environment variables
07:36:53.951 [FXGL Background Thread 3 ] DEBUG Engine               - achievements: []
07:36:53.951 [FXGL Background Thread 3 ] DEBUG Engine               - actualHeight: 720.0
07:36:53.952 [FXGL Background Thread 3 ] DEBUG Engine               - actualHeightProperty: ReadOnlyDoubleProperty [value: 720.0]
07:36:53.952 [FXGL Background Thread 3 ] DEBUG Engine               - actualWidth: 1280.0
07:36:53.952 [FXGL Background Thread 3 ] DEBUG Engine               - actualWidthProperty: ReadOnlyDoubleProperty [value: 1280.0]
07:36:53.952 [FXGL Background Thread 3 ] DEBUG Engine               - appIcon: fxgl_icon.png
07:36:53.952 [FXGL Background Thread 3 ] DEBUG Engine               - applicationMode: DEVELOPER
07:36:53.952 [FXGL Background Thread 3 ] DEBUG Engine               - cSSList: [fxgl_dark.css]
07:36:53.952 [FXGL Background Thread 3 ] DEBUG Engine               - collisionDetectionStrategy: BRUTE_FORCE
07:36:53.953 [FXGL Background Thread 3 ] DEBUG Engine               - configClass: Optional.empty
07:36:53.953 [FXGL Background Thread 3 ] DEBUG Engine               - credits: []
07:36:53.954 [FXGL Background Thread 3 ] DEBUG Engine               - defaultCursor: CursorInfo(imageName=fxgl_default_cursor.png, hotspotX=7.0, hotspotY=6.0)
07:36:53.956 [FXGL Background Thread 3 ] DEBUG Engine               - devBBoxColorProperty: ObjectProperty [value: 0xff0000ff]
07:36:53.957 [FXGL Background Thread 3 ] DEBUG Engine               - devEnableDebugCameraProperty: BooleanProperty [value: false]
07:36:53.957 [FXGL Background Thread 3 ] DEBUG Engine               - devSensorColorProperty: ObjectProperty [value: 0xffff00ff]
07:36:53.957 [FXGL Background Thread 3 ] DEBUG Engine               - devShowBBoxProperty: BooleanProperty [value: false]
07:36:53.958 [FXGL Background Thread 3 ] DEBUG Engine               - devShowPositionProperty: BooleanProperty [value: false]
07:36:53.958 [FXGL Background Thread 3 ] DEBUG Engine               - enabledMenuItems: []
07:36:53.958 [FXGL Background Thread 3 ] DEBUG Engine               - engineServices: [class com.almasb.fxgl.app.services.FXGLAssetLoaderService, class com.almasb.fxgl.app.FXGLApplication$GameApplicationService, class com.almasb.fxgl.app.services.FXGLDialogService, class com.almasb.fxgl.app.services.IOTaskExecutorService, class com.almasb.fxgl.io.FileSystemService, class com.almasb.fxgl.localization.LocalizationService, class com.almasb.fxgl.app.services.SystemBundleService, class com.almasb.fxgl.profile.SaveLoadService, class com.almasb.fxgl.ui.FXGLUIFactoryServiceProvider, class com.almasb.fxgl.ui.FXGLDialogFactoryServiceProvider, class com.almasb.fxgl.audio.AudioPlayer, class com.almasb.fxgl.notification.impl.NotificationServiceProvider, class com.almasb.fxgl.achievement.AchievementService, class com.almasb.fxgl.cutscene.CutsceneService, class com.almasb.fxgl.minigames.MiniGameService, class com.almasb.fxgl.net.NetService, class com.almasb.fxgl.app.services.UpdaterService, class com.almasb.fxgl.dev.DevService]
07:36:53.958 [FXGL Background Thread 3 ] DEBUG Engine               - fontGame: Abel-Regular.ttf
07:36:53.958 [FXGL Background Thread 3 ] DEBUG Engine               - fontMono: TerminalLandMono-Regular.otf
07:36:53.958 [FXGL Background Thread 3 ] DEBUG Engine               - fontSizeScaleUI: 1.0
07:36:53.958 [FXGL Background Thread 3 ] DEBUG Engine               - fontText: Courier-Prime.ttf
07:36:53.958 [FXGL Background Thread 3 ] DEBUG Engine               - fontUI: VarelaRound-Regular.ttf
07:36:53.960 [FXGL Background Thread 3 ] DEBUG Engine               - fpsRefreshRate: 500.0 ms
07:36:53.960 [FXGL Background Thread 3 ] DEBUG Engine               - fullScreen: BooleanProperty [value: false]
07:36:53.960 [FXGL Background Thread 3 ] DEBUG Engine               - gameDifficulty: MEDIUM
07:36:53.960 [FXGL Background Thread 3 ] DEBUG Engine               - gameDifficultyProperty: ObjectProperty [value: MEDIUM]
07:36:53.960 [FXGL Background Thread 3 ] DEBUG Engine               - globalMusicVolume: 0.5
07:36:53.960 [FXGL Background Thread 3 ] DEBUG Engine               - globalMusicVolumeProperty: DoubleProperty [value: 0.5]
07:36:53.960 [FXGL Background Thread 3 ] DEBUG Engine               - globalSoundVolume: 0.5
07:36:53.960 [FXGL Background Thread 3 ] DEBUG Engine               - globalSoundVolumeProperty: DoubleProperty [value: 0.5]
07:36:53.960 [FXGL Background Thread 3 ] DEBUG Engine               - height: 720
07:36:53.960 [FXGL Background Thread 3 ] DEBUG Engine               - is3D: false
07:36:53.960 [FXGL Background Thread 3 ] DEBUG Engine               - isAndroid: false
07:36:53.961 [FXGL Background Thread 3 ] DEBUG Engine               - isBrowser: false
07:36:53.961 [FXGL Background Thread 3 ] DEBUG Engine               - isClickFeedbackEnabled: false
07:36:53.961 [FXGL Background Thread 3 ] DEBUG Engine               - isCloseConfirmation: false
07:36:53.961 [FXGL Background Thread 3 ] DEBUG Engine               - isDesktop: true
07:36:53.961 [FXGL Background Thread 3 ] DEBUG Engine               - isDeveloperMenuEnabled: true
07:36:53.961 [FXGL Background Thread 3 ] DEBUG Engine               - isEmbedded: false
07:36:53.961 [FXGL Background Thread 3 ] DEBUG Engine               - isEntityPreloadEnabled: true
07:36:53.961 [FXGL Background Thread 3 ] DEBUG Engine               - isExperimentalTiledLargeMap: false
07:36:53.961 [FXGL Background Thread 3 ] DEBUG Engine               - isFileSystemWriteAllowed: true
07:36:53.961 [FXGL Background Thread 3 ] DEBUG Engine               - isFullScreenAllowed: false
07:36:53.961 [FXGL Background Thread 3 ] DEBUG Engine               - isFullScreenFromStart: false
07:36:53.961 [FXGL Background Thread 3 ] DEBUG Engine               - isGameMenuEnabled: true
07:36:53.961 [FXGL Background Thread 3 ] DEBUG Engine               - isIOS: false
07:36:53.961 [FXGL Background Thread 3 ] DEBUG Engine               - isIntroEnabled: false
07:36:53.961 [FXGL Background Thread 3 ] DEBUG Engine               - isLinux: false
07:36:53.961 [FXGL Background Thread 3 ] DEBUG Engine               - isMac: false
07:36:53.961 [FXGL Background Thread 3 ] DEBUG Engine               - isMainMenuEnabled: false
07:36:53.961 [FXGL Background Thread 3 ] DEBUG Engine               - isManualResizeEnabled: false
07:36:53.961 [FXGL Background Thread 3 ] DEBUG Engine               - isMobile: false
07:36:53.961 [FXGL Background Thread 3 ] DEBUG Engine               - isNative: false
07:36:53.961 [FXGL Background Thread 3 ] DEBUG Engine               - isPauseMusicWhenMinimized: true
07:36:53.961 [FXGL Background Thread 3 ] DEBUG Engine               - isPreserveResizeRatio: false
07:36:53.961 [FXGL Background Thread 3 ] DEBUG Engine               - isProfilingEnabled: false
07:36:53.961 [FXGL Background Thread 3 ] DEBUG Engine               - isScaleAffectedOnResize: true
07:36:53.961 [FXGL Background Thread 3 ] DEBUG Engine               - isSingleStep: false
07:36:53.962 [FXGL Background Thread 3 ] DEBUG Engine               - isUserProfileEnabled: false
07:36:53.962 [FXGL Background Thread 3 ] DEBUG Engine               - isWindows: true
07:36:53.962 [FXGL Background Thread 3 ] DEBUG Engine               - language: ObjectProperty [value: ENGLISH]
07:36:53.962 [FXGL Background Thread 3 ] DEBUG Engine               - menuKey: ESCAPE
07:36:53.962 [FXGL Background Thread 3 ] DEBUG Engine               - mouseSensitivity: 0.2
07:36:53.962 [FXGL Background Thread 3 ] DEBUG Engine               - notificationViewClass: class com.almasb.fxgl.notification.view.XboxNotificationView
07:36:53.962 [FXGL Background Thread 3 ] DEBUG Engine               - pixelsPerMeter: 50.0
07:36:53.962 [FXGL Background Thread 3 ] DEBUG Engine               - platform: WINDOWS
07:36:53.962 [FXGL Background Thread 3 ] DEBUG Engine               - prefHeightProperty: ReadOnlyDoubleProperty [value: 720.0]
07:36:53.962 [FXGL Background Thread 3 ] DEBUG Engine               - prefWidthProperty: ReadOnlyDoubleProperty [value: 1280.0]
07:36:53.962 [FXGL Background Thread 3 ] DEBUG Engine               - profileDir: profiles/
07:36:53.962 [FXGL Background Thread 3 ] DEBUG Engine               - profileName: StringProperty [value: DEFAULT]
07:36:53.962 [FXGL Background Thread 3 ] DEBUG Engine               - randomSeed: -1
07:36:53.962 [FXGL Background Thread 3 ] DEBUG Engine               - runtimeInfo: RuntimeInfo(platform=WINDOWS, version=25, build=05.02.2026 22.57)
07:36:53.962 [FXGL Background Thread 3 ] DEBUG Engine               - saveFileExt: sav
07:36:53.963 [FXGL Background Thread 3 ] DEBUG Engine               - scaledHeightProp$fxgl: DoubleProperty [bound, value: 720.0]
07:36:53.963 [FXGL Background Thread 3 ] DEBUG Engine               - scaledWidthProp$fxgl: DoubleProperty [bound, value: 1280.0]
07:36:53.963 [FXGL Background Thread 3 ] DEBUG Engine               - sceneFactory: com.almasb.fxgl.app.scene.SceneFactory@80728de
07:36:53.963 [FXGL Background Thread 3 ] DEBUG Engine               - secondsIn24h: 60
07:36:53.963 [FXGL Background Thread 3 ] DEBUG Engine               - soundMenuBack: menu/back.wav
07:36:53.963 [FXGL Background Thread 3 ] DEBUG Engine               - soundMenuPress: menu/press.wav
07:36:53.963 [FXGL Background Thread 3 ] DEBUG Engine               - soundMenuSelect: menu/select.wav
07:36:53.963 [FXGL Background Thread 3 ] DEBUG Engine               - soundNotification: core/notification.wav
07:36:53.963 [FXGL Background Thread 3 ] DEBUG Engine               - stageStyle: DECORATED
07:36:53.963 [FXGL Background Thread 3 ] DEBUG Engine               - supportedLanguages: [ENGLISH, FRENCH, GERMAN, HUNGARIAN, RUSSIAN]
07:36:53.963 [FXGL Background Thread 3 ] DEBUG Engine               - ticksPerSecond: -1
07:36:53.963 [FXGL Background Thread 3 ] DEBUG Engine               - title: Java Farming Professional
07:36:53.963 [FXGL Background Thread 3 ] DEBUG Engine               - urlGithub: https://github.com/AlmasB/FXGL
07:36:53.963 [FXGL Background Thread 3 ] DEBUG Engine               - urlLeaderboard: http://fxgl-top.herokuapp.com/
07:36:53.963 [FXGL Background Thread 3 ] DEBUG Engine               - urlPOM: https://raw.githubusercontent.com/AlmasB/FXGL/release/README.md
07:36:53.963 [FXGL Background Thread 3 ] DEBUG Engine               - userAppClass: class Project1Game.Main
07:36:53.963 [FXGL Background Thread 3 ] DEBUG Engine               - version: 2.5
07:36:53.963 [FXGL Background Thread 3 ] DEBUG Engine               - versionCheckDays: 7
07:36:53.963 [FXGL Background Thread 3 ] DEBUG Engine               - width: 1280
07:36:53.963 [FXGL Background Thread 3 ] DEBUG Engine               - Logging services
07:36:53.964 [FXGL Background Thread 3 ] DEBUG Engine               - class com.almasb.fxgl.app.services.FXGLAssetLoaderService
07:36:53.964 [FXGL Background Thread 3 ] DEBUG Engine               - class com.almasb.fxgl.app.FXGLApplication$GameApplicationService
07:36:53.964 [FXGL Background Thread 3 ] DEBUG Engine               - class com.almasb.fxgl.app.services.FXGLDialogService
07:36:53.964 [FXGL Background Thread 3 ] DEBUG Engine               - class com.almasb.fxgl.app.services.IOTaskExecutorService
07:36:53.964 [FXGL Background Thread 3 ] DEBUG Engine               - class com.almasb.fxgl.io.FileSystemService
07:36:53.964 [FXGL Background Thread 3 ] DEBUG Engine               - class com.almasb.fxgl.localization.LocalizationService
07:36:53.964 [FXGL Background Thread 3 ] DEBUG Engine               - class com.almasb.fxgl.app.services.SystemBundleService
07:36:53.964 [FXGL Background Thread 3 ] DEBUG Engine               - class com.almasb.fxgl.profile.SaveLoadService
07:36:53.964 [FXGL Background Thread 3 ] DEBUG Engine               - class com.almasb.fxgl.ui.FXGLUIFactoryServiceProvider
07:36:53.964 [FXGL Background Thread 3 ] DEBUG Engine               - class com.almasb.fxgl.ui.FXGLDialogFactoryServiceProvider
07:36:53.964 [FXGL Background Thread 3 ] DEBUG Engine               - class com.almasb.fxgl.audio.AudioPlayer
07:36:53.964 [FXGL Background Thread 3 ] DEBUG Engine               - class com.almasb.fxgl.notification.impl.NotificationServiceProvider
07:36:53.964 [FXGL Background Thread 3 ] DEBUG Engine               - class com.almasb.fxgl.achievement.AchievementService
07:36:53.964 [FXGL Background Thread 3 ] DEBUG Engine               - class com.almasb.fxgl.cutscene.CutsceneService
07:36:53.964 [FXGL Background Thread 3 ] DEBUG Engine               - class com.almasb.fxgl.minigames.MiniGameService
07:36:53.964 [FXGL Background Thread 3 ] DEBUG Engine               - class com.almasb.fxgl.net.NetService
07:36:53.964 [FXGL Background Thread 3 ] DEBUG Engine               - class com.almasb.fxgl.app.services.UpdaterService
07:36:53.964 [FXGL Background Thread 3 ] DEBUG Engine               - class com.almasb.fxgl.dev.DevService
07:38:04.800 [JavaFX Application Thread] DEBUG EventBus             - Firing event: Project1Game.system.DayNightEvent[source=javafx.event.Event$$Lambda/0x00000000134c0f88@573691d7]
07:38:13.342 [JavaFX Application Thread] DEBUG FXGLApplication      - Exiting FXGL
07:38:13.342 [JavaFX Application Thread] DEBUG LoopRunner           - Stopping loop
07:38:13.344 [JavaFX Application Thread] DEBUG SystemBundleService  - Saving FXGL system data
07:38:13.347 [JavaFX Application Thread] DEBUG FileSystemAccess     - Writing to: D:\projects\helloworld\FarmSimulator\system\fxgl.bundle
07:38:13.350 [JavaFX Application Thread] DEBUG Async                - Shutting down background threads
07:38:13.350 [JavaFX Application Thread] DEBUG PrimaryStageWindow   - Closing main window
07:38:13.388 [JavaFX Application Thread] DEBUG Logger               - Closing Logger
