11:15:58.763 [main                     ] DEBUG Logger               - Configured Logger
11:15:58.768 [main                     ] DEBUG GameApplication      - Logging settings
Title: Untitled
Version: 0.0
Width: 1280
Height: 720
Fullscreen: false
Intro: false
Profiling: false
Single step:false
App Mode: DEVELOPER
Menu Key: ESCAPE
Stage Style: DECORATED
Scene Factory: class com.almasb.fxgl.app.scene.SceneFactory

11:15:59.153 [JavaFX Application Thread] DEBUG FXGLApplication      - Initializing FXGL
11:15:59.156 [JavaFX Application Thread] INFO  Engine               - FXGL-25 (05.02.2026 22.57) on WINDOWS (J:25.0.1 FX:25.0.1)
11:15:59.156 [JavaFX Application Thread] DEBUG Engine               - JRE Vendor Name: Oracle Corporation
11:15:59.156 [JavaFX Application Thread] DEBUG Engine               - Running on OS: Windows 11 version 10.0
11:15:59.156 [JavaFX Application Thread] DEBUG Engine               - Architecture: amd64
11:15:59.156 [JavaFX Application Thread] INFO  Engine               - Source code and latest versions at: https://github.com/AlmasB/FXGL
11:15:59.156 [JavaFX Application Thread] INFO  Engine               -       Ask questions and discuss at: https://github.com/AlmasB/FXGL/discussions
11:15:59.230 [JavaFX Application Thread] DEBUG PrimaryStageWindow   - Creating a JavaFX scene
11:15:59.263 [JavaFX Application Thread] DEBUG PrimaryStageWindow   - Target settings size: 1280.0 x 720.0
11:15:59.263 [JavaFX Application Thread] DEBUG PrimaryStageWindow   - Scaled scene size:    1280.0 x 720.0
11:15:59.263 [JavaFX Application Thread] DEBUG PrimaryStageWindow   - Scaled ratio: (1.0, 1.0)
11:15:59.263 [JavaFX Application Thread] DEBUG PrimaryStageWindow   - Set initial scene to FXGLStartupScene
11:15:59.266 [JavaFX Application Thread] DEBUG PrimaryStageWindow   - Opening main window
11:15:59.519 [JavaFX Application Thread] DEBUG PrimaryStageWindow   - Window border size: (14.4000244140625, 37.5999755859375)
11:15:59.519 [JavaFX Application Thread] DEBUG PrimaryStageWindow   - Scaled size: 1280.0 x 720.0
11:15:59.519 [JavaFX Application Thread] DEBUG PrimaryStageWindow   - Scaled ratio: (1.0, 1.0)
11:15:59.519 [JavaFX Application Thread] DEBUG PrimaryStageWindow   - Scene size: 1280.0 x 720.0
11:15:59.519 [JavaFX Application Thread] DEBUG PrimaryStageWindow   - Stage size: 1294.4000244140625 x 757.5999755859375
11:15:59.527 [FXGL Background Thread 1 ] DEBUG Engine               - Initializing environment variables
11:15:59.568 [FXGL Background Thread 1 ] DEBUG FXGLAssetLoaderServi - User app class for loading assets: class Project1Game.Main
11:15:59.568 [FXGL Background Thread 1 ] DEBUG GameApplicationServi - Applying CSS: fxgl_dark.css
11:15:59.569 [FXGL Background Thread 1 ] DEBUG FXGLAssetLoaderServi - Loading from file system: jar:file:/C:/Users/Admin/.m2/repository/com/github/almasb/fxgl/25/fxgl-25.jar!/fxglassets/ui/css/fxgl_dark.css
11:15:59.601 [FXGL Background Thread 1 ] DEBUG GameApplicationServi - Initializing application scenes
11:15:59.634 [FXGL Background Thread 1 ] DEBUG GameWorld            - Game world initialized
11:15:59.665 [FXGL Background Thread 1 ] DEBUG PhysicsWorld         - Physics world initialized: appHeight=720, physics.ppm=50.0
11:15:59.666 [FXGL Background Thread 1 ] DEBUG PhysicsWorld         - Using strategy: BRUTE_FORCE
11:15:59.669 [FXGL Background Thread 1 ] DEBUG GameScene            - Game scene initialized: 1280x720
11:15:59.677 [FXGL Background Thread 1 ] DEBUG FXGL.DefaultMenu     - createMenuBodyGameMenu()
11:15:59.689 [FXGL Background Thread 1 ] DEBUG FXGL.DefaultMenu     - createOptionsMenu()
11:15:59.697 [FXGL Background Thread 1 ] DEBUG FXGLAssetLoaderServi - Loading from file system: jar:file:/C:/Users/Admin/.m2/repository/com/github/almasb/fxgl/25/fxgl-25.jar!/fxglassets/textures/particles/smoke.png
11:15:59.761 [FXGL Background Thread 1 ] DEBUG FXGLAssetLoaderServi - Loading from file system: jar:file:/C:/Users/Admin/.m2/repository/com/github/almasb/fxgl/25/fxgl-25.jar!/fxglassets/textures/particles/trace_horizontal.png
11:15:59.785 [FXGL Background Thread 1 ] DEBUG GameApplicationServi - Application scenes initialized
11:15:59.794 [FXGL Background Thread 1 ] DEBUG SystemBundleService  - Loading FXGL system data
11:15:59.797 [FXGL Background Thread 1 ] DEBUG FileSystemAccess     - Reading from: D:\GameDevelop\Project1\system\fxgl.bundle
11:15:59.803 [FXGL Background Thread 1 ] DEBUG SystemBundleService  - Bundle FXGL: {}
11:15:59.803 [FXGL Background Thread 1 ] DEBUG UpdaterService       - Checking for updates
11:15:59.826 [FXGL Background Thread 4 ] DEBUG FXGLApplication      - Loading fonts
11:15:59.826 [FXGL Background Thread 4 ] DEBUG FXGLAssetLoaderServi - Loading from file system: jar:file:/C:/Users/Admin/.m2/repository/com/github/almasb/fxgl/25/fxgl-25.jar!/fxglassets/ui/fonts/VarelaRound-Regular.ttf
11:15:59.827 [FXGL Background Thread 1 ] DEBUG FXGLApplication      - Loading default localization
11:15:59.827 [FXGL Background Thread 1 ] DEBUG FXGLAssetLoaderServi - Loading from file system: jar:file:/C:/Users/Admin/.m2/repository/com/github/almasb/fxgl/25/fxgl-25.jar!/fxglassets/languages/english.lang
11:15:59.836 [FXGL Background Thread 1 ] INFO  FXGLApplication      - FXGL initialization took: 0.309 sec
11:15:59.844 [JavaFX Application Thread] DEBUG Input                - Registered new binding: Move Right - D
11:15:59.844 [JavaFX Application Thread] DEBUG Input                - Registered new binding: Move Left - A
11:15:59.844 [JavaFX Application Thread] DEBUG Input                - Registered new binding: Move Up - W
11:15:59.844 [JavaFX Application Thread] DEBUG Input                - Registered new binding: Move Down - S
11:15:59.846 [JavaFX Application Thread] DEBUG Input                - Registered new binding: action0 - I
11:15:59.846 [JavaFX Application Thread] DEBUG Input                - Registered new binding: action1 - R
11:15:59.846 [JavaFX Application Thread] DEBUG Input                - Registered new binding: action2 - F
11:15:59.846 [JavaFX Application Thread] DEBUG Input                - Registered new binding: action3 - E
11:15:59.846 [JavaFX Application Thread] DEBUG Input                - Registered new binding: action4 - 1
11:15:59.846 [JavaFX Application Thread] DEBUG Input                - Registered new binding: action5 - 2
11:15:59.846 [JavaFX Application Thread] DEBUG Input                - Registered new binding: action6 - 3
11:15:59.848 [JavaFX Application Thread] DEBUG Input                - Registered new binding: action7 - 4
11:15:59.848 [JavaFX Application Thread] DEBUG Input                - Registered new binding: action8 - 5
11:15:59.848 [JavaFX Application Thread] DEBUG Input                - Registered new binding: action9 - 6
11:15:59.848 [JavaFX Application Thread] DEBUG Input                - Registered new binding: action10 - 7
11:15:59.849 [JavaFX Application Thread] DEBUG Input                - Registered new binding: action11 - 8
11:15:59.849 [JavaFX Application Thread] DEBUG Input                - Registered new binding: action12 - 9
11:15:59.849 [JavaFX Application Thread] DEBUG Input                - Registered new binding: action13 - Q
11:15:59.849 [JavaFX Application Thread] DEBUG Input                - Registered new binding: action14 - Tab
11:15:59.849 [JavaFX Application Thread] DEBUG FXGLAssetLoaderServi - Loading from file system: jar:file:/C:/Users/Admin/.m2/repository/com/github/almasb/fxgl/25/fxgl-25.jar!/fxglassets/textures/fxgl_icon.png
11:15:59.855 [FXGL Background Thread 4 ] DEBUG FXGLAssetLoaderServi - Loading from file system: jar:file:/C:/Users/Admin/.m2/repository/com/github/almasb/fxgl/25/fxgl-25.jar!/fxglassets/ui/fonts/Abel-Regular.ttf
11:15:59.864 [JavaFX Application Thread] DEBUG FXGLAssetLoaderServi - Loading from file system: jar:file:/C:/Users/Admin/.m2/repository/com/github/almasb/fxgl/25/fxgl-25.jar!/fxglassets/textures/fxgl_default_cursor.png
11:15:59.865 [FXGL Background Thread 4 ] DEBUG FXGLAssetLoaderServi - Loading from file system: jar:file:/C:/Users/Admin/.m2/repository/com/github/almasb/fxgl/25/fxgl-25.jar!/fxglassets/ui/fonts/TerminalLandMono-Regular.otf
11:15:59.865 [JavaFX Application Thread] DEBUG Input                - Registered new binding: Screenshot - CTRL+8
11:15:59.866 [JavaFX Application Thread] DEBUG Input                - Registered new binding: Dev Options - 1
11:15:59.866 [JavaFX Application Thread] DEBUG Input                - Registered new binding: Dev Console - 2
11:15:59.866 [JavaFX Application Thread] DEBUG Input                - Registered new binding: System info dump - CTRL+9
11:15:59.866 [JavaFX Application Thread] DEBUG Input                - Registered new binding: Restart - CTRL+R
11:15:59.868 [JavaFX Application Thread] DEBUG Input                - Registered new binding: Toggle Debug Camera - CTRL+7
11:15:59.871 [JavaFX Application Thread] DEBUG LoopRunner           - Starting loop
11:15:59.875 [FXGL Background Thread 4 ] DEBUG FXGLAssetLoaderServi - Loading from file system: jar:file:/C:/Users/Admin/.m2/repository/com/github/almasb/fxgl/25/fxgl-25.jar!/fxglassets/ui/fonts/Courier-Prime.ttf
11:15:59.882 [JavaFX Application Thread] DEBUG LoopRunner           - Initializing JavaFX AnimationTimerLoop
11:15:59.884 [JavaFX Application Thread] DEBUG GameApplicationServi - Starting new game
11:15:59.884 [JavaFX Application Thread] DEBUG Input                - Clearing active input actions
11:15:59.898 [JavaFX Application Thread] DEBUG GameApplicationServi - Removing overlay from FXGLStartupScene and adding to FXGLLoadingScene
11:15:59.902 [JavaFX Application Thread] DEBUG PrimaryStageWindow   - FXGLStartupScene -> FXGLLoadingScene
11:15:59.902 [JavaFX Application Thread] DEBUG GameApplicationServi - Clearing previous game
11:15:59.902 [JavaFX Application Thread] DEBUG GameScene            - Clearing game scene
11:15:59.902 [JavaFX Application Thread] DEBUG GameWorld            - Clearing game world
11:15:59.902 [JavaFX Application Thread] DEBUG PhysicsWorld         - Clearing physics world
11:15:59.905 [FXGL Background Thread 4 ] DEBUG FXGLApplication      - Initializing game
11:15:59.929 [FXGL Background Thread 4 ] WARN  TMXLevelLoader       - TiledMap generated from 1.12.0. Supported version: 1.9.0. Some features may not be parsed fully.
11:15:59.960 [FXGL Background Thread 4 ] DEBUG TMXLevelLoader       - Parsed TiledMap: file:/D:/GameDevelop/Project1/target/classes/assets/levels/Main_level.tmx
11:15:59.961 [FXGL Background Thread 4 ] DEBUG TMXLevelLoader       - Creating tile layer entities
11:15:59.963 [FXGL Background Thread 4 ] DEBUG TilesetLoader        - Loading view for layer BackgroundLayer
11:15:59.967 [FXGL Background Thread 4 ] DEBUG TilesetLoader        - Created buffer with size 3520.0x2048.0
11:16:00.021 [FXGL Background Thread 4 ] DEBUG TilesetLoader        - Loading view for layer DecorationLayer
11:16:00.026 [FXGL Background Thread 4 ] DEBUG TilesetLoader        - Created buffer with size 3520.0x2048.0
11:16:00.053 [FXGL Background Thread 4 ] DEBUG TilesetLoader        - Loading view for layer OverheadLayer
11:16:00.058 [FXGL Background Thread 4 ] DEBUG TilesetLoader        - Created buffer with size 3520.0x2048.0
11:16:00.060 [FXGL Background Thread 4 ] DEBUG TMXLevelLoader       - Creating object layer entities
11:16:00.074 [FXGL Background Thread 4 ] DEBUG FXGLAssetLoaderServi - Loading from file system: file:/D:/GameDevelop/Project1/target/classes/assets/textures/Player/Carry_Idle/Carry_Idle_Down-Sheet.png
11:16:00.076 [FXGL Background Thread 4 ] DEBUG FXGLAssetLoaderServi - Loading from file system: file:/D:/GameDevelop/Project1/target/classes/assets/textures/Player/Carry_Idle/Carry_Idle_Up-Sheet.png
11:16:00.076 [JavaFX Application Thread] DEBUG FXGLApplication      - Registering font factories with UI factory
11:16:00.077 [FXGL Background Thread 4 ] DEBUG FXGLAssetLoaderServi - Loading from file system: file:/D:/GameDevelop/Project1/target/classes/assets/textures/Player/Carry_Idle/Carry_Idle_Side-Sheet.png
11:16:00.078 [FXGL Background Thread 4 ] DEBUG FXGLAssetLoaderServi - Loading from file system: file:/D:/GameDevelop/Project1/target/classes/assets/textures/Player/Carry_Walk/Carry_Walk_Down-Sheet.png
11:16:00.080 [FXGL Background Thread 4 ] DEBUG FXGLAssetLoaderServi - Loading from file system: file:/D:/GameDevelop/Project1/target/classes/assets/textures/Player/Carry_Walk/Carry_Walk_Up-Sheet.png
11:16:00.081 [FXGL Background Thread 4 ] DEBUG FXGLAssetLoaderServi - Loading from file system: file:/D:/GameDevelop/Project1/target/classes/assets/textures/Player/Carry_Walk/Carry_Walk_Side-Sheet.png
11:16:00.083 [FXGL Background Thread 4 ] DEBUG FXGLAssetLoaderServi - Loading from file system: file:/D:/GameDevelop/Project1/target/classes/assets/textures/Player/Carry_Run/Carry_Run_Down-Sheet.png
11:16:00.084 [FXGL Background Thread 4 ] DEBUG FXGLAssetLoaderServi - Loading from file system: file:/D:/GameDevelop/Project1/target/classes/assets/textures/Player/Carry_Run/Carry_Run_Up-Sheet.png
11:16:00.085 [FXGL Background Thread 4 ] DEBUG FXGLAssetLoaderServi - Loading from file system: file:/D:/GameDevelop/Project1/target/classes/assets/textures/Player/Carry_Run/Carry_Run_Side-Sheet.png
11:16:00.186 [FXGL Background Thread 4 ] DEBUG GameWorld            - Clearing removable entities
11:16:00.186 [FXGL Background Thread 4 ] DEBUG GameWorld            - Setting level: com.almasb.fxgl.entity.level.Level@3b82bfa9
11:16:00.241 [FXGL Background Thread 4 ] DEBUG FXGLAssetLoaderServi - Loading from file system: file:/D:/GameDevelop/Project1/target/classes/assets/textures/Crops/soil_1.png
11:16:00.245 [FXGL Background Thread 4 ] DEBUG FXGLAssetLoaderServi - Loading from file system: file:/D:/GameDevelop/Project1/target/classes/assets/textures/Crops/rice_1.png
11:16:00.249 [FXGL Background Thread 4 ] DEBUG FXGLAssetLoaderServi - Loading from file system: file:/D:/GameDevelop/Project1/target/classes/assets/textures/Crops/rice_3.png
11:16:00.252 [FXGL Background Thread 4 ] DEBUG FXGLAssetLoaderServi - Loading from file system: file:/D:/GameDevelop/Project1/target/classes/assets/textures/Crops/soil_2.png
11:16:00.255 [FXGL Background Thread 4 ] DEBUG FXGLAssetLoaderServi - Loading from file system: file:/D:/GameDevelop/Project1/target/classes/assets/textures/UI/heart_sprite.png
11:16:00.257 [FXGL Background Thread 4 ] INFO  FXGLApplication      - Game initialization took: 0.353 sec
11:16:00.259 [JavaFX Application Thread] DEBUG Input                - Clearing active input actions
11:16:00.273 [JavaFX Application Thread] DEBUG GameApplicationServi - Removing overlay from FXGLLoadingScene and adding to GameScene
11:16:00.276 [JavaFX Application Thread] DEBUG PrimaryStageWindow   - FXGLLoadingScene -> GameScene
11:16:02.825 [FXGL Background Thread 3 ] DEBUG Engine               - Logging environment variables
11:16:02.826 [FXGL Background Thread 3 ] DEBUG Engine               - achievements: []
11:16:02.826 [FXGL Background Thread 3 ] DEBUG Engine               - actualHeight: 720.0
11:16:02.826 [FXGL Background Thread 3 ] DEBUG Engine               - actualHeightProperty: ReadOnlyDoubleProperty [value: 720.0]
11:16:02.826 [FXGL Background Thread 3 ] DEBUG Engine               - actualWidth: 1280.0
11:16:02.826 [FXGL Background Thread 3 ] DEBUG Engine               - actualWidthProperty: ReadOnlyDoubleProperty [value: 1280.0]
11:16:02.826 [FXGL Background Thread 3 ] DEBUG Engine               - appIcon: fxgl_icon.png
11:16:02.826 [FXGL Background Thread 3 ] DEBUG Engine               - applicationMode: DEVELOPER
11:16:02.826 [FXGL Background Thread 3 ] DEBUG Engine               - cSSList: [fxgl_dark.css]
11:16:02.826 [FXGL Background Thread 3 ] DEBUG Engine               - collisionDetectionStrategy: BRUTE_FORCE
11:16:02.826 [FXGL Background Thread 3 ] DEBUG Engine               - configClass: Optional.empty
11:16:02.826 [FXGL Background Thread 3 ] DEBUG Engine               - credits: []
11:16:02.826 [FXGL Background Thread 3 ] DEBUG Engine               - defaultCursor: CursorInfo(imageName=fxgl_default_cursor.png, hotspotX=7.0, hotspotY=6.0)
11:16:02.827 [FXGL Background Thread 3 ] DEBUG Engine               - devBBoxColorProperty: ObjectProperty [value: 0xff0000ff]
11:16:02.827 [FXGL Background Thread 3 ] DEBUG Engine               - devEnableDebugCameraProperty: BooleanProperty [value: false]
11:16:02.827 [FXGL Background Thread 3 ] DEBUG Engine               - devSensorColorProperty: ObjectProperty [value: 0xffff00ff]
11:16:02.827 [FXGL Background Thread 3 ] DEBUG Engine               - devShowBBoxProperty: BooleanProperty [value: false]
11:16:02.827 [FXGL Background Thread 3 ] DEBUG Engine               - devShowPositionProperty: BooleanProperty [value: false]
11:16:02.827 [FXGL Background Thread 3 ] DEBUG Engine               - enabledMenuItems: []
11:16:02.827 [FXGL Background Thread 3 ] DEBUG Engine               - engineServices: [class com.almasb.fxgl.app.services.FXGLAssetLoaderService, class com.almasb.fxgl.app.FXGLApplication$GameApplicationService, class com.almasb.fxgl.app.services.FXGLDialogService, class com.almasb.fxgl.app.services.IOTaskExecutorService, class com.almasb.fxgl.io.FileSystemService, class com.almasb.fxgl.localization.LocalizationService, class com.almasb.fxgl.app.services.SystemBundleService, class com.almasb.fxgl.profile.SaveLoadService, class com.almasb.fxgl.ui.FXGLUIFactoryServiceProvider, class com.almasb.fxgl.ui.FXGLDialogFactoryServiceProvider, class com.almasb.fxgl.audio.AudioPlayer, class com.almasb.fxgl.notification.impl.NotificationServiceProvider, class com.almasb.fxgl.achievement.AchievementService, class com.almasb.fxgl.cutscene.CutsceneService, class com.almasb.fxgl.minigames.MiniGameService, class com.almasb.fxgl.net.NetService, class com.almasb.fxgl.app.services.UpdaterService, class com.almasb.fxgl.dev.DevService]
11:16:02.827 [FXGL Background Thread 3 ] DEBUG Engine               - fontGame: Abel-Regular.ttf
11:16:02.827 [FXGL Background Thread 3 ] DEBUG Engine               - fontMono: TerminalLandMono-Regular.otf
11:16:02.827 [FXGL Background Thread 3 ] DEBUG Engine               - fontSizeScaleUI: 1.0
11:16:02.827 [FXGL Background Thread 3 ] DEBUG Engine               - fontText: Courier-Prime.ttf
11:16:02.827 [FXGL Background Thread 3 ] DEBUG Engine               - fontUI: VarelaRound-Regular.ttf
11:16:02.827 [FXGL Background Thread 3 ] DEBUG Engine               - fpsRefreshRate: 500.0 ms
11:16:02.827 [FXGL Background Thread 3 ] DEBUG Engine               - fullScreen: BooleanProperty [value: false]
11:16:02.827 [FXGL Background Thread 3 ] DEBUG Engine               - gameDifficulty: MEDIUM
11:16:02.827 [FXGL Background Thread 3 ] DEBUG Engine               - gameDifficultyProperty: ObjectProperty [value: MEDIUM]
11:16:02.827 [FXGL Background Thread 3 ] DEBUG Engine               - globalMusicVolume: 0.5
11:16:02.827 [FXGL Background Thread 3 ] DEBUG Engine               - globalMusicVolumeProperty: DoubleProperty [value: 0.5]
11:16:02.827 [FXGL Background Thread 3 ] DEBUG Engine               - globalSoundVolume: 0.5
11:16:02.827 [FXGL Background Thread 3 ] DEBUG Engine               - globalSoundVolumeProperty: DoubleProperty [value: 0.5]
11:16:02.827 [FXGL Background Thread 3 ] DEBUG Engine               - height: 720
11:16:02.827 [FXGL Background Thread 3 ] DEBUG Engine               - is3D: false
11:16:02.827 [FXGL Background Thread 3 ] DEBUG Engine               - isAndroid: false
11:16:02.827 [FXGL Background Thread 3 ] DEBUG Engine               - isBrowser: false
11:16:02.827 [FXGL Background Thread 3 ] DEBUG Engine               - isClickFeedbackEnabled: false
11:16:02.827 [FXGL Background Thread 3 ] DEBUG Engine               - isCloseConfirmation: false
11:16:02.827 [FXGL Background Thread 3 ] DEBUG Engine               - isDesktop: true
11:16:02.827 [FXGL Background Thread 3 ] DEBUG Engine               - isDeveloperMenuEnabled: true
11:16:02.827 [FXGL Background Thread 3 ] DEBUG Engine               - isEmbedded: false
11:16:02.827 [FXGL Background Thread 3 ] DEBUG Engine               - isEntityPreloadEnabled: true
11:16:02.827 [FXGL Background Thread 3 ] DEBUG Engine               - isExperimentalTiledLargeMap: false
11:16:02.827 [FXGL Background Thread 3 ] DEBUG Engine               - isFileSystemWriteAllowed: true
11:16:02.827 [FXGL Background Thread 3 ] DEBUG Engine               - isFullScreenAllowed: false
11:16:02.827 [FXGL Background Thread 3 ] DEBUG Engine               - isFullScreenFromStart: false
11:16:02.827 [FXGL Background Thread 3 ] DEBUG Engine               - isGameMenuEnabled: true
11:16:02.827 [FXGL Background Thread 3 ] DEBUG Engine               - isIOS: false
11:16:02.827 [FXGL Background Thread 3 ] DEBUG Engine               - isIntroEnabled: false
11:16:02.827 [FXGL Background Thread 3 ] DEBUG Engine               - isLinux: false
11:16:02.827 [FXGL Background Thread 3 ] DEBUG Engine               - isMac: false
11:16:02.827 [FXGL Background Thread 3 ] DEBUG Engine               - isMainMenuEnabled: false
11:16:02.828 [FXGL Background Thread 3 ] DEBUG Engine               - isManualResizeEnabled: false
11:16:02.828 [FXGL Background Thread 3 ] DEBUG Engine               - isMobile: false
11:16:02.828 [FXGL Background Thread 3 ] DEBUG Engine               - isNative: false
11:16:02.828 [FXGL Background Thread 3 ] DEBUG Engine               - isPauseMusicWhenMinimized: true
11:16:02.828 [FXGL Background Thread 3 ] DEBUG Engine               - isPreserveResizeRatio: false
11:16:02.828 [FXGL Background Thread 3 ] DEBUG Engine               - isProfilingEnabled: false
11:16:02.828 [FXGL Background Thread 3 ] DEBUG Engine               - isScaleAffectedOnResize: true
11:16:02.828 [FXGL Background Thread 3 ] DEBUG Engine               - isSingleStep: false
11:16:02.828 [FXGL Background Thread 3 ] DEBUG Engine               - isUserProfileEnabled: false
11:16:02.828 [FXGL Background Thread 3 ] DEBUG Engine               - isWindows: true
11:16:02.828 [FXGL Background Thread 3 ] DEBUG Engine               - language: ObjectProperty [value: ENGLISH]
11:16:02.828 [FXGL Background Thread 3 ] DEBUG Engine               - menuKey: ESCAPE
11:16:02.828 [FXGL Background Thread 3 ] DEBUG Engine               - mouseSensitivity: 0.2
11:16:02.828 [FXGL Background Thread 3 ] DEBUG Engine               - notificationViewClass: class com.almasb.fxgl.notification.view.XboxNotificationView
11:16:02.828 [FXGL Background Thread 3 ] DEBUG Engine               - pixelsPerMeter: 50.0
11:16:02.828 [FXGL Background Thread 3 ] DEBUG Engine               - platform: WINDOWS
11:16:02.828 [FXGL Background Thread 3 ] DEBUG Engine               - prefHeightProperty: ReadOnlyDoubleProperty [value: 720.0]
11:16:02.828 [FXGL Background Thread 3 ] DEBUG Engine               - prefWidthProperty: ReadOnlyDoubleProperty [value: 1280.0]
11:16:02.828 [FXGL Background Thread 3 ] DEBUG Engine               - profileDir: profiles/
11:16:02.828 [FXGL Background Thread 3 ] DEBUG Engine               - profileName: StringProperty [value: DEFAULT]
11:16:02.828 [FXGL Background Thread 3 ] DEBUG Engine               - randomSeed: -1
11:16:02.828 [FXGL Background Thread 3 ] DEBUG Engine               - runtimeInfo: RuntimeInfo(platform=WINDOWS, version=25, build=05.02.2026 22.57)
11:16:02.828 [FXGL Background Thread 3 ] DEBUG Engine               - saveFileExt: sav
11:16:02.828 [FXGL Background Thread 3 ] DEBUG Engine               - scaledHeightProp$fxgl: DoubleProperty [bound, value: 720.0]
11:16:02.828 [FXGL Background Thread 3 ] DEBUG Engine               - scaledWidthProp$fxgl: DoubleProperty [bound, value: 1280.0]
11:16:02.828 [FXGL Background Thread 3 ] DEBUG Engine               - sceneFactory: com.almasb.fxgl.app.scene.SceneFactory@1a1c28e6
11:16:02.828 [FXGL Background Thread 3 ] DEBUG Engine               - secondsIn24h: 60
11:16:02.828 [FXGL Background Thread 3 ] DEBUG Engine               - soundMenuBack: menu/back.wav
11:16:02.828 [FXGL Background Thread 3 ] DEBUG Engine               - soundMenuPress: menu/press.wav
11:16:02.828 [FXGL Background Thread 3 ] DEBUG Engine               - soundMenuSelect: menu/select.wav
11:16:02.828 [FXGL Background Thread 3 ] DEBUG Engine               - soundNotification: core/notification.wav
11:16:02.828 [FXGL Background Thread 3 ] DEBUG Engine               - stageStyle: DECORATED
11:16:02.828 [FXGL Background Thread 3 ] DEBUG Engine               - supportedLanguages: [ENGLISH, FRENCH, GERMAN, HUNGARIAN, RUSSIAN]
11:16:02.828 [FXGL Background Thread 3 ] DEBUG Engine               - ticksPerSecond: -1
11:16:02.828 [FXGL Background Thread 3 ] DEBUG Engine               - title: Untitled
11:16:02.828 [FXGL Background Thread 3 ] DEBUG Engine               - urlGithub: https://github.com/AlmasB/FXGL
11:16:02.828 [FXGL Background Thread 3 ] DEBUG Engine               - urlLeaderboard: http://fxgl-top.herokuapp.com/
11:16:02.828 [FXGL Background Thread 3 ] DEBUG Engine               - urlPOM: https://raw.githubusercontent.com/AlmasB/FXGL/release/README.md
11:16:02.828 [FXGL Background Thread 3 ] DEBUG Engine               - userAppClass: class Project1Game.Main
11:16:02.828 [FXGL Background Thread 3 ] DEBUG Engine               - version: 0.0
11:16:02.830 [FXGL Background Thread 3 ] DEBUG Engine               - versionCheckDays: 7
11:16:02.830 [FXGL Background Thread 3 ] DEBUG Engine               - width: 1280
11:16:02.830 [FXGL Background Thread 3 ] DEBUG Engine               - Logging services
11:16:02.830 [FXGL Background Thread 3 ] DEBUG Engine               - class com.almasb.fxgl.app.services.FXGLAssetLoaderService
11:16:02.830 [FXGL Background Thread 3 ] DEBUG Engine               - class com.almasb.fxgl.app.FXGLApplication$GameApplicationService
11:16:02.830 [FXGL Background Thread 3 ] DEBUG Engine               - class com.almasb.fxgl.app.services.FXGLDialogService
11:16:02.830 [FXGL Background Thread 3 ] DEBUG Engine               - class com.almasb.fxgl.app.services.IOTaskExecutorService
11:16:02.830 [FXGL Background Thread 3 ] DEBUG Engine               - class com.almasb.fxgl.io.FileSystemService
11:16:02.830 [FXGL Background Thread 3 ] DEBUG Engine               - class com.almasb.fxgl.localization.LocalizationService
11:16:02.830 [FXGL Background Thread 3 ] DEBUG Engine               - class com.almasb.fxgl.app.services.SystemBundleService
11:16:02.830 [FXGL Background Thread 3 ] DEBUG Engine               - class com.almasb.fxgl.profile.SaveLoadService
11:16:02.830 [FXGL Background Thread 3 ] DEBUG Engine               - class com.almasb.fxgl.ui.FXGLUIFactoryServiceProvider
11:16:02.830 [FXGL Background Thread 3 ] DEBUG Engine               - class com.almasb.fxgl.ui.FXGLDialogFactoryServiceProvider
11:16:02.830 [FXGL Background Thread 3 ] DEBUG Engine               - class com.almasb.fxgl.audio.AudioPlayer
11:16:02.830 [FXGL Background Thread 3 ] DEBUG Engine               - class com.almasb.fxgl.notification.impl.NotificationServiceProvider
11:16:02.830 [FXGL Background Thread 3 ] DEBUG Engine               - class com.almasb.fxgl.achievement.AchievementService
11:16:02.830 [FXGL Background Thread 3 ] DEBUG Engine               - class com.almasb.fxgl.cutscene.CutsceneService
11:16:02.830 [FXGL Background Thread 3 ] DEBUG Engine               - class com.almasb.fxgl.minigames.MiniGameService
11:16:02.830 [FXGL Background Thread 3 ] DEBUG Engine               - class com.almasb.fxgl.net.NetService
11:16:02.830 [FXGL Background Thread 3 ] DEBUG Engine               - class com.almasb.fxgl.app.services.UpdaterService
11:16:02.830 [FXGL Background Thread 3 ] DEBUG Engine               - class com.almasb.fxgl.dev.DevService
11:16:11.881 [JavaFX Application Thread] DEBUG FXGLAssetLoaderServi - Loading from file system: file:/D:/GameDevelop/Project1/target/classes/assets/textures/Crops/vectoraith_tileset_farmingsims_crops_dense_spring_32x32.png
11:17:00.356 [JavaFX Application Thread] DEBUG LoopRunner           - Pausing loop
11:17:17.590 [JavaFX Application Thread] DEBUG LoopRunner           - Resuming loop
11:17:25.385 [JavaFX Application Thread] DEBUG LoopRunner           - Pausing loop
11:18:44.333 [JavaFX Application Thread] DEBUG LoopRunner           - Resuming loop
11:18:44.777 [JavaFX Application Thread] DEBUG LoopRunner           - Pausing loop
11:18:48.829 [JavaFX Application Thread] DEBUG FXGLApplication      - Exiting FXGL
11:18:48.830 [JavaFX Application Thread] DEBUG LoopRunner           - Stopping loop
11:18:48.830 [JavaFX Application Thread] DEBUG SystemBundleService  - Saving FXGL system data
11:18:48.834 [JavaFX Application Thread] DEBUG FileSystemAccess     - Writing to: D:\GameDevelop\Project1\system\fxgl.bundle
11:18:48.835 [JavaFX Application Thread] DEBUG Async                - Shutting down background threads
11:18:48.836 [JavaFX Application Thread] DEBUG PrimaryStageWindow   - Closing main window
11:18:48.846 [JavaFX Application Thread] DEBUG Logger               - Closing Logger
