10:40:18.645 [main                     ] DEBUG Logger               - Configured Logger
10:40:18.648 [main                     ] DEBUG GameApplication      - Logging settings
Title: Untitled
Version: 0.0
Width: 1920
Height: 1080
Fullscreen: true
Intro: false
Profiling: false
Single step:false
App Mode: DEVELOPER
Menu Key: ESCAPE
Stage Style: DECORATED
Scene Factory: class com.almasb.fxgl.app.scene.SceneFactory

10:40:19.096 [JavaFX Application Thread] DEBUG FXGLApplication      - Initializing FXGL
10:40:19.100 [JavaFX Application Thread] INFO  Engine               - FXGL-25 (05.02.2026 22.57) on WINDOWS (J:25.0.1 FX:25.0.1)
10:40:19.101 [JavaFX Application Thread] DEBUG Engine               - JRE Vendor Name: Oracle Corporation
10:40:19.101 [JavaFX Application Thread] DEBUG Engine               - Running on OS: Windows 11 version 10.0
10:40:19.101 [JavaFX Application Thread] DEBUG Engine               - Architecture: amd64
10:40:19.101 [JavaFX Application Thread] INFO  Engine               - Source code and latest versions at: https://github.com/AlmasB/FXGL
10:40:19.101 [JavaFX Application Thread] INFO  Engine               -       Ask questions and discuss at: https://github.com/AlmasB/FXGL/discussions
10:40:19.203 [JavaFX Application Thread] DEBUG PrimaryStageWindow   - Creating a JavaFX scene
10:40:19.203 [JavaFX Application Thread] DEBUG PrimaryStageWindow   - Target size > screen size
10:40:19.249 [JavaFX Application Thread] DEBUG PrimaryStageWindow   - Target settings size: 1920.0 x 1080.0
10:40:19.249 [JavaFX Application Thread] DEBUG PrimaryStageWindow   - Scaled scene size:    1511.0 x 864.0
10:40:19.249 [JavaFX Application Thread] DEBUG PrimaryStageWindow   - Scaled ratio: (0.7869791666666667, 0.8)
10:40:19.250 [JavaFX Application Thread] DEBUG PrimaryStageWindow   - Set initial scene to FXGLStartupScene
10:40:19.255 [JavaFX Application Thread] DEBUG PrimaryStageWindow   - Opening main window
10:40:19.581 [JavaFX Application Thread] DEBUG PrimaryStageWindow   - Window border size: (14.5999755859375, 37.5999755859375)
10:40:19.581 [JavaFX Application Thread] DEBUG PrimaryStageWindow   - Scaled size: 1511.0 x 864.0
10:40:19.582 [JavaFX Application Thread] DEBUG PrimaryStageWindow   - Scaled ratio: (0.7869791666666667, 0.8)
10:40:19.582 [JavaFX Application Thread] DEBUG PrimaryStageWindow   - Scene size: 1511.0 x 864.0
10:40:19.582 [JavaFX Application Thread] DEBUG PrimaryStageWindow   - Stage size: 1525.5999755859375 x 901.5999755859375
10:40:19.588 [FXGL Background Thread 1 ] DEBUG Engine               - Initializing environment variables
10:40:19.637 [FXGL Background Thread 1 ] DEBUG FXGLAssetLoaderServi - User app class for loading assets: class Project1Game.Main
10:40:19.637 [FXGL Background Thread 1 ] DEBUG GameApplicationServi - Applying CSS: fxgl_dark.css
10:40:19.638 [FXGL Background Thread 1 ] DEBUG FXGLAssetLoaderServi - Loading from file system: jar:file:/C:/Users/Admin/.m2/repository/com/github/almasb/fxgl/25/fxgl-25.jar!/fxglassets/ui/css/fxgl_dark.css
10:40:19.683 [FXGL Background Thread 1 ] DEBUG GameApplicationServi - Initializing application scenes
10:40:19.721 [FXGL Background Thread 1 ] DEBUG GameWorld            - Game world initialized
10:40:19.770 [FXGL Background Thread 1 ] DEBUG PhysicsWorld         - Physics world initialized: appHeight=1080, physics.ppm=50.0
10:40:19.770 [FXGL Background Thread 1 ] DEBUG PhysicsWorld         - Using strategy: BRUTE_FORCE
10:40:19.776 [FXGL Background Thread 1 ] DEBUG GameScene            - Game scene initialized: 1920x1080
10:40:19.787 [FXGL Background Thread 1 ] DEBUG FXGL.DefaultMenu     - createMenuBodyGameMenu()
10:40:19.804 [FXGL Background Thread 1 ] DEBUG FXGL.DefaultMenu     - createOptionsMenu()
10:40:19.813 [FXGL Background Thread 1 ] DEBUG FXGLAssetLoaderServi - Loading from file system: jar:file:/C:/Users/Admin/.m2/repository/com/github/almasb/fxgl/25/fxgl-25.jar!/fxglassets/textures/particles/smoke.png
10:40:19.888 [FXGL Background Thread 1 ] DEBUG FXGLAssetLoaderServi - Loading from file system: jar:file:/C:/Users/Admin/.m2/repository/com/github/almasb/fxgl/25/fxgl-25.jar!/fxglassets/textures/particles/trace_horizontal.png
10:40:19.915 [FXGL Background Thread 1 ] DEBUG GameApplicationServi - Application scenes initialized
10:40:19.926 [FXGL Background Thread 1 ] DEBUG SystemBundleService  - Loading FXGL system data
10:40:19.927 [FXGL Background Thread 1 ] DEBUG FileSystemAccess     - Reading from: D:\GameDevelop\Project1\system\fxgl.bundle
10:40:19.930 [FXGL Background Thread 1 ] DEBUG SystemBundleService  - Bundle FXGL: {}
10:40:19.930 [FXGL Background Thread 1 ] DEBUG UpdaterService       - Checking for updates
10:40:19.964 [FXGL Background Thread 4 ] DEBUG FXGLApplication      - Loading fonts
10:40:19.964 [FXGL Background Thread 4 ] DEBUG FXGLAssetLoaderServi - Loading from file system: jar:file:/C:/Users/Admin/.m2/repository/com/github/almasb/fxgl/25/fxgl-25.jar!/fxglassets/ui/fonts/VarelaRound-Regular.ttf
10:40:19.964 [FXGL Background Thread 1 ] DEBUG FXGLApplication      - Loading default localization
10:40:19.965 [FXGL Background Thread 1 ] DEBUG FXGLAssetLoaderServi - Loading from file system: jar:file:/C:/Users/Admin/.m2/repository/com/github/almasb/fxgl/25/fxgl-25.jar!/fxglassets/languages/english.lang
10:40:19.977 [FXGL Background Thread 1 ] INFO  FXGLApplication      - FXGL initialization took: 0.389 sec
10:40:19.983 [FXGL Background Thread 4 ] DEBUG FXGLAssetLoaderServi - Loading from file system: jar:file:/C:/Users/Admin/.m2/repository/com/github/almasb/fxgl/25/fxgl-25.jar!/fxglassets/ui/fonts/Abel-Regular.ttf
10:40:19.985 [JavaFX Application Thread] DEBUG Input                - Registered new binding: Move Right - D
10:40:19.986 [JavaFX Application Thread] DEBUG Input                - Registered new binding: Move Left - A
10:40:19.986 [JavaFX Application Thread] DEBUG Input                - Registered new binding: Move Up - W
10:40:19.986 [JavaFX Application Thread] DEBUG Input                - Registered new binding: Move Down - S
10:40:19.987 [JavaFX Application Thread] DEBUG Input                - Registered new binding: action0 - F
10:40:19.987 [JavaFX Application Thread] DEBUG Input                - Registered new binding: action1 - E
10:40:19.987 [JavaFX Application Thread] DEBUG Input                - Registered new binding: action2 - 1
10:40:19.988 [JavaFX Application Thread] DEBUG Input                - Registered new binding: action3 - 2
10:40:19.988 [JavaFX Application Thread] DEBUG Input                - Registered new binding: action4 - 3
10:40:19.988 [JavaFX Application Thread] DEBUG Input                - Registered new binding: action5 - 4
10:40:19.988 [JavaFX Application Thread] DEBUG Input                - Registered new binding: action6 - Q
10:40:19.988 [JavaFX Application Thread] DEBUG Input                - Registered new binding: action7 - Tab
10:40:19.989 [JavaFX Application Thread] DEBUG FXGLAssetLoaderServi - Loading from file system: jar:file:/C:/Users/Admin/.m2/repository/com/github/almasb/fxgl/25/fxgl-25.jar!/fxglassets/textures/fxgl_icon.png
10:40:19.995 [FXGL Background Thread 4 ] DEBUG FXGLAssetLoaderServi - Loading from file system: jar:file:/C:/Users/Admin/.m2/repository/com/github/almasb/fxgl/25/fxgl-25.jar!/fxglassets/ui/fonts/TerminalLandMono-Regular.otf
10:40:20.008 [FXGL Background Thread 4 ] DEBUG FXGLAssetLoaderServi - Loading from file system: jar:file:/C:/Users/Admin/.m2/repository/com/github/almasb/fxgl/25/fxgl-25.jar!/fxglassets/ui/fonts/Courier-Prime.ttf
10:40:20.008 [JavaFX Application Thread] DEBUG FXGLAssetLoaderServi - Loading from file system: jar:file:/C:/Users/Admin/.m2/repository/com/github/almasb/fxgl/25/fxgl-25.jar!/fxglassets/textures/fxgl_default_cursor.png
10:40:20.011 [JavaFX Application Thread] DEBUG Input                - Registered new binding: Screenshot - CTRL+8
10:40:20.011 [JavaFX Application Thread] DEBUG Input                - Registered new binding: Dev Options - 1
10:40:20.011 [JavaFX Application Thread] DEBUG Input                - Registered new binding: Dev Console - 2
10:40:20.012 [JavaFX Application Thread] DEBUG Input                - Registered new binding: System info dump - CTRL+9
10:40:20.012 [JavaFX Application Thread] DEBUG Input                - Registered new binding: Restart - CTRL+R
10:40:20.013 [JavaFX Application Thread] DEBUG Input                - Registered new binding: Toggle Debug Camera - CTRL+7
10:40:20.016 [JavaFX Application Thread] DEBUG LoopRunner           - Starting loop
10:40:20.029 [JavaFX Application Thread] DEBUG LoopRunner           - Initializing JavaFX AnimationTimerLoop
10:40:20.031 [JavaFX Application Thread] DEBUG GameApplicationServi - Starting new game
10:40:20.032 [JavaFX Application Thread] DEBUG Input                - Clearing active input actions
10:40:20.043 [JavaFX Application Thread] DEBUG GameApplicationServi - Removing overlay from FXGLStartupScene and adding to FXGLLoadingScene
10:40:20.045 [JavaFX Application Thread] DEBUG PrimaryStageWindow   - FXGLStartupScene -> FXGLLoadingScene
10:40:20.045 [JavaFX Application Thread] DEBUG GameApplicationServi - Clearing previous game
10:40:20.045 [JavaFX Application Thread] DEBUG GameScene            - Clearing game scene
10:40:20.045 [JavaFX Application Thread] DEBUG GameWorld            - Clearing game world
10:40:20.045 [JavaFX Application Thread] DEBUG PhysicsWorld         - Clearing physics world
10:40:20.047 [JavaFX Application Thread] DEBUG FXGLApplication      - Registering font factories with UI factory
10:40:20.047 [FXGL Background Thread 4 ] DEBUG FXGLApplication      - Initializing game
10:40:20.060 [FXGL Background Thread 4 ] WARN  FXGLAssetLoaderServi - Asset "/assets/textures/java.awt.Rectangle[x=0,y=0,width=0,height=0]" was not found!
10:40:20.060 [FXGL Background Thread 4 ] WARN  FXGLAssetLoaderServi - Failed to load IMAGE
10:40:20.342 [FXGL Background Thread 4 ] WARN  TMXLevelLoader       - TiledMap generated from 1.12.0. Supported version: 1.9.0. Some features may not be parsed fully.
10:40:20.364 [FXGL Background Thread 4 ] DEBUG TMXLevelLoader       - Parsed TiledMap: file:/D:/GameDevelop/Project1/target/classes/assets/levels/level2.tmx
10:40:20.364 [FXGL Background Thread 4 ] DEBUG TMXLevelLoader       - Creating tile layer entities
10:40:20.367 [FXGL Background Thread 4 ] DEBUG TilesetLoader        - Loading view for layer Ground
10:40:20.368 [FXGL Background Thread 4 ] DEBUG TilesetLoader        - Created buffer with size 1920.0x1088.0
10:40:20.390 [FXGL Background Thread 4 ] DEBUG TilesetLoader        - Loading view for layer Ground_deco
10:40:20.391 [FXGL Background Thread 4 ] DEBUG TilesetLoader        - Created buffer with size 1920.0x1088.0
10:40:20.394 [FXGL Background Thread 4 ] DEBUG TilesetLoader        - Loading view for layer Dirt_deco
10:40:20.395 [FXGL Background Thread 4 ] DEBUG TilesetLoader        - Created buffer with size 1920.0x1088.0
10:40:20.398 [FXGL Background Thread 4 ] DEBUG TilesetLoader        - Loading view for layer Water
10:40:20.401 [FXGL Background Thread 4 ] DEBUG TilesetLoader        - Created buffer with size 1920.0x1088.0
10:40:20.402 [FXGL Background Thread 4 ] DEBUG TilesetLoader        - Loading view for layer FloatDeco
10:40:20.404 [FXGL Background Thread 4 ] DEBUG TilesetLoader        - Created buffer with size 1920.0x1088.0
10:40:20.404 [FXGL Background Thread 4 ] DEBUG TMXLevelLoader       - Creating object layer entities
10:40:20.406 [FXGL Background Thread 4 ] DEBUG FXGLAssetLoaderServi - Loading from file system: file:/D:/GameDevelop/Project1/target/classes/assets/textures/Player.png
10:40:20.414 [FXGL Background Thread 4 ] DEBUG GameWorld            - Clearing removable entities
10:40:20.415 [FXGL Background Thread 4 ] DEBUG GameWorld            - Setting level: com.almasb.fxgl.entity.level.Level@21a038c8
10:40:20.420 [FXGL Background Thread 4 ] DEBUG FXGLAssetLoaderServi - Loading from file system: file:/D:/GameDevelop/Project1/target/classes/assets/textures/soil_1.png
10:40:20.424 [FXGL Background Thread 4 ] DEBUG FXGLAssetLoaderServi - Loading from file system: file:/D:/GameDevelop/Project1/target/classes/assets/textures/rice_1.png
10:40:20.425 [FXGL Background Thread 4 ] DEBUG FXGLAssetLoaderServi - Loading from file system: file:/D:/GameDevelop/Project1/target/classes/assets/textures/rice_3.png
10:40:20.426 [FXGL Background Thread 4 ] DEBUG FXGLAssetLoaderServi - Loading from file system: file:/D:/GameDevelop/Project1/target/classes/assets/textures/soil_2.png
10:40:20.427 [FXGL Background Thread 4 ] INFO  FXGLApplication      - Game initialization took: 0.380 sec
10:40:20.428 [JavaFX Application Thread] DEBUG Input                - Clearing active input actions
10:40:20.436 [JavaFX Application Thread] DEBUG GameApplicationServi - Removing overlay from FXGLLoadingScene and adding to GameScene
10:40:20.440 [JavaFX Application Thread] DEBUG PrimaryStageWindow   - FXGLLoadingScene -> GameScene
10:40:22.962 [FXGL Background Thread 3 ] DEBUG Engine               - Logging environment variables
10:40:22.962 [FXGL Background Thread 3 ] DEBUG Engine               - achievements: []
10:40:22.963 [FXGL Background Thread 3 ] DEBUG Engine               - actualHeight: 864.0
10:40:22.963 [FXGL Background Thread 3 ] DEBUG Engine               - actualHeightProperty: ReadOnlyDoubleProperty [value: 864.0]
10:40:22.963 [FXGL Background Thread 3 ] DEBUG Engine               - actualWidth: 1511.0
10:40:22.963 [FXGL Background Thread 3 ] DEBUG Engine               - actualWidthProperty: ReadOnlyDoubleProperty [value: 1511.0]
10:40:22.963 [FXGL Background Thread 3 ] DEBUG Engine               - appIcon: fxgl_icon.png
10:40:22.963 [FXGL Background Thread 3 ] DEBUG Engine               - applicationMode: DEVELOPER
10:40:22.963 [FXGL Background Thread 3 ] DEBUG Engine               - cSSList: [fxgl_dark.css]
10:40:22.963 [FXGL Background Thread 3 ] DEBUG Engine               - collisionDetectionStrategy: BRUTE_FORCE
10:40:22.963 [FXGL Background Thread 3 ] DEBUG Engine               - configClass: Optional.empty
10:40:22.963 [FXGL Background Thread 3 ] DEBUG Engine               - credits: []
10:40:22.963 [FXGL Background Thread 3 ] DEBUG Engine               - defaultCursor: CursorInfo(imageName=fxgl_default_cursor.png, hotspotX=7.0, hotspotY=6.0)
10:40:22.963 [FXGL Background Thread 3 ] DEBUG Engine               - devBBoxColorProperty: ObjectProperty [value: 0xff0000ff]
10:40:22.963 [FXGL Background Thread 3 ] DEBUG Engine               - devEnableDebugCameraProperty: BooleanProperty [value: false]
10:40:22.963 [FXGL Background Thread 3 ] DEBUG Engine               - devSensorColorProperty: ObjectProperty [value: 0xffff00ff]
10:40:22.964 [FXGL Background Thread 3 ] DEBUG Engine               - devShowBBoxProperty: BooleanProperty [value: false]
10:40:22.964 [FXGL Background Thread 3 ] DEBUG Engine               - devShowPositionProperty: BooleanProperty [value: false]
10:40:22.964 [FXGL Background Thread 3 ] DEBUG Engine               - enabledMenuItems: []
10:40:22.964 [FXGL Background Thread 3 ] DEBUG Engine               - engineServices: [class com.almasb.fxgl.app.services.FXGLAssetLoaderService, class com.almasb.fxgl.app.FXGLApplication$GameApplicationService, class com.almasb.fxgl.app.services.FXGLDialogService, class com.almasb.fxgl.app.services.IOTaskExecutorService, class com.almasb.fxgl.io.FileSystemService, class com.almasb.fxgl.localization.LocalizationService, class com.almasb.fxgl.app.services.SystemBundleService, class com.almasb.fxgl.profile.SaveLoadService, class com.almasb.fxgl.ui.FXGLUIFactoryServiceProvider, class com.almasb.fxgl.ui.FXGLDialogFactoryServiceProvider, class com.almasb.fxgl.audio.AudioPlayer, class com.almasb.fxgl.notification.impl.NotificationServiceProvider, class com.almasb.fxgl.achievement.AchievementService, class com.almasb.fxgl.cutscene.CutsceneService, class com.almasb.fxgl.minigames.MiniGameService, class com.almasb.fxgl.net.NetService, class com.almasb.fxgl.app.services.UpdaterService, class com.almasb.fxgl.dev.DevService]
10:40:22.964 [FXGL Background Thread 3 ] DEBUG Engine               - fontGame: Abel-Regular.ttf
10:40:22.964 [FXGL Background Thread 3 ] DEBUG Engine               - fontMono: TerminalLandMono-Regular.otf
10:40:22.964 [FXGL Background Thread 3 ] DEBUG Engine               - fontSizeScaleUI: 1.0
10:40:22.966 [FXGL Background Thread 3 ] DEBUG Engine               - fontText: Courier-Prime.ttf
10:40:22.966 [FXGL Background Thread 3 ] DEBUG Engine               - fontUI: VarelaRound-Regular.ttf
10:40:22.966 [FXGL Background Thread 3 ] DEBUG Engine               - fpsRefreshRate: 500.0 ms
10:40:22.966 [FXGL Background Thread 3 ] DEBUG Engine               - fullScreen: BooleanProperty [value: false]
10:40:22.966 [FXGL Background Thread 3 ] DEBUG Engine               - gameDifficulty: MEDIUM
10:40:22.966 [FXGL Background Thread 3 ] DEBUG Engine               - gameDifficultyProperty: ObjectProperty [value: MEDIUM]
10:40:22.966 [FXGL Background Thread 3 ] DEBUG Engine               - globalMusicVolume: 0.5
10:40:22.966 [FXGL Background Thread 3 ] DEBUG Engine               - globalMusicVolumeProperty: DoubleProperty [value: 0.5]
10:40:22.966 [FXGL Background Thread 3 ] DEBUG Engine               - globalSoundVolume: 0.5
10:40:22.966 [FXGL Background Thread 3 ] DEBUG Engine               - globalSoundVolumeProperty: DoubleProperty [value: 0.5]
10:40:22.966 [FXGL Background Thread 3 ] DEBUG Engine               - height: 1080
10:40:22.966 [FXGL Background Thread 3 ] DEBUG Engine               - is3D: false
10:40:22.966 [FXGL Background Thread 3 ] DEBUG Engine               - isAndroid: false
10:40:22.966 [FXGL Background Thread 3 ] DEBUG Engine               - isBrowser: false
10:40:22.966 [FXGL Background Thread 3 ] DEBUG Engine               - isClickFeedbackEnabled: false
10:40:22.966 [FXGL Background Thread 3 ] DEBUG Engine               - isCloseConfirmation: false
10:40:22.966 [FXGL Background Thread 3 ] DEBUG Engine               - isDesktop: true
10:40:22.966 [FXGL Background Thread 3 ] DEBUG Engine               - isDeveloperMenuEnabled: true
10:40:22.966 [FXGL Background Thread 3 ] DEBUG Engine               - isEmbedded: false
10:40:22.966 [FXGL Background Thread 3 ] DEBUG Engine               - isEntityPreloadEnabled: true
10:40:22.966 [FXGL Background Thread 3 ] DEBUG Engine               - isExperimentalTiledLargeMap: false
10:40:22.966 [FXGL Background Thread 3 ] DEBUG Engine               - isFileSystemWriteAllowed: true
10:40:22.966 [FXGL Background Thread 3 ] DEBUG Engine               - isFullScreenAllowed: true
10:40:22.966 [FXGL Background Thread 3 ] DEBUG Engine               - isFullScreenFromStart: false
10:40:22.966 [FXGL Background Thread 3 ] DEBUG Engine               - isGameMenuEnabled: true
10:40:22.966 [FXGL Background Thread 3 ] DEBUG Engine               - isIOS: false
10:40:22.966 [FXGL Background Thread 3 ] DEBUG Engine               - isIntroEnabled: false
10:40:22.966 [FXGL Background Thread 3 ] DEBUG Engine               - isLinux: false
10:40:22.966 [FXGL Background Thread 3 ] DEBUG Engine               - isMac: false
10:40:22.966 [FXGL Background Thread 3 ] DEBUG Engine               - isMainMenuEnabled: false
10:40:22.966 [FXGL Background Thread 3 ] DEBUG Engine               - isManualResizeEnabled: false
10:40:22.966 [FXGL Background Thread 3 ] DEBUG Engine               - isMobile: false
10:40:22.966 [FXGL Background Thread 3 ] DEBUG Engine               - isNative: false
10:40:22.966 [FXGL Background Thread 3 ] DEBUG Engine               - isPauseMusicWhenMinimized: true
10:40:22.966 [FXGL Background Thread 3 ] DEBUG Engine               - isPreserveResizeRatio: false
10:40:22.966 [FXGL Background Thread 3 ] DEBUG Engine               - isProfilingEnabled: false
10:40:22.966 [FXGL Background Thread 3 ] DEBUG Engine               - isScaleAffectedOnResize: true
10:40:22.966 [FXGL Background Thread 3 ] DEBUG Engine               - isSingleStep: false
10:40:22.966 [FXGL Background Thread 3 ] DEBUG Engine               - isUserProfileEnabled: false
10:40:22.967 [FXGL Background Thread 3 ] DEBUG Engine               - isWindows: true
10:40:22.967 [FXGL Background Thread 3 ] DEBUG Engine               - language: ObjectProperty [value: ENGLISH]
10:40:22.967 [FXGL Background Thread 3 ] DEBUG Engine               - menuKey: ESCAPE
10:40:22.967 [FXGL Background Thread 3 ] DEBUG Engine               - mouseSensitivity: 0.2
10:40:22.967 [FXGL Background Thread 3 ] DEBUG Engine               - notificationViewClass: class com.almasb.fxgl.notification.view.XboxNotificationView
10:40:22.967 [FXGL Background Thread 3 ] DEBUG Engine               - pixelsPerMeter: 50.0
10:40:22.967 [FXGL Background Thread 3 ] DEBUG Engine               - platform: WINDOWS
10:40:22.967 [FXGL Background Thread 3 ] DEBUG Engine               - prefHeightProperty: ReadOnlyDoubleProperty [value: 1080.0]
10:40:22.967 [FXGL Background Thread 3 ] DEBUG Engine               - prefWidthProperty: ReadOnlyDoubleProperty [value: 1920.0]
10:40:22.967 [FXGL Background Thread 3 ] DEBUG Engine               - profileDir: profiles/
10:40:22.967 [FXGL Background Thread 3 ] DEBUG Engine               - profileName: StringProperty [value: DEFAULT]
10:40:22.967 [FXGL Background Thread 3 ] DEBUG Engine               - randomSeed: -1
10:40:22.967 [FXGL Background Thread 3 ] DEBUG Engine               - runtimeInfo: RuntimeInfo(platform=WINDOWS, version=25, build=05.02.2026 22.57)
10:40:22.967 [FXGL Background Thread 3 ] DEBUG Engine               - saveFileExt: sav
10:40:22.967 [FXGL Background Thread 3 ] DEBUG Engine               - scaledHeightProp$fxgl: DoubleProperty [bound, value: 864.0]
10:40:22.967 [FXGL Background Thread 3 ] DEBUG Engine               - scaledWidthProp$fxgl: DoubleProperty [bound, value: 1511.0]
10:40:22.967 [FXGL Background Thread 3 ] DEBUG Engine               - sceneFactory: com.almasb.fxgl.app.scene.SceneFactory@1a3f7454
10:40:22.967 [FXGL Background Thread 3 ] DEBUG Engine               - secondsIn24h: 60
10:40:22.967 [FXGL Background Thread 3 ] DEBUG Engine               - soundMenuBack: menu/back.wav
10:40:22.967 [FXGL Background Thread 3 ] DEBUG Engine               - soundMenuPress: menu/press.wav
10:40:22.967 [FXGL Background Thread 3 ] DEBUG Engine               - soundMenuSelect: menu/select.wav
10:40:22.967 [FXGL Background Thread 3 ] DEBUG Engine               - soundNotification: core/notification.wav
10:40:22.967 [FXGL Background Thread 3 ] DEBUG Engine               - stageStyle: DECORATED
10:40:22.967 [FXGL Background Thread 3 ] DEBUG Engine               - supportedLanguages: [ENGLISH, FRENCH, GERMAN, HUNGARIAN, RUSSIAN]
10:40:22.967 [FXGL Background Thread 3 ] DEBUG Engine               - ticksPerSecond: -1
10:40:22.967 [FXGL Background Thread 3 ] DEBUG Engine               - title: Untitled
10:40:22.967 [FXGL Background Thread 3 ] DEBUG Engine               - urlGithub: https://github.com/AlmasB/FXGL
10:40:22.967 [FXGL Background Thread 3 ] DEBUG Engine               - urlLeaderboard: http://fxgl-top.herokuapp.com/
10:40:22.967 [FXGL Background Thread 3 ] DEBUG Engine               - urlPOM: https://raw.githubusercontent.com/AlmasB/FXGL/release/README.md
10:40:22.967 [FXGL Background Thread 3 ] DEBUG Engine               - userAppClass: class Project1Game.Main
10:40:22.967 [FXGL Background Thread 3 ] DEBUG Engine               - version: 0.0
10:40:22.967 [FXGL Background Thread 3 ] DEBUG Engine               - versionCheckDays: 7
10:40:22.967 [FXGL Background Thread 3 ] DEBUG Engine               - width: 1920
10:40:22.967 [FXGL Background Thread 3 ] DEBUG Engine               - Logging services
10:40:22.967 [FXGL Background Thread 3 ] DEBUG Engine               - class com.almasb.fxgl.app.services.FXGLAssetLoaderService
10:40:22.967 [FXGL Background Thread 3 ] DEBUG Engine               - class com.almasb.fxgl.app.FXGLApplication$GameApplicationService
10:40:22.967 [FXGL Background Thread 3 ] DEBUG Engine               - class com.almasb.fxgl.app.services.FXGLDialogService
10:40:22.967 [FXGL Background Thread 3 ] DEBUG Engine               - class com.almasb.fxgl.app.services.IOTaskExecutorService
10:40:22.967 [FXGL Background Thread 3 ] DEBUG Engine               - class com.almasb.fxgl.io.FileSystemService
10:40:22.967 [FXGL Background Thread 3 ] DEBUG Engine               - class com.almasb.fxgl.localization.LocalizationService
10:40:22.967 [FXGL Background Thread 3 ] DEBUG Engine               - class com.almasb.fxgl.app.services.SystemBundleService
10:40:22.967 [FXGL Background Thread 3 ] DEBUG Engine               - class com.almasb.fxgl.profile.SaveLoadService
10:40:22.967 [FXGL Background Thread 3 ] DEBUG Engine               - class com.almasb.fxgl.ui.FXGLUIFactoryServiceProvider
10:40:22.967 [FXGL Background Thread 3 ] DEBUG Engine               - class com.almasb.fxgl.ui.FXGLDialogFactoryServiceProvider
10:40:22.967 [FXGL Background Thread 3 ] DEBUG Engine               - class com.almasb.fxgl.audio.AudioPlayer
10:40:22.967 [FXGL Background Thread 3 ] DEBUG Engine               - class com.almasb.fxgl.notification.impl.NotificationServiceProvider
10:40:22.967 [FXGL Background Thread 3 ] DEBUG Engine               - class com.almasb.fxgl.achievement.AchievementService
10:40:22.968 [FXGL Background Thread 3 ] DEBUG Engine               - class com.almasb.fxgl.cutscene.CutsceneService
10:40:22.968 [FXGL Background Thread 3 ] DEBUG Engine               - class com.almasb.fxgl.minigames.MiniGameService
10:40:22.968 [FXGL Background Thread 3 ] DEBUG Engine               - class com.almasb.fxgl.net.NetService
10:40:22.968 [FXGL Background Thread 3 ] DEBUG Engine               - class com.almasb.fxgl.app.services.UpdaterService
10:40:22.968 [FXGL Background Thread 3 ] DEBUG Engine               - class com.almasb.fxgl.dev.DevService
10:40:25.429 [JavaFX Application Thread] DEBUG PrimaryStageWindow   - Push state: FXGLDefaultMenu
10:40:25.432 [JavaFX Application Thread] DEBUG Input                - Clearing active input actions
10:40:25.434 [JavaFX Application Thread] DEBUG GameApplicationServi - Removing overlay from GameScene and adding to FXGLDefaultMenu
10:40:25.436 [JavaFX Application Thread] DEBUG PrimaryStageWindow   - GameScene -> FXGLDefaultMenu
10:40:26.513 [JavaFX Application Thread] DEBUG PrimaryStageWindow   - Pop state: FXGLDefaultMenu
10:40:26.513 [JavaFX Application Thread] DEBUG Input                - Clearing active input actions
10:40:26.515 [JavaFX Application Thread] DEBUG GameApplicationServi - Removing overlay from FXGLDefaultMenu and adding to GameScene
10:40:26.516 [JavaFX Application Thread] DEBUG PrimaryStageWindow   - GameScene <- FXGLDefaultMenu
10:40:33.859 [JavaFX Application Thread] DEBUG PrimaryStageWindow   - Push state: FXGLDefaultMenu
10:40:33.859 [JavaFX Application Thread] DEBUG Input                - Clearing active input actions
10:40:33.860 [JavaFX Application Thread] DEBUG GameApplicationServi - Removing overlay from GameScene and adding to FXGLDefaultMenu
10:40:33.861 [JavaFX Application Thread] DEBUG PrimaryStageWindow   - GameScene -> FXGLDefaultMenu
10:40:35.393 [JavaFX Application Thread] DEBUG Menu                 - fireExit()
10:40:35.395 [JavaFX Application Thread] DEBUG PrimaryStageWindow   - Push state: DialogSubScene
10:40:35.395 [JavaFX Application Thread] DEBUG Input                - Clearing active input actions
10:40:35.395 [JavaFX Application Thread] DEBUG GameApplicationServi - Removing overlay from FXGLDefaultMenu and adding to DialogSubScene
10:40:35.396 [JavaFX Application Thread] DEBUG PrimaryStageWindow   - FXGLDefaultMenu -> DialogSubScene
10:40:36.002 [JavaFX Application Thread] DEBUG PrimaryStageWindow   - Pop state: DialogSubScene
10:40:36.002 [JavaFX Application Thread] DEBUG Input                - Clearing active input actions
10:40:36.002 [JavaFX Application Thread] DEBUG GameApplicationServi - Removing overlay from DialogSubScene and adding to FXGLDefaultMenu
10:40:36.003 [JavaFX Application Thread] DEBUG PrimaryStageWindow   - FXGLDefaultMenu <- DialogSubScene
10:40:36.003 [JavaFX Application Thread] DEBUG FXGLApplication      - Exiting FXGL
10:40:36.003 [JavaFX Application Thread] DEBUG LoopRunner           - Stopping loop
10:40:36.003 [JavaFX Application Thread] DEBUG SystemBundleService  - Saving FXGL system data
10:40:36.004 [JavaFX Application Thread] DEBUG FileSystemAccess     - Writing to: D:\GameDevelop\Project1\system\fxgl.bundle
10:40:36.004 [JavaFX Application Thread] DEBUG Async                - Shutting down background threads
10:40:36.004 [JavaFX Application Thread] DEBUG PrimaryStageWindow   - Closing main window
10:40:36.019 [JavaFX Application Thread] DEBUG Logger               - Closing Logger
