18:11:03.196 [main                     ] DEBUG Logger               - Configured Logger
18:11:03.201 [main                     ] DEBUG GameApplication      - Logging settings
Title: Untitled
Version: 0.0
Width: 1280
Height: 720
Fullscreen: true
Intro: false
Profiling: false
Single step:false
App Mode: DEVELOPER
Menu Key: ESCAPE
Stage Style: DECORATED
Scene Factory: class com.almasb.fxgl.app.scene.SceneFactory

18:11:03.824 [JavaFX Application Thread] DEBUG FXGLApplication      - Initializing FXGL
18:11:03.827 [JavaFX Application Thread] INFO  Engine               - FXGL-25 (05.02.2026 22.57) on WINDOWS (J:25.0.1 FX:25.0.1)
18:11:03.827 [JavaFX Application Thread] DEBUG Engine               - JRE Vendor Name: Oracle Corporation
18:11:03.827 [JavaFX Application Thread] DEBUG Engine               - Running on OS: Windows 11 version 10.0
18:11:03.827 [JavaFX Application Thread] DEBUG Engine               - Architecture: amd64
18:11:03.827 [JavaFX Application Thread] INFO  Engine               - Source code and latest versions at: https://github.com/AlmasB/FXGL
18:11:03.827 [JavaFX Application Thread] INFO  Engine               -       Ask questions and discuss at: https://github.com/AlmasB/FXGL/discussions
18:11:03.915 [JavaFX Application Thread] DEBUG PrimaryStageWindow   - Creating a JavaFX scene
18:11:03.981 [JavaFX Application Thread] DEBUG PrimaryStageWindow   - Target settings size: 1280.0 x 720.0
18:11:03.981 [JavaFX Application Thread] DEBUG PrimaryStageWindow   - Scaled scene size:    1280.0 x 720.0
18:11:03.981 [JavaFX Application Thread] DEBUG PrimaryStageWindow   - Scaled ratio: (1.0, 1.0)
18:11:03.982 [JavaFX Application Thread] DEBUG PrimaryStageWindow   - Set initial scene to FXGLStartupScene
18:11:03.985 [JavaFX Application Thread] DEBUG PrimaryStageWindow   - Opening main window
18:11:04.281 [JavaFX Application Thread] DEBUG PrimaryStageWindow   - Window border size: (14.4000244140625, 37.5999755859375)
18:11:04.281 [JavaFX Application Thread] DEBUG PrimaryStageWindow   - Scaled size: 1280.0 x 720.0
18:11:04.281 [JavaFX Application Thread] DEBUG PrimaryStageWindow   - Scaled ratio: (1.0, 1.0)
18:11:04.281 [JavaFX Application Thread] DEBUG PrimaryStageWindow   - Scene size: 1280.0 x 720.0
18:11:04.281 [JavaFX Application Thread] DEBUG PrimaryStageWindow   - Stage size: 1294.4000244140625 x 757.5999755859375
18:11:04.290 [FXGL Background Thread 1 ] DEBUG Engine               - Initializing environment variables
18:11:04.334 [FXGL Background Thread 1 ] DEBUG FXGLAssetLoaderServi - User app class for loading assets: class Project1Game.Main
18:11:04.335 [FXGL Background Thread 1 ] DEBUG GameApplicationServi - Applying CSS: fxgl_dark.css
18:11:04.335 [FXGL Background Thread 1 ] DEBUG FXGLAssetLoaderServi - Loading from file system: jar:file:/C:/Users/Admin/.m2/repository/com/github/almasb/fxgl/25/fxgl-25.jar!/fxglassets/ui/css/fxgl_dark.css
18:11:04.368 [FXGL Background Thread 1 ] DEBUG GameApplicationServi - Initializing application scenes
18:11:04.405 [FXGL Background Thread 1 ] DEBUG GameWorld            - Game world initialized
18:11:04.441 [FXGL Background Thread 1 ] DEBUG PhysicsWorld         - Physics world initialized: appHeight=720, physics.ppm=50.0
18:11:04.441 [FXGL Background Thread 1 ] DEBUG PhysicsWorld         - Using strategy: BRUTE_FORCE
18:11:04.445 [FXGL Background Thread 1 ] DEBUG GameScene            - Game scene initialized: 1280x720
18:11:04.457 [FXGL Background Thread 1 ] DEBUG FXGL.DefaultMenu     - createMenuBodyGameMenu()
18:11:04.474 [FXGL Background Thread 1 ] DEBUG FXGL.DefaultMenu     - createOptionsMenu()
18:11:04.482 [FXGL Background Thread 1 ] DEBUG FXGLAssetLoaderServi - Loading from file system: jar:file:/C:/Users/Admin/.m2/repository/com/github/almasb/fxgl/25/fxgl-25.jar!/fxglassets/textures/particles/smoke.png
18:11:04.548 [FXGL Background Thread 1 ] DEBUG FXGLAssetLoaderServi - Loading from file system: jar:file:/C:/Users/Admin/.m2/repository/com/github/almasb/fxgl/25/fxgl-25.jar!/fxglassets/textures/particles/trace_horizontal.png
18:11:04.572 [FXGL Background Thread 1 ] DEBUG GameApplicationServi - Application scenes initialized
18:11:04.584 [FXGL Background Thread 1 ] DEBUG SystemBundleService  - Loading FXGL system data
18:11:04.591 [FXGL Background Thread 1 ] DEBUG FileSystemAccess     - Reading from: D:\GameDevelop\Project1\system\fxgl.bundle
18:11:04.597 [FXGL Background Thread 1 ] DEBUG SystemBundleService  - Bundle FXGL: {}
18:11:04.597 [FXGL Background Thread 1 ] DEBUG UpdaterService       - Checking for updates
18:11:04.617 [FXGL Background Thread 4 ] DEBUG FXGLApplication      - Loading fonts
18:11:04.617 [FXGL Background Thread 4 ] DEBUG FXGLAssetLoaderServi - Loading from file system: jar:file:/C:/Users/Admin/.m2/repository/com/github/almasb/fxgl/25/fxgl-25.jar!/fxglassets/ui/fonts/VarelaRound-Regular.ttf
18:11:04.617 [FXGL Background Thread 1 ] DEBUG FXGLApplication      - Loading default localization
18:11:04.617 [FXGL Background Thread 1 ] DEBUG FXGLAssetLoaderServi - Loading from file system: jar:file:/C:/Users/Admin/.m2/repository/com/github/almasb/fxgl/25/fxgl-25.jar!/fxglassets/languages/english.lang
18:11:04.636 [FXGL Background Thread 1 ] INFO  FXGLApplication      - FXGL initialization took: 0.347 sec
18:11:04.639 [JavaFX Application Thread] DEBUG Input                - Registered new binding: Move Right - D
18:11:04.639 [JavaFX Application Thread] DEBUG Input                - Registered new binding: Move Left - A
18:11:04.640 [JavaFX Application Thread] DEBUG Input                - Registered new binding: Move Up - W
18:11:04.640 [JavaFX Application Thread] DEBUG Input                - Registered new binding: Move Down - S
18:11:04.641 [JavaFX Application Thread] DEBUG Input                - Registered new binding: action0 - I
18:11:04.641 [JavaFX Application Thread] DEBUG Input                - Registered new binding: action1 - R
18:11:04.641 [JavaFX Application Thread] DEBUG Input                - Registered new binding: action2 - F
18:11:04.642 [JavaFX Application Thread] DEBUG Input                - Registered new binding: action3 - E
18:11:04.642 [JavaFX Application Thread] DEBUG Input                - Registered new binding: action4 - 1
18:11:04.642 [JavaFX Application Thread] DEBUG Input                - Registered new binding: action5 - 2
18:11:04.642 [JavaFX Application Thread] DEBUG Input                - Registered new binding: action6 - 3
18:11:04.643 [JavaFX Application Thread] DEBUG Input                - Registered new binding: action7 - 4
18:11:04.643 [JavaFX Application Thread] DEBUG Input                - Registered new binding: action8 - 5
18:11:04.643 [JavaFX Application Thread] DEBUG Input                - Registered new binding: action9 - 6
18:11:04.644 [JavaFX Application Thread] DEBUG Input                - Registered new binding: action10 - 7
18:11:04.644 [JavaFX Application Thread] DEBUG Input                - Registered new binding: action11 - 8
18:11:04.644 [JavaFX Application Thread] DEBUG Input                - Registered new binding: action12 - 9
18:11:04.644 [JavaFX Application Thread] DEBUG Input                - Registered new binding: action13 - Q
18:11:04.645 [JavaFX Application Thread] DEBUG Input                - Registered new binding: action14 - Tab
18:11:04.645 [JavaFX Application Thread] DEBUG FXGLAssetLoaderServi - Loading from file system: jar:file:/C:/Users/Admin/.m2/repository/com/github/almasb/fxgl/25/fxgl-25.jar!/fxglassets/textures/fxgl_icon.png
18:11:04.653 [FXGL Background Thread 4 ] DEBUG FXGLAssetLoaderServi - Loading from file system: jar:file:/C:/Users/Admin/.m2/repository/com/github/almasb/fxgl/25/fxgl-25.jar!/fxglassets/ui/fonts/Abel-Regular.ttf
18:11:04.659 [JavaFX Application Thread] DEBUG FXGLAssetLoaderServi - Loading from file system: jar:file:/C:/Users/Admin/.m2/repository/com/github/almasb/fxgl/25/fxgl-25.jar!/fxglassets/textures/fxgl_default_cursor.png
18:11:04.661 [JavaFX Application Thread] DEBUG Input                - Registered new binding: Screenshot - CTRL+8
18:11:04.661 [JavaFX Application Thread] DEBUG Input                - Registered new binding: Dev Options - 1
18:11:04.661 [JavaFX Application Thread] DEBUG Input                - Registered new binding: Dev Console - 2
18:11:04.662 [FXGL Background Thread 4 ] DEBUG FXGLAssetLoaderServi - Loading from file system: jar:file:/C:/Users/Admin/.m2/repository/com/github/almasb/fxgl/25/fxgl-25.jar!/fxglassets/ui/fonts/TerminalLandMono-Regular.otf
18:11:04.662 [JavaFX Application Thread] DEBUG Input                - Registered new binding: System info dump - CTRL+9
18:11:04.662 [JavaFX Application Thread] DEBUG Input                - Registered new binding: Restart - CTRL+R
18:11:04.663 [JavaFX Application Thread] DEBUG Input                - Registered new binding: Toggle Debug Camera - CTRL+7
18:11:04.667 [JavaFX Application Thread] DEBUG LoopRunner           - Starting loop
18:11:04.674 [FXGL Background Thread 4 ] DEBUG FXGLAssetLoaderServi - Loading from file system: jar:file:/C:/Users/Admin/.m2/repository/com/github/almasb/fxgl/25/fxgl-25.jar!/fxglassets/ui/fonts/Courier-Prime.ttf
18:11:04.680 [JavaFX Application Thread] DEBUG LoopRunner           - Initializing JavaFX AnimationTimerLoop
18:11:04.683 [JavaFX Application Thread] DEBUG GameApplicationServi - Starting new game
18:11:04.683 [JavaFX Application Thread] DEBUG Input                - Clearing active input actions
18:11:04.698 [JavaFX Application Thread] DEBUG GameApplicationServi - Removing overlay from FXGLStartupScene and adding to FXGLLoadingScene
18:11:04.702 [JavaFX Application Thread] DEBUG PrimaryStageWindow   - FXGLStartupScene -> FXGLLoadingScene
18:11:04.702 [JavaFX Application Thread] DEBUG GameApplicationServi - Clearing previous game
18:11:04.702 [JavaFX Application Thread] DEBUG GameScene            - Clearing game scene
18:11:04.702 [JavaFX Application Thread] DEBUG GameWorld            - Clearing game world
18:11:04.702 [JavaFX Application Thread] DEBUG PhysicsWorld         - Clearing physics world
18:11:04.705 [FXGL Background Thread 4 ] DEBUG FXGLApplication      - Initializing game
18:11:04.764 [FXGL Background Thread 4 ] WARN  TMXLevelLoader       - TiledMap generated from 1.12.0. Supported version: 1.9.0. Some features may not be parsed fully.
18:11:04.799 [FXGL Background Thread 4 ] DEBUG TMXLevelLoader       - Parsed TiledMap: file:/D:/GameDevelop/Project1/target/classes/assets/levels/Main_level.tmx
18:11:04.799 [FXGL Background Thread 4 ] DEBUG TMXLevelLoader       - Creating tile layer entities
18:11:04.800 [FXGL Background Thread 4 ] DEBUG TilesetLoader        - Loading view for layer BackgroundLayer
18:11:04.804 [FXGL Background Thread 4 ] DEBUG TilesetLoader        - Created buffer with size 3520.0x2048.0
18:11:04.862 [FXGL Background Thread 4 ] DEBUG TilesetLoader        - Loading view for layer DecorationLayer
18:11:04.866 [FXGL Background Thread 4 ] DEBUG TilesetLoader        - Created buffer with size 3520.0x2048.0
18:11:04.880 [JavaFX Application Thread] DEBUG FXGLApplication      - Registering font factories with UI factory
18:11:04.904 [FXGL Background Thread 4 ] DEBUG TilesetLoader        - Loading view for layer OverheadLayer
18:11:04.909 [FXGL Background Thread 4 ] DEBUG TilesetLoader        - Created buffer with size 3520.0x2048.0
18:11:04.910 [FXGL Background Thread 4 ] DEBUG TMXLevelLoader       - Creating object layer entities
18:11:04.933 [FXGL Background Thread 4 ] DEBUG FXGLAssetLoaderServi - Loading from file system: file:/D:/GameDevelop/Project1/target/classes/assets/textures/Player/Carry_Idle/Carry_Idle_Down-Sheet.png
18:11:04.935 [FXGL Background Thread 4 ] DEBUG FXGLAssetLoaderServi - Loading from file system: file:/D:/GameDevelop/Project1/target/classes/assets/textures/Player/Carry_Idle/Carry_Idle_Up-Sheet.png
18:11:04.937 [FXGL Background Thread 4 ] DEBUG FXGLAssetLoaderServi - Loading from file system: file:/D:/GameDevelop/Project1/target/classes/assets/textures/Player/Carry_Idle/Carry_Idle_Side-Sheet.png
18:11:04.938 [FXGL Background Thread 4 ] DEBUG FXGLAssetLoaderServi - Loading from file system: file:/D:/GameDevelop/Project1/target/classes/assets/textures/Player/Carry_Walk/Carry_Walk_Down-Sheet.png
18:11:04.940 [FXGL Background Thread 4 ] DEBUG FXGLAssetLoaderServi - Loading from file system: file:/D:/GameDevelop/Project1/target/classes/assets/textures/Player/Carry_Walk/Carry_Walk_Up-Sheet.png
18:11:04.941 [FXGL Background Thread 4 ] DEBUG FXGLAssetLoaderServi - Loading from file system: file:/D:/GameDevelop/Project1/target/classes/assets/textures/Player/Carry_Walk/Carry_Walk_Side-Sheet.png
18:11:04.942 [FXGL Background Thread 4 ] DEBUG FXGLAssetLoaderServi - Loading from file system: file:/D:/GameDevelop/Project1/target/classes/assets/textures/Player/Carry_Run/Carry_Run_Down-Sheet.png
18:11:04.943 [FXGL Background Thread 4 ] DEBUG FXGLAssetLoaderServi - Loading from file system: file:/D:/GameDevelop/Project1/target/classes/assets/textures/Player/Carry_Run/Carry_Run_Up-Sheet.png
18:11:04.945 [FXGL Background Thread 4 ] DEBUG FXGLAssetLoaderServi - Loading from file system: file:/D:/GameDevelop/Project1/target/classes/assets/textures/Player/Carry_Run/Carry_Run_Side-Sheet.png
18:11:05.043 [FXGL Background Thread 4 ] DEBUG GameWorld            - Clearing removable entities
18:11:05.045 [FXGL Background Thread 4 ] DEBUG GameWorld            - Setting level: com.almasb.fxgl.entity.level.Level@22fd1790
18:11:05.088 [FXGL Background Thread 4 ] DEBUG FXGLAssetLoaderServi - Loading from file system: file:/D:/GameDevelop/Project1/target/classes/assets/textures/Crops/soil_1.png
18:11:05.091 [FXGL Background Thread 4 ] DEBUG FXGLAssetLoaderServi - Loading from file system: file:/D:/GameDevelop/Project1/target/classes/assets/textures/Crops/rice_1.png
18:11:05.095 [FXGL Background Thread 4 ] DEBUG FXGLAssetLoaderServi - Loading from file system: file:/D:/GameDevelop/Project1/target/classes/assets/textures/Crops/rice_3.png
18:11:05.099 [FXGL Background Thread 4 ] DEBUG FXGLAssetLoaderServi - Loading from file system: file:/D:/GameDevelop/Project1/target/classes/assets/textures/Crops/soil_2.png
18:11:05.107 [FXGL Background Thread 4 ] DEBUG FXGLAssetLoaderServi - Loading from file system: file:/D:/GameDevelop/Project1/target/classes/assets/textures/UI/heart_sprite.png
18:11:05.111 [FXGL Background Thread 4 ] INFO  FXGLApplication      - Game initialization took: 0.405 sec
18:11:05.111 [JavaFX Application Thread] DEBUG Input                - Clearing active input actions
18:11:05.123 [JavaFX Application Thread] DEBUG GameApplicationServi - Removing overlay from FXGLLoadingScene and adding to GameScene
18:11:05.127 [JavaFX Application Thread] DEBUG PrimaryStageWindow   - FXGLLoadingScene -> GameScene
18:11:07.618 [FXGL Background Thread 3 ] DEBUG Engine               - Logging environment variables
18:11:07.619 [FXGL Background Thread 3 ] DEBUG Engine               - achievements: []
18:11:07.619 [FXGL Background Thread 3 ] DEBUG Engine               - actualHeight: 720.0
18:11:07.619 [FXGL Background Thread 3 ] DEBUG Engine               - actualHeightProperty: ReadOnlyDoubleProperty [value: 720.0]
18:11:07.619 [FXGL Background Thread 3 ] DEBUG Engine               - actualWidth: 1280.0
18:11:07.619 [FXGL Background Thread 3 ] DEBUG Engine               - actualWidthProperty: ReadOnlyDoubleProperty [value: 1280.0]
18:11:07.619 [FXGL Background Thread 3 ] DEBUG Engine               - appIcon: fxgl_icon.png
18:11:07.619 [FXGL Background Thread 3 ] DEBUG Engine               - applicationMode: DEVELOPER
18:11:07.619 [FXGL Background Thread 3 ] DEBUG Engine               - cSSList: [fxgl_dark.css]
18:11:07.619 [FXGL Background Thread 3 ] DEBUG Engine               - collisionDetectionStrategy: BRUTE_FORCE
18:11:07.619 [FXGL Background Thread 3 ] DEBUG Engine               - configClass: Optional.empty
18:11:07.620 [FXGL Background Thread 3 ] DEBUG Engine               - credits: []
18:11:07.620 [FXGL Background Thread 3 ] DEBUG Engine               - defaultCursor: CursorInfo(imageName=fxgl_default_cursor.png, hotspotX=7.0, hotspotY=6.0)
18:11:07.620 [FXGL Background Thread 3 ] DEBUG Engine               - devBBoxColorProperty: ObjectProperty [value: 0xff0000ff]
18:11:07.620 [FXGL Background Thread 3 ] DEBUG Engine               - devEnableDebugCameraProperty: BooleanProperty [value: false]
18:11:07.620 [FXGL Background Thread 3 ] DEBUG Engine               - devSensorColorProperty: ObjectProperty [value: 0xffff00ff]
18:11:07.620 [FXGL Background Thread 3 ] DEBUG Engine               - devShowBBoxProperty: BooleanProperty [value: false]
18:11:07.620 [FXGL Background Thread 3 ] DEBUG Engine               - devShowPositionProperty: BooleanProperty [value: false]
18:11:07.620 [FXGL Background Thread 3 ] DEBUG Engine               - enabledMenuItems: []
18:11:07.620 [FXGL Background Thread 3 ] DEBUG Engine               - engineServices: [class com.almasb.fxgl.app.services.FXGLAssetLoaderService, class com.almasb.fxgl.app.FXGLApplication$GameApplicationService, class com.almasb.fxgl.app.services.FXGLDialogService, class com.almasb.fxgl.app.services.IOTaskExecutorService, class com.almasb.fxgl.io.FileSystemService, class com.almasb.fxgl.localization.LocalizationService, class com.almasb.fxgl.app.services.SystemBundleService, class com.almasb.fxgl.profile.SaveLoadService, class com.almasb.fxgl.ui.FXGLUIFactoryServiceProvider, class com.almasb.fxgl.ui.FXGLDialogFactoryServiceProvider, class com.almasb.fxgl.audio.AudioPlayer, class com.almasb.fxgl.notification.impl.NotificationServiceProvider, class com.almasb.fxgl.achievement.AchievementService, class com.almasb.fxgl.cutscene.CutsceneService, class com.almasb.fxgl.minigames.MiniGameService, class com.almasb.fxgl.net.NetService, class com.almasb.fxgl.app.services.UpdaterService, class com.almasb.fxgl.dev.DevService]
18:11:07.620 [FXGL Background Thread 3 ] DEBUG Engine               - fontGame: Abel-Regular.ttf
18:11:07.620 [FXGL Background Thread 3 ] DEBUG Engine               - fontMono: TerminalLandMono-Regular.otf
18:11:07.620 [FXGL Background Thread 3 ] DEBUG Engine               - fontSizeScaleUI: 1.0
18:11:07.620 [FXGL Background Thread 3 ] DEBUG Engine               - fontText: Courier-Prime.ttf
18:11:07.620 [FXGL Background Thread 3 ] DEBUG Engine               - fontUI: VarelaRound-Regular.ttf
18:11:07.620 [FXGL Background Thread 3 ] DEBUG Engine               - fpsRefreshRate: 500.0 ms
18:11:07.620 [FXGL Background Thread 3 ] DEBUG Engine               - fullScreen: BooleanProperty [value: false]
18:11:07.620 [FXGL Background Thread 3 ] DEBUG Engine               - gameDifficulty: MEDIUM
18:11:07.620 [FXGL Background Thread 3 ] DEBUG Engine               - gameDifficultyProperty: ObjectProperty [value: MEDIUM]
18:11:07.620 [FXGL Background Thread 3 ] DEBUG Engine               - globalMusicVolume: 0.5
18:11:07.620 [FXGL Background Thread 3 ] DEBUG Engine               - globalMusicVolumeProperty: DoubleProperty [value: 0.5]
18:11:07.620 [FXGL Background Thread 3 ] DEBUG Engine               - globalSoundVolume: 0.5
18:11:07.620 [FXGL Background Thread 3 ] DEBUG Engine               - globalSoundVolumeProperty: DoubleProperty [value: 0.5]
18:11:07.620 [FXGL Background Thread 3 ] DEBUG Engine               - height: 720
18:11:07.620 [FXGL Background Thread 3 ] DEBUG Engine               - is3D: false
18:11:07.620 [FXGL Background Thread 3 ] DEBUG Engine               - isAndroid: false
18:11:07.620 [FXGL Background Thread 3 ] DEBUG Engine               - isBrowser: false
18:11:07.620 [FXGL Background Thread 3 ] DEBUG Engine               - isClickFeedbackEnabled: false
18:11:07.620 [FXGL Background Thread 3 ] DEBUG Engine               - isCloseConfirmation: false
18:11:07.620 [FXGL Background Thread 3 ] DEBUG Engine               - isDesktop: true
18:11:07.620 [FXGL Background Thread 3 ] DEBUG Engine               - isDeveloperMenuEnabled: true
18:11:07.620 [FXGL Background Thread 3 ] DEBUG Engine               - isEmbedded: false
18:11:07.620 [FXGL Background Thread 3 ] DEBUG Engine               - isEntityPreloadEnabled: true
18:11:07.620 [FXGL Background Thread 3 ] DEBUG Engine               - isExperimentalTiledLargeMap: false
18:11:07.620 [FXGL Background Thread 3 ] DEBUG Engine               - isFileSystemWriteAllowed: true
18:11:07.620 [FXGL Background Thread 3 ] DEBUG Engine               - isFullScreenAllowed: true
18:11:07.620 [FXGL Background Thread 3 ] DEBUG Engine               - isFullScreenFromStart: false
18:11:07.621 [FXGL Background Thread 3 ] DEBUG Engine               - isGameMenuEnabled: true
18:11:07.621 [FXGL Background Thread 3 ] DEBUG Engine               - isIOS: false
18:11:07.621 [FXGL Background Thread 3 ] DEBUG Engine               - isIntroEnabled: false
18:11:07.621 [FXGL Background Thread 3 ] DEBUG Engine               - isLinux: false
18:11:07.621 [FXGL Background Thread 3 ] DEBUG Engine               - isMac: false
18:11:07.621 [FXGL Background Thread 3 ] DEBUG Engine               - isMainMenuEnabled: false
18:11:07.621 [FXGL Background Thread 3 ] DEBUG Engine               - isManualResizeEnabled: false
18:11:07.621 [FXGL Background Thread 3 ] DEBUG Engine               - isMobile: false
18:11:07.621 [FXGL Background Thread 3 ] DEBUG Engine               - isNative: false
18:11:07.621 [FXGL Background Thread 3 ] DEBUG Engine               - isPauseMusicWhenMinimized: true
18:11:07.621 [FXGL Background Thread 3 ] DEBUG Engine               - isPreserveResizeRatio: false
18:11:07.621 [FXGL Background Thread 3 ] DEBUG Engine               - isProfilingEnabled: false
18:11:07.621 [FXGL Background Thread 3 ] DEBUG Engine               - isScaleAffectedOnResize: true
18:11:07.621 [FXGL Background Thread 3 ] DEBUG Engine               - isSingleStep: false
18:11:07.621 [FXGL Background Thread 3 ] DEBUG Engine               - isUserProfileEnabled: false
18:11:07.621 [FXGL Background Thread 3 ] DEBUG Engine               - isWindows: true
18:11:07.621 [FXGL Background Thread 3 ] DEBUG Engine               - language: ObjectProperty [value: ENGLISH]
18:11:07.621 [FXGL Background Thread 3 ] DEBUG Engine               - menuKey: ESCAPE
18:11:07.621 [FXGL Background Thread 3 ] DEBUG Engine               - mouseSensitivity: 0.2
18:11:07.621 [FXGL Background Thread 3 ] DEBUG Engine               - notificationViewClass: class com.almasb.fxgl.notification.view.XboxNotificationView
18:11:07.621 [FXGL Background Thread 3 ] DEBUG Engine               - pixelsPerMeter: 50.0
18:11:07.621 [FXGL Background Thread 3 ] DEBUG Engine               - platform: WINDOWS
18:11:07.621 [FXGL Background Thread 3 ] DEBUG Engine               - prefHeightProperty: ReadOnlyDoubleProperty [value: 720.0]
18:11:07.621 [FXGL Background Thread 3 ] DEBUG Engine               - prefWidthProperty: ReadOnlyDoubleProperty [value: 1280.0]
18:11:07.621 [FXGL Background Thread 3 ] DEBUG Engine               - profileDir: profiles/
18:11:07.621 [FXGL Background Thread 3 ] DEBUG Engine               - profileName: StringProperty [value: DEFAULT]
18:11:07.621 [FXGL Background Thread 3 ] DEBUG Engine               - randomSeed: -1
18:11:07.621 [FXGL Background Thread 3 ] DEBUG Engine               - runtimeInfo: RuntimeInfo(platform=WINDOWS, version=25, build=05.02.2026 22.57)
18:11:07.621 [FXGL Background Thread 3 ] DEBUG Engine               - saveFileExt: sav
18:11:07.621 [FXGL Background Thread 3 ] DEBUG Engine               - scaledHeightProp$fxgl: DoubleProperty [bound, value: 720.0]
18:11:07.621 [FXGL Background Thread 3 ] DEBUG Engine               - scaledWidthProp$fxgl: DoubleProperty [bound, value: 1280.0]
18:11:07.621 [FXGL Background Thread 3 ] DEBUG Engine               - sceneFactory: com.almasb.fxgl.app.scene.SceneFactory@3c5d409f
18:11:07.621 [FXGL Background Thread 3 ] DEBUG Engine               - secondsIn24h: 60
18:11:07.621 [FXGL Background Thread 3 ] DEBUG Engine               - soundMenuBack: menu/back.wav
18:11:07.621 [FXGL Background Thread 3 ] DEBUG Engine               - soundMenuPress: menu/press.wav
18:11:07.621 [FXGL Background Thread 3 ] DEBUG Engine               - soundMenuSelect: menu/select.wav
18:11:07.621 [FXGL Background Thread 3 ] DEBUG Engine               - soundNotification: core/notification.wav
18:11:07.621 [FXGL Background Thread 3 ] DEBUG Engine               - stageStyle: DECORATED
18:11:07.621 [FXGL Background Thread 3 ] DEBUG Engine               - supportedLanguages: [ENGLISH, FRENCH, GERMAN, HUNGARIAN, RUSSIAN]
18:11:07.621 [FXGL Background Thread 3 ] DEBUG Engine               - ticksPerSecond: -1
18:11:07.621 [FXGL Background Thread 3 ] DEBUG Engine               - title: Untitled
18:11:07.621 [FXGL Background Thread 3 ] DEBUG Engine               - urlGithub: https://github.com/AlmasB/FXGL
18:11:07.621 [FXGL Background Thread 3 ] DEBUG Engine               - urlLeaderboard: http://fxgl-top.herokuapp.com/
18:11:07.621 [FXGL Background Thread 3 ] DEBUG Engine               - urlPOM: https://raw.githubusercontent.com/AlmasB/FXGL/release/README.md
18:11:07.621 [FXGL Background Thread 3 ] DEBUG Engine               - userAppClass: class Project1Game.Main
18:11:07.621 [FXGL Background Thread 3 ] DEBUG Engine               - version: 0.0
18:11:07.621 [FXGL Background Thread 3 ] DEBUG Engine               - versionCheckDays: 7
18:11:07.621 [FXGL Background Thread 3 ] DEBUG Engine               - width: 1280
18:11:07.621 [FXGL Background Thread 3 ] DEBUG Engine               - Logging services
18:11:07.621 [FXGL Background Thread 3 ] DEBUG Engine               - class com.almasb.fxgl.app.services.FXGLAssetLoaderService
18:11:07.621 [FXGL Background Thread 3 ] DEBUG Engine               - class com.almasb.fxgl.app.FXGLApplication$GameApplicationService
18:11:07.622 [FXGL Background Thread 3 ] DEBUG Engine               - class com.almasb.fxgl.app.services.FXGLDialogService
18:11:07.622 [FXGL Background Thread 3 ] DEBUG Engine               - class com.almasb.fxgl.app.services.IOTaskExecutorService
18:11:07.622 [FXGL Background Thread 3 ] DEBUG Engine               - class com.almasb.fxgl.io.FileSystemService
18:11:07.622 [FXGL Background Thread 3 ] DEBUG Engine               - class com.almasb.fxgl.localization.LocalizationService
18:11:07.622 [FXGL Background Thread 3 ] DEBUG Engine               - class com.almasb.fxgl.app.services.SystemBundleService
18:11:07.622 [FXGL Background Thread 3 ] DEBUG Engine               - class com.almasb.fxgl.profile.SaveLoadService
18:11:07.622 [FXGL Background Thread 3 ] DEBUG Engine               - class com.almasb.fxgl.ui.FXGLUIFactoryServiceProvider
18:11:07.622 [FXGL Background Thread 3 ] DEBUG Engine               - class com.almasb.fxgl.ui.FXGLDialogFactoryServiceProvider
18:11:07.622 [FXGL Background Thread 3 ] DEBUG Engine               - class com.almasb.fxgl.audio.AudioPlayer
18:11:07.622 [FXGL Background Thread 3 ] DEBUG Engine               - class com.almasb.fxgl.notification.impl.NotificationServiceProvider
18:11:07.622 [FXGL Background Thread 3 ] DEBUG Engine               - class com.almasb.fxgl.achievement.AchievementService
18:11:07.622 [FXGL Background Thread 3 ] DEBUG Engine               - class com.almasb.fxgl.cutscene.CutsceneService
18:11:07.622 [FXGL Background Thread 3 ] DEBUG Engine               - class com.almasb.fxgl.minigames.MiniGameService
18:11:07.622 [FXGL Background Thread 3 ] DEBUG Engine               - class com.almasb.fxgl.net.NetService
18:11:07.622 [FXGL Background Thread 3 ] DEBUG Engine               - class com.almasb.fxgl.app.services.UpdaterService
18:11:07.622 [FXGL Background Thread 3 ] DEBUG Engine               - class com.almasb.fxgl.dev.DevService
18:11:45.345 [JavaFX Application Thread] DEBUG FXGLAssetLoaderServi - Loading from file system: file:/D:/GameDevelop/Project1/target/classes/assets/textures/Crops/vectoraith_tileset_farmingsims_crops_dense_spring_32x32.png
18:13:42.204 [JavaFX Application Thread] DEBUG FXGLApplication      - Exiting FXGL
18:13:42.205 [JavaFX Application Thread] DEBUG LoopRunner           - Stopping loop
18:13:42.206 [JavaFX Application Thread] DEBUG SystemBundleService  - Saving FXGL system data
18:13:42.209 [JavaFX Application Thread] DEBUG FileSystemAccess     - Writing to: D:\GameDevelop\Project1\system\fxgl.bundle
18:13:42.211 [JavaFX Application Thread] DEBUG Async                - Shutting down background threads
18:13:42.212 [JavaFX Application Thread] DEBUG PrimaryStageWindow   - Closing main window
18:13:42.223 [JavaFX Application Thread] DEBUG Logger               - Closing Logger
