23:50:13.125 [main                     ] DEBUG Logger               - Configured Logger
23:50:13.133 [main                     ] DEBUG GameApplication      - Logging settings
Title: Java Farming Professional
Version: 2.0
Width: 1280
Height: 720
Fullscreen: false
Intro: false
Profiling: false
Single step:false
App Mode: DEVELOPER
Menu Key: ESCAPE
Stage Style: DECORATED
Scene Factory: class com.almasb.fxgl.app.scene.SceneFactory

23:50:14.465 [JavaFX Application Thread] DEBUG FXGLApplication      - Initializing FXGL
23:50:14.470 [JavaFX Application Thread] INFO  Engine               - FXGL-25 (05.02.2026 22.57) on WINDOWS (J:25.0.2 FX:25.0.1)
23:50:14.470 [JavaFX Application Thread] DEBUG Engine               - JRE Vendor Name: Azul Systems, Inc.
23:50:14.470 [JavaFX Application Thread] DEBUG Engine               - Running on OS: Windows 11 version 10.0
23:50:14.470 [JavaFX Application Thread] DEBUG Engine               - Architecture: amd64
23:50:14.470 [JavaFX Application Thread] INFO  Engine               - Source code and latest versions at: https://github.com/AlmasB/FXGL
23:50:14.471 [JavaFX Application Thread] INFO  Engine               -       Ask questions and discuss at: https://github.com/AlmasB/FXGL/discussions
23:50:14.591 [JavaFX Application Thread] DEBUG PrimaryStageWindow   - Creating a JavaFX scene
23:50:14.646 [JavaFX Application Thread] DEBUG PrimaryStageWindow   - Target settings size: 1280.0 x 720.0
23:50:14.646 [JavaFX Application Thread] DEBUG PrimaryStageWindow   - Scaled scene size:    1280.0 x 720.0
23:50:14.647 [JavaFX Application Thread] DEBUG PrimaryStageWindow   - Scaled ratio: (1.0, 1.0)
23:50:14.648 [JavaFX Application Thread] DEBUG PrimaryStageWindow   - Set initial scene to FXGLStartupScene
23:50:14.654 [JavaFX Application Thread] DEBUG PrimaryStageWindow   - Opening main window
23:50:15.036 [JavaFX Application Thread] DEBUG PrimaryStageWindow   - Window border size: (14.4000244140625, 37.5999755859375)
23:50:15.037 [JavaFX Application Thread] DEBUG PrimaryStageWindow   - Scaled size: 1280.0 x 720.0
23:50:15.050 [JavaFX Application Thread] DEBUG PrimaryStageWindow   - Scaled ratio: (1.0, 1.0)
23:50:15.051 [JavaFX Application Thread] DEBUG PrimaryStageWindow   - Scene size: 1280.0 x 720.0
23:50:15.051 [JavaFX Application Thread] DEBUG PrimaryStageWindow   - Stage size: 1294.4000244140625 x 757.5999755859375
23:50:15.079 [FXGL Background Thread 1 ] DEBUG Engine               - Initializing environment variables
23:50:15.241 [FXGL Background Thread 1 ] DEBUG FXGLAssetLoaderServi - User app class for loading assets: class Project1Game.Main
23:50:15.241 [FXGL Background Thread 1 ] DEBUG GameApplicationServi - Applying CSS: fxgl_dark.css
23:50:15.241 [FXGL Background Thread 1 ] DEBUG FXGLAssetLoaderServi - Loading from file system: jar:file:/C:/Users/HP/.m2/repository/com/github/almasb/fxgl/25/fxgl-25.jar!/fxglassets/ui/css/fxgl_dark.css
23:50:15.294 [FXGL Background Thread 1 ] DEBUG GameApplicationServi - Initializing application scenes
23:50:15.365 [FXGL Background Thread 1 ] DEBUG GameWorld            - Game world initialized
23:50:15.479 [FXGL Background Thread 1 ] DEBUG PhysicsWorld         - Physics world initialized: appHeight=720, physics.ppm=50.0
23:50:15.480 [FXGL Background Thread 1 ] DEBUG PhysicsWorld         - Using strategy: BRUTE_FORCE
23:50:15.493 [FXGL Background Thread 1 ] DEBUG GameScene            - Game scene initialized: 1280x720
23:50:15.521 [FXGL Background Thread 1 ] DEBUG FXGL.DefaultMenu     - createMenuBodyGameMenu()
23:50:15.552 [FXGL Background Thread 1 ] DEBUG FXGL.DefaultMenu     - createOptionsMenu()
23:50:15.568 [FXGL Background Thread 1 ] DEBUG FXGLAssetLoaderServi - Loading from file system: jar:file:/C:/Users/HP/.m2/repository/com/github/almasb/fxgl/25/fxgl-25.jar!/fxglassets/textures/particles/smoke.png
23:50:15.662 [FXGL Background Thread 1 ] DEBUG FXGLAssetLoaderServi - Loading from file system: jar:file:/C:/Users/HP/.m2/repository/com/github/almasb/fxgl/25/fxgl-25.jar!/fxglassets/textures/particles/trace_horizontal.png
23:50:15.691 [FXGL Background Thread 1 ] DEBUG GameApplicationServi - Application scenes initialized
23:50:15.708 [FXGL Background Thread 1 ] DEBUG SystemBundleService  - Loading FXGL system data
23:50:15.713 [FXGL Background Thread 1 ] DEBUG FileSystemAccess     - Reading from: D:\projects\helloworld\FarmSimulator\system\fxgl.bundle
23:50:15.724 [FXGL Background Thread 1 ] DEBUG SystemBundleService  - Bundle FXGL: {}
23:50:15.725 [FXGL Background Thread 1 ] DEBUG UpdaterService       - Checking for updates
23:50:15.764 [FXGL Background Thread 4 ] DEBUG FXGLApplication      - Loading fonts
23:50:15.764 [FXGL Background Thread 4 ] DEBUG FXGLAssetLoaderServi - Loading from file system: jar:file:/C:/Users/HP/.m2/repository/com/github/almasb/fxgl/25/fxgl-25.jar!/fxglassets/ui/fonts/VarelaRound-Regular.ttf
23:50:15.765 [FXGL Background Thread 1 ] DEBUG FXGLApplication      - Loading default localization
23:50:15.766 [FXGL Background Thread 1 ] DEBUG FXGLAssetLoaderServi - Loading from file system: jar:file:/C:/Users/HP/.m2/repository/com/github/almasb/fxgl/25/fxgl-25.jar!/fxglassets/languages/english.lang
23:50:15.793 [FXGL Background Thread 1 ] INFO  FXGLApplication      - FXGL initialization took: 0.714 sec
23:50:15.805 [JavaFX Application Thread] DEBUG Input                - Registered new binding: Move Right - D
23:50:15.805 [JavaFX Application Thread] DEBUG Input                - Registered new binding: Move Left - A
23:50:15.805 [JavaFX Application Thread] DEBUG Input                - Registered new binding: Move Up - W
23:50:15.805 [JavaFX Application Thread] DEBUG Input                - Registered new binding: Move Down - S
23:50:15.806 [JavaFX Application Thread] DEBUG Input                - Registered new binding: Interact NPC - R
23:50:15.806 [JavaFX Application Thread] DEBUG Input                - Registered new binding: Accept Or Claim Quest Or Harvest - E
23:50:15.806 [JavaFX Application Thread] DEBUG Input                - Registered new binding: Use Tool F - F
23:50:15.807 [JavaFX Application Thread] DEBUG Input                - Registered new binding: ClickTool Mouse - LMB
23:50:15.808 [JavaFX Application Thread] DEBUG Input                - Registered new binding: Quick Water Can - G
23:50:15.808 [JavaFX Application Thread] DEBUG Input                - Registered new binding: Toggle Inventory - I
23:50:15.808 [JavaFX Application Thread] DEBUG Input                - Registered new binding: Save Game Act - O
23:50:15.808 [JavaFX Application Thread] DEBUG Input                - Registered new binding: Load Game Act - P
23:50:15.808 [JavaFX Application Thread] DEBUG Input                - Registered new binding: Select Slot 1 - 1
23:50:15.809 [JavaFX Application Thread] DEBUG Input                - Registered new binding: Select Slot 2 - 2
23:50:15.809 [JavaFX Application Thread] DEBUG Input                - Registered new binding: Select Slot 3 - 3
23:50:15.809 [JavaFX Application Thread] DEBUG Input                - Registered new binding: Select Slot 4 - 4
23:50:15.809 [JavaFX Application Thread] DEBUG Input                - Registered new binding: Select Slot 5 - 5
23:50:15.809 [JavaFX Application Thread] DEBUG Input                - Registered new binding: Select Slot 6 - 6
23:50:15.809 [JavaFX Application Thread] DEBUG Input                - Registered new binding: Select Slot 7 - 7
23:50:15.809 [JavaFX Application Thread] DEBUG Input                - Registered new binding: Select Slot 8 - 8
23:50:15.809 [JavaFX Application Thread] DEBUG Input                - Registered new binding: Select Slot 9 - 9
23:50:15.811 [JavaFX Application Thread] DEBUG FXGLAssetLoaderServi - Loading from file system: jar:file:/C:/Users/HP/.m2/repository/com/github/almasb/fxgl/25/fxgl-25.jar!/fxglassets/textures/fxgl_icon.png
23:50:15.830 [JavaFX Application Thread] DEBUG FXGLAssetLoaderServi - Loading from file system: jar:file:/C:/Users/HP/.m2/repository/com/github/almasb/fxgl/25/fxgl-25.jar!/fxglassets/textures/fxgl_default_cursor.png
23:50:15.833 [JavaFX Application Thread] DEBUG Input                - Registered new binding: Screenshot - CTRL+8
23:50:15.834 [JavaFX Application Thread] DEBUG Input                - Registered new binding: Dev Options - 1
23:50:15.835 [JavaFX Application Thread] DEBUG Input                - Registered new binding: Dev Console - 2
23:50:15.836 [JavaFX Application Thread] DEBUG Input                - Registered new binding: System info dump - CTRL+9
23:50:15.837 [JavaFX Application Thread] DEBUG Input                - Registered new binding: Restart - CTRL+R
23:50:15.838 [JavaFX Application Thread] DEBUG Input                - Registered new binding: Toggle Debug Camera - CTRL+7
23:50:15.844 [JavaFX Application Thread] DEBUG LoopRunner           - Starting loop
23:50:15.874 [JavaFX Application Thread] DEBUG LoopRunner           - Initializing JavaFX AnimationTimerLoop
23:50:15.880 [JavaFX Application Thread] DEBUG GameApplicationServi - Starting new game
23:50:15.880 [JavaFX Application Thread] DEBUG Input                - Clearing active input actions
23:50:15.903 [JavaFX Application Thread] DEBUG GameApplicationServi - Removing overlay from FXGLStartupScene and adding to FXGLLoadingScene
23:50:15.905 [FXGL Background Thread 4 ] DEBUG FXGLAssetLoaderServi - Loading from file system: jar:file:/C:/Users/HP/.m2/repository/com/github/almasb/fxgl/25/fxgl-25.jar!/fxglassets/ui/fonts/Abel-Regular.ttf
23:50:15.909 [JavaFX Application Thread] DEBUG PrimaryStageWindow   - FXGLStartupScene -> FXGLLoadingScene
23:50:15.909 [JavaFX Application Thread] DEBUG GameApplicationServi - Clearing previous game
23:50:15.909 [JavaFX Application Thread] DEBUG GameScene            - Clearing game scene
23:50:15.909 [JavaFX Application Thread] DEBUG GameWorld            - Clearing game world
23:50:15.910 [JavaFX Application Thread] DEBUG PhysicsWorld         - Clearing physics world
23:50:15.912 [FXGL Background Thread 1 ] DEBUG FXGLApplication      - Initializing game
23:50:15.936 [FXGL Background Thread 4 ] DEBUG FXGLAssetLoaderServi - Loading from file system: jar:file:/C:/Users/HP/.m2/repository/com/github/almasb/fxgl/25/fxgl-25.jar!/fxglassets/ui/fonts/TerminalLandMono-Regular.otf
23:50:15.960 [FXGL Background Thread 4 ] DEBUG FXGLAssetLoaderServi - Loading from file system: jar:file:/C:/Users/HP/.m2/repository/com/github/almasb/fxgl/25/fxgl-25.jar!/fxglassets/ui/fonts/Courier-Prime.ttf
23:50:16.038 [FXGL Background Thread 1 ] WARN  TMXLevelLoader       - TiledMap generated from 1.12.0. Supported version: 1.9.0. Some features may not be parsed fully.
23:50:16.138 [FXGL Background Thread 1 ] DEBUG TMXLevelLoader       - Parsed TiledMap: file:/D:/projects/helloworld/FarmSimulator/target/classes/assets/levels/Main_level.tmx
23:50:16.139 [FXGL Background Thread 1 ] DEBUG TMXLevelLoader       - Creating tile layer entities
23:50:16.142 [FXGL Background Thread 1 ] DEBUG TilesetLoader        - Loading view for layer BackgroundLayer
23:50:16.152 [FXGL Background Thread 1 ] DEBUG TilesetLoader        - Created buffer with size 3520.0x2048.0
23:50:16.257 [FXGL Background Thread 1 ] DEBUG TilesetLoader        - Loading view for layer DecorationLayer
23:50:16.272 [FXGL Background Thread 1 ] DEBUG TilesetLoader        - Created buffer with size 3520.0x2048.0
23:50:16.343 [FXGL Background Thread 1 ] DEBUG TilesetLoader        - Loading view for layer OverheadLayer
23:50:16.371 [FXGL Background Thread 1 ] DEBUG TilesetLoader        - Created buffer with size 3520.0x2048.0
23:50:16.373 [FXGL Background Thread 1 ] DEBUG TMXLevelLoader       - Creating object layer entities
23:50:16.387 [JavaFX Application Thread] DEBUG FXGLApplication      - Registering font factories with UI factory
23:50:16.403 [FXGL Background Thread 1 ] DEBUG FXGLAssetLoaderServi - Loading from file system: file:/D:/projects/helloworld/FarmSimulator/target/classes/assets/textures/Player/Carry_Idle/Carry_Idle_Down-Sheet.png
23:50:16.407 [FXGL Background Thread 1 ] DEBUG FXGLAssetLoaderServi - Loading from file system: file:/D:/projects/helloworld/FarmSimulator/target/classes/assets/textures/Player/Carry_Idle/Carry_Idle_Up-Sheet.png
23:50:16.410 [FXGL Background Thread 1 ] DEBUG FXGLAssetLoaderServi - Loading from file system: file:/D:/projects/helloworld/FarmSimulator/target/classes/assets/textures/Player/Carry_Idle/Carry_Idle_Side-Sheet.png
23:50:16.411 [FXGL Background Thread 1 ] DEBUG FXGLAssetLoaderServi - Loading from file system: file:/D:/projects/helloworld/FarmSimulator/target/classes/assets/textures/Player/Carry_Walk/Carry_Walk_Down-Sheet.png
23:50:16.413 [FXGL Background Thread 1 ] DEBUG FXGLAssetLoaderServi - Loading from file system: file:/D:/projects/helloworld/FarmSimulator/target/classes/assets/textures/Player/Carry_Walk/Carry_Walk_Up-Sheet.png
23:50:16.415 [FXGL Background Thread 1 ] DEBUG FXGLAssetLoaderServi - Loading from file system: file:/D:/projects/helloworld/FarmSimulator/target/classes/assets/textures/Player/Carry_Walk/Carry_Walk_Side-Sheet.png
23:50:16.416 [FXGL Background Thread 1 ] DEBUG FXGLAssetLoaderServi - Loading from file system: file:/D:/projects/helloworld/FarmSimulator/target/classes/assets/textures/Player/Carry_Run/Carry_Run_Down-Sheet.png
23:50:16.419 [FXGL Background Thread 1 ] DEBUG FXGLAssetLoaderServi - Loading from file system: file:/D:/projects/helloworld/FarmSimulator/target/classes/assets/textures/Player/Carry_Run/Carry_Run_Up-Sheet.png
23:50:16.421 [FXGL Background Thread 1 ] DEBUG FXGLAssetLoaderServi - Loading from file system: file:/D:/projects/helloworld/FarmSimulator/target/classes/assets/textures/Player/Carry_Run/Carry_Run_Side-Sheet.png
23:50:16.673 [FXGL Background Thread 1 ] DEBUG GameWorld            - Clearing removable entities
23:50:16.674 [FXGL Background Thread 1 ] DEBUG GameWorld            - Setting level: com.almasb.fxgl.entity.level.Level@56e73e3f
23:50:16.773 [FXGL Background Thread 1 ] DEBUG FXGLAssetLoaderServi - Loading from file system: file:/D:/projects/helloworld/FarmSimulator/target/classes/assets/textures/Crops/soil_1.png
23:50:16.780 [FXGL Background Thread 1 ] DEBUG FXGLAssetLoaderServi - Loading from file system: file:/D:/projects/helloworld/FarmSimulator/target/classes/assets/textures/Crops/rice_1.png
23:50:16.783 [FXGL Background Thread 1 ] DEBUG FXGLAssetLoaderServi - Loading from file system: file:/D:/projects/helloworld/FarmSimulator/target/classes/assets/textures/Crops/rice_3.png
23:50:16.787 [FXGL Background Thread 1 ] DEBUG FXGLAssetLoaderServi - Loading from file system: file:/D:/projects/helloworld/FarmSimulator/target/classes/assets/textures/Crops/soil_2.png
23:50:16.790 [FXGL Background Thread 1 ] DEBUG FXGLAssetLoaderServi - Loading from file system: file:/D:/projects/helloworld/FarmSimulator/target/classes/assets/textures/UI/heart_sprite.png
23:50:16.799 [FXGL Background Thread 1 ] INFO  FXGLApplication      - Game initialization took: 0.886 sec
23:50:16.928 [JavaFX Application Thread] DEBUG Input                - Clearing active input actions
23:50:16.956 [JavaFX Application Thread] DEBUG GameApplicationServi - Removing overlay from FXGLLoadingScene and adding to GameScene
23:50:16.960 [JavaFX Application Thread] DEBUG PrimaryStageWindow   - FXGLLoadingScene -> GameScene
23:50:18.763 [FXGL Background Thread 3 ] DEBUG Engine               - Logging environment variables
23:50:18.768 [FXGL Background Thread 3 ] DEBUG Engine               - achievements: []
23:50:18.768 [FXGL Background Thread 3 ] DEBUG Engine               - actualHeight: 720.0
23:50:18.769 [FXGL Background Thread 3 ] DEBUG Engine               - actualHeightProperty: ReadOnlyDoubleProperty [value: 720.0]
23:50:18.770 [FXGL Background Thread 3 ] DEBUG Engine               - actualWidth: 1280.0
23:50:18.770 [FXGL Background Thread 3 ] DEBUG Engine               - actualWidthProperty: ReadOnlyDoubleProperty [value: 1280.0]
23:50:18.771 [FXGL Background Thread 3 ] DEBUG Engine               - appIcon: fxgl_icon.png
23:50:18.771 [FXGL Background Thread 3 ] DEBUG Engine               - applicationMode: DEVELOPER
23:50:18.771 [FXGL Background Thread 3 ] DEBUG Engine               - cSSList: [fxgl_dark.css]
23:50:18.771 [FXGL Background Thread 3 ] DEBUG Engine               - collisionDetectionStrategy: BRUTE_FORCE
23:50:18.771 [FXGL Background Thread 3 ] DEBUG Engine               - configClass: Optional.empty
23:50:18.771 [FXGL Background Thread 3 ] DEBUG Engine               - credits: []
23:50:18.773 [FXGL Background Thread 3 ] DEBUG Engine               - defaultCursor: CursorInfo(imageName=fxgl_default_cursor.png, hotspotX=7.0, hotspotY=6.0)
23:50:18.773 [FXGL Background Thread 3 ] DEBUG Engine               - devBBoxColorProperty: ObjectProperty [value: 0xff0000ff]
23:50:18.774 [FXGL Background Thread 3 ] DEBUG Engine               - devEnableDebugCameraProperty: BooleanProperty [value: false]
23:50:18.774 [FXGL Background Thread 3 ] DEBUG Engine               - devSensorColorProperty: ObjectProperty [value: 0xffff00ff]
23:50:18.774 [FXGL Background Thread 3 ] DEBUG Engine               - devShowBBoxProperty: BooleanProperty [value: false]
23:50:18.775 [FXGL Background Thread 3 ] DEBUG Engine               - devShowPositionProperty: BooleanProperty [value: false]
23:50:18.775 [FXGL Background Thread 3 ] DEBUG Engine               - enabledMenuItems: []
23:50:18.776 [FXGL Background Thread 3 ] DEBUG Engine               - engineServices: [class com.almasb.fxgl.app.services.FXGLAssetLoaderService, class com.almasb.fxgl.app.FXGLApplication$GameApplicationService, class com.almasb.fxgl.app.services.FXGLDialogService, class com.almasb.fxgl.app.services.IOTaskExecutorService, class com.almasb.fxgl.io.FileSystemService, class com.almasb.fxgl.localization.LocalizationService, class com.almasb.fxgl.app.services.SystemBundleService, class com.almasb.fxgl.profile.SaveLoadService, class com.almasb.fxgl.ui.FXGLUIFactoryServiceProvider, class com.almasb.fxgl.ui.FXGLDialogFactoryServiceProvider, class com.almasb.fxgl.audio.AudioPlayer, class com.almasb.fxgl.notification.impl.NotificationServiceProvider, class com.almasb.fxgl.achievement.AchievementService, class com.almasb.fxgl.cutscene.CutsceneService, class com.almasb.fxgl.minigames.MiniGameService, class com.almasb.fxgl.net.NetService, class com.almasb.fxgl.app.services.UpdaterService, class com.almasb.fxgl.dev.DevService]
23:50:18.776 [FXGL Background Thread 3 ] DEBUG Engine               - fontGame: Abel-Regular.ttf
23:50:18.777 [FXGL Background Thread 3 ] DEBUG Engine               - fontMono: TerminalLandMono-Regular.otf
23:50:18.777 [FXGL Background Thread 3 ] DEBUG Engine               - fontSizeScaleUI: 1.0
23:50:18.777 [FXGL Background Thread 3 ] DEBUG Engine               - fontText: Courier-Prime.ttf
23:50:18.777 [FXGL Background Thread 3 ] DEBUG Engine               - fontUI: VarelaRound-Regular.ttf
23:50:18.778 [FXGL Background Thread 3 ] DEBUG Engine               - fpsRefreshRate: 500.0 ms
23:50:18.778 [FXGL Background Thread 3 ] DEBUG Engine               - fullScreen: BooleanProperty [value: false]
23:50:18.778 [FXGL Background Thread 3 ] DEBUG Engine               - gameDifficulty: MEDIUM
23:50:18.778 [FXGL Background Thread 3 ] DEBUG Engine               - gameDifficultyProperty: ObjectProperty [value: MEDIUM]
23:50:18.778 [FXGL Background Thread 3 ] DEBUG Engine               - globalMusicVolume: 0.5
23:50:18.779 [FXGL Background Thread 3 ] DEBUG Engine               - globalMusicVolumeProperty: DoubleProperty [value: 0.5]
23:50:18.779 [FXGL Background Thread 3 ] DEBUG Engine               - globalSoundVolume: 0.5
23:50:18.779 [FXGL Background Thread 3 ] DEBUG Engine               - globalSoundVolumeProperty: DoubleProperty [value: 0.5]
23:50:18.779 [FXGL Background Thread 3 ] DEBUG Engine               - height: 720
23:50:18.779 [FXGL Background Thread 3 ] DEBUG Engine               - is3D: false
23:50:18.779 [FXGL Background Thread 3 ] DEBUG Engine               - isAndroid: false
23:50:18.779 [FXGL Background Thread 3 ] DEBUG Engine               - isBrowser: false
23:50:18.779 [FXGL Background Thread 3 ] DEBUG Engine               - isClickFeedbackEnabled: false
23:50:18.779 [FXGL Background Thread 3 ] DEBUG Engine               - isCloseConfirmation: false
23:50:18.779 [FXGL Background Thread 3 ] DEBUG Engine               - isDesktop: true
23:50:18.779 [FXGL Background Thread 3 ] DEBUG Engine               - isDeveloperMenuEnabled: true
23:50:18.779 [FXGL Background Thread 3 ] DEBUG Engine               - isEmbedded: false
23:50:18.779 [FXGL Background Thread 3 ] DEBUG Engine               - isEntityPreloadEnabled: true
23:50:18.779 [FXGL Background Thread 3 ] DEBUG Engine               - isExperimentalTiledLargeMap: false
23:50:18.779 [FXGL Background Thread 3 ] DEBUG Engine               - isFileSystemWriteAllowed: true
23:50:18.779 [FXGL Background Thread 3 ] DEBUG Engine               - isFullScreenAllowed: false
23:50:18.779 [FXGL Background Thread 3 ] DEBUG Engine               - isFullScreenFromStart: false
23:50:18.779 [FXGL Background Thread 3 ] DEBUG Engine               - isGameMenuEnabled: true
23:50:18.779 [FXGL Background Thread 3 ] DEBUG Engine               - isIOS: false
23:50:18.780 [FXGL Background Thread 3 ] DEBUG Engine               - isIntroEnabled: false
23:50:18.780 [FXGL Background Thread 3 ] DEBUG Engine               - isLinux: false
23:50:18.780 [FXGL Background Thread 3 ] DEBUG Engine               - isMac: false
23:50:18.780 [FXGL Background Thread 3 ] DEBUG Engine               - isMainMenuEnabled: false
23:50:18.780 [FXGL Background Thread 3 ] DEBUG Engine               - isManualResizeEnabled: false
23:50:18.780 [FXGL Background Thread 3 ] DEBUG Engine               - isMobile: false
23:50:18.782 [FXGL Background Thread 3 ] DEBUG Engine               - isNative: false
23:50:18.782 [FXGL Background Thread 3 ] DEBUG Engine               - isPauseMusicWhenMinimized: true
23:50:18.782 [FXGL Background Thread 3 ] DEBUG Engine               - isPreserveResizeRatio: false
23:50:18.782 [FXGL Background Thread 3 ] DEBUG Engine               - isProfilingEnabled: false
23:50:18.782 [FXGL Background Thread 3 ] DEBUG Engine               - isScaleAffectedOnResize: true
23:50:18.782 [FXGL Background Thread 3 ] DEBUG Engine               - isSingleStep: false
23:50:18.782 [FXGL Background Thread 3 ] DEBUG Engine               - isUserProfileEnabled: false
23:50:18.782 [FXGL Background Thread 3 ] DEBUG Engine               - isWindows: true
23:50:18.782 [FXGL Background Thread 3 ] DEBUG Engine               - language: ObjectProperty [value: ENGLISH]
23:50:18.782 [FXGL Background Thread 3 ] DEBUG Engine               - menuKey: ESCAPE
23:50:18.782 [FXGL Background Thread 3 ] DEBUG Engine               - mouseSensitivity: 0.2
23:50:18.782 [FXGL Background Thread 3 ] DEBUG Engine               - notificationViewClass: class com.almasb.fxgl.notification.view.XboxNotificationView
23:50:18.782 [FXGL Background Thread 3 ] DEBUG Engine               - pixelsPerMeter: 50.0
23:50:18.782 [FXGL Background Thread 3 ] DEBUG Engine               - platform: WINDOWS
23:50:18.785 [FXGL Background Thread 3 ] DEBUG Engine               - prefHeightProperty: ReadOnlyDoubleProperty [value: 720.0]
23:50:18.786 [FXGL Background Thread 3 ] DEBUG Engine               - prefWidthProperty: ReadOnlyDoubleProperty [value: 1280.0]
23:50:18.786 [FXGL Background Thread 3 ] DEBUG Engine               - profileDir: profiles/
23:50:18.786 [FXGL Background Thread 3 ] DEBUG Engine               - profileName: StringProperty [value: DEFAULT]
23:50:18.786 [FXGL Background Thread 3 ] DEBUG Engine               - randomSeed: -1
23:50:18.786 [FXGL Background Thread 3 ] DEBUG Engine               - runtimeInfo: RuntimeInfo(platform=WINDOWS, version=25, build=05.02.2026 22.57)
23:50:18.786 [FXGL Background Thread 3 ] DEBUG Engine               - saveFileExt: sav
23:50:18.786 [FXGL Background Thread 3 ] DEBUG Engine               - scaledHeightProp$fxgl: DoubleProperty [bound, value: 720.0]
23:50:18.786 [FXGL Background Thread 3 ] DEBUG Engine               - scaledWidthProp$fxgl: DoubleProperty [bound, value: 1280.0]
23:50:18.786 [FXGL Background Thread 3 ] DEBUG Engine               - sceneFactory: com.almasb.fxgl.app.scene.SceneFactory@5814ee04
23:50:18.786 [FXGL Background Thread 3 ] DEBUG Engine               - secondsIn24h: 60
23:50:18.786 [FXGL Background Thread 3 ] DEBUG Engine               - soundMenuBack: menu/back.wav
23:50:18.786 [FXGL Background Thread 3 ] DEBUG Engine               - soundMenuPress: menu/press.wav
23:50:18.786 [FXGL Background Thread 3 ] DEBUG Engine               - soundMenuSelect: menu/select.wav
23:50:18.786 [FXGL Background Thread 3 ] DEBUG Engine               - soundNotification: core/notification.wav
23:50:18.786 [FXGL Background Thread 3 ] DEBUG Engine               - stageStyle: DECORATED
23:50:18.787 [FXGL Background Thread 3 ] DEBUG Engine               - supportedLanguages: [ENGLISH, FRENCH, GERMAN, HUNGARIAN, RUSSIAN]
23:50:18.787 [FXGL Background Thread 3 ] DEBUG Engine               - ticksPerSecond: -1
23:50:18.787 [FXGL Background Thread 3 ] DEBUG Engine               - title: Java Farming Professional
23:50:18.787 [FXGL Background Thread 3 ] DEBUG Engine               - urlGithub: https://github.com/AlmasB/FXGL
23:50:18.787 [FXGL Background Thread 3 ] DEBUG Engine               - urlLeaderboard: http://fxgl-top.herokuapp.com/
23:50:18.787 [FXGL Background Thread 3 ] DEBUG Engine               - urlPOM: https://raw.githubusercontent.com/AlmasB/FXGL/release/README.md
23:50:18.787 [FXGL Background Thread 3 ] DEBUG Engine               - userAppClass: class Project1Game.Main
23:50:18.787 [FXGL Background Thread 3 ] DEBUG Engine               - version: 2.0
23:50:18.787 [FXGL Background Thread 3 ] DEBUG Engine               - versionCheckDays: 7
23:50:18.787 [FXGL Background Thread 3 ] DEBUG Engine               - width: 1280
23:50:18.788 [FXGL Background Thread 3 ] DEBUG Engine               - Logging services
23:50:18.788 [FXGL Background Thread 3 ] DEBUG Engine               - class com.almasb.fxgl.app.services.FXGLAssetLoaderService
23:50:18.788 [FXGL Background Thread 3 ] DEBUG Engine               - class com.almasb.fxgl.app.FXGLApplication$GameApplicationService
23:50:18.788 [FXGL Background Thread 3 ] DEBUG Engine               - class com.almasb.fxgl.app.services.FXGLDialogService
23:50:18.788 [FXGL Background Thread 3 ] DEBUG Engine               - class com.almasb.fxgl.app.services.IOTaskExecutorService
23:50:18.788 [FXGL Background Thread 3 ] DEBUG Engine               - class com.almasb.fxgl.io.FileSystemService
23:50:18.788 [FXGL Background Thread 3 ] DEBUG Engine               - class com.almasb.fxgl.localization.LocalizationService
23:50:18.788 [FXGL Background Thread 3 ] DEBUG Engine               - class com.almasb.fxgl.app.services.SystemBundleService
23:50:18.788 [FXGL Background Thread 3 ] DEBUG Engine               - class com.almasb.fxgl.profile.SaveLoadService
23:50:18.788 [FXGL Background Thread 3 ] DEBUG Engine               - class com.almasb.fxgl.ui.FXGLUIFactoryServiceProvider
23:50:18.789 [FXGL Background Thread 3 ] DEBUG Engine               - class com.almasb.fxgl.ui.FXGLDialogFactoryServiceProvider
23:50:18.789 [FXGL Background Thread 3 ] DEBUG Engine               - class com.almasb.fxgl.audio.AudioPlayer
23:50:18.789 [FXGL Background Thread 3 ] DEBUG Engine               - class com.almasb.fxgl.notification.impl.NotificationServiceProvider
23:50:18.789 [FXGL Background Thread 3 ] DEBUG Engine               - class com.almasb.fxgl.achievement.AchievementService
23:50:18.789 [FXGL Background Thread 3 ] DEBUG Engine               - class com.almasb.fxgl.cutscene.CutsceneService
23:50:18.789 [FXGL Background Thread 3 ] DEBUG Engine               - class com.almasb.fxgl.minigames.MiniGameService
23:50:18.789 [FXGL Background Thread 3 ] DEBUG Engine               - class com.almasb.fxgl.net.NetService
23:50:18.789 [FXGL Background Thread 3 ] DEBUG Engine               - class com.almasb.fxgl.app.services.UpdaterService
23:50:18.789 [FXGL Background Thread 3 ] DEBUG Engine               - class com.almasb.fxgl.dev.DevService
23:51:06.683 [JavaFX Application Thread] DEBUG FXGLApplication      - Exiting FXGL
23:51:06.683 [JavaFX Application Thread] DEBUG LoopRunner           - Stopping loop
23:51:06.685 [JavaFX Application Thread] DEBUG SystemBundleService  - Saving FXGL system data
23:51:06.692 [JavaFX Application Thread] DEBUG FileSystemAccess     - Writing to: D:\projects\helloworld\FarmSimulator\system\fxgl.bundle
23:51:06.696 [JavaFX Application Thread] DEBUG Async                - Shutting down background threads
23:51:06.696 [JavaFX Application Thread] DEBUG PrimaryStageWindow   - Closing main window
23:51:06.714 [JavaFX Application Thread] DEBUG Logger               - Closing Logger
