17:37:39.926 [main                     ] DEBUG Logger               - Configured Logger
17:37:39.943 [main                     ] DEBUG GameApplication      - Logging settings
Title: Java Farming Professional
Version: 2.5
Width: 1280
Height: 720
Fullscreen: false
Intro: false
Profiling: false
Single step:false
App Mode: DEVELOPER
Menu Key: ESCAPE
Stage Style: DECORATED
Scene Factory: class Project1Game.ui.FarmSceneFactory

17:37:40.463 [JavaFX Application Thread] DEBUG FXGLApplication      - Initializing FXGL
17:37:40.468 [JavaFX Application Thread] INFO  Engine               - FXGL-25 (05.02.2026 22.57) on WINDOWS (J:25.0.2 FX:25.0.1)
17:37:40.468 [JavaFX Application Thread] DEBUG Engine               - JRE Vendor Name: Oracle Corporation
17:37:40.468 [JavaFX Application Thread] DEBUG Engine               - Running on OS: Windows 11 version 10.0
17:37:40.468 [JavaFX Application Thread] DEBUG Engine               - Architecture: amd64
17:37:40.469 [JavaFX Application Thread] INFO  Engine               - Source code and latest versions at: https://github.com/AlmasB/FXGL
17:37:40.469 [JavaFX Application Thread] INFO  Engine               -       Ask questions and discuss at: https://github.com/AlmasB/FXGL/discussions
17:37:40.578 [JavaFX Application Thread] DEBUG PrimaryStageWindow   - Creating a JavaFX scene
17:37:40.627 [JavaFX Application Thread] DEBUG PrimaryStageWindow   - Target settings size: 1280.0 x 720.0
17:37:40.627 [JavaFX Application Thread] DEBUG PrimaryStageWindow   - Scaled scene size:    1280.0 x 720.0
17:37:40.627 [JavaFX Application Thread] DEBUG PrimaryStageWindow   - Scaled ratio: (1.0, 1.0)
17:37:40.628 [JavaFX Application Thread] DEBUG PrimaryStageWindow   - Set initial scene to FXGLStartupScene
17:37:40.632 [JavaFX Application Thread] DEBUG PrimaryStageWindow   - Opening main window
17:37:41.012 [JavaFX Application Thread] DEBUG PrimaryStageWindow   - Window border size: (14.4000244140625, 37.5999755859375)
17:37:41.012 [JavaFX Application Thread] DEBUG PrimaryStageWindow   - Scaled size: 1280.0 x 720.0
17:37:41.012 [JavaFX Application Thread] DEBUG PrimaryStageWindow   - Scaled ratio: (1.0, 1.0)
17:37:41.012 [JavaFX Application Thread] DEBUG PrimaryStageWindow   - Scene size: 1280.0 x 720.0
17:37:41.013 [JavaFX Application Thread] DEBUG PrimaryStageWindow   - Stage size: 1294.4000244140625 x 757.5999755859375
17:37:41.020 [FXGL Background Thread 1 ] DEBUG Engine               - Initializing environment variables
17:37:41.070 [FXGL Background Thread 1 ] DEBUG FXGLAssetLoaderServi - User app class for loading assets: class Project1Game.Main
17:37:41.070 [FXGL Background Thread 1 ] DEBUG GameApplicationServi - Applying CSS: fxgl_dark.css
17:37:41.071 [FXGL Background Thread 1 ] DEBUG FXGLAssetLoaderServi - Loading from file system: jar:file:/C:/Users/Administrator.DESKTOP-98TGIBL/.m2/repository/com/github/almasb/fxgl/25/fxgl-25.jar!/fxglassets/ui/css/fxgl_dark.css
17:37:41.113 [FXGL Background Thread 1 ] DEBUG GameApplicationServi - Initializing application scenes
17:37:41.151 [FXGL Background Thread 1 ] DEBUG GameWorld            - Game world initialized
17:37:41.197 [FXGL Background Thread 1 ] DEBUG PhysicsWorld         - Physics world initialized: appHeight=720, physics.ppm=50,0
17:37:41.198 [FXGL Background Thread 1 ] DEBUG PhysicsWorld         - Using strategy: BRUTE_FORCE
17:37:41.204 [FXGL Background Thread 1 ] DEBUG GameScene            - Game scene initialized: 1280x720
17:37:41.227 [FXGL Background Thread 1 ] DEBUG GameApplicationServi - Application scenes initialized
17:37:41.239 [FXGL Background Thread 1 ] DEBUG SystemBundleService  - Loading FXGL system data
17:37:41.242 [FXGL Background Thread 1 ] DEBUG FileSystemAccess     - Reading from: C:\Users\Administrator.DESKTOP-98TGIBL\Desktop\OOP\Project\FarmSimulator\system\fxgl.bundle
17:37:41.247 [FXGL Background Thread 1 ] DEBUG SystemBundleService  - Bundle FXGL: {}
17:37:41.247 [FXGL Background Thread 1 ] DEBUG UpdaterService       - Checking for updates
17:37:41.278 [FXGL Background Thread 4 ] DEBUG FXGLApplication      - Loading fonts
17:37:41.278 [FXGL Background Thread 4 ] DEBUG FXGLAssetLoaderServi - Loading from file system: jar:file:/C:/Users/Administrator.DESKTOP-98TGIBL/.m2/repository/com/github/almasb/fxgl/25/fxgl-25.jar!/fxglassets/ui/fonts/VarelaRound-Regular.ttf
17:37:41.279 [FXGL Background Thread 1 ] DEBUG FXGLApplication      - Loading default localization
17:37:41.279 [FXGL Background Thread 1 ] DEBUG FXGLAssetLoaderServi - Loading from file system: jar:file:/C:/Users/Administrator.DESKTOP-98TGIBL/.m2/repository/com/github/almasb/fxgl/25/fxgl-25.jar!/fxglassets/languages/english.lang
17:37:41.292 [FXGL Background Thread 1 ] INFO  FXGLApplication      - FXGL initialization took: 0,271 sec
17:37:41.303 [JavaFX Application Thread] DEBUG Input                - Registered new binding: Move Right - D
17:37:41.303 [JavaFX Application Thread] DEBUG Input                - Registered new binding: Move Left - A
17:37:41.303 [JavaFX Application Thread] DEBUG Input                - Registered new binding: Move Up - W
17:37:41.303 [JavaFX Application Thread] DEBUG Input                - Registered new binding: Move Down - S
17:37:41.303 [JavaFX Application Thread] DEBUG Input                - Registered new binding: Interact Action Key - E
17:37:41.303 [JavaFX Application Thread] DEBUG Input                - Registered new binding: Use Tool Keyboard - F
17:37:41.305 [JavaFX Application Thread] DEBUG Input                - Registered new binding: Use Tool Mouse - LMB
17:37:41.305 [JavaFX Application Thread] DEBUG Input                - Registered new binding: Test Quick Water - Q
17:37:41.305 [JavaFX Application Thread] DEBUG Input                - Registered new binding: Close UI Window - R
17:37:41.305 [JavaFX Application Thread] DEBUG Input                - Registered new binding: Toggle Inventory Window - Tab
17:37:41.305 [JavaFX Application Thread] DEBUG Input                - Registered new binding: Toggle Admin Panel - Back Quote
17:37:41.306 [JavaFX Application Thread] DEBUG Input                - Registered new binding: Quick Save - F5
17:37:41.306 [JavaFX Application Thread] DEBUG Input                - Registered new binding: Quick Load - F9
17:37:41.306 [JavaFX Application Thread] DEBUG Input                - Registered new binding: Select Inventory Slot 1 - 1
17:37:41.306 [JavaFX Application Thread] DEBUG Input                - Registered new binding: Select Inventory Slot 2 - 2
17:37:41.306 [JavaFX Application Thread] DEBUG Input                - Registered new binding: Select Inventory Slot 3 - 3
17:37:41.306 [JavaFX Application Thread] DEBUG Input                - Registered new binding: Select Inventory Slot 4 - 4
17:37:41.306 [JavaFX Application Thread] DEBUG Input                - Registered new binding: Select Inventory Slot 5 - 5
17:37:41.307 [JavaFX Application Thread] DEBUG Input                - Registered new binding: Select Inventory Slot 6 - 6
17:37:41.307 [JavaFX Application Thread] DEBUG Input                - Registered new binding: Select Inventory Slot 7 - 7
17:37:41.307 [JavaFX Application Thread] DEBUG Input                - Registered new binding: Select Inventory Slot 8 - 8
17:37:41.307 [JavaFX Application Thread] DEBUG Input                - Registered new binding: Select Inventory Slot 9 - 9
17:37:41.308 [JavaFX Application Thread] DEBUG FXGLAssetLoaderServi - Loading from file system: jar:file:/C:/Users/Administrator.DESKTOP-98TGIBL/.m2/repository/com/github/almasb/fxgl/25/fxgl-25.jar!/fxglassets/textures/fxgl_icon.png
17:37:41.314 [FXGL Background Thread 4 ] DEBUG FXGLAssetLoaderServi - Loading from file system: jar:file:/C:/Users/Administrator.DESKTOP-98TGIBL/.m2/repository/com/github/almasb/fxgl/25/fxgl-25.jar!/fxglassets/ui/fonts/Abel-Regular.ttf
17:37:41.319 [FXGL Background Thread 4 ] DEBUG FXGLAssetLoaderServi - Loading from file system: jar:file:/C:/Users/Administrator.DESKTOP-98TGIBL/.m2/repository/com/github/almasb/fxgl/25/fxgl-25.jar!/fxglassets/ui/fonts/TerminalLandMono-Regular.otf
17:37:41.323 [FXGL Background Thread 4 ] DEBUG FXGLAssetLoaderServi - Loading from file system: jar:file:/C:/Users/Administrator.DESKTOP-98TGIBL/.m2/repository/com/github/almasb/fxgl/25/fxgl-25.jar!/fxglassets/ui/fonts/Courier-Prime.ttf
17:37:41.353 [JavaFX Application Thread] DEBUG FXGLAssetLoaderServi - Loading from file system: jar:file:/C:/Users/Administrator.DESKTOP-98TGIBL/.m2/repository/com/github/almasb/fxgl/25/fxgl-25.jar!/fxglassets/textures/fxgl_default_cursor.png
17:37:41.355 [JavaFX Application Thread] DEBUG Input                - Registered new binding: Screenshot - CTRL+8
17:37:41.355 [JavaFX Application Thread] DEBUG Input                - Registered new binding: Dev Options - 1
17:37:41.356 [JavaFX Application Thread] DEBUG Input                - Registered new binding: Dev Console - 2
17:37:41.356 [JavaFX Application Thread] DEBUG Input                - Registered new binding: System info dump - CTRL+9
17:37:41.356 [JavaFX Application Thread] DEBUG Input                - Registered new binding: Restart - CTRL+R
17:37:41.357 [JavaFX Application Thread] DEBUG Input                - Registered new binding: Toggle Debug Camera - CTRL+7
17:37:41.360 [JavaFX Application Thread] DEBUG LoopRunner           - Starting loop
17:37:41.372 [JavaFX Application Thread] DEBUG LoopRunner           - Initializing JavaFX AnimationTimerLoop
17:37:41.376 [JavaFX Application Thread] DEBUG Input                - Clearing active input actions
17:37:41.388 [JavaFX Application Thread] DEBUG GameApplicationServi - Removing overlay from FXGLStartupScene and adding to FXGLMainMenuDummyScene
17:37:41.395 [JavaFX Application Thread] DEBUG PrimaryStageWindow   - FXGLStartupScene -> FXGLMainMenuDummyScene
17:37:41.395 [JavaFX Application Thread] DEBUG PrimaryStageWindow   - Push state: FarmMenu
17:37:41.396 [JavaFX Application Thread] DEBUG Input                - Clearing active input actions
17:37:41.399 [JavaFX Application Thread] DEBUG GameApplicationServi - Removing overlay from FXGLMainMenuDummyScene and adding to FarmMenu
17:37:41.399 [JavaFX Application Thread] DEBUG PrimaryStageWindow   - FXGLMainMenuDummyScene -> FarmMenu
17:37:41.400 [JavaFX Application Thread] DEBUG FXGLApplication      - Registering font factories with UI factory
17:37:42.838 [JavaFX Application Thread] DEBUG FXGLAssetLoaderServi - Loading from file system: file:/C:/Users/Administrator.DESKTOP-98TGIBL/Desktop/OOP/Project/FarmSimulator/target/classes/assets/textures/Player/player.png
17:37:42.841 [JavaFX Application Thread] DEBUG FXGLAssetLoaderServi - Loading from file system: file:/C:/Users/Administrator.DESKTOP-98TGIBL/Desktop/OOP/Project/FarmSimulator/target/classes/assets/textures/Player_HUST/player.png
17:37:42.843 [JavaFX Application Thread] DEBUG FXGLAssetLoaderServi - Loading from file system: file:/C:/Users/Administrator.DESKTOP-98TGIBL/Desktop/OOP/Project/FarmSimulator/target/classes/assets/textures/Player_Farmer/player.png
17:37:42.844 [JavaFX Application Thread] DEBUG FXGLAssetLoaderServi - Loading from file system: file:/C:/Users/Administrator.DESKTOP-98TGIBL/Desktop/OOP/Project/FarmSimulator/target/classes/assets/textures/Player_Cowboy/player.png
17:37:42.845 [JavaFX Application Thread] DEBUG FXGLAssetLoaderServi - Loading from file system: file:/C:/Users/Administrator.DESKTOP-98TGIBL/Desktop/OOP/Project/FarmSimulator/target/classes/assets/textures/Player_Knight/player.png
17:37:42.846 [JavaFX Application Thread] DEBUG FXGLAssetLoaderServi - Loading from file system: file:/C:/Users/Administrator.DESKTOP-98TGIBL/Desktop/OOP/Project/FarmSimulator/target/classes/assets/textures/Player_Witch/player.png
17:37:44.277 [FXGL Background Thread 3 ] DEBUG Engine               - Logging environment variables
17:37:44.277 [FXGL Background Thread 3 ] DEBUG Engine               - achievements: []
17:37:44.277 [FXGL Background Thread 3 ] DEBUG Engine               - actualHeight: 720.0
17:37:44.277 [FXGL Background Thread 3 ] DEBUG Engine               - actualHeightProperty: ReadOnlyDoubleProperty [value: 720.0]
17:37:44.277 [FXGL Background Thread 3 ] DEBUG Engine               - actualWidth: 1280.0
17:37:44.277 [FXGL Background Thread 3 ] DEBUG Engine               - actualWidthProperty: ReadOnlyDoubleProperty [value: 1280.0]
17:37:44.277 [FXGL Background Thread 3 ] DEBUG Engine               - appIcon: fxgl_icon.png
17:37:44.277 [FXGL Background Thread 3 ] DEBUG Engine               - applicationMode: DEVELOPER
17:37:44.277 [FXGL Background Thread 3 ] DEBUG Engine               - cSSList: [fxgl_dark.css]
17:37:44.278 [FXGL Background Thread 3 ] DEBUG Engine               - collisionDetectionStrategy: BRUTE_FORCE
17:37:44.278 [FXGL Background Thread 3 ] DEBUG Engine               - configClass: Optional.empty
17:37:44.278 [FXGL Background Thread 3 ] DEBUG Engine               - credits: []
17:37:44.279 [FXGL Background Thread 3 ] DEBUG Engine               - defaultCursor: CursorInfo(imageName=fxgl_default_cursor.png, hotspotX=7.0, hotspotY=6.0)
17:37:44.279 [FXGL Background Thread 3 ] DEBUG Engine               - devBBoxColorProperty: ObjectProperty [value: 0xff0000ff]
17:37:44.279 [FXGL Background Thread 3 ] DEBUG Engine               - devEnableDebugCameraProperty: BooleanProperty [value: false]
17:37:44.279 [FXGL Background Thread 3 ] DEBUG Engine               - devSensorColorProperty: ObjectProperty [value: 0xffff00ff]
17:37:44.280 [FXGL Background Thread 3 ] DEBUG Engine               - devShowBBoxProperty: BooleanProperty [value: false]
17:37:44.280 [FXGL Background Thread 3 ] DEBUG Engine               - devShowPositionProperty: BooleanProperty [value: false]
17:37:44.280 [FXGL Background Thread 3 ] DEBUG Engine               - enabledMenuItems: []
17:37:44.280 [FXGL Background Thread 3 ] DEBUG Engine               - engineServices: [class com.almasb.fxgl.app.services.FXGLAssetLoaderService, class com.almasb.fxgl.app.FXGLApplication$GameApplicationService, class com.almasb.fxgl.app.services.FXGLDialogService, class com.almasb.fxgl.app.services.IOTaskExecutorService, class com.almasb.fxgl.io.FileSystemService, class com.almasb.fxgl.localization.LocalizationService, class com.almasb.fxgl.app.services.SystemBundleService, class com.almasb.fxgl.profile.SaveLoadService, class com.almasb.fxgl.ui.FXGLUIFactoryServiceProvider, class com.almasb.fxgl.ui.FXGLDialogFactoryServiceProvider, class com.almasb.fxgl.audio.AudioPlayer, class com.almasb.fxgl.notification.impl.NotificationServiceProvider, class com.almasb.fxgl.achievement.AchievementService, class com.almasb.fxgl.cutscene.CutsceneService, class com.almasb.fxgl.minigames.MiniGameService, class com.almasb.fxgl.net.NetService, class com.almasb.fxgl.app.services.UpdaterService, class com.almasb.fxgl.dev.DevService]
17:37:44.280 [FXGL Background Thread 3 ] DEBUG Engine               - fontGame: Abel-Regular.ttf
17:37:44.280 [FXGL Background Thread 3 ] DEBUG Engine               - fontMono: TerminalLandMono-Regular.otf
17:37:44.280 [FXGL Background Thread 3 ] DEBUG Engine               - fontSizeScaleUI: 1.0
17:37:44.280 [FXGL Background Thread 3 ] DEBUG Engine               - fontText: Courier-Prime.ttf
17:37:44.280 [FXGL Background Thread 3 ] DEBUG Engine               - fontUI: VarelaRound-Regular.ttf
17:37:44.280 [FXGL Background Thread 3 ] DEBUG Engine               - fpsRefreshRate: 500.0 ms
17:37:44.280 [FXGL Background Thread 3 ] DEBUG Engine               - fullScreen: BooleanProperty [value: false]
17:37:44.280 [FXGL Background Thread 3 ] DEBUG Engine               - gameDifficulty: MEDIUM
17:37:44.280 [FXGL Background Thread 3 ] DEBUG Engine               - gameDifficultyProperty: ObjectProperty [value: MEDIUM]
17:37:44.280 [FXGL Background Thread 3 ] DEBUG Engine               - globalMusicVolume: 0.5
17:37:44.280 [FXGL Background Thread 3 ] DEBUG Engine               - globalMusicVolumeProperty: DoubleProperty [value: 0.5]
17:37:44.280 [FXGL Background Thread 3 ] DEBUG Engine               - globalSoundVolume: 0.5
17:37:44.280 [FXGL Background Thread 3 ] DEBUG Engine               - globalSoundVolumeProperty: DoubleProperty [value: 0.5]
17:37:44.280 [FXGL Background Thread 3 ] DEBUG Engine               - height: 720
17:37:44.280 [FXGL Background Thread 3 ] DEBUG Engine               - is3D: false
17:37:44.280 [FXGL Background Thread 3 ] DEBUG Engine               - isAndroid: false
17:37:44.280 [FXGL Background Thread 3 ] DEBUG Engine               - isBrowser: false
17:37:44.280 [FXGL Background Thread 3 ] DEBUG Engine               - isClickFeedbackEnabled: false
17:37:44.280 [FXGL Background Thread 3 ] DEBUG Engine               - isCloseConfirmation: false
17:37:44.280 [FXGL Background Thread 3 ] DEBUG Engine               - isDesktop: true
17:37:44.280 [FXGL Background Thread 3 ] DEBUG Engine               - isDeveloperMenuEnabled: true
17:37:44.280 [FXGL Background Thread 3 ] DEBUG Engine               - isEmbedded: false
17:37:44.280 [FXGL Background Thread 3 ] DEBUG Engine               - isEntityPreloadEnabled: true
17:37:44.280 [FXGL Background Thread 3 ] DEBUG Engine               - isExperimentalTiledLargeMap: false
17:37:44.280 [FXGL Background Thread 3 ] DEBUG Engine               - isFileSystemWriteAllowed: true
17:37:44.280 [FXGL Background Thread 3 ] DEBUG Engine               - isFullScreenAllowed: false
17:37:44.281 [FXGL Background Thread 3 ] DEBUG Engine               - isFullScreenFromStart: false
17:37:44.281 [FXGL Background Thread 3 ] DEBUG Engine               - isGameMenuEnabled: true
17:37:44.281 [FXGL Background Thread 3 ] DEBUG Engine               - isIOS: false
17:37:44.281 [FXGL Background Thread 3 ] DEBUG Engine               - isIntroEnabled: false
17:37:44.281 [FXGL Background Thread 3 ] DEBUG Engine               - isLinux: false
17:37:44.281 [FXGL Background Thread 3 ] DEBUG Engine               - isMac: false
17:37:44.281 [FXGL Background Thread 3 ] DEBUG Engine               - isMainMenuEnabled: true
17:37:44.281 [FXGL Background Thread 3 ] DEBUG Engine               - isManualResizeEnabled: false
17:37:44.281 [FXGL Background Thread 3 ] DEBUG Engine               - isMobile: false
17:37:44.281 [FXGL Background Thread 3 ] DEBUG Engine               - isNative: false
17:37:44.281 [FXGL Background Thread 3 ] DEBUG Engine               - isPauseMusicWhenMinimized: true
17:37:44.281 [FXGL Background Thread 3 ] DEBUG Engine               - isPreserveResizeRatio: false
17:37:44.281 [FXGL Background Thread 3 ] DEBUG Engine               - isProfilingEnabled: false
17:37:44.281 [FXGL Background Thread 3 ] DEBUG Engine               - isScaleAffectedOnResize: true
17:37:44.281 [FXGL Background Thread 3 ] DEBUG Engine               - isSingleStep: false
17:37:44.281 [FXGL Background Thread 3 ] DEBUG Engine               - isUserProfileEnabled: false
17:37:44.281 [FXGL Background Thread 3 ] DEBUG Engine               - isWindows: true
17:37:44.281 [FXGL Background Thread 3 ] DEBUG Engine               - language: ObjectProperty [value: ENGLISH]
17:37:44.281 [FXGL Background Thread 3 ] DEBUG Engine               - menuKey: ESCAPE
17:37:44.281 [FXGL Background Thread 3 ] DEBUG Engine               - mouseSensitivity: 0.2
17:37:44.281 [FXGL Background Thread 3 ] DEBUG Engine               - notificationViewClass: class com.almasb.fxgl.notification.view.XboxNotificationView
17:37:44.281 [FXGL Background Thread 3 ] DEBUG Engine               - pixelsPerMeter: 50.0
17:37:44.281 [FXGL Background Thread 3 ] DEBUG Engine               - platform: WINDOWS
17:37:44.281 [FXGL Background Thread 3 ] DEBUG Engine               - prefHeightProperty: ReadOnlyDoubleProperty [value: 720.0]
17:37:44.281 [FXGL Background Thread 3 ] DEBUG Engine               - prefWidthProperty: ReadOnlyDoubleProperty [value: 1280.0]
17:37:44.282 [FXGL Background Thread 3 ] DEBUG Engine               - profileDir: profiles/
17:37:44.282 [FXGL Background Thread 3 ] DEBUG Engine               - profileName: StringProperty [value: DEFAULT]
17:37:44.282 [FXGL Background Thread 3 ] DEBUG Engine               - randomSeed: -1
17:37:44.282 [FXGL Background Thread 3 ] DEBUG Engine               - runtimeInfo: RuntimeInfo(platform=WINDOWS, version=25, build=05.02.2026 22.57)
17:37:44.282 [FXGL Background Thread 3 ] DEBUG Engine               - saveFileExt: sav
17:37:44.282 [FXGL Background Thread 3 ] DEBUG Engine               - scaledHeightProp$fxgl: DoubleProperty [bound, value: 720.0]
17:37:44.282 [FXGL Background Thread 3 ] DEBUG Engine               - scaledWidthProp$fxgl: DoubleProperty [bound, value: 1280.0]
17:37:44.282 [FXGL Background Thread 3 ] DEBUG Engine               - sceneFactory: Project1Game.ui.FarmSceneFactory@5088cd21
17:37:44.282 [FXGL Background Thread 3 ] DEBUG Engine               - secondsIn24h: 60
17:37:44.282 [FXGL Background Thread 3 ] DEBUG Engine               - soundMenuBack: menu/back.wav
17:37:44.282 [FXGL Background Thread 3 ] DEBUG Engine               - soundMenuPress: menu/press.wav
17:37:44.282 [FXGL Background Thread 3 ] DEBUG Engine               - soundMenuSelect: menu/select.wav
17:37:44.282 [FXGL Background Thread 3 ] DEBUG Engine               - soundNotification: core/notification.wav
17:37:44.282 [FXGL Background Thread 3 ] DEBUG Engine               - stageStyle: DECORATED
17:37:44.283 [FXGL Background Thread 3 ] DEBUG Engine               - supportedLanguages: [ENGLISH, FRENCH, GERMAN, HUNGARIAN, RUSSIAN]
17:37:44.283 [FXGL Background Thread 3 ] DEBUG Engine               - ticksPerSecond: -1
17:37:44.283 [FXGL Background Thread 3 ] DEBUG Engine               - title: Java Farming Professional
17:37:44.283 [FXGL Background Thread 3 ] DEBUG Engine               - urlGithub: https://github.com/AlmasB/FXGL
17:37:44.283 [FXGL Background Thread 3 ] DEBUG Engine               - urlLeaderboard: http://fxgl-top.herokuapp.com/
17:37:44.283 [FXGL Background Thread 3 ] DEBUG Engine               - urlPOM: https://raw.githubusercontent.com/AlmasB/FXGL/release/README.md
17:37:44.283 [FXGL Background Thread 3 ] DEBUG Engine               - userAppClass: class Project1Game.Main
17:37:44.283 [FXGL Background Thread 3 ] DEBUG Engine               - version: 2.5
17:37:44.283 [FXGL Background Thread 3 ] DEBUG Engine               - versionCheckDays: 7
17:37:44.283 [FXGL Background Thread 3 ] DEBUG Engine               - width: 1280
17:37:44.283 [FXGL Background Thread 3 ] DEBUG Engine               - Logging services
17:37:44.283 [FXGL Background Thread 3 ] DEBUG Engine               - class com.almasb.fxgl.app.services.FXGLAssetLoaderService
17:37:44.283 [FXGL Background Thread 3 ] DEBUG Engine               - class com.almasb.fxgl.app.FXGLApplication$GameApplicationService
17:37:44.283 [FXGL Background Thread 3 ] DEBUG Engine               - class com.almasb.fxgl.app.services.FXGLDialogService
17:37:44.283 [FXGL Background Thread 3 ] DEBUG Engine               - class com.almasb.fxgl.app.services.IOTaskExecutorService
17:37:44.283 [FXGL Background Thread 3 ] DEBUG Engine               - class com.almasb.fxgl.io.FileSystemService
17:37:44.283 [FXGL Background Thread 3 ] DEBUG Engine               - class com.almasb.fxgl.localization.LocalizationService
17:37:44.283 [FXGL Background Thread 3 ] DEBUG Engine               - class com.almasb.fxgl.app.services.SystemBundleService
17:37:44.283 [FXGL Background Thread 3 ] DEBUG Engine               - class com.almasb.fxgl.profile.SaveLoadService
17:37:44.283 [FXGL Background Thread 3 ] DEBUG Engine               - class com.almasb.fxgl.ui.FXGLUIFactoryServiceProvider
17:37:44.283 [FXGL Background Thread 3 ] DEBUG Engine               - class com.almasb.fxgl.ui.FXGLDialogFactoryServiceProvider
17:37:44.283 [FXGL Background Thread 3 ] DEBUG Engine               - class com.almasb.fxgl.audio.AudioPlayer
17:37:44.283 [FXGL Background Thread 3 ] DEBUG Engine               - class com.almasb.fxgl.notification.impl.NotificationServiceProvider
17:37:44.283 [FXGL Background Thread 3 ] DEBUG Engine               - class com.almasb.fxgl.achievement.AchievementService
17:37:44.283 [FXGL Background Thread 3 ] DEBUG Engine               - class com.almasb.fxgl.cutscene.CutsceneService
17:37:44.283 [FXGL Background Thread 3 ] DEBUG Engine               - class com.almasb.fxgl.minigames.MiniGameService
17:37:44.283 [FXGL Background Thread 3 ] DEBUG Engine               - class com.almasb.fxgl.net.NetService
17:37:44.283 [FXGL Background Thread 3 ] DEBUG Engine               - class com.almasb.fxgl.app.services.UpdaterService
17:37:44.284 [FXGL Background Thread 3 ] DEBUG Engine               - class com.almasb.fxgl.dev.DevService
17:37:47.919 [JavaFX Application Thread] DEBUG Menu                 - fireNewGame()
17:37:47.920 [JavaFX Application Thread] DEBUG GameApplicationServi - Starting new game
17:37:47.920 [JavaFX Application Thread] DEBUG PrimaryStageWindow   - Pop state: FarmMenu
17:37:47.920 [JavaFX Application Thread] DEBUG Input                - Clearing active input actions
17:37:47.920 [JavaFX Application Thread] DEBUG GameApplicationServi - Removing overlay from FarmMenu and adding to FXGLMainMenuDummyScene
17:37:47.922 [JavaFX Application Thread] DEBUG PrimaryStageWindow   - FXGLMainMenuDummyScene <- FarmMenu
17:37:47.922 [JavaFX Application Thread] DEBUG Input                - Clearing active input actions
17:37:47.926 [JavaFX Application Thread] DEBUG GameApplicationServi - Removing overlay from FXGLMainMenuDummyScene and adding to FXGLLoadingScene
17:37:47.927 [JavaFX Application Thread] DEBUG PrimaryStageWindow   - FXGLMainMenuDummyScene -> FXGLLoadingScene
17:37:47.927 [JavaFX Application Thread] DEBUG GameApplicationServi - Clearing previous game
17:37:47.927 [JavaFX Application Thread] DEBUG GameScene            - Clearing game scene
17:37:47.927 [JavaFX Application Thread] DEBUG GameWorld            - Clearing game world
17:37:47.927 [JavaFX Application Thread] DEBUG PhysicsWorld         - Clearing physics world
17:37:47.928 [FXGL Background Thread 2 ] DEBUG FXGLApplication      - Initializing game
17:37:47.958 [FXGL Background Thread 2 ] WARN  FXGLAssetLoaderServi - Asset "/assets/textures/empty.png" was not found!
17:37:47.959 [FXGL Background Thread 2 ] WARN  FXGLAssetLoaderServi - Failed to load IMAGE
17:37:47.974 [FXGL Background Thread 2 ] DEBUG FXGLAssetLoaderServi - Loading from file system: file:/C:/Users/Administrator.DESKTOP-98TGIBL/Desktop/OOP/Project/FarmSimulator/target/classes/assets/textures/Crops/soil_1.png
17:37:47.980 [FXGL Background Thread 2 ] WARN  FXGLAssetLoaderServi - Asset "/assets/textures/empty.png" was not found!
17:37:47.980 [FXGL Background Thread 2 ] WARN  FXGLAssetLoaderServi - Failed to load IMAGE
17:37:47.981 [FXGL Background Thread 2 ] DEBUG FXGLAssetLoaderServi - Loading from file system: file:/C:/Users/Administrator.DESKTOP-98TGIBL/Desktop/OOP/Project/FarmSimulator/target/classes/assets/textures/Crops/rice_1.png
17:37:47.982 [FXGL Background Thread 2 ] WARN  FXGLAssetLoaderServi - Asset "/assets/textures/empty.png" was not found!
17:37:47.982 [FXGL Background Thread 2 ] WARN  FXGLAssetLoaderServi - Failed to load IMAGE
17:37:47.983 [FXGL Background Thread 2 ] WARN  FXGLAssetLoaderServi - Asset "/assets/textures/empty.png" was not found!
17:37:47.983 [FXGL Background Thread 2 ] WARN  FXGLAssetLoaderServi - Failed to load IMAGE
17:37:47.984 [FXGL Background Thread 2 ] WARN  FXGLAssetLoaderServi - Asset "/assets/textures/empty.png" was not found!
17:37:47.984 [FXGL Background Thread 2 ] WARN  FXGLAssetLoaderServi - Failed to load IMAGE
17:37:47.985 [FXGL Background Thread 2 ] WARN  FXGLAssetLoaderServi - Asset "/assets/textures/empty.png" was not found!
17:37:47.985 [FXGL Background Thread 2 ] WARN  FXGLAssetLoaderServi - Failed to load IMAGE
17:37:47.986 [FXGL Background Thread 2 ] WARN  FXGLAssetLoaderServi - Asset "/assets/textures/empty.png" was not found!
17:37:47.986 [FXGL Background Thread 2 ] WARN  FXGLAssetLoaderServi - Failed to load IMAGE
17:37:47.987 [FXGL Background Thread 2 ] WARN  FXGLAssetLoaderServi - Asset "/assets/textures/empty.png" was not found!
17:37:47.987 [FXGL Background Thread 2 ] WARN  FXGLAssetLoaderServi - Failed to load IMAGE
17:37:47.988 [FXGL Background Thread 2 ] DEBUG FXGLAssetLoaderServi - Loading from file system: file:/C:/Users/Administrator.DESKTOP-98TGIBL/Desktop/OOP/Project/FarmSimulator/target/classes/assets/textures/Crops/soil_2.png
17:37:47.991 [FXGL Background Thread 2 ] WARN  FXGLAssetLoaderServi - Asset "/assets/textures/empty.png" was not found!
17:37:47.991 [FXGL Background Thread 2 ] WARN  FXGLAssetLoaderServi - Failed to load IMAGE
17:37:47.991 [FXGL Background Thread 2 ] WARN  FXGLAssetLoaderServi - Asset "/assets/textures/empty.png" was not found!
17:37:47.991 [FXGL Background Thread 2 ] WARN  FXGLAssetLoaderServi - Failed to load IMAGE
17:37:47.994 [FXGL Background Thread 2 ] WARN  FXGLAssetLoaderServi - Asset "/assets/textures/empty.png" was not found!
17:37:47.994 [FXGL Background Thread 2 ] WARN  FXGLAssetLoaderServi - Failed to load IMAGE
17:37:48.002 [FXGL Background Thread 2 ] WARN  FXGLAssetLoaderServi - Asset "/assets/textures/empty.png" was not found!
17:37:48.003 [FXGL Background Thread 2 ] WARN  FXGLAssetLoaderServi - Failed to load IMAGE
17:37:48.006 [FXGL Background Thread 2 ] WARN  FXGLAssetLoaderServi - Asset "/assets/textures/empty.png" was not found!
17:37:48.006 [FXGL Background Thread 2 ] WARN  FXGLAssetLoaderServi - Failed to load IMAGE
17:37:48.007 [FXGL Background Thread 2 ] WARN  FXGLAssetLoaderServi - Asset "/assets/textures/empty.png" was not found!
17:37:48.007 [FXGL Background Thread 2 ] WARN  FXGLAssetLoaderServi - Failed to load IMAGE
17:37:48.008 [FXGL Background Thread 2 ] WARN  FXGLAssetLoaderServi - Asset "/assets/textures/empty.png" was not found!
17:37:48.008 [FXGL Background Thread 2 ] WARN  FXGLAssetLoaderServi - Failed to load IMAGE
17:37:48.009 [FXGL Background Thread 2 ] WARN  FXGLAssetLoaderServi - Asset "/assets/textures/empty.png" was not found!
17:37:48.009 [FXGL Background Thread 2 ] WARN  FXGLAssetLoaderServi - Failed to load IMAGE
17:37:48.009 [FXGL Background Thread 2 ] WARN  FXGLAssetLoaderServi - Asset "/assets/textures/empty.png" was not found!
17:37:48.010 [FXGL Background Thread 2 ] WARN  FXGLAssetLoaderServi - Failed to load IMAGE
17:37:48.010 [FXGL Background Thread 2 ] WARN  FXGLAssetLoaderServi - Asset "/assets/textures/empty.png" was not found!
17:37:48.010 [FXGL Background Thread 2 ] WARN  FXGLAssetLoaderServi - Failed to load IMAGE
17:37:48.010 [FXGL Background Thread 2 ] WARN  FXGLAssetLoaderServi - Asset "/assets/textures/empty.png" was not found!
17:37:48.011 [FXGL Background Thread 2 ] WARN  FXGLAssetLoaderServi - Failed to load IMAGE
17:37:48.011 [FXGL Background Thread 2 ] WARN  FXGLAssetLoaderServi - Asset "/assets/textures/empty.png" was not found!
17:37:48.011 [FXGL Background Thread 2 ] WARN  FXGLAssetLoaderServi - Failed to load IMAGE
17:37:48.011 [FXGL Background Thread 2 ] WARN  FXGLAssetLoaderServi - Asset "/assets/textures/empty.png" was not found!
17:37:48.011 [FXGL Background Thread 2 ] WARN  FXGLAssetLoaderServi - Failed to load IMAGE
17:37:48.013 [FXGL Background Thread 2 ] WARN  FXGLAssetLoaderServi - Asset "/assets/textures/empty.png" was not found!
17:37:48.013 [FXGL Background Thread 2 ] WARN  FXGLAssetLoaderServi - Failed to load IMAGE
17:37:48.013 [FXGL Background Thread 2 ] WARN  FXGLAssetLoaderServi - Asset "/assets/textures/empty.png" was not found!
17:37:48.013 [FXGL Background Thread 2 ] WARN  FXGLAssetLoaderServi - Failed to load IMAGE
17:37:48.013 [FXGL Background Thread 2 ] WARN  FXGLAssetLoaderServi - Asset "/assets/textures/empty.png" was not found!
17:37:48.013 [FXGL Background Thread 2 ] WARN  FXGLAssetLoaderServi - Failed to load IMAGE
17:37:48.014 [FXGL Background Thread 2 ] WARN  FXGLAssetLoaderServi - Asset "/assets/textures/empty.png" was not found!
17:37:48.014 [FXGL Background Thread 2 ] WARN  FXGLAssetLoaderServi - Failed to load IMAGE
17:37:48.014 [FXGL Background Thread 2 ] WARN  FXGLAssetLoaderServi - Asset "/assets/textures/empty.png" was not found!
17:37:48.014 [FXGL Background Thread 2 ] WARN  FXGLAssetLoaderServi - Failed to load IMAGE
17:37:48.015 [FXGL Background Thread 2 ] WARN  FXGLAssetLoaderServi - Asset "/assets/textures/empty.png" was not found!
17:37:48.015 [FXGL Background Thread 2 ] WARN  FXGLAssetLoaderServi - Failed to load IMAGE
17:37:48.015 [FXGL Background Thread 2 ] WARN  FXGLAssetLoaderServi - Asset "/assets/textures/empty.png" was not found!
17:37:48.015 [FXGL Background Thread 2 ] WARN  FXGLAssetLoaderServi - Failed to load IMAGE
17:37:48.015 [FXGL Background Thread 2 ] WARN  FXGLAssetLoaderServi - Asset "/assets/textures/empty.png" was not found!
17:37:48.015 [FXGL Background Thread 2 ] WARN  FXGLAssetLoaderServi - Failed to load IMAGE
17:37:48.016 [FXGL Background Thread 2 ] WARN  FXGLAssetLoaderServi - Asset "/assets/textures/empty.png" was not found!
17:37:48.016 [FXGL Background Thread 2 ] WARN  FXGLAssetLoaderServi - Failed to load IMAGE
17:37:48.016 [FXGL Background Thread 2 ] WARN  FXGLAssetLoaderServi - Asset "/assets/textures/empty.png" was not found!
17:37:48.016 [FXGL Background Thread 2 ] WARN  FXGLAssetLoaderServi - Failed to load IMAGE
17:37:48.017 [FXGL Background Thread 2 ] WARN  FXGLAssetLoaderServi - Asset "/assets/textures/empty.png" was not found!
17:37:48.017 [FXGL Background Thread 2 ] WARN  FXGLAssetLoaderServi - Failed to load IMAGE
17:37:48.017 [FXGL Background Thread 2 ] WARN  FXGLAssetLoaderServi - Asset "/assets/textures/empty.png" was not found!
17:37:48.017 [FXGL Background Thread 2 ] WARN  FXGLAssetLoaderServi - Failed to load IMAGE
17:37:48.017 [FXGL Background Thread 2 ] WARN  FXGLAssetLoaderServi - Asset "/assets/textures/empty.png" was not found!
17:37:48.018 [FXGL Background Thread 2 ] WARN  FXGLAssetLoaderServi - Failed to load IMAGE
17:37:48.018 [FXGL Background Thread 2 ] WARN  FXGLAssetLoaderServi - Asset "/assets/textures/empty.png" was not found!
17:37:48.018 [FXGL Background Thread 2 ] WARN  FXGLAssetLoaderServi - Failed to load IMAGE
17:37:48.018 [FXGL Background Thread 2 ] WARN  FXGLAssetLoaderServi - Asset "/assets/textures/empty.png" was not found!
17:37:48.018 [FXGL Background Thread 2 ] WARN  FXGLAssetLoaderServi - Failed to load IMAGE
17:37:48.018 [FXGL Background Thread 2 ] WARN  FXGLAssetLoaderServi - Asset "/assets/textures/empty.png" was not found!
17:37:48.019 [FXGL Background Thread 2 ] WARN  FXGLAssetLoaderServi - Failed to load IMAGE
17:37:48.019 [FXGL Background Thread 2 ] WARN  FXGLAssetLoaderServi - Asset "/assets/textures/empty.png" was not found!
17:37:48.019 [FXGL Background Thread 2 ] WARN  FXGLAssetLoaderServi - Failed to load IMAGE
17:37:48.019 [FXGL Background Thread 2 ] WARN  FXGLAssetLoaderServi - Asset "/assets/textures/empty.png" was not found!
17:37:48.019 [FXGL Background Thread 2 ] WARN  FXGLAssetLoaderServi - Failed to load IMAGE
17:37:48.019 [FXGL Background Thread 2 ] WARN  FXGLAssetLoaderServi - Asset "/assets/textures/empty.png" was not found!
17:37:48.020 [FXGL Background Thread 2 ] WARN  FXGLAssetLoaderServi - Failed to load IMAGE
17:37:48.020 [FXGL Background Thread 2 ] WARN  FXGLAssetLoaderServi - Asset "/assets/textures/empty.png" was not found!
17:37:48.020 [FXGL Background Thread 2 ] WARN  FXGLAssetLoaderServi - Failed to load IMAGE
17:37:48.020 [FXGL Background Thread 2 ] WARN  FXGLAssetLoaderServi - Asset "/assets/textures/empty.png" was not found!
17:37:48.020 [FXGL Background Thread 2 ] WARN  FXGLAssetLoaderServi - Failed to load IMAGE
17:37:48.021 [FXGL Background Thread 2 ] WARN  FXGLAssetLoaderServi - Asset "/assets/textures/empty.png" was not found!
17:37:48.021 [FXGL Background Thread 2 ] WARN  FXGLAssetLoaderServi - Failed to load IMAGE
17:37:48.021 [FXGL Background Thread 2 ] WARN  FXGLAssetLoaderServi - Asset "/assets/textures/empty.png" was not found!
17:37:48.021 [FXGL Background Thread 2 ] WARN  FXGLAssetLoaderServi - Failed to load IMAGE
17:37:48.021 [FXGL Background Thread 2 ] WARN  FXGLAssetLoaderServi - Asset "/assets/textures/empty.png" was not found!
17:37:48.022 [FXGL Background Thread 2 ] WARN  FXGLAssetLoaderServi - Failed to load IMAGE
17:37:48.022 [FXGL Background Thread 2 ] WARN  FXGLAssetLoaderServi - Asset "/assets/textures/empty.png" was not found!
17:37:48.022 [FXGL Background Thread 2 ] WARN  FXGLAssetLoaderServi - Failed to load IMAGE
17:37:48.023 [FXGL Background Thread 2 ] WARN  FXGLAssetLoaderServi - Asset "/assets/textures/empty.png" was not found!
17:37:48.023 [FXGL Background Thread 2 ] WARN  FXGLAssetLoaderServi - Failed to load IMAGE
17:37:48.023 [FXGL Background Thread 2 ] WARN  FXGLAssetLoaderServi - Asset "/assets/textures/empty.png" was not found!
17:37:48.023 [FXGL Background Thread 2 ] WARN  FXGLAssetLoaderServi - Failed to load IMAGE
17:37:48.024 [FXGL Background Thread 2 ] WARN  FXGLAssetLoaderServi - Asset "/assets/textures/empty.png" was not found!
17:37:48.024 [FXGL Background Thread 2 ] WARN  FXGLAssetLoaderServi - Failed to load IMAGE
17:37:48.024 [FXGL Background Thread 2 ] WARN  FXGLAssetLoaderServi - Asset "/assets/textures/empty.png" was not found!
17:37:48.024 [FXGL Background Thread 2 ] WARN  FXGLAssetLoaderServi - Failed to load IMAGE
17:37:48.025 [FXGL Background Thread 2 ] WARN  FXGLAssetLoaderServi - Asset "/assets/textures/empty.png" was not found!
17:37:48.025 [FXGL Background Thread 2 ] WARN  FXGLAssetLoaderServi - Failed to load IMAGE
17:37:48.025 [FXGL Background Thread 2 ] WARN  FXGLAssetLoaderServi - Asset "/assets/textures/empty.png" was not found!
17:37:48.025 [FXGL Background Thread 2 ] WARN  FXGLAssetLoaderServi - Failed to load IMAGE
17:37:48.025 [FXGL Background Thread 2 ] WARN  FXGLAssetLoaderServi - Asset "/assets/textures/empty.png" was not found!
17:37:48.025 [FXGL Background Thread 2 ] WARN  FXGLAssetLoaderServi - Failed to load IMAGE
17:37:48.026 [FXGL Background Thread 2 ] WARN  FXGLAssetLoaderServi - Asset "/assets/textures/empty.png" was not found!
17:37:48.026 [FXGL Background Thread 2 ] WARN  FXGLAssetLoaderServi - Failed to load IMAGE
17:37:48.026 [FXGL Background Thread 2 ] WARN  FXGLAssetLoaderServi - Asset "/assets/textures/empty.png" was not found!
17:37:48.026 [FXGL Background Thread 2 ] WARN  FXGLAssetLoaderServi - Failed to load IMAGE
17:37:48.026 [FXGL Background Thread 2 ] WARN  FXGLAssetLoaderServi - Asset "/assets/textures/empty.png" was not found!
17:37:48.027 [FXGL Background Thread 2 ] WARN  FXGLAssetLoaderServi - Failed to load IMAGE
17:37:48.027 [FXGL Background Thread 2 ] WARN  FXGLAssetLoaderServi - Asset "/assets/textures/empty.png" was not found!
17:37:48.027 [FXGL Background Thread 2 ] WARN  FXGLAssetLoaderServi - Failed to load IMAGE
17:37:48.027 [FXGL Background Thread 2 ] WARN  FXGLAssetLoaderServi - Asset "/assets/textures/empty.png" was not found!
17:37:48.027 [FXGL Background Thread 2 ] WARN  FXGLAssetLoaderServi - Failed to load IMAGE
17:37:48.028 [FXGL Background Thread 2 ] WARN  FXGLAssetLoaderServi - Asset "/assets/textures/empty.png" was not found!
17:37:48.028 [FXGL Background Thread 2 ] WARN  FXGLAssetLoaderServi - Failed to load IMAGE
17:37:48.028 [FXGL Background Thread 2 ] WARN  FXGLAssetLoaderServi - Asset "/assets/textures/empty.png" was not found!
17:37:48.028 [FXGL Background Thread 2 ] WARN  FXGLAssetLoaderServi - Failed to load IMAGE
17:37:48.028 [FXGL Background Thread 2 ] WARN  FXGLAssetLoaderServi - Asset "/assets/textures/empty.png" was not found!
17:37:48.028 [FXGL Background Thread 2 ] WARN  FXGLAssetLoaderServi - Failed to load IMAGE
17:37:48.029 [FXGL Background Thread 2 ] WARN  FXGLAssetLoaderServi - Asset "/assets/textures/empty.png" was not found!
17:37:48.029 [FXGL Background Thread 2 ] WARN  FXGLAssetLoaderServi - Failed to load IMAGE
17:37:48.029 [FXGL Background Thread 2 ] WARN  FXGLAssetLoaderServi - Asset "/assets/textures/empty.png" was not found!
17:37:48.029 [FXGL Background Thread 2 ] WARN  FXGLAssetLoaderServi - Failed to load IMAGE
17:37:48.029 [FXGL Background Thread 2 ] WARN  FXGLAssetLoaderServi - Asset "/assets/textures/empty.png" was not found!
17:37:48.029 [FXGL Background Thread 2 ] WARN  FXGLAssetLoaderServi - Failed to load IMAGE
17:37:48.033 [FXGL Background Thread 2 ] DEBUG FXGLAssetLoaderServi - Loading from file system: file:/C:/Users/Administrator.DESKTOP-98TGIBL/Desktop/OOP/Project/FarmSimulator/target/classes/assets/textures/UI/heart_sprite.png
17:37:48.070 [FXGL Background Thread 2 ] WARN  TMXLevelLoader       - TiledMap generated from 1.12.0. Supported version: 1.9.0. Some features may not be parsed fully.
17:37:48.116 [FXGL Background Thread 2 ] DEBUG TMXLevelLoader       - Parsed TiledMap: file:/C:/Users/Administrator.DESKTOP-98TGIBL/Desktop/OOP/Project/FarmSimulator/target/classes/assets/levels/Main_level.tmx
17:37:48.117 [FXGL Background Thread 2 ] DEBUG TMXLevelLoader       - Creating tile layer entities
17:37:48.118 [FXGL Background Thread 2 ] DEBUG TilesetLoader        - Loading view for layer BackgroundLayer
17:37:48.125 [FXGL Background Thread 2 ] DEBUG TilesetLoader        - Created buffer with size 3520.0x2048.0
17:37:48.188 [FXGL Background Thread 2 ] DEBUG TilesetLoader        - Loading view for layer DecorationLayer
17:37:48.197 [FXGL Background Thread 2 ] DEBUG TilesetLoader        - Created buffer with size 3520.0x2048.0
17:37:48.240 [FXGL Background Thread 2 ] DEBUG TilesetLoader        - Loading view for layer OverheadLayer
17:37:48.246 [FXGL Background Thread 2 ] DEBUG TilesetLoader        - Created buffer with size 3520.0x2048.0
17:37:48.247 [FXGL Background Thread 2 ] DEBUG TMXLevelLoader       - Creating object layer entities
17:37:48.261 [FXGL Background Thread 2 ] DEBUG FXGLAssetLoaderServi - Loading from file system: file:/C:/Users/Administrator.DESKTOP-98TGIBL/Desktop/OOP/Project/FarmSimulator/target/classes/assets/textures/Player/Carry_Idle/Carry_Idle_Down-Sheet.png
17:37:48.262 [FXGL Background Thread 2 ] DEBUG FXGLAssetLoaderServi - Loading from file system: file:/C:/Users/Administrator.DESKTOP-98TGIBL/Desktop/OOP/Project/FarmSimulator/target/classes/assets/textures/Player/Carry_Idle/Carry_Idle_Up-Sheet.png
17:37:48.263 [FXGL Background Thread 2 ] DEBUG FXGLAssetLoaderServi - Loading from file system: file:/C:/Users/Administrator.DESKTOP-98TGIBL/Desktop/OOP/Project/FarmSimulator/target/classes/assets/textures/Player/Carry_Idle/Carry_Idle_Side-Sheet.png
17:37:48.264 [FXGL Background Thread 2 ] DEBUG FXGLAssetLoaderServi - Loading from file system: file:/C:/Users/Administrator.DESKTOP-98TGIBL/Desktop/OOP/Project/FarmSimulator/target/classes/assets/textures/Player/Carry_Walk/Carry_Walk_Down-Sheet.png
17:37:48.265 [FXGL Background Thread 2 ] DEBUG FXGLAssetLoaderServi - Loading from file system: file:/C:/Users/Administrator.DESKTOP-98TGIBL/Desktop/OOP/Project/FarmSimulator/target/classes/assets/textures/Player/Carry_Walk/Carry_Walk_Up-Sheet.png
17:37:48.266 [FXGL Background Thread 2 ] DEBUG FXGLAssetLoaderServi - Loading from file system: file:/C:/Users/Administrator.DESKTOP-98TGIBL/Desktop/OOP/Project/FarmSimulator/target/classes/assets/textures/Player/Carry_Walk/Carry_Walk_Side-Sheet.png
17:37:48.266 [FXGL Background Thread 2 ] DEBUG FXGLAssetLoaderServi - Loading from file system: file:/C:/Users/Administrator.DESKTOP-98TGIBL/Desktop/OOP/Project/FarmSimulator/target/classes/assets/textures/Player/Carry_Run/Carry_Run_Down-Sheet.png
17:37:48.267 [FXGL Background Thread 2 ] DEBUG FXGLAssetLoaderServi - Loading from file system: file:/C:/Users/Administrator.DESKTOP-98TGIBL/Desktop/OOP/Project/FarmSimulator/target/classes/assets/textures/Player/Carry_Run/Carry_Run_Up-Sheet.png
17:37:48.268 [FXGL Background Thread 2 ] DEBUG FXGLAssetLoaderServi - Loading from file system: file:/C:/Users/Administrator.DESKTOP-98TGIBL/Desktop/OOP/Project/FarmSimulator/target/classes/assets/textures/Player/Carry_Run/Carry_Run_Side-Sheet.png
17:37:48.358 [FXGL Background Thread 2 ] DEBUG FXGLAssetLoaderServi - Loading from file system: file:/C:/Users/Administrator.DESKTOP-98TGIBL/Desktop/OOP/Project/FarmSimulator/target/classes/assets/textures/NPC/Trader/Trader.png
17:37:48.364 [FXGL Background Thread 2 ] DEBUG FXGLAssetLoaderServi - Loading from file system: file:/C:/Users/Administrator.DESKTOP-98TGIBL/Desktop/OOP/Project/FarmSimulator/target/classes/assets/textures/NPC/Guider/Guider.png
17:37:48.367 [FXGL Background Thread 2 ] DEBUG GameWorld            - Clearing removable entities
17:37:48.367 [FXGL Background Thread 2 ] DEBUG GameWorld            - Setting level: com.almasb.fxgl.entity.level.Level@764727f1
17:37:48.423 [FXGL Background Thread 2 ] INFO  FXGLApplication      - Game initialization took: 0,495 sec
17:37:48.424 [JavaFX Application Thread] DEBUG Input                - Clearing active input actions
17:37:48.436 [JavaFX Application Thread] DEBUG GameApplicationServi - Removing overlay from FXGLLoadingScene and adding to GameScene
17:37:48.439 [JavaFX Application Thread] DEBUG PrimaryStageWindow   - FXGLLoadingScene -> GameScene
17:38:00.419 [JavaFX Application Thread] DEBUG EventBus             - Firing event: Project1Game.system.DayNightEvent[source=javafx.event.Event$$Lambda/0x000000008f1aeb00@451040de]
17:38:01.464 [JavaFX Application Thread] DEBUG FXGLApplication      - Exiting FXGL
17:38:01.464 [JavaFX Application Thread] DEBUG LoopRunner           - Stopping loop
17:38:01.465 [JavaFX Application Thread] DEBUG SystemBundleService  - Saving FXGL system data
17:38:01.467 [JavaFX Application Thread] DEBUG FileSystemAccess     - Writing to: C:\Users\Administrator.DESKTOP-98TGIBL\Desktop\OOP\Project\FarmSimulator\system\fxgl.bundle
17:38:01.468 [JavaFX Application Thread] DEBUG Async                - Shutting down background threads
17:38:01.469 [JavaFX Application Thread] DEBUG PrimaryStageWindow   - Closing main window
17:38:01.478 [JavaFX Application Thread] DEBUG Logger               - Closing Logger
