08:24:03.080 [Project1Game.Main.main() ] DEBUG Logger               - Configured Logger
08:24:03.083 [Project1Game.Main.main() ] DEBUG GameApplication      - Logging settings
Title: Java Farming Professional
Version: 2.5
Width: 1280
Height: 720
Fullscreen: false
Intro: false
Profiling: false
Single step:false
App Mode: DEVELOPER
Menu Key: ESCAPE
Stage Style: DECORATED
Scene Factory: class Project1Game.ui.FarmSceneFactory

08:24:04.299 [JavaFX Application Thread] DEBUG FXGLApplication      - Initializing FXGL
08:24:04.310 [JavaFX Application Thread] INFO  Engine               - FXGL-25 (05.02.2026 22.57) on WINDOWS (J:25.0.3 FX:25.0.1)
08:24:04.310 [JavaFX Application Thread] DEBUG Engine               - JRE Vendor Name: Oracle Corporation
08:24:04.311 [JavaFX Application Thread] DEBUG Engine               - Running on OS: Windows 11 version 10.0
08:24:04.311 [JavaFX Application Thread] DEBUG Engine               - Architecture: amd64
08:24:04.311 [JavaFX Application Thread] INFO  Engine               - Source code and latest versions at: https://github.com/AlmasB/FXGL
08:24:04.312 [JavaFX Application Thread] INFO  Engine               -       Ask questions and discuss at: https://github.com/AlmasB/FXGL/discussions
08:24:04.567 [JavaFX Application Thread] DEBUG PrimaryStageWindow   - Creating a JavaFX scene
08:24:04.626 [JavaFX Application Thread] DEBUG PrimaryStageWindow   - Target settings size: 1280.0 x 720.0
08:24:04.626 [JavaFX Application Thread] DEBUG PrimaryStageWindow   - Scaled scene size:    1280.0 x 720.0
08:24:04.626 [JavaFX Application Thread] DEBUG PrimaryStageWindow   - Scaled ratio: (1.0, 1.0)
08:24:04.628 [JavaFX Application Thread] DEBUG PrimaryStageWindow   - Set initial scene to FXGLStartupScene
08:24:04.635 [JavaFX Application Thread] DEBUG PrimaryStageWindow   - Opening main window
08:24:05.113 [JavaFX Application Thread] DEBUG PrimaryStageWindow   - Window border size: (14.4000244140625, 37.5999755859375)
08:24:05.113 [JavaFX Application Thread] DEBUG PrimaryStageWindow   - Scaled size: 1280.0 x 720.0
08:24:05.115 [JavaFX Application Thread] DEBUG PrimaryStageWindow   - Scaled ratio: (1.0, 1.0)
08:24:05.115 [JavaFX Application Thread] DEBUG PrimaryStageWindow   - Scene size: 1280.0 x 720.0
08:24:05.115 [JavaFX Application Thread] DEBUG PrimaryStageWindow   - Stage size: 1294.4000244140625 x 757.5999755859375
08:24:05.139 [FXGL Background Thread 1 ] DEBUG Engine               - Initializing environment variables
08:24:05.219 [FXGL Background Thread 1 ] DEBUG FXGLAssetLoaderServi - User app class for loading assets: class Project1Game.Main
08:24:05.221 [FXGL Background Thread 1 ] DEBUG GameApplicationServi - Applying CSS: fxgl_dark.css
08:24:05.223 [FXGL Background Thread 1 ] DEBUG FXGLAssetLoaderServi - Loading from file system: jar:file:/C:/Users/HP/.m2/repository/com/github/almasb/fxgl/25/fxgl-25.jar!/fxglassets/ui/css/fxgl_dark.css
08:24:05.339 [FXGL Background Thread 1 ] DEBUG GameApplicationServi - Initializing application scenes
08:24:05.441 [FXGL Background Thread 1 ] DEBUG GameWorld            - Game world initialized
08:24:05.547 [FXGL Background Thread 1 ] DEBUG PhysicsWorld         - Physics world initialized: appHeight=720, physics.ppm=50.0
08:24:05.547 [FXGL Background Thread 1 ] DEBUG PhysicsWorld         - Using strategy: BRUTE_FORCE
08:24:05.552 [FXGL Background Thread 1 ] DEBUG GameScene            - Game scene initialized: 1280x720
08:24:05.588 [FXGL Background Thread 1 ] DEBUG GameApplicationServi - Application scenes initialized
08:24:05.602 [FXGL Background Thread 1 ] DEBUG SystemBundleService  - Loading FXGL system data
08:24:05.609 [FXGL Background Thread 1 ] DEBUG FileSystemAccess     - Reading from: D:\projects\helloworld\FarmSimulator\system\fxgl.bundle
08:24:05.616 [FXGL Background Thread 1 ] DEBUG SystemBundleService  - Bundle FXGL: {}
08:24:05.616 [FXGL Background Thread 1 ] DEBUG UpdaterService       - Checking for updates
08:24:05.678 [FXGL Background Thread 4 ] DEBUG FXGLApplication      - Loading fonts
08:24:05.678 [FXGL Background Thread 4 ] DEBUG FXGLAssetLoaderServi - Loading from file system: jar:file:/C:/Users/HP/.m2/repository/com/github/almasb/fxgl/25/fxgl-25.jar!/fxglassets/ui/fonts/VarelaRound-Regular.ttf
08:24:05.679 [FXGL Background Thread 1 ] DEBUG FXGLApplication      - Loading default localization
08:24:05.680 [FXGL Background Thread 1 ] DEBUG FXGLAssetLoaderServi - Loading from file system: jar:file:/C:/Users/HP/.m2/repository/com/github/almasb/fxgl/25/fxgl-25.jar!/fxglassets/languages/english.lang
08:24:05.713 [FXGL Background Thread 1 ] INFO  FXGLApplication      - FXGL initialization took: 0.567 sec
08:24:05.728 [JavaFX Application Thread] DEBUG Input                - Registered new binding: Move Right - D
08:24:05.728 [JavaFX Application Thread] DEBUG Input                - Registered new binding: Move Left - A
08:24:05.728 [JavaFX Application Thread] DEBUG Input                - Registered new binding: Move Up - W
08:24:05.729 [JavaFX Application Thread] DEBUG Input                - Registered new binding: Move Down - S
08:24:05.729 [JavaFX Application Thread] DEBUG Input                - Registered new binding: Interact Action Key - E
08:24:05.729 [JavaFX Application Thread] DEBUG Input                - Registered new binding: Use Tool Keyboard - F
08:24:05.731 [JavaFX Application Thread] DEBUG Input                - Registered new binding: Use Tool Mouse - LMB
08:24:05.731 [JavaFX Application Thread] DEBUG Input                - Registered new binding: Test Quick Water - Q
08:24:05.731 [JavaFX Application Thread] DEBUG Input                - Registered new binding: Close UI Window - R
08:24:05.731 [JavaFX Application Thread] DEBUG Input                - Registered new binding: Toggle Inventory Window - Tab
08:24:05.731 [JavaFX Application Thread] DEBUG Input                - Registered new binding: Quick Save - F5
08:24:05.732 [JavaFX Application Thread] DEBUG Input                - Registered new binding: Quick Load - F9
08:24:05.732 [JavaFX Application Thread] DEBUG Input                - Registered new binding: Select Inventory Slot 1 - 1
08:24:05.733 [JavaFX Application Thread] DEBUG Input                - Registered new binding: Select Inventory Slot 2 - 2
08:24:05.733 [JavaFX Application Thread] DEBUG Input                - Registered new binding: Select Inventory Slot 3 - 3
08:24:05.733 [JavaFX Application Thread] DEBUG Input                - Registered new binding: Select Inventory Slot 4 - 4
08:24:05.733 [JavaFX Application Thread] DEBUG Input                - Registered new binding: Select Inventory Slot 5 - 5
08:24:05.733 [JavaFX Application Thread] DEBUG Input                - Registered new binding: Select Inventory Slot 6 - 6
08:24:05.733 [JavaFX Application Thread] DEBUG Input                - Registered new binding: Select Inventory Slot 7 - 7
08:24:05.733 [JavaFX Application Thread] DEBUG Input                - Registered new binding: Select Inventory Slot 8 - 8
08:24:05.734 [JavaFX Application Thread] DEBUG Input                - Registered new binding: Select Inventory Slot 9 - 9
08:24:05.735 [JavaFX Application Thread] DEBUG FXGLAssetLoaderServi - Loading from file system: jar:file:/C:/Users/HP/.m2/repository/com/github/almasb/fxgl/25/fxgl-25.jar!/fxglassets/textures/fxgl_icon.png
08:24:05.764 [FXGL Background Thread 4 ] DEBUG FXGLAssetLoaderServi - Loading from file system: jar:file:/C:/Users/HP/.m2/repository/com/github/almasb/fxgl/25/fxgl-25.jar!/fxglassets/ui/fonts/Abel-Regular.ttf
08:24:05.792 [FXGL Background Thread 4 ] DEBUG FXGLAssetLoaderServi - Loading from file system: jar:file:/C:/Users/HP/.m2/repository/com/github/almasb/fxgl/25/fxgl-25.jar!/fxglassets/ui/fonts/TerminalLandMono-Regular.otf
08:24:05.817 [FXGL Background Thread 4 ] DEBUG FXGLAssetLoaderServi - Loading from file system: jar:file:/C:/Users/HP/.m2/repository/com/github/almasb/fxgl/25/fxgl-25.jar!/fxglassets/ui/fonts/Courier-Prime.ttf
08:24:05.821 [JavaFX Application Thread] DEBUG FXGLAssetLoaderServi - Loading from file system: jar:file:/C:/Users/HP/.m2/repository/com/github/almasb/fxgl/25/fxgl-25.jar!/fxglassets/textures/fxgl_default_cursor.png
08:24:05.826 [JavaFX Application Thread] DEBUG Input                - Registered new binding: Screenshot - CTRL+8
08:24:05.827 [JavaFX Application Thread] DEBUG Input                - Registered new binding: Dev Options - 1
08:24:05.828 [JavaFX Application Thread] DEBUG Input                - Registered new binding: Dev Console - 2
08:24:05.829 [JavaFX Application Thread] DEBUG Input                - Registered new binding: System info dump - CTRL+9
08:24:05.829 [JavaFX Application Thread] DEBUG Input                - Registered new binding: Restart - CTRL+R
08:24:05.831 [JavaFX Application Thread] DEBUG Input                - Registered new binding: Toggle Debug Camera - CTRL+7
08:24:05.842 [JavaFX Application Thread] DEBUG LoopRunner           - Starting loop
08:24:05.868 [JavaFX Application Thread] DEBUG LoopRunner           - Initializing JavaFX AnimationTimerLoop
08:24:05.875 [JavaFX Application Thread] DEBUG Input                - Clearing active input actions
08:24:05.896 [JavaFX Application Thread] DEBUG GameApplicationServi - Removing overlay from FXGLStartupScene and adding to FXGLMainMenuDummyScene
08:24:05.906 [JavaFX Application Thread] DEBUG PrimaryStageWindow   - FXGLStartupScene -> FXGLMainMenuDummyScene
08:24:05.907 [JavaFX Application Thread] DEBUG PrimaryStageWindow   - Push state: FarmMenu
08:24:05.908 [JavaFX Application Thread] DEBUG Input                - Clearing active input actions
08:24:05.914 [JavaFX Application Thread] DEBUG GameApplicationServi - Removing overlay from FXGLMainMenuDummyScene and adding to FarmMenu
08:24:05.915 [JavaFX Application Thread] DEBUG PrimaryStageWindow   - FXGLMainMenuDummyScene -> FarmMenu
08:24:05.916 [JavaFX Application Thread] DEBUG FXGLApplication      - Registering font factories with UI factory
08:24:08.675 [FXGL Background Thread 3 ] DEBUG Engine               - Logging environment variables
08:24:08.676 [FXGL Background Thread 3 ] DEBUG Engine               - achievements: []
08:24:08.676 [FXGL Background Thread 3 ] DEBUG Engine               - actualHeight: 720.0
08:24:08.677 [FXGL Background Thread 3 ] DEBUG Engine               - actualHeightProperty: ReadOnlyDoubleProperty [value: 720.0]
08:24:08.677 [FXGL Background Thread 3 ] DEBUG Engine               - actualWidth: 1280.0
08:24:08.677 [FXGL Background Thread 3 ] DEBUG Engine               - actualWidthProperty: ReadOnlyDoubleProperty [value: 1280.0]
08:24:08.677 [FXGL Background Thread 3 ] DEBUG Engine               - appIcon: fxgl_icon.png
08:24:08.677 [FXGL Background Thread 3 ] DEBUG Engine               - applicationMode: DEVELOPER
08:24:08.677 [FXGL Background Thread 3 ] DEBUG Engine               - cSSList: [fxgl_dark.css]
08:24:08.679 [FXGL Background Thread 3 ] DEBUG Engine               - collisionDetectionStrategy: BRUTE_FORCE
08:24:08.679 [FXGL Background Thread 3 ] DEBUG Engine               - configClass: Optional.empty
08:24:08.679 [FXGL Background Thread 3 ] DEBUG Engine               - credits: []
08:24:08.682 [FXGL Background Thread 3 ] DEBUG Engine               - defaultCursor: CursorInfo(imageName=fxgl_default_cursor.png, hotspotX=7.0, hotspotY=6.0)
08:24:08.683 [FXGL Background Thread 3 ] DEBUG Engine               - devBBoxColorProperty: ObjectProperty [value: 0xff0000ff]
08:24:08.683 [FXGL Background Thread 3 ] DEBUG Engine               - devEnableDebugCameraProperty: BooleanProperty [value: false]
08:24:08.683 [FXGL Background Thread 3 ] DEBUG Engine               - devSensorColorProperty: ObjectProperty [value: 0xffff00ff]
08:24:08.683 [FXGL Background Thread 3 ] DEBUG Engine               - devShowBBoxProperty: BooleanProperty [value: false]
08:24:08.683 [FXGL Background Thread 3 ] DEBUG Engine               - devShowPositionProperty: BooleanProperty [value: false]
08:24:08.683 [FXGL Background Thread 3 ] DEBUG Engine               - enabledMenuItems: []
08:24:08.685 [FXGL Background Thread 3 ] DEBUG Engine               - engineServices: [class com.almasb.fxgl.app.services.FXGLAssetLoaderService, class com.almasb.fxgl.app.FXGLApplication$GameApplicationService, class com.almasb.fxgl.app.services.FXGLDialogService, class com.almasb.fxgl.app.services.IOTaskExecutorService, class com.almasb.fxgl.io.FileSystemService, class com.almasb.fxgl.localization.LocalizationService, class com.almasb.fxgl.app.services.SystemBundleService, class com.almasb.fxgl.profile.SaveLoadService, class com.almasb.fxgl.ui.FXGLUIFactoryServiceProvider, class com.almasb.fxgl.ui.FXGLDialogFactoryServiceProvider, class com.almasb.fxgl.audio.AudioPlayer, class com.almasb.fxgl.notification.impl.NotificationServiceProvider, class com.almasb.fxgl.achievement.AchievementService, class com.almasb.fxgl.cutscene.CutsceneService, class com.almasb.fxgl.minigames.MiniGameService, class com.almasb.fxgl.net.NetService, class com.almasb.fxgl.app.services.UpdaterService, class com.almasb.fxgl.dev.DevService]
08:24:08.685 [FXGL Background Thread 3 ] DEBUG Engine               - fontGame: Abel-Regular.ttf
08:24:08.685 [FXGL Background Thread 3 ] DEBUG Engine               - fontMono: TerminalLandMono-Regular.otf
08:24:08.685 [FXGL Background Thread 3 ] DEBUG Engine               - fontSizeScaleUI: 1.0
08:24:08.685 [FXGL Background Thread 3 ] DEBUG Engine               - fontText: Courier-Prime.ttf
08:24:08.686 [FXGL Background Thread 3 ] DEBUG Engine               - fontUI: VarelaRound-Regular.ttf
08:24:08.686 [FXGL Background Thread 3 ] DEBUG Engine               - fpsRefreshRate: 500.0 ms
08:24:08.686 [FXGL Background Thread 3 ] DEBUG Engine               - fullScreen: BooleanProperty [value: false]
08:24:08.687 [FXGL Background Thread 3 ] DEBUG Engine               - gameDifficulty: MEDIUM
08:24:08.687 [FXGL Background Thread 3 ] DEBUG Engine               - gameDifficultyProperty: ObjectProperty [value: MEDIUM]
08:24:08.687 [FXGL Background Thread 3 ] DEBUG Engine               - globalMusicVolume: 0.5
08:24:08.688 [FXGL Background Thread 3 ] DEBUG Engine               - globalMusicVolumeProperty: DoubleProperty [value: 0.5]
08:24:08.688 [FXGL Background Thread 3 ] DEBUG Engine               - globalSoundVolume: 0.5
08:24:08.688 [FXGL Background Thread 3 ] DEBUG Engine               - globalSoundVolumeProperty: DoubleProperty [value: 0.5]
08:24:08.688 [FXGL Background Thread 3 ] DEBUG Engine               - height: 720
08:24:08.688 [FXGL Background Thread 3 ] DEBUG Engine               - is3D: false
08:24:08.688 [FXGL Background Thread 3 ] DEBUG Engine               - isAndroid: false
08:24:08.688 [FXGL Background Thread 3 ] DEBUG Engine               - isBrowser: false
08:24:08.688 [FXGL Background Thread 3 ] DEBUG Engine               - isClickFeedbackEnabled: false
08:24:08.689 [FXGL Background Thread 3 ] DEBUG Engine               - isCloseConfirmation: false
08:24:08.689 [FXGL Background Thread 3 ] DEBUG Engine               - isDesktop: true
08:24:08.689 [FXGL Background Thread 3 ] DEBUG Engine               - isDeveloperMenuEnabled: true
08:24:08.689 [FXGL Background Thread 3 ] DEBUG Engine               - isEmbedded: false
08:24:08.689 [FXGL Background Thread 3 ] DEBUG Engine               - isEntityPreloadEnabled: true
08:24:08.689 [FXGL Background Thread 3 ] DEBUG Engine               - isExperimentalTiledLargeMap: false
08:24:08.690 [FXGL Background Thread 3 ] DEBUG Engine               - isFileSystemWriteAllowed: true
08:24:08.690 [FXGL Background Thread 3 ] DEBUG Engine               - isFullScreenAllowed: false
08:24:08.690 [FXGL Background Thread 3 ] DEBUG Engine               - isFullScreenFromStart: false
08:24:08.690 [FXGL Background Thread 3 ] DEBUG Engine               - isGameMenuEnabled: true
08:24:08.691 [FXGL Background Thread 3 ] DEBUG Engine               - isIOS: false
08:24:08.691 [FXGL Background Thread 3 ] DEBUG Engine               - isIntroEnabled: false
08:24:08.691 [FXGL Background Thread 3 ] DEBUG Engine               - isLinux: false
08:24:08.691 [FXGL Background Thread 3 ] DEBUG Engine               - isMac: false
08:24:08.691 [FXGL Background Thread 3 ] DEBUG Engine               - isMainMenuEnabled: true
08:24:08.691 [FXGL Background Thread 3 ] DEBUG Engine               - isManualResizeEnabled: false
08:24:08.691 [FXGL Background Thread 3 ] DEBUG Engine               - isMobile: false
08:24:08.691 [FXGL Background Thread 3 ] DEBUG Engine               - isNative: false
08:24:08.692 [FXGL Background Thread 3 ] DEBUG Engine               - isPauseMusicWhenMinimized: true
08:24:08.692 [FXGL Background Thread 3 ] DEBUG Engine               - isPreserveResizeRatio: false
08:24:08.692 [FXGL Background Thread 3 ] DEBUG Engine               - isProfilingEnabled: false
08:24:08.692 [FXGL Background Thread 3 ] DEBUG Engine               - isScaleAffectedOnResize: true
08:24:08.692 [FXGL Background Thread 3 ] DEBUG Engine               - isSingleStep: false
08:24:08.692 [FXGL Background Thread 3 ] DEBUG Engine               - isUserProfileEnabled: false
08:24:08.692 [FXGL Background Thread 3 ] DEBUG Engine               - isWindows: true
08:24:08.693 [FXGL Background Thread 3 ] DEBUG Engine               - language: ObjectProperty [value: ENGLISH]
08:24:08.693 [FXGL Background Thread 3 ] DEBUG Engine               - menuKey: ESCAPE
08:24:08.693 [FXGL Background Thread 3 ] DEBUG Engine               - mouseSensitivity: 0.2
08:24:08.694 [FXGL Background Thread 3 ] DEBUG Engine               - notificationViewClass: class com.almasb.fxgl.notification.view.XboxNotificationView
08:24:08.694 [FXGL Background Thread 3 ] DEBUG Engine               - pixelsPerMeter: 50.0
08:24:08.694 [FXGL Background Thread 3 ] DEBUG Engine               - platform: WINDOWS
08:24:08.694 [FXGL Background Thread 3 ] DEBUG Engine               - prefHeightProperty: ReadOnlyDoubleProperty [value: 720.0]
08:24:08.694 [FXGL Background Thread 3 ] DEBUG Engine               - prefWidthProperty: ReadOnlyDoubleProperty [value: 1280.0]
08:24:08.694 [FXGL Background Thread 3 ] DEBUG Engine               - profileDir: profiles/
08:24:08.694 [FXGL Background Thread 3 ] DEBUG Engine               - profileName: StringProperty [value: DEFAULT]
08:24:08.694 [FXGL Background Thread 3 ] DEBUG Engine               - randomSeed: -1
08:24:08.695 [FXGL Background Thread 3 ] DEBUG Engine               - runtimeInfo: RuntimeInfo(platform=WINDOWS, version=25, build=05.02.2026 22.57)
08:24:08.695 [FXGL Background Thread 3 ] DEBUG Engine               - saveFileExt: sav
08:24:08.695 [FXGL Background Thread 3 ] DEBUG Engine               - scaledHeightProp$fxgl: DoubleProperty [bound, value: 720.0]
08:24:08.695 [FXGL Background Thread 3 ] DEBUG Engine               - scaledWidthProp$fxgl: DoubleProperty [bound, value: 1280.0]
08:24:08.695 [FXGL Background Thread 3 ] DEBUG Engine               - sceneFactory: Project1Game.ui.FarmSceneFactory@dad4f7f
08:24:08.695 [FXGL Background Thread 3 ] DEBUG Engine               - secondsIn24h: 60
08:24:08.695 [FXGL Background Thread 3 ] DEBUG Engine               - soundMenuBack: menu/back.wav
08:24:08.696 [FXGL Background Thread 3 ] DEBUG Engine               - soundMenuPress: menu/press.wav
08:24:08.696 [FXGL Background Thread 3 ] DEBUG Engine               - soundMenuSelect: menu/select.wav
08:24:08.697 [FXGL Background Thread 3 ] DEBUG Engine               - soundNotification: core/notification.wav
08:24:08.697 [FXGL Background Thread 3 ] DEBUG Engine               - stageStyle: DECORATED
08:24:08.697 [FXGL Background Thread 3 ] DEBUG Engine               - supportedLanguages: [ENGLISH, FRENCH, GERMAN, HUNGARIAN, RUSSIAN]
08:24:08.697 [FXGL Background Thread 3 ] DEBUG Engine               - ticksPerSecond: -1
08:24:08.697 [FXGL Background Thread 3 ] DEBUG Engine               - title: Java Farming Professional
08:24:08.697 [FXGL Background Thread 3 ] DEBUG Engine               - urlGithub: https://github.com/AlmasB/FXGL
08:24:08.698 [FXGL Background Thread 3 ] DEBUG Engine               - urlLeaderboard: http://fxgl-top.herokuapp.com/
08:24:08.698 [FXGL Background Thread 3 ] DEBUG Engine               - urlPOM: https://raw.githubusercontent.com/AlmasB/FXGL/release/README.md
08:24:08.698 [FXGL Background Thread 3 ] DEBUG Engine               - userAppClass: class Project1Game.Main
08:24:08.698 [FXGL Background Thread 3 ] DEBUG Engine               - version: 2.5
08:24:08.698 [FXGL Background Thread 3 ] DEBUG Engine               - versionCheckDays: 7
08:24:08.698 [FXGL Background Thread 3 ] DEBUG Engine               - width: 1280
08:24:08.698 [FXGL Background Thread 3 ] DEBUG Engine               - Logging services
08:24:08.699 [FXGL Background Thread 3 ] DEBUG Engine               - class com.almasb.fxgl.app.services.FXGLAssetLoaderService
08:24:08.699 [FXGL Background Thread 3 ] DEBUG Engine               - class com.almasb.fxgl.app.FXGLApplication$GameApplicationService
08:24:08.699 [FXGL Background Thread 3 ] DEBUG Engine               - class com.almasb.fxgl.app.services.FXGLDialogService
08:24:08.699 [FXGL Background Thread 3 ] DEBUG Engine               - class com.almasb.fxgl.app.services.IOTaskExecutorService
08:24:08.699 [FXGL Background Thread 3 ] DEBUG Engine               - class com.almasb.fxgl.io.FileSystemService
08:24:08.699 [FXGL Background Thread 3 ] DEBUG Engine               - class com.almasb.fxgl.localization.LocalizationService
08:24:08.699 [FXGL Background Thread 3 ] DEBUG Engine               - class com.almasb.fxgl.app.services.SystemBundleService
08:24:08.699 [FXGL Background Thread 3 ] DEBUG Engine               - class com.almasb.fxgl.profile.SaveLoadService
08:24:08.700 [FXGL Background Thread 3 ] DEBUG Engine               - class com.almasb.fxgl.ui.FXGLUIFactoryServiceProvider
08:24:08.700 [FXGL Background Thread 3 ] DEBUG Engine               - class com.almasb.fxgl.ui.FXGLDialogFactoryServiceProvider
08:24:08.700 [FXGL Background Thread 3 ] DEBUG Engine               - class com.almasb.fxgl.audio.AudioPlayer
08:24:08.700 [FXGL Background Thread 3 ] DEBUG Engine               - class com.almasb.fxgl.notification.impl.NotificationServiceProvider
08:24:08.700 [FXGL Background Thread 3 ] DEBUG Engine               - class com.almasb.fxgl.achievement.AchievementService
08:24:08.700 [FXGL Background Thread 3 ] DEBUG Engine               - class com.almasb.fxgl.cutscene.CutsceneService
08:24:08.700 [FXGL Background Thread 3 ] DEBUG Engine               - class com.almasb.fxgl.minigames.MiniGameService
08:24:08.700 [FXGL Background Thread 3 ] DEBUG Engine               - class com.almasb.fxgl.net.NetService
08:24:08.701 [FXGL Background Thread 3 ] DEBUG Engine               - class com.almasb.fxgl.app.services.UpdaterService
08:24:08.701 [FXGL Background Thread 3 ] DEBUG Engine               - class com.almasb.fxgl.dev.DevService
08:24:10.615 [JavaFX Application Thread] DEBUG Menu                 - fireExit()
08:24:10.627 [JavaFX Application Thread] DEBUG PrimaryStageWindow   - Push state: DialogSubScene
08:24:10.627 [JavaFX Application Thread] DEBUG Input                - Clearing active input actions
08:24:10.629 [JavaFX Application Thread] DEBUG GameApplicationServi - Removing overlay from FarmMenu and adding to DialogSubScene
08:24:10.633 [JavaFX Application Thread] DEBUG PrimaryStageWindow   - FarmMenu -> DialogSubScene
08:24:11.200 [JavaFX Application Thread] DEBUG PrimaryStageWindow   - Pop state: DialogSubScene
08:24:11.200 [JavaFX Application Thread] DEBUG Input                - Clearing active input actions
08:24:11.201 [JavaFX Application Thread] DEBUG GameApplicationServi - Removing overlay from DialogSubScene and adding to FarmMenu
08:24:11.205 [JavaFX Application Thread] DEBUG PrimaryStageWindow   - FarmMenu <- DialogSubScene
08:24:11.205 [JavaFX Application Thread] DEBUG FXGLApplication      - Exiting FXGL
08:24:11.205 [JavaFX Application Thread] DEBUG LoopRunner           - Stopping loop
08:24:11.205 [JavaFX Application Thread] DEBUG SystemBundleService  - Saving FXGL system data
08:24:11.208 [JavaFX Application Thread] DEBUG FileSystemAccess     - Writing to: D:\projects\helloworld\FarmSimulator\system\fxgl.bundle
08:24:11.211 [JavaFX Application Thread] DEBUG Async                - Shutting down background threads
08:24:11.211 [JavaFX Application Thread] DEBUG PrimaryStageWindow   - Closing main window
08:24:11.231 [JavaFX Application Thread] DEBUG Logger               - Closing Logger
