20:51:43.478 [main                     ] DEBUG Logger               - Configured Logger
20:51:43.484 [main                     ] DEBUG GameApplication      - Logging settings
Title: Untitled
Version: 0.0
Width: 1280
Height: 720
Fullscreen: false
Intro: false
Profiling: false
Single step:false
App Mode: DEVELOPER
Menu Key: ESCAPE
Stage Style: DECORATED
Scene Factory: class com.almasb.fxgl.app.scene.SceneFactory

20:51:43.812 [JavaFX Application Thread] DEBUG FXGLApplication      - Initializing FXGL
20:51:43.815 [JavaFX Application Thread] INFO  Engine               - FXGL-25 (05.02.2026 22.57) on WINDOWS (J:25.0.1 FX:25.0.1)
20:51:43.815 [JavaFX Application Thread] DEBUG Engine               - JRE Vendor Name: Oracle Corporation
20:51:43.815 [JavaFX Application Thread] DEBUG Engine               - Running on OS: Windows 11 version 10.0
20:51:43.815 [JavaFX Application Thread] DEBUG Engine               - Architecture: amd64
20:51:43.815 [JavaFX Application Thread] INFO  Engine               - Source code and latest versions at: https://github.com/AlmasB/FXGL
20:51:43.815 [JavaFX Application Thread] INFO  Engine               -       Ask questions and discuss at: https://github.com/AlmasB/FXGL/discussions
20:51:43.889 [JavaFX Application Thread] DEBUG PrimaryStageWindow   - Creating a JavaFX scene
20:51:43.923 [JavaFX Application Thread] DEBUG PrimaryStageWindow   - Target settings size: 1280.0 x 720.0
20:51:43.923 [JavaFX Application Thread] DEBUG PrimaryStageWindow   - Scaled scene size:    1280.0 x 720.0
20:51:43.923 [JavaFX Application Thread] DEBUG PrimaryStageWindow   - Scaled ratio: (1.0, 1.0)
20:51:43.925 [JavaFX Application Thread] DEBUG PrimaryStageWindow   - Set initial scene to FXGLStartupScene
20:51:43.927 [JavaFX Application Thread] DEBUG PrimaryStageWindow   - Opening main window
20:51:44.186 [JavaFX Application Thread] DEBUG PrimaryStageWindow   - Window border size: (14.4000244140625, 37.5999755859375)
20:51:44.186 [JavaFX Application Thread] DEBUG PrimaryStageWindow   - Scaled size: 1280.0 x 720.0
20:51:44.186 [JavaFX Application Thread] DEBUG PrimaryStageWindow   - Scaled ratio: (1.0, 1.0)
20:51:44.186 [JavaFX Application Thread] DEBUG PrimaryStageWindow   - Scene size: 1280.0 x 720.0
20:51:44.186 [JavaFX Application Thread] DEBUG PrimaryStageWindow   - Stage size: 1294.4000244140625 x 757.5999755859375
20:51:44.193 [FXGL Background Thread 1 ] DEBUG Engine               - Initializing environment variables
20:51:44.239 [FXGL Background Thread 1 ] DEBUG FXGLAssetLoaderServi - User app class for loading assets: class Project1Game.Main
20:51:44.240 [FXGL Background Thread 1 ] DEBUG GameApplicationServi - Applying CSS: fxgl_dark.css
20:51:44.240 [FXGL Background Thread 1 ] DEBUG FXGLAssetLoaderServi - Loading from file system: jar:file:/C:/Users/Admin/.m2/repository/com/github/almasb/fxgl/25/fxgl-25.jar!/fxglassets/ui/css/fxgl_dark.css
20:51:44.275 [FXGL Background Thread 1 ] DEBUG GameApplicationServi - Initializing application scenes
20:51:44.312 [FXGL Background Thread 1 ] DEBUG GameWorld            - Game world initialized
20:51:44.344 [FXGL Background Thread 1 ] DEBUG PhysicsWorld         - Physics world initialized: appHeight=720, physics.ppm=50.0
20:51:44.344 [FXGL Background Thread 1 ] DEBUG PhysicsWorld         - Using strategy: BRUTE_FORCE
20:51:44.349 [FXGL Background Thread 1 ] DEBUG GameScene            - Game scene initialized: 1280x720
20:51:44.358 [FXGL Background Thread 1 ] DEBUG FXGL.DefaultMenu     - createMenuBodyGameMenu()
20:51:44.372 [FXGL Background Thread 1 ] DEBUG FXGL.DefaultMenu     - createOptionsMenu()
20:51:44.381 [FXGL Background Thread 1 ] DEBUG FXGLAssetLoaderServi - Loading from file system: jar:file:/C:/Users/Admin/.m2/repository/com/github/almasb/fxgl/25/fxgl-25.jar!/fxglassets/textures/particles/smoke.png
20:51:44.441 [FXGL Background Thread 1 ] DEBUG FXGLAssetLoaderServi - Loading from file system: jar:file:/C:/Users/Admin/.m2/repository/com/github/almasb/fxgl/25/fxgl-25.jar!/fxglassets/textures/particles/trace_horizontal.png
20:51:44.460 [FXGL Background Thread 1 ] DEBUG GameApplicationServi - Application scenes initialized
20:51:44.473 [FXGL Background Thread 1 ] DEBUG SystemBundleService  - Loading FXGL system data
20:51:44.476 [FXGL Background Thread 1 ] DEBUG FileSystemAccess     - Reading from: D:\GameDevelop\Project1\system\fxgl.bundle
20:51:44.482 [FXGL Background Thread 1 ] DEBUG SystemBundleService  - Bundle FXGL: {}
20:51:44.483 [FXGL Background Thread 1 ] DEBUG UpdaterService       - Checking for updates
20:51:44.502 [FXGL Background Thread 4 ] DEBUG FXGLApplication      - Loading fonts
20:51:44.503 [FXGL Background Thread 1 ] DEBUG FXGLApplication      - Loading default localization
20:51:44.503 [FXGL Background Thread 4 ] DEBUG FXGLAssetLoaderServi - Loading from file system: jar:file:/C:/Users/Admin/.m2/repository/com/github/almasb/fxgl/25/fxgl-25.jar!/fxglassets/ui/fonts/VarelaRound-Regular.ttf
20:51:44.503 [FXGL Background Thread 1 ] DEBUG FXGLAssetLoaderServi - Loading from file system: jar:file:/C:/Users/Admin/.m2/repository/com/github/almasb/fxgl/25/fxgl-25.jar!/fxglassets/languages/english.lang
20:51:44.514 [FXGL Background Thread 1 ] INFO  FXGLApplication      - FXGL initialization took: 0.320 sec
20:51:44.520 [JavaFX Application Thread] DEBUG Input                - Registered new binding: Move Right - D
20:51:44.520 [JavaFX Application Thread] DEBUG Input                - Registered new binding: Move Left - A
20:51:44.520 [JavaFX Application Thread] DEBUG Input                - Registered new binding: Move Up - W
20:51:44.520 [JavaFX Application Thread] DEBUG Input                - Registered new binding: Move Down - S
20:51:44.521 [JavaFX Application Thread] DEBUG Input                - Registered new binding: action0 - I
20:51:44.523 [JavaFX Application Thread] DEBUG Input                - Registered new binding: action1 - R
20:51:44.523 [JavaFX Application Thread] DEBUG Input                - Registered new binding: action2 - F
20:51:44.523 [JavaFX Application Thread] DEBUG Input                - Registered new binding: action3 - E
20:51:44.523 [JavaFX Application Thread] DEBUG Input                - Registered new binding: action4 - 1
20:51:44.523 [JavaFX Application Thread] DEBUG Input                - Registered new binding: action5 - 2
20:51:44.524 [JavaFX Application Thread] DEBUG Input                - Registered new binding: action6 - 3
20:51:44.524 [JavaFX Application Thread] DEBUG Input                - Registered new binding: action7 - 4
20:51:44.524 [JavaFX Application Thread] DEBUG Input                - Registered new binding: action8 - 5
20:51:44.524 [JavaFX Application Thread] DEBUG Input                - Registered new binding: action9 - 6
20:51:44.525 [JavaFX Application Thread] DEBUG Input                - Registered new binding: action10 - 7
20:51:44.525 [JavaFX Application Thread] DEBUG Input                - Registered new binding: action11 - 8
20:51:44.525 [JavaFX Application Thread] DEBUG Input                - Registered new binding: action12 - 9
20:51:44.525 [JavaFX Application Thread] DEBUG Input                - Registered new binding: action13 - Q
20:51:44.525 [JavaFX Application Thread] DEBUG Input                - Registered new binding: action14 - Tab
20:51:44.526 [JavaFX Application Thread] DEBUG FXGLAssetLoaderServi - Loading from file system: jar:file:/C:/Users/Admin/.m2/repository/com/github/almasb/fxgl/25/fxgl-25.jar!/fxglassets/textures/fxgl_icon.png
20:51:44.533 [FXGL Background Thread 4 ] DEBUG FXGLAssetLoaderServi - Loading from file system: jar:file:/C:/Users/Admin/.m2/repository/com/github/almasb/fxgl/25/fxgl-25.jar!/fxglassets/ui/fonts/Abel-Regular.ttf
20:51:44.539 [JavaFX Application Thread] DEBUG FXGLAssetLoaderServi - Loading from file system: jar:file:/C:/Users/Admin/.m2/repository/com/github/almasb/fxgl/25/fxgl-25.jar!/fxglassets/textures/fxgl_default_cursor.png
20:51:44.540 [JavaFX Application Thread] DEBUG Input                - Registered new binding: Screenshot - CTRL+8
20:51:44.541 [JavaFX Application Thread] DEBUG Input                - Registered new binding: Dev Options - 1
20:51:44.541 [JavaFX Application Thread] DEBUG Input                - Registered new binding: Dev Console - 2
20:51:44.541 [JavaFX Application Thread] DEBUG Input                - Registered new binding: System info dump - CTRL+9
20:51:44.541 [JavaFX Application Thread] DEBUG Input                - Registered new binding: Restart - CTRL+R
20:51:44.543 [JavaFX Application Thread] DEBUG Input                - Registered new binding: Toggle Debug Camera - CTRL+7
20:51:44.543 [FXGL Background Thread 4 ] DEBUG FXGLAssetLoaderServi - Loading from file system: jar:file:/C:/Users/Admin/.m2/repository/com/github/almasb/fxgl/25/fxgl-25.jar!/fxglassets/ui/fonts/TerminalLandMono-Regular.otf
20:51:44.545 [JavaFX Application Thread] DEBUG LoopRunner           - Starting loop
20:51:44.555 [FXGL Background Thread 4 ] DEBUG FXGLAssetLoaderServi - Loading from file system: jar:file:/C:/Users/Admin/.m2/repository/com/github/almasb/fxgl/25/fxgl-25.jar!/fxglassets/ui/fonts/Courier-Prime.ttf
20:51:44.557 [JavaFX Application Thread] DEBUG LoopRunner           - Initializing JavaFX AnimationTimerLoop
20:51:44.559 [JavaFX Application Thread] DEBUG GameApplicationServi - Starting new game
20:51:44.559 [JavaFX Application Thread] DEBUG Input                - Clearing active input actions
20:51:44.570 [JavaFX Application Thread] DEBUG GameApplicationServi - Removing overlay from FXGLStartupScene and adding to FXGLLoadingScene
20:51:44.581 [JavaFX Application Thread] DEBUG PrimaryStageWindow   - FXGLStartupScene -> FXGLLoadingScene
20:51:44.581 [JavaFX Application Thread] DEBUG GameApplicationServi - Clearing previous game
20:51:44.581 [JavaFX Application Thread] DEBUG GameScene            - Clearing game scene
20:51:44.581 [JavaFX Application Thread] DEBUG GameWorld            - Clearing game world
20:51:44.581 [JavaFX Application Thread] DEBUG PhysicsWorld         - Clearing physics world
20:51:44.583 [FXGL Background Thread 4 ] DEBUG FXGLApplication      - Initializing game
20:51:44.617 [FXGL Background Thread 4 ] WARN  TMXLevelLoader       - TiledMap generated from 1.12.0. Supported version: 1.9.0. Some features may not be parsed fully.
20:51:44.648 [FXGL Background Thread 4 ] DEBUG TMXLevelLoader       - Parsed TiledMap: file:/D:/GameDevelop/Project1/target/classes/assets/levels/Main_level.tmx
20:51:44.649 [FXGL Background Thread 4 ] DEBUG TMXLevelLoader       - Creating tile layer entities
20:51:44.651 [FXGL Background Thread 4 ] DEBUG TilesetLoader        - Loading view for layer BackgroundLayer
20:51:44.658 [FXGL Background Thread 4 ] DEBUG TilesetLoader        - Created buffer with size 3520.0x2048.0
20:51:44.712 [FXGL Background Thread 4 ] DEBUG TilesetLoader        - Loading view for layer DecorationLayer
20:51:44.719 [FXGL Background Thread 4 ] DEBUG TilesetLoader        - Created buffer with size 3520.0x2048.0
20:51:44.758 [JavaFX Application Thread] DEBUG FXGLApplication      - Registering font factories with UI factory
20:51:44.763 [FXGL Background Thread 4 ] DEBUG TilesetLoader        - Loading view for layer OverheadLayer
20:51:44.771 [FXGL Background Thread 4 ] DEBUG TilesetLoader        - Created buffer with size 3520.0x2048.0
20:51:44.772 [FXGL Background Thread 4 ] DEBUG TMXLevelLoader       - Creating object layer entities
20:51:44.784 [FXGL Background Thread 4 ] DEBUG FXGLAssetLoaderServi - Loading from file system: file:/D:/GameDevelop/Project1/target/classes/assets/textures/Player/Carry_Idle/Carry_Idle_Down-Sheet.png
20:51:44.786 [FXGL Background Thread 4 ] DEBUG FXGLAssetLoaderServi - Loading from file system: file:/D:/GameDevelop/Project1/target/classes/assets/textures/Player/Carry_Idle/Carry_Idle_Up-Sheet.png
20:51:44.787 [FXGL Background Thread 4 ] DEBUG FXGLAssetLoaderServi - Loading from file system: file:/D:/GameDevelop/Project1/target/classes/assets/textures/Player/Carry_Idle/Carry_Idle_Side-Sheet.png
20:51:44.788 [FXGL Background Thread 4 ] DEBUG FXGLAssetLoaderServi - Loading from file system: file:/D:/GameDevelop/Project1/target/classes/assets/textures/Player/Carry_Walk/Carry_Walk_Down-Sheet.png
20:51:44.790 [FXGL Background Thread 4 ] DEBUG FXGLAssetLoaderServi - Loading from file system: file:/D:/GameDevelop/Project1/target/classes/assets/textures/Player/Carry_Walk/Carry_Walk_Up-Sheet.png
20:51:44.791 [FXGL Background Thread 4 ] DEBUG FXGLAssetLoaderServi - Loading from file system: file:/D:/GameDevelop/Project1/target/classes/assets/textures/Player/Carry_Walk/Carry_Walk_Side-Sheet.png
20:51:44.792 [FXGL Background Thread 4 ] DEBUG FXGLAssetLoaderServi - Loading from file system: file:/D:/GameDevelop/Project1/target/classes/assets/textures/Player/Carry_Run/Carry_Run_Down-Sheet.png
20:51:44.793 [FXGL Background Thread 4 ] DEBUG FXGLAssetLoaderServi - Loading from file system: file:/D:/GameDevelop/Project1/target/classes/assets/textures/Player/Carry_Run/Carry_Run_Up-Sheet.png
20:51:44.795 [FXGL Background Thread 4 ] DEBUG FXGLAssetLoaderServi - Loading from file system: file:/D:/GameDevelop/Project1/target/classes/assets/textures/Player/Carry_Run/Carry_Run_Side-Sheet.png
20:51:44.892 [FXGL Background Thread 4 ] WARN  TMXLevelLoader       - Parse error
java.lang.IllegalArgumentException: No EntityFactory has a method annotated @Spawns()
	at com.almasb.fxgl.entity.GameWorld.create(GameWorld.kt:413)
	at com.almasb.fxgl.entity.level.tiled.TMXLevelLoader.createObjectLayerEntities(TMXLevelLoader.kt:154)
	at com.almasb.fxgl.entity.level.tiled.TMXLevelLoader.load(TMXLevelLoader.kt:60)
	at com.almasb.fxgl.app.services.FXGLAssetLoaderService.loadLevel(FXGLAssetLoaderService.kt:449)
	at com.almasb.fxgl.dsl.FXGL$Companion.setLevelFromMap(FXGL.kt:645)
	at com.almasb.fxgl.dsl.FXGL.setLevelFromMap(FXGL.kt)
	at Project1Game.Main.initGame(Main.java:69)
	at com.almasb.fxgl.app.FXGLApplication$InitAppTask.initGame(FXGLApplication.kt:346)
	at com.almasb.fxgl.app.FXGLApplication$InitAppTask.call(FXGLApplication.kt:324)
	at com.almasb.fxgl.app.FXGLApplication$InitAppTask.call(FXGLApplication.kt:316)
	at javafx.concurrent.Task$TaskCallable.call(Task.java:1407)
	at java.base/java.util.concurrent.FutureTask.run(FutureTask.java:328)
	at java.base/java.util.concurrent.Executors$RunnableAdapter.call(Executors.java:545)
	at java.base/java.util.concurrent.FutureTask.run(FutureTask.java:328)
	at java.base/java.util.concurrent.ThreadPoolExecutor.runWorker(ThreadPoolExecutor.java:1090)
	at java.base/java.util.concurrent.ThreadPoolExecutor$Worker.run(ThreadPoolExecutor.java:614)
	at java.base/java.lang.Thread.run(Thread.java:1474)

20:51:44.897 [JavaFX Application Thread] DEBUG LoopRunner           - Stopping loop
20:51:44.898 [JavaFX Application Thread] FATAL FXGLApplication      - Uncaught Exception:
java.lang.RuntimeException: Initialization failed
	at com.almasb.fxgl.app.FXGLApplication$InitAppTask.failed(FXGLApplication.kt:350)
	at javafx.concurrent.Task.setState(Task.java:709)
	at javafx.concurrent.Task$TaskCallable.lambda$call$2(Task.java:1437)
	at com.sun.javafx.application.PlatformImpl.lambda$runLater$0(PlatformImpl.java:424)
	at com.sun.glass.ui.InvokeLaterDispatcher$Future.run(InvokeLaterDispatcher.java:95)
	at com.sun.glass.ui.win.WinApplication._runLoop(Native Method)
	at com.sun.glass.ui.win.WinApplication.lambda$runLoop$0(WinApplication.java:168)
	at java.base/java.lang.Thread.run(Thread.java:1474)
Caused by: com.almasb.fxgl.entity.level.LevelLoadingException: No EntityFactory has a method annotated @Spawns()
	at com.almasb.fxgl.entity.level.tiled.TMXLevelLoader.load(TMXLevelLoader.kt:77)
	at com.almasb.fxgl.app.services.FXGLAssetLoaderService.loadLevel(FXGLAssetLoaderService.kt:449)
	at com.almasb.fxgl.dsl.FXGL$Companion.setLevelFromMap(FXGL.kt:645)
	at com.almasb.fxgl.dsl.FXGL.setLevelFromMap(FXGL.kt)
	at Project1Game.Main.initGame(Main.java:69)
	at com.almasb.fxgl.app.FXGLApplication$InitAppTask.initGame(FXGLApplication.kt:346)
	at com.almasb.fxgl.app.FXGLApplication$InitAppTask.call(FXGLApplication.kt:324)
	at com.almasb.fxgl.app.FXGLApplication$InitAppTask.call(FXGLApplication.kt:316)
	at javafx.concurrent.Task$TaskCallable.call(Task.java:1407)
	at java.base/java.util.concurrent.FutureTask.run(FutureTask.java:328)
	at java.base/java.util.concurrent.Executors$RunnableAdapter.call(Executors.java:545)
	at java.base/java.util.concurrent.FutureTask.run(FutureTask.java:328)
	at java.base/java.util.concurrent.ThreadPoolExecutor.runWorker(ThreadPoolExecutor.java:1090)
	at java.base/java.util.concurrent.ThreadPoolExecutor$Worker.run(ThreadPoolExecutor.java:614)
	... 1 more
Caused by: java.lang.IllegalArgumentException: No EntityFactory has a method annotated @Spawns()
	at com.almasb.fxgl.entity.GameWorld.create(GameWorld.kt:413)
	at com.almasb.fxgl.entity.level.tiled.TMXLevelLoader.createObjectLayerEntities(TMXLevelLoader.kt:154)
	at com.almasb.fxgl.entity.level.tiled.TMXLevelLoader.load(TMXLevelLoader.kt:60)
	... 14 more

20:51:44.898 [JavaFX Application Thread] FATAL FXGLApplication      - Application will now exit
20:51:44.904 [JavaFX Application Thread] DEBUG PrimaryStageWindow   - Push state: ErrorSubScene
20:51:44.905 [JavaFX Application Thread] DEBUG Input                - Clearing active input actions
20:51:44.906 [JavaFX Application Thread] DEBUG GameApplicationServi - Removing overlay from FXGLLoadingScene and adding to ErrorSubScene
20:51:44.908 [JavaFX Application Thread] DEBUG PrimaryStageWindow   - FXGLLoadingScene -> ErrorSubScene
20:51:47.503 [FXGL Background Thread 3 ] DEBUG Engine               - Logging environment variables
20:51:47.503 [FXGL Background Thread 3 ] DEBUG Engine               - achievements: []
20:51:47.503 [FXGL Background Thread 3 ] DEBUG Engine               - actualHeight: 720.0
20:51:47.503 [FXGL Background Thread 3 ] DEBUG Engine               - actualHeightProperty: ReadOnlyDoubleProperty [value: 720.0]
20:51:47.503 [FXGL Background Thread 3 ] DEBUG Engine               - actualWidth: 1280.0
20:51:47.503 [FXGL Background Thread 3 ] DEBUG Engine               - actualWidthProperty: ReadOnlyDoubleProperty [value: 1280.0]
20:51:47.503 [FXGL Background Thread 3 ] DEBUG Engine               - appIcon: fxgl_icon.png
20:51:47.503 [FXGL Background Thread 3 ] DEBUG Engine               - applicationMode: DEVELOPER
20:51:47.503 [FXGL Background Thread 3 ] DEBUG Engine               - cSSList: [fxgl_dark.css]
20:51:47.503 [FXGL Background Thread 3 ] DEBUG Engine               - collisionDetectionStrategy: BRUTE_FORCE
20:51:47.503 [FXGL Background Thread 3 ] DEBUG Engine               - configClass: Optional.empty
20:51:47.503 [FXGL Background Thread 3 ] DEBUG Engine               - credits: []
20:51:47.504 [FXGL Background Thread 3 ] DEBUG Engine               - defaultCursor: CursorInfo(imageName=fxgl_default_cursor.png, hotspotX=7.0, hotspotY=6.0)
20:51:47.504 [FXGL Background Thread 3 ] DEBUG Engine               - devBBoxColorProperty: ObjectProperty [value: 0xff0000ff]
20:51:47.504 [FXGL Background Thread 3 ] DEBUG Engine               - devEnableDebugCameraProperty: BooleanProperty [value: false]
20:51:47.504 [FXGL Background Thread 3 ] DEBUG Engine               - devSensorColorProperty: ObjectProperty [value: 0xffff00ff]
20:51:47.506 [FXGL Background Thread 3 ] DEBUG Engine               - devShowBBoxProperty: BooleanProperty [value: false]
20:51:47.506 [FXGL Background Thread 3 ] DEBUG Engine               - devShowPositionProperty: BooleanProperty [value: false]
20:51:47.506 [FXGL Background Thread 3 ] DEBUG Engine               - enabledMenuItems: []
20:51:47.506 [FXGL Background Thread 3 ] DEBUG Engine               - engineServices: [class com.almasb.fxgl.app.services.FXGLAssetLoaderService, class com.almasb.fxgl.app.FXGLApplication$GameApplicationService, class com.almasb.fxgl.app.services.FXGLDialogService, class com.almasb.fxgl.app.services.IOTaskExecutorService, class com.almasb.fxgl.io.FileSystemService, class com.almasb.fxgl.localization.LocalizationService, class com.almasb.fxgl.app.services.SystemBundleService, class com.almasb.fxgl.profile.SaveLoadService, class com.almasb.fxgl.ui.FXGLUIFactoryServiceProvider, class com.almasb.fxgl.ui.FXGLDialogFactoryServiceProvider, class com.almasb.fxgl.audio.AudioPlayer, class com.almasb.fxgl.notification.impl.NotificationServiceProvider, class com.almasb.fxgl.achievement.AchievementService, class com.almasb.fxgl.cutscene.CutsceneService, class com.almasb.fxgl.minigames.MiniGameService, class com.almasb.fxgl.net.NetService, class com.almasb.fxgl.app.services.UpdaterService, class com.almasb.fxgl.dev.DevService]
20:51:47.506 [FXGL Background Thread 3 ] DEBUG Engine               - fontGame: Abel-Regular.ttf
20:51:47.506 [FXGL Background Thread 3 ] DEBUG Engine               - fontMono: TerminalLandMono-Regular.otf
20:51:47.506 [FXGL Background Thread 3 ] DEBUG Engine               - fontSizeScaleUI: 1.0
20:51:47.506 [FXGL Background Thread 3 ] DEBUG Engine               - fontText: Courier-Prime.ttf
20:51:47.506 [FXGL Background Thread 3 ] DEBUG Engine               - fontUI: VarelaRound-Regular.ttf
20:51:47.506 [FXGL Background Thread 3 ] DEBUG Engine               - fpsRefreshRate: 500.0 ms
20:51:47.506 [FXGL Background Thread 3 ] DEBUG Engine               - fullScreen: BooleanProperty [value: false]
20:51:47.506 [FXGL Background Thread 3 ] DEBUG Engine               - gameDifficulty: MEDIUM
20:51:47.506 [FXGL Background Thread 3 ] DEBUG Engine               - gameDifficultyProperty: ObjectProperty [value: MEDIUM]
20:51:47.506 [FXGL Background Thread 3 ] DEBUG Engine               - globalMusicVolume: 0.5
20:51:47.506 [FXGL Background Thread 3 ] DEBUG Engine               - globalMusicVolumeProperty: DoubleProperty [value: 0.5]
20:51:47.506 [FXGL Background Thread 3 ] DEBUG Engine               - globalSoundVolume: 0.5
20:51:47.506 [FXGL Background Thread 3 ] DEBUG Engine               - globalSoundVolumeProperty: DoubleProperty [value: 0.5]
20:51:47.506 [FXGL Background Thread 3 ] DEBUG Engine               - height: 720
20:51:47.506 [FXGL Background Thread 3 ] DEBUG Engine               - is3D: false
20:51:47.506 [FXGL Background Thread 3 ] DEBUG Engine               - isAndroid: false
20:51:47.506 [FXGL Background Thread 3 ] DEBUG Engine               - isBrowser: false
20:51:47.506 [FXGL Background Thread 3 ] DEBUG Engine               - isClickFeedbackEnabled: false
20:51:47.506 [FXGL Background Thread 3 ] DEBUG Engine               - isCloseConfirmation: false
20:51:47.506 [FXGL Background Thread 3 ] DEBUG Engine               - isDesktop: true
20:51:47.506 [FXGL Background Thread 3 ] DEBUG Engine               - isDeveloperMenuEnabled: true
20:51:47.506 [FXGL Background Thread 3 ] DEBUG Engine               - isEmbedded: false
20:51:47.506 [FXGL Background Thread 3 ] DEBUG Engine               - isEntityPreloadEnabled: true
20:51:47.506 [FXGL Background Thread 3 ] DEBUG Engine               - isExperimentalTiledLargeMap: false
20:51:47.506 [FXGL Background Thread 3 ] DEBUG Engine               - isFileSystemWriteAllowed: true
20:51:47.506 [FXGL Background Thread 3 ] DEBUG Engine               - isFullScreenAllowed: false
20:51:47.506 [FXGL Background Thread 3 ] DEBUG Engine               - isFullScreenFromStart: false
20:51:47.506 [FXGL Background Thread 3 ] DEBUG Engine               - isGameMenuEnabled: true
20:51:47.506 [FXGL Background Thread 3 ] DEBUG Engine               - isIOS: false
20:51:47.506 [FXGL Background Thread 3 ] DEBUG Engine               - isIntroEnabled: false
20:51:47.506 [FXGL Background Thread 3 ] DEBUG Engine               - isLinux: false
20:51:47.506 [FXGL Background Thread 3 ] DEBUG Engine               - isMac: false
20:51:47.506 [FXGL Background Thread 3 ] DEBUG Engine               - isMainMenuEnabled: false
20:51:47.506 [FXGL Background Thread 3 ] DEBUG Engine               - isManualResizeEnabled: false
20:51:47.507 [FXGL Background Thread 3 ] DEBUG Engine               - isMobile: false
20:51:47.507 [FXGL Background Thread 3 ] DEBUG Engine               - isNative: false
20:51:47.507 [FXGL Background Thread 3 ] DEBUG Engine               - isPauseMusicWhenMinimized: true
20:51:47.507 [FXGL Background Thread 3 ] DEBUG Engine               - isPreserveResizeRatio: false
20:51:47.507 [FXGL Background Thread 3 ] DEBUG Engine               - isProfilingEnabled: false
20:51:47.507 [FXGL Background Thread 3 ] DEBUG Engine               - isScaleAffectedOnResize: true
20:51:47.507 [FXGL Background Thread 3 ] DEBUG Engine               - isSingleStep: false
20:51:47.507 [FXGL Background Thread 3 ] DEBUG Engine               - isUserProfileEnabled: false
20:51:47.507 [FXGL Background Thread 3 ] DEBUG Engine               - isWindows: true
20:51:47.507 [FXGL Background Thread 3 ] DEBUG Engine               - language: ObjectProperty [value: ENGLISH]
20:51:47.507 [FXGL Background Thread 3 ] DEBUG Engine               - menuKey: ESCAPE
20:51:47.507 [FXGL Background Thread 3 ] DEBUG Engine               - mouseSensitivity: 0.2
20:51:47.507 [FXGL Background Thread 3 ] DEBUG Engine               - notificationViewClass: class com.almasb.fxgl.notification.view.XboxNotificationView
20:51:47.507 [FXGL Background Thread 3 ] DEBUG Engine               - pixelsPerMeter: 50.0
20:51:47.507 [FXGL Background Thread 3 ] DEBUG Engine               - platform: WINDOWS
20:51:47.507 [FXGL Background Thread 3 ] DEBUG Engine               - prefHeightProperty: ReadOnlyDoubleProperty [value: 720.0]
20:51:47.507 [FXGL Background Thread 3 ] DEBUG Engine               - prefWidthProperty: ReadOnlyDoubleProperty [value: 1280.0]
20:51:47.507 [FXGL Background Thread 3 ] DEBUG Engine               - profileDir: profiles/
20:51:47.507 [FXGL Background Thread 3 ] DEBUG Engine               - profileName: StringProperty [value: DEFAULT]
20:51:47.507 [FXGL Background Thread 3 ] DEBUG Engine               - randomSeed: -1
20:51:47.507 [FXGL Background Thread 3 ] DEBUG Engine               - runtimeInfo: RuntimeInfo(platform=WINDOWS, version=25, build=05.02.2026 22.57)
20:51:47.507 [FXGL Background Thread 3 ] DEBUG Engine               - saveFileExt: sav
20:51:47.507 [FXGL Background Thread 3 ] DEBUG Engine               - scaledHeightProp$fxgl: DoubleProperty [bound, value: 720.0]
20:51:47.507 [FXGL Background Thread 3 ] DEBUG Engine               - scaledWidthProp$fxgl: DoubleProperty [bound, value: 1280.0]
20:51:47.507 [FXGL Background Thread 3 ] DEBUG Engine               - sceneFactory: com.almasb.fxgl.app.scene.SceneFactory@3f1e391b
20:51:47.507 [FXGL Background Thread 3 ] DEBUG Engine               - secondsIn24h: 60
20:51:47.507 [FXGL Background Thread 3 ] DEBUG Engine               - soundMenuBack: menu/back.wav
20:51:47.507 [FXGL Background Thread 3 ] DEBUG Engine               - soundMenuPress: menu/press.wav
20:51:47.507 [FXGL Background Thread 3 ] DEBUG Engine               - soundMenuSelect: menu/select.wav
20:51:47.507 [FXGL Background Thread 3 ] DEBUG Engine               - soundNotification: core/notification.wav
20:51:47.507 [FXGL Background Thread 3 ] DEBUG Engine               - stageStyle: DECORATED
20:51:47.507 [FXGL Background Thread 3 ] DEBUG Engine               - supportedLanguages: [ENGLISH, FRENCH, GERMAN, HUNGARIAN, RUSSIAN]
20:51:47.507 [FXGL Background Thread 3 ] DEBUG Engine               - ticksPerSecond: -1
20:51:47.507 [FXGL Background Thread 3 ] DEBUG Engine               - title: Untitled
20:51:47.507 [FXGL Background Thread 3 ] DEBUG Engine               - urlGithub: https://github.com/AlmasB/FXGL
20:51:47.507 [FXGL Background Thread 3 ] DEBUG Engine               - urlLeaderboard: http://fxgl-top.herokuapp.com/
20:51:47.507 [FXGL Background Thread 3 ] DEBUG Engine               - urlPOM: https://raw.githubusercontent.com/AlmasB/FXGL/release/README.md
20:51:47.507 [FXGL Background Thread 3 ] DEBUG Engine               - userAppClass: class Project1Game.Main
20:51:47.507 [FXGL Background Thread 3 ] DEBUG Engine               - version: 0.0
20:51:47.507 [FXGL Background Thread 3 ] DEBUG Engine               - versionCheckDays: 7
20:51:47.507 [FXGL Background Thread 3 ] DEBUG Engine               - width: 1280
20:51:47.507 [FXGL Background Thread 3 ] DEBUG Engine               - Logging services
20:51:47.507 [FXGL Background Thread 3 ] DEBUG Engine               - class com.almasb.fxgl.app.services.FXGLAssetLoaderService
20:51:47.507 [FXGL Background Thread 3 ] DEBUG Engine               - class com.almasb.fxgl.app.FXGLApplication$GameApplicationService
20:51:47.507 [FXGL Background Thread 3 ] DEBUG Engine               - class com.almasb.fxgl.app.services.FXGLDialogService
20:51:47.507 [FXGL Background Thread 3 ] DEBUG Engine               - class com.almasb.fxgl.app.services.IOTaskExecutorService
20:51:47.507 [FXGL Background Thread 3 ] DEBUG Engine               - class com.almasb.fxgl.io.FileSystemService
20:51:47.507 [FXGL Background Thread 3 ] DEBUG Engine               - class com.almasb.fxgl.localization.LocalizationService
20:51:47.507 [FXGL Background Thread 3 ] DEBUG Engine               - class com.almasb.fxgl.app.services.SystemBundleService
20:51:47.507 [FXGL Background Thread 3 ] DEBUG Engine               - class com.almasb.fxgl.profile.SaveLoadService
20:51:47.507 [FXGL Background Thread 3 ] DEBUG Engine               - class com.almasb.fxgl.ui.FXGLUIFactoryServiceProvider
20:51:47.507 [FXGL Background Thread 3 ] DEBUG Engine               - class com.almasb.fxgl.ui.FXGLDialogFactoryServiceProvider
20:51:47.507 [FXGL Background Thread 3 ] DEBUG Engine               - class com.almasb.fxgl.audio.AudioPlayer
20:51:47.507 [FXGL Background Thread 3 ] DEBUG Engine               - class com.almasb.fxgl.notification.impl.NotificationServiceProvider
20:51:47.507 [FXGL Background Thread 3 ] DEBUG Engine               - class com.almasb.fxgl.achievement.AchievementService
20:51:47.508 [FXGL Background Thread 3 ] DEBUG Engine               - class com.almasb.fxgl.cutscene.CutsceneService
20:51:47.508 [FXGL Background Thread 3 ] DEBUG Engine               - class com.almasb.fxgl.minigames.MiniGameService
20:51:47.508 [FXGL Background Thread 3 ] DEBUG Engine               - class com.almasb.fxgl.net.NetService
20:51:47.508 [FXGL Background Thread 3 ] DEBUG Engine               - class com.almasb.fxgl.app.services.UpdaterService
20:51:47.508 [FXGL Background Thread 3 ] DEBUG Engine               - class com.almasb.fxgl.dev.DevService
20:52:28.981 [JavaFX Application Thread] DEBUG FXGLApplication      - Exiting FXGL
20:52:28.981 [JavaFX Application Thread] DEBUG Async                - Shutting down background threads
20:52:28.981 [JavaFX Application Thread] DEBUG PrimaryStageWindow   - Closing main window
20:52:28.993 [JavaFX Application Thread] DEBUG Logger               - Closing Logger
