07:21:45.407 [Project1Game.Main.main() ] DEBUG Logger               - Configured Logger
07:21:45.410 [Project1Game.Main.main() ] DEBUG GameApplication      - Logging settings
Title: Java Farming Professional
Version: 2.5
Width: 1280
Height: 720
Fullscreen: false
Intro: false
Profiling: false
Single step:false
App Mode: DEVELOPER
Menu Key: ESCAPE
Stage Style: DECORATED
Scene Factory: class com.almasb.fxgl.app.scene.SceneFactory

07:21:46.845 [JavaFX Application Thread] DEBUG FXGLApplication      - Initializing FXGL
07:21:46.848 [JavaFX Application Thread] INFO  Engine               - FXGL-25 (05.02.2026 22.57) on WINDOWS (J:25.0.3 FX:25.0.1)
07:21:46.849 [JavaFX Application Thread] DEBUG Engine               - JRE Vendor Name: Oracle Corporation
07:21:46.849 [JavaFX Application Thread] DEBUG Engine               - Running on OS: Windows 11 version 10.0
07:21:46.849 [JavaFX Application Thread] DEBUG Engine               - Architecture: amd64
07:21:46.849 [JavaFX Application Thread] INFO  Engine               - Source code and latest versions at: https://github.com/AlmasB/FXGL
07:21:46.849 [JavaFX Application Thread] INFO  Engine               -       Ask questions and discuss at: https://github.com/AlmasB/FXGL/discussions
07:21:47.002 [JavaFX Application Thread] DEBUG PrimaryStageWindow   - Creating a JavaFX scene
07:21:47.115 [JavaFX Application Thread] DEBUG PrimaryStageWindow   - Target settings size: 1280.0 x 720.0
07:21:47.115 [JavaFX Application Thread] DEBUG PrimaryStageWindow   - Scaled scene size:    1280.0 x 720.0
07:21:47.115 [JavaFX Application Thread] DEBUG PrimaryStageWindow   - Scaled ratio: (1.0, 1.0)
07:21:47.117 [JavaFX Application Thread] DEBUG PrimaryStageWindow   - Set initial scene to FXGLStartupScene
07:21:47.124 [JavaFX Application Thread] DEBUG PrimaryStageWindow   - Opening main window
07:21:47.606 [JavaFX Application Thread] DEBUG PrimaryStageWindow   - Window border size: (14.4000244140625, 37.5999755859375)
07:21:47.607 [JavaFX Application Thread] DEBUG PrimaryStageWindow   - Scaled size: 1280.0 x 720.0
07:21:47.607 [JavaFX Application Thread] DEBUG PrimaryStageWindow   - Scaled ratio: (1.0, 1.0)
07:21:47.608 [JavaFX Application Thread] DEBUG PrimaryStageWindow   - Scene size: 1280.0 x 720.0
07:21:47.608 [JavaFX Application Thread] DEBUG PrimaryStageWindow   - Stage size: 1294.4000244140625 x 757.5999755859375
07:21:47.637 [FXGL Background Thread 1 ] DEBUG Engine               - Initializing environment variables
07:21:47.741 [FXGL Background Thread 1 ] DEBUG FXGLAssetLoaderServi - User app class for loading assets: class Project1Game.Main
07:21:47.741 [FXGL Background Thread 1 ] DEBUG GameApplicationServi - Applying CSS: fxgl_dark.css
07:21:47.742 [FXGL Background Thread 1 ] DEBUG FXGLAssetLoaderServi - Loading from file system: jar:file:/C:/Users/HP/.m2/repository/com/github/almasb/fxgl/25/fxgl-25.jar!/fxglassets/ui/css/fxgl_dark.css
07:21:47.826 [FXGL Background Thread 1 ] DEBUG GameApplicationServi - Initializing application scenes
07:21:47.979 [FXGL Background Thread 1 ] DEBUG GameWorld            - Game world initialized
07:21:48.060 [FXGL Background Thread 1 ] DEBUG PhysicsWorld         - Physics world initialized: appHeight=720, physics.ppm=50.0
07:21:48.060 [FXGL Background Thread 1 ] DEBUG PhysicsWorld         - Using strategy: BRUTE_FORCE
07:21:48.065 [FXGL Background Thread 1 ] DEBUG GameScene            - Game scene initialized: 1280x720
07:21:48.083 [FXGL Background Thread 1 ] DEBUG FXGL.DefaultMenu     - createMenuBodyGameMenu()
07:21:48.116 [FXGL Background Thread 1 ] DEBUG FXGL.DefaultMenu     - createOptionsMenu()
07:21:48.130 [FXGL Background Thread 1 ] DEBUG FXGLAssetLoaderServi - Loading from file system: jar:file:/C:/Users/HP/.m2/repository/com/github/almasb/fxgl/25/fxgl-25.jar!/fxglassets/textures/particles/smoke.png
07:21:48.247 [FXGL Background Thread 1 ] DEBUG FXGLAssetLoaderServi - Loading from file system: jar:file:/C:/Users/HP/.m2/repository/com/github/almasb/fxgl/25/fxgl-25.jar!/fxglassets/textures/particles/trace_horizontal.png
07:21:48.318 [FXGL Background Thread 1 ] DEBUG GameApplicationServi - Application scenes initialized
07:21:48.334 [FXGL Background Thread 1 ] DEBUG SystemBundleService  - Loading FXGL system data
07:21:48.338 [FXGL Background Thread 1 ] DEBUG FileSystemAccess     - Reading from: D:\projects\helloworld\FarmSimulator\system\fxgl.bundle
07:21:48.347 [FXGL Background Thread 1 ] DEBUG SystemBundleService  - Bundle FXGL: {}
07:21:48.347 [FXGL Background Thread 1 ] DEBUG UpdaterService       - Checking for updates
07:21:48.388 [FXGL Background Thread 4 ] DEBUG FXGLApplication      - Loading fonts
07:21:48.389 [FXGL Background Thread 4 ] DEBUG FXGLAssetLoaderServi - Loading from file system: jar:file:/C:/Users/HP/.m2/repository/com/github/almasb/fxgl/25/fxgl-25.jar!/fxglassets/ui/fonts/VarelaRound-Regular.ttf
07:21:48.389 [FXGL Background Thread 1 ] DEBUG FXGLApplication      - Loading default localization
07:21:48.389 [FXGL Background Thread 1 ] DEBUG FXGLAssetLoaderServi - Loading from file system: jar:file:/C:/Users/HP/.m2/repository/com/github/almasb/fxgl/25/fxgl-25.jar!/fxglassets/languages/english.lang
07:21:48.411 [FXGL Background Thread 1 ] INFO  FXGLApplication      - FXGL initialization took: 0.774 sec
07:21:48.428 [JavaFX Application Thread] DEBUG Input                - Registered new binding: Move Right - D
07:21:48.428 [JavaFX Application Thread] DEBUG Input                - Registered new binding: Move Left - A
07:21:48.428 [JavaFX Application Thread] DEBUG Input                - Registered new binding: Move Up - W
07:21:48.429 [JavaFX Application Thread] DEBUG Input                - Registered new binding: Move Down - S
07:21:48.429 [JavaFX Application Thread] DEBUG Input                - Registered new binding: Interact Action Key - E
07:21:48.429 [JavaFX Application Thread] DEBUG Input                - Registered new binding: Use Tool Keyboard - F
07:21:48.431 [JavaFX Application Thread] DEBUG Input                - Registered new binding: Use Tool Mouse - LMB
07:21:48.432 [JavaFX Application Thread] DEBUG Input                - Registered new binding: Test Quick Water - Q
07:21:48.432 [JavaFX Application Thread] DEBUG Input                - Registered new binding: Close UI Window - R
07:21:48.432 [JavaFX Application Thread] DEBUG Input                - Registered new binding: Toggle Inventory Window - Tab
07:21:48.432 [JavaFX Application Thread] DEBUG Input                - Registered new binding: Quick Save - F5
07:21:48.433 [JavaFX Application Thread] DEBUG Input                - Registered new binding: Quick Load - F9
07:21:48.434 [JavaFX Application Thread] DEBUG Input                - Registered new binding: Select Inventory Slot 1 - 1
07:21:48.434 [JavaFX Application Thread] DEBUG Input                - Registered new binding: Select Inventory Slot 2 - 2
07:21:48.434 [JavaFX Application Thread] DEBUG Input                - Registered new binding: Select Inventory Slot 3 - 3
07:21:48.434 [JavaFX Application Thread] DEBUG Input                - Registered new binding: Select Inventory Slot 4 - 4
07:21:48.434 [JavaFX Application Thread] DEBUG Input                - Registered new binding: Select Inventory Slot 5 - 5
07:21:48.434 [JavaFX Application Thread] DEBUG Input                - Registered new binding: Select Inventory Slot 6 - 6
07:21:48.435 [JavaFX Application Thread] DEBUG Input                - Registered new binding: Select Inventory Slot 7 - 7
07:21:48.435 [JavaFX Application Thread] DEBUG Input                - Registered new binding: Select Inventory Slot 8 - 8
07:21:48.435 [JavaFX Application Thread] DEBUG Input                - Registered new binding: Select Inventory Slot 9 - 9
07:21:48.437 [JavaFX Application Thread] DEBUG FXGLAssetLoaderServi - Loading from file system: jar:file:/C:/Users/HP/.m2/repository/com/github/almasb/fxgl/25/fxgl-25.jar!/fxglassets/textures/fxgl_icon.png
07:21:48.464 [FXGL Background Thread 4 ] DEBUG FXGLAssetLoaderServi - Loading from file system: jar:file:/C:/Users/HP/.m2/repository/com/github/almasb/fxgl/25/fxgl-25.jar!/fxglassets/ui/fonts/Abel-Regular.ttf
07:21:48.472 [JavaFX Application Thread] DEBUG FXGLAssetLoaderServi - Loading from file system: jar:file:/C:/Users/HP/.m2/repository/com/github/almasb/fxgl/25/fxgl-25.jar!/fxglassets/textures/fxgl_default_cursor.png
07:21:48.477 [JavaFX Application Thread] DEBUG Input                - Registered new binding: Screenshot - CTRL+8
07:21:48.478 [JavaFX Application Thread] DEBUG Input                - Registered new binding: Dev Options - 1
07:21:48.478 [JavaFX Application Thread] DEBUG Input                - Registered new binding: Dev Console - 2
07:21:48.479 [JavaFX Application Thread] DEBUG Input                - Registered new binding: System info dump - CTRL+9
07:21:48.480 [JavaFX Application Thread] DEBUG Input                - Registered new binding: Restart - CTRL+R
07:21:48.482 [JavaFX Application Thread] DEBUG Input                - Registered new binding: Toggle Debug Camera - CTRL+7
07:21:48.490 [JavaFX Application Thread] DEBUG LoopRunner           - Starting loop
07:21:48.496 [FXGL Background Thread 4 ] DEBUG FXGLAssetLoaderServi - Loading from file system: jar:file:/C:/Users/HP/.m2/repository/com/github/almasb/fxgl/25/fxgl-25.jar!/fxglassets/ui/fonts/TerminalLandMono-Regular.otf
07:21:48.538 [JavaFX Application Thread] DEBUG LoopRunner           - Initializing JavaFX AnimationTimerLoop
07:21:48.544 [JavaFX Application Thread] DEBUG GameApplicationServi - Starting new game
07:21:48.545 [JavaFX Application Thread] DEBUG Input                - Clearing active input actions
07:21:48.564 [FXGL Background Thread 4 ] DEBUG FXGLAssetLoaderServi - Loading from file system: jar:file:/C:/Users/HP/.m2/repository/com/github/almasb/fxgl/25/fxgl-25.jar!/fxglassets/ui/fonts/Courier-Prime.ttf
07:21:48.572 [JavaFX Application Thread] DEBUG GameApplicationServi - Removing overlay from FXGLStartupScene and adding to FXGLLoadingScene
07:21:48.580 [JavaFX Application Thread] DEBUG PrimaryStageWindow   - FXGLStartupScene -> FXGLLoadingScene
07:21:48.580 [JavaFX Application Thread] DEBUG GameApplicationServi - Clearing previous game
07:21:48.580 [JavaFX Application Thread] DEBUG GameScene            - Clearing game scene
07:21:48.580 [JavaFX Application Thread] DEBUG GameWorld            - Clearing game world
07:21:48.581 [JavaFX Application Thread] DEBUG PhysicsWorld         - Clearing physics world
07:21:48.584 [FXGL Background Thread 1 ] DEBUG FXGLApplication      - Initializing game
07:21:48.639 [FXGL Background Thread 1 ] WARN  FXGLAssetLoaderServi - Asset "/assets/textures/empty.png" was not found!
07:21:48.640 [FXGL Background Thread 1 ] WARN  FXGLAssetLoaderServi - Failed to load IMAGE
07:21:48.973 [JavaFX Application Thread] DEBUG FXGLApplication      - Registering font factories with UI factory
07:21:49.137 [FXGL Background Thread 1 ] DEBUG FXGLAssetLoaderServi - Loading from file system: file:/D:/projects/helloworld/FarmSimulator/target/classes/assets/textures/Crops/soil_1.png
07:21:49.153 [FXGL Background Thread 1 ] WARN  FXGLAssetLoaderServi - Asset "/assets/textures/empty.png" was not found!
07:21:49.153 [FXGL Background Thread 1 ] WARN  FXGLAssetLoaderServi - Failed to load IMAGE
07:21:49.154 [FXGL Background Thread 1 ] DEBUG FXGLAssetLoaderServi - Loading from file system: file:/D:/projects/helloworld/FarmSimulator/target/classes/assets/textures/Crops/rice_1.png
07:21:49.156 [FXGL Background Thread 1 ] WARN  FXGLAssetLoaderServi - Asset "/assets/textures/empty.png" was not found!
07:21:49.158 [FXGL Background Thread 1 ] WARN  FXGLAssetLoaderServi - Failed to load IMAGE
07:21:49.160 [FXGL Background Thread 1 ] WARN  FXGLAssetLoaderServi - Asset "/assets/textures/empty.png" was not found!
07:21:49.160 [FXGL Background Thread 1 ] WARN  FXGLAssetLoaderServi - Failed to load IMAGE
07:21:49.163 [FXGL Background Thread 1 ] WARN  FXGLAssetLoaderServi - Asset "/assets/textures/empty.png" was not found!
07:21:49.163 [FXGL Background Thread 1 ] WARN  FXGLAssetLoaderServi - Failed to load IMAGE
07:21:49.166 [FXGL Background Thread 1 ] WARN  FXGLAssetLoaderServi - Asset "/assets/textures/empty.png" was not found!
07:21:49.166 [FXGL Background Thread 1 ] WARN  FXGLAssetLoaderServi - Failed to load IMAGE
07:21:49.169 [FXGL Background Thread 1 ] WARN  FXGLAssetLoaderServi - Asset "/assets/textures/empty.png" was not found!
07:21:49.170 [FXGL Background Thread 1 ] WARN  FXGLAssetLoaderServi - Failed to load IMAGE
07:21:49.172 [FXGL Background Thread 1 ] WARN  FXGLAssetLoaderServi - Asset "/assets/textures/empty.png" was not found!
07:21:49.172 [FXGL Background Thread 1 ] WARN  FXGLAssetLoaderServi - Failed to load IMAGE
07:21:49.173 [FXGL Background Thread 1 ] DEBUG FXGLAssetLoaderServi - Loading from file system: file:/D:/projects/helloworld/FarmSimulator/target/classes/assets/textures/Crops/soil_2.png
07:21:49.176 [FXGL Background Thread 1 ] WARN  FXGLAssetLoaderServi - Asset "/assets/textures/empty.png" was not found!
07:21:49.177 [FXGL Background Thread 1 ] WARN  FXGLAssetLoaderServi - Failed to load IMAGE
07:21:49.178 [FXGL Background Thread 1 ] WARN  FXGLAssetLoaderServi - Asset "/assets/textures/empty.png" was not found!
07:21:49.178 [FXGL Background Thread 1 ] WARN  FXGLAssetLoaderServi - Failed to load IMAGE
07:21:49.186 [FXGL Background Thread 1 ] WARN  FXGLAssetLoaderServi - Asset "/assets/textures/empty.png" was not found!
07:21:49.186 [FXGL Background Thread 1 ] WARN  FXGLAssetLoaderServi - Failed to load IMAGE
07:21:49.188 [FXGL Background Thread 1 ] WARN  FXGLAssetLoaderServi - Asset "/assets/textures/empty.png" was not found!
07:21:49.188 [FXGL Background Thread 1 ] WARN  FXGLAssetLoaderServi - Failed to load IMAGE
07:21:49.192 [FXGL Background Thread 1 ] WARN  FXGLAssetLoaderServi - Asset "/assets/textures/empty.png" was not found!
07:21:49.192 [FXGL Background Thread 1 ] WARN  FXGLAssetLoaderServi - Failed to load IMAGE
07:21:49.193 [FXGL Background Thread 1 ] WARN  FXGLAssetLoaderServi - Asset "/assets/textures/empty.png" was not found!
07:21:49.194 [FXGL Background Thread 1 ] WARN  FXGLAssetLoaderServi - Failed to load IMAGE
07:21:49.195 [FXGL Background Thread 1 ] WARN  FXGLAssetLoaderServi - Asset "/assets/textures/empty.png" was not found!
07:21:49.195 [FXGL Background Thread 1 ] WARN  FXGLAssetLoaderServi - Failed to load IMAGE
07:21:49.196 [FXGL Background Thread 1 ] WARN  FXGLAssetLoaderServi - Asset "/assets/textures/empty.png" was not found!
07:21:49.196 [FXGL Background Thread 1 ] WARN  FXGLAssetLoaderServi - Failed to load IMAGE
07:21:49.198 [FXGL Background Thread 1 ] WARN  FXGLAssetLoaderServi - Asset "/assets/textures/empty.png" was not found!
07:21:49.198 [FXGL Background Thread 1 ] WARN  FXGLAssetLoaderServi - Failed to load IMAGE
07:21:49.198 [FXGL Background Thread 1 ] WARN  FXGLAssetLoaderServi - Asset "/assets/textures/empty.png" was not found!
07:21:49.199 [FXGL Background Thread 1 ] WARN  FXGLAssetLoaderServi - Failed to load IMAGE
07:21:49.200 [FXGL Background Thread 1 ] WARN  FXGLAssetLoaderServi - Asset "/assets/textures/empty.png" was not found!
07:21:49.201 [FXGL Background Thread 1 ] WARN  FXGLAssetLoaderServi - Failed to load IMAGE
07:21:49.202 [FXGL Background Thread 1 ] WARN  FXGLAssetLoaderServi - Asset "/assets/textures/empty.png" was not found!
07:21:49.203 [FXGL Background Thread 1 ] WARN  FXGLAssetLoaderServi - Failed to load IMAGE
07:21:49.204 [FXGL Background Thread 1 ] WARN  FXGLAssetLoaderServi - Asset "/assets/textures/empty.png" was not found!
07:21:49.204 [FXGL Background Thread 1 ] WARN  FXGLAssetLoaderServi - Failed to load IMAGE
07:21:49.205 [FXGL Background Thread 1 ] WARN  FXGLAssetLoaderServi - Asset "/assets/textures/empty.png" was not found!
07:21:49.205 [FXGL Background Thread 1 ] WARN  FXGLAssetLoaderServi - Failed to load IMAGE
07:21:49.206 [FXGL Background Thread 1 ] WARN  FXGLAssetLoaderServi - Asset "/assets/textures/empty.png" was not found!
07:21:49.206 [FXGL Background Thread 1 ] WARN  FXGLAssetLoaderServi - Failed to load IMAGE
07:21:49.207 [FXGL Background Thread 1 ] WARN  FXGLAssetLoaderServi - Asset "/assets/textures/empty.png" was not found!
07:21:49.208 [FXGL Background Thread 1 ] WARN  FXGLAssetLoaderServi - Failed to load IMAGE
07:21:49.209 [FXGL Background Thread 1 ] WARN  FXGLAssetLoaderServi - Asset "/assets/textures/empty.png" was not found!
07:21:49.209 [FXGL Background Thread 1 ] WARN  FXGLAssetLoaderServi - Failed to load IMAGE
07:21:49.210 [FXGL Background Thread 1 ] WARN  FXGLAssetLoaderServi - Asset "/assets/textures/empty.png" was not found!
07:21:49.210 [FXGL Background Thread 1 ] WARN  FXGLAssetLoaderServi - Failed to load IMAGE
07:21:49.212 [FXGL Background Thread 1 ] WARN  FXGLAssetLoaderServi - Asset "/assets/textures/empty.png" was not found!
07:21:49.212 [FXGL Background Thread 1 ] WARN  FXGLAssetLoaderServi - Failed to load IMAGE
07:21:49.213 [FXGL Background Thread 1 ] WARN  FXGLAssetLoaderServi - Asset "/assets/textures/empty.png" was not found!
07:21:49.213 [FXGL Background Thread 1 ] WARN  FXGLAssetLoaderServi - Failed to load IMAGE
07:21:49.214 [FXGL Background Thread 1 ] WARN  FXGLAssetLoaderServi - Asset "/assets/textures/empty.png" was not found!
07:21:49.215 [FXGL Background Thread 1 ] WARN  FXGLAssetLoaderServi - Failed to load IMAGE
07:21:49.215 [FXGL Background Thread 1 ] WARN  FXGLAssetLoaderServi - Asset "/assets/textures/empty.png" was not found!
07:21:49.216 [FXGL Background Thread 1 ] WARN  FXGLAssetLoaderServi - Failed to load IMAGE
07:21:49.217 [FXGL Background Thread 1 ] WARN  FXGLAssetLoaderServi - Asset "/assets/textures/empty.png" was not found!
07:21:49.217 [FXGL Background Thread 1 ] WARN  FXGLAssetLoaderServi - Failed to load IMAGE
07:21:49.217 [FXGL Background Thread 1 ] WARN  FXGLAssetLoaderServi - Asset "/assets/textures/empty.png" was not found!
07:21:49.218 [FXGL Background Thread 1 ] WARN  FXGLAssetLoaderServi - Failed to load IMAGE
07:21:49.219 [FXGL Background Thread 1 ] WARN  FXGLAssetLoaderServi - Asset "/assets/textures/empty.png" was not found!
07:21:49.219 [FXGL Background Thread 1 ] WARN  FXGLAssetLoaderServi - Failed to load IMAGE
07:21:49.220 [FXGL Background Thread 1 ] WARN  FXGLAssetLoaderServi - Asset "/assets/textures/empty.png" was not found!
07:21:49.220 [FXGL Background Thread 1 ] WARN  FXGLAssetLoaderServi - Failed to load IMAGE
07:21:49.221 [FXGL Background Thread 1 ] WARN  FXGLAssetLoaderServi - Asset "/assets/textures/empty.png" was not found!
07:21:49.222 [FXGL Background Thread 1 ] WARN  FXGLAssetLoaderServi - Failed to load IMAGE
07:21:49.222 [FXGL Background Thread 1 ] WARN  FXGLAssetLoaderServi - Asset "/assets/textures/empty.png" was not found!
07:21:49.222 [FXGL Background Thread 1 ] WARN  FXGLAssetLoaderServi - Failed to load IMAGE
07:21:49.223 [FXGL Background Thread 1 ] WARN  FXGLAssetLoaderServi - Asset "/assets/textures/empty.png" was not found!
07:21:49.224 [FXGL Background Thread 1 ] WARN  FXGLAssetLoaderServi - Failed to load IMAGE
07:21:49.224 [FXGL Background Thread 1 ] WARN  FXGLAssetLoaderServi - Asset "/assets/textures/empty.png" was not found!
07:21:49.224 [FXGL Background Thread 1 ] WARN  FXGLAssetLoaderServi - Failed to load IMAGE
07:21:49.225 [FXGL Background Thread 1 ] WARN  FXGLAssetLoaderServi - Asset "/assets/textures/empty.png" was not found!
07:21:49.226 [FXGL Background Thread 1 ] WARN  FXGLAssetLoaderServi - Failed to load IMAGE
07:21:49.226 [FXGL Background Thread 1 ] WARN  FXGLAssetLoaderServi - Asset "/assets/textures/empty.png" was not found!
07:21:49.226 [FXGL Background Thread 1 ] WARN  FXGLAssetLoaderServi - Failed to load IMAGE
07:21:49.227 [FXGL Background Thread 1 ] WARN  FXGLAssetLoaderServi - Asset "/assets/textures/empty.png" was not found!
07:21:49.228 [FXGL Background Thread 1 ] WARN  FXGLAssetLoaderServi - Failed to load IMAGE
07:21:49.228 [FXGL Background Thread 1 ] WARN  FXGLAssetLoaderServi - Asset "/assets/textures/empty.png" was not found!
07:21:49.228 [FXGL Background Thread 1 ] WARN  FXGLAssetLoaderServi - Failed to load IMAGE
07:21:49.229 [FXGL Background Thread 1 ] WARN  FXGLAssetLoaderServi - Asset "/assets/textures/empty.png" was not found!
07:21:49.230 [FXGL Background Thread 1 ] WARN  FXGLAssetLoaderServi - Failed to load IMAGE
07:21:49.230 [FXGL Background Thread 1 ] WARN  FXGLAssetLoaderServi - Asset "/assets/textures/empty.png" was not found!
07:21:49.231 [FXGL Background Thread 1 ] WARN  FXGLAssetLoaderServi - Failed to load IMAGE
07:21:49.232 [FXGL Background Thread 1 ] WARN  FXGLAssetLoaderServi - Asset "/assets/textures/empty.png" was not found!
07:21:49.232 [FXGL Background Thread 1 ] WARN  FXGLAssetLoaderServi - Failed to load IMAGE
07:21:49.233 [FXGL Background Thread 1 ] WARN  FXGLAssetLoaderServi - Asset "/assets/textures/empty.png" was not found!
07:21:49.234 [FXGL Background Thread 1 ] WARN  FXGLAssetLoaderServi - Failed to load IMAGE
07:21:49.235 [FXGL Background Thread 1 ] WARN  FXGLAssetLoaderServi - Asset "/assets/textures/empty.png" was not found!
07:21:49.235 [FXGL Background Thread 1 ] WARN  FXGLAssetLoaderServi - Failed to load IMAGE
07:21:49.236 [FXGL Background Thread 1 ] WARN  FXGLAssetLoaderServi - Asset "/assets/textures/empty.png" was not found!
07:21:49.236 [FXGL Background Thread 1 ] WARN  FXGLAssetLoaderServi - Failed to load IMAGE
07:21:49.237 [FXGL Background Thread 1 ] WARN  FXGLAssetLoaderServi - Asset "/assets/textures/empty.png" was not found!
07:21:49.237 [FXGL Background Thread 1 ] WARN  FXGLAssetLoaderServi - Failed to load IMAGE
07:21:49.238 [FXGL Background Thread 1 ] WARN  FXGLAssetLoaderServi - Asset "/assets/textures/empty.png" was not found!
07:21:49.238 [FXGL Background Thread 1 ] WARN  FXGLAssetLoaderServi - Failed to load IMAGE
07:21:49.239 [FXGL Background Thread 1 ] WARN  FXGLAssetLoaderServi - Asset "/assets/textures/empty.png" was not found!
07:21:49.239 [FXGL Background Thread 1 ] WARN  FXGLAssetLoaderServi - Failed to load IMAGE
07:21:49.240 [FXGL Background Thread 1 ] WARN  FXGLAssetLoaderServi - Asset "/assets/textures/empty.png" was not found!
07:21:49.240 [FXGL Background Thread 1 ] WARN  FXGLAssetLoaderServi - Failed to load IMAGE
07:21:49.242 [FXGL Background Thread 1 ] WARN  FXGLAssetLoaderServi - Asset "/assets/textures/empty.png" was not found!
07:21:49.242 [FXGL Background Thread 1 ] WARN  FXGLAssetLoaderServi - Failed to load IMAGE
07:21:49.243 [FXGL Background Thread 1 ] WARN  FXGLAssetLoaderServi - Asset "/assets/textures/empty.png" was not found!
07:21:49.243 [FXGL Background Thread 1 ] WARN  FXGLAssetLoaderServi - Failed to load IMAGE
07:21:49.244 [FXGL Background Thread 1 ] WARN  FXGLAssetLoaderServi - Asset "/assets/textures/empty.png" was not found!
07:21:49.244 [FXGL Background Thread 1 ] WARN  FXGLAssetLoaderServi - Failed to load IMAGE
07:21:49.244 [FXGL Background Thread 1 ] WARN  FXGLAssetLoaderServi - Asset "/assets/textures/empty.png" was not found!
07:21:49.245 [FXGL Background Thread 1 ] WARN  FXGLAssetLoaderServi - Failed to load IMAGE
07:21:49.246 [FXGL Background Thread 1 ] WARN  FXGLAssetLoaderServi - Asset "/assets/textures/empty.png" was not found!
07:21:49.246 [FXGL Background Thread 1 ] WARN  FXGLAssetLoaderServi - Failed to load IMAGE
07:21:49.246 [FXGL Background Thread 1 ] WARN  FXGLAssetLoaderServi - Asset "/assets/textures/empty.png" was not found!
07:21:49.247 [FXGL Background Thread 1 ] WARN  FXGLAssetLoaderServi - Failed to load IMAGE
07:21:49.248 [FXGL Background Thread 1 ] WARN  FXGLAssetLoaderServi - Asset "/assets/textures/empty.png" was not found!
07:21:49.248 [FXGL Background Thread 1 ] WARN  FXGLAssetLoaderServi - Failed to load IMAGE
07:21:49.249 [FXGL Background Thread 1 ] WARN  FXGLAssetLoaderServi - Asset "/assets/textures/empty.png" was not found!
07:21:49.249 [FXGL Background Thread 1 ] WARN  FXGLAssetLoaderServi - Failed to load IMAGE
07:21:49.250 [FXGL Background Thread 1 ] WARN  FXGLAssetLoaderServi - Asset "/assets/textures/empty.png" was not found!
07:21:49.250 [FXGL Background Thread 1 ] WARN  FXGLAssetLoaderServi - Failed to load IMAGE
07:21:49.251 [FXGL Background Thread 1 ] WARN  FXGLAssetLoaderServi - Asset "/assets/textures/empty.png" was not found!
07:21:49.251 [FXGL Background Thread 1 ] WARN  FXGLAssetLoaderServi - Failed to load IMAGE
07:21:49.252 [FXGL Background Thread 1 ] WARN  FXGLAssetLoaderServi - Asset "/assets/textures/empty.png" was not found!
07:21:49.252 [FXGL Background Thread 1 ] WARN  FXGLAssetLoaderServi - Failed to load IMAGE
07:21:49.252 [FXGL Background Thread 1 ] WARN  FXGLAssetLoaderServi - Asset "/assets/textures/empty.png" was not found!
07:21:49.252 [FXGL Background Thread 1 ] WARN  FXGLAssetLoaderServi - Failed to load IMAGE
07:21:49.258 [FXGL Background Thread 1 ] DEBUG FXGLAssetLoaderServi - Loading from file system: file:/D:/projects/helloworld/FarmSimulator/target/classes/assets/textures/UI/heart_sprite.png
07:21:49.363 [FXGL Background Thread 1 ] WARN  TMXLevelLoader       - TiledMap generated from 1.12.0. Supported version: 1.9.0. Some features may not be parsed fully.
07:21:49.452 [FXGL Background Thread 1 ] DEBUG TMXLevelLoader       - Parsed TiledMap: file:/D:/projects/helloworld/FarmSimulator/target/classes/assets/levels/Main_level.tmx
07:21:49.453 [FXGL Background Thread 1 ] DEBUG TMXLevelLoader       - Creating tile layer entities
07:21:49.456 [FXGL Background Thread 1 ] DEBUG TilesetLoader        - Loading view for layer BackgroundLayer
07:21:49.471 [FXGL Background Thread 1 ] DEBUG TilesetLoader        - Created buffer with size 3520.0x2048.0
07:21:49.604 [FXGL Background Thread 1 ] DEBUG TilesetLoader        - Loading view for layer DecorationLayer
07:21:49.617 [FXGL Background Thread 1 ] DEBUG TilesetLoader        - Created buffer with size 3520.0x2048.0
07:21:49.705 [FXGL Background Thread 1 ] DEBUG TilesetLoader        - Loading view for layer OverheadLayer
07:21:49.724 [FXGL Background Thread 1 ] DEBUG TilesetLoader        - Created buffer with size 3520.0x2048.0
07:21:49.727 [FXGL Background Thread 1 ] DEBUG TMXLevelLoader       - Creating object layer entities
07:21:49.753 [FXGL Background Thread 1 ] DEBUG FXGLAssetLoaderServi - Loading from file system: file:/D:/projects/helloworld/FarmSimulator/target/classes/assets/textures/Player/Carry_Idle/Carry_Idle_Down-Sheet.png
07:21:49.757 [FXGL Background Thread 1 ] DEBUG FXGLAssetLoaderServi - Loading from file system: file:/D:/projects/helloworld/FarmSimulator/target/classes/assets/textures/Player/Carry_Idle/Carry_Idle_Up-Sheet.png
07:21:49.759 [FXGL Background Thread 1 ] DEBUG FXGLAssetLoaderServi - Loading from file system: file:/D:/projects/helloworld/FarmSimulator/target/classes/assets/textures/Player/Carry_Idle/Carry_Idle_Side-Sheet.png
07:21:49.762 [FXGL Background Thread 1 ] DEBUG FXGLAssetLoaderServi - Loading from file system: file:/D:/projects/helloworld/FarmSimulator/target/classes/assets/textures/Player/Carry_Walk/Carry_Walk_Down-Sheet.png
07:21:49.763 [FXGL Background Thread 1 ] DEBUG FXGLAssetLoaderServi - Loading from file system: file:/D:/projects/helloworld/FarmSimulator/target/classes/assets/textures/Player/Carry_Walk/Carry_Walk_Up-Sheet.png
07:21:49.764 [FXGL Background Thread 1 ] DEBUG FXGLAssetLoaderServi - Loading from file system: file:/D:/projects/helloworld/FarmSimulator/target/classes/assets/textures/Player/Carry_Walk/Carry_Walk_Side-Sheet.png
07:21:49.768 [FXGL Background Thread 1 ] DEBUG FXGLAssetLoaderServi - Loading from file system: file:/D:/projects/helloworld/FarmSimulator/target/classes/assets/textures/Player/Carry_Run/Carry_Run_Down-Sheet.png
07:21:49.773 [FXGL Background Thread 1 ] DEBUG FXGLAssetLoaderServi - Loading from file system: file:/D:/projects/helloworld/FarmSimulator/target/classes/assets/textures/Player/Carry_Run/Carry_Run_Up-Sheet.png
07:21:49.775 [FXGL Background Thread 1 ] DEBUG FXGLAssetLoaderServi - Loading from file system: file:/D:/projects/helloworld/FarmSimulator/target/classes/assets/textures/Player/Carry_Run/Carry_Run_Side-Sheet.png
07:21:50.008 [FXGL Background Thread 1 ] WARN  FXGLAssetLoaderServi - Asset "/assets/textures/Guider.png" was not found!
07:21:50.009 [FXGL Background Thread 1 ] WARN  FXGLAssetLoaderServi - Failed to load IMAGE
07:21:50.009 [FXGL Background Thread 1 ] WARN  FXGLAssetLoaderServi - Asset "/assets/textures/Guider.png" was not found!
07:21:50.009 [FXGL Background Thread 1 ] WARN  FXGLAssetLoaderServi - Failed to load IMAGE
07:21:50.009 [FXGL Background Thread 1 ] WARN  FXGLAssetLoaderServi - Asset "/assets/textures/Guider.png" was not found!
07:21:50.010 [FXGL Background Thread 1 ] WARN  FXGLAssetLoaderServi - Failed to load IMAGE
07:21:50.010 [FXGL Background Thread 1 ] WARN  FXGLAssetLoaderServi - Asset "/assets/textures/Guider.png" was not found!
07:21:50.010 [FXGL Background Thread 1 ] WARN  FXGLAssetLoaderServi - Failed to load IMAGE
07:21:50.013 [FXGL Background Thread 1 ] DEBUG GameWorld            - Clearing removable entities
07:21:50.015 [FXGL Background Thread 1 ] DEBUG GameWorld            - Setting level: com.almasb.fxgl.entity.level.Level@7e4307c7
07:21:50.129 [FXGL Background Thread 1 ] INFO  FXGLApplication      - Game initialization took: 1.545 sec
07:21:50.136 [JavaFX Application Thread] DEBUG Input                - Clearing active input actions
07:21:50.165 [JavaFX Application Thread] DEBUG GameApplicationServi - Removing overlay from FXGLLoadingScene and adding to GameScene
07:21:50.173 [JavaFX Application Thread] DEBUG PrimaryStageWindow   - FXGLLoadingScene -> GameScene
07:21:51.387 [FXGL Background Thread 3 ] DEBUG Engine               - Logging environment variables
07:21:51.388 [FXGL Background Thread 3 ] DEBUG Engine               - achievements: []
07:21:51.388 [FXGL Background Thread 3 ] DEBUG Engine               - actualHeight: 720.0
07:21:51.388 [FXGL Background Thread 3 ] DEBUG Engine               - actualHeightProperty: ReadOnlyDoubleProperty [value: 720.0]
07:21:51.388 [FXGL Background Thread 3 ] DEBUG Engine               - actualWidth: 1280.0
07:21:51.388 [FXGL Background Thread 3 ] DEBUG Engine               - actualWidthProperty: ReadOnlyDoubleProperty [value: 1280.0]
07:21:51.388 [FXGL Background Thread 3 ] DEBUG Engine               - appIcon: fxgl_icon.png
07:21:51.388 [FXGL Background Thread 3 ] DEBUG Engine               - applicationMode: DEVELOPER
07:21:51.388 [FXGL Background Thread 3 ] DEBUG Engine               - cSSList: [fxgl_dark.css]
07:21:51.388 [FXGL Background Thread 3 ] DEBUG Engine               - collisionDetectionStrategy: BRUTE_FORCE
07:21:51.388 [FXGL Background Thread 3 ] DEBUG Engine               - configClass: Optional.empty
07:21:51.388 [FXGL Background Thread 3 ] DEBUG Engine               - credits: []
07:21:51.389 [FXGL Background Thread 3 ] DEBUG Engine               - defaultCursor: CursorInfo(imageName=fxgl_default_cursor.png, hotspotX=7.0, hotspotY=6.0)
07:21:51.389 [FXGL Background Thread 3 ] DEBUG Engine               - devBBoxColorProperty: ObjectProperty [value: 0xff0000ff]
07:21:51.389 [FXGL Background Thread 3 ] DEBUG Engine               - devEnableDebugCameraProperty: BooleanProperty [value: false]
07:21:51.389 [FXGL Background Thread 3 ] DEBUG Engine               - devSensorColorProperty: ObjectProperty [value: 0xffff00ff]
07:21:51.389 [FXGL Background Thread 3 ] DEBUG Engine               - devShowBBoxProperty: BooleanProperty [value: false]
07:21:51.389 [FXGL Background Thread 3 ] DEBUG Engine               - devShowPositionProperty: BooleanProperty [value: false]
07:21:51.389 [FXGL Background Thread 3 ] DEBUG Engine               - enabledMenuItems: []
07:21:51.389 [FXGL Background Thread 3 ] DEBUG Engine               - engineServices: [class com.almasb.fxgl.app.services.FXGLAssetLoaderService, class com.almasb.fxgl.app.FXGLApplication$GameApplicationService, class com.almasb.fxgl.app.services.FXGLDialogService, class com.almasb.fxgl.app.services.IOTaskExecutorService, class com.almasb.fxgl.io.FileSystemService, class com.almasb.fxgl.localization.LocalizationService, class com.almasb.fxgl.app.services.SystemBundleService, class com.almasb.fxgl.profile.SaveLoadService, class com.almasb.fxgl.ui.FXGLUIFactoryServiceProvider, class com.almasb.fxgl.ui.FXGLDialogFactoryServiceProvider, class com.almasb.fxgl.audio.AudioPlayer, class com.almasb.fxgl.notification.impl.NotificationServiceProvider, class com.almasb.fxgl.achievement.AchievementService, class com.almasb.fxgl.cutscene.CutsceneService, class com.almasb.fxgl.minigames.MiniGameService, class com.almasb.fxgl.net.NetService, class com.almasb.fxgl.app.services.UpdaterService, class com.almasb.fxgl.dev.DevService]
07:21:51.389 [FXGL Background Thread 3 ] DEBUG Engine               - fontGame: Abel-Regular.ttf
07:21:51.389 [FXGL Background Thread 3 ] DEBUG Engine               - fontMono: TerminalLandMono-Regular.otf
07:21:51.389 [FXGL Background Thread 3 ] DEBUG Engine               - fontSizeScaleUI: 1.0
07:21:51.389 [FXGL Background Thread 3 ] DEBUG Engine               - fontText: Courier-Prime.ttf
07:21:51.389 [FXGL Background Thread 3 ] DEBUG Engine               - fontUI: VarelaRound-Regular.ttf
07:21:51.390 [FXGL Background Thread 3 ] DEBUG Engine               - fpsRefreshRate: 500.0 ms
07:21:51.390 [FXGL Background Thread 3 ] DEBUG Engine               - fullScreen: BooleanProperty [value: false]
07:21:51.390 [FXGL Background Thread 3 ] DEBUG Engine               - gameDifficulty: MEDIUM
07:21:51.390 [FXGL Background Thread 3 ] DEBUG Engine               - gameDifficultyProperty: ObjectProperty [value: MEDIUM]
07:21:51.390 [FXGL Background Thread 3 ] DEBUG Engine               - globalMusicVolume: 0.5
07:21:51.390 [FXGL Background Thread 3 ] DEBUG Engine               - globalMusicVolumeProperty: DoubleProperty [value: 0.5]
07:21:51.390 [FXGL Background Thread 3 ] DEBUG Engine               - globalSoundVolume: 0.5
07:21:51.390 [FXGL Background Thread 3 ] DEBUG Engine               - globalSoundVolumeProperty: DoubleProperty [value: 0.5]
07:21:51.390 [FXGL Background Thread 3 ] DEBUG Engine               - height: 720
07:21:51.390 [FXGL Background Thread 3 ] DEBUG Engine               - is3D: false
07:21:51.390 [FXGL Background Thread 3 ] DEBUG Engine               - isAndroid: false
07:21:51.390 [FXGL Background Thread 3 ] DEBUG Engine               - isBrowser: false
07:21:51.390 [FXGL Background Thread 3 ] DEBUG Engine               - isClickFeedbackEnabled: false
07:21:51.390 [FXGL Background Thread 3 ] DEBUG Engine               - isCloseConfirmation: false
07:21:51.390 [FXGL Background Thread 3 ] DEBUG Engine               - isDesktop: true
07:21:51.390 [FXGL Background Thread 3 ] DEBUG Engine               - isDeveloperMenuEnabled: true
07:21:51.391 [FXGL Background Thread 3 ] DEBUG Engine               - isEmbedded: false
07:21:51.391 [FXGL Background Thread 3 ] DEBUG Engine               - isEntityPreloadEnabled: true
07:21:51.391 [FXGL Background Thread 3 ] DEBUG Engine               - isExperimentalTiledLargeMap: false
07:21:51.391 [FXGL Background Thread 3 ] DEBUG Engine               - isFileSystemWriteAllowed: true
07:21:51.391 [FXGL Background Thread 3 ] DEBUG Engine               - isFullScreenAllowed: false
07:21:51.391 [FXGL Background Thread 3 ] DEBUG Engine               - isFullScreenFromStart: false
07:21:51.391 [FXGL Background Thread 3 ] DEBUG Engine               - isGameMenuEnabled: true
07:21:51.391 [FXGL Background Thread 3 ] DEBUG Engine               - isIOS: false
07:21:51.391 [FXGL Background Thread 3 ] DEBUG Engine               - isIntroEnabled: false
07:21:51.391 [FXGL Background Thread 3 ] DEBUG Engine               - isLinux: false
07:21:51.391 [FXGL Background Thread 3 ] DEBUG Engine               - isMac: false
07:21:51.391 [FXGL Background Thread 3 ] DEBUG Engine               - isMainMenuEnabled: false
07:21:51.391 [FXGL Background Thread 3 ] DEBUG Engine               - isManualResizeEnabled: false
07:21:51.391 [FXGL Background Thread 3 ] DEBUG Engine               - isMobile: false
07:21:51.391 [FXGL Background Thread 3 ] DEBUG Engine               - isNative: false
07:21:51.391 [FXGL Background Thread 3 ] DEBUG Engine               - isPauseMusicWhenMinimized: true
07:21:51.392 [FXGL Background Thread 3 ] DEBUG Engine               - isPreserveResizeRatio: false
07:21:51.392 [FXGL Background Thread 3 ] DEBUG Engine               - isProfilingEnabled: false
07:21:51.392 [FXGL Background Thread 3 ] DEBUG Engine               - isScaleAffectedOnResize: true
07:21:51.392 [FXGL Background Thread 3 ] DEBUG Engine               - isSingleStep: false
07:21:51.392 [FXGL Background Thread 3 ] DEBUG Engine               - isUserProfileEnabled: false
07:21:51.392 [FXGL Background Thread 3 ] DEBUG Engine               - isWindows: true
07:21:51.392 [FXGL Background Thread 3 ] DEBUG Engine               - language: ObjectProperty [value: ENGLISH]
07:21:51.392 [FXGL Background Thread 3 ] DEBUG Engine               - menuKey: ESCAPE
07:21:51.392 [FXGL Background Thread 3 ] DEBUG Engine               - mouseSensitivity: 0.2
07:21:51.392 [FXGL Background Thread 3 ] DEBUG Engine               - notificationViewClass: class com.almasb.fxgl.notification.view.XboxNotificationView
07:21:51.392 [FXGL Background Thread 3 ] DEBUG Engine               - pixelsPerMeter: 50.0
07:21:51.392 [FXGL Background Thread 3 ] DEBUG Engine               - platform: WINDOWS
07:21:51.392 [FXGL Background Thread 3 ] DEBUG Engine               - prefHeightProperty: ReadOnlyDoubleProperty [value: 720.0]
07:21:51.392 [FXGL Background Thread 3 ] DEBUG Engine               - prefWidthProperty: ReadOnlyDoubleProperty [value: 1280.0]
07:21:51.392 [FXGL Background Thread 3 ] DEBUG Engine               - profileDir: profiles/
07:21:51.392 [FXGL Background Thread 3 ] DEBUG Engine               - profileName: StringProperty [value: DEFAULT]
07:21:51.392 [FXGL Background Thread 3 ] DEBUG Engine               - randomSeed: -1
07:21:51.394 [FXGL Background Thread 3 ] DEBUG Engine               - runtimeInfo: RuntimeInfo(platform=WINDOWS, version=25, build=05.02.2026 22.57)
07:21:51.394 [FXGL Background Thread 3 ] DEBUG Engine               - saveFileExt: sav
07:21:51.394 [FXGL Background Thread 3 ] DEBUG Engine               - scaledHeightProp$fxgl: DoubleProperty [bound, value: 720.0]
07:21:51.394 [FXGL Background Thread 3 ] DEBUG Engine               - scaledWidthProp$fxgl: DoubleProperty [bound, value: 1280.0]
07:21:51.394 [FXGL Background Thread 3 ] DEBUG Engine               - sceneFactory: com.almasb.fxgl.app.scene.SceneFactory@6e94853b
07:21:51.394 [FXGL Background Thread 3 ] DEBUG Engine               - secondsIn24h: 60
07:21:51.394 [FXGL Background Thread 3 ] DEBUG Engine               - soundMenuBack: menu/back.wav
07:21:51.394 [FXGL Background Thread 3 ] DEBUG Engine               - soundMenuPress: menu/press.wav
07:21:51.394 [FXGL Background Thread 3 ] DEBUG Engine               - soundMenuSelect: menu/select.wav
07:21:51.394 [FXGL Background Thread 3 ] DEBUG Engine               - soundNotification: core/notification.wav
07:21:51.394 [FXGL Background Thread 3 ] DEBUG Engine               - stageStyle: DECORATED
07:21:51.395 [FXGL Background Thread 3 ] DEBUG Engine               - supportedLanguages: [ENGLISH, FRENCH, GERMAN, HUNGARIAN, RUSSIAN]
07:21:51.395 [FXGL Background Thread 3 ] DEBUG Engine               - ticksPerSecond: -1
07:21:51.395 [FXGL Background Thread 3 ] DEBUG Engine               - title: Java Farming Professional
07:21:51.395 [FXGL Background Thread 3 ] DEBUG Engine               - urlGithub: https://github.com/AlmasB/FXGL
07:21:51.395 [FXGL Background Thread 3 ] DEBUG Engine               - urlLeaderboard: http://fxgl-top.herokuapp.com/
07:21:51.395 [FXGL Background Thread 3 ] DEBUG Engine               - urlPOM: https://raw.githubusercontent.com/AlmasB/FXGL/release/README.md
07:21:51.395 [FXGL Background Thread 3 ] DEBUG Engine               - userAppClass: class Project1Game.Main
07:21:51.395 [FXGL Background Thread 3 ] DEBUG Engine               - version: 2.5
07:21:51.395 [FXGL Background Thread 3 ] DEBUG Engine               - versionCheckDays: 7
07:21:51.395 [FXGL Background Thread 3 ] DEBUG Engine               - width: 1280
07:21:51.395 [FXGL Background Thread 3 ] DEBUG Engine               - Logging services
07:21:51.395 [FXGL Background Thread 3 ] DEBUG Engine               - class com.almasb.fxgl.app.services.FXGLAssetLoaderService
07:21:51.395 [FXGL Background Thread 3 ] DEBUG Engine               - class com.almasb.fxgl.app.FXGLApplication$GameApplicationService
07:21:51.396 [FXGL Background Thread 3 ] DEBUG Engine               - class com.almasb.fxgl.app.services.FXGLDialogService
07:21:51.396 [FXGL Background Thread 3 ] DEBUG Engine               - class com.almasb.fxgl.app.services.IOTaskExecutorService
07:21:51.396 [FXGL Background Thread 3 ] DEBUG Engine               - class com.almasb.fxgl.io.FileSystemService
07:21:51.396 [FXGL Background Thread 3 ] DEBUG Engine               - class com.almasb.fxgl.localization.LocalizationService
07:21:51.396 [FXGL Background Thread 3 ] DEBUG Engine               - class com.almasb.fxgl.app.services.SystemBundleService
07:21:51.396 [FXGL Background Thread 3 ] DEBUG Engine               - class com.almasb.fxgl.profile.SaveLoadService
07:21:51.396 [FXGL Background Thread 3 ] DEBUG Engine               - class com.almasb.fxgl.ui.FXGLUIFactoryServiceProvider
07:21:51.396 [FXGL Background Thread 3 ] DEBUG Engine               - class com.almasb.fxgl.ui.FXGLDialogFactoryServiceProvider
07:21:51.396 [FXGL Background Thread 3 ] DEBUG Engine               - class com.almasb.fxgl.audio.AudioPlayer
07:21:51.396 [FXGL Background Thread 3 ] DEBUG Engine               - class com.almasb.fxgl.notification.impl.NotificationServiceProvider
07:21:51.396 [FXGL Background Thread 3 ] DEBUG Engine               - class com.almasb.fxgl.achievement.AchievementService
07:21:51.396 [FXGL Background Thread 3 ] DEBUG Engine               - class com.almasb.fxgl.cutscene.CutsceneService
07:21:51.396 [FXGL Background Thread 3 ] DEBUG Engine               - class com.almasb.fxgl.minigames.MiniGameService
07:21:51.396 [FXGL Background Thread 3 ] DEBUG Engine               - class com.almasb.fxgl.net.NetService
07:21:51.396 [FXGL Background Thread 3 ] DEBUG Engine               - class com.almasb.fxgl.app.services.UpdaterService
07:21:51.396 [FXGL Background Thread 3 ] DEBUG Engine               - class com.almasb.fxgl.dev.DevService
07:22:01.325 [JavaFX Application Thread] WARN  TMXLevelLoader       - TiledMap generated from 1.12.0. Supported version: 1.9.0. Some features may not be parsed fully.
07:22:01.331 [JavaFX Application Thread] DEBUG TMXLevelLoader       - Parsed TiledMap: file:/D:/projects/helloworld/FarmSimulator/target/classes/assets/levels/Main_house.tmx
07:22:01.331 [JavaFX Application Thread] DEBUG TMXLevelLoader       - Creating tile layer entities
07:22:01.331 [JavaFX Application Thread] DEBUG TilesetLoader        - Loading view for layer Ground
07:22:01.332 [JavaFX Application Thread] DEBUG TilesetLoader        - Created buffer with size 1024.0x1024.0
07:22:01.361 [JavaFX Application Thread] DEBUG TilesetLoader        - Loading view for layer Background
07:22:01.362 [JavaFX Application Thread] DEBUG TilesetLoader        - Created buffer with size 1024.0x1024.0
07:22:01.362 [JavaFX Application Thread] DEBUG TilesetLoader        - Loading view for layer Decoration
07:22:01.363 [JavaFX Application Thread] DEBUG TilesetLoader        - Created buffer with size 1024.0x1024.0
07:22:01.372 [JavaFX Application Thread] DEBUG TMXLevelLoader       - Creating object layer entities
07:22:01.375 [JavaFX Application Thread] DEBUG GameWorld            - Clearing removable entities
07:22:01.445 [JavaFX Application Thread] DEBUG GameWorld            - Setting level: com.almasb.fxgl.entity.level.Level@494229fd
07:22:14.356 [JavaFX Application Thread] WARN  TMXLevelLoader       - TiledMap generated from 1.12.0. Supported version: 1.9.0. Some features may not be parsed fully.
07:22:14.406 [JavaFX Application Thread] DEBUG TMXLevelLoader       - Parsed TiledMap: file:/D:/projects/helloworld/FarmSimulator/target/classes/assets/levels/Main_level.tmx
07:22:14.406 [JavaFX Application Thread] DEBUG TMXLevelLoader       - Creating tile layer entities
07:22:14.407 [JavaFX Application Thread] DEBUG TilesetLoader        - Loading view for layer BackgroundLayer
07:22:14.411 [JavaFX Application Thread] DEBUG TilesetLoader        - Created buffer with size 3520.0x2048.0
07:22:14.455 [JavaFX Application Thread] DEBUG TilesetLoader        - Loading view for layer DecorationLayer
07:22:14.460 [JavaFX Application Thread] DEBUG TilesetLoader        - Created buffer with size 3520.0x2048.0
07:22:14.490 [JavaFX Application Thread] DEBUG TilesetLoader        - Loading view for layer OverheadLayer
07:22:14.498 [JavaFX Application Thread] DEBUG TilesetLoader        - Created buffer with size 3520.0x2048.0
07:22:14.500 [JavaFX Application Thread] DEBUG TMXLevelLoader       - Creating object layer entities
07:22:14.557 [JavaFX Application Thread] WARN  FXGLAssetLoaderServi - Asset "/assets/textures/Guider.png" was not found!
07:22:14.557 [JavaFX Application Thread] WARN  FXGLAssetLoaderServi - Failed to load IMAGE
07:22:14.558 [JavaFX Application Thread] WARN  FXGLAssetLoaderServi - Asset "/assets/textures/Guider.png" was not found!
07:22:14.558 [JavaFX Application Thread] WARN  FXGLAssetLoaderServi - Failed to load IMAGE
07:22:14.558 [JavaFX Application Thread] WARN  FXGLAssetLoaderServi - Asset "/assets/textures/Guider.png" was not found!
07:22:14.558 [JavaFX Application Thread] WARN  FXGLAssetLoaderServi - Failed to load IMAGE
07:22:14.558 [JavaFX Application Thread] WARN  FXGLAssetLoaderServi - Asset "/assets/textures/Guider.png" was not found!
07:22:14.559 [JavaFX Application Thread] WARN  FXGLAssetLoaderServi - Failed to load IMAGE
07:22:14.559 [JavaFX Application Thread] DEBUG GameWorld            - Clearing removable entities
07:22:14.562 [JavaFX Application Thread] DEBUG GameWorld            - Setting level: com.almasb.fxgl.entity.level.Level@1e4b92d8
07:22:14.594 [JavaFX Application Thread] WARN  FXGLAssetLoaderServi - Asset "/assets/textures/empty.png" was not found!
07:22:14.594 [JavaFX Application Thread] WARN  FXGLAssetLoaderServi - Failed to load IMAGE
07:22:14.594 [JavaFX Application Thread] WARN  FXGLAssetLoaderServi - Asset "/assets/textures/empty.png" was not found!
07:22:14.594 [JavaFX Application Thread] WARN  FXGLAssetLoaderServi - Failed to load IMAGE
07:22:14.595 [JavaFX Application Thread] WARN  FXGLAssetLoaderServi - Asset "/assets/textures/empty.png" was not found!
07:22:14.595 [JavaFX Application Thread] WARN  FXGLAssetLoaderServi - Failed to load IMAGE
07:22:14.595 [JavaFX Application Thread] WARN  FXGLAssetLoaderServi - Asset "/assets/textures/empty.png" was not found!
07:22:14.596 [JavaFX Application Thread] WARN  FXGLAssetLoaderServi - Failed to load IMAGE
07:22:14.596 [JavaFX Application Thread] WARN  FXGLAssetLoaderServi - Asset "/assets/textures/empty.png" was not found!
07:22:14.596 [JavaFX Application Thread] WARN  FXGLAssetLoaderServi - Failed to load IMAGE
07:22:14.596 [JavaFX Application Thread] WARN  FXGLAssetLoaderServi - Asset "/assets/textures/empty.png" was not found!
07:22:14.597 [JavaFX Application Thread] WARN  FXGLAssetLoaderServi - Failed to load IMAGE
07:22:14.597 [JavaFX Application Thread] WARN  FXGLAssetLoaderServi - Asset "/assets/textures/empty.png" was not found!
07:22:14.597 [JavaFX Application Thread] WARN  FXGLAssetLoaderServi - Failed to load IMAGE
07:22:14.597 [JavaFX Application Thread] WARN  FXGLAssetLoaderServi - Asset "/assets/textures/empty.png" was not found!
07:22:14.597 [JavaFX Application Thread] WARN  FXGLAssetLoaderServi - Failed to load IMAGE
07:22:52.408 [JavaFX Application Thread] DEBUG FXGLAssetLoaderServi - Loading from file system: file:/D:/projects/helloworld/FarmSimulator/target/classes/assets/textures/Crops/rice_3.png
07:23:15.176 [JavaFX Application Thread] DEBUG EventBus             - Firing event: Project1Game.system.DayNightEvent[source=javafx.event.Event$$Lambda/0x00000000364c3960@3000faf8]
07:24:09.151 [JavaFX Application Thread] WARN  TMXLevelLoader       - TiledMap generated from 1.12.0. Supported version: 1.9.0. Some features may not be parsed fully.
07:24:09.155 [JavaFX Application Thread] DEBUG TMXLevelLoader       - Parsed TiledMap: file:/D:/projects/helloworld/FarmSimulator/target/classes/assets/levels/Main_house.tmx
07:24:09.155 [JavaFX Application Thread] DEBUG TMXLevelLoader       - Creating tile layer entities
07:24:09.156 [JavaFX Application Thread] DEBUG TilesetLoader        - Loading view for layer Ground
07:24:09.158 [JavaFX Application Thread] DEBUG TilesetLoader        - Created buffer with size 1024.0x1024.0
07:24:09.188 [JavaFX Application Thread] DEBUG TilesetLoader        - Loading view for layer Background
07:24:09.188 [JavaFX Application Thread] DEBUG TilesetLoader        - Created buffer with size 1024.0x1024.0
07:24:09.189 [JavaFX Application Thread] DEBUG TilesetLoader        - Loading view for layer Decoration
07:24:09.189 [JavaFX Application Thread] DEBUG TilesetLoader        - Created buffer with size 1024.0x1024.0
07:24:09.196 [JavaFX Application Thread] DEBUG TMXLevelLoader       - Creating object layer entities
07:24:09.199 [JavaFX Application Thread] DEBUG GameWorld            - Clearing removable entities
07:24:09.251 [JavaFX Application Thread] DEBUG GameWorld            - Setting level: com.almasb.fxgl.entity.level.Level@8c97405
07:24:09.254 [JavaFX Application Thread] DEBUG EventBus             - Firing event: Project1Game.system.DayNightEvent[source=javafx.event.Event$$Lambda/0x00000000364c3960@3000faf8]
07:24:09.254 [JavaFX Application Thread] WARN  FXGLAssetLoaderServi - Asset "/assets/textures/empty.png" was not found!
07:24:09.255 [JavaFX Application Thread] WARN  FXGLAssetLoaderServi - Failed to load IMAGE
07:24:09.255 [JavaFX Application Thread] WARN  FXGLAssetLoaderServi - Asset "/assets/textures/empty.png" was not found!
07:24:09.255 [JavaFX Application Thread] WARN  FXGLAssetLoaderServi - Failed to load IMAGE
07:24:09.255 [JavaFX Application Thread] WARN  FXGLAssetLoaderServi - Asset "/assets/textures/empty.png" was not found!
07:24:09.255 [JavaFX Application Thread] WARN  FXGLAssetLoaderServi - Failed to load IMAGE
07:24:09.255 [JavaFX Application Thread] WARN  FXGLAssetLoaderServi - Asset "/assets/textures/empty.png" was not found!
07:24:09.255 [JavaFX Application Thread] WARN  FXGLAssetLoaderServi - Failed to load IMAGE
07:24:09.255 [JavaFX Application Thread] WARN  FXGLAssetLoaderServi - Asset "/assets/textures/empty.png" was not found!
07:24:09.256 [JavaFX Application Thread] WARN  FXGLAssetLoaderServi - Failed to load IMAGE
07:24:09.256 [JavaFX Application Thread] WARN  FXGLAssetLoaderServi - Asset "/assets/textures/empty.png" was not found!
07:24:09.256 [JavaFX Application Thread] WARN  FXGLAssetLoaderServi - Failed to load IMAGE
07:24:09.256 [JavaFX Application Thread] WARN  FXGLAssetLoaderServi - Asset "/assets/textures/empty.png" was not found!
07:24:09.256 [JavaFX Application Thread] WARN  FXGLAssetLoaderServi - Failed to load IMAGE
07:24:09.256 [JavaFX Application Thread] WARN  FXGLAssetLoaderServi - Asset "/assets/textures/empty.png" was not found!
07:24:09.256 [JavaFX Application Thread] WARN  FXGLAssetLoaderServi - Failed to load IMAGE
07:24:12.383 [JavaFX Application Thread] WARN  TMXLevelLoader       - TiledMap generated from 1.12.0. Supported version: 1.9.0. Some features may not be parsed fully.
07:24:12.416 [JavaFX Application Thread] DEBUG TMXLevelLoader       - Parsed TiledMap: file:/D:/projects/helloworld/FarmSimulator/target/classes/assets/levels/Main_level.tmx
07:24:12.416 [JavaFX Application Thread] DEBUG TMXLevelLoader       - Creating tile layer entities
07:24:12.417 [JavaFX Application Thread] DEBUG TilesetLoader        - Loading view for layer BackgroundLayer
07:24:12.428 [JavaFX Application Thread] DEBUG TilesetLoader        - Created buffer with size 3520.0x2048.0
07:24:12.502 [JavaFX Application Thread] DEBUG TilesetLoader        - Loading view for layer DecorationLayer
07:24:12.505 [JavaFX Application Thread] DEBUG TilesetLoader        - Created buffer with size 3520.0x2048.0
07:24:12.557 [JavaFX Application Thread] DEBUG TilesetLoader        - Loading view for layer OverheadLayer
07:24:12.560 [JavaFX Application Thread] DEBUG TilesetLoader        - Created buffer with size 3520.0x2048.0
07:24:12.562 [JavaFX Application Thread] DEBUG TMXLevelLoader       - Creating object layer entities
07:24:12.604 [JavaFX Application Thread] WARN  FXGLAssetLoaderServi - Asset "/assets/textures/Guider.png" was not found!
07:24:12.604 [JavaFX Application Thread] WARN  FXGLAssetLoaderServi - Failed to load IMAGE
07:24:12.605 [JavaFX Application Thread] WARN  FXGLAssetLoaderServi - Asset "/assets/textures/Guider.png" was not found!
07:24:12.605 [JavaFX Application Thread] WARN  FXGLAssetLoaderServi - Failed to load IMAGE
07:24:12.605 [JavaFX Application Thread] WARN  FXGLAssetLoaderServi - Asset "/assets/textures/Guider.png" was not found!
07:24:12.605 [JavaFX Application Thread] WARN  FXGLAssetLoaderServi - Failed to load IMAGE
07:24:12.605 [JavaFX Application Thread] WARN  FXGLAssetLoaderServi - Asset "/assets/textures/Guider.png" was not found!
07:24:12.605 [JavaFX Application Thread] WARN  FXGLAssetLoaderServi - Failed to load IMAGE
07:24:12.607 [JavaFX Application Thread] DEBUG GameWorld            - Clearing removable entities
07:24:12.609 [JavaFX Application Thread] DEBUG GameWorld            - Setting level: com.almasb.fxgl.entity.level.Level@586a5c62
07:24:12.622 [JavaFX Application Thread] DEBUG EventBus             - Firing event: Project1Game.system.DayNightEvent[source=javafx.event.Event$$Lambda/0x00000000364c3960@3000faf8]
07:24:12.622 [JavaFX Application Thread] WARN  FXGLAssetLoaderServi - Asset "/assets/textures/empty.png" was not found!
07:24:12.622 [JavaFX Application Thread] WARN  FXGLAssetLoaderServi - Failed to load IMAGE
07:24:12.623 [JavaFX Application Thread] WARN  FXGLAssetLoaderServi - Asset "/assets/textures/empty.png" was not found!
07:24:12.623 [JavaFX Application Thread] WARN  FXGLAssetLoaderServi - Failed to load IMAGE
07:24:12.623 [JavaFX Application Thread] WARN  FXGLAssetLoaderServi - Asset "/assets/textures/empty.png" was not found!
07:24:12.623 [JavaFX Application Thread] WARN  FXGLAssetLoaderServi - Failed to load IMAGE
07:24:12.623 [JavaFX Application Thread] WARN  FXGLAssetLoaderServi - Asset "/assets/textures/empty.png" was not found!
07:24:12.623 [JavaFX Application Thread] WARN  FXGLAssetLoaderServi - Failed to load IMAGE
07:24:12.623 [JavaFX Application Thread] WARN  FXGLAssetLoaderServi - Asset "/assets/textures/empty.png" was not found!
07:24:12.623 [JavaFX Application Thread] WARN  FXGLAssetLoaderServi - Failed to load IMAGE
07:24:12.624 [JavaFX Application Thread] WARN  FXGLAssetLoaderServi - Asset "/assets/textures/empty.png" was not found!
07:24:12.624 [JavaFX Application Thread] WARN  FXGLAssetLoaderServi - Failed to load IMAGE
07:24:12.624 [JavaFX Application Thread] WARN  FXGLAssetLoaderServi - Asset "/assets/textures/empty.png" was not found!
07:24:12.624 [JavaFX Application Thread] WARN  FXGLAssetLoaderServi - Failed to load IMAGE
07:24:12.624 [JavaFX Application Thread] WARN  FXGLAssetLoaderServi - Asset "/assets/textures/empty.png" was not found!
07:24:12.624 [JavaFX Application Thread] WARN  FXGLAssetLoaderServi - Failed to load IMAGE
07:24:21.740 [JavaFX Application Thread] WARN  TMXLevelLoader       - TiledMap generated from 1.12.0. Supported version: 1.9.0. Some features may not be parsed fully.
07:24:21.743 [JavaFX Application Thread] DEBUG TMXLevelLoader       - Parsed TiledMap: file:/D:/projects/helloworld/FarmSimulator/target/classes/assets/levels/Main_house.tmx
07:24:21.743 [JavaFX Application Thread] DEBUG TMXLevelLoader       - Creating tile layer entities
07:24:21.743 [JavaFX Application Thread] DEBUG TilesetLoader        - Loading view for layer Ground
07:24:21.744 [JavaFX Application Thread] DEBUG TilesetLoader        - Created buffer with size 1024.0x1024.0
07:24:21.765 [JavaFX Application Thread] DEBUG TilesetLoader        - Loading view for layer Background
07:24:21.766 [JavaFX Application Thread] DEBUG TilesetLoader        - Created buffer with size 1024.0x1024.0
07:24:21.766 [JavaFX Application Thread] DEBUG TilesetLoader        - Loading view for layer Decoration
07:24:21.768 [JavaFX Application Thread] DEBUG TilesetLoader        - Created buffer with size 1024.0x1024.0
07:24:21.775 [JavaFX Application Thread] DEBUG TMXLevelLoader       - Creating object layer entities
07:24:21.777 [JavaFX Application Thread] DEBUG GameWorld            - Clearing removable entities
07:24:21.789 [JavaFX Application Thread] DEBUG GameWorld            - Setting level: com.almasb.fxgl.entity.level.Level@7a321470
07:24:21.790 [JavaFX Application Thread] DEBUG EventBus             - Firing event: Project1Game.system.DayNightEvent[source=javafx.event.Event$$Lambda/0x00000000364c3960@3000faf8]
07:24:21.790 [JavaFX Application Thread] WARN  FXGLAssetLoaderServi - Asset "/assets/textures/empty.png" was not found!
07:24:21.791 [JavaFX Application Thread] WARN  FXGLAssetLoaderServi - Failed to load IMAGE
07:24:21.791 [JavaFX Application Thread] WARN  FXGLAssetLoaderServi - Asset "/assets/textures/empty.png" was not found!
07:24:21.791 [JavaFX Application Thread] WARN  FXGLAssetLoaderServi - Failed to load IMAGE
07:24:21.791 [JavaFX Application Thread] WARN  FXGLAssetLoaderServi - Asset "/assets/textures/empty.png" was not found!
07:24:21.791 [JavaFX Application Thread] WARN  FXGLAssetLoaderServi - Failed to load IMAGE
07:24:21.791 [JavaFX Application Thread] WARN  FXGLAssetLoaderServi - Asset "/assets/textures/empty.png" was not found!
07:24:21.791 [JavaFX Application Thread] WARN  FXGLAssetLoaderServi - Failed to load IMAGE
07:24:21.791 [JavaFX Application Thread] WARN  FXGLAssetLoaderServi - Asset "/assets/textures/empty.png" was not found!
07:24:21.791 [JavaFX Application Thread] WARN  FXGLAssetLoaderServi - Failed to load IMAGE
07:24:21.791 [JavaFX Application Thread] WARN  FXGLAssetLoaderServi - Asset "/assets/textures/empty.png" was not found!
07:24:21.791 [JavaFX Application Thread] WARN  FXGLAssetLoaderServi - Failed to load IMAGE
07:24:21.791 [JavaFX Application Thread] WARN  FXGLAssetLoaderServi - Asset "/assets/textures/empty.png" was not found!
07:24:21.791 [JavaFX Application Thread] WARN  FXGLAssetLoaderServi - Failed to load IMAGE
07:24:21.791 [JavaFX Application Thread] WARN  FXGLAssetLoaderServi - Asset "/assets/textures/empty.png" was not found!
07:24:21.791 [JavaFX Application Thread] WARN  FXGLAssetLoaderServi - Failed to load IMAGE
07:24:23.282 [JavaFX Application Thread] WARN  TMXLevelLoader       - TiledMap generated from 1.12.0. Supported version: 1.9.0. Some features may not be parsed fully.
07:24:23.297 [JavaFX Application Thread] DEBUG TMXLevelLoader       - Parsed TiledMap: file:/D:/projects/helloworld/FarmSimulator/target/classes/assets/levels/Main_level.tmx
07:24:23.297 [JavaFX Application Thread] DEBUG TMXLevelLoader       - Creating tile layer entities
07:24:23.297 [JavaFX Application Thread] DEBUG TilesetLoader        - Loading view for layer BackgroundLayer
07:24:23.303 [JavaFX Application Thread] DEBUG TilesetLoader        - Created buffer with size 3520.0x2048.0
07:24:23.353 [JavaFX Application Thread] DEBUG TilesetLoader        - Loading view for layer DecorationLayer
07:24:23.366 [JavaFX Application Thread] DEBUG TilesetLoader        - Created buffer with size 3520.0x2048.0
07:24:23.399 [JavaFX Application Thread] DEBUG TilesetLoader        - Loading view for layer OverheadLayer
07:24:23.410 [JavaFX Application Thread] DEBUG TilesetLoader        - Created buffer with size 3520.0x2048.0
07:24:23.411 [JavaFX Application Thread] DEBUG TMXLevelLoader       - Creating object layer entities
07:24:23.439 [JavaFX Application Thread] WARN  FXGLAssetLoaderServi - Asset "/assets/textures/Guider.png" was not found!
07:24:23.439 [JavaFX Application Thread] WARN  FXGLAssetLoaderServi - Failed to load IMAGE
07:24:23.439 [JavaFX Application Thread] WARN  FXGLAssetLoaderServi - Asset "/assets/textures/Guider.png" was not found!
07:24:23.439 [JavaFX Application Thread] WARN  FXGLAssetLoaderServi - Failed to load IMAGE
07:24:23.439 [JavaFX Application Thread] WARN  FXGLAssetLoaderServi - Asset "/assets/textures/Guider.png" was not found!
07:24:23.439 [JavaFX Application Thread] WARN  FXGLAssetLoaderServi - Failed to load IMAGE
07:24:23.439 [JavaFX Application Thread] WARN  FXGLAssetLoaderServi - Asset "/assets/textures/Guider.png" was not found!
07:24:23.441 [JavaFX Application Thread] WARN  FXGLAssetLoaderServi - Failed to load IMAGE
07:24:23.441 [JavaFX Application Thread] DEBUG GameWorld            - Clearing removable entities
07:24:23.442 [JavaFX Application Thread] DEBUG GameWorld            - Setting level: com.almasb.fxgl.entity.level.Level@5ae674bf
07:24:23.450 [JavaFX Application Thread] DEBUG EventBus             - Firing event: Project1Game.system.DayNightEvent[source=javafx.event.Event$$Lambda/0x00000000364c3960@3000faf8]
07:24:23.451 [JavaFX Application Thread] WARN  FXGLAssetLoaderServi - Asset "/assets/textures/empty.png" was not found!
07:24:23.451 [JavaFX Application Thread] WARN  FXGLAssetLoaderServi - Failed to load IMAGE
07:24:23.451 [JavaFX Application Thread] WARN  FXGLAssetLoaderServi - Asset "/assets/textures/empty.png" was not found!
07:24:23.451 [JavaFX Application Thread] WARN  FXGLAssetLoaderServi - Failed to load IMAGE
07:24:23.451 [JavaFX Application Thread] WARN  FXGLAssetLoaderServi - Asset "/assets/textures/empty.png" was not found!
07:24:23.451 [JavaFX Application Thread] WARN  FXGLAssetLoaderServi - Failed to load IMAGE
07:24:23.451 [JavaFX Application Thread] WARN  FXGLAssetLoaderServi - Asset "/assets/textures/empty.png" was not found!
07:24:23.451 [JavaFX Application Thread] WARN  FXGLAssetLoaderServi - Failed to load IMAGE
07:24:23.451 [JavaFX Application Thread] WARN  FXGLAssetLoaderServi - Asset "/assets/textures/empty.png" was not found!
07:24:23.451 [JavaFX Application Thread] WARN  FXGLAssetLoaderServi - Failed to load IMAGE
07:24:23.452 [JavaFX Application Thread] WARN  FXGLAssetLoaderServi - Asset "/assets/textures/empty.png" was not found!
07:24:23.452 [JavaFX Application Thread] WARN  FXGLAssetLoaderServi - Failed to load IMAGE
07:24:23.452 [JavaFX Application Thread] WARN  FXGLAssetLoaderServi - Asset "/assets/textures/empty.png" was not found!
07:24:23.452 [JavaFX Application Thread] WARN  FXGLAssetLoaderServi - Failed to load IMAGE
07:24:23.452 [JavaFX Application Thread] WARN  FXGLAssetLoaderServi - Asset "/assets/textures/empty.png" was not found!
07:24:23.452 [JavaFX Application Thread] WARN  FXGLAssetLoaderServi - Failed to load IMAGE
07:24:25.956 [JavaFX Application Thread] DEBUG EventBus             - Firing event: Project1Game.system.DayNightEvent[source=javafx.event.Event$$Lambda/0x00000000364c3960@3000faf8]
07:24:26.373 [JavaFX Application Thread] DEBUG FXGLApplication      - Exiting FXGL
07:24:26.373 [JavaFX Application Thread] DEBUG LoopRunner           - Stopping loop
07:24:26.374 [JavaFX Application Thread] DEBUG SystemBundleService  - Saving FXGL system data
07:24:26.377 [JavaFX Application Thread] DEBUG FileSystemAccess     - Writing to: D:\projects\helloworld\FarmSimulator\system\fxgl.bundle
07:24:26.379 [JavaFX Application Thread] DEBUG Async                - Shutting down background threads
07:24:26.379 [JavaFX Application Thread] DEBUG PrimaryStageWindow   - Closing main window
07:24:26.401 [JavaFX Application Thread] DEBUG Logger               - Closing Logger
