09:07:00.584 [main                     ] DEBUG Logger               - Configured Logger
09:07:00.590 [main                     ] DEBUG GameApplication      - Logging settings
Title: Untitled
Version: 0.0
Width: 1280
Height: 720
Fullscreen: false
Intro: false
Profiling: false
Single step:false
App Mode: DEVELOPER
Menu Key: ESCAPE
Stage Style: DECORATED
Scene Factory: class com.almasb.fxgl.app.scene.SceneFactory

09:07:00.925 [JavaFX Application Thread] DEBUG FXGLApplication      - Initializing FXGL
09:07:00.928 [JavaFX Application Thread] INFO  Engine               - FXGL-25 (05.02.2026 22.57) on WINDOWS (J:25.0.1 FX:25.0.1)
09:07:00.928 [JavaFX Application Thread] DEBUG Engine               - JRE Vendor Name: Oracle Corporation
09:07:00.928 [JavaFX Application Thread] DEBUG Engine               - Running on OS: Windows 11 version 10.0
09:07:00.928 [JavaFX Application Thread] DEBUG Engine               - Architecture: amd64
09:07:00.928 [JavaFX Application Thread] INFO  Engine               - Source code and latest versions at: https://github.com/AlmasB/FXGL
09:07:00.928 [JavaFX Application Thread] INFO  Engine               -       Ask questions and discuss at: https://github.com/AlmasB/FXGL/discussions
09:07:01.002 [JavaFX Application Thread] DEBUG PrimaryStageWindow   - Creating a JavaFX scene
09:07:01.041 [JavaFX Application Thread] DEBUG PrimaryStageWindow   - Target settings size: 1280.0 x 720.0
09:07:01.041 [JavaFX Application Thread] DEBUG PrimaryStageWindow   - Scaled scene size:    1280.0 x 720.0
09:07:01.041 [JavaFX Application Thread] DEBUG PrimaryStageWindow   - Scaled ratio: (1.0, 1.0)
09:07:01.042 [JavaFX Application Thread] DEBUG PrimaryStageWindow   - Set initial scene to FXGLStartupScene
09:07:01.044 [JavaFX Application Thread] DEBUG PrimaryStageWindow   - Opening main window
09:07:01.314 [JavaFX Application Thread] DEBUG PrimaryStageWindow   - Window border size: (14.4000244140625, 37.5999755859375)
09:07:01.314 [JavaFX Application Thread] DEBUG PrimaryStageWindow   - Scaled size: 1280.0 x 720.0
09:07:01.314 [JavaFX Application Thread] DEBUG PrimaryStageWindow   - Scaled ratio: (1.0, 1.0)
09:07:01.314 [JavaFX Application Thread] DEBUG PrimaryStageWindow   - Scene size: 1280.0 x 720.0
09:07:01.314 [JavaFX Application Thread] DEBUG PrimaryStageWindow   - Stage size: 1294.4000244140625 x 757.5999755859375
09:07:01.326 [FXGL Background Thread 1 ] DEBUG Engine               - Initializing environment variables
09:07:01.368 [FXGL Background Thread 1 ] DEBUG FXGLAssetLoaderServi - User app class for loading assets: class Project1Game.Main
09:07:01.369 [FXGL Background Thread 1 ] DEBUG GameApplicationServi - Applying CSS: fxgl_dark.css
09:07:01.369 [FXGL Background Thread 1 ] DEBUG FXGLAssetLoaderServi - Loading from file system: jar:file:/C:/Users/Admin/.m2/repository/com/github/almasb/fxgl/25/fxgl-25.jar!/fxglassets/ui/css/fxgl_dark.css
09:07:01.404 [FXGL Background Thread 1 ] DEBUG GameApplicationServi - Initializing application scenes
09:07:01.440 [FXGL Background Thread 1 ] DEBUG GameWorld            - Game world initialized
09:07:01.475 [FXGL Background Thread 1 ] DEBUG PhysicsWorld         - Physics world initialized: appHeight=720, physics.ppm=50.0
09:07:01.476 [FXGL Background Thread 1 ] DEBUG PhysicsWorld         - Using strategy: BRUTE_FORCE
09:07:01.479 [FXGL Background Thread 1 ] DEBUG GameScene            - Game scene initialized: 1280x720
09:07:01.488 [FXGL Background Thread 1 ] DEBUG FXGL.DefaultMenu     - createMenuBodyGameMenu()
09:07:01.502 [FXGL Background Thread 1 ] DEBUG FXGL.DefaultMenu     - createOptionsMenu()
09:07:01.512 [FXGL Background Thread 1 ] DEBUG FXGLAssetLoaderServi - Loading from file system: jar:file:/C:/Users/Admin/.m2/repository/com/github/almasb/fxgl/25/fxgl-25.jar!/fxglassets/textures/particles/smoke.png
09:07:01.576 [FXGL Background Thread 1 ] DEBUG FXGLAssetLoaderServi - Loading from file system: jar:file:/C:/Users/Admin/.m2/repository/com/github/almasb/fxgl/25/fxgl-25.jar!/fxglassets/textures/particles/trace_horizontal.png
09:07:01.600 [FXGL Background Thread 1 ] DEBUG GameApplicationServi - Application scenes initialized
09:07:01.609 [FXGL Background Thread 1 ] DEBUG SystemBundleService  - Loading FXGL system data
09:07:01.611 [FXGL Background Thread 1 ] DEBUG FileSystemAccess     - Reading from: D:\GameDevelop\Project1\system\fxgl.bundle
09:07:01.617 [FXGL Background Thread 1 ] DEBUG SystemBundleService  - Bundle FXGL: {}
09:07:01.618 [FXGL Background Thread 1 ] DEBUG UpdaterService       - Checking for updates
09:07:01.639 [FXGL Background Thread 4 ] DEBUG FXGLApplication      - Loading fonts
09:07:01.639 [FXGL Background Thread 4 ] DEBUG FXGLAssetLoaderServi - Loading from file system: jar:file:/C:/Users/Admin/.m2/repository/com/github/almasb/fxgl/25/fxgl-25.jar!/fxglassets/ui/fonts/VarelaRound-Regular.ttf
09:07:01.639 [FXGL Background Thread 1 ] DEBUG FXGLApplication      - Loading default localization
09:07:01.640 [FXGL Background Thread 1 ] DEBUG FXGLAssetLoaderServi - Loading from file system: jar:file:/C:/Users/Admin/.m2/repository/com/github/almasb/fxgl/25/fxgl-25.jar!/fxglassets/languages/english.lang
09:07:01.650 [FXGL Background Thread 1 ] INFO  FXGLApplication      - FXGL initialization took: 0.324 sec
09:07:01.658 [JavaFX Application Thread] DEBUG Input                - Registered new binding: Move Right - D
09:07:01.658 [JavaFX Application Thread] DEBUG Input                - Registered new binding: Move Left - A
09:07:01.658 [JavaFX Application Thread] DEBUG Input                - Registered new binding: Move Up - W
09:07:01.658 [JavaFX Application Thread] DEBUG Input                - Registered new binding: Move Down - S
09:07:01.660 [JavaFX Application Thread] DEBUG Input                - Registered new binding: action0 - R
09:07:01.660 [JavaFX Application Thread] DEBUG Input                - Registered new binding: action1 - F
09:07:01.660 [JavaFX Application Thread] DEBUG Input                - Registered new binding: action2 - E
09:07:01.660 [JavaFX Application Thread] DEBUG Input                - Registered new binding: action3 - 1
09:07:01.660 [JavaFX Application Thread] DEBUG Input                - Registered new binding: action4 - 2
09:07:01.660 [JavaFX Application Thread] DEBUG Input                - Registered new binding: action5 - 3
09:07:01.661 [JavaFX Application Thread] DEBUG Input                - Registered new binding: action6 - 4
09:07:01.661 [JavaFX Application Thread] DEBUG Input                - Registered new binding: action7 - 5
09:07:01.661 [JavaFX Application Thread] DEBUG Input                - Registered new binding: action8 - 6
09:07:01.661 [JavaFX Application Thread] DEBUG Input                - Registered new binding: action9 - 7
09:07:01.661 [JavaFX Application Thread] DEBUG Input                - Registered new binding: action10 - 8
09:07:01.661 [JavaFX Application Thread] DEBUG Input                - Registered new binding: action11 - 9
09:07:01.662 [JavaFX Application Thread] DEBUG Input                - Registered new binding: action12 - Q
09:07:01.662 [JavaFX Application Thread] DEBUG Input                - Registered new binding: action13 - Tab
09:07:01.662 [JavaFX Application Thread] DEBUG FXGLAssetLoaderServi - Loading from file system: jar:file:/C:/Users/Admin/.m2/repository/com/github/almasb/fxgl/25/fxgl-25.jar!/fxglassets/textures/fxgl_icon.png
09:07:01.669 [FXGL Background Thread 4 ] DEBUG FXGLAssetLoaderServi - Loading from file system: jar:file:/C:/Users/Admin/.m2/repository/com/github/almasb/fxgl/25/fxgl-25.jar!/fxglassets/ui/fonts/Abel-Regular.ttf
09:07:01.678 [FXGL Background Thread 4 ] DEBUG FXGLAssetLoaderServi - Loading from file system: jar:file:/C:/Users/Admin/.m2/repository/com/github/almasb/fxgl/25/fxgl-25.jar!/fxglassets/ui/fonts/TerminalLandMono-Regular.otf
09:07:01.679 [JavaFX Application Thread] DEBUG FXGLAssetLoaderServi - Loading from file system: jar:file:/C:/Users/Admin/.m2/repository/com/github/almasb/fxgl/25/fxgl-25.jar!/fxglassets/textures/fxgl_default_cursor.png
09:07:01.682 [JavaFX Application Thread] DEBUG Input                - Registered new binding: Screenshot - CTRL+8
09:07:01.682 [JavaFX Application Thread] DEBUG Input                - Registered new binding: Dev Options - 1
09:07:01.682 [JavaFX Application Thread] DEBUG Input                - Registered new binding: Dev Console - 2
09:07:01.682 [JavaFX Application Thread] DEBUG Input                - Registered new binding: System info dump - CTRL+9
09:07:01.683 [JavaFX Application Thread] DEBUG Input                - Registered new binding: Restart - CTRL+R
09:07:01.683 [JavaFX Application Thread] DEBUG Input                - Registered new binding: Toggle Debug Camera - CTRL+7
09:07:01.686 [JavaFX Application Thread] DEBUG LoopRunner           - Starting loop
09:07:01.688 [FXGL Background Thread 4 ] DEBUG FXGLAssetLoaderServi - Loading from file system: jar:file:/C:/Users/Admin/.m2/repository/com/github/almasb/fxgl/25/fxgl-25.jar!/fxglassets/ui/fonts/Courier-Prime.ttf
09:07:01.697 [JavaFX Application Thread] DEBUG LoopRunner           - Initializing JavaFX AnimationTimerLoop
09:07:01.699 [JavaFX Application Thread] DEBUG GameApplicationServi - Starting new game
09:07:01.700 [JavaFX Application Thread] DEBUG Input                - Clearing active input actions
09:07:01.709 [JavaFX Application Thread] DEBUG GameApplicationServi - Removing overlay from FXGLStartupScene and adding to FXGLLoadingScene
09:07:01.720 [JavaFX Application Thread] DEBUG PrimaryStageWindow   - FXGLStartupScene -> FXGLLoadingScene
09:07:01.721 [JavaFX Application Thread] DEBUG GameApplicationServi - Clearing previous game
09:07:01.721 [JavaFX Application Thread] DEBUG GameScene            - Clearing game scene
09:07:01.721 [JavaFX Application Thread] DEBUG GameWorld            - Clearing game world
09:07:01.721 [JavaFX Application Thread] DEBUG PhysicsWorld         - Clearing physics world
09:07:01.723 [FXGL Background Thread 4 ] DEBUG FXGLApplication      - Initializing game
09:07:01.750 [FXGL Background Thread 4 ] WARN  TMXLevelLoader       - TiledMap generated from 1.12.0. Supported version: 1.9.0. Some features may not be parsed fully.
09:07:01.782 [FXGL Background Thread 4 ] DEBUG TMXLevelLoader       - Parsed TiledMap: file:/D:/GameDevelop/Project1/target/classes/assets/levels/Main_level.tmx
09:07:01.783 [FXGL Background Thread 4 ] DEBUG TMXLevelLoader       - Creating tile layer entities
09:07:01.785 [FXGL Background Thread 4 ] DEBUG TilesetLoader        - Loading view for layer BackgroundLayer
09:07:01.788 [FXGL Background Thread 4 ] DEBUG TilesetLoader        - Created buffer with size 3520.0x2048.0
09:07:01.839 [FXGL Background Thread 4 ] DEBUG TilesetLoader        - Loading view for layer DecorationLayer
09:07:01.844 [FXGL Background Thread 4 ] DEBUG TilesetLoader        - Created buffer with size 3520.0x2048.0
09:07:01.874 [FXGL Background Thread 4 ] DEBUG TilesetLoader        - Loading view for layer OverheadLayer
09:07:01.877 [FXGL Background Thread 4 ] DEBUG TilesetLoader        - Created buffer with size 3520.0x2048.0
09:07:01.880 [FXGL Background Thread 4 ] DEBUG TMXLevelLoader       - Creating object layer entities
09:07:01.895 [FXGL Background Thread 4 ] DEBUG FXGLAssetLoaderServi - Loading from file system: file:/D:/GameDevelop/Project1/target/classes/assets/textures/Player/Carry_Idle/Carry_Idle_Down-Sheet.png
09:07:01.897 [FXGL Background Thread 4 ] DEBUG FXGLAssetLoaderServi - Loading from file system: file:/D:/GameDevelop/Project1/target/classes/assets/textures/Player/Carry_Idle/Carry_Idle_Up-Sheet.png
09:07:01.898 [JavaFX Application Thread] DEBUG FXGLApplication      - Registering font factories with UI factory
09:07:01.898 [FXGL Background Thread 4 ] DEBUG FXGLAssetLoaderServi - Loading from file system: file:/D:/GameDevelop/Project1/target/classes/assets/textures/Player/Carry_Idle/Carry_Idle_Side-Sheet.png
09:07:01.899 [FXGL Background Thread 4 ] DEBUG FXGLAssetLoaderServi - Loading from file system: file:/D:/GameDevelop/Project1/target/classes/assets/textures/Player/Carry_Walk/Carry_Walk_Down-Sheet.png
09:07:01.901 [FXGL Background Thread 4 ] DEBUG FXGLAssetLoaderServi - Loading from file system: file:/D:/GameDevelop/Project1/target/classes/assets/textures/Player/Carry_Walk/Carry_Walk_Up-Sheet.png
09:07:01.903 [FXGL Background Thread 4 ] DEBUG FXGLAssetLoaderServi - Loading from file system: file:/D:/GameDevelop/Project1/target/classes/assets/textures/Player/Carry_Walk/Carry_Walk_Side-Sheet.png
09:07:01.904 [FXGL Background Thread 4 ] DEBUG FXGLAssetLoaderServi - Loading from file system: file:/D:/GameDevelop/Project1/target/classes/assets/textures/Player/Carry_Run/Carry_Run_Down-Sheet.png
09:07:01.905 [FXGL Background Thread 4 ] DEBUG FXGLAssetLoaderServi - Loading from file system: file:/D:/GameDevelop/Project1/target/classes/assets/textures/Player/Carry_Run/Carry_Run_Up-Sheet.png
09:07:01.907 [FXGL Background Thread 4 ] DEBUG FXGLAssetLoaderServi - Loading from file system: file:/D:/GameDevelop/Project1/target/classes/assets/textures/Player/Carry_Run/Carry_Run_Side-Sheet.png
09:07:02.016 [FXGL Background Thread 4 ] DEBUG GameWorld            - Clearing removable entities
09:07:02.017 [FXGL Background Thread 4 ] DEBUG GameWorld            - Setting level: com.almasb.fxgl.entity.level.Level@78eb2e03
09:07:02.065 [FXGL Background Thread 4 ] DEBUG FXGLAssetLoaderServi - Loading from file system: file:/D:/GameDevelop/Project1/target/classes/assets/textures/Crops/soil_1.png
09:07:02.071 [FXGL Background Thread 4 ] DEBUG FXGLAssetLoaderServi - Loading from file system: file:/D:/GameDevelop/Project1/target/classes/assets/textures/Crops/rice_1.png
09:07:02.073 [FXGL Background Thread 4 ] DEBUG FXGLAssetLoaderServi - Loading from file system: file:/D:/GameDevelop/Project1/target/classes/assets/textures/Crops/rice_3.png
09:07:02.075 [FXGL Background Thread 4 ] DEBUG FXGLAssetLoaderServi - Loading from file system: file:/D:/GameDevelop/Project1/target/classes/assets/textures/Crops/soil_2.png
09:07:02.078 [FXGL Background Thread 4 ] DEBUG FXGLAssetLoaderServi - Loading from file system: file:/D:/GameDevelop/Project1/target/classes/assets/textures/UI/heart_sprite.png
09:07:02.081 [FXGL Background Thread 4 ] INFO  FXGLApplication      - Game initialization took: 0.358 sec
09:07:02.082 [JavaFX Application Thread] DEBUG Input                - Clearing active input actions
09:07:02.098 [JavaFX Application Thread] DEBUG GameApplicationServi - Removing overlay from FXGLLoadingScene and adding to GameScene
09:07:02.102 [JavaFX Application Thread] DEBUG PrimaryStageWindow   - FXGLLoadingScene -> GameScene
09:07:04.638 [FXGL Background Thread 3 ] DEBUG Engine               - Logging environment variables
09:07:04.640 [FXGL Background Thread 3 ] DEBUG Engine               - achievements: []
09:07:04.640 [FXGL Background Thread 3 ] DEBUG Engine               - actualHeight: 720.0
09:07:04.640 [FXGL Background Thread 3 ] DEBUG Engine               - actualHeightProperty: ReadOnlyDoubleProperty [value: 720.0]
09:07:04.640 [FXGL Background Thread 3 ] DEBUG Engine               - actualWidth: 1280.0
09:07:04.640 [FXGL Background Thread 3 ] DEBUG Engine               - actualWidthProperty: ReadOnlyDoubleProperty [value: 1280.0]
09:07:04.640 [FXGL Background Thread 3 ] DEBUG Engine               - appIcon: fxgl_icon.png
09:07:04.640 [FXGL Background Thread 3 ] DEBUG Engine               - applicationMode: DEVELOPER
09:07:04.640 [FXGL Background Thread 3 ] DEBUG Engine               - cSSList: [fxgl_dark.css]
09:07:04.640 [FXGL Background Thread 3 ] DEBUG Engine               - collisionDetectionStrategy: BRUTE_FORCE
09:07:04.640 [FXGL Background Thread 3 ] DEBUG Engine               - configClass: Optional.empty
09:07:04.640 [FXGL Background Thread 3 ] DEBUG Engine               - credits: []
09:07:04.641 [FXGL Background Thread 3 ] DEBUG Engine               - defaultCursor: CursorInfo(imageName=fxgl_default_cursor.png, hotspotX=7.0, hotspotY=6.0)
09:07:04.641 [FXGL Background Thread 3 ] DEBUG Engine               - devBBoxColorProperty: ObjectProperty [value: 0xff0000ff]
09:07:04.641 [FXGL Background Thread 3 ] DEBUG Engine               - devEnableDebugCameraProperty: BooleanProperty [value: false]
09:07:04.641 [FXGL Background Thread 3 ] DEBUG Engine               - devSensorColorProperty: ObjectProperty [value: 0xffff00ff]
09:07:04.641 [FXGL Background Thread 3 ] DEBUG Engine               - devShowBBoxProperty: BooleanProperty [value: false]
09:07:04.641 [FXGL Background Thread 3 ] DEBUG Engine               - devShowPositionProperty: BooleanProperty [value: false]
09:07:04.641 [FXGL Background Thread 3 ] DEBUG Engine               - enabledMenuItems: []
09:07:04.641 [FXGL Background Thread 3 ] DEBUG Engine               - engineServices: [class com.almasb.fxgl.app.services.FXGLAssetLoaderService, class com.almasb.fxgl.app.FXGLApplication$GameApplicationService, class com.almasb.fxgl.app.services.FXGLDialogService, class com.almasb.fxgl.app.services.IOTaskExecutorService, class com.almasb.fxgl.io.FileSystemService, class com.almasb.fxgl.localization.LocalizationService, class com.almasb.fxgl.app.services.SystemBundleService, class com.almasb.fxgl.profile.SaveLoadService, class com.almasb.fxgl.ui.FXGLUIFactoryServiceProvider, class com.almasb.fxgl.ui.FXGLDialogFactoryServiceProvider, class com.almasb.fxgl.audio.AudioPlayer, class com.almasb.fxgl.notification.impl.NotificationServiceProvider, class com.almasb.fxgl.achievement.AchievementService, class com.almasb.fxgl.cutscene.CutsceneService, class com.almasb.fxgl.minigames.MiniGameService, class com.almasb.fxgl.net.NetService, class com.almasb.fxgl.app.services.UpdaterService, class com.almasb.fxgl.dev.DevService]
09:07:04.641 [FXGL Background Thread 3 ] DEBUG Engine               - fontGame: Abel-Regular.ttf
09:07:04.641 [FXGL Background Thread 3 ] DEBUG Engine               - fontMono: TerminalLandMono-Regular.otf
09:07:04.641 [FXGL Background Thread 3 ] DEBUG Engine               - fontSizeScaleUI: 1.0
09:07:04.641 [FXGL Background Thread 3 ] DEBUG Engine               - fontText: Courier-Prime.ttf
09:07:04.641 [FXGL Background Thread 3 ] DEBUG Engine               - fontUI: VarelaRound-Regular.ttf
09:07:04.641 [FXGL Background Thread 3 ] DEBUG Engine               - fpsRefreshRate: 500.0 ms
09:07:04.641 [FXGL Background Thread 3 ] DEBUG Engine               - fullScreen: BooleanProperty [value: false]
09:07:04.641 [FXGL Background Thread 3 ] DEBUG Engine               - gameDifficulty: MEDIUM
09:07:04.641 [FXGL Background Thread 3 ] DEBUG Engine               - gameDifficultyProperty: ObjectProperty [value: MEDIUM]
09:07:04.641 [FXGL Background Thread 3 ] DEBUG Engine               - globalMusicVolume: 0.5
09:07:04.641 [FXGL Background Thread 3 ] DEBUG Engine               - globalMusicVolumeProperty: DoubleProperty [value: 0.5]
09:07:04.641 [FXGL Background Thread 3 ] DEBUG Engine               - globalSoundVolume: 0.5
09:07:04.641 [FXGL Background Thread 3 ] DEBUG Engine               - globalSoundVolumeProperty: DoubleProperty [value: 0.5]
09:07:04.641 [FXGL Background Thread 3 ] DEBUG Engine               - height: 720
09:07:04.641 [FXGL Background Thread 3 ] DEBUG Engine               - is3D: false
09:07:04.642 [FXGL Background Thread 3 ] DEBUG Engine               - isAndroid: false
09:07:04.642 [FXGL Background Thread 3 ] DEBUG Engine               - isBrowser: false
09:07:04.642 [FXGL Background Thread 3 ] DEBUG Engine               - isClickFeedbackEnabled: false
09:07:04.642 [FXGL Background Thread 3 ] DEBUG Engine               - isCloseConfirmation: false
09:07:04.642 [FXGL Background Thread 3 ] DEBUG Engine               - isDesktop: true
09:07:04.642 [FXGL Background Thread 3 ] DEBUG Engine               - isDeveloperMenuEnabled: true
09:07:04.642 [FXGL Background Thread 3 ] DEBUG Engine               - isEmbedded: false
09:07:04.642 [FXGL Background Thread 3 ] DEBUG Engine               - isEntityPreloadEnabled: true
09:07:04.642 [FXGL Background Thread 3 ] DEBUG Engine               - isExperimentalTiledLargeMap: false
09:07:04.642 [FXGL Background Thread 3 ] DEBUG Engine               - isFileSystemWriteAllowed: true
09:07:04.642 [FXGL Background Thread 3 ] DEBUG Engine               - isFullScreenAllowed: false
09:07:04.642 [FXGL Background Thread 3 ] DEBUG Engine               - isFullScreenFromStart: false
09:07:04.642 [FXGL Background Thread 3 ] DEBUG Engine               - isGameMenuEnabled: true
09:07:04.642 [FXGL Background Thread 3 ] DEBUG Engine               - isIOS: false
09:07:04.642 [FXGL Background Thread 3 ] DEBUG Engine               - isIntroEnabled: false
09:07:04.642 [FXGL Background Thread 3 ] DEBUG Engine               - isLinux: false
09:07:04.642 [FXGL Background Thread 3 ] DEBUG Engine               - isMac: false
09:07:04.642 [FXGL Background Thread 3 ] DEBUG Engine               - isMainMenuEnabled: false
09:07:04.642 [FXGL Background Thread 3 ] DEBUG Engine               - isManualResizeEnabled: false
09:07:04.642 [FXGL Background Thread 3 ] DEBUG Engine               - isMobile: false
09:07:04.642 [FXGL Background Thread 3 ] DEBUG Engine               - isNative: false
09:07:04.642 [FXGL Background Thread 3 ] DEBUG Engine               - isPauseMusicWhenMinimized: true
09:07:04.642 [FXGL Background Thread 3 ] DEBUG Engine               - isPreserveResizeRatio: false
09:07:04.642 [FXGL Background Thread 3 ] DEBUG Engine               - isProfilingEnabled: false
09:07:04.642 [FXGL Background Thread 3 ] DEBUG Engine               - isScaleAffectedOnResize: true
09:07:04.642 [FXGL Background Thread 3 ] DEBUG Engine               - isSingleStep: false
09:07:04.642 [FXGL Background Thread 3 ] DEBUG Engine               - isUserProfileEnabled: false
09:07:04.642 [FXGL Background Thread 3 ] DEBUG Engine               - isWindows: true
09:07:04.642 [FXGL Background Thread 3 ] DEBUG Engine               - language: ObjectProperty [value: ENGLISH]
09:07:04.642 [FXGL Background Thread 3 ] DEBUG Engine               - menuKey: ESCAPE
09:07:04.642 [FXGL Background Thread 3 ] DEBUG Engine               - mouseSensitivity: 0.2
09:07:04.642 [FXGL Background Thread 3 ] DEBUG Engine               - notificationViewClass: class com.almasb.fxgl.notification.view.XboxNotificationView
09:07:04.642 [FXGL Background Thread 3 ] DEBUG Engine               - pixelsPerMeter: 50.0
09:07:04.642 [FXGL Background Thread 3 ] DEBUG Engine               - platform: WINDOWS
09:07:04.642 [FXGL Background Thread 3 ] DEBUG Engine               - prefHeightProperty: ReadOnlyDoubleProperty [value: 720.0]
09:07:04.642 [FXGL Background Thread 3 ] DEBUG Engine               - prefWidthProperty: ReadOnlyDoubleProperty [value: 1280.0]
09:07:04.642 [FXGL Background Thread 3 ] DEBUG Engine               - profileDir: profiles/
09:07:04.642 [FXGL Background Thread 3 ] DEBUG Engine               - profileName: StringProperty [value: DEFAULT]
09:07:04.642 [FXGL Background Thread 3 ] DEBUG Engine               - randomSeed: -1
09:07:04.642 [FXGL Background Thread 3 ] DEBUG Engine               - runtimeInfo: RuntimeInfo(platform=WINDOWS, version=25, build=05.02.2026 22.57)
09:07:04.642 [FXGL Background Thread 3 ] DEBUG Engine               - saveFileExt: sav
09:07:04.642 [FXGL Background Thread 3 ] DEBUG Engine               - scaledHeightProp$fxgl: DoubleProperty [bound, value: 720.0]
09:07:04.642 [FXGL Background Thread 3 ] DEBUG Engine               - scaledWidthProp$fxgl: DoubleProperty [bound, value: 1280.0]
09:07:04.642 [FXGL Background Thread 3 ] DEBUG Engine               - sceneFactory: com.almasb.fxgl.app.scene.SceneFactory@7890cf0f
09:07:04.642 [FXGL Background Thread 3 ] DEBUG Engine               - secondsIn24h: 60
09:07:04.642 [FXGL Background Thread 3 ] DEBUG Engine               - soundMenuBack: menu/back.wav
09:07:04.642 [FXGL Background Thread 3 ] DEBUG Engine               - soundMenuPress: menu/press.wav
09:07:04.642 [FXGL Background Thread 3 ] DEBUG Engine               - soundMenuSelect: menu/select.wav
09:07:04.642 [FXGL Background Thread 3 ] DEBUG Engine               - soundNotification: core/notification.wav
09:07:04.642 [FXGL Background Thread 3 ] DEBUG Engine               - stageStyle: DECORATED
09:07:04.642 [FXGL Background Thread 3 ] DEBUG Engine               - supportedLanguages: [ENGLISH, FRENCH, GERMAN, HUNGARIAN, RUSSIAN]
09:07:04.642 [FXGL Background Thread 3 ] DEBUG Engine               - ticksPerSecond: -1
09:07:04.642 [FXGL Background Thread 3 ] DEBUG Engine               - title: Untitled
09:07:04.642 [FXGL Background Thread 3 ] DEBUG Engine               - urlGithub: https://github.com/AlmasB/FXGL
09:07:04.642 [FXGL Background Thread 3 ] DEBUG Engine               - urlLeaderboard: http://fxgl-top.herokuapp.com/
09:07:04.642 [FXGL Background Thread 3 ] DEBUG Engine               - urlPOM: https://raw.githubusercontent.com/AlmasB/FXGL/release/README.md
09:07:04.642 [FXGL Background Thread 3 ] DEBUG Engine               - userAppClass: class Project1Game.Main
09:07:04.642 [FXGL Background Thread 3 ] DEBUG Engine               - version: 0.0
09:07:04.642 [FXGL Background Thread 3 ] DEBUG Engine               - versionCheckDays: 7
09:07:04.642 [FXGL Background Thread 3 ] DEBUG Engine               - width: 1280
09:07:04.642 [FXGL Background Thread 3 ] DEBUG Engine               - Logging services
09:07:04.642 [FXGL Background Thread 3 ] DEBUG Engine               - class com.almasb.fxgl.app.services.FXGLAssetLoaderService
09:07:04.642 [FXGL Background Thread 3 ] DEBUG Engine               - class com.almasb.fxgl.app.FXGLApplication$GameApplicationService
09:07:04.642 [FXGL Background Thread 3 ] DEBUG Engine               - class com.almasb.fxgl.app.services.FXGLDialogService
09:07:04.642 [FXGL Background Thread 3 ] DEBUG Engine               - class com.almasb.fxgl.app.services.IOTaskExecutorService
09:07:04.642 [FXGL Background Thread 3 ] DEBUG Engine               - class com.almasb.fxgl.io.FileSystemService
09:07:04.642 [FXGL Background Thread 3 ] DEBUG Engine               - class com.almasb.fxgl.localization.LocalizationService
09:07:04.642 [FXGL Background Thread 3 ] DEBUG Engine               - class com.almasb.fxgl.app.services.SystemBundleService
09:07:04.642 [FXGL Background Thread 3 ] DEBUG Engine               - class com.almasb.fxgl.profile.SaveLoadService
09:07:04.642 [FXGL Background Thread 3 ] DEBUG Engine               - class com.almasb.fxgl.ui.FXGLUIFactoryServiceProvider
09:07:04.642 [FXGL Background Thread 3 ] DEBUG Engine               - class com.almasb.fxgl.ui.FXGLDialogFactoryServiceProvider
09:07:04.642 [FXGL Background Thread 3 ] DEBUG Engine               - class com.almasb.fxgl.audio.AudioPlayer
09:07:04.642 [FXGL Background Thread 3 ] DEBUG Engine               - class com.almasb.fxgl.notification.impl.NotificationServiceProvider
09:07:04.642 [FXGL Background Thread 3 ] DEBUG Engine               - class com.almasb.fxgl.achievement.AchievementService
09:07:04.642 [FXGL Background Thread 3 ] DEBUG Engine               - class com.almasb.fxgl.cutscene.CutsceneService
09:07:04.642 [FXGL Background Thread 3 ] DEBUG Engine               - class com.almasb.fxgl.minigames.MiniGameService
09:07:04.642 [FXGL Background Thread 3 ] DEBUG Engine               - class com.almasb.fxgl.net.NetService
09:07:04.642 [FXGL Background Thread 3 ] DEBUG Engine               - class com.almasb.fxgl.app.services.UpdaterService
09:07:04.642 [FXGL Background Thread 3 ] DEBUG Engine               - class com.almasb.fxgl.dev.DevService
09:07:12.303 [JavaFX Application Thread] DEBUG FXGLAssetLoaderServi - Loading from file system: file:/D:/GameDevelop/Project1/target/classes/assets/textures/Crops/vectoraith_tileset_farmingsims_crops_dense_spring_32x32.png
09:07:17.318 [JavaFX Application Thread] DEBUG FXGLApplication      - Exiting FXGL
09:07:17.318 [JavaFX Application Thread] DEBUG LoopRunner           - Stopping loop
09:07:17.319 [JavaFX Application Thread] DEBUG SystemBundleService  - Saving FXGL system data
09:07:17.320 [JavaFX Application Thread] DEBUG FileSystemAccess     - Writing to: D:\GameDevelop\Project1\system\fxgl.bundle
09:07:17.322 [JavaFX Application Thread] DEBUG Async                - Shutting down background threads
09:07:17.322 [JavaFX Application Thread] DEBUG PrimaryStageWindow   - Closing main window
09:07:17.330 [JavaFX Application Thread] DEBUG Logger               - Closing Logger
