17:23:38.251 [main                     ] DEBUG Logger               - Configured Logger
17:23:38.276 [main                     ] DEBUG GameApplication      - Logging settings
Title: Java Farming Professional
Version: 2.5
Width: 1280
Height: 720
Fullscreen: false
Intro: false
Profiling: false
Single step:false
App Mode: DEVELOPER
Menu Key: ESCAPE
Stage Style: DECORATED
Scene Factory: class Project1Game.ui.FarmSceneFactory

17:23:40.354 [JavaFX Application Thread] DEBUG FXGLApplication      - Initializing FXGL
17:23:40.369 [JavaFX Application Thread] INFO  Engine               - FXGL-25 (05.02.2026 22.57) on WINDOWS (J:25.0.3 FX:25.0.1)
17:23:40.369 [JavaFX Application Thread] DEBUG Engine               - JRE Vendor Name: Oracle Corporation
17:23:40.369 [JavaFX Application Thread] DEBUG Engine               - Running on OS: Windows 11 version 10.0
17:23:40.370 [JavaFX Application Thread] DEBUG Engine               - Architecture: amd64
17:23:40.370 [JavaFX Application Thread] INFO  Engine               - Source code and latest versions at: https://github.com/AlmasB/FXGL
17:23:40.370 [JavaFX Application Thread] INFO  Engine               -       Ask questions and discuss at: https://github.com/AlmasB/FXGL/discussions
17:23:40.654 [JavaFX Application Thread] DEBUG PrimaryStageWindow   - Creating a JavaFX scene
17:23:40.820 [JavaFX Application Thread] DEBUG PrimaryStageWindow   - Target settings size: 1280.0 x 720.0
17:23:40.822 [JavaFX Application Thread] DEBUG PrimaryStageWindow   - Scaled scene size:    1280.0 x 720.0
17:23:40.822 [JavaFX Application Thread] DEBUG PrimaryStageWindow   - Scaled ratio: (1.0, 1.0)
17:23:40.828 [JavaFX Application Thread] DEBUG PrimaryStageWindow   - Set initial scene to FXGLStartupScene
17:23:40.861 [JavaFX Application Thread] DEBUG PrimaryStageWindow   - Opening main window
17:23:41.551 [JavaFX Application Thread] DEBUG PrimaryStageWindow   - Window border size: (14.4000244140625, 37.5999755859375)
17:23:41.551 [JavaFX Application Thread] DEBUG PrimaryStageWindow   - Scaled size: 1280.0 x 720.0
17:23:41.552 [JavaFX Application Thread] DEBUG PrimaryStageWindow   - Scaled ratio: (1.0, 1.0)
17:23:41.552 [JavaFX Application Thread] DEBUG PrimaryStageWindow   - Scene size: 1280.0 x 720.0
17:23:41.552 [JavaFX Application Thread] DEBUG PrimaryStageWindow   - Stage size: 1294.4000244140625 x 757.5999755859375
17:23:41.636 [FXGL Background Thread 1 ] DEBUG Engine               - Initializing environment variables
17:23:41.908 [FXGL Background Thread 1 ] DEBUG FXGLAssetLoaderServi - User app class for loading assets: class Project1Game.Main
17:23:41.909 [FXGL Background Thread 1 ] DEBUG GameApplicationServi - Applying CSS: fxgl_dark.css
17:23:41.912 [FXGL Background Thread 1 ] DEBUG FXGLAssetLoaderServi - Loading from file system: jar:file:/C:/Users/HP/.m2/repository/com/github/almasb/fxgl/25/fxgl-25.jar!/fxglassets/ui/css/fxgl_dark.css
17:23:42.137 [FXGL Background Thread 1 ] DEBUG GameApplicationServi - Initializing application scenes
17:23:42.318 [FXGL Background Thread 1 ] DEBUG GameWorld            - Game world initialized
17:23:42.569 [FXGL Background Thread 1 ] DEBUG PhysicsWorld         - Physics world initialized: appHeight=720, physics.ppm=50.0
17:23:42.569 [FXGL Background Thread 1 ] DEBUG PhysicsWorld         - Using strategy: BRUTE_FORCE
17:23:42.583 [FXGL Background Thread 1 ] DEBUG GameScene            - Game scene initialized: 1280x720
17:23:42.660 [FXGL Background Thread 1 ] DEBUG GameApplicationServi - Application scenes initialized
17:23:42.687 [FXGL Background Thread 1 ] DEBUG SystemBundleService  - Loading FXGL system data
17:23:42.698 [FXGL Background Thread 1 ] DEBUG FileSystemAccess     - Reading from: D:\projects\helloworld\FarmSimulator\system\fxgl.bundle
17:23:42.708 [FXGL Background Thread 1 ] DEBUG SystemBundleService  - Bundle FXGL: {}
17:23:42.708 [FXGL Background Thread 1 ] DEBUG UpdaterService       - Checking for updates
17:23:42.788 [FXGL Background Thread 1 ] DEBUG FXGLApplication      - Loading default localization
17:23:42.789 [FXGL Background Thread 1 ] DEBUG FXGLAssetLoaderServi - Loading from file system: jar:file:/C:/Users/HP/.m2/repository/com/github/almasb/fxgl/25/fxgl-25.jar!/fxglassets/languages/english.lang
17:23:42.814 [FXGL Background Thread 4 ] DEBUG FXGLApplication      - Loading fonts
17:23:42.815 [FXGL Background Thread 4 ] DEBUG FXGLAssetLoaderServi - Loading from file system: jar:file:/C:/Users/HP/.m2/repository/com/github/almasb/fxgl/25/fxgl-25.jar!/fxglassets/ui/fonts/VarelaRound-Regular.ttf
17:23:42.827 [FXGL Background Thread 1 ] INFO  FXGLApplication      - FXGL initialization took: 1.191 sec
17:23:42.843 [JavaFX Application Thread] DEBUG Input                - Registered new binding: Move Right - D
17:23:42.843 [JavaFX Application Thread] DEBUG Input                - Registered new binding: Move Left - A
17:23:42.844 [JavaFX Application Thread] DEBUG Input                - Registered new binding: Move Up - W
17:23:42.844 [JavaFX Application Thread] DEBUG Input                - Registered new binding: Move Down - S
17:23:42.845 [JavaFX Application Thread] DEBUG Input                - Registered new binding: Interact Action Key - E
17:23:42.845 [JavaFX Application Thread] DEBUG Input                - Registered new binding: Use Tool Keyboard - F
17:23:42.848 [JavaFX Application Thread] DEBUG Input                - Registered new binding: Use Tool Mouse - LMB
17:23:42.848 [JavaFX Application Thread] DEBUG Input                - Registered new binding: Test Quick Water - Q
17:23:42.848 [JavaFX Application Thread] DEBUG Input                - Registered new binding: Close UI Window - R
17:23:42.849 [JavaFX Application Thread] DEBUG Input                - Registered new binding: Toggle Inventory Window - Tab
17:23:42.850 [JavaFX Application Thread] DEBUG Input                - Registered new binding: Toggle Admin Panel - Back Quote
17:23:42.850 [JavaFX Application Thread] DEBUG Input                - Registered new binding: Quick Save - F5
17:23:42.850 [JavaFX Application Thread] DEBUG Input                - Registered new binding: Quick Load - F9
17:23:42.850 [JavaFX Application Thread] DEBUG Input                - Registered new binding: Select Inventory Slot 1 - 1
17:23:42.850 [JavaFX Application Thread] DEBUG Input                - Registered new binding: Select Inventory Slot 2 - 2
17:23:42.851 [JavaFX Application Thread] DEBUG Input                - Registered new binding: Select Inventory Slot 3 - 3
17:23:42.851 [JavaFX Application Thread] DEBUG Input                - Registered new binding: Select Inventory Slot 4 - 4
17:23:42.851 [JavaFX Application Thread] DEBUG Input                - Registered new binding: Select Inventory Slot 5 - 5
17:23:42.851 [JavaFX Application Thread] DEBUG Input                - Registered new binding: Select Inventory Slot 6 - 6
17:23:42.851 [JavaFX Application Thread] DEBUG Input                - Registered new binding: Select Inventory Slot 7 - 7
17:23:42.851 [JavaFX Application Thread] DEBUG Input                - Registered new binding: Select Inventory Slot 8 - 8
17:23:42.851 [JavaFX Application Thread] DEBUG Input                - Registered new binding: Select Inventory Slot 9 - 9
17:23:42.855 [JavaFX Application Thread] DEBUG FXGLAssetLoaderServi - Loading from file system: jar:file:/C:/Users/HP/.m2/repository/com/github/almasb/fxgl/25/fxgl-25.jar!/fxglassets/textures/fxgl_icon.png
17:23:42.950 [FXGL Background Thread 4 ] DEBUG FXGLAssetLoaderServi - Loading from file system: jar:file:/C:/Users/HP/.m2/repository/com/github/almasb/fxgl/25/fxgl-25.jar!/fxglassets/ui/fonts/Abel-Regular.ttf
17:23:42.955 [JavaFX Application Thread] DEBUG FXGLAssetLoaderServi - Loading from file system: jar:file:/C:/Users/HP/.m2/repository/com/github/almasb/fxgl/25/fxgl-25.jar!/fxglassets/textures/fxgl_default_cursor.png
17:23:42.972 [JavaFX Application Thread] DEBUG Input                - Registered new binding: Screenshot - CTRL+8
17:23:42.973 [JavaFX Application Thread] DEBUG Input                - Registered new binding: Dev Options - 1
17:23:42.974 [JavaFX Application Thread] DEBUG Input                - Registered new binding: Dev Console - 2
17:23:42.975 [JavaFX Application Thread] DEBUG Input                - Registered new binding: System info dump - CTRL+9
17:23:42.977 [JavaFX Application Thread] DEBUG Input                - Registered new binding: Restart - CTRL+R
17:23:42.979 [JavaFX Application Thread] DEBUG Input                - Registered new binding: Toggle Debug Camera - CTRL+7
17:23:42.989 [JavaFX Application Thread] DEBUG LoopRunner           - Starting loop
17:23:42.992 [FXGL Background Thread 4 ] DEBUG FXGLAssetLoaderServi - Loading from file system: jar:file:/C:/Users/HP/.m2/repository/com/github/almasb/fxgl/25/fxgl-25.jar!/fxglassets/ui/fonts/TerminalLandMono-Regular.otf
17:23:43.027 [JavaFX Application Thread] DEBUG LoopRunner           - Initializing JavaFX AnimationTimerLoop
17:23:43.035 [JavaFX Application Thread] DEBUG Input                - Clearing active input actions
17:23:43.055 [JavaFX Application Thread] DEBUG GameApplicationServi - Removing overlay from FXGLStartupScene and adding to FXGLMainMenuDummyScene
17:23:43.064 [FXGL Background Thread 4 ] DEBUG FXGLAssetLoaderServi - Loading from file system: jar:file:/C:/Users/HP/.m2/repository/com/github/almasb/fxgl/25/fxgl-25.jar!/fxglassets/ui/fonts/Courier-Prime.ttf
17:23:43.069 [JavaFX Application Thread] DEBUG PrimaryStageWindow   - FXGLStartupScene -> FXGLMainMenuDummyScene
17:23:43.070 [JavaFX Application Thread] DEBUG PrimaryStageWindow   - Push state: FarmMenu
17:23:43.074 [JavaFX Application Thread] DEBUG Input                - Clearing active input actions
17:23:43.084 [JavaFX Application Thread] DEBUG GameApplicationServi - Removing overlay from FXGLMainMenuDummyScene and adding to FarmMenu
17:23:43.089 [JavaFX Application Thread] DEBUG PrimaryStageWindow   - FXGLMainMenuDummyScene -> FarmMenu
17:23:44.042 [JavaFX Application Thread] DEBUG FXGLApplication      - Registering font factories with UI factory
17:23:45.783 [FXGL Background Thread 3 ] DEBUG Engine               - Logging environment variables
17:23:45.784 [FXGL Background Thread 3 ] DEBUG Engine               - achievements: []
17:23:45.784 [FXGL Background Thread 3 ] DEBUG Engine               - actualHeight: 720.0
17:23:45.784 [FXGL Background Thread 3 ] DEBUG Engine               - actualHeightProperty: ReadOnlyDoubleProperty [value: 720.0]
17:23:45.784 [FXGL Background Thread 3 ] DEBUG Engine               - actualWidth: 1280.0
17:23:45.784 [FXGL Background Thread 3 ] DEBUG Engine               - actualWidthProperty: ReadOnlyDoubleProperty [value: 1280.0]
17:23:45.785 [FXGL Background Thread 3 ] DEBUG Engine               - appIcon: fxgl_icon.png
17:23:45.785 [FXGL Background Thread 3 ] DEBUG Engine               - applicationMode: DEVELOPER
17:23:45.785 [FXGL Background Thread 3 ] DEBUG Engine               - cSSList: [fxgl_dark.css]
17:23:45.785 [FXGL Background Thread 3 ] DEBUG Engine               - collisionDetectionStrategy: BRUTE_FORCE
17:23:45.785 [FXGL Background Thread 3 ] DEBUG Engine               - configClass: Optional.empty
17:23:45.785 [FXGL Background Thread 3 ] DEBUG Engine               - credits: []
17:23:45.787 [FXGL Background Thread 3 ] DEBUG Engine               - defaultCursor: CursorInfo(imageName=fxgl_default_cursor.png, hotspotX=7.0, hotspotY=6.0)
17:23:45.787 [FXGL Background Thread 3 ] DEBUG Engine               - devBBoxColorProperty: ObjectProperty [value: 0xff0000ff]
17:23:45.787 [FXGL Background Thread 3 ] DEBUG Engine               - devEnableDebugCameraProperty: BooleanProperty [value: false]
17:23:45.787 [FXGL Background Thread 3 ] DEBUG Engine               - devSensorColorProperty: ObjectProperty [value: 0xffff00ff]
17:23:45.787 [FXGL Background Thread 3 ] DEBUG Engine               - devShowBBoxProperty: BooleanProperty [value: false]
17:23:45.787 [FXGL Background Thread 3 ] DEBUG Engine               - devShowPositionProperty: BooleanProperty [value: false]
17:23:45.787 [FXGL Background Thread 3 ] DEBUG Engine               - enabledMenuItems: []
17:23:45.787 [FXGL Background Thread 3 ] DEBUG Engine               - engineServices: [class com.almasb.fxgl.app.services.FXGLAssetLoaderService, class com.almasb.fxgl.app.FXGLApplication$GameApplicationService, class com.almasb.fxgl.app.services.FXGLDialogService, class com.almasb.fxgl.app.services.IOTaskExecutorService, class com.almasb.fxgl.io.FileSystemService, class com.almasb.fxgl.localization.LocalizationService, class com.almasb.fxgl.app.services.SystemBundleService, class com.almasb.fxgl.profile.SaveLoadService, class com.almasb.fxgl.ui.FXGLUIFactoryServiceProvider, class com.almasb.fxgl.ui.FXGLDialogFactoryServiceProvider, class com.almasb.fxgl.audio.AudioPlayer, class com.almasb.fxgl.notification.impl.NotificationServiceProvider, class com.almasb.fxgl.achievement.AchievementService, class com.almasb.fxgl.cutscene.CutsceneService, class com.almasb.fxgl.minigames.MiniGameService, class com.almasb.fxgl.net.NetService, class com.almasb.fxgl.app.services.UpdaterService, class com.almasb.fxgl.dev.DevService]
17:23:45.787 [FXGL Background Thread 3 ] DEBUG Engine               - fontGame: Abel-Regular.ttf
17:23:45.787 [FXGL Background Thread 3 ] DEBUG Engine               - fontMono: TerminalLandMono-Regular.otf
17:23:45.787 [FXGL Background Thread 3 ] DEBUG Engine               - fontSizeScaleUI: 1.0
17:23:45.788 [FXGL Background Thread 3 ] DEBUG Engine               - fontText: Courier-Prime.ttf
17:23:45.788 [FXGL Background Thread 3 ] DEBUG Engine               - fontUI: VarelaRound-Regular.ttf
17:23:45.788 [FXGL Background Thread 3 ] DEBUG Engine               - fpsRefreshRate: 500.0 ms
17:23:45.788 [FXGL Background Thread 3 ] DEBUG Engine               - fullScreen: BooleanProperty [value: false]
17:23:45.788 [FXGL Background Thread 3 ] DEBUG Engine               - gameDifficulty: MEDIUM
17:23:45.788 [FXGL Background Thread 3 ] DEBUG Engine               - gameDifficultyProperty: ObjectProperty [value: MEDIUM]
17:23:45.788 [FXGL Background Thread 3 ] DEBUG Engine               - globalMusicVolume: 0.5
17:23:45.788 [FXGL Background Thread 3 ] DEBUG Engine               - globalMusicVolumeProperty: DoubleProperty [value: 0.5]
17:23:45.788 [FXGL Background Thread 3 ] DEBUG Engine               - globalSoundVolume: 0.5
17:23:45.788 [FXGL Background Thread 3 ] DEBUG Engine               - globalSoundVolumeProperty: DoubleProperty [value: 0.5]
17:23:45.789 [FXGL Background Thread 3 ] DEBUG Engine               - height: 720
17:23:45.789 [FXGL Background Thread 3 ] DEBUG Engine               - is3D: false
17:23:45.789 [FXGL Background Thread 3 ] DEBUG Engine               - isAndroid: false
17:23:45.789 [FXGL Background Thread 3 ] DEBUG Engine               - isBrowser: false
17:23:45.789 [FXGL Background Thread 3 ] DEBUG Engine               - isClickFeedbackEnabled: false
17:23:45.789 [FXGL Background Thread 3 ] DEBUG Engine               - isCloseConfirmation: false
17:23:45.789 [FXGL Background Thread 3 ] DEBUG Engine               - isDesktop: true
17:23:45.789 [FXGL Background Thread 3 ] DEBUG Engine               - isDeveloperMenuEnabled: true
17:23:45.789 [FXGL Background Thread 3 ] DEBUG Engine               - isEmbedded: false
17:23:45.789 [FXGL Background Thread 3 ] DEBUG Engine               - isEntityPreloadEnabled: true
17:23:45.789 [FXGL Background Thread 3 ] DEBUG Engine               - isExperimentalTiledLargeMap: false
17:23:45.789 [FXGL Background Thread 3 ] DEBUG Engine               - isFileSystemWriteAllowed: true
17:23:45.789 [FXGL Background Thread 3 ] DEBUG Engine               - isFullScreenAllowed: false
17:23:45.789 [FXGL Background Thread 3 ] DEBUG Engine               - isFullScreenFromStart: false
17:23:45.789 [FXGL Background Thread 3 ] DEBUG Engine               - isGameMenuEnabled: true
17:23:45.789 [FXGL Background Thread 3 ] DEBUG Engine               - isIOS: false
17:23:45.789 [FXGL Background Thread 3 ] DEBUG Engine               - isIntroEnabled: false
17:23:45.793 [FXGL Background Thread 3 ] DEBUG Engine               - isLinux: false
17:23:45.793 [FXGL Background Thread 3 ] DEBUG Engine               - isMac: false
17:23:45.793 [FXGL Background Thread 3 ] DEBUG Engine               - isMainMenuEnabled: true
17:23:45.793 [FXGL Background Thread 3 ] DEBUG Engine               - isManualResizeEnabled: false
17:23:45.795 [FXGL Background Thread 3 ] DEBUG Engine               - isMobile: false
17:23:45.795 [FXGL Background Thread 3 ] DEBUG Engine               - isNative: false
17:23:45.795 [FXGL Background Thread 3 ] DEBUG Engine               - isPauseMusicWhenMinimized: true
17:23:45.795 [FXGL Background Thread 3 ] DEBUG Engine               - isPreserveResizeRatio: false
17:23:45.795 [FXGL Background Thread 3 ] DEBUG Engine               - isProfilingEnabled: false
17:23:45.795 [FXGL Background Thread 3 ] DEBUG Engine               - isScaleAffectedOnResize: true
17:23:45.795 [FXGL Background Thread 3 ] DEBUG Engine               - isSingleStep: false
17:23:45.795 [FXGL Background Thread 3 ] DEBUG Engine               - isUserProfileEnabled: false
17:23:45.795 [FXGL Background Thread 3 ] DEBUG Engine               - isWindows: true
17:23:45.795 [FXGL Background Thread 3 ] DEBUG Engine               - language: ObjectProperty [value: ENGLISH]
17:23:45.795 [FXGL Background Thread 3 ] DEBUG Engine               - menuKey: ESCAPE
17:23:45.795 [FXGL Background Thread 3 ] DEBUG Engine               - mouseSensitivity: 0.2
17:23:45.795 [FXGL Background Thread 3 ] DEBUG Engine               - notificationViewClass: class com.almasb.fxgl.notification.view.XboxNotificationView
17:23:45.796 [FXGL Background Thread 3 ] DEBUG Engine               - pixelsPerMeter: 50.0
17:23:45.796 [FXGL Background Thread 3 ] DEBUG Engine               - platform: WINDOWS
17:23:45.796 [FXGL Background Thread 3 ] DEBUG Engine               - prefHeightProperty: ReadOnlyDoubleProperty [value: 720.0]
17:23:45.796 [FXGL Background Thread 3 ] DEBUG Engine               - prefWidthProperty: ReadOnlyDoubleProperty [value: 1280.0]
17:23:45.796 [FXGL Background Thread 3 ] DEBUG Engine               - profileDir: profiles/
17:23:45.796 [FXGL Background Thread 3 ] DEBUG Engine               - profileName: StringProperty [value: DEFAULT]
17:23:45.797 [FXGL Background Thread 3 ] DEBUG Engine               - randomSeed: -1
17:23:45.797 [FXGL Background Thread 3 ] DEBUG Engine               - runtimeInfo: RuntimeInfo(platform=WINDOWS, version=25, build=05.02.2026 22.57)
17:23:45.797 [FXGL Background Thread 3 ] DEBUG Engine               - saveFileExt: sav
17:23:45.798 [FXGL Background Thread 3 ] DEBUG Engine               - scaledHeightProp$fxgl: DoubleProperty [bound, value: 720.0]
17:23:45.798 [FXGL Background Thread 3 ] DEBUG Engine               - scaledWidthProp$fxgl: DoubleProperty [bound, value: 1280.0]
17:23:45.798 [FXGL Background Thread 3 ] DEBUG Engine               - sceneFactory: Project1Game.ui.FarmSceneFactory@ba9b475
17:23:45.798 [FXGL Background Thread 3 ] DEBUG Engine               - secondsIn24h: 60
17:23:45.798 [FXGL Background Thread 3 ] DEBUG Engine               - soundMenuBack: menu/back.wav
17:23:45.798 [FXGL Background Thread 3 ] DEBUG Engine               - soundMenuPress: menu/press.wav
17:23:45.798 [FXGL Background Thread 3 ] DEBUG Engine               - soundMenuSelect: menu/select.wav
17:23:45.799 [FXGL Background Thread 3 ] DEBUG Engine               - soundNotification: core/notification.wav
17:23:45.799 [FXGL Background Thread 3 ] DEBUG Engine               - stageStyle: DECORATED
17:23:45.799 [FXGL Background Thread 3 ] DEBUG Engine               - supportedLanguages: [ENGLISH, FRENCH, GERMAN, HUNGARIAN, RUSSIAN]
17:23:45.799 [FXGL Background Thread 3 ] DEBUG Engine               - ticksPerSecond: -1
17:23:45.799 [FXGL Background Thread 3 ] DEBUG Engine               - title: Java Farming Professional
17:23:45.799 [FXGL Background Thread 3 ] DEBUG Engine               - urlGithub: https://github.com/AlmasB/FXGL
17:23:45.799 [FXGL Background Thread 3 ] DEBUG Engine               - urlLeaderboard: http://fxgl-top.herokuapp.com/
17:23:45.799 [FXGL Background Thread 3 ] DEBUG Engine               - urlPOM: https://raw.githubusercontent.com/AlmasB/FXGL/release/README.md
17:23:45.800 [FXGL Background Thread 3 ] DEBUG Engine               - userAppClass: class Project1Game.Main
17:23:45.800 [FXGL Background Thread 3 ] DEBUG Engine               - version: 2.5
17:23:45.800 [FXGL Background Thread 3 ] DEBUG Engine               - versionCheckDays: 7
17:23:45.800 [FXGL Background Thread 3 ] DEBUG Engine               - width: 1280
17:23:45.800 [FXGL Background Thread 3 ] DEBUG Engine               - Logging services
17:23:45.800 [FXGL Background Thread 3 ] DEBUG Engine               - class com.almasb.fxgl.app.services.FXGLAssetLoaderService
17:23:45.800 [FXGL Background Thread 3 ] DEBUG Engine               - class com.almasb.fxgl.app.FXGLApplication$GameApplicationService
17:23:45.800 [FXGL Background Thread 3 ] DEBUG Engine               - class com.almasb.fxgl.app.services.FXGLDialogService
17:23:45.800 [FXGL Background Thread 3 ] DEBUG Engine               - class com.almasb.fxgl.app.services.IOTaskExecutorService
17:23:45.800 [FXGL Background Thread 3 ] DEBUG Engine               - class com.almasb.fxgl.io.FileSystemService
17:23:45.800 [FXGL Background Thread 3 ] DEBUG Engine               - class com.almasb.fxgl.localization.LocalizationService
17:23:45.800 [FXGL Background Thread 3 ] DEBUG Engine               - class com.almasb.fxgl.app.services.SystemBundleService
17:23:45.800 [FXGL Background Thread 3 ] DEBUG Engine               - class com.almasb.fxgl.profile.SaveLoadService
17:23:45.800 [FXGL Background Thread 3 ] DEBUG Engine               - class com.almasb.fxgl.ui.FXGLUIFactoryServiceProvider
17:23:45.800 [FXGL Background Thread 3 ] DEBUG Engine               - class com.almasb.fxgl.ui.FXGLDialogFactoryServiceProvider
17:23:45.800 [FXGL Background Thread 3 ] DEBUG Engine               - class com.almasb.fxgl.audio.AudioPlayer
17:23:45.800 [FXGL Background Thread 3 ] DEBUG Engine               - class com.almasb.fxgl.notification.impl.NotificationServiceProvider
17:23:45.802 [FXGL Background Thread 3 ] DEBUG Engine               - class com.almasb.fxgl.achievement.AchievementService
17:23:45.802 [FXGL Background Thread 3 ] DEBUG Engine               - class com.almasb.fxgl.cutscene.CutsceneService
17:23:45.802 [FXGL Background Thread 3 ] DEBUG Engine               - class com.almasb.fxgl.minigames.MiniGameService
17:23:45.802 [FXGL Background Thread 3 ] DEBUG Engine               - class com.almasb.fxgl.net.NetService
17:23:45.802 [FXGL Background Thread 3 ] DEBUG Engine               - class com.almasb.fxgl.app.services.UpdaterService
17:23:45.802 [FXGL Background Thread 3 ] DEBUG Engine               - class com.almasb.fxgl.dev.DevService
17:23:46.480 [JavaFX Application Thread] DEBUG Menu                 - fireNewGame()
17:23:46.482 [JavaFX Application Thread] DEBUG GameApplicationServi - Starting new game
17:23:46.482 [JavaFX Application Thread] DEBUG PrimaryStageWindow   - Pop state: FarmMenu
17:23:46.483 [JavaFX Application Thread] DEBUG Input                - Clearing active input actions
17:23:46.485 [JavaFX Application Thread] DEBUG GameApplicationServi - Removing overlay from FarmMenu and adding to FXGLMainMenuDummyScene
17:23:46.491 [JavaFX Application Thread] DEBUG PrimaryStageWindow   - FXGLMainMenuDummyScene <- FarmMenu
17:23:46.492 [JavaFX Application Thread] DEBUG Input                - Clearing active input actions
17:23:46.511 [JavaFX Application Thread] DEBUG GameApplicationServi - Removing overlay from FXGLMainMenuDummyScene and adding to FXGLLoadingScene
17:23:46.513 [JavaFX Application Thread] DEBUG PrimaryStageWindow   - FXGLMainMenuDummyScene -> FXGLLoadingScene
17:23:46.513 [JavaFX Application Thread] DEBUG GameApplicationServi - Clearing previous game
17:23:46.513 [JavaFX Application Thread] DEBUG GameScene            - Clearing game scene
17:23:46.513 [JavaFX Application Thread] DEBUG GameWorld            - Clearing game world
17:23:46.513 [JavaFX Application Thread] DEBUG PhysicsWorld         - Clearing physics world
17:23:46.518 [FXGL Background Thread 2 ] DEBUG FXGLApplication      - Initializing game
17:23:46.595 [FXGL Background Thread 2 ] WARN  FXGLAssetLoaderServi - Asset "/assets/textures/empty.png" was not found!
17:23:46.596 [FXGL Background Thread 2 ] WARN  FXGLAssetLoaderServi - Failed to load IMAGE
17:23:46.698 [FXGL Background Thread 2 ] DEBUG FXGLAssetLoaderServi - Loading from file system: file:/D:/projects/helloworld/FarmSimulator/target/classes/assets/textures/Crops/soil_1.png
17:23:46.718 [FXGL Background Thread 2 ] WARN  FXGLAssetLoaderServi - Asset "/assets/textures/empty.png" was not found!
17:23:46.718 [FXGL Background Thread 2 ] WARN  FXGLAssetLoaderServi - Failed to load IMAGE
17:23:46.719 [FXGL Background Thread 2 ] DEBUG FXGLAssetLoaderServi - Loading from file system: file:/D:/projects/helloworld/FarmSimulator/target/classes/assets/textures/Crops/rice_1.png
17:23:46.722 [FXGL Background Thread 2 ] WARN  FXGLAssetLoaderServi - Asset "/assets/textures/empty.png" was not found!
17:23:46.722 [FXGL Background Thread 2 ] WARN  FXGLAssetLoaderServi - Failed to load IMAGE
17:23:46.725 [FXGL Background Thread 2 ] WARN  FXGLAssetLoaderServi - Asset "/assets/textures/empty.png" was not found!
17:23:46.725 [FXGL Background Thread 2 ] WARN  FXGLAssetLoaderServi - Failed to load IMAGE
17:23:46.727 [FXGL Background Thread 2 ] WARN  FXGLAssetLoaderServi - Asset "/assets/textures/empty.png" was not found!
17:23:46.727 [FXGL Background Thread 2 ] WARN  FXGLAssetLoaderServi - Failed to load IMAGE
17:23:46.729 [FXGL Background Thread 2 ] WARN  FXGLAssetLoaderServi - Asset "/assets/textures/empty.png" was not found!
17:23:46.729 [FXGL Background Thread 2 ] WARN  FXGLAssetLoaderServi - Failed to load IMAGE
17:23:46.732 [FXGL Background Thread 2 ] WARN  FXGLAssetLoaderServi - Asset "/assets/textures/empty.png" was not found!
17:23:46.732 [FXGL Background Thread 2 ] WARN  FXGLAssetLoaderServi - Failed to load IMAGE
17:23:46.733 [FXGL Background Thread 2 ] WARN  FXGLAssetLoaderServi - Asset "/assets/textures/empty.png" was not found!
17:23:46.735 [FXGL Background Thread 2 ] WARN  FXGLAssetLoaderServi - Failed to load IMAGE
17:23:46.744 [FXGL Background Thread 2 ] DEBUG FXGLAssetLoaderServi - Loading from file system: file:/D:/projects/helloworld/FarmSimulator/target/classes/assets/textures/Crops/soil_2.png
17:23:46.746 [FXGL Background Thread 2 ] WARN  FXGLAssetLoaderServi - Asset "/assets/textures/empty.png" was not found!
17:23:46.748 [FXGL Background Thread 2 ] WARN  FXGLAssetLoaderServi - Failed to load IMAGE
17:23:46.749 [FXGL Background Thread 2 ] WARN  FXGLAssetLoaderServi - Asset "/assets/textures/empty.png" was not found!
17:23:46.749 [FXGL Background Thread 2 ] WARN  FXGLAssetLoaderServi - Failed to load IMAGE
17:23:46.755 [FXGL Background Thread 2 ] WARN  FXGLAssetLoaderServi - Asset "/assets/textures/empty.png" was not found!
17:23:46.755 [FXGL Background Thread 2 ] WARN  FXGLAssetLoaderServi - Failed to load IMAGE
17:23:46.758 [FXGL Background Thread 2 ] WARN  FXGLAssetLoaderServi - Asset "/assets/textures/empty.png" was not found!
17:23:46.758 [FXGL Background Thread 2 ] WARN  FXGLAssetLoaderServi - Failed to load IMAGE
17:23:46.769 [FXGL Background Thread 2 ] WARN  FXGLAssetLoaderServi - Asset "/assets/textures/empty.png" was not found!
17:23:46.770 [FXGL Background Thread 2 ] WARN  FXGLAssetLoaderServi - Failed to load IMAGE
17:23:46.770 [FXGL Background Thread 2 ] WARN  FXGLAssetLoaderServi - Asset "/assets/textures/empty.png" was not found!
17:23:46.770 [FXGL Background Thread 2 ] WARN  FXGLAssetLoaderServi - Failed to load IMAGE
17:23:46.772 [FXGL Background Thread 2 ] WARN  FXGLAssetLoaderServi - Asset "/assets/textures/empty.png" was not found!
17:23:46.773 [FXGL Background Thread 2 ] WARN  FXGLAssetLoaderServi - Failed to load IMAGE
17:23:46.773 [FXGL Background Thread 2 ] WARN  FXGLAssetLoaderServi - Asset "/assets/textures/empty.png" was not found!
17:23:46.773 [FXGL Background Thread 2 ] WARN  FXGLAssetLoaderServi - Failed to load IMAGE
17:23:46.775 [FXGL Background Thread 2 ] WARN  FXGLAssetLoaderServi - Asset "/assets/textures/empty.png" was not found!
17:23:46.775 [FXGL Background Thread 2 ] WARN  FXGLAssetLoaderServi - Failed to load IMAGE
17:23:46.776 [FXGL Background Thread 2 ] WARN  FXGLAssetLoaderServi - Asset "/assets/textures/empty.png" was not found!
17:23:46.776 [FXGL Background Thread 2 ] WARN  FXGLAssetLoaderServi - Failed to load IMAGE
17:23:46.779 [FXGL Background Thread 2 ] WARN  FXGLAssetLoaderServi - Asset "/assets/textures/empty.png" was not found!
17:23:46.781 [FXGL Background Thread 2 ] WARN  FXGLAssetLoaderServi - Failed to load IMAGE
17:23:46.782 [FXGL Background Thread 2 ] WARN  FXGLAssetLoaderServi - Asset "/assets/textures/empty.png" was not found!
17:23:46.782 [FXGL Background Thread 2 ] WARN  FXGLAssetLoaderServi - Failed to load IMAGE
17:23:46.783 [FXGL Background Thread 2 ] WARN  FXGLAssetLoaderServi - Asset "/assets/textures/empty.png" was not found!
17:23:46.783 [FXGL Background Thread 2 ] WARN  FXGLAssetLoaderServi - Failed to load IMAGE
17:23:46.784 [FXGL Background Thread 2 ] WARN  FXGLAssetLoaderServi - Asset "/assets/textures/empty.png" was not found!
17:23:46.784 [FXGL Background Thread 2 ] WARN  FXGLAssetLoaderServi - Failed to load IMAGE
17:23:46.785 [FXGL Background Thread 2 ] WARN  FXGLAssetLoaderServi - Asset "/assets/textures/empty.png" was not found!
17:23:46.786 [FXGL Background Thread 2 ] WARN  FXGLAssetLoaderServi - Failed to load IMAGE
17:23:46.786 [FXGL Background Thread 2 ] WARN  FXGLAssetLoaderServi - Asset "/assets/textures/empty.png" was not found!
17:23:46.786 [FXGL Background Thread 2 ] WARN  FXGLAssetLoaderServi - Failed to load IMAGE
17:23:46.787 [FXGL Background Thread 2 ] WARN  FXGLAssetLoaderServi - Asset "/assets/textures/empty.png" was not found!
17:23:46.787 [FXGL Background Thread 2 ] WARN  FXGLAssetLoaderServi - Failed to load IMAGE
17:23:46.788 [FXGL Background Thread 2 ] WARN  FXGLAssetLoaderServi - Asset "/assets/textures/empty.png" was not found!
17:23:46.788 [FXGL Background Thread 2 ] WARN  FXGLAssetLoaderServi - Failed to load IMAGE
17:23:46.789 [FXGL Background Thread 2 ] WARN  FXGLAssetLoaderServi - Asset "/assets/textures/empty.png" was not found!
17:23:46.789 [FXGL Background Thread 2 ] WARN  FXGLAssetLoaderServi - Failed to load IMAGE
17:23:46.790 [FXGL Background Thread 2 ] WARN  FXGLAssetLoaderServi - Asset "/assets/textures/empty.png" was not found!
17:23:46.790 [FXGL Background Thread 2 ] WARN  FXGLAssetLoaderServi - Failed to load IMAGE
17:23:46.792 [FXGL Background Thread 2 ] WARN  FXGLAssetLoaderServi - Asset "/assets/textures/empty.png" was not found!
17:23:46.792 [FXGL Background Thread 2 ] WARN  FXGLAssetLoaderServi - Failed to load IMAGE
17:23:46.794 [FXGL Background Thread 2 ] WARN  FXGLAssetLoaderServi - Asset "/assets/textures/empty.png" was not found!
17:23:46.794 [FXGL Background Thread 2 ] WARN  FXGLAssetLoaderServi - Failed to load IMAGE
17:23:46.798 [FXGL Background Thread 2 ] WARN  FXGLAssetLoaderServi - Asset "/assets/textures/empty.png" was not found!
17:23:46.798 [FXGL Background Thread 2 ] WARN  FXGLAssetLoaderServi - Failed to load IMAGE
17:23:46.799 [FXGL Background Thread 2 ] WARN  FXGLAssetLoaderServi - Asset "/assets/textures/empty.png" was not found!
17:23:46.800 [FXGL Background Thread 2 ] WARN  FXGLAssetLoaderServi - Failed to load IMAGE
17:23:46.802 [FXGL Background Thread 2 ] WARN  FXGLAssetLoaderServi - Asset "/assets/textures/empty.png" was not found!
17:23:46.803 [FXGL Background Thread 2 ] WARN  FXGLAssetLoaderServi - Failed to load IMAGE
17:23:46.803 [FXGL Background Thread 2 ] WARN  FXGLAssetLoaderServi - Asset "/assets/textures/empty.png" was not found!
17:23:46.804 [FXGL Background Thread 2 ] WARN  FXGLAssetLoaderServi - Failed to load IMAGE
17:23:46.806 [FXGL Background Thread 2 ] WARN  FXGLAssetLoaderServi - Asset "/assets/textures/empty.png" was not found!
17:23:46.807 [FXGL Background Thread 2 ] WARN  FXGLAssetLoaderServi - Failed to load IMAGE
17:23:46.808 [FXGL Background Thread 2 ] WARN  FXGLAssetLoaderServi - Asset "/assets/textures/empty.png" was not found!
17:23:46.808 [FXGL Background Thread 2 ] WARN  FXGLAssetLoaderServi - Failed to load IMAGE
17:23:46.810 [FXGL Background Thread 2 ] WARN  FXGLAssetLoaderServi - Asset "/assets/textures/empty.png" was not found!
17:23:46.810 [FXGL Background Thread 2 ] WARN  FXGLAssetLoaderServi - Failed to load IMAGE
17:23:46.812 [FXGL Background Thread 2 ] WARN  FXGLAssetLoaderServi - Asset "/assets/textures/empty.png" was not found!
17:23:46.812 [FXGL Background Thread 2 ] WARN  FXGLAssetLoaderServi - Failed to load IMAGE
17:23:46.813 [FXGL Background Thread 2 ] WARN  FXGLAssetLoaderServi - Asset "/assets/textures/empty.png" was not found!
17:23:46.813 [FXGL Background Thread 2 ] WARN  FXGLAssetLoaderServi - Failed to load IMAGE
17:23:46.814 [FXGL Background Thread 2 ] WARN  FXGLAssetLoaderServi - Asset "/assets/textures/empty.png" was not found!
17:23:46.814 [FXGL Background Thread 2 ] WARN  FXGLAssetLoaderServi - Failed to load IMAGE
17:23:46.816 [FXGL Background Thread 2 ] WARN  FXGLAssetLoaderServi - Asset "/assets/textures/empty.png" was not found!
17:23:46.817 [FXGL Background Thread 2 ] WARN  FXGLAssetLoaderServi - Failed to load IMAGE
17:23:46.819 [FXGL Background Thread 2 ] WARN  FXGLAssetLoaderServi - Asset "/assets/textures/empty.png" was not found!
17:23:46.820 [FXGL Background Thread 2 ] WARN  FXGLAssetLoaderServi - Failed to load IMAGE
17:23:46.823 [FXGL Background Thread 2 ] WARN  FXGLAssetLoaderServi - Asset "/assets/textures/empty.png" was not found!
17:23:46.823 [FXGL Background Thread 2 ] WARN  FXGLAssetLoaderServi - Failed to load IMAGE
17:23:46.825 [FXGL Background Thread 2 ] WARN  FXGLAssetLoaderServi - Asset "/assets/textures/empty.png" was not found!
17:23:46.825 [FXGL Background Thread 2 ] WARN  FXGLAssetLoaderServi - Failed to load IMAGE
17:23:46.828 [FXGL Background Thread 2 ] WARN  FXGLAssetLoaderServi - Asset "/assets/textures/empty.png" was not found!
17:23:46.829 [FXGL Background Thread 2 ] WARN  FXGLAssetLoaderServi - Failed to load IMAGE
17:23:46.832 [FXGL Background Thread 2 ] WARN  FXGLAssetLoaderServi - Asset "/assets/textures/empty.png" was not found!
17:23:46.833 [FXGL Background Thread 2 ] WARN  FXGLAssetLoaderServi - Failed to load IMAGE
17:23:46.834 [FXGL Background Thread 2 ] WARN  FXGLAssetLoaderServi - Asset "/assets/textures/empty.png" was not found!
17:23:46.834 [FXGL Background Thread 2 ] WARN  FXGLAssetLoaderServi - Failed to load IMAGE
17:23:46.835 [FXGL Background Thread 2 ] WARN  FXGLAssetLoaderServi - Asset "/assets/textures/empty.png" was not found!
17:23:46.835 [FXGL Background Thread 2 ] WARN  FXGLAssetLoaderServi - Failed to load IMAGE
17:23:46.836 [FXGL Background Thread 2 ] WARN  FXGLAssetLoaderServi - Asset "/assets/textures/empty.png" was not found!
17:23:46.836 [FXGL Background Thread 2 ] WARN  FXGLAssetLoaderServi - Failed to load IMAGE
17:23:46.837 [FXGL Background Thread 2 ] WARN  FXGLAssetLoaderServi - Asset "/assets/textures/empty.png" was not found!
17:23:46.837 [FXGL Background Thread 2 ] WARN  FXGLAssetLoaderServi - Failed to load IMAGE
17:23:46.838 [FXGL Background Thread 2 ] WARN  FXGLAssetLoaderServi - Asset "/assets/textures/empty.png" was not found!
17:23:46.838 [FXGL Background Thread 2 ] WARN  FXGLAssetLoaderServi - Failed to load IMAGE
17:23:46.839 [FXGL Background Thread 2 ] WARN  FXGLAssetLoaderServi - Asset "/assets/textures/empty.png" was not found!
17:23:46.839 [FXGL Background Thread 2 ] WARN  FXGLAssetLoaderServi - Failed to load IMAGE
17:23:46.840 [FXGL Background Thread 2 ] WARN  FXGLAssetLoaderServi - Asset "/assets/textures/empty.png" was not found!
17:23:46.840 [FXGL Background Thread 2 ] WARN  FXGLAssetLoaderServi - Failed to load IMAGE
17:23:46.842 [FXGL Background Thread 2 ] WARN  FXGLAssetLoaderServi - Asset "/assets/textures/empty.png" was not found!
17:23:46.842 [FXGL Background Thread 2 ] WARN  FXGLAssetLoaderServi - Failed to load IMAGE
17:23:46.844 [FXGL Background Thread 2 ] WARN  FXGLAssetLoaderServi - Asset "/assets/textures/empty.png" was not found!
17:23:46.845 [FXGL Background Thread 2 ] WARN  FXGLAssetLoaderServi - Failed to load IMAGE
17:23:46.845 [FXGL Background Thread 2 ] WARN  FXGLAssetLoaderServi - Asset "/assets/textures/empty.png" was not found!
17:23:46.846 [FXGL Background Thread 2 ] WARN  FXGLAssetLoaderServi - Failed to load IMAGE
17:23:46.850 [FXGL Background Thread 2 ] WARN  FXGLAssetLoaderServi - Asset "/assets/textures/empty.png" was not found!
17:23:46.850 [FXGL Background Thread 2 ] WARN  FXGLAssetLoaderServi - Failed to load IMAGE
17:23:46.852 [FXGL Background Thread 2 ] WARN  FXGLAssetLoaderServi - Asset "/assets/textures/empty.png" was not found!
17:23:46.859 [FXGL Background Thread 2 ] WARN  FXGLAssetLoaderServi - Failed to load IMAGE
17:23:46.862 [FXGL Background Thread 2 ] WARN  FXGLAssetLoaderServi - Asset "/assets/textures/empty.png" was not found!
17:23:46.863 [FXGL Background Thread 2 ] WARN  FXGLAssetLoaderServi - Failed to load IMAGE
17:23:46.863 [FXGL Background Thread 2 ] WARN  FXGLAssetLoaderServi - Asset "/assets/textures/empty.png" was not found!
17:23:46.864 [FXGL Background Thread 2 ] WARN  FXGLAssetLoaderServi - Failed to load IMAGE
17:23:46.865 [FXGL Background Thread 2 ] WARN  FXGLAssetLoaderServi - Asset "/assets/textures/empty.png" was not found!
17:23:46.865 [FXGL Background Thread 2 ] WARN  FXGLAssetLoaderServi - Failed to load IMAGE
17:23:46.866 [FXGL Background Thread 2 ] WARN  FXGLAssetLoaderServi - Asset "/assets/textures/empty.png" was not found!
17:23:46.867 [FXGL Background Thread 2 ] WARN  FXGLAssetLoaderServi - Failed to load IMAGE
17:23:46.868 [FXGL Background Thread 2 ] WARN  FXGLAssetLoaderServi - Asset "/assets/textures/empty.png" was not found!
17:23:46.869 [FXGL Background Thread 2 ] WARN  FXGLAssetLoaderServi - Failed to load IMAGE
17:23:46.869 [FXGL Background Thread 2 ] WARN  FXGLAssetLoaderServi - Asset "/assets/textures/empty.png" was not found!
17:23:46.870 [FXGL Background Thread 2 ] WARN  FXGLAssetLoaderServi - Failed to load IMAGE
17:23:46.888 [FXGL Background Thread 2 ] DEBUG FXGLAssetLoaderServi - Loading from file system: file:/D:/projects/helloworld/FarmSimulator/target/classes/assets/textures/UI/heart_sprite.png
17:23:47.068 [FXGL Background Thread 2 ] WARN  TMXLevelLoader       - TiledMap generated from 1.12.0. Supported version: 1.9.0. Some features may not be parsed fully.
17:23:47.257 [FXGL Background Thread 2 ] DEBUG TMXLevelLoader       - Parsed TiledMap: file:/D:/projects/helloworld/FarmSimulator/target/classes/assets/levels/Main_level.tmx
17:23:47.260 [FXGL Background Thread 2 ] DEBUG TMXLevelLoader       - Creating tile layer entities
17:23:47.269 [FXGL Background Thread 2 ] DEBUG TilesetLoader        - Loading view for layer BackgroundLayer
17:23:47.278 [FXGL Background Thread 2 ] DEBUG TilesetLoader        - Created buffer with size 3520.0x2048.0
17:23:47.485 [FXGL Background Thread 2 ] DEBUG TilesetLoader        - Loading view for layer DecorationLayer
17:23:47.510 [FXGL Background Thread 2 ] DEBUG TilesetLoader        - Created buffer with size 3520.0x2048.0
17:23:47.628 [FXGL Background Thread 2 ] DEBUG TilesetLoader        - Loading view for layer OverheadLayer
17:23:47.654 [FXGL Background Thread 2 ] DEBUG TilesetLoader        - Created buffer with size 3520.0x2048.0
17:23:47.665 [FXGL Background Thread 2 ] DEBUG TMXLevelLoader       - Creating object layer entities
17:23:47.728 [FXGL Background Thread 2 ] DEBUG FXGLAssetLoaderServi - Loading from file system: file:/D:/projects/helloworld/FarmSimulator/target/classes/assets/textures/Player/Carry_Idle/Carry_Idle_Down-Sheet.png
17:23:47.736 [FXGL Background Thread 2 ] DEBUG FXGLAssetLoaderServi - Loading from file system: file:/D:/projects/helloworld/FarmSimulator/target/classes/assets/textures/Player/Carry_Idle/Carry_Idle_Up-Sheet.png
17:23:47.738 [FXGL Background Thread 2 ] DEBUG FXGLAssetLoaderServi - Loading from file system: file:/D:/projects/helloworld/FarmSimulator/target/classes/assets/textures/Player/Carry_Idle/Carry_Idle_Side-Sheet.png
17:23:47.740 [FXGL Background Thread 2 ] DEBUG FXGLAssetLoaderServi - Loading from file system: file:/D:/projects/helloworld/FarmSimulator/target/classes/assets/textures/Player/Carry_Walk/Carry_Walk_Down-Sheet.png
17:23:47.744 [FXGL Background Thread 2 ] DEBUG FXGLAssetLoaderServi - Loading from file system: file:/D:/projects/helloworld/FarmSimulator/target/classes/assets/textures/Player/Carry_Walk/Carry_Walk_Up-Sheet.png
17:23:47.748 [FXGL Background Thread 2 ] DEBUG FXGLAssetLoaderServi - Loading from file system: file:/D:/projects/helloworld/FarmSimulator/target/classes/assets/textures/Player/Carry_Walk/Carry_Walk_Side-Sheet.png
17:23:47.750 [FXGL Background Thread 2 ] DEBUG FXGLAssetLoaderServi - Loading from file system: file:/D:/projects/helloworld/FarmSimulator/target/classes/assets/textures/Player/Carry_Run/Carry_Run_Down-Sheet.png
17:23:47.754 [FXGL Background Thread 2 ] DEBUG FXGLAssetLoaderServi - Loading from file system: file:/D:/projects/helloworld/FarmSimulator/target/classes/assets/textures/Player/Carry_Run/Carry_Run_Up-Sheet.png
17:23:47.756 [FXGL Background Thread 2 ] DEBUG FXGLAssetLoaderServi - Loading from file system: file:/D:/projects/helloworld/FarmSimulator/target/classes/assets/textures/Player/Carry_Run/Carry_Run_Side-Sheet.png
17:23:48.212 [FXGL Background Thread 2 ] DEBUG FXGLAssetLoaderServi - Loading from file system: file:/D:/projects/helloworld/FarmSimulator/target/classes/assets/textures/NPC/Trader/Trader.png
17:23:48.233 [FXGL Background Thread 2 ] DEBUG FXGLAssetLoaderServi - Loading from file system: file:/D:/projects/helloworld/FarmSimulator/target/classes/assets/textures/NPC/Guider/Guider.png
17:23:48.245 [FXGL Background Thread 2 ] DEBUG GameWorld            - Clearing removable entities
17:23:48.248 [FXGL Background Thread 2 ] DEBUG GameWorld            - Setting level: com.almasb.fxgl.entity.level.Level@3872dd77
17:23:48.501 [FXGL Background Thread 2 ] INFO  FXGLApplication      - Game initialization took: 1.981 sec
17:23:48.502 [JavaFX Application Thread] DEBUG Input                - Clearing active input actions
17:23:48.555 [JavaFX Application Thread] DEBUG GameApplicationServi - Removing overlay from FXGLLoadingScene and adding to GameScene
17:23:48.563 [JavaFX Application Thread] DEBUG PrimaryStageWindow   - FXGLLoadingScene -> GameScene
17:24:00.518 [JavaFX Application Thread] DEBUG EventBus             - Firing event: Project1Game.system.DayNightEvent[source=javafx.event.Event$$Lambda/0x000000003b1af670@69c97bfa]
17:24:46.152 [JavaFX Application Thread] DEBUG FXGLApplication      - Exiting FXGL
17:24:46.152 [JavaFX Application Thread] DEBUG LoopRunner           - Stopping loop
17:24:46.153 [JavaFX Application Thread] DEBUG SystemBundleService  - Saving FXGL system data
17:24:46.156 [JavaFX Application Thread] DEBUG FileSystemAccess     - Writing to: D:\projects\helloworld\FarmSimulator\system\fxgl.bundle
17:24:46.161 [JavaFX Application Thread] DEBUG Async                - Shutting down background threads
17:24:46.161 [JavaFX Application Thread] DEBUG PrimaryStageWindow   - Closing main window
17:24:46.183 [JavaFX Application Thread] DEBUG Logger               - Closing Logger
