20:37:36.473 [main                     ] DEBUG Logger               - Configured Logger
20:37:36.480 [main                     ] DEBUG GameApplication      - Logging settings
Title: Untitled
Version: 0.0
Width: 1280
Height: 720
Fullscreen: false
Intro: false
Profiling: false
Single step:false
App Mode: DEVELOPER
Menu Key: ESCAPE
Stage Style: DECORATED
Scene Factory: class com.almasb.fxgl.app.scene.SceneFactory

20:37:36.959 [JavaFX Application Thread] DEBUG FXGLApplication      - Initializing FXGL
20:37:36.963 [JavaFX Application Thread] INFO  Engine               - FXGL-25 (05.02.2026 22.57) on WINDOWS (J:25.0.1 FX:25.0.1)
20:37:36.963 [JavaFX Application Thread] DEBUG Engine               - JRE Vendor Name: Oracle Corporation
20:37:36.963 [JavaFX Application Thread] DEBUG Engine               - Running on OS: Windows 11 version 10.0
20:37:36.963 [JavaFX Application Thread] DEBUG Engine               - Architecture: amd64
20:37:36.963 [JavaFX Application Thread] INFO  Engine               - Source code and latest versions at: https://github.com/AlmasB/FXGL
20:37:36.963 [JavaFX Application Thread] INFO  Engine               -       Ask questions and discuss at: https://github.com/AlmasB/FXGL/discussions
20:37:37.059 [JavaFX Application Thread] DEBUG PrimaryStageWindow   - Creating a JavaFX scene
20:37:37.129 [JavaFX Application Thread] DEBUG PrimaryStageWindow   - Target settings size: 1280.0 x 720.0
20:37:37.129 [JavaFX Application Thread] DEBUG PrimaryStageWindow   - Scaled scene size:    1280.0 x 720.0
20:37:37.130 [JavaFX Application Thread] DEBUG PrimaryStageWindow   - Scaled ratio: (1.0, 1.0)
20:37:37.130 [JavaFX Application Thread] DEBUG PrimaryStageWindow   - Set initial scene to FXGLStartupScene
20:37:37.134 [JavaFX Application Thread] DEBUG PrimaryStageWindow   - Opening main window
20:37:37.414 [JavaFX Application Thread] DEBUG PrimaryStageWindow   - Window border size: (14.4000244140625, 37.5999755859375)
20:37:37.414 [JavaFX Application Thread] DEBUG PrimaryStageWindow   - Scaled size: 1280.0 x 720.0
20:37:37.414 [JavaFX Application Thread] DEBUG PrimaryStageWindow   - Scaled ratio: (1.0, 1.0)
20:37:37.414 [JavaFX Application Thread] DEBUG PrimaryStageWindow   - Scene size: 1280.0 x 720.0
20:37:37.415 [JavaFX Application Thread] DEBUG PrimaryStageWindow   - Stage size: 1294.4000244140625 x 757.5999755859375
20:37:37.429 [FXGL Background Thread 1 ] DEBUG Engine               - Initializing environment variables
20:37:37.473 [FXGL Background Thread 1 ] DEBUG FXGLAssetLoaderServi - User app class for loading assets: class Project1Game.Main
20:37:37.474 [FXGL Background Thread 1 ] DEBUG GameApplicationServi - Applying CSS: fxgl_dark.css
20:37:37.474 [FXGL Background Thread 1 ] DEBUG FXGLAssetLoaderServi - Loading from file system: jar:file:/C:/Users/Admin/.m2/repository/com/github/almasb/fxgl/25/fxgl-25.jar!/fxglassets/ui/css/fxgl_dark.css
20:37:37.510 [FXGL Background Thread 1 ] DEBUG GameApplicationServi - Initializing application scenes
20:37:37.548 [FXGL Background Thread 1 ] DEBUG GameWorld            - Game world initialized
20:37:37.584 [FXGL Background Thread 1 ] DEBUG PhysicsWorld         - Physics world initialized: appHeight=720, physics.ppm=50.0
20:37:37.584 [FXGL Background Thread 1 ] DEBUG PhysicsWorld         - Using strategy: BRUTE_FORCE
20:37:37.588 [FXGL Background Thread 1 ] DEBUG GameScene            - Game scene initialized: 1280x720
20:37:37.599 [FXGL Background Thread 1 ] DEBUG FXGL.DefaultMenu     - createMenuBodyGameMenu()
20:37:37.615 [FXGL Background Thread 1 ] DEBUG FXGL.DefaultMenu     - createOptionsMenu()
20:37:37.625 [FXGL Background Thread 1 ] DEBUG FXGLAssetLoaderServi - Loading from file system: jar:file:/C:/Users/Admin/.m2/repository/com/github/almasb/fxgl/25/fxgl-25.jar!/fxglassets/textures/particles/smoke.png
20:37:37.696 [FXGL Background Thread 1 ] DEBUG FXGLAssetLoaderServi - Loading from file system: jar:file:/C:/Users/Admin/.m2/repository/com/github/almasb/fxgl/25/fxgl-25.jar!/fxglassets/textures/particles/trace_horizontal.png
20:37:37.725 [FXGL Background Thread 1 ] DEBUG GameApplicationServi - Application scenes initialized
20:37:37.734 [FXGL Background Thread 1 ] DEBUG SystemBundleService  - Loading FXGL system data
20:37:37.737 [FXGL Background Thread 1 ] DEBUG FileSystemAccess     - Reading from: D:\GameDevelop\Project1\system\fxgl.bundle
20:37:37.743 [FXGL Background Thread 1 ] DEBUG SystemBundleService  - Bundle FXGL: {}
20:37:37.744 [FXGL Background Thread 1 ] DEBUG UpdaterService       - Checking for updates
20:37:37.763 [FXGL Background Thread 4 ] DEBUG FXGLApplication      - Loading fonts
20:37:37.763 [FXGL Background Thread 1 ] DEBUG FXGLApplication      - Loading default localization
20:37:37.763 [FXGL Background Thread 4 ] DEBUG FXGLAssetLoaderServi - Loading from file system: jar:file:/C:/Users/Admin/.m2/repository/com/github/almasb/fxgl/25/fxgl-25.jar!/fxglassets/ui/fonts/VarelaRound-Regular.ttf
20:37:37.765 [FXGL Background Thread 1 ] DEBUG FXGLAssetLoaderServi - Loading from file system: jar:file:/C:/Users/Admin/.m2/repository/com/github/almasb/fxgl/25/fxgl-25.jar!/fxglassets/languages/english.lang
20:37:37.777 [FXGL Background Thread 1 ] INFO  FXGLApplication      - FXGL initialization took: 0.347 sec
20:37:37.783 [JavaFX Application Thread] DEBUG Input                - Registered new binding: Move Right - D
20:37:37.783 [JavaFX Application Thread] DEBUG Input                - Registered new binding: Move Left - A
20:37:37.783 [JavaFX Application Thread] DEBUG Input                - Registered new binding: Move Up - W
20:37:37.783 [JavaFX Application Thread] DEBUG Input                - Registered new binding: Move Down - S
20:37:37.785 [JavaFX Application Thread] DEBUG Input                - Registered new binding: action0 - I
20:37:37.785 [JavaFX Application Thread] DEBUG Input                - Registered new binding: action1 - R
20:37:37.786 [JavaFX Application Thread] DEBUG Input                - Registered new binding: action2 - F
20:37:37.786 [JavaFX Application Thread] DEBUG Input                - Registered new binding: action3 - E
20:37:37.786 [JavaFX Application Thread] DEBUG Input                - Registered new binding: action4 - 1
20:37:37.786 [JavaFX Application Thread] DEBUG Input                - Registered new binding: action5 - 2
20:37:37.786 [JavaFX Application Thread] DEBUG Input                - Registered new binding: action6 - 3
20:37:37.787 [JavaFX Application Thread] DEBUG Input                - Registered new binding: action7 - 4
20:37:37.787 [JavaFX Application Thread] DEBUG Input                - Registered new binding: action8 - 5
20:37:37.787 [JavaFX Application Thread] DEBUG Input                - Registered new binding: action9 - 6
20:37:37.787 [JavaFX Application Thread] DEBUG Input                - Registered new binding: action10 - 7
20:37:37.787 [JavaFX Application Thread] DEBUG Input                - Registered new binding: action11 - 8
20:37:37.788 [JavaFX Application Thread] DEBUG Input                - Registered new binding: action12 - 9
20:37:37.788 [JavaFX Application Thread] DEBUG Input                - Registered new binding: action13 - Q
20:37:37.788 [JavaFX Application Thread] DEBUG Input                - Registered new binding: action14 - Tab
20:37:37.788 [JavaFX Application Thread] DEBUG FXGLAssetLoaderServi - Loading from file system: jar:file:/C:/Users/Admin/.m2/repository/com/github/almasb/fxgl/25/fxgl-25.jar!/fxglassets/textures/fxgl_icon.png
20:37:37.792 [FXGL Background Thread 4 ] DEBUG FXGLAssetLoaderServi - Loading from file system: jar:file:/C:/Users/Admin/.m2/repository/com/github/almasb/fxgl/25/fxgl-25.jar!/fxglassets/ui/fonts/Abel-Regular.ttf
20:37:37.800 [FXGL Background Thread 4 ] DEBUG FXGLAssetLoaderServi - Loading from file system: jar:file:/C:/Users/Admin/.m2/repository/com/github/almasb/fxgl/25/fxgl-25.jar!/fxglassets/ui/fonts/TerminalLandMono-Regular.otf
20:37:37.808 [JavaFX Application Thread] DEBUG FXGLAssetLoaderServi - Loading from file system: jar:file:/C:/Users/Admin/.m2/repository/com/github/almasb/fxgl/25/fxgl-25.jar!/fxglassets/textures/fxgl_default_cursor.png
20:37:37.808 [FXGL Background Thread 4 ] DEBUG FXGLAssetLoaderServi - Loading from file system: jar:file:/C:/Users/Admin/.m2/repository/com/github/almasb/fxgl/25/fxgl-25.jar!/fxglassets/ui/fonts/Courier-Prime.ttf
20:37:37.810 [JavaFX Application Thread] DEBUG Input                - Registered new binding: Screenshot - CTRL+8
20:37:37.810 [JavaFX Application Thread] DEBUG Input                - Registered new binding: Dev Options - 1
20:37:37.810 [JavaFX Application Thread] DEBUG Input                - Registered new binding: Dev Console - 2
20:37:37.811 [JavaFX Application Thread] DEBUG Input                - Registered new binding: System info dump - CTRL+9
20:37:37.811 [JavaFX Application Thread] DEBUG Input                - Registered new binding: Restart - CTRL+R
20:37:37.812 [JavaFX Application Thread] DEBUG Input                - Registered new binding: Toggle Debug Camera - CTRL+7
20:37:37.814 [JavaFX Application Thread] DEBUG LoopRunner           - Starting loop
20:37:37.824 [JavaFX Application Thread] DEBUG LoopRunner           - Initializing JavaFX AnimationTimerLoop
20:37:37.825 [JavaFX Application Thread] DEBUG GameApplicationServi - Starting new game
20:37:37.826 [JavaFX Application Thread] DEBUG Input                - Clearing active input actions
20:37:37.834 [JavaFX Application Thread] DEBUG GameApplicationServi - Removing overlay from FXGLStartupScene and adding to FXGLLoadingScene
20:37:37.836 [JavaFX Application Thread] DEBUG PrimaryStageWindow   - FXGLStartupScene -> FXGLLoadingScene
20:37:37.836 [JavaFX Application Thread] DEBUG GameApplicationServi - Clearing previous game
20:37:37.836 [JavaFX Application Thread] DEBUG GameScene            - Clearing game scene
20:37:37.836 [JavaFX Application Thread] DEBUG GameWorld            - Clearing game world
20:37:37.836 [JavaFX Application Thread] DEBUG PhysicsWorld         - Clearing physics world
20:37:37.837 [FXGL Background Thread 4 ] DEBUG FXGLApplication      - Initializing game
20:37:37.837 [JavaFX Application Thread] DEBUG FXGLApplication      - Registering font factories with UI factory
20:37:37.904 [FXGL Background Thread 4 ] WARN  TMXLevelLoader       - TiledMap generated from 1.12.0. Supported version: 1.9.0. Some features may not be parsed fully.
20:37:37.939 [FXGL Background Thread 4 ] DEBUG TMXLevelLoader       - Parsed TiledMap: file:/D:/GameDevelop/Project1/target/classes/assets/levels/Main_level.tmx
20:37:37.940 [FXGL Background Thread 4 ] DEBUG TMXLevelLoader       - Creating tile layer entities
20:37:37.941 [FXGL Background Thread 4 ] DEBUG TilesetLoader        - Loading view for layer BackgroundLayer
20:37:37.945 [FXGL Background Thread 4 ] DEBUG TilesetLoader        - Created buffer with size 3520.0x2048.0
20:37:37.995 [FXGL Background Thread 4 ] DEBUG TilesetLoader        - Loading view for layer DecorationLayer
20:37:37.999 [FXGL Background Thread 4 ] DEBUG TilesetLoader        - Created buffer with size 3520.0x2048.0
20:37:38.042 [FXGL Background Thread 4 ] DEBUG TilesetLoader        - Loading view for layer OverheadLayer
20:37:38.047 [FXGL Background Thread 4 ] DEBUG TilesetLoader        - Created buffer with size 3520.0x2048.0
20:37:38.049 [FXGL Background Thread 4 ] DEBUG TMXLevelLoader       - Creating object layer entities
20:37:38.075 [FXGL Background Thread 4 ] DEBUG FXGLAssetLoaderServi - Loading from file system: file:/D:/GameDevelop/Project1/target/classes/assets/textures/Player/Carry_Idle/Carry_Idle_Down-Sheet.png
20:37:38.077 [FXGL Background Thread 4 ] DEBUG FXGLAssetLoaderServi - Loading from file system: file:/D:/GameDevelop/Project1/target/classes/assets/textures/Player/Carry_Idle/Carry_Idle_Up-Sheet.png
20:37:38.078 [FXGL Background Thread 4 ] DEBUG FXGLAssetLoaderServi - Loading from file system: file:/D:/GameDevelop/Project1/target/classes/assets/textures/Player/Carry_Idle/Carry_Idle_Side-Sheet.png
20:37:38.080 [FXGL Background Thread 4 ] DEBUG FXGLAssetLoaderServi - Loading from file system: file:/D:/GameDevelop/Project1/target/classes/assets/textures/Player/Carry_Walk/Carry_Walk_Down-Sheet.png
20:37:38.081 [FXGL Background Thread 4 ] DEBUG FXGLAssetLoaderServi - Loading from file system: file:/D:/GameDevelop/Project1/target/classes/assets/textures/Player/Carry_Walk/Carry_Walk_Up-Sheet.png
20:37:38.082 [FXGL Background Thread 4 ] DEBUG FXGLAssetLoaderServi - Loading from file system: file:/D:/GameDevelop/Project1/target/classes/assets/textures/Player/Carry_Walk/Carry_Walk_Side-Sheet.png
20:37:38.083 [FXGL Background Thread 4 ] DEBUG FXGLAssetLoaderServi - Loading from file system: file:/D:/GameDevelop/Project1/target/classes/assets/textures/Player/Carry_Run/Carry_Run_Down-Sheet.png
20:37:38.085 [FXGL Background Thread 4 ] DEBUG FXGLAssetLoaderServi - Loading from file system: file:/D:/GameDevelop/Project1/target/classes/assets/textures/Player/Carry_Run/Carry_Run_Up-Sheet.png
20:37:38.085 [FXGL Background Thread 4 ] DEBUG FXGLAssetLoaderServi - Loading from file system: file:/D:/GameDevelop/Project1/target/classes/assets/textures/Player/Carry_Run/Carry_Run_Side-Sheet.png
20:37:38.166 [FXGL Background Thread 4 ] DEBUG GameWorld            - Clearing removable entities
20:37:38.166 [FXGL Background Thread 4 ] DEBUG GameWorld            - Setting level: com.almasb.fxgl.entity.level.Level@180adfa3
20:37:38.199 [FXGL Background Thread 4 ] DEBUG FXGLAssetLoaderServi - Loading from file system: file:/D:/GameDevelop/Project1/target/classes/assets/textures/Crops/soil_1.png
20:37:38.203 [FXGL Background Thread 4 ] DEBUG FXGLAssetLoaderServi - Loading from file system: file:/D:/GameDevelop/Project1/target/classes/assets/textures/Crops/rice_1.png
20:37:38.205 [FXGL Background Thread 4 ] DEBUG FXGLAssetLoaderServi - Loading from file system: file:/D:/GameDevelop/Project1/target/classes/assets/textures/Crops/rice_3.png
20:37:38.210 [FXGL Background Thread 4 ] DEBUG FXGLAssetLoaderServi - Loading from file system: file:/D:/GameDevelop/Project1/target/classes/assets/textures/Crops/soil_2.png
20:37:38.211 [FXGL Background Thread 4 ] DEBUG FXGLAssetLoaderServi - Loading from file system: file:/D:/GameDevelop/Project1/target/classes/assets/textures/UI/heart_sprite.png
20:37:38.221 [FXGL Background Thread 4 ] INFO  FXGLApplication      - Game initialization took: 0.383 sec
20:37:38.221 [JavaFX Application Thread] DEBUG Input                - Clearing active input actions
20:37:38.238 [JavaFX Application Thread] DEBUG GameApplicationServi - Removing overlay from FXGLLoadingScene and adding to GameScene
20:37:38.241 [JavaFX Application Thread] DEBUG PrimaryStageWindow   - FXGLLoadingScene -> GameScene
20:37:40.763 [FXGL Background Thread 3 ] DEBUG Engine               - Logging environment variables
20:37:40.764 [FXGL Background Thread 3 ] DEBUG Engine               - achievements: []
20:37:40.764 [FXGL Background Thread 3 ] DEBUG Engine               - actualHeight: 720.0
20:37:40.764 [FXGL Background Thread 3 ] DEBUG Engine               - actualHeightProperty: ReadOnlyDoubleProperty [value: 720.0]
20:37:40.764 [FXGL Background Thread 3 ] DEBUG Engine               - actualWidth: 1280.0
20:37:40.764 [FXGL Background Thread 3 ] DEBUG Engine               - actualWidthProperty: ReadOnlyDoubleProperty [value: 1280.0]
20:37:40.764 [FXGL Background Thread 3 ] DEBUG Engine               - appIcon: fxgl_icon.png
20:37:40.764 [FXGL Background Thread 3 ] DEBUG Engine               - applicationMode: DEVELOPER
20:37:40.764 [FXGL Background Thread 3 ] DEBUG Engine               - cSSList: [fxgl_dark.css]
20:37:40.764 [FXGL Background Thread 3 ] DEBUG Engine               - collisionDetectionStrategy: BRUTE_FORCE
20:37:40.764 [FXGL Background Thread 3 ] DEBUG Engine               - configClass: Optional.empty
20:37:40.764 [FXGL Background Thread 3 ] DEBUG Engine               - credits: []
20:37:40.765 [FXGL Background Thread 3 ] DEBUG Engine               - defaultCursor: CursorInfo(imageName=fxgl_default_cursor.png, hotspotX=7.0, hotspotY=6.0)
20:37:40.765 [FXGL Background Thread 3 ] DEBUG Engine               - devBBoxColorProperty: ObjectProperty [value: 0xff0000ff]
20:37:40.765 [FXGL Background Thread 3 ] DEBUG Engine               - devEnableDebugCameraProperty: BooleanProperty [value: false]
20:37:40.765 [FXGL Background Thread 3 ] DEBUG Engine               - devSensorColorProperty: ObjectProperty [value: 0xffff00ff]
20:37:40.765 [FXGL Background Thread 3 ] DEBUG Engine               - devShowBBoxProperty: BooleanProperty [value: false]
20:37:40.765 [FXGL Background Thread 3 ] DEBUG Engine               - devShowPositionProperty: BooleanProperty [value: false]
20:37:40.765 [FXGL Background Thread 3 ] DEBUG Engine               - enabledMenuItems: []
20:37:40.765 [FXGL Background Thread 3 ] DEBUG Engine               - engineServices: [class com.almasb.fxgl.app.services.FXGLAssetLoaderService, class com.almasb.fxgl.app.FXGLApplication$GameApplicationService, class com.almasb.fxgl.app.services.FXGLDialogService, class com.almasb.fxgl.app.services.IOTaskExecutorService, class com.almasb.fxgl.io.FileSystemService, class com.almasb.fxgl.localization.LocalizationService, class com.almasb.fxgl.app.services.SystemBundleService, class com.almasb.fxgl.profile.SaveLoadService, class com.almasb.fxgl.ui.FXGLUIFactoryServiceProvider, class com.almasb.fxgl.ui.FXGLDialogFactoryServiceProvider, class com.almasb.fxgl.audio.AudioPlayer, class com.almasb.fxgl.notification.impl.NotificationServiceProvider, class com.almasb.fxgl.achievement.AchievementService, class com.almasb.fxgl.cutscene.CutsceneService, class com.almasb.fxgl.minigames.MiniGameService, class com.almasb.fxgl.net.NetService, class com.almasb.fxgl.app.services.UpdaterService, class com.almasb.fxgl.dev.DevService]
20:37:40.765 [FXGL Background Thread 3 ] DEBUG Engine               - fontGame: Abel-Regular.ttf
20:37:40.765 [FXGL Background Thread 3 ] DEBUG Engine               - fontMono: TerminalLandMono-Regular.otf
20:37:40.765 [FXGL Background Thread 3 ] DEBUG Engine               - fontSizeScaleUI: 1.0
20:37:40.765 [FXGL Background Thread 3 ] DEBUG Engine               - fontText: Courier-Prime.ttf
20:37:40.765 [FXGL Background Thread 3 ] DEBUG Engine               - fontUI: VarelaRound-Regular.ttf
20:37:40.765 [FXGL Background Thread 3 ] DEBUG Engine               - fpsRefreshRate: 500.0 ms
20:37:40.765 [FXGL Background Thread 3 ] DEBUG Engine               - fullScreen: BooleanProperty [value: false]
20:37:40.765 [FXGL Background Thread 3 ] DEBUG Engine               - gameDifficulty: MEDIUM
20:37:40.765 [FXGL Background Thread 3 ] DEBUG Engine               - gameDifficultyProperty: ObjectProperty [value: MEDIUM]
20:37:40.765 [FXGL Background Thread 3 ] DEBUG Engine               - globalMusicVolume: 0.5
20:37:40.765 [FXGL Background Thread 3 ] DEBUG Engine               - globalMusicVolumeProperty: DoubleProperty [value: 0.5]
20:37:40.765 [FXGL Background Thread 3 ] DEBUG Engine               - globalSoundVolume: 0.5
20:37:40.765 [FXGL Background Thread 3 ] DEBUG Engine               - globalSoundVolumeProperty: DoubleProperty [value: 0.5]
20:37:40.765 [FXGL Background Thread 3 ] DEBUG Engine               - height: 720
20:37:40.765 [FXGL Background Thread 3 ] DEBUG Engine               - is3D: false
20:37:40.765 [FXGL Background Thread 3 ] DEBUG Engine               - isAndroid: false
20:37:40.765 [FXGL Background Thread 3 ] DEBUG Engine               - isBrowser: false
20:37:40.765 [FXGL Background Thread 3 ] DEBUG Engine               - isClickFeedbackEnabled: false
20:37:40.765 [FXGL Background Thread 3 ] DEBUG Engine               - isCloseConfirmation: false
20:37:40.765 [FXGL Background Thread 3 ] DEBUG Engine               - isDesktop: true
20:37:40.765 [FXGL Background Thread 3 ] DEBUG Engine               - isDeveloperMenuEnabled: true
20:37:40.765 [FXGL Background Thread 3 ] DEBUG Engine               - isEmbedded: false
20:37:40.765 [FXGL Background Thread 3 ] DEBUG Engine               - isEntityPreloadEnabled: true
20:37:40.765 [FXGL Background Thread 3 ] DEBUG Engine               - isExperimentalTiledLargeMap: false
20:37:40.765 [FXGL Background Thread 3 ] DEBUG Engine               - isFileSystemWriteAllowed: true
20:37:40.765 [FXGL Background Thread 3 ] DEBUG Engine               - isFullScreenAllowed: false
20:37:40.765 [FXGL Background Thread 3 ] DEBUG Engine               - isFullScreenFromStart: false
20:37:40.765 [FXGL Background Thread 3 ] DEBUG Engine               - isGameMenuEnabled: true
20:37:40.765 [FXGL Background Thread 3 ] DEBUG Engine               - isIOS: false
20:37:40.765 [FXGL Background Thread 3 ] DEBUG Engine               - isIntroEnabled: false
20:37:40.765 [FXGL Background Thread 3 ] DEBUG Engine               - isLinux: false
20:37:40.765 [FXGL Background Thread 3 ] DEBUG Engine               - isMac: false
20:37:40.765 [FXGL Background Thread 3 ] DEBUG Engine               - isMainMenuEnabled: false
20:37:40.765 [FXGL Background Thread 3 ] DEBUG Engine               - isManualResizeEnabled: false
20:37:40.765 [FXGL Background Thread 3 ] DEBUG Engine               - isMobile: false
20:37:40.765 [FXGL Background Thread 3 ] DEBUG Engine               - isNative: false
20:37:40.765 [FXGL Background Thread 3 ] DEBUG Engine               - isPauseMusicWhenMinimized: true
20:37:40.765 [FXGL Background Thread 3 ] DEBUG Engine               - isPreserveResizeRatio: false
20:37:40.765 [FXGL Background Thread 3 ] DEBUG Engine               - isProfilingEnabled: false
20:37:40.765 [FXGL Background Thread 3 ] DEBUG Engine               - isScaleAffectedOnResize: true
20:37:40.765 [FXGL Background Thread 3 ] DEBUG Engine               - isSingleStep: false
20:37:40.765 [FXGL Background Thread 3 ] DEBUG Engine               - isUserProfileEnabled: false
20:37:40.765 [FXGL Background Thread 3 ] DEBUG Engine               - isWindows: true
20:37:40.765 [FXGL Background Thread 3 ] DEBUG Engine               - language: ObjectProperty [value: ENGLISH]
20:37:40.765 [FXGL Background Thread 3 ] DEBUG Engine               - menuKey: ESCAPE
20:37:40.765 [FXGL Background Thread 3 ] DEBUG Engine               - mouseSensitivity: 0.2
20:37:40.765 [FXGL Background Thread 3 ] DEBUG Engine               - notificationViewClass: class com.almasb.fxgl.notification.view.XboxNotificationView
20:37:40.765 [FXGL Background Thread 3 ] DEBUG Engine               - pixelsPerMeter: 50.0
20:37:40.765 [FXGL Background Thread 3 ] DEBUG Engine               - platform: WINDOWS
20:37:40.765 [FXGL Background Thread 3 ] DEBUG Engine               - prefHeightProperty: ReadOnlyDoubleProperty [value: 720.0]
20:37:40.766 [FXGL Background Thread 3 ] DEBUG Engine               - prefWidthProperty: ReadOnlyDoubleProperty [value: 1280.0]
20:37:40.766 [FXGL Background Thread 3 ] DEBUG Engine               - profileDir: profiles/
20:37:40.766 [FXGL Background Thread 3 ] DEBUG Engine               - profileName: StringProperty [value: DEFAULT]
20:37:40.766 [FXGL Background Thread 3 ] DEBUG Engine               - randomSeed: -1
20:37:40.766 [FXGL Background Thread 3 ] DEBUG Engine               - runtimeInfo: RuntimeInfo(platform=WINDOWS, version=25, build=05.02.2026 22.57)
20:37:40.766 [FXGL Background Thread 3 ] DEBUG Engine               - saveFileExt: sav
20:37:40.766 [FXGL Background Thread 3 ] DEBUG Engine               - scaledHeightProp$fxgl: DoubleProperty [bound, value: 720.0]
20:37:40.766 [FXGL Background Thread 3 ] DEBUG Engine               - scaledWidthProp$fxgl: DoubleProperty [bound, value: 1280.0]
20:37:40.766 [FXGL Background Thread 3 ] DEBUG Engine               - sceneFactory: com.almasb.fxgl.app.scene.SceneFactory@3fa8adc0
20:37:40.766 [FXGL Background Thread 3 ] DEBUG Engine               - secondsIn24h: 60
20:37:40.766 [FXGL Background Thread 3 ] DEBUG Engine               - soundMenuBack: menu/back.wav
20:37:40.766 [FXGL Background Thread 3 ] DEBUG Engine               - soundMenuPress: menu/press.wav
20:37:40.766 [FXGL Background Thread 3 ] DEBUG Engine               - soundMenuSelect: menu/select.wav
20:37:40.766 [FXGL Background Thread 3 ] DEBUG Engine               - soundNotification: core/notification.wav
20:37:40.766 [FXGL Background Thread 3 ] DEBUG Engine               - stageStyle: DECORATED
20:37:40.766 [FXGL Background Thread 3 ] DEBUG Engine               - supportedLanguages: [ENGLISH, FRENCH, GERMAN, HUNGARIAN, RUSSIAN]
20:37:40.766 [FXGL Background Thread 3 ] DEBUG Engine               - ticksPerSecond: -1
20:37:40.766 [FXGL Background Thread 3 ] DEBUG Engine               - title: Untitled
20:37:40.766 [FXGL Background Thread 3 ] DEBUG Engine               - urlGithub: https://github.com/AlmasB/FXGL
20:37:40.766 [FXGL Background Thread 3 ] DEBUG Engine               - urlLeaderboard: http://fxgl-top.herokuapp.com/
20:37:40.766 [FXGL Background Thread 3 ] DEBUG Engine               - urlPOM: https://raw.githubusercontent.com/AlmasB/FXGL/release/README.md
20:37:40.766 [FXGL Background Thread 3 ] DEBUG Engine               - userAppClass: class Project1Game.Main
20:37:40.766 [FXGL Background Thread 3 ] DEBUG Engine               - version: 0.0
20:37:40.766 [FXGL Background Thread 3 ] DEBUG Engine               - versionCheckDays: 7
20:37:40.766 [FXGL Background Thread 3 ] DEBUG Engine               - width: 1280
20:37:40.766 [FXGL Background Thread 3 ] DEBUG Engine               - Logging services
20:37:40.766 [FXGL Background Thread 3 ] DEBUG Engine               - class com.almasb.fxgl.app.services.FXGLAssetLoaderService
20:37:40.766 [FXGL Background Thread 3 ] DEBUG Engine               - class com.almasb.fxgl.app.FXGLApplication$GameApplicationService
20:37:40.766 [FXGL Background Thread 3 ] DEBUG Engine               - class com.almasb.fxgl.app.services.FXGLDialogService
20:37:40.766 [FXGL Background Thread 3 ] DEBUG Engine               - class com.almasb.fxgl.app.services.IOTaskExecutorService
20:37:40.766 [FXGL Background Thread 3 ] DEBUG Engine               - class com.almasb.fxgl.io.FileSystemService
20:37:40.766 [FXGL Background Thread 3 ] DEBUG Engine               - class com.almasb.fxgl.localization.LocalizationService
20:37:40.766 [FXGL Background Thread 3 ] DEBUG Engine               - class com.almasb.fxgl.app.services.SystemBundleService
20:37:40.766 [FXGL Background Thread 3 ] DEBUG Engine               - class com.almasb.fxgl.profile.SaveLoadService
20:37:40.766 [FXGL Background Thread 3 ] DEBUG Engine               - class com.almasb.fxgl.ui.FXGLUIFactoryServiceProvider
20:37:40.766 [FXGL Background Thread 3 ] DEBUG Engine               - class com.almasb.fxgl.ui.FXGLDialogFactoryServiceProvider
20:37:40.766 [FXGL Background Thread 3 ] DEBUG Engine               - class com.almasb.fxgl.audio.AudioPlayer
20:37:40.766 [FXGL Background Thread 3 ] DEBUG Engine               - class com.almasb.fxgl.notification.impl.NotificationServiceProvider
20:37:40.766 [FXGL Background Thread 3 ] DEBUG Engine               - class com.almasb.fxgl.achievement.AchievementService
20:37:40.766 [FXGL Background Thread 3 ] DEBUG Engine               - class com.almasb.fxgl.cutscene.CutsceneService
20:37:40.766 [FXGL Background Thread 3 ] DEBUG Engine               - class com.almasb.fxgl.minigames.MiniGameService
20:37:40.766 [FXGL Background Thread 3 ] DEBUG Engine               - class com.almasb.fxgl.net.NetService
20:37:40.766 [FXGL Background Thread 3 ] DEBUG Engine               - class com.almasb.fxgl.app.services.UpdaterService
20:37:40.766 [FXGL Background Thread 3 ] DEBUG Engine               - class com.almasb.fxgl.dev.DevService
20:38:02.681 [JavaFX Application Thread] DEBUG PrimaryStageWindow   - Push state: FXGLDefaultMenu
20:38:02.684 [JavaFX Application Thread] DEBUG Input                - Clearing active input actions
20:38:02.686 [JavaFX Application Thread] DEBUG GameApplicationServi - Removing overlay from GameScene and adding to FXGLDefaultMenu
20:38:02.687 [JavaFX Application Thread] DEBUG PrimaryStageWindow   - GameScene -> FXGLDefaultMenu
20:38:03.053 [JavaFX Application Thread] DEBUG PrimaryStageWindow   - Pop state: FXGLDefaultMenu
20:38:03.053 [JavaFX Application Thread] DEBUG Input                - Clearing active input actions
20:38:03.054 [JavaFX Application Thread] DEBUG GameApplicationServi - Removing overlay from FXGLDefaultMenu and adding to GameScene
20:38:03.055 [JavaFX Application Thread] DEBUG PrimaryStageWindow   - GameScene <- FXGLDefaultMenu
20:39:12.122 [JavaFX Application Thread] DEBUG FXGLAssetLoaderServi - Loading from file system: file:/D:/GameDevelop/Project1/target/classes/assets/textures/Crops/vectoraith_tileset_farmingsims_crops_dense_spring_32x32.png
20:41:29.405 [JavaFX Application Thread] DEBUG FXGLApplication      - Exiting FXGL
20:41:29.406 [JavaFX Application Thread] DEBUG LoopRunner           - Stopping loop
20:41:29.407 [JavaFX Application Thread] DEBUG SystemBundleService  - Saving FXGL system data
20:41:29.409 [JavaFX Application Thread] DEBUG FileSystemAccess     - Writing to: D:\GameDevelop\Project1\system\fxgl.bundle
20:41:29.412 [JavaFX Application Thread] DEBUG Async                - Shutting down background threads
20:41:29.412 [JavaFX Application Thread] DEBUG PrimaryStageWindow   - Closing main window
20:41:29.421 [JavaFX Application Thread] DEBUG Logger               - Closing Logger
