07:26:02.737 [Project1Game.Main.main() ] DEBUG Logger               - Configured Logger
07:26:02.741 [Project1Game.Main.main() ] DEBUG GameApplication      - Logging settings
Title: Java Farming Professional
Version: 2.5
Width: 1280
Height: 720
Fullscreen: false
Intro: false
Profiling: false
Single step:false
App Mode: DEVELOPER
Menu Key: ESCAPE
Stage Style: DECORATED
Scene Factory: class com.almasb.fxgl.app.scene.SceneFactory

07:26:03.950 [JavaFX Application Thread] DEBUG FXGLApplication      - Initializing FXGL
07:26:03.953 [JavaFX Application Thread] INFO  Engine               - FXGL-25 (05.02.2026 22.57) on WINDOWS (J:25.0.3 FX:25.0.1)
07:26:03.953 [JavaFX Application Thread] DEBUG Engine               - JRE Vendor Name: Oracle Corporation
07:26:03.954 [JavaFX Application Thread] DEBUG Engine               - Running on OS: Windows 11 version 10.0
07:26:03.954 [JavaFX Application Thread] DEBUG Engine               - Architecture: amd64
07:26:03.954 [JavaFX Application Thread] INFO  Engine               - Source code and latest versions at: https://github.com/AlmasB/FXGL
07:26:03.954 [JavaFX Application Thread] INFO  Engine               -       Ask questions and discuss at: https://github.com/AlmasB/FXGL/discussions
07:26:04.118 [JavaFX Application Thread] DEBUG PrimaryStageWindow   - Creating a JavaFX scene
07:26:04.185 [JavaFX Application Thread] DEBUG PrimaryStageWindow   - Target settings size: 1280.0 x 720.0
07:26:04.185 [JavaFX Application Thread] DEBUG PrimaryStageWindow   - Scaled scene size:    1280.0 x 720.0
07:26:04.186 [JavaFX Application Thread] DEBUG PrimaryStageWindow   - Scaled ratio: (1.0, 1.0)
07:26:04.187 [JavaFX Application Thread] DEBUG PrimaryStageWindow   - Set initial scene to FXGLStartupScene
07:26:04.193 [JavaFX Application Thread] DEBUG PrimaryStageWindow   - Opening main window
07:26:04.727 [JavaFX Application Thread] DEBUG PrimaryStageWindow   - Window border size: (14.4000244140625, 37.5999755859375)
07:26:04.729 [JavaFX Application Thread] DEBUG PrimaryStageWindow   - Scaled size: 1280.0 x 720.0
07:26:04.729 [JavaFX Application Thread] DEBUG PrimaryStageWindow   - Scaled ratio: (1.0, 1.0)
07:26:04.729 [JavaFX Application Thread] DEBUG PrimaryStageWindow   - Scene size: 1280.0 x 720.0
07:26:04.730 [JavaFX Application Thread] DEBUG PrimaryStageWindow   - Stage size: 1294.4000244140625 x 757.5999755859375
07:26:04.747 [FXGL Background Thread 1 ] DEBUG Engine               - Initializing environment variables
07:26:04.831 [FXGL Background Thread 1 ] DEBUG FXGLAssetLoaderServi - User app class for loading assets: class Project1Game.Main
07:26:04.831 [FXGL Background Thread 1 ] DEBUG GameApplicationServi - Applying CSS: fxgl_dark.css
07:26:04.833 [FXGL Background Thread 1 ] DEBUG FXGLAssetLoaderServi - Loading from file system: jar:file:/C:/Users/HP/.m2/repository/com/github/almasb/fxgl/25/fxgl-25.jar!/fxglassets/ui/css/fxgl_dark.css
07:26:04.918 [FXGL Background Thread 1 ] DEBUG GameApplicationServi - Initializing application scenes
07:26:05.013 [FXGL Background Thread 1 ] DEBUG GameWorld            - Game world initialized
07:26:05.088 [FXGL Background Thread 1 ] DEBUG PhysicsWorld         - Physics world initialized: appHeight=720, physics.ppm=50.0
07:26:05.088 [FXGL Background Thread 1 ] DEBUG PhysicsWorld         - Using strategy: BRUTE_FORCE
07:26:05.095 [FXGL Background Thread 1 ] DEBUG GameScene            - Game scene initialized: 1280x720
07:26:05.113 [FXGL Background Thread 1 ] DEBUG FXGL.DefaultMenu     - createMenuBodyGameMenu()
07:26:05.139 [FXGL Background Thread 1 ] DEBUG FXGL.DefaultMenu     - createOptionsMenu()
07:26:05.154 [FXGL Background Thread 1 ] DEBUG FXGLAssetLoaderServi - Loading from file system: jar:file:/C:/Users/HP/.m2/repository/com/github/almasb/fxgl/25/fxgl-25.jar!/fxglassets/textures/particles/smoke.png
07:26:05.294 [FXGL Background Thread 1 ] DEBUG FXGLAssetLoaderServi - Loading from file system: jar:file:/C:/Users/HP/.m2/repository/com/github/almasb/fxgl/25/fxgl-25.jar!/fxglassets/textures/particles/trace_horizontal.png
07:26:05.340 [FXGL Background Thread 1 ] DEBUG GameApplicationServi - Application scenes initialized
07:26:05.356 [FXGL Background Thread 1 ] DEBUG SystemBundleService  - Loading FXGL system data
07:26:05.368 [FXGL Background Thread 1 ] DEBUG FileSystemAccess     - Reading from: D:\projects\helloworld\FarmSimulator\system\fxgl.bundle
07:26:05.376 [FXGL Background Thread 1 ] DEBUG SystemBundleService  - Bundle FXGL: {}
07:26:05.376 [FXGL Background Thread 1 ] DEBUG UpdaterService       - Checking for updates
07:26:05.419 [FXGL Background Thread 4 ] DEBUG FXGLApplication      - Loading fonts
07:26:05.419 [FXGL Background Thread 4 ] DEBUG FXGLAssetLoaderServi - Loading from file system: jar:file:/C:/Users/HP/.m2/repository/com/github/almasb/fxgl/25/fxgl-25.jar!/fxglassets/ui/fonts/VarelaRound-Regular.ttf
07:26:05.419 [FXGL Background Thread 1 ] DEBUG FXGLApplication      - Loading default localization
07:26:05.420 [FXGL Background Thread 1 ] DEBUG FXGLAssetLoaderServi - Loading from file system: jar:file:/C:/Users/HP/.m2/repository/com/github/almasb/fxgl/25/fxgl-25.jar!/fxglassets/languages/english.lang
07:26:05.442 [FXGL Background Thread 1 ] INFO  FXGLApplication      - FXGL initialization took: 0.695 sec
07:26:05.458 [JavaFX Application Thread] DEBUG Input                - Registered new binding: Move Right - D
07:26:05.459 [JavaFX Application Thread] DEBUG Input                - Registered new binding: Move Left - A
07:26:05.459 [JavaFX Application Thread] DEBUG Input                - Registered new binding: Move Up - W
07:26:05.459 [JavaFX Application Thread] DEBUG Input                - Registered new binding: Move Down - S
07:26:05.460 [JavaFX Application Thread] DEBUG Input                - Registered new binding: Interact Action Key - E
07:26:05.460 [JavaFX Application Thread] DEBUG Input                - Registered new binding: Use Tool Keyboard - F
07:26:05.463 [JavaFX Application Thread] DEBUG Input                - Registered new binding: Use Tool Mouse - LMB
07:26:05.463 [JavaFX Application Thread] DEBUG Input                - Registered new binding: Test Quick Water - Q
07:26:05.465 [JavaFX Application Thread] DEBUG Input                - Registered new binding: Close UI Window - R
07:26:05.465 [JavaFX Application Thread] DEBUG Input                - Registered new binding: Toggle Inventory Window - Tab
07:26:05.465 [JavaFX Application Thread] DEBUG Input                - Registered new binding: Quick Save - F5
07:26:05.465 [JavaFX Application Thread] DEBUG Input                - Registered new binding: Quick Load - F9
07:26:05.465 [JavaFX Application Thread] DEBUG Input                - Registered new binding: Select Inventory Slot 1 - 1
07:26:05.465 [JavaFX Application Thread] DEBUG Input                - Registered new binding: Select Inventory Slot 2 - 2
07:26:05.465 [JavaFX Application Thread] DEBUG Input                - Registered new binding: Select Inventory Slot 3 - 3
07:26:05.465 [JavaFX Application Thread] DEBUG Input                - Registered new binding: Select Inventory Slot 4 - 4
07:26:05.465 [JavaFX Application Thread] DEBUG Input                - Registered new binding: Select Inventory Slot 5 - 5
07:26:05.465 [JavaFX Application Thread] DEBUG Input                - Registered new binding: Select Inventory Slot 6 - 6
07:26:05.467 [JavaFX Application Thread] DEBUG Input                - Registered new binding: Select Inventory Slot 7 - 7
07:26:05.467 [JavaFX Application Thread] DEBUG Input                - Registered new binding: Select Inventory Slot 8 - 8
07:26:05.467 [JavaFX Application Thread] DEBUG Input                - Registered new binding: Select Inventory Slot 9 - 9
07:26:05.469 [JavaFX Application Thread] DEBUG FXGLAssetLoaderServi - Loading from file system: jar:file:/C:/Users/HP/.m2/repository/com/github/almasb/fxgl/25/fxgl-25.jar!/fxglassets/textures/fxgl_icon.png
07:26:05.494 [FXGL Background Thread 4 ] DEBUG FXGLAssetLoaderServi - Loading from file system: jar:file:/C:/Users/HP/.m2/repository/com/github/almasb/fxgl/25/fxgl-25.jar!/fxglassets/ui/fonts/Abel-Regular.ttf
07:26:05.502 [JavaFX Application Thread] DEBUG FXGLAssetLoaderServi - Loading from file system: jar:file:/C:/Users/HP/.m2/repository/com/github/almasb/fxgl/25/fxgl-25.jar!/fxglassets/textures/fxgl_default_cursor.png
07:26:05.505 [JavaFX Application Thread] DEBUG Input                - Registered new binding: Screenshot - CTRL+8
07:26:05.506 [JavaFX Application Thread] DEBUG Input                - Registered new binding: Dev Options - 1
07:26:05.507 [JavaFX Application Thread] DEBUG Input                - Registered new binding: Dev Console - 2
07:26:05.510 [JavaFX Application Thread] DEBUG Input                - Registered new binding: System info dump - CTRL+9
07:26:05.511 [JavaFX Application Thread] DEBUG Input                - Registered new binding: Restart - CTRL+R
07:26:05.513 [JavaFX Application Thread] DEBUG Input                - Registered new binding: Toggle Debug Camera - CTRL+7
07:26:05.514 [FXGL Background Thread 4 ] DEBUG FXGLAssetLoaderServi - Loading from file system: jar:file:/C:/Users/HP/.m2/repository/com/github/almasb/fxgl/25/fxgl-25.jar!/fxglassets/ui/fonts/TerminalLandMono-Regular.otf
07:26:05.520 [JavaFX Application Thread] DEBUG LoopRunner           - Starting loop
07:26:05.540 [FXGL Background Thread 4 ] DEBUG FXGLAssetLoaderServi - Loading from file system: jar:file:/C:/Users/HP/.m2/repository/com/github/almasb/fxgl/25/fxgl-25.jar!/fxglassets/ui/fonts/Courier-Prime.ttf
07:26:05.550 [JavaFX Application Thread] DEBUG LoopRunner           - Initializing JavaFX AnimationTimerLoop
07:26:05.555 [JavaFX Application Thread] DEBUG GameApplicationServi - Starting new game
07:26:05.556 [JavaFX Application Thread] DEBUG Input                - Clearing active input actions
07:26:05.583 [JavaFX Application Thread] DEBUG GameApplicationServi - Removing overlay from FXGLStartupScene and adding to FXGLLoadingScene
07:26:05.589 [JavaFX Application Thread] DEBUG PrimaryStageWindow   - FXGLStartupScene -> FXGLLoadingScene
07:26:05.589 [JavaFX Application Thread] DEBUG GameApplicationServi - Clearing previous game
07:26:05.589 [JavaFX Application Thread] DEBUG GameScene            - Clearing game scene
07:26:05.589 [JavaFX Application Thread] DEBUG GameWorld            - Clearing game world
07:26:05.590 [JavaFX Application Thread] DEBUG PhysicsWorld         - Clearing physics world
07:26:05.592 [FXGL Background Thread 4 ] DEBUG FXGLApplication      - Initializing game
07:26:05.646 [FXGL Background Thread 4 ] WARN  FXGLAssetLoaderServi - Asset "/assets/textures/empty.png" was not found!
07:26:05.647 [FXGL Background Thread 4 ] WARN  FXGLAssetLoaderServi - Failed to load IMAGE
07:26:05.896 [JavaFX Application Thread] DEBUG FXGLApplication      - Registering font factories with UI factory
07:26:06.080 [FXGL Background Thread 4 ] DEBUG FXGLAssetLoaderServi - Loading from file system: file:/D:/projects/helloworld/FarmSimulator/target/classes/assets/textures/Crops/soil_1.png
07:26:06.090 [FXGL Background Thread 4 ] WARN  FXGLAssetLoaderServi - Asset "/assets/textures/empty.png" was not found!
07:26:06.091 [FXGL Background Thread 4 ] WARN  FXGLAssetLoaderServi - Failed to load IMAGE
07:26:06.091 [FXGL Background Thread 4 ] DEBUG FXGLAssetLoaderServi - Loading from file system: file:/D:/projects/helloworld/FarmSimulator/target/classes/assets/textures/Crops/rice_1.png
07:26:06.095 [FXGL Background Thread 4 ] WARN  FXGLAssetLoaderServi - Asset "/assets/textures/empty.png" was not found!
07:26:06.095 [FXGL Background Thread 4 ] WARN  FXGLAssetLoaderServi - Failed to load IMAGE
07:26:06.097 [FXGL Background Thread 4 ] WARN  FXGLAssetLoaderServi - Asset "/assets/textures/empty.png" was not found!
07:26:06.098 [FXGL Background Thread 4 ] WARN  FXGLAssetLoaderServi - Failed to load IMAGE
07:26:06.099 [FXGL Background Thread 4 ] WARN  FXGLAssetLoaderServi - Asset "/assets/textures/empty.png" was not found!
07:26:06.100 [FXGL Background Thread 4 ] WARN  FXGLAssetLoaderServi - Failed to load IMAGE
07:26:06.102 [FXGL Background Thread 4 ] WARN  FXGLAssetLoaderServi - Asset "/assets/textures/empty.png" was not found!
07:26:06.103 [FXGL Background Thread 4 ] WARN  FXGLAssetLoaderServi - Failed to load IMAGE
07:26:06.105 [FXGL Background Thread 4 ] WARN  FXGLAssetLoaderServi - Asset "/assets/textures/empty.png" was not found!
07:26:06.105 [FXGL Background Thread 4 ] WARN  FXGLAssetLoaderServi - Failed to load IMAGE
07:26:06.107 [FXGL Background Thread 4 ] WARN  FXGLAssetLoaderServi - Asset "/assets/textures/empty.png" was not found!
07:26:06.107 [FXGL Background Thread 4 ] WARN  FXGLAssetLoaderServi - Failed to load IMAGE
07:26:06.108 [FXGL Background Thread 4 ] DEBUG FXGLAssetLoaderServi - Loading from file system: file:/D:/projects/helloworld/FarmSimulator/target/classes/assets/textures/Crops/soil_2.png
07:26:06.111 [FXGL Background Thread 4 ] WARN  FXGLAssetLoaderServi - Asset "/assets/textures/empty.png" was not found!
07:26:06.111 [FXGL Background Thread 4 ] WARN  FXGLAssetLoaderServi - Failed to load IMAGE
07:26:06.112 [FXGL Background Thread 4 ] WARN  FXGLAssetLoaderServi - Asset "/assets/textures/empty.png" was not found!
07:26:06.113 [FXGL Background Thread 4 ] WARN  FXGLAssetLoaderServi - Failed to load IMAGE
07:26:06.118 [FXGL Background Thread 4 ] WARN  FXGLAssetLoaderServi - Asset "/assets/textures/empty.png" was not found!
07:26:06.118 [FXGL Background Thread 4 ] WARN  FXGLAssetLoaderServi - Failed to load IMAGE
07:26:06.119 [FXGL Background Thread 4 ] WARN  FXGLAssetLoaderServi - Asset "/assets/textures/empty.png" was not found!
07:26:06.120 [FXGL Background Thread 4 ] WARN  FXGLAssetLoaderServi - Failed to load IMAGE
07:26:06.126 [FXGL Background Thread 4 ] WARN  FXGLAssetLoaderServi - Asset "/assets/textures/empty.png" was not found!
07:26:06.127 [FXGL Background Thread 4 ] WARN  FXGLAssetLoaderServi - Failed to load IMAGE
07:26:06.128 [FXGL Background Thread 4 ] WARN  FXGLAssetLoaderServi - Asset "/assets/textures/empty.png" was not found!
07:26:06.128 [FXGL Background Thread 4 ] WARN  FXGLAssetLoaderServi - Failed to load IMAGE
07:26:06.129 [FXGL Background Thread 4 ] WARN  FXGLAssetLoaderServi - Asset "/assets/textures/empty.png" was not found!
07:26:06.130 [FXGL Background Thread 4 ] WARN  FXGLAssetLoaderServi - Failed to load IMAGE
07:26:06.130 [FXGL Background Thread 4 ] WARN  FXGLAssetLoaderServi - Asset "/assets/textures/empty.png" was not found!
07:26:06.131 [FXGL Background Thread 4 ] WARN  FXGLAssetLoaderServi - Failed to load IMAGE
07:26:06.131 [FXGL Background Thread 4 ] WARN  FXGLAssetLoaderServi - Asset "/assets/textures/empty.png" was not found!
07:26:06.132 [FXGL Background Thread 4 ] WARN  FXGLAssetLoaderServi - Failed to load IMAGE
07:26:06.132 [FXGL Background Thread 4 ] WARN  FXGLAssetLoaderServi - Asset "/assets/textures/empty.png" was not found!
07:26:06.133 [FXGL Background Thread 4 ] WARN  FXGLAssetLoaderServi - Failed to load IMAGE
07:26:06.134 [FXGL Background Thread 4 ] WARN  FXGLAssetLoaderServi - Asset "/assets/textures/empty.png" was not found!
07:26:06.135 [FXGL Background Thread 4 ] WARN  FXGLAssetLoaderServi - Failed to load IMAGE
07:26:06.136 [FXGL Background Thread 4 ] WARN  FXGLAssetLoaderServi - Asset "/assets/textures/empty.png" was not found!
07:26:06.136 [FXGL Background Thread 4 ] WARN  FXGLAssetLoaderServi - Failed to load IMAGE
07:26:06.138 [FXGL Background Thread 4 ] WARN  FXGLAssetLoaderServi - Asset "/assets/textures/empty.png" was not found!
07:26:06.138 [FXGL Background Thread 4 ] WARN  FXGLAssetLoaderServi - Failed to load IMAGE
07:26:06.138 [FXGL Background Thread 4 ] WARN  FXGLAssetLoaderServi - Asset "/assets/textures/empty.png" was not found!
07:26:06.139 [FXGL Background Thread 4 ] WARN  FXGLAssetLoaderServi - Failed to load IMAGE
07:26:06.140 [FXGL Background Thread 4 ] WARN  FXGLAssetLoaderServi - Asset "/assets/textures/empty.png" was not found!
07:26:06.141 [FXGL Background Thread 4 ] WARN  FXGLAssetLoaderServi - Failed to load IMAGE
07:26:06.141 [FXGL Background Thread 4 ] WARN  FXGLAssetLoaderServi - Asset "/assets/textures/empty.png" was not found!
07:26:06.141 [FXGL Background Thread 4 ] WARN  FXGLAssetLoaderServi - Failed to load IMAGE
07:26:06.143 [FXGL Background Thread 4 ] WARN  FXGLAssetLoaderServi - Asset "/assets/textures/empty.png" was not found!
07:26:06.144 [FXGL Background Thread 4 ] WARN  FXGLAssetLoaderServi - Failed to load IMAGE
07:26:06.145 [FXGL Background Thread 4 ] WARN  FXGLAssetLoaderServi - Asset "/assets/textures/empty.png" was not found!
07:26:06.145 [FXGL Background Thread 4 ] WARN  FXGLAssetLoaderServi - Failed to load IMAGE
07:26:06.146 [FXGL Background Thread 4 ] WARN  FXGLAssetLoaderServi - Asset "/assets/textures/empty.png" was not found!
07:26:06.146 [FXGL Background Thread 4 ] WARN  FXGLAssetLoaderServi - Failed to load IMAGE
07:26:06.147 [FXGL Background Thread 4 ] WARN  FXGLAssetLoaderServi - Asset "/assets/textures/empty.png" was not found!
07:26:06.147 [FXGL Background Thread 4 ] WARN  FXGLAssetLoaderServi - Failed to load IMAGE
07:26:06.149 [FXGL Background Thread 4 ] WARN  FXGLAssetLoaderServi - Asset "/assets/textures/empty.png" was not found!
07:26:06.149 [FXGL Background Thread 4 ] WARN  FXGLAssetLoaderServi - Failed to load IMAGE
07:26:06.150 [FXGL Background Thread 4 ] WARN  FXGLAssetLoaderServi - Asset "/assets/textures/empty.png" was not found!
07:26:06.150 [FXGL Background Thread 4 ] WARN  FXGLAssetLoaderServi - Failed to load IMAGE
07:26:06.152 [FXGL Background Thread 4 ] WARN  FXGLAssetLoaderServi - Asset "/assets/textures/empty.png" was not found!
07:26:06.152 [FXGL Background Thread 4 ] WARN  FXGLAssetLoaderServi - Failed to load IMAGE
07:26:06.153 [FXGL Background Thread 4 ] WARN  FXGLAssetLoaderServi - Asset "/assets/textures/empty.png" was not found!
07:26:06.153 [FXGL Background Thread 4 ] WARN  FXGLAssetLoaderServi - Failed to load IMAGE
07:26:06.155 [FXGL Background Thread 4 ] WARN  FXGLAssetLoaderServi - Asset "/assets/textures/empty.png" was not found!
07:26:06.155 [FXGL Background Thread 4 ] WARN  FXGLAssetLoaderServi - Failed to load IMAGE
07:26:06.156 [FXGL Background Thread 4 ] WARN  FXGLAssetLoaderServi - Asset "/assets/textures/empty.png" was not found!
07:26:06.156 [FXGL Background Thread 4 ] WARN  FXGLAssetLoaderServi - Failed to load IMAGE
07:26:06.157 [FXGL Background Thread 4 ] WARN  FXGLAssetLoaderServi - Asset "/assets/textures/empty.png" was not found!
07:26:06.158 [FXGL Background Thread 4 ] WARN  FXGLAssetLoaderServi - Failed to load IMAGE
07:26:06.159 [FXGL Background Thread 4 ] WARN  FXGLAssetLoaderServi - Asset "/assets/textures/empty.png" was not found!
07:26:06.159 [FXGL Background Thread 4 ] WARN  FXGLAssetLoaderServi - Failed to load IMAGE
07:26:06.160 [FXGL Background Thread 4 ] WARN  FXGLAssetLoaderServi - Asset "/assets/textures/empty.png" was not found!
07:26:06.160 [FXGL Background Thread 4 ] WARN  FXGLAssetLoaderServi - Failed to load IMAGE
07:26:06.161 [FXGL Background Thread 4 ] WARN  FXGLAssetLoaderServi - Asset "/assets/textures/empty.png" was not found!
07:26:06.161 [FXGL Background Thread 4 ] WARN  FXGLAssetLoaderServi - Failed to load IMAGE
07:26:06.163 [FXGL Background Thread 4 ] WARN  FXGLAssetLoaderServi - Asset "/assets/textures/empty.png" was not found!
07:26:06.164 [FXGL Background Thread 4 ] WARN  FXGLAssetLoaderServi - Failed to load IMAGE
07:26:06.165 [FXGL Background Thread 4 ] WARN  FXGLAssetLoaderServi - Asset "/assets/textures/empty.png" was not found!
07:26:06.166 [FXGL Background Thread 4 ] WARN  FXGLAssetLoaderServi - Failed to load IMAGE
07:26:06.167 [FXGL Background Thread 4 ] WARN  FXGLAssetLoaderServi - Asset "/assets/textures/empty.png" was not found!
07:26:06.167 [FXGL Background Thread 4 ] WARN  FXGLAssetLoaderServi - Failed to load IMAGE
07:26:06.169 [FXGL Background Thread 4 ] WARN  FXGLAssetLoaderServi - Asset "/assets/textures/empty.png" was not found!
07:26:06.169 [FXGL Background Thread 4 ] WARN  FXGLAssetLoaderServi - Failed to load IMAGE
07:26:06.170 [FXGL Background Thread 4 ] WARN  FXGLAssetLoaderServi - Asset "/assets/textures/empty.png" was not found!
07:26:06.170 [FXGL Background Thread 4 ] WARN  FXGLAssetLoaderServi - Failed to load IMAGE
07:26:06.171 [FXGL Background Thread 4 ] WARN  FXGLAssetLoaderServi - Asset "/assets/textures/empty.png" was not found!
07:26:06.171 [FXGL Background Thread 4 ] WARN  FXGLAssetLoaderServi - Failed to load IMAGE
07:26:06.172 [FXGL Background Thread 4 ] WARN  FXGLAssetLoaderServi - Asset "/assets/textures/empty.png" was not found!
07:26:06.172 [FXGL Background Thread 4 ] WARN  FXGLAssetLoaderServi - Failed to load IMAGE
07:26:06.173 [FXGL Background Thread 4 ] WARN  FXGLAssetLoaderServi - Asset "/assets/textures/empty.png" was not found!
07:26:06.173 [FXGL Background Thread 4 ] WARN  FXGLAssetLoaderServi - Failed to load IMAGE
07:26:06.174 [FXGL Background Thread 4 ] WARN  FXGLAssetLoaderServi - Asset "/assets/textures/empty.png" was not found!
07:26:06.174 [FXGL Background Thread 4 ] WARN  FXGLAssetLoaderServi - Failed to load IMAGE
07:26:06.175 [FXGL Background Thread 4 ] WARN  FXGLAssetLoaderServi - Asset "/assets/textures/empty.png" was not found!
07:26:06.175 [FXGL Background Thread 4 ] WARN  FXGLAssetLoaderServi - Failed to load IMAGE
07:26:06.176 [FXGL Background Thread 4 ] WARN  FXGLAssetLoaderServi - Asset "/assets/textures/empty.png" was not found!
07:26:06.176 [FXGL Background Thread 4 ] WARN  FXGLAssetLoaderServi - Failed to load IMAGE
07:26:06.177 [FXGL Background Thread 4 ] WARN  FXGLAssetLoaderServi - Asset "/assets/textures/empty.png" was not found!
07:26:06.177 [FXGL Background Thread 4 ] WARN  FXGLAssetLoaderServi - Failed to load IMAGE
07:26:06.178 [FXGL Background Thread 4 ] WARN  FXGLAssetLoaderServi - Asset "/assets/textures/empty.png" was not found!
07:26:06.179 [FXGL Background Thread 4 ] WARN  FXGLAssetLoaderServi - Failed to load IMAGE
07:26:06.179 [FXGL Background Thread 4 ] WARN  FXGLAssetLoaderServi - Asset "/assets/textures/empty.png" was not found!
07:26:06.179 [FXGL Background Thread 4 ] WARN  FXGLAssetLoaderServi - Failed to load IMAGE
07:26:06.180 [FXGL Background Thread 4 ] WARN  FXGLAssetLoaderServi - Asset "/assets/textures/empty.png" was not found!
07:26:06.181 [FXGL Background Thread 4 ] WARN  FXGLAssetLoaderServi - Failed to load IMAGE
07:26:06.181 [FXGL Background Thread 4 ] WARN  FXGLAssetLoaderServi - Asset "/assets/textures/empty.png" was not found!
07:26:06.181 [FXGL Background Thread 4 ] WARN  FXGLAssetLoaderServi - Failed to load IMAGE
07:26:06.183 [FXGL Background Thread 4 ] WARN  FXGLAssetLoaderServi - Asset "/assets/textures/empty.png" was not found!
07:26:06.183 [FXGL Background Thread 4 ] WARN  FXGLAssetLoaderServi - Failed to load IMAGE
07:26:06.183 [FXGL Background Thread 4 ] WARN  FXGLAssetLoaderServi - Asset "/assets/textures/empty.png" was not found!
07:26:06.184 [FXGL Background Thread 4 ] WARN  FXGLAssetLoaderServi - Failed to load IMAGE
07:26:06.185 [FXGL Background Thread 4 ] WARN  FXGLAssetLoaderServi - Asset "/assets/textures/empty.png" was not found!
07:26:06.185 [FXGL Background Thread 4 ] WARN  FXGLAssetLoaderServi - Failed to load IMAGE
07:26:06.185 [FXGL Background Thread 4 ] WARN  FXGLAssetLoaderServi - Asset "/assets/textures/empty.png" was not found!
07:26:06.186 [FXGL Background Thread 4 ] WARN  FXGLAssetLoaderServi - Failed to load IMAGE
07:26:06.187 [FXGL Background Thread 4 ] WARN  FXGLAssetLoaderServi - Asset "/assets/textures/empty.png" was not found!
07:26:06.188 [FXGL Background Thread 4 ] WARN  FXGLAssetLoaderServi - Failed to load IMAGE
07:26:06.188 [FXGL Background Thread 4 ] WARN  FXGLAssetLoaderServi - Asset "/assets/textures/empty.png" was not found!
07:26:06.188 [FXGL Background Thread 4 ] WARN  FXGLAssetLoaderServi - Failed to load IMAGE
07:26:06.190 [FXGL Background Thread 4 ] WARN  FXGLAssetLoaderServi - Asset "/assets/textures/empty.png" was not found!
07:26:06.190 [FXGL Background Thread 4 ] WARN  FXGLAssetLoaderServi - Failed to load IMAGE
07:26:06.191 [FXGL Background Thread 4 ] WARN  FXGLAssetLoaderServi - Asset "/assets/textures/empty.png" was not found!
07:26:06.191 [FXGL Background Thread 4 ] WARN  FXGLAssetLoaderServi - Failed to load IMAGE
07:26:06.192 [FXGL Background Thread 4 ] WARN  FXGLAssetLoaderServi - Asset "/assets/textures/empty.png" was not found!
07:26:06.192 [FXGL Background Thread 4 ] WARN  FXGLAssetLoaderServi - Failed to load IMAGE
07:26:06.193 [FXGL Background Thread 4 ] WARN  FXGLAssetLoaderServi - Asset "/assets/textures/empty.png" was not found!
07:26:06.193 [FXGL Background Thread 4 ] WARN  FXGLAssetLoaderServi - Failed to load IMAGE
07:26:06.204 [FXGL Background Thread 4 ] DEBUG FXGLAssetLoaderServi - Loading from file system: file:/D:/projects/helloworld/FarmSimulator/target/classes/assets/textures/UI/heart_sprite.png
07:26:06.302 [FXGL Background Thread 4 ] WARN  TMXLevelLoader       - TiledMap generated from 1.12.0. Supported version: 1.9.0. Some features may not be parsed fully.
07:26:06.464 [FXGL Background Thread 4 ] DEBUG TMXLevelLoader       - Parsed TiledMap: file:/D:/projects/helloworld/FarmSimulator/target/classes/assets/levels/Main_level.tmx
07:26:06.467 [FXGL Background Thread 4 ] DEBUG TMXLevelLoader       - Creating tile layer entities
07:26:06.471 [FXGL Background Thread 4 ] DEBUG TilesetLoader        - Loading view for layer BackgroundLayer
07:26:06.488 [FXGL Background Thread 4 ] DEBUG TilesetLoader        - Created buffer with size 3520.0x2048.0
07:26:06.623 [FXGL Background Thread 4 ] DEBUG TilesetLoader        - Loading view for layer DecorationLayer
07:26:06.645 [FXGL Background Thread 4 ] DEBUG TilesetLoader        - Created buffer with size 3520.0x2048.0
07:26:06.738 [FXGL Background Thread 4 ] DEBUG TilesetLoader        - Loading view for layer OverheadLayer
07:26:06.764 [FXGL Background Thread 4 ] DEBUG TilesetLoader        - Created buffer with size 3520.0x2048.0
07:26:06.769 [FXGL Background Thread 4 ] DEBUG TMXLevelLoader       - Creating object layer entities
07:26:06.800 [FXGL Background Thread 4 ] DEBUG FXGLAssetLoaderServi - Loading from file system: file:/D:/projects/helloworld/FarmSimulator/target/classes/assets/textures/Player/Carry_Idle/Carry_Idle_Down-Sheet.png
07:26:06.804 [FXGL Background Thread 4 ] DEBUG FXGLAssetLoaderServi - Loading from file system: file:/D:/projects/helloworld/FarmSimulator/target/classes/assets/textures/Player/Carry_Idle/Carry_Idle_Up-Sheet.png
07:26:06.805 [FXGL Background Thread 4 ] DEBUG FXGLAssetLoaderServi - Loading from file system: file:/D:/projects/helloworld/FarmSimulator/target/classes/assets/textures/Player/Carry_Idle/Carry_Idle_Side-Sheet.png
07:26:06.807 [FXGL Background Thread 4 ] DEBUG FXGLAssetLoaderServi - Loading from file system: file:/D:/projects/helloworld/FarmSimulator/target/classes/assets/textures/Player/Carry_Walk/Carry_Walk_Down-Sheet.png
07:26:06.809 [FXGL Background Thread 4 ] DEBUG FXGLAssetLoaderServi - Loading from file system: file:/D:/projects/helloworld/FarmSimulator/target/classes/assets/textures/Player/Carry_Walk/Carry_Walk_Up-Sheet.png
07:26:06.815 [FXGL Background Thread 4 ] DEBUG FXGLAssetLoaderServi - Loading from file system: file:/D:/projects/helloworld/FarmSimulator/target/classes/assets/textures/Player/Carry_Walk/Carry_Walk_Side-Sheet.png
07:26:06.818 [FXGL Background Thread 4 ] DEBUG FXGLAssetLoaderServi - Loading from file system: file:/D:/projects/helloworld/FarmSimulator/target/classes/assets/textures/Player/Carry_Run/Carry_Run_Down-Sheet.png
07:26:06.821 [FXGL Background Thread 4 ] DEBUG FXGLAssetLoaderServi - Loading from file system: file:/D:/projects/helloworld/FarmSimulator/target/classes/assets/textures/Player/Carry_Run/Carry_Run_Up-Sheet.png
07:26:06.823 [FXGL Background Thread 4 ] DEBUG FXGLAssetLoaderServi - Loading from file system: file:/D:/projects/helloworld/FarmSimulator/target/classes/assets/textures/Player/Carry_Run/Carry_Run_Side-Sheet.png
07:26:07.156 [FXGL Background Thread 4 ] WARN  FXGLAssetLoaderServi - Asset "/assets/textures/Guider.png" was not found!
07:26:07.157 [FXGL Background Thread 4 ] WARN  FXGLAssetLoaderServi - Failed to load IMAGE
07:26:07.157 [FXGL Background Thread 4 ] WARN  FXGLAssetLoaderServi - Asset "/assets/textures/Guider.png" was not found!
07:26:07.158 [FXGL Background Thread 4 ] WARN  FXGLAssetLoaderServi - Failed to load IMAGE
07:26:07.159 [FXGL Background Thread 4 ] WARN  FXGLAssetLoaderServi - Asset "/assets/textures/Guider.png" was not found!
07:26:07.159 [FXGL Background Thread 4 ] WARN  FXGLAssetLoaderServi - Failed to load IMAGE
07:26:07.159 [FXGL Background Thread 4 ] WARN  FXGLAssetLoaderServi - Asset "/assets/textures/Guider.png" was not found!
07:26:07.160 [FXGL Background Thread 4 ] WARN  FXGLAssetLoaderServi - Failed to load IMAGE
07:26:07.167 [FXGL Background Thread 4 ] DEBUG GameWorld            - Clearing removable entities
07:26:07.169 [FXGL Background Thread 4 ] DEBUG GameWorld            - Setting level: com.almasb.fxgl.entity.level.Level@383959ce
07:26:07.309 [FXGL Background Thread 4 ] INFO  FXGLApplication      - Game initialization took: 1.716 sec
07:26:07.313 [JavaFX Application Thread] DEBUG Input                - Clearing active input actions
07:26:07.348 [JavaFX Application Thread] DEBUG GameApplicationServi - Removing overlay from FXGLLoadingScene and adding to GameScene
07:26:07.355 [JavaFX Application Thread] DEBUG PrimaryStageWindow   - FXGLLoadingScene -> GameScene
07:26:08.417 [FXGL Background Thread 3 ] DEBUG Engine               - Logging environment variables
07:26:08.418 [FXGL Background Thread 3 ] DEBUG Engine               - achievements: []
07:26:08.419 [FXGL Background Thread 3 ] DEBUG Engine               - actualHeight: 720.0
07:26:08.421 [FXGL Background Thread 3 ] DEBUG Engine               - actualHeightProperty: ReadOnlyDoubleProperty [value: 720.0]
07:26:08.421 [FXGL Background Thread 3 ] DEBUG Engine               - actualWidth: 1280.0
07:26:08.421 [FXGL Background Thread 3 ] DEBUG Engine               - actualWidthProperty: ReadOnlyDoubleProperty [value: 1280.0]
07:26:08.421 [FXGL Background Thread 3 ] DEBUG Engine               - appIcon: fxgl_icon.png
07:26:08.421 [FXGL Background Thread 3 ] DEBUG Engine               - applicationMode: DEVELOPER
07:26:08.421 [FXGL Background Thread 3 ] DEBUG Engine               - cSSList: [fxgl_dark.css]
07:26:08.421 [FXGL Background Thread 3 ] DEBUG Engine               - collisionDetectionStrategy: BRUTE_FORCE
07:26:08.421 [FXGL Background Thread 3 ] DEBUG Engine               - configClass: Optional.empty
07:26:08.421 [FXGL Background Thread 3 ] DEBUG Engine               - credits: []
07:26:08.422 [FXGL Background Thread 3 ] DEBUG Engine               - defaultCursor: CursorInfo(imageName=fxgl_default_cursor.png, hotspotX=7.0, hotspotY=6.0)
07:26:08.422 [FXGL Background Thread 3 ] DEBUG Engine               - devBBoxColorProperty: ObjectProperty [value: 0xff0000ff]
07:26:08.422 [FXGL Background Thread 3 ] DEBUG Engine               - devEnableDebugCameraProperty: BooleanProperty [value: false]
07:26:08.423 [FXGL Background Thread 3 ] DEBUG Engine               - devSensorColorProperty: ObjectProperty [value: 0xffff00ff]
07:26:08.423 [FXGL Background Thread 3 ] DEBUG Engine               - devShowBBoxProperty: BooleanProperty [value: false]
07:26:08.423 [FXGL Background Thread 3 ] DEBUG Engine               - devShowPositionProperty: BooleanProperty [value: false]
07:26:08.423 [FXGL Background Thread 3 ] DEBUG Engine               - enabledMenuItems: []
07:26:08.423 [FXGL Background Thread 3 ] DEBUG Engine               - engineServices: [class com.almasb.fxgl.app.services.FXGLAssetLoaderService, class com.almasb.fxgl.app.FXGLApplication$GameApplicationService, class com.almasb.fxgl.app.services.FXGLDialogService, class com.almasb.fxgl.app.services.IOTaskExecutorService, class com.almasb.fxgl.io.FileSystemService, class com.almasb.fxgl.localization.LocalizationService, class com.almasb.fxgl.app.services.SystemBundleService, class com.almasb.fxgl.profile.SaveLoadService, class com.almasb.fxgl.ui.FXGLUIFactoryServiceProvider, class com.almasb.fxgl.ui.FXGLDialogFactoryServiceProvider, class com.almasb.fxgl.audio.AudioPlayer, class com.almasb.fxgl.notification.impl.NotificationServiceProvider, class com.almasb.fxgl.achievement.AchievementService, class com.almasb.fxgl.cutscene.CutsceneService, class com.almasb.fxgl.minigames.MiniGameService, class com.almasb.fxgl.net.NetService, class com.almasb.fxgl.app.services.UpdaterService, class com.almasb.fxgl.dev.DevService]
07:26:08.423 [FXGL Background Thread 3 ] DEBUG Engine               - fontGame: Abel-Regular.ttf
07:26:08.423 [FXGL Background Thread 3 ] DEBUG Engine               - fontMono: TerminalLandMono-Regular.otf
07:26:08.423 [FXGL Background Thread 3 ] DEBUG Engine               - fontSizeScaleUI: 1.0
07:26:08.423 [FXGL Background Thread 3 ] DEBUG Engine               - fontText: Courier-Prime.ttf
07:26:08.423 [FXGL Background Thread 3 ] DEBUG Engine               - fontUI: VarelaRound-Regular.ttf
07:26:08.424 [FXGL Background Thread 3 ] DEBUG Engine               - fpsRefreshRate: 500.0 ms
07:26:08.424 [FXGL Background Thread 3 ] DEBUG Engine               - fullScreen: BooleanProperty [value: false]
07:26:08.425 [FXGL Background Thread 3 ] DEBUG Engine               - gameDifficulty: MEDIUM
07:26:08.425 [FXGL Background Thread 3 ] DEBUG Engine               - gameDifficultyProperty: ObjectProperty [value: MEDIUM]
07:26:08.428 [FXGL Background Thread 3 ] DEBUG Engine               - globalMusicVolume: 0.5
07:26:08.428 [FXGL Background Thread 3 ] DEBUG Engine               - globalMusicVolumeProperty: DoubleProperty [value: 0.5]
07:26:08.430 [FXGL Background Thread 3 ] DEBUG Engine               - globalSoundVolume: 0.5
07:26:08.430 [FXGL Background Thread 3 ] DEBUG Engine               - globalSoundVolumeProperty: DoubleProperty [value: 0.5]
07:26:08.430 [FXGL Background Thread 3 ] DEBUG Engine               - height: 720
07:26:08.430 [FXGL Background Thread 3 ] DEBUG Engine               - is3D: false
07:26:08.430 [FXGL Background Thread 3 ] DEBUG Engine               - isAndroid: false
07:26:08.430 [FXGL Background Thread 3 ] DEBUG Engine               - isBrowser: false
07:26:08.430 [FXGL Background Thread 3 ] DEBUG Engine               - isClickFeedbackEnabled: false
07:26:08.430 [FXGL Background Thread 3 ] DEBUG Engine               - isCloseConfirmation: false
07:26:08.430 [FXGL Background Thread 3 ] DEBUG Engine               - isDesktop: true
07:26:08.431 [FXGL Background Thread 3 ] DEBUG Engine               - isDeveloperMenuEnabled: true
07:26:08.432 [FXGL Background Thread 3 ] DEBUG Engine               - isEmbedded: false
07:26:08.433 [FXGL Background Thread 3 ] DEBUG Engine               - isEntityPreloadEnabled: true
07:26:08.433 [FXGL Background Thread 3 ] DEBUG Engine               - isExperimentalTiledLargeMap: false
07:26:08.433 [FXGL Background Thread 3 ] DEBUG Engine               - isFileSystemWriteAllowed: true
07:26:08.433 [FXGL Background Thread 3 ] DEBUG Engine               - isFullScreenAllowed: false
07:26:08.433 [FXGL Background Thread 3 ] DEBUG Engine               - isFullScreenFromStart: false
07:26:08.433 [FXGL Background Thread 3 ] DEBUG Engine               - isGameMenuEnabled: true
07:26:08.433 [FXGL Background Thread 3 ] DEBUG Engine               - isIOS: false
07:26:08.433 [FXGL Background Thread 3 ] DEBUG Engine               - isIntroEnabled: false
07:26:08.433 [FXGL Background Thread 3 ] DEBUG Engine               - isLinux: false
07:26:08.433 [FXGL Background Thread 3 ] DEBUG Engine               - isMac: false
07:26:08.433 [FXGL Background Thread 3 ] DEBUG Engine               - isMainMenuEnabled: false
07:26:08.433 [FXGL Background Thread 3 ] DEBUG Engine               - isManualResizeEnabled: false
07:26:08.433 [FXGL Background Thread 3 ] DEBUG Engine               - isMobile: false
07:26:08.433 [FXGL Background Thread 3 ] DEBUG Engine               - isNative: false
07:26:08.433 [FXGL Background Thread 3 ] DEBUG Engine               - isPauseMusicWhenMinimized: true
07:26:08.433 [FXGL Background Thread 3 ] DEBUG Engine               - isPreserveResizeRatio: false
07:26:08.434 [FXGL Background Thread 3 ] DEBUG Engine               - isProfilingEnabled: false
07:26:08.434 [FXGL Background Thread 3 ] DEBUG Engine               - isScaleAffectedOnResize: true
07:26:08.434 [FXGL Background Thread 3 ] DEBUG Engine               - isSingleStep: false
07:26:08.434 [FXGL Background Thread 3 ] DEBUG Engine               - isUserProfileEnabled: false
07:26:08.434 [FXGL Background Thread 3 ] DEBUG Engine               - isWindows: true
07:26:08.434 [FXGL Background Thread 3 ] DEBUG Engine               - language: ObjectProperty [value: ENGLISH]
07:26:08.434 [FXGL Background Thread 3 ] DEBUG Engine               - menuKey: ESCAPE
07:26:08.434 [FXGL Background Thread 3 ] DEBUG Engine               - mouseSensitivity: 0.2
07:26:08.434 [FXGL Background Thread 3 ] DEBUG Engine               - notificationViewClass: class com.almasb.fxgl.notification.view.XboxNotificationView
07:26:08.434 [FXGL Background Thread 3 ] DEBUG Engine               - pixelsPerMeter: 50.0
07:26:08.434 [FXGL Background Thread 3 ] DEBUG Engine               - platform: WINDOWS
07:26:08.434 [FXGL Background Thread 3 ] DEBUG Engine               - prefHeightProperty: ReadOnlyDoubleProperty [value: 720.0]
07:26:08.434 [FXGL Background Thread 3 ] DEBUG Engine               - prefWidthProperty: ReadOnlyDoubleProperty [value: 1280.0]
07:26:08.435 [FXGL Background Thread 3 ] DEBUG Engine               - profileDir: profiles/
07:26:08.435 [FXGL Background Thread 3 ] DEBUG Engine               - profileName: StringProperty [value: DEFAULT]
07:26:08.435 [FXGL Background Thread 3 ] DEBUG Engine               - randomSeed: -1
07:26:08.435 [FXGL Background Thread 3 ] DEBUG Engine               - runtimeInfo: RuntimeInfo(platform=WINDOWS, version=25, build=05.02.2026 22.57)
07:26:08.435 [FXGL Background Thread 3 ] DEBUG Engine               - saveFileExt: sav
07:26:08.435 [FXGL Background Thread 3 ] DEBUG Engine               - scaledHeightProp$fxgl: DoubleProperty [bound, value: 720.0]
07:26:08.435 [FXGL Background Thread 3 ] DEBUG Engine               - scaledWidthProp$fxgl: DoubleProperty [bound, value: 1280.0]
07:26:08.435 [FXGL Background Thread 3 ] DEBUG Engine               - sceneFactory: com.almasb.fxgl.app.scene.SceneFactory@38482a83
07:26:08.435 [FXGL Background Thread 3 ] DEBUG Engine               - secondsIn24h: 60
07:26:08.436 [FXGL Background Thread 3 ] DEBUG Engine               - soundMenuBack: menu/back.wav
07:26:08.436 [FXGL Background Thread 3 ] DEBUG Engine               - soundMenuPress: menu/press.wav
07:26:08.436 [FXGL Background Thread 3 ] DEBUG Engine               - soundMenuSelect: menu/select.wav
07:26:08.436 [FXGL Background Thread 3 ] DEBUG Engine               - soundNotification: core/notification.wav
07:26:08.436 [FXGL Background Thread 3 ] DEBUG Engine               - stageStyle: DECORATED
07:26:08.436 [FXGL Background Thread 3 ] DEBUG Engine               - supportedLanguages: [ENGLISH, FRENCH, GERMAN, HUNGARIAN, RUSSIAN]
07:26:08.436 [FXGL Background Thread 3 ] DEBUG Engine               - ticksPerSecond: -1
07:26:08.436 [FXGL Background Thread 3 ] DEBUG Engine               - title: Java Farming Professional
07:26:08.436 [FXGL Background Thread 3 ] DEBUG Engine               - urlGithub: https://github.com/AlmasB/FXGL
07:26:08.436 [FXGL Background Thread 3 ] DEBUG Engine               - urlLeaderboard: http://fxgl-top.herokuapp.com/
07:26:08.436 [FXGL Background Thread 3 ] DEBUG Engine               - urlPOM: https://raw.githubusercontent.com/AlmasB/FXGL/release/README.md
07:26:08.436 [FXGL Background Thread 3 ] DEBUG Engine               - userAppClass: class Project1Game.Main
07:26:08.436 [FXGL Background Thread 3 ] DEBUG Engine               - version: 2.5
07:26:08.436 [FXGL Background Thread 3 ] DEBUG Engine               - versionCheckDays: 7
07:26:08.436 [FXGL Background Thread 3 ] DEBUG Engine               - width: 1280
07:26:08.436 [FXGL Background Thread 3 ] DEBUG Engine               - Logging services
07:26:08.436 [FXGL Background Thread 3 ] DEBUG Engine               - class com.almasb.fxgl.app.services.FXGLAssetLoaderService
07:26:08.436 [FXGL Background Thread 3 ] DEBUG Engine               - class com.almasb.fxgl.app.FXGLApplication$GameApplicationService
07:26:08.437 [FXGL Background Thread 3 ] DEBUG Engine               - class com.almasb.fxgl.app.services.FXGLDialogService
07:26:08.437 [FXGL Background Thread 3 ] DEBUG Engine               - class com.almasb.fxgl.app.services.IOTaskExecutorService
07:26:08.437 [FXGL Background Thread 3 ] DEBUG Engine               - class com.almasb.fxgl.io.FileSystemService
07:26:08.437 [FXGL Background Thread 3 ] DEBUG Engine               - class com.almasb.fxgl.localization.LocalizationService
07:26:08.437 [FXGL Background Thread 3 ] DEBUG Engine               - class com.almasb.fxgl.app.services.SystemBundleService
07:26:08.437 [FXGL Background Thread 3 ] DEBUG Engine               - class com.almasb.fxgl.profile.SaveLoadService
07:26:08.437 [FXGL Background Thread 3 ] DEBUG Engine               - class com.almasb.fxgl.ui.FXGLUIFactoryServiceProvider
07:26:08.437 [FXGL Background Thread 3 ] DEBUG Engine               - class com.almasb.fxgl.ui.FXGLDialogFactoryServiceProvider
07:26:08.437 [FXGL Background Thread 3 ] DEBUG Engine               - class com.almasb.fxgl.audio.AudioPlayer
07:26:08.437 [FXGL Background Thread 3 ] DEBUG Engine               - class com.almasb.fxgl.notification.impl.NotificationServiceProvider
07:26:08.437 [FXGL Background Thread 3 ] DEBUG Engine               - class com.almasb.fxgl.achievement.AchievementService
07:26:08.437 [FXGL Background Thread 3 ] DEBUG Engine               - class com.almasb.fxgl.cutscene.CutsceneService
07:26:08.437 [FXGL Background Thread 3 ] DEBUG Engine               - class com.almasb.fxgl.minigames.MiniGameService
07:26:08.437 [FXGL Background Thread 3 ] DEBUG Engine               - class com.almasb.fxgl.net.NetService
07:26:08.437 [FXGL Background Thread 3 ] DEBUG Engine               - class com.almasb.fxgl.app.services.UpdaterService
07:26:08.437 [FXGL Background Thread 3 ] DEBUG Engine               - class com.almasb.fxgl.dev.DevService
07:26:12.666 [JavaFX Application Thread] WARN  TMXLevelLoader       - TiledMap generated from 1.12.0. Supported version: 1.9.0. Some features may not be parsed fully.
07:26:12.676 [JavaFX Application Thread] DEBUG TMXLevelLoader       - Parsed TiledMap: file:/D:/projects/helloworld/FarmSimulator/target/classes/assets/levels/Main_house.tmx
07:26:12.676 [JavaFX Application Thread] DEBUG TMXLevelLoader       - Creating tile layer entities
07:26:12.677 [JavaFX Application Thread] DEBUG TilesetLoader        - Loading view for layer Ground
07:26:12.678 [JavaFX Application Thread] DEBUG TilesetLoader        - Created buffer with size 1024.0x1024.0
07:26:12.702 [JavaFX Application Thread] DEBUG TilesetLoader        - Loading view for layer Background
07:26:12.703 [JavaFX Application Thread] DEBUG TilesetLoader        - Created buffer with size 1024.0x1024.0
07:26:12.703 [JavaFX Application Thread] DEBUG TilesetLoader        - Loading view for layer Decoration
07:26:12.704 [JavaFX Application Thread] DEBUG TilesetLoader        - Created buffer with size 1024.0x1024.0
07:26:12.710 [JavaFX Application Thread] DEBUG TMXLevelLoader       - Creating object layer entities
07:26:12.713 [JavaFX Application Thread] DEBUG GameWorld            - Clearing removable entities
07:26:12.769 [JavaFX Application Thread] DEBUG GameWorld            - Setting level: com.almasb.fxgl.entity.level.Level@80cae7f
07:26:23.433 [JavaFX Application Thread] WARN  TMXLevelLoader       - TiledMap generated from 1.12.0. Supported version: 1.9.0. Some features may not be parsed fully.
07:26:23.476 [JavaFX Application Thread] DEBUG TMXLevelLoader       - Parsed TiledMap: file:/D:/projects/helloworld/FarmSimulator/target/classes/assets/levels/Main_level.tmx
07:26:23.476 [JavaFX Application Thread] DEBUG TMXLevelLoader       - Creating tile layer entities
07:26:23.476 [JavaFX Application Thread] DEBUG TilesetLoader        - Loading view for layer BackgroundLayer
07:26:23.480 [JavaFX Application Thread] DEBUG TilesetLoader        - Created buffer with size 3520.0x2048.0
07:26:23.550 [JavaFX Application Thread] DEBUG TilesetLoader        - Loading view for layer DecorationLayer
07:26:23.558 [JavaFX Application Thread] DEBUG TilesetLoader        - Created buffer with size 3520.0x2048.0
07:26:23.601 [JavaFX Application Thread] DEBUG TilesetLoader        - Loading view for layer OverheadLayer
07:26:23.609 [JavaFX Application Thread] DEBUG TilesetLoader        - Created buffer with size 3520.0x2048.0
07:26:23.611 [JavaFX Application Thread] DEBUG TMXLevelLoader       - Creating object layer entities
07:26:23.663 [JavaFX Application Thread] WARN  FXGLAssetLoaderServi - Asset "/assets/textures/Guider.png" was not found!
07:26:23.663 [JavaFX Application Thread] WARN  FXGLAssetLoaderServi - Failed to load IMAGE
07:26:23.663 [JavaFX Application Thread] WARN  FXGLAssetLoaderServi - Asset "/assets/textures/Guider.png" was not found!
07:26:23.664 [JavaFX Application Thread] WARN  FXGLAssetLoaderServi - Failed to load IMAGE
07:26:23.664 [JavaFX Application Thread] WARN  FXGLAssetLoaderServi - Asset "/assets/textures/Guider.png" was not found!
07:26:23.664 [JavaFX Application Thread] WARN  FXGLAssetLoaderServi - Failed to load IMAGE
07:26:23.664 [JavaFX Application Thread] WARN  FXGLAssetLoaderServi - Asset "/assets/textures/Guider.png" was not found!
07:26:23.664 [JavaFX Application Thread] WARN  FXGLAssetLoaderServi - Failed to load IMAGE
07:26:23.666 [JavaFX Application Thread] DEBUG GameWorld            - Clearing removable entities
07:26:23.668 [JavaFX Application Thread] DEBUG GameWorld            - Setting level: com.almasb.fxgl.entity.level.Level@543b9bfd
07:26:29.270 [JavaFX Application Thread] DEBUG FXGLApplication      - Exiting FXGL
07:26:29.270 [JavaFX Application Thread] DEBUG LoopRunner           - Stopping loop
07:26:29.271 [JavaFX Application Thread] DEBUG SystemBundleService  - Saving FXGL system data
07:26:29.274 [JavaFX Application Thread] DEBUG FileSystemAccess     - Writing to: D:\projects\helloworld\FarmSimulator\system\fxgl.bundle
07:26:29.277 [JavaFX Application Thread] DEBUG Async                - Shutting down background threads
07:26:29.278 [JavaFX Application Thread] DEBUG PrimaryStageWindow   - Closing main window
07:26:29.316 [JavaFX Application Thread] DEBUG Logger               - Closing Logger
