21:30:21.573 [main                     ] DEBUG Logger               - Configured Logger
21:30:21.577 [main                     ] DEBUG GameApplication      - Logging settings
Title: Untitled
Version: 0.0
Width: 1280
Height: 720
Fullscreen: true
Intro: false
Profiling: false
Single step:false
App Mode: DEVELOPER
Menu Key: ESCAPE
Stage Style: DECORATED
Scene Factory: class com.almasb.fxgl.app.scene.SceneFactory

21:30:21.879 [JavaFX Application Thread] DEBUG FXGLApplication      - Initializing FXGL
21:30:21.882 [JavaFX Application Thread] INFO  Engine               - FXGL-25 (05.02.2026 22.57) on WINDOWS (J:25.0.1 FX:25.0.1)
21:30:21.882 [JavaFX Application Thread] DEBUG Engine               - JRE Vendor Name: Oracle Corporation
21:30:21.883 [JavaFX Application Thread] DEBUG Engine               - Running on OS: Windows 11 version 10.0
21:30:21.883 [JavaFX Application Thread] DEBUG Engine               - Architecture: amd64
21:30:21.883 [JavaFX Application Thread] INFO  Engine               - Source code and latest versions at: https://github.com/AlmasB/FXGL
21:30:21.883 [JavaFX Application Thread] INFO  Engine               -       Ask questions and discuss at: https://github.com/AlmasB/FXGL/discussions
21:30:21.958 [JavaFX Application Thread] DEBUG PrimaryStageWindow   - Creating a JavaFX scene
21:30:21.995 [JavaFX Application Thread] DEBUG PrimaryStageWindow   - Target settings size: 1280.0 x 720.0
21:30:21.995 [JavaFX Application Thread] DEBUG PrimaryStageWindow   - Scaled scene size:    1280.0 x 720.0
21:30:21.995 [JavaFX Application Thread] DEBUG PrimaryStageWindow   - Scaled ratio: (1.0, 1.0)
21:30:21.996 [JavaFX Application Thread] DEBUG PrimaryStageWindow   - Set initial scene to FXGLStartupScene
21:30:22.006 [JavaFX Application Thread] DEBUG PrimaryStageWindow   - Opening main window
21:30:22.206 [JavaFX Application Thread] DEBUG PrimaryStageWindow   - Window border size: (14.4000244140625, 37.5999755859375)
21:30:22.206 [JavaFX Application Thread] DEBUG PrimaryStageWindow   - Scaled size: 1280.0 x 720.0
21:30:22.206 [JavaFX Application Thread] DEBUG PrimaryStageWindow   - Scaled ratio: (1.0, 1.0)
21:30:22.206 [JavaFX Application Thread] DEBUG PrimaryStageWindow   - Scene size: 1280.0 x 720.0
21:30:22.206 [JavaFX Application Thread] DEBUG PrimaryStageWindow   - Stage size: 1294.4000244140625 x 757.5999755859375
21:30:22.211 [FXGL Background Thread 1 ] DEBUG Engine               - Initializing environment variables
21:30:22.243 [FXGL Background Thread 1 ] DEBUG FXGLAssetLoaderServi - User app class for loading assets: class Project1Game.Main
21:30:22.243 [FXGL Background Thread 1 ] DEBUG GameApplicationServi - Applying CSS: fxgl_dark.css
21:30:22.245 [FXGL Background Thread 1 ] DEBUG FXGLAssetLoaderServi - Loading from file system: jar:file:/C:/Users/Admin/.m2/repository/com/github/almasb/fxgl/25/fxgl-25.jar!/fxglassets/ui/css/fxgl_dark.css
21:30:22.282 [FXGL Background Thread 1 ] DEBUG GameApplicationServi - Initializing application scenes
21:30:22.314 [FXGL Background Thread 1 ] DEBUG GameWorld            - Game world initialized
21:30:22.346 [FXGL Background Thread 1 ] DEBUG PhysicsWorld         - Physics world initialized: appHeight=720, physics.ppm=50.0
21:30:22.346 [FXGL Background Thread 1 ] DEBUG PhysicsWorld         - Using strategy: BRUTE_FORCE
21:30:22.350 [FXGL Background Thread 1 ] DEBUG GameScene            - Game scene initialized: 1280x720
21:30:22.358 [FXGL Background Thread 1 ] DEBUG FXGL.DefaultMenu     - createMenuBodyGameMenu()
21:30:22.368 [FXGL Background Thread 1 ] DEBUG FXGL.DefaultMenu     - createOptionsMenu()
21:30:22.376 [FXGL Background Thread 1 ] DEBUG FXGLAssetLoaderServi - Loading from file system: jar:file:/C:/Users/Admin/.m2/repository/com/github/almasb/fxgl/25/fxgl-25.jar!/fxglassets/textures/particles/smoke.png
21:30:22.433 [FXGL Background Thread 1 ] DEBUG FXGLAssetLoaderServi - Loading from file system: jar:file:/C:/Users/Admin/.m2/repository/com/github/almasb/fxgl/25/fxgl-25.jar!/fxglassets/textures/particles/trace_horizontal.png
21:30:22.455 [FXGL Background Thread 1 ] DEBUG GameApplicationServi - Application scenes initialized
21:30:22.465 [FXGL Background Thread 1 ] DEBUG SystemBundleService  - Loading FXGL system data
21:30:22.465 [FXGL Background Thread 1 ] DEBUG FileSystemAccess     - Reading from: D:\GameDevelop\Project1\system\fxgl.bundle
21:30:22.467 [FXGL Background Thread 1 ] DEBUG SystemBundleService  - Bundle FXGL: {}
21:30:22.467 [FXGL Background Thread 1 ] DEBUG UpdaterService       - Checking for updates
21:30:22.491 [FXGL Background Thread 4 ] DEBUG FXGLApplication      - Loading fonts
21:30:22.491 [FXGL Background Thread 1 ] DEBUG FXGLApplication      - Loading default localization
21:30:22.492 [FXGL Background Thread 4 ] DEBUG FXGLAssetLoaderServi - Loading from file system: jar:file:/C:/Users/Admin/.m2/repository/com/github/almasb/fxgl/25/fxgl-25.jar!/fxglassets/ui/fonts/VarelaRound-Regular.ttf
21:30:22.492 [FXGL Background Thread 1 ] DEBUG FXGLAssetLoaderServi - Loading from file system: jar:file:/C:/Users/Admin/.m2/repository/com/github/almasb/fxgl/25/fxgl-25.jar!/fxglassets/languages/english.lang
21:30:22.501 [FXGL Background Thread 1 ] INFO  FXGLApplication      - FXGL initialization took: 0.290 sec
21:30:22.505 [FXGL Background Thread 4 ] DEBUG FXGLAssetLoaderServi - Loading from file system: jar:file:/C:/Users/Admin/.m2/repository/com/github/almasb/fxgl/25/fxgl-25.jar!/fxglassets/ui/fonts/Abel-Regular.ttf
21:30:22.506 [JavaFX Application Thread] DEBUG Input                - Registered new binding: Move Right - D
21:30:22.506 [JavaFX Application Thread] DEBUG Input                - Registered new binding: Move Left - A
21:30:22.507 [JavaFX Application Thread] DEBUG Input                - Registered new binding: Move Up - W
21:30:22.507 [JavaFX Application Thread] DEBUG Input                - Registered new binding: Move Down - S
21:30:22.507 [JavaFX Application Thread] DEBUG Input                - Registered new binding: action0 - I
21:30:22.508 [JavaFX Application Thread] DEBUG Input                - Registered new binding: action1 - R
21:30:22.508 [JavaFX Application Thread] DEBUG Input                - Registered new binding: action2 - F
21:30:22.508 [JavaFX Application Thread] DEBUG Input                - Registered new binding: action3 - E
21:30:22.508 [JavaFX Application Thread] DEBUG Input                - Registered new binding: action4 - 1
21:30:22.508 [JavaFX Application Thread] DEBUG Input                - Registered new binding: action5 - 2
21:30:22.508 [JavaFX Application Thread] DEBUG Input                - Registered new binding: action6 - 3
21:30:22.508 [JavaFX Application Thread] DEBUG Input                - Registered new binding: action7 - 4
21:30:22.508 [JavaFX Application Thread] DEBUG Input                - Registered new binding: action8 - 5
21:30:22.508 [JavaFX Application Thread] DEBUG Input                - Registered new binding: action9 - 6
21:30:22.508 [JavaFX Application Thread] DEBUG Input                - Registered new binding: action10 - 7
21:30:22.508 [JavaFX Application Thread] DEBUG Input                - Registered new binding: action11 - 8
21:30:22.510 [JavaFX Application Thread] DEBUG Input                - Registered new binding: action12 - 9
21:30:22.510 [JavaFX Application Thread] DEBUG Input                - Registered new binding: action13 - Q
21:30:22.510 [JavaFX Application Thread] DEBUG Input                - Registered new binding: action14 - Tab
21:30:22.510 [JavaFX Application Thread] DEBUG FXGLAssetLoaderServi - Loading from file system: jar:file:/C:/Users/Admin/.m2/repository/com/github/almasb/fxgl/25/fxgl-25.jar!/fxglassets/textures/fxgl_icon.png
21:30:22.512 [FXGL Background Thread 4 ] DEBUG FXGLAssetLoaderServi - Loading from file system: jar:file:/C:/Users/Admin/.m2/repository/com/github/almasb/fxgl/25/fxgl-25.jar!/fxglassets/ui/fonts/TerminalLandMono-Regular.otf
21:30:22.522 [FXGL Background Thread 4 ] DEBUG FXGLAssetLoaderServi - Loading from file system: jar:file:/C:/Users/Admin/.m2/repository/com/github/almasb/fxgl/25/fxgl-25.jar!/fxglassets/ui/fonts/Courier-Prime.ttf
21:30:22.523 [JavaFX Application Thread] DEBUG FXGLAssetLoaderServi - Loading from file system: jar:file:/C:/Users/Admin/.m2/repository/com/github/almasb/fxgl/25/fxgl-25.jar!/fxglassets/textures/fxgl_default_cursor.png
21:30:22.526 [JavaFX Application Thread] DEBUG Input                - Registered new binding: Screenshot - CTRL+8
21:30:22.526 [JavaFX Application Thread] DEBUG Input                - Registered new binding: Dev Options - 1
21:30:22.526 [JavaFX Application Thread] DEBUG Input                - Registered new binding: Dev Console - 2
21:30:22.527 [JavaFX Application Thread] DEBUG Input                - Registered new binding: System info dump - CTRL+9
21:30:22.527 [JavaFX Application Thread] DEBUG Input                - Registered new binding: Restart - CTRL+R
21:30:22.527 [JavaFX Application Thread] DEBUG Input                - Registered new binding: Toggle Debug Camera - CTRL+7
21:30:22.530 [JavaFX Application Thread] DEBUG LoopRunner           - Starting loop
21:30:22.538 [JavaFX Application Thread] DEBUG LoopRunner           - Initializing JavaFX AnimationTimerLoop
21:30:22.539 [JavaFX Application Thread] DEBUG GameApplicationServi - Starting new game
21:30:22.539 [JavaFX Application Thread] DEBUG Input                - Clearing active input actions
21:30:22.547 [JavaFX Application Thread] DEBUG GameApplicationServi - Removing overlay from FXGLStartupScene and adding to FXGLLoadingScene
21:30:22.550 [JavaFX Application Thread] DEBUG PrimaryStageWindow   - FXGLStartupScene -> FXGLLoadingScene
21:30:22.550 [JavaFX Application Thread] DEBUG GameApplicationServi - Clearing previous game
21:30:22.550 [JavaFX Application Thread] DEBUG GameScene            - Clearing game scene
21:30:22.550 [JavaFX Application Thread] DEBUG GameWorld            - Clearing game world
21:30:22.550 [JavaFX Application Thread] DEBUG PhysicsWorld         - Clearing physics world
21:30:22.552 [JavaFX Application Thread] DEBUG FXGLApplication      - Registering font factories with UI factory
21:30:22.552 [FXGL Background Thread 4 ] DEBUG FXGLApplication      - Initializing game
21:30:22.571 [FXGL Background Thread 4 ] WARN  TMXLevelLoader       - TiledMap generated from 1.12.0. Supported version: 1.9.0. Some features may not be parsed fully.
21:30:22.599 [FXGL Background Thread 4 ] DEBUG TMXLevelLoader       - Parsed TiledMap: file:/D:/GameDevelop/Project1/target/classes/assets/levels/Main_level.tmx
21:30:22.600 [FXGL Background Thread 4 ] DEBUG TMXLevelLoader       - Creating tile layer entities
21:30:22.601 [FXGL Background Thread 4 ] DEBUG TilesetLoader        - Loading view for layer BackgroundLayer
21:30:22.607 [FXGL Background Thread 4 ] DEBUG TilesetLoader        - Created buffer with size 3520.0x2048.0
21:30:22.663 [FXGL Background Thread 4 ] DEBUG TilesetLoader        - Loading view for layer DecorationLayer
21:30:22.674 [FXGL Background Thread 4 ] DEBUG TilesetLoader        - Created buffer with size 3520.0x2048.0
21:30:22.706 [FXGL Background Thread 4 ] DEBUG TilesetLoader        - Loading view for layer OverheadLayer
21:30:22.712 [FXGL Background Thread 4 ] DEBUG TilesetLoader        - Created buffer with size 3520.0x2048.0
21:30:22.714 [FXGL Background Thread 4 ] DEBUG TMXLevelLoader       - Creating object layer entities
21:30:22.723 [FXGL Background Thread 4 ] DEBUG FXGLAssetLoaderServi - Loading from file system: file:/D:/GameDevelop/Project1/target/classes/assets/textures/Player/Carry_Idle/Carry_Idle_Down-Sheet.png
21:30:22.724 [FXGL Background Thread 4 ] DEBUG FXGLAssetLoaderServi - Loading from file system: file:/D:/GameDevelop/Project1/target/classes/assets/textures/Player/Carry_Idle/Carry_Idle_Up-Sheet.png
21:30:22.725 [FXGL Background Thread 4 ] DEBUG FXGLAssetLoaderServi - Loading from file system: file:/D:/GameDevelop/Project1/target/classes/assets/textures/Player/Carry_Idle/Carry_Idle_Side-Sheet.png
21:30:22.725 [FXGL Background Thread 4 ] DEBUG FXGLAssetLoaderServi - Loading from file system: file:/D:/GameDevelop/Project1/target/classes/assets/textures/Player/Carry_Walk/Carry_Walk_Down-Sheet.png
21:30:22.726 [FXGL Background Thread 4 ] DEBUG FXGLAssetLoaderServi - Loading from file system: file:/D:/GameDevelop/Project1/target/classes/assets/textures/Player/Carry_Walk/Carry_Walk_Up-Sheet.png
21:30:22.727 [FXGL Background Thread 4 ] DEBUG FXGLAssetLoaderServi - Loading from file system: file:/D:/GameDevelop/Project1/target/classes/assets/textures/Player/Carry_Walk/Carry_Walk_Side-Sheet.png
21:30:22.727 [FXGL Background Thread 4 ] DEBUG FXGLAssetLoaderServi - Loading from file system: file:/D:/GameDevelop/Project1/target/classes/assets/textures/Player/Carry_Run/Carry_Run_Down-Sheet.png
21:30:22.727 [FXGL Background Thread 4 ] DEBUG FXGLAssetLoaderServi - Loading from file system: file:/D:/GameDevelop/Project1/target/classes/assets/textures/Player/Carry_Run/Carry_Run_Up-Sheet.png
21:30:22.728 [FXGL Background Thread 4 ] DEBUG FXGLAssetLoaderServi - Loading from file system: file:/D:/GameDevelop/Project1/target/classes/assets/textures/Player/Carry_Run/Carry_Run_Side-Sheet.png
21:30:22.803 [FXGL Background Thread 4 ] DEBUG GameWorld            - Clearing removable entities
21:30:22.803 [FXGL Background Thread 4 ] DEBUG GameWorld            - Setting level: com.almasb.fxgl.entity.level.Level@7dbcf91f
21:30:22.834 [FXGL Background Thread 4 ] DEBUG FXGLAssetLoaderServi - Loading from file system: file:/D:/GameDevelop/Project1/target/classes/assets/textures/Crops/soil_1.png
21:30:22.837 [FXGL Background Thread 4 ] DEBUG FXGLAssetLoaderServi - Loading from file system: file:/D:/GameDevelop/Project1/target/classes/assets/textures/Crops/rice_1.png
21:30:22.838 [FXGL Background Thread 4 ] DEBUG FXGLAssetLoaderServi - Loading from file system: file:/D:/GameDevelop/Project1/target/classes/assets/textures/Crops/rice_3.png
21:30:22.840 [FXGL Background Thread 4 ] DEBUG FXGLAssetLoaderServi - Loading from file system: file:/D:/GameDevelop/Project1/target/classes/assets/textures/Crops/soil_2.png
21:30:22.842 [FXGL Background Thread 4 ] DEBUG FXGLAssetLoaderServi - Loading from file system: file:/D:/GameDevelop/Project1/target/classes/assets/textures/UI/heart_sprite.png
21:30:22.845 [FXGL Background Thread 4 ] INFO  FXGLApplication      - Game initialization took: 0.293 sec
21:30:22.845 [JavaFX Application Thread] DEBUG Input                - Clearing active input actions
21:30:22.855 [JavaFX Application Thread] DEBUG GameApplicationServi - Removing overlay from FXGLLoadingScene and adding to GameScene
21:30:22.858 [JavaFX Application Thread] DEBUG PrimaryStageWindow   - FXGLLoadingScene -> GameScene
21:30:24.388 [JavaFX Application Thread] DEBUG PrimaryStageWindow   - Push state: FXGLDefaultMenu
21:30:24.389 [JavaFX Application Thread] DEBUG Input                - Clearing active input actions
21:30:24.390 [JavaFX Application Thread] DEBUG GameApplicationServi - Removing overlay from GameScene and adding to FXGLDefaultMenu
21:30:24.391 [JavaFX Application Thread] DEBUG PrimaryStageWindow   - GameScene -> FXGLDefaultMenu
21:30:25.491 [FXGL Background Thread 3 ] DEBUG Engine               - Logging environment variables
21:30:25.491 [FXGL Background Thread 3 ] DEBUG Engine               - achievements: []
21:30:25.491 [FXGL Background Thread 3 ] DEBUG Engine               - actualHeight: 720.0
21:30:25.491 [FXGL Background Thread 3 ] DEBUG Engine               - actualHeightProperty: ReadOnlyDoubleProperty [value: 720.0]
21:30:25.491 [FXGL Background Thread 3 ] DEBUG Engine               - actualWidth: 1280.0
21:30:25.491 [FXGL Background Thread 3 ] DEBUG Engine               - actualWidthProperty: ReadOnlyDoubleProperty [value: 1280.0]
21:30:25.491 [FXGL Background Thread 3 ] DEBUG Engine               - appIcon: fxgl_icon.png
21:30:25.492 [FXGL Background Thread 3 ] DEBUG Engine               - applicationMode: DEVELOPER
21:30:25.492 [FXGL Background Thread 3 ] DEBUG Engine               - cSSList: [fxgl_dark.css]
21:30:25.492 [FXGL Background Thread 3 ] DEBUG Engine               - collisionDetectionStrategy: BRUTE_FORCE
21:30:25.492 [FXGL Background Thread 3 ] DEBUG Engine               - configClass: Optional.empty
21:30:25.492 [FXGL Background Thread 3 ] DEBUG Engine               - credits: []
21:30:25.492 [FXGL Background Thread 3 ] DEBUG Engine               - defaultCursor: CursorInfo(imageName=fxgl_default_cursor.png, hotspotX=7.0, hotspotY=6.0)
21:30:25.492 [FXGL Background Thread 3 ] DEBUG Engine               - devBBoxColorProperty: ObjectProperty [value: 0xff0000ff]
21:30:25.492 [FXGL Background Thread 3 ] DEBUG Engine               - devEnableDebugCameraProperty: BooleanProperty [value: false]
21:30:25.492 [FXGL Background Thread 3 ] DEBUG Engine               - devSensorColorProperty: ObjectProperty [value: 0xffff00ff]
21:30:25.492 [FXGL Background Thread 3 ] DEBUG Engine               - devShowBBoxProperty: BooleanProperty [value: false]
21:30:25.492 [FXGL Background Thread 3 ] DEBUG Engine               - devShowPositionProperty: BooleanProperty [value: false]
21:30:25.492 [FXGL Background Thread 3 ] DEBUG Engine               - enabledMenuItems: []
21:30:25.492 [FXGL Background Thread 3 ] DEBUG Engine               - engineServices: [class com.almasb.fxgl.app.services.FXGLAssetLoaderService, class com.almasb.fxgl.app.FXGLApplication$GameApplicationService, class com.almasb.fxgl.app.services.FXGLDialogService, class com.almasb.fxgl.app.services.IOTaskExecutorService, class com.almasb.fxgl.io.FileSystemService, class com.almasb.fxgl.localization.LocalizationService, class com.almasb.fxgl.app.services.SystemBundleService, class com.almasb.fxgl.profile.SaveLoadService, class com.almasb.fxgl.ui.FXGLUIFactoryServiceProvider, class com.almasb.fxgl.ui.FXGLDialogFactoryServiceProvider, class com.almasb.fxgl.audio.AudioPlayer, class com.almasb.fxgl.notification.impl.NotificationServiceProvider, class com.almasb.fxgl.achievement.AchievementService, class com.almasb.fxgl.cutscene.CutsceneService, class com.almasb.fxgl.minigames.MiniGameService, class com.almasb.fxgl.net.NetService, class com.almasb.fxgl.app.services.UpdaterService, class com.almasb.fxgl.dev.DevService]
21:30:25.492 [FXGL Background Thread 3 ] DEBUG Engine               - fontGame: Abel-Regular.ttf
21:30:25.492 [FXGL Background Thread 3 ] DEBUG Engine               - fontMono: TerminalLandMono-Regular.otf
21:30:25.492 [FXGL Background Thread 3 ] DEBUG Engine               - fontSizeScaleUI: 1.0
21:30:25.492 [FXGL Background Thread 3 ] DEBUG Engine               - fontText: Courier-Prime.ttf
21:30:25.492 [FXGL Background Thread 3 ] DEBUG Engine               - fontUI: VarelaRound-Regular.ttf
21:30:25.493 [FXGL Background Thread 3 ] DEBUG Engine               - fpsRefreshRate: 500.0 ms
21:30:25.493 [FXGL Background Thread 3 ] DEBUG Engine               - fullScreen: BooleanProperty [value: false]
21:30:25.493 [FXGL Background Thread 3 ] DEBUG Engine               - gameDifficulty: MEDIUM
21:30:25.493 [FXGL Background Thread 3 ] DEBUG Engine               - gameDifficultyProperty: ObjectProperty [value: MEDIUM]
21:30:25.493 [FXGL Background Thread 3 ] DEBUG Engine               - globalMusicVolume: 0.5
21:30:25.493 [FXGL Background Thread 3 ] DEBUG Engine               - globalMusicVolumeProperty: DoubleProperty [value: 0.5]
21:30:25.493 [FXGL Background Thread 3 ] DEBUG Engine               - globalSoundVolume: 0.5
21:30:25.493 [FXGL Background Thread 3 ] DEBUG Engine               - globalSoundVolumeProperty: DoubleProperty [value: 0.5]
21:30:25.493 [FXGL Background Thread 3 ] DEBUG Engine               - height: 720
21:30:25.493 [FXGL Background Thread 3 ] DEBUG Engine               - is3D: false
21:30:25.493 [FXGL Background Thread 3 ] DEBUG Engine               - isAndroid: false
21:30:25.493 [FXGL Background Thread 3 ] DEBUG Engine               - isBrowser: false
21:30:25.493 [FXGL Background Thread 3 ] DEBUG Engine               - isClickFeedbackEnabled: false
21:30:25.493 [FXGL Background Thread 3 ] DEBUG Engine               - isCloseConfirmation: false
21:30:25.493 [FXGL Background Thread 3 ] DEBUG Engine               - isDesktop: true
21:30:25.493 [FXGL Background Thread 3 ] DEBUG Engine               - isDeveloperMenuEnabled: true
21:30:25.493 [FXGL Background Thread 3 ] DEBUG Engine               - isEmbedded: false
21:30:25.493 [FXGL Background Thread 3 ] DEBUG Engine               - isEntityPreloadEnabled: true
21:30:25.493 [FXGL Background Thread 3 ] DEBUG Engine               - isExperimentalTiledLargeMap: false
21:30:25.493 [FXGL Background Thread 3 ] DEBUG Engine               - isFileSystemWriteAllowed: true
21:30:25.493 [FXGL Background Thread 3 ] DEBUG Engine               - isFullScreenAllowed: true
21:30:25.493 [FXGL Background Thread 3 ] DEBUG Engine               - isFullScreenFromStart: false
21:30:25.493 [FXGL Background Thread 3 ] DEBUG Engine               - isGameMenuEnabled: true
21:30:25.493 [FXGL Background Thread 3 ] DEBUG Engine               - isIOS: false
21:30:25.493 [FXGL Background Thread 3 ] DEBUG Engine               - isIntroEnabled: false
21:30:25.493 [FXGL Background Thread 3 ] DEBUG Engine               - isLinux: false
21:30:25.493 [FXGL Background Thread 3 ] DEBUG Engine               - isMac: false
21:30:25.493 [FXGL Background Thread 3 ] DEBUG Engine               - isMainMenuEnabled: false
21:30:25.493 [FXGL Background Thread 3 ] DEBUG Engine               - isManualResizeEnabled: false
21:30:25.493 [FXGL Background Thread 3 ] DEBUG Engine               - isMobile: false
21:30:25.493 [FXGL Background Thread 3 ] DEBUG Engine               - isNative: false
21:30:25.493 [FXGL Background Thread 3 ] DEBUG Engine               - isPauseMusicWhenMinimized: true
21:30:25.493 [FXGL Background Thread 3 ] DEBUG Engine               - isPreserveResizeRatio: false
21:30:25.493 [FXGL Background Thread 3 ] DEBUG Engine               - isProfilingEnabled: false
21:30:25.493 [FXGL Background Thread 3 ] DEBUG Engine               - isScaleAffectedOnResize: true
21:30:25.493 [FXGL Background Thread 3 ] DEBUG Engine               - isSingleStep: false
21:30:25.493 [FXGL Background Thread 3 ] DEBUG Engine               - isUserProfileEnabled: false
21:30:25.493 [FXGL Background Thread 3 ] DEBUG Engine               - isWindows: true
21:30:25.493 [FXGL Background Thread 3 ] DEBUG Engine               - language: ObjectProperty [value: ENGLISH]
21:30:25.493 [FXGL Background Thread 3 ] DEBUG Engine               - menuKey: ESCAPE
21:30:25.493 [FXGL Background Thread 3 ] DEBUG Engine               - mouseSensitivity: 0.2
21:30:25.493 [FXGL Background Thread 3 ] DEBUG Engine               - notificationViewClass: class com.almasb.fxgl.notification.view.XboxNotificationView
21:30:25.493 [FXGL Background Thread 3 ] DEBUG Engine               - pixelsPerMeter: 50.0
21:30:25.493 [FXGL Background Thread 3 ] DEBUG Engine               - platform: WINDOWS
21:30:25.493 [FXGL Background Thread 3 ] DEBUG Engine               - prefHeightProperty: ReadOnlyDoubleProperty [value: 720.0]
21:30:25.493 [FXGL Background Thread 3 ] DEBUG Engine               - prefWidthProperty: ReadOnlyDoubleProperty [value: 1280.0]
21:30:25.493 [FXGL Background Thread 3 ] DEBUG Engine               - profileDir: profiles/
21:30:25.493 [FXGL Background Thread 3 ] DEBUG Engine               - profileName: StringProperty [value: DEFAULT]
21:30:25.493 [FXGL Background Thread 3 ] DEBUG Engine               - randomSeed: -1
21:30:25.493 [FXGL Background Thread 3 ] DEBUG Engine               - runtimeInfo: RuntimeInfo(platform=WINDOWS, version=25, build=05.02.2026 22.57)
21:30:25.493 [FXGL Background Thread 3 ] DEBUG Engine               - saveFileExt: sav
21:30:25.493 [FXGL Background Thread 3 ] DEBUG Engine               - scaledHeightProp$fxgl: DoubleProperty [bound, value: 720.0]
21:30:25.494 [FXGL Background Thread 3 ] DEBUG Engine               - scaledWidthProp$fxgl: DoubleProperty [bound, value: 1280.0]
21:30:25.494 [FXGL Background Thread 3 ] DEBUG Engine               - sceneFactory: com.almasb.fxgl.app.scene.SceneFactory@45fb6135
21:30:25.494 [FXGL Background Thread 3 ] DEBUG Engine               - secondsIn24h: 60
21:30:25.494 [FXGL Background Thread 3 ] DEBUG Engine               - soundMenuBack: menu/back.wav
21:30:25.494 [FXGL Background Thread 3 ] DEBUG Engine               - soundMenuPress: menu/press.wav
21:30:25.494 [FXGL Background Thread 3 ] DEBUG Engine               - soundMenuSelect: menu/select.wav
21:30:25.494 [FXGL Background Thread 3 ] DEBUG Engine               - soundNotification: core/notification.wav
21:30:25.494 [FXGL Background Thread 3 ] DEBUG Engine               - stageStyle: DECORATED
21:30:25.494 [FXGL Background Thread 3 ] DEBUG Engine               - supportedLanguages: [ENGLISH, FRENCH, GERMAN, HUNGARIAN, RUSSIAN]
21:30:25.494 [FXGL Background Thread 3 ] DEBUG Engine               - ticksPerSecond: -1
21:30:25.494 [FXGL Background Thread 3 ] DEBUG Engine               - title: Untitled
21:30:25.494 [FXGL Background Thread 3 ] DEBUG Engine               - urlGithub: https://github.com/AlmasB/FXGL
21:30:25.494 [FXGL Background Thread 3 ] DEBUG Engine               - urlLeaderboard: http://fxgl-top.herokuapp.com/
21:30:25.494 [FXGL Background Thread 3 ] DEBUG Engine               - urlPOM: https://raw.githubusercontent.com/AlmasB/FXGL/release/README.md
21:30:25.494 [FXGL Background Thread 3 ] DEBUG Engine               - userAppClass: class Project1Game.Main
21:30:25.494 [FXGL Background Thread 3 ] DEBUG Engine               - version: 0.0
21:30:25.494 [FXGL Background Thread 3 ] DEBUG Engine               - versionCheckDays: 7
21:30:25.494 [FXGL Background Thread 3 ] DEBUG Engine               - width: 1280
21:30:25.494 [FXGL Background Thread 3 ] DEBUG Engine               - Logging services
21:30:25.494 [FXGL Background Thread 3 ] DEBUG Engine               - class com.almasb.fxgl.app.services.FXGLAssetLoaderService
21:30:25.494 [FXGL Background Thread 3 ] DEBUG Engine               - class com.almasb.fxgl.app.FXGLApplication$GameApplicationService
21:30:25.494 [FXGL Background Thread 3 ] DEBUG Engine               - class com.almasb.fxgl.app.services.FXGLDialogService
21:30:25.494 [FXGL Background Thread 3 ] DEBUG Engine               - class com.almasb.fxgl.app.services.IOTaskExecutorService
21:30:25.494 [FXGL Background Thread 3 ] DEBUG Engine               - class com.almasb.fxgl.io.FileSystemService
21:30:25.494 [FXGL Background Thread 3 ] DEBUG Engine               - class com.almasb.fxgl.localization.LocalizationService
21:30:25.494 [FXGL Background Thread 3 ] DEBUG Engine               - class com.almasb.fxgl.app.services.SystemBundleService
21:30:25.494 [FXGL Background Thread 3 ] DEBUG Engine               - class com.almasb.fxgl.profile.SaveLoadService
21:30:25.494 [FXGL Background Thread 3 ] DEBUG Engine               - class com.almasb.fxgl.ui.FXGLUIFactoryServiceProvider
21:30:25.494 [FXGL Background Thread 3 ] DEBUG Engine               - class com.almasb.fxgl.ui.FXGLDialogFactoryServiceProvider
21:30:25.494 [FXGL Background Thread 3 ] DEBUG Engine               - class com.almasb.fxgl.audio.AudioPlayer
21:30:25.494 [FXGL Background Thread 3 ] DEBUG Engine               - class com.almasb.fxgl.notification.impl.NotificationServiceProvider
21:30:25.494 [FXGL Background Thread 3 ] DEBUG Engine               - class com.almasb.fxgl.achievement.AchievementService
21:30:25.494 [FXGL Background Thread 3 ] DEBUG Engine               - class com.almasb.fxgl.cutscene.CutsceneService
21:30:25.494 [FXGL Background Thread 3 ] DEBUG Engine               - class com.almasb.fxgl.minigames.MiniGameService
21:30:25.494 [FXGL Background Thread 3 ] DEBUG Engine               - class com.almasb.fxgl.net.NetService
21:30:25.494 [FXGL Background Thread 3 ] DEBUG Engine               - class com.almasb.fxgl.app.services.UpdaterService
21:30:25.494 [FXGL Background Thread 3 ] DEBUG Engine               - class com.almasb.fxgl.dev.DevService
21:30:27.842 [JavaFX Application Thread] DEBUG FXGL.DefaultMenu     - createContentGameplay()
21:30:28.657 [JavaFX Application Thread] DEBUG FXGL.DefaultMenu     - createContentVideo()
21:30:32.006 [JavaFX Application Thread] DEBUG PrimaryStageWindow   - Pop state: FXGLDefaultMenu
21:30:32.006 [JavaFX Application Thread] DEBUG Input                - Clearing active input actions
21:30:32.007 [JavaFX Application Thread] DEBUG GameApplicationServi - Removing overlay from FXGLDefaultMenu and adding to GameScene
21:30:32.007 [JavaFX Application Thread] DEBUG PrimaryStageWindow   - GameScene <- FXGLDefaultMenu
21:32:45.751 [JavaFX Application Thread] DEBUG PrimaryStageWindow   - Push state: FXGLDefaultMenu
21:32:45.751 [JavaFX Application Thread] DEBUG Input                - Clearing active input actions
21:32:45.752 [JavaFX Application Thread] DEBUG GameApplicationServi - Removing overlay from GameScene and adding to FXGLDefaultMenu
21:32:45.753 [JavaFX Application Thread] DEBUG PrimaryStageWindow   - GameScene -> FXGLDefaultMenu
21:32:46.935 [JavaFX Application Thread] DEBUG Menu                 - fireExit()
21:32:46.938 [JavaFX Application Thread] DEBUG PrimaryStageWindow   - Push state: DialogSubScene
21:32:46.938 [JavaFX Application Thread] DEBUG Input                - Clearing active input actions
21:32:46.938 [JavaFX Application Thread] DEBUG GameApplicationServi - Removing overlay from FXGLDefaultMenu and adding to DialogSubScene
21:32:46.938 [JavaFX Application Thread] DEBUG PrimaryStageWindow   - FXGLDefaultMenu -> DialogSubScene
21:32:47.457 [JavaFX Application Thread] DEBUG PrimaryStageWindow   - Pop state: DialogSubScene
21:32:47.457 [JavaFX Application Thread] DEBUG Input                - Clearing active input actions
21:32:47.457 [JavaFX Application Thread] DEBUG GameApplicationServi - Removing overlay from DialogSubScene and adding to FXGLDefaultMenu
21:32:47.458 [JavaFX Application Thread] DEBUG PrimaryStageWindow   - FXGLDefaultMenu <- DialogSubScene
21:32:47.458 [JavaFX Application Thread] DEBUG FXGLApplication      - Exiting FXGL
21:32:47.458 [JavaFX Application Thread] DEBUG LoopRunner           - Stopping loop
21:32:47.458 [JavaFX Application Thread] DEBUG SystemBundleService  - Saving FXGL system data
21:32:47.459 [JavaFX Application Thread] DEBUG FileSystemAccess     - Writing to: D:\GameDevelop\Project1\system\fxgl.bundle
21:32:47.460 [JavaFX Application Thread] DEBUG Async                - Shutting down background threads
21:32:47.460 [JavaFX Application Thread] DEBUG PrimaryStageWindow   - Closing main window
21:32:47.484 [JavaFX Application Thread] DEBUG Logger               - Closing Logger
