15:35:27.561 [main                     ] DEBUG Logger               - Configured Logger
15:35:27.578 [main                     ] DEBUG GameApplication      - Logging settings
Title: Java Farming Professional
Version: 2.5
Width: 1280
Height: 720
Fullscreen: false
Intro: false
Profiling: false
Single step:false
App Mode: DEVELOPER
Menu Key: ESCAPE
Stage Style: DECORATED
Scene Factory: class com.almasb.fxgl.app.scene.SceneFactory

15:35:28.954 [JavaFX Application Thread] DEBUG FXGLApplication      - Initializing FXGL
15:35:28.960 [JavaFX Application Thread] INFO  Engine               - FXGL-25 (05.02.2026 22.57) on WINDOWS (J:25.0.2 FX:25.0.1)
15:35:28.960 [JavaFX Application Thread] DEBUG Engine               - JRE Vendor Name: Azul Systems, Inc.
15:35:28.960 [JavaFX Application Thread] DEBUG Engine               - Running on OS: Windows 11 version 10.0
15:35:28.960 [JavaFX Application Thread] DEBUG Engine               - Architecture: amd64
15:35:28.961 [JavaFX Application Thread] INFO  Engine               - Source code and latest versions at: https://github.com/AlmasB/FXGL
15:35:28.961 [JavaFX Application Thread] INFO  Engine               -       Ask questions and discuss at: https://github.com/AlmasB/FXGL/discussions
15:35:29.094 [JavaFX Application Thread] DEBUG PrimaryStageWindow   - Creating a JavaFX scene
15:35:29.153 [JavaFX Application Thread] DEBUG PrimaryStageWindow   - Target settings size: 1280.0 x 720.0
15:35:29.154 [JavaFX Application Thread] DEBUG PrimaryStageWindow   - Scaled scene size:    1280.0 x 720.0
15:35:29.154 [JavaFX Application Thread] DEBUG PrimaryStageWindow   - Scaled ratio: (1.0, 1.0)
15:35:29.156 [JavaFX Application Thread] DEBUG PrimaryStageWindow   - Set initial scene to FXGLStartupScene
15:35:29.162 [JavaFX Application Thread] DEBUG PrimaryStageWindow   - Opening main window
15:35:29.623 [JavaFX Application Thread] DEBUG PrimaryStageWindow   - Window border size: (14.4000244140625, 37.5999755859375)
15:35:29.624 [JavaFX Application Thread] DEBUG PrimaryStageWindow   - Scaled size: 1280.0 x 720.0
15:35:29.624 [JavaFX Application Thread] DEBUG PrimaryStageWindow   - Scaled ratio: (1.0, 1.0)
15:35:29.624 [JavaFX Application Thread] DEBUG PrimaryStageWindow   - Scene size: 1280.0 x 720.0
15:35:29.625 [JavaFX Application Thread] DEBUG PrimaryStageWindow   - Stage size: 1294.4000244140625 x 757.5999755859375
15:35:29.643 [FXGL Background Thread 1 ] DEBUG Engine               - Initializing environment variables
15:35:29.784 [FXGL Background Thread 1 ] DEBUG FXGLAssetLoaderServi - User app class for loading assets: class Project1Game.Main
15:35:29.785 [FXGL Background Thread 1 ] DEBUG GameApplicationServi - Applying CSS: fxgl_dark.css
15:35:29.786 [FXGL Background Thread 1 ] DEBUG FXGLAssetLoaderServi - Loading from file system: jar:file:/C:/Users/HP/.m2/repository/com/github/almasb/fxgl/25/fxgl-25.jar!/fxglassets/ui/css/fxgl_dark.css
15:35:29.874 [FXGL Background Thread 1 ] DEBUG GameApplicationServi - Initializing application scenes
15:35:29.977 [FXGL Background Thread 1 ] DEBUG GameWorld            - Game world initialized
15:35:30.082 [FXGL Background Thread 1 ] DEBUG PhysicsWorld         - Physics world initialized: appHeight=720, physics.ppm=50.0
15:35:30.083 [FXGL Background Thread 1 ] DEBUG PhysicsWorld         - Using strategy: BRUTE_FORCE
15:35:30.093 [FXGL Background Thread 1 ] DEBUG GameScene            - Game scene initialized: 1280x720
15:35:30.115 [FXGL Background Thread 1 ] DEBUG FXGL.DefaultMenu     - createMenuBodyGameMenu()
15:35:30.141 [FXGL Background Thread 1 ] DEBUG FXGL.DefaultMenu     - createOptionsMenu()
15:35:30.160 [FXGL Background Thread 1 ] DEBUG FXGLAssetLoaderServi - Loading from file system: jar:file:/C:/Users/HP/.m2/repository/com/github/almasb/fxgl/25/fxgl-25.jar!/fxglassets/textures/particles/smoke.png
15:35:30.291 [FXGL Background Thread 1 ] DEBUG FXGLAssetLoaderServi - Loading from file system: jar:file:/C:/Users/HP/.m2/repository/com/github/almasb/fxgl/25/fxgl-25.jar!/fxglassets/textures/particles/trace_horizontal.png
15:35:30.340 [FXGL Background Thread 1 ] DEBUG GameApplicationServi - Application scenes initialized
15:35:30.359 [FXGL Background Thread 1 ] DEBUG SystemBundleService  - Loading FXGL system data
15:35:30.366 [FXGL Background Thread 1 ] DEBUG FileSystemAccess     - Reading from: D:\projects\helloworld\FarmSimulator\system\fxgl.bundle
15:35:30.378 [FXGL Background Thread 1 ] DEBUG SystemBundleService  - Bundle FXGL: {}
15:35:30.378 [FXGL Background Thread 1 ] DEBUG UpdaterService       - Checking for updates
15:35:30.427 [FXGL Background Thread 4 ] DEBUG FXGLApplication      - Loading fonts
15:35:30.428 [FXGL Background Thread 4 ] DEBUG FXGLAssetLoaderServi - Loading from file system: jar:file:/C:/Users/HP/.m2/repository/com/github/almasb/fxgl/25/fxgl-25.jar!/fxglassets/ui/fonts/VarelaRound-Regular.ttf
15:35:30.429 [FXGL Background Thread 1 ] DEBUG FXGLApplication      - Loading default localization
15:35:30.430 [FXGL Background Thread 1 ] DEBUG FXGLAssetLoaderServi - Loading from file system: jar:file:/C:/Users/HP/.m2/repository/com/github/almasb/fxgl/25/fxgl-25.jar!/fxglassets/languages/english.lang
15:35:30.461 [FXGL Background Thread 1 ] INFO  FXGLApplication      - FXGL initialization took: 0.818 sec
15:35:30.482 [JavaFX Application Thread] DEBUG Input                - Registered new binding: Move Right - D
15:35:30.482 [JavaFX Application Thread] DEBUG Input                - Registered new binding: Move Left - A
15:35:30.482 [JavaFX Application Thread] DEBUG Input                - Registered new binding: Move Up - W
15:35:30.483 [JavaFX Application Thread] DEBUG Input                - Registered new binding: Move Down - S
15:35:30.483 [JavaFX Application Thread] DEBUG Input                - Registered new binding: Interact Action Key - E
15:35:30.483 [JavaFX Application Thread] DEBUG Input                - Registered new binding: Use Tool Keyboard - F
15:35:30.486 [JavaFX Application Thread] DEBUG Input                - Registered new binding: Use Tool Mouse - LMB
15:35:30.486 [JavaFX Application Thread] DEBUG Input                - Registered new binding: Test Quick Water - Q
15:35:30.486 [JavaFX Application Thread] DEBUG Input                - Registered new binding: Close UI Window - R
15:35:30.487 [JavaFX Application Thread] DEBUG Input                - Registered new binding: Toggle Inventory Window - Tab
15:35:30.487 [JavaFX Application Thread] DEBUG Input                - Registered new binding: Quick Save - F5
15:35:30.487 [JavaFX Application Thread] DEBUG Input                - Registered new binding: Quick Load - F9
15:35:30.487 [JavaFX Application Thread] DEBUG Input                - Registered new binding: Select Inventory Slot 1 - 1
15:35:30.488 [JavaFX Application Thread] DEBUG Input                - Registered new binding: Select Inventory Slot 2 - 2
15:35:30.488 [JavaFX Application Thread] DEBUG Input                - Registered new binding: Select Inventory Slot 3 - 3
15:35:30.488 [JavaFX Application Thread] DEBUG Input                - Registered new binding: Select Inventory Slot 4 - 4
15:35:30.488 [JavaFX Application Thread] DEBUG Input                - Registered new binding: Select Inventory Slot 5 - 5
15:35:30.488 [JavaFX Application Thread] DEBUG Input                - Registered new binding: Select Inventory Slot 6 - 6
15:35:30.489 [JavaFX Application Thread] DEBUG Input                - Registered new binding: Select Inventory Slot 7 - 7
15:35:30.489 [JavaFX Application Thread] DEBUG Input                - Registered new binding: Select Inventory Slot 8 - 8
15:35:30.489 [JavaFX Application Thread] DEBUG Input                - Registered new binding: Select Inventory Slot 9 - 9
15:35:30.491 [JavaFX Application Thread] DEBUG FXGLAssetLoaderServi - Loading from file system: jar:file:/C:/Users/HP/.m2/repository/com/github/almasb/fxgl/25/fxgl-25.jar!/fxglassets/textures/fxgl_icon.png
15:35:30.511 [FXGL Background Thread 4 ] DEBUG FXGLAssetLoaderServi - Loading from file system: jar:file:/C:/Users/HP/.m2/repository/com/github/almasb/fxgl/25/fxgl-25.jar!/fxglassets/ui/fonts/Abel-Regular.ttf
15:35:30.517 [JavaFX Application Thread] DEBUG FXGLAssetLoaderServi - Loading from file system: jar:file:/C:/Users/HP/.m2/repository/com/github/almasb/fxgl/25/fxgl-25.jar!/fxglassets/textures/fxgl_default_cursor.png
15:35:30.521 [JavaFX Application Thread] DEBUG Input                - Registered new binding: Screenshot - CTRL+8
15:35:30.522 [JavaFX Application Thread] DEBUG Input                - Registered new binding: Dev Options - 1
15:35:30.523 [JavaFX Application Thread] DEBUG Input                - Registered new binding: Dev Console - 2
15:35:30.524 [JavaFX Application Thread] DEBUG Input                - Registered new binding: System info dump - CTRL+9
15:35:30.525 [JavaFX Application Thread] DEBUG Input                - Registered new binding: Restart - CTRL+R
15:35:30.527 [JavaFX Application Thread] DEBUG Input                - Registered new binding: Toggle Debug Camera - CTRL+7
15:35:30.535 [JavaFX Application Thread] DEBUG LoopRunner           - Starting loop
15:35:30.537 [FXGL Background Thread 4 ] DEBUG FXGLAssetLoaderServi - Loading from file system: jar:file:/C:/Users/HP/.m2/repository/com/github/almasb/fxgl/25/fxgl-25.jar!/fxglassets/ui/fonts/TerminalLandMono-Regular.otf
15:35:30.557 [JavaFX Application Thread] DEBUG LoopRunner           - Initializing JavaFX AnimationTimerLoop
15:35:30.562 [JavaFX Application Thread] DEBUG GameApplicationServi - Starting new game
15:35:30.563 [JavaFX Application Thread] DEBUG Input                - Clearing active input actions
15:35:30.590 [FXGL Background Thread 4 ] DEBUG FXGLAssetLoaderServi - Loading from file system: jar:file:/C:/Users/HP/.m2/repository/com/github/almasb/fxgl/25/fxgl-25.jar!/fxglassets/ui/fonts/Courier-Prime.ttf
15:35:30.607 [JavaFX Application Thread] DEBUG GameApplicationServi - Removing overlay from FXGLStartupScene and adding to FXGLLoadingScene
15:35:30.613 [JavaFX Application Thread] DEBUG PrimaryStageWindow   - FXGLStartupScene -> FXGLLoadingScene
15:35:30.613 [JavaFX Application Thread] DEBUG GameApplicationServi - Clearing previous game
15:35:30.613 [JavaFX Application Thread] DEBUG GameScene            - Clearing game scene
15:35:30.613 [JavaFX Application Thread] DEBUG GameWorld            - Clearing game world
15:35:30.613 [JavaFX Application Thread] DEBUG PhysicsWorld         - Clearing physics world
15:35:30.617 [FXGL Background Thread 1 ] DEBUG FXGLApplication      - Initializing game
15:35:30.682 [FXGL Background Thread 1 ] WARN  TMXLevelLoader       - TiledMap generated from 1.12.0. Supported version: 1.9.0. Some features may not be parsed fully.
15:35:30.829 [FXGL Background Thread 1 ] DEBUG TMXLevelLoader       - Parsed TiledMap: file:/D:/projects/helloworld/FarmSimulator/target/classes/assets/levels/Main_level.tmx
15:35:30.831 [FXGL Background Thread 1 ] DEBUG TMXLevelLoader       - Creating tile layer entities
15:35:30.836 [FXGL Background Thread 1 ] DEBUG TilesetLoader        - Loading view for layer BackgroundLayer
15:35:30.849 [FXGL Background Thread 1 ] DEBUG TilesetLoader        - Created buffer with size 3520.0x2048.0
15:35:31.035 [JavaFX Application Thread] DEBUG FXGLApplication      - Registering font factories with UI factory
15:35:31.074 [FXGL Background Thread 1 ] DEBUG TilesetLoader        - Loading view for layer DecorationLayer
15:35:31.089 [FXGL Background Thread 1 ] DEBUG TilesetLoader        - Created buffer with size 3520.0x2048.0
15:35:31.285 [FXGL Background Thread 1 ] DEBUG TilesetLoader        - Loading view for layer OverheadLayer
15:35:31.298 [FXGL Background Thread 1 ] DEBUG TilesetLoader        - Created buffer with size 3520.0x2048.0
15:35:31.303 [FXGL Background Thread 1 ] DEBUG TMXLevelLoader       - Creating object layer entities
15:35:31.342 [FXGL Background Thread 1 ] DEBUG FXGLAssetLoaderServi - Loading from file system: file:/D:/projects/helloworld/FarmSimulator/target/classes/assets/textures/Player/Carry_Idle/Carry_Idle_Down-Sheet.png
15:35:31.351 [FXGL Background Thread 1 ] DEBUG FXGLAssetLoaderServi - Loading from file system: file:/D:/projects/helloworld/FarmSimulator/target/classes/assets/textures/Player/Carry_Idle/Carry_Idle_Up-Sheet.png
15:35:31.354 [FXGL Background Thread 1 ] DEBUG FXGLAssetLoaderServi - Loading from file system: file:/D:/projects/helloworld/FarmSimulator/target/classes/assets/textures/Player/Carry_Idle/Carry_Idle_Side-Sheet.png
15:35:31.356 [FXGL Background Thread 1 ] DEBUG FXGLAssetLoaderServi - Loading from file system: file:/D:/projects/helloworld/FarmSimulator/target/classes/assets/textures/Player/Carry_Walk/Carry_Walk_Down-Sheet.png
15:35:31.360 [FXGL Background Thread 1 ] DEBUG FXGLAssetLoaderServi - Loading from file system: file:/D:/projects/helloworld/FarmSimulator/target/classes/assets/textures/Player/Carry_Walk/Carry_Walk_Up-Sheet.png
15:35:31.363 [FXGL Background Thread 1 ] DEBUG FXGLAssetLoaderServi - Loading from file system: file:/D:/projects/helloworld/FarmSimulator/target/classes/assets/textures/Player/Carry_Walk/Carry_Walk_Side-Sheet.png
15:35:31.365 [FXGL Background Thread 1 ] DEBUG FXGLAssetLoaderServi - Loading from file system: file:/D:/projects/helloworld/FarmSimulator/target/classes/assets/textures/Player/Carry_Run/Carry_Run_Down-Sheet.png
15:35:31.368 [FXGL Background Thread 1 ] DEBUG FXGLAssetLoaderServi - Loading from file system: file:/D:/projects/helloworld/FarmSimulator/target/classes/assets/textures/Player/Carry_Run/Carry_Run_Up-Sheet.png
15:35:31.371 [FXGL Background Thread 1 ] DEBUG FXGLAssetLoaderServi - Loading from file system: file:/D:/projects/helloworld/FarmSimulator/target/classes/assets/textures/Player/Carry_Run/Carry_Run_Side-Sheet.png
15:35:31.639 [FXGL Background Thread 1 ] DEBUG GameWorld            - Clearing removable entities
15:35:31.641 [FXGL Background Thread 1 ] DEBUG GameWorld            - Setting level: com.almasb.fxgl.entity.level.Level@31a44051
15:35:31.759 [FXGL Background Thread 1 ] DEBUG FXGLAssetLoaderServi - Loading from file system: file:/D:/projects/helloworld/FarmSimulator/target/classes/assets/textures/Crops/soil_1.png
15:35:31.767 [FXGL Background Thread 1 ] DEBUG FXGLAssetLoaderServi - Loading from file system: file:/D:/projects/helloworld/FarmSimulator/target/classes/assets/textures/Crops/rice_1.png
15:35:31.774 [FXGL Background Thread 1 ] DEBUG FXGLAssetLoaderServi - Loading from file system: file:/D:/projects/helloworld/FarmSimulator/target/classes/assets/textures/Crops/rice_3.png
15:35:31.785 [FXGL Background Thread 1 ] DEBUG FXGLAssetLoaderServi - Loading from file system: file:/D:/projects/helloworld/FarmSimulator/target/classes/assets/textures/Crops/soil_2.png
15:35:31.792 [FXGL Background Thread 1 ] DEBUG FXGLAssetLoaderServi - Loading from file system: file:/D:/projects/helloworld/FarmSimulator/target/classes/assets/textures/UI/heart_sprite.png
15:35:31.831 [FXGL Background Thread 1 ] INFO  FXGLApplication      - Game initialization took: 1.213 sec
15:35:31.845 [JavaFX Application Thread] DEBUG Input                - Clearing active input actions
15:35:31.893 [JavaFX Application Thread] DEBUG GameApplicationServi - Removing overlay from FXGLLoadingScene and adding to GameScene
15:35:31.905 [JavaFX Application Thread] DEBUG PrimaryStageWindow   - FXGLLoadingScene -> GameScene
15:35:33.424 [FXGL Background Thread 3 ] DEBUG Engine               - Logging environment variables
15:35:33.427 [FXGL Background Thread 3 ] DEBUG Engine               - achievements: []
15:35:33.427 [FXGL Background Thread 3 ] DEBUG Engine               - actualHeight: 720.0
15:35:33.427 [FXGL Background Thread 3 ] DEBUG Engine               - actualHeightProperty: ReadOnlyDoubleProperty [value: 720.0]
15:35:33.427 [FXGL Background Thread 3 ] DEBUG Engine               - actualWidth: 1280.0
15:35:33.427 [FXGL Background Thread 3 ] DEBUG Engine               - actualWidthProperty: ReadOnlyDoubleProperty [value: 1280.0]
15:35:33.427 [FXGL Background Thread 3 ] DEBUG Engine               - appIcon: fxgl_icon.png
15:35:33.427 [FXGL Background Thread 3 ] DEBUG Engine               - applicationMode: DEVELOPER
15:35:33.427 [FXGL Background Thread 3 ] DEBUG Engine               - cSSList: [fxgl_dark.css]
15:35:33.428 [FXGL Background Thread 3 ] DEBUG Engine               - collisionDetectionStrategy: BRUTE_FORCE
15:35:33.428 [FXGL Background Thread 3 ] DEBUG Engine               - configClass: Optional.empty
15:35:33.428 [FXGL Background Thread 3 ] DEBUG Engine               - credits: []
15:35:33.428 [FXGL Background Thread 3 ] DEBUG Engine               - defaultCursor: CursorInfo(imageName=fxgl_default_cursor.png, hotspotX=7.0, hotspotY=6.0)
15:35:33.429 [FXGL Background Thread 3 ] DEBUG Engine               - devBBoxColorProperty: ObjectProperty [value: 0xff0000ff]
15:35:33.429 [FXGL Background Thread 3 ] DEBUG Engine               - devEnableDebugCameraProperty: BooleanProperty [value: false]
15:35:33.429 [FXGL Background Thread 3 ] DEBUG Engine               - devSensorColorProperty: ObjectProperty [value: 0xffff00ff]
15:35:33.429 [FXGL Background Thread 3 ] DEBUG Engine               - devShowBBoxProperty: BooleanProperty [value: false]
15:35:33.429 [FXGL Background Thread 3 ] DEBUG Engine               - devShowPositionProperty: BooleanProperty [value: false]
15:35:33.429 [FXGL Background Thread 3 ] DEBUG Engine               - enabledMenuItems: []
15:35:33.430 [FXGL Background Thread 3 ] DEBUG Engine               - engineServices: [class com.almasb.fxgl.app.services.FXGLAssetLoaderService, class com.almasb.fxgl.app.FXGLApplication$GameApplicationService, class com.almasb.fxgl.app.services.FXGLDialogService, class com.almasb.fxgl.app.services.IOTaskExecutorService, class com.almasb.fxgl.io.FileSystemService, class com.almasb.fxgl.localization.LocalizationService, class com.almasb.fxgl.app.services.SystemBundleService, class com.almasb.fxgl.profile.SaveLoadService, class com.almasb.fxgl.ui.FXGLUIFactoryServiceProvider, class com.almasb.fxgl.ui.FXGLDialogFactoryServiceProvider, class com.almasb.fxgl.audio.AudioPlayer, class com.almasb.fxgl.notification.impl.NotificationServiceProvider, class com.almasb.fxgl.achievement.AchievementService, class com.almasb.fxgl.cutscene.CutsceneService, class com.almasb.fxgl.minigames.MiniGameService, class com.almasb.fxgl.net.NetService, class com.almasb.fxgl.app.services.UpdaterService, class com.almasb.fxgl.dev.DevService]
15:35:33.430 [FXGL Background Thread 3 ] DEBUG Engine               - fontGame: Abel-Regular.ttf
15:35:33.430 [FXGL Background Thread 3 ] DEBUG Engine               - fontMono: TerminalLandMono-Regular.otf
15:35:33.430 [FXGL Background Thread 3 ] DEBUG Engine               - fontSizeScaleUI: 1.0
15:35:33.430 [FXGL Background Thread 3 ] DEBUG Engine               - fontText: Courier-Prime.ttf
15:35:33.430 [FXGL Background Thread 3 ] DEBUG Engine               - fontUI: VarelaRound-Regular.ttf
15:35:33.431 [FXGL Background Thread 3 ] DEBUG Engine               - fpsRefreshRate: 500.0 ms
15:35:33.431 [FXGL Background Thread 3 ] DEBUG Engine               - fullScreen: BooleanProperty [value: false]
15:35:33.431 [FXGL Background Thread 3 ] DEBUG Engine               - gameDifficulty: MEDIUM
15:35:33.431 [FXGL Background Thread 3 ] DEBUG Engine               - gameDifficultyProperty: ObjectProperty [value: MEDIUM]
15:35:33.431 [FXGL Background Thread 3 ] DEBUG Engine               - globalMusicVolume: 0.5
15:35:33.431 [FXGL Background Thread 3 ] DEBUG Engine               - globalMusicVolumeProperty: DoubleProperty [value: 0.5]
15:35:33.431 [FXGL Background Thread 3 ] DEBUG Engine               - globalSoundVolume: 0.5
15:35:33.431 [FXGL Background Thread 3 ] DEBUG Engine               - globalSoundVolumeProperty: DoubleProperty [value: 0.5]
15:35:33.431 [FXGL Background Thread 3 ] DEBUG Engine               - height: 720
15:35:33.431 [FXGL Background Thread 3 ] DEBUG Engine               - is3D: false
15:35:33.432 [FXGL Background Thread 3 ] DEBUG Engine               - isAndroid: false
15:35:33.432 [FXGL Background Thread 3 ] DEBUG Engine               - isBrowser: false
15:35:33.432 [FXGL Background Thread 3 ] DEBUG Engine               - isClickFeedbackEnabled: false
15:35:33.432 [FXGL Background Thread 3 ] DEBUG Engine               - isCloseConfirmation: false
15:35:33.432 [FXGL Background Thread 3 ] DEBUG Engine               - isDesktop: true
15:35:33.432 [FXGL Background Thread 3 ] DEBUG Engine               - isDeveloperMenuEnabled: true
15:35:33.432 [FXGL Background Thread 3 ] DEBUG Engine               - isEmbedded: false
15:35:33.432 [FXGL Background Thread 3 ] DEBUG Engine               - isEntityPreloadEnabled: true
15:35:33.432 [FXGL Background Thread 3 ] DEBUG Engine               - isExperimentalTiledLargeMap: false
15:35:33.432 [FXGL Background Thread 3 ] DEBUG Engine               - isFileSystemWriteAllowed: true
15:35:33.432 [FXGL Background Thread 3 ] DEBUG Engine               - isFullScreenAllowed: false
15:35:33.433 [FXGL Background Thread 3 ] DEBUG Engine               - isFullScreenFromStart: false
15:35:33.433 [FXGL Background Thread 3 ] DEBUG Engine               - isGameMenuEnabled: true
15:35:33.433 [FXGL Background Thread 3 ] DEBUG Engine               - isIOS: false
15:35:33.433 [FXGL Background Thread 3 ] DEBUG Engine               - isIntroEnabled: false
15:35:33.433 [FXGL Background Thread 3 ] DEBUG Engine               - isLinux: false
15:35:33.433 [FXGL Background Thread 3 ] DEBUG Engine               - isMac: false
15:35:33.433 [FXGL Background Thread 3 ] DEBUG Engine               - isMainMenuEnabled: false
15:35:33.433 [FXGL Background Thread 3 ] DEBUG Engine               - isManualResizeEnabled: false
15:35:33.433 [FXGL Background Thread 3 ] DEBUG Engine               - isMobile: false
15:35:33.433 [FXGL Background Thread 3 ] DEBUG Engine               - isNative: false
15:35:33.433 [FXGL Background Thread 3 ] DEBUG Engine               - isPauseMusicWhenMinimized: true
15:35:33.433 [FXGL Background Thread 3 ] DEBUG Engine               - isPreserveResizeRatio: false
15:35:33.433 [FXGL Background Thread 3 ] DEBUG Engine               - isProfilingEnabled: false
15:35:33.433 [FXGL Background Thread 3 ] DEBUG Engine               - isScaleAffectedOnResize: true
15:35:33.434 [FXGL Background Thread 3 ] DEBUG Engine               - isSingleStep: false
15:35:33.434 [FXGL Background Thread 3 ] DEBUG Engine               - isUserProfileEnabled: false
15:35:33.434 [FXGL Background Thread 3 ] DEBUG Engine               - isWindows: true
15:35:33.434 [FXGL Background Thread 3 ] DEBUG Engine               - language: ObjectProperty [value: ENGLISH]
15:35:33.434 [FXGL Background Thread 3 ] DEBUG Engine               - menuKey: ESCAPE
15:35:33.434 [FXGL Background Thread 3 ] DEBUG Engine               - mouseSensitivity: 0.2
15:35:33.434 [FXGL Background Thread 3 ] DEBUG Engine               - notificationViewClass: class com.almasb.fxgl.notification.view.XboxNotificationView
15:35:33.434 [FXGL Background Thread 3 ] DEBUG Engine               - pixelsPerMeter: 50.0
15:35:33.434 [FXGL Background Thread 3 ] DEBUG Engine               - platform: WINDOWS
15:35:33.434 [FXGL Background Thread 3 ] DEBUG Engine               - prefHeightProperty: ReadOnlyDoubleProperty [value: 720.0]
15:35:33.434 [FXGL Background Thread 3 ] DEBUG Engine               - prefWidthProperty: ReadOnlyDoubleProperty [value: 1280.0]
15:35:33.434 [FXGL Background Thread 3 ] DEBUG Engine               - profileDir: profiles/
15:35:33.435 [FXGL Background Thread 3 ] DEBUG Engine               - profileName: StringProperty [value: DEFAULT]
15:35:33.435 [FXGL Background Thread 3 ] DEBUG Engine               - randomSeed: -1
15:35:33.435 [FXGL Background Thread 3 ] DEBUG Engine               - runtimeInfo: RuntimeInfo(platform=WINDOWS, version=25, build=05.02.2026 22.57)
15:35:33.435 [FXGL Background Thread 3 ] DEBUG Engine               - saveFileExt: sav
15:35:33.435 [FXGL Background Thread 3 ] DEBUG Engine               - scaledHeightProp$fxgl: DoubleProperty [bound, value: 720.0]
15:35:33.435 [FXGL Background Thread 3 ] DEBUG Engine               - scaledWidthProp$fxgl: DoubleProperty [bound, value: 1280.0]
15:35:33.435 [FXGL Background Thread 3 ] DEBUG Engine               - sceneFactory: com.almasb.fxgl.app.scene.SceneFactory@40ea01ad
15:35:33.435 [FXGL Background Thread 3 ] DEBUG Engine               - secondsIn24h: 60
15:35:33.436 [FXGL Background Thread 3 ] DEBUG Engine               - soundMenuBack: menu/back.wav
15:35:33.436 [FXGL Background Thread 3 ] DEBUG Engine               - soundMenuPress: menu/press.wav
15:35:33.436 [FXGL Background Thread 3 ] DEBUG Engine               - soundMenuSelect: menu/select.wav
15:35:33.436 [FXGL Background Thread 3 ] DEBUG Engine               - soundNotification: core/notification.wav
15:35:33.436 [FXGL Background Thread 3 ] DEBUG Engine               - stageStyle: DECORATED
15:35:33.436 [FXGL Background Thread 3 ] DEBUG Engine               - supportedLanguages: [ENGLISH, FRENCH, GERMAN, HUNGARIAN, RUSSIAN]
15:35:33.436 [FXGL Background Thread 3 ] DEBUG Engine               - ticksPerSecond: -1
15:35:33.436 [FXGL Background Thread 3 ] DEBUG Engine               - title: Java Farming Professional
15:35:33.436 [FXGL Background Thread 3 ] DEBUG Engine               - urlGithub: https://github.com/AlmasB/FXGL
15:35:33.436 [FXGL Background Thread 3 ] DEBUG Engine               - urlLeaderboard: http://fxgl-top.herokuapp.com/
15:35:33.437 [FXGL Background Thread 3 ] DEBUG Engine               - urlPOM: https://raw.githubusercontent.com/AlmasB/FXGL/release/README.md
15:35:33.437 [FXGL Background Thread 3 ] DEBUG Engine               - userAppClass: class Project1Game.Main
15:35:33.437 [FXGL Background Thread 3 ] DEBUG Engine               - version: 2.5
15:35:33.437 [FXGL Background Thread 3 ] DEBUG Engine               - versionCheckDays: 7
15:35:33.437 [FXGL Background Thread 3 ] DEBUG Engine               - width: 1280
15:35:33.437 [FXGL Background Thread 3 ] DEBUG Engine               - Logging services
15:35:33.437 [FXGL Background Thread 3 ] DEBUG Engine               - class com.almasb.fxgl.app.services.FXGLAssetLoaderService
15:35:33.437 [FXGL Background Thread 3 ] DEBUG Engine               - class com.almasb.fxgl.app.FXGLApplication$GameApplicationService
15:35:33.437 [FXGL Background Thread 3 ] DEBUG Engine               - class com.almasb.fxgl.app.services.FXGLDialogService
15:35:33.437 [FXGL Background Thread 3 ] DEBUG Engine               - class com.almasb.fxgl.app.services.IOTaskExecutorService
15:35:33.437 [FXGL Background Thread 3 ] DEBUG Engine               - class com.almasb.fxgl.io.FileSystemService
15:35:33.437 [FXGL Background Thread 3 ] DEBUG Engine               - class com.almasb.fxgl.localization.LocalizationService
15:35:33.437 [FXGL Background Thread 3 ] DEBUG Engine               - class com.almasb.fxgl.app.services.SystemBundleService
15:35:33.437 [FXGL Background Thread 3 ] DEBUG Engine               - class com.almasb.fxgl.profile.SaveLoadService
15:35:33.437 [FXGL Background Thread 3 ] DEBUG Engine               - class com.almasb.fxgl.ui.FXGLUIFactoryServiceProvider
15:35:33.437 [FXGL Background Thread 3 ] DEBUG Engine               - class com.almasb.fxgl.ui.FXGLDialogFactoryServiceProvider
15:35:33.439 [FXGL Background Thread 3 ] DEBUG Engine               - class com.almasb.fxgl.audio.AudioPlayer
15:35:33.439 [FXGL Background Thread 3 ] DEBUG Engine               - class com.almasb.fxgl.notification.impl.NotificationServiceProvider
15:35:33.439 [FXGL Background Thread 3 ] DEBUG Engine               - class com.almasb.fxgl.achievement.AchievementService
15:35:33.439 [FXGL Background Thread 3 ] DEBUG Engine               - class com.almasb.fxgl.cutscene.CutsceneService
15:35:33.439 [FXGL Background Thread 3 ] DEBUG Engine               - class com.almasb.fxgl.minigames.MiniGameService
15:35:33.439 [FXGL Background Thread 3 ] DEBUG Engine               - class com.almasb.fxgl.net.NetService
15:35:33.439 [FXGL Background Thread 3 ] DEBUG Engine               - class com.almasb.fxgl.app.services.UpdaterService
15:35:33.439 [FXGL Background Thread 3 ] DEBUG Engine               - class com.almasb.fxgl.dev.DevService
15:35:44.718 [JavaFX Application Thread] DEBUG FXGLApplication      - Exiting FXGL
15:35:44.718 [JavaFX Application Thread] DEBUG LoopRunner           - Stopping loop
15:35:44.719 [JavaFX Application Thread] DEBUG SystemBundleService  - Saving FXGL system data
15:35:44.722 [JavaFX Application Thread] DEBUG FileSystemAccess     - Writing to: D:\projects\helloworld\FarmSimulator\system\fxgl.bundle
15:35:44.725 [JavaFX Application Thread] DEBUG Async                - Shutting down background threads
15:35:44.725 [JavaFX Application Thread] DEBUG PrimaryStageWindow   - Closing main window
15:35:44.739 [JavaFX Application Thread] DEBUG Logger               - Closing Logger
