10:10:38.117 [main                     ] DEBUG Logger               - Configured Logger
10:10:38.122 [main                     ] DEBUG GameApplication      - Logging settings
Title: Untitled
Version: 0.0
Width: 1280
Height: 720
Fullscreen: false
Intro: false
Profiling: false
Single step:false
App Mode: DEVELOPER
Menu Key: ESCAPE
Stage Style: DECORATED
Scene Factory: class com.almasb.fxgl.app.scene.SceneFactory

10:10:38.458 [JavaFX Application Thread] DEBUG FXGLApplication      - Initializing FXGL
10:10:38.461 [JavaFX Application Thread] INFO  Engine               - FXGL-25 (05.02.2026 22.57) on WINDOWS (J:25.0.1 FX:25.0.1)
10:10:38.461 [JavaFX Application Thread] DEBUG Engine               - JRE Vendor Name: Oracle Corporation
10:10:38.461 [JavaFX Application Thread] DEBUG Engine               - Running on OS: Windows 11 version 10.0
10:10:38.461 [JavaFX Application Thread] DEBUG Engine               - Architecture: amd64
10:10:38.461 [JavaFX Application Thread] INFO  Engine               - Source code and latest versions at: https://github.com/AlmasB/FXGL
10:10:38.461 [JavaFX Application Thread] INFO  Engine               -       Ask questions and discuss at: https://github.com/AlmasB/FXGL/discussions
10:10:38.535 [JavaFX Application Thread] DEBUG PrimaryStageWindow   - Creating a JavaFX scene
10:10:38.571 [JavaFX Application Thread] DEBUG PrimaryStageWindow   - Target settings size: 1280.0 x 720.0
10:10:38.571 [JavaFX Application Thread] DEBUG PrimaryStageWindow   - Scaled scene size:    1280.0 x 720.0
10:10:38.571 [JavaFX Application Thread] DEBUG PrimaryStageWindow   - Scaled ratio: (1.0, 1.0)
10:10:38.572 [JavaFX Application Thread] DEBUG PrimaryStageWindow   - Set initial scene to FXGLStartupScene
10:10:38.576 [JavaFX Application Thread] DEBUG PrimaryStageWindow   - Opening main window
10:10:38.857 [JavaFX Application Thread] DEBUG PrimaryStageWindow   - Window border size: (14.4000244140625, 37.5999755859375)
10:10:38.857 [JavaFX Application Thread] DEBUG PrimaryStageWindow   - Scaled size: 1280.0 x 720.0
10:10:38.858 [JavaFX Application Thread] DEBUG PrimaryStageWindow   - Scaled ratio: (1.0, 1.0)
10:10:38.858 [JavaFX Application Thread] DEBUG PrimaryStageWindow   - Scene size: 1280.0 x 720.0
10:10:38.858 [JavaFX Application Thread] DEBUG PrimaryStageWindow   - Stage size: 1294.4000244140625 x 757.5999755859375
10:10:38.865 [FXGL Background Thread 1 ] DEBUG Engine               - Initializing environment variables
10:10:38.910 [FXGL Background Thread 1 ] DEBUG FXGLAssetLoaderServi - User app class for loading assets: class Project1Game.Main
10:10:38.910 [FXGL Background Thread 1 ] DEBUG GameApplicationServi - Applying CSS: fxgl_dark.css
10:10:38.911 [FXGL Background Thread 1 ] DEBUG FXGLAssetLoaderServi - Loading from file system: jar:file:/C:/Users/Admin/.m2/repository/com/github/almasb/fxgl/25/fxgl-25.jar!/fxglassets/ui/css/fxgl_dark.css
10:10:38.949 [FXGL Background Thread 1 ] DEBUG GameApplicationServi - Initializing application scenes
10:10:38.985 [FXGL Background Thread 1 ] DEBUG GameWorld            - Game world initialized
10:10:39.019 [FXGL Background Thread 1 ] DEBUG PhysicsWorld         - Physics world initialized: appHeight=720, physics.ppm=50.0
10:10:39.019 [FXGL Background Thread 1 ] DEBUG PhysicsWorld         - Using strategy: BRUTE_FORCE
10:10:39.023 [FXGL Background Thread 1 ] DEBUG GameScene            - Game scene initialized: 1280x720
10:10:39.034 [FXGL Background Thread 1 ] DEBUG FXGL.DefaultMenu     - createMenuBodyGameMenu()
10:10:39.049 [FXGL Background Thread 1 ] DEBUG FXGL.DefaultMenu     - createOptionsMenu()
10:10:39.059 [FXGL Background Thread 1 ] DEBUG FXGLAssetLoaderServi - Loading from file system: jar:file:/C:/Users/Admin/.m2/repository/com/github/almasb/fxgl/25/fxgl-25.jar!/fxglassets/textures/particles/smoke.png
10:10:39.123 [FXGL Background Thread 1 ] DEBUG FXGLAssetLoaderServi - Loading from file system: jar:file:/C:/Users/Admin/.m2/repository/com/github/almasb/fxgl/25/fxgl-25.jar!/fxglassets/textures/particles/trace_horizontal.png
10:10:39.145 [FXGL Background Thread 1 ] DEBUG GameApplicationServi - Application scenes initialized
10:10:39.156 [FXGL Background Thread 1 ] DEBUG SystemBundleService  - Loading FXGL system data
10:10:39.158 [FXGL Background Thread 1 ] DEBUG FileSystemAccess     - Reading from: D:\GameDevelop\Project1\system\fxgl.bundle
10:10:39.164 [FXGL Background Thread 1 ] DEBUG SystemBundleService  - Bundle FXGL: {}
10:10:39.164 [FXGL Background Thread 1 ] DEBUG UpdaterService       - Checking for updates
10:10:39.185 [FXGL Background Thread 4 ] DEBUG FXGLApplication      - Loading fonts
10:10:39.186 [FXGL Background Thread 4 ] DEBUG FXGLAssetLoaderServi - Loading from file system: jar:file:/C:/Users/Admin/.m2/repository/com/github/almasb/fxgl/25/fxgl-25.jar!/fxglassets/ui/fonts/VarelaRound-Regular.ttf
10:10:39.186 [FXGL Background Thread 1 ] DEBUG FXGLApplication      - Loading default localization
10:10:39.186 [FXGL Background Thread 1 ] DEBUG FXGLAssetLoaderServi - Loading from file system: jar:file:/C:/Users/Admin/.m2/repository/com/github/almasb/fxgl/25/fxgl-25.jar!/fxglassets/languages/english.lang
10:10:39.196 [FXGL Background Thread 1 ] INFO  FXGLApplication      - FXGL initialization took: 0.331 sec
10:10:39.204 [JavaFX Application Thread] DEBUG Input                - Registered new binding: Move Right - D
10:10:39.204 [JavaFX Application Thread] DEBUG Input                - Registered new binding: Move Left - A
10:10:39.204 [JavaFX Application Thread] DEBUG Input                - Registered new binding: Move Up - W
10:10:39.204 [JavaFX Application Thread] DEBUG Input                - Registered new binding: Move Down - S
10:10:39.206 [JavaFX Application Thread] DEBUG Input                - Registered new binding: action0 - R
10:10:39.206 [JavaFX Application Thread] DEBUG Input                - Registered new binding: action1 - F
10:10:39.207 [JavaFX Application Thread] DEBUG Input                - Registered new binding: action2 - E
10:10:39.207 [JavaFX Application Thread] DEBUG Input                - Registered new binding: action3 - 1
10:10:39.207 [JavaFX Application Thread] DEBUG Input                - Registered new binding: action4 - 2
10:10:39.207 [JavaFX Application Thread] DEBUG Input                - Registered new binding: action5 - 3
10:10:39.207 [JavaFX Application Thread] DEBUG Input                - Registered new binding: action6 - 4
10:10:39.209 [JavaFX Application Thread] DEBUG Input                - Registered new binding: action7 - 5
10:10:39.209 [JavaFX Application Thread] DEBUG Input                - Registered new binding: action8 - 6
10:10:39.209 [JavaFX Application Thread] DEBUG Input                - Registered new binding: action9 - 7
10:10:39.209 [JavaFX Application Thread] DEBUG Input                - Registered new binding: action10 - 8
10:10:39.210 [JavaFX Application Thread] DEBUG Input                - Registered new binding: action11 - 9
10:10:39.210 [JavaFX Application Thread] DEBUG Input                - Registered new binding: action12 - Q
10:10:39.210 [JavaFX Application Thread] DEBUG Input                - Registered new binding: action13 - Tab
10:10:39.210 [JavaFX Application Thread] DEBUG FXGLAssetLoaderServi - Loading from file system: jar:file:/C:/Users/Admin/.m2/repository/com/github/almasb/fxgl/25/fxgl-25.jar!/fxglassets/textures/fxgl_icon.png
10:10:39.215 [FXGL Background Thread 4 ] DEBUG FXGLAssetLoaderServi - Loading from file system: jar:file:/C:/Users/Admin/.m2/repository/com/github/almasb/fxgl/25/fxgl-25.jar!/fxglassets/ui/fonts/Abel-Regular.ttf
10:10:39.224 [FXGL Background Thread 4 ] DEBUG FXGLAssetLoaderServi - Loading from file system: jar:file:/C:/Users/Admin/.m2/repository/com/github/almasb/fxgl/25/fxgl-25.jar!/fxglassets/ui/fonts/TerminalLandMono-Regular.otf
10:10:39.226 [JavaFX Application Thread] DEBUG FXGLAssetLoaderServi - Loading from file system: jar:file:/C:/Users/Admin/.m2/repository/com/github/almasb/fxgl/25/fxgl-25.jar!/fxglassets/textures/fxgl_default_cursor.png
10:10:39.228 [JavaFX Application Thread] DEBUG Input                - Registered new binding: Screenshot - CTRL+8
10:10:39.228 [JavaFX Application Thread] DEBUG Input                - Registered new binding: Dev Options - 1
10:10:39.228 [JavaFX Application Thread] DEBUG Input                - Registered new binding: Dev Console - 2
10:10:39.228 [JavaFX Application Thread] DEBUG Input                - Registered new binding: System info dump - CTRL+9
10:10:39.230 [JavaFX Application Thread] DEBUG Input                - Registered new binding: Restart - CTRL+R
10:10:39.230 [JavaFX Application Thread] DEBUG Input                - Registered new binding: Toggle Debug Camera - CTRL+7
10:10:39.233 [JavaFX Application Thread] DEBUG LoopRunner           - Starting loop
10:10:39.235 [FXGL Background Thread 4 ] DEBUG FXGLAssetLoaderServi - Loading from file system: jar:file:/C:/Users/Admin/.m2/repository/com/github/almasb/fxgl/25/fxgl-25.jar!/fxglassets/ui/fonts/Courier-Prime.ttf
10:10:39.243 [JavaFX Application Thread] DEBUG LoopRunner           - Initializing JavaFX AnimationTimerLoop
10:10:39.246 [JavaFX Application Thread] DEBUG GameApplicationServi - Starting new game
10:10:39.246 [JavaFX Application Thread] DEBUG Input                - Clearing active input actions
10:10:39.255 [JavaFX Application Thread] DEBUG GameApplicationServi - Removing overlay from FXGLStartupScene and adding to FXGLLoadingScene
10:10:39.265 [JavaFX Application Thread] DEBUG PrimaryStageWindow   - FXGLStartupScene -> FXGLLoadingScene
10:10:39.265 [JavaFX Application Thread] DEBUG GameApplicationServi - Clearing previous game
10:10:39.265 [JavaFX Application Thread] DEBUG GameScene            - Clearing game scene
10:10:39.265 [JavaFX Application Thread] DEBUG GameWorld            - Clearing game world
10:10:39.265 [JavaFX Application Thread] DEBUG PhysicsWorld         - Clearing physics world
10:10:39.268 [FXGL Background Thread 4 ] DEBUG FXGLApplication      - Initializing game
10:10:39.296 [FXGL Background Thread 4 ] WARN  TMXLevelLoader       - TiledMap generated from 1.12.0. Supported version: 1.9.0. Some features may not be parsed fully.
10:10:39.330 [FXGL Background Thread 4 ] DEBUG TMXLevelLoader       - Parsed TiledMap: file:/D:/GameDevelop/Project1/target/classes/assets/levels/Main_level.tmx
10:10:39.331 [FXGL Background Thread 4 ] DEBUG TMXLevelLoader       - Creating tile layer entities
10:10:39.333 [FXGL Background Thread 4 ] DEBUG TilesetLoader        - Loading view for layer BackgroundLayer
10:10:39.336 [FXGL Background Thread 4 ] DEBUG TilesetLoader        - Created buffer with size 3520.0x2048.0
10:10:39.386 [FXGL Background Thread 4 ] DEBUG TilesetLoader        - Loading view for layer DecorationLayer
10:10:39.390 [FXGL Background Thread 4 ] DEBUG TilesetLoader        - Created buffer with size 3520.0x2048.0
10:10:39.422 [FXGL Background Thread 4 ] DEBUG TilesetLoader        - Loading view for layer OverheadLayer
10:10:39.427 [FXGL Background Thread 4 ] DEBUG TilesetLoader        - Created buffer with size 3520.0x2048.0
10:10:39.429 [FXGL Background Thread 4 ] DEBUG TMXLevelLoader       - Creating object layer entities
10:10:39.439 [JavaFX Application Thread] DEBUG FXGLApplication      - Registering font factories with UI factory
10:10:39.445 [FXGL Background Thread 4 ] DEBUG FXGLAssetLoaderServi - Loading from file system: file:/D:/GameDevelop/Project1/target/classes/assets/textures/Player/Carry_Idle/Carry_Idle_Down-Sheet.png
10:10:39.447 [FXGL Background Thread 4 ] DEBUG FXGLAssetLoaderServi - Loading from file system: file:/D:/GameDevelop/Project1/target/classes/assets/textures/Player/Carry_Idle/Carry_Idle_Up-Sheet.png
10:10:39.448 [FXGL Background Thread 4 ] DEBUG FXGLAssetLoaderServi - Loading from file system: file:/D:/GameDevelop/Project1/target/classes/assets/textures/Player/Carry_Idle/Carry_Idle_Side-Sheet.png
10:10:39.449 [FXGL Background Thread 4 ] DEBUG FXGLAssetLoaderServi - Loading from file system: file:/D:/GameDevelop/Project1/target/classes/assets/textures/Player/Carry_Walk/Carry_Walk_Down-Sheet.png
10:10:39.451 [FXGL Background Thread 4 ] DEBUG FXGLAssetLoaderServi - Loading from file system: file:/D:/GameDevelop/Project1/target/classes/assets/textures/Player/Carry_Walk/Carry_Walk_Up-Sheet.png
10:10:39.453 [FXGL Background Thread 4 ] DEBUG FXGLAssetLoaderServi - Loading from file system: file:/D:/GameDevelop/Project1/target/classes/assets/textures/Player/Carry_Walk/Carry_Walk_Side-Sheet.png
10:10:39.455 [FXGL Background Thread 4 ] DEBUG FXGLAssetLoaderServi - Loading from file system: file:/D:/GameDevelop/Project1/target/classes/assets/textures/Player/Carry_Run/Carry_Run_Down-Sheet.png
10:10:39.456 [FXGL Background Thread 4 ] DEBUG FXGLAssetLoaderServi - Loading from file system: file:/D:/GameDevelop/Project1/target/classes/assets/textures/Player/Carry_Run/Carry_Run_Up-Sheet.png
10:10:39.457 [FXGL Background Thread 4 ] DEBUG FXGLAssetLoaderServi - Loading from file system: file:/D:/GameDevelop/Project1/target/classes/assets/textures/Player/Carry_Run/Carry_Run_Side-Sheet.png
10:10:39.573 [FXGL Background Thread 4 ] DEBUG GameWorld            - Clearing removable entities
10:10:39.574 [FXGL Background Thread 4 ] DEBUG GameWorld            - Setting level: com.almasb.fxgl.entity.level.Level@41cea2a4
10:10:39.603 [FXGL Background Thread 4 ] DEBUG FXGLAssetLoaderServi - Loading from file system: file:/D:/GameDevelop/Project1/target/classes/assets/textures/Crops/soil_1.png
10:10:39.607 [FXGL Background Thread 4 ] DEBUG FXGLAssetLoaderServi - Loading from file system: file:/D:/GameDevelop/Project1/target/classes/assets/textures/Crops/rice_1.png
10:10:39.609 [FXGL Background Thread 4 ] DEBUG FXGLAssetLoaderServi - Loading from file system: file:/D:/GameDevelop/Project1/target/classes/assets/textures/Crops/rice_3.png
10:10:39.610 [FXGL Background Thread 4 ] DEBUG FXGLAssetLoaderServi - Loading from file system: file:/D:/GameDevelop/Project1/target/classes/assets/textures/Crops/soil_2.png
10:10:39.613 [FXGL Background Thread 4 ] DEBUG FXGLAssetLoaderServi - Loading from file system: file:/D:/GameDevelop/Project1/target/classes/assets/textures/UI/heart_sprite.png
10:10:39.615 [FXGL Background Thread 4 ] INFO  FXGLApplication      - Game initialization took: 0.347 sec
10:10:39.624 [JavaFX Application Thread] DEBUG Input                - Clearing active input actions
10:10:39.645 [JavaFX Application Thread] DEBUG GameApplicationServi - Removing overlay from FXGLLoadingScene and adding to GameScene
10:10:39.649 [JavaFX Application Thread] DEBUG PrimaryStageWindow   - FXGLLoadingScene -> GameScene
10:10:42.186 [FXGL Background Thread 3 ] DEBUG Engine               - Logging environment variables
10:10:42.187 [FXGL Background Thread 3 ] DEBUG Engine               - achievements: []
10:10:42.187 [FXGL Background Thread 3 ] DEBUG Engine               - actualHeight: 720.0
10:10:42.187 [FXGL Background Thread 3 ] DEBUG Engine               - actualHeightProperty: ReadOnlyDoubleProperty [value: 720.0]
10:10:42.187 [FXGL Background Thread 3 ] DEBUG Engine               - actualWidth: 1280.0
10:10:42.187 [FXGL Background Thread 3 ] DEBUG Engine               - actualWidthProperty: ReadOnlyDoubleProperty [value: 1280.0]
10:10:42.187 [FXGL Background Thread 3 ] DEBUG Engine               - appIcon: fxgl_icon.png
10:10:42.187 [FXGL Background Thread 3 ] DEBUG Engine               - applicationMode: DEVELOPER
10:10:42.187 [FXGL Background Thread 3 ] DEBUG Engine               - cSSList: [fxgl_dark.css]
10:10:42.187 [FXGL Background Thread 3 ] DEBUG Engine               - collisionDetectionStrategy: BRUTE_FORCE
10:10:42.187 [FXGL Background Thread 3 ] DEBUG Engine               - configClass: Optional.empty
10:10:42.187 [FXGL Background Thread 3 ] DEBUG Engine               - credits: []
10:10:42.187 [FXGL Background Thread 3 ] DEBUG Engine               - defaultCursor: CursorInfo(imageName=fxgl_default_cursor.png, hotspotX=7.0, hotspotY=6.0)
10:10:42.188 [FXGL Background Thread 3 ] DEBUG Engine               - devBBoxColorProperty: ObjectProperty [value: 0xff0000ff]
10:10:42.188 [FXGL Background Thread 3 ] DEBUG Engine               - devEnableDebugCameraProperty: BooleanProperty [value: false]
10:10:42.188 [FXGL Background Thread 3 ] DEBUG Engine               - devSensorColorProperty: ObjectProperty [value: 0xffff00ff]
10:10:42.188 [FXGL Background Thread 3 ] DEBUG Engine               - devShowBBoxProperty: BooleanProperty [value: false]
10:10:42.188 [FXGL Background Thread 3 ] DEBUG Engine               - devShowPositionProperty: BooleanProperty [value: false]
10:10:42.188 [FXGL Background Thread 3 ] DEBUG Engine               - enabledMenuItems: []
10:10:42.188 [FXGL Background Thread 3 ] DEBUG Engine               - engineServices: [class com.almasb.fxgl.app.services.FXGLAssetLoaderService, class com.almasb.fxgl.app.FXGLApplication$GameApplicationService, class com.almasb.fxgl.app.services.FXGLDialogService, class com.almasb.fxgl.app.services.IOTaskExecutorService, class com.almasb.fxgl.io.FileSystemService, class com.almasb.fxgl.localization.LocalizationService, class com.almasb.fxgl.app.services.SystemBundleService, class com.almasb.fxgl.profile.SaveLoadService, class com.almasb.fxgl.ui.FXGLUIFactoryServiceProvider, class com.almasb.fxgl.ui.FXGLDialogFactoryServiceProvider, class com.almasb.fxgl.audio.AudioPlayer, class com.almasb.fxgl.notification.impl.NotificationServiceProvider, class com.almasb.fxgl.achievement.AchievementService, class com.almasb.fxgl.cutscene.CutsceneService, class com.almasb.fxgl.minigames.MiniGameService, class com.almasb.fxgl.net.NetService, class com.almasb.fxgl.app.services.UpdaterService, class com.almasb.fxgl.dev.DevService]
10:10:42.188 [FXGL Background Thread 3 ] DEBUG Engine               - fontGame: Abel-Regular.ttf
10:10:42.188 [FXGL Background Thread 3 ] DEBUG Engine               - fontMono: TerminalLandMono-Regular.otf
10:10:42.188 [FXGL Background Thread 3 ] DEBUG Engine               - fontSizeScaleUI: 1.0
10:10:42.188 [FXGL Background Thread 3 ] DEBUG Engine               - fontText: Courier-Prime.ttf
10:10:42.188 [FXGL Background Thread 3 ] DEBUG Engine               - fontUI: VarelaRound-Regular.ttf
10:10:42.188 [FXGL Background Thread 3 ] DEBUG Engine               - fpsRefreshRate: 500.0 ms
10:10:42.188 [FXGL Background Thread 3 ] DEBUG Engine               - fullScreen: BooleanProperty [value: false]
10:10:42.188 [FXGL Background Thread 3 ] DEBUG Engine               - gameDifficulty: MEDIUM
10:10:42.188 [FXGL Background Thread 3 ] DEBUG Engine               - gameDifficultyProperty: ObjectProperty [value: MEDIUM]
10:10:42.188 [FXGL Background Thread 3 ] DEBUG Engine               - globalMusicVolume: 0.5
10:10:42.188 [FXGL Background Thread 3 ] DEBUG Engine               - globalMusicVolumeProperty: DoubleProperty [value: 0.5]
10:10:42.188 [FXGL Background Thread 3 ] DEBUG Engine               - globalSoundVolume: 0.5
10:10:42.188 [FXGL Background Thread 3 ] DEBUG Engine               - globalSoundVolumeProperty: DoubleProperty [value: 0.5]
10:10:42.188 [FXGL Background Thread 3 ] DEBUG Engine               - height: 720
10:10:42.188 [FXGL Background Thread 3 ] DEBUG Engine               - is3D: false
10:10:42.188 [FXGL Background Thread 3 ] DEBUG Engine               - isAndroid: false
10:10:42.188 [FXGL Background Thread 3 ] DEBUG Engine               - isBrowser: false
10:10:42.188 [FXGL Background Thread 3 ] DEBUG Engine               - isClickFeedbackEnabled: false
10:10:42.188 [FXGL Background Thread 3 ] DEBUG Engine               - isCloseConfirmation: false
10:10:42.188 [FXGL Background Thread 3 ] DEBUG Engine               - isDesktop: true
10:10:42.188 [FXGL Background Thread 3 ] DEBUG Engine               - isDeveloperMenuEnabled: true
10:10:42.188 [FXGL Background Thread 3 ] DEBUG Engine               - isEmbedded: false
10:10:42.188 [FXGL Background Thread 3 ] DEBUG Engine               - isEntityPreloadEnabled: true
10:10:42.188 [FXGL Background Thread 3 ] DEBUG Engine               - isExperimentalTiledLargeMap: false
10:10:42.188 [FXGL Background Thread 3 ] DEBUG Engine               - isFileSystemWriteAllowed: true
10:10:42.188 [FXGL Background Thread 3 ] DEBUG Engine               - isFullScreenAllowed: false
10:10:42.188 [FXGL Background Thread 3 ] DEBUG Engine               - isFullScreenFromStart: false
10:10:42.188 [FXGL Background Thread 3 ] DEBUG Engine               - isGameMenuEnabled: true
10:10:42.188 [FXGL Background Thread 3 ] DEBUG Engine               - isIOS: false
10:10:42.188 [FXGL Background Thread 3 ] DEBUG Engine               - isIntroEnabled: false
10:10:42.188 [FXGL Background Thread 3 ] DEBUG Engine               - isLinux: false
10:10:42.188 [FXGL Background Thread 3 ] DEBUG Engine               - isMac: false
10:10:42.188 [FXGL Background Thread 3 ] DEBUG Engine               - isMainMenuEnabled: false
10:10:42.188 [FXGL Background Thread 3 ] DEBUG Engine               - isManualResizeEnabled: false
10:10:42.188 [FXGL Background Thread 3 ] DEBUG Engine               - isMobile: false
10:10:42.188 [FXGL Background Thread 3 ] DEBUG Engine               - isNative: false
10:10:42.188 [FXGL Background Thread 3 ] DEBUG Engine               - isPauseMusicWhenMinimized: true
10:10:42.188 [FXGL Background Thread 3 ] DEBUG Engine               - isPreserveResizeRatio: false
10:10:42.188 [FXGL Background Thread 3 ] DEBUG Engine               - isProfilingEnabled: false
10:10:42.188 [FXGL Background Thread 3 ] DEBUG Engine               - isScaleAffectedOnResize: true
10:10:42.188 [FXGL Background Thread 3 ] DEBUG Engine               - isSingleStep: false
10:10:42.188 [FXGL Background Thread 3 ] DEBUG Engine               - isUserProfileEnabled: false
10:10:42.188 [FXGL Background Thread 3 ] DEBUG Engine               - isWindows: true
10:10:42.188 [FXGL Background Thread 3 ] DEBUG Engine               - language: ObjectProperty [value: ENGLISH]
10:10:42.188 [FXGL Background Thread 3 ] DEBUG Engine               - menuKey: ESCAPE
10:10:42.188 [FXGL Background Thread 3 ] DEBUG Engine               - mouseSensitivity: 0.2
10:10:42.188 [FXGL Background Thread 3 ] DEBUG Engine               - notificationViewClass: class com.almasb.fxgl.notification.view.XboxNotificationView
10:10:42.188 [FXGL Background Thread 3 ] DEBUG Engine               - pixelsPerMeter: 50.0
10:10:42.188 [FXGL Background Thread 3 ] DEBUG Engine               - platform: WINDOWS
10:10:42.188 [FXGL Background Thread 3 ] DEBUG Engine               - prefHeightProperty: ReadOnlyDoubleProperty [value: 720.0]
10:10:42.190 [FXGL Background Thread 3 ] DEBUG Engine               - prefWidthProperty: ReadOnlyDoubleProperty [value: 1280.0]
10:10:42.190 [FXGL Background Thread 3 ] DEBUG Engine               - profileDir: profiles/
10:10:42.190 [FXGL Background Thread 3 ] DEBUG Engine               - profileName: StringProperty [value: DEFAULT]
10:10:42.190 [FXGL Background Thread 3 ] DEBUG Engine               - randomSeed: -1
10:10:42.190 [FXGL Background Thread 3 ] DEBUG Engine               - runtimeInfo: RuntimeInfo(platform=WINDOWS, version=25, build=05.02.2026 22.57)
10:10:42.190 [FXGL Background Thread 3 ] DEBUG Engine               - saveFileExt: sav
10:10:42.190 [FXGL Background Thread 3 ] DEBUG Engine               - scaledHeightProp$fxgl: DoubleProperty [bound, value: 720.0]
10:10:42.190 [FXGL Background Thread 3 ] DEBUG Engine               - scaledWidthProp$fxgl: DoubleProperty [bound, value: 1280.0]
10:10:42.190 [FXGL Background Thread 3 ] DEBUG Engine               - sceneFactory: com.almasb.fxgl.app.scene.SceneFactory@7890cf0f
10:10:42.190 [FXGL Background Thread 3 ] DEBUG Engine               - secondsIn24h: 60
10:10:42.190 [FXGL Background Thread 3 ] DEBUG Engine               - soundMenuBack: menu/back.wav
10:10:42.190 [FXGL Background Thread 3 ] DEBUG Engine               - soundMenuPress: menu/press.wav
10:10:42.190 [FXGL Background Thread 3 ] DEBUG Engine               - soundMenuSelect: menu/select.wav
10:10:42.190 [FXGL Background Thread 3 ] DEBUG Engine               - soundNotification: core/notification.wav
10:10:42.190 [FXGL Background Thread 3 ] DEBUG Engine               - stageStyle: DECORATED
10:10:42.190 [FXGL Background Thread 3 ] DEBUG Engine               - supportedLanguages: [ENGLISH, FRENCH, GERMAN, HUNGARIAN, RUSSIAN]
10:10:42.190 [FXGL Background Thread 3 ] DEBUG Engine               - ticksPerSecond: -1
10:10:42.190 [FXGL Background Thread 3 ] DEBUG Engine               - title: Untitled
10:10:42.190 [FXGL Background Thread 3 ] DEBUG Engine               - urlGithub: https://github.com/AlmasB/FXGL
10:10:42.190 [FXGL Background Thread 3 ] DEBUG Engine               - urlLeaderboard: http://fxgl-top.herokuapp.com/
10:10:42.190 [FXGL Background Thread 3 ] DEBUG Engine               - urlPOM: https://raw.githubusercontent.com/AlmasB/FXGL/release/README.md
10:10:42.190 [FXGL Background Thread 3 ] DEBUG Engine               - userAppClass: class Project1Game.Main
10:10:42.190 [FXGL Background Thread 3 ] DEBUG Engine               - version: 0.0
10:10:42.190 [FXGL Background Thread 3 ] DEBUG Engine               - versionCheckDays: 7
10:10:42.190 [FXGL Background Thread 3 ] DEBUG Engine               - width: 1280
10:10:42.190 [FXGL Background Thread 3 ] DEBUG Engine               - Logging services
10:10:42.190 [FXGL Background Thread 3 ] DEBUG Engine               - class com.almasb.fxgl.app.services.FXGLAssetLoaderService
10:10:42.190 [FXGL Background Thread 3 ] DEBUG Engine               - class com.almasb.fxgl.app.FXGLApplication$GameApplicationService
10:10:42.190 [FXGL Background Thread 3 ] DEBUG Engine               - class com.almasb.fxgl.app.services.FXGLDialogService
10:10:42.190 [FXGL Background Thread 3 ] DEBUG Engine               - class com.almasb.fxgl.app.services.IOTaskExecutorService
10:10:42.190 [FXGL Background Thread 3 ] DEBUG Engine               - class com.almasb.fxgl.io.FileSystemService
10:10:42.190 [FXGL Background Thread 3 ] DEBUG Engine               - class com.almasb.fxgl.localization.LocalizationService
10:10:42.190 [FXGL Background Thread 3 ] DEBUG Engine               - class com.almasb.fxgl.app.services.SystemBundleService
10:10:42.190 [FXGL Background Thread 3 ] DEBUG Engine               - class com.almasb.fxgl.profile.SaveLoadService
10:10:42.190 [FXGL Background Thread 3 ] DEBUG Engine               - class com.almasb.fxgl.ui.FXGLUIFactoryServiceProvider
10:10:42.190 [FXGL Background Thread 3 ] DEBUG Engine               - class com.almasb.fxgl.ui.FXGLDialogFactoryServiceProvider
10:10:42.190 [FXGL Background Thread 3 ] DEBUG Engine               - class com.almasb.fxgl.audio.AudioPlayer
10:10:42.190 [FXGL Background Thread 3 ] DEBUG Engine               - class com.almasb.fxgl.notification.impl.NotificationServiceProvider
10:10:42.190 [FXGL Background Thread 3 ] DEBUG Engine               - class com.almasb.fxgl.achievement.AchievementService
10:10:42.190 [FXGL Background Thread 3 ] DEBUG Engine               - class com.almasb.fxgl.cutscene.CutsceneService
10:10:42.190 [FXGL Background Thread 3 ] DEBUG Engine               - class com.almasb.fxgl.minigames.MiniGameService
10:10:42.190 [FXGL Background Thread 3 ] DEBUG Engine               - class com.almasb.fxgl.net.NetService
10:10:42.190 [FXGL Background Thread 3 ] DEBUG Engine               - class com.almasb.fxgl.app.services.UpdaterService
10:10:42.190 [FXGL Background Thread 3 ] DEBUG Engine               - class com.almasb.fxgl.dev.DevService
10:10:43.371 [JavaFX Application Thread] DEBUG FXGLAssetLoaderServi - Loading from file system: file:/D:/GameDevelop/Project1/target/classes/assets/textures/Crops/vectoraith_tileset_farmingsims_crops_dense_spring_32x32.png
10:17:06.408 [JavaFX Application Thread] DEBUG FXGLApplication      - Exiting FXGL
10:17:06.409 [JavaFX Application Thread] DEBUG LoopRunner           - Stopping loop
10:17:06.410 [JavaFX Application Thread] DEBUG SystemBundleService  - Saving FXGL system data
10:17:06.413 [JavaFX Application Thread] DEBUG FileSystemAccess     - Writing to: D:\GameDevelop\Project1\system\fxgl.bundle
10:17:06.415 [JavaFX Application Thread] DEBUG Async                - Shutting down background threads
10:17:06.415 [JavaFX Application Thread] DEBUG PrimaryStageWindow   - Closing main window
10:17:06.423 [JavaFX Application Thread] DEBUG Logger               - Closing Logger
